Warning(sock.c:516): connect locally (/global/homes/b/bpeck/.aos/tmp/nid001972/scheduler) failed: Invalid argument. 
/global/cfs/cdirs/ulens/vismcao/maos -o studies/reduced_ngs/9_lgs/8mag_lgs/3250count -c master_files/reduced_ngs/9_lgs/8mag_lgs/kola_3250act.conf -O 
Output folder is 'studies/reduced_ngs/9_lgs/8mag_lgs/3250count'.
SRC: /global/homes/b/bpeck/code/maos v2.9 4c88b7c2 2024-11-13 16:45:33 -0800
BUILT: /global/homes/b/bpeck/code/maos/optim by GCC (v12) on 2024/11/18 09:40:03 CPU(F64,+O3) with CUDA(v122,F32)
Launched at 2025/02/17 15:06:04 in nid001972 with PID 1693576.
The web based job monitor can be accessed at http://localhost:10300
Main config file is /global/cfs/cdirs/ulens/vismcao/master_files/reduced_ngs/9_lgs/8mag_lgs/kola_3250act.conf
Warning(path.c:48): Path not found: path=/global/cfs/cdirs/ulens/vismcao/master_files/reduced_ngs/9_lgs/8mag_lgs/bin; abspath=/global/cfs/cdirs/ulens/vismcao/master_files/reduced_ngs/9_lgs/8mag_lgs/bin; Ignored.
Warning(path.c:48): Path not found: path=/global/cfs/cdirs/ulens/vismcao/master_files/reduced_ngs/9_lgs/8mag_lgs/atm; abspath=/global/cfs/cdirs/ulens/vismcao/master_files/reduced_ngs/9_lgs/8mag_lgs/atm; Ignored.
Warning(readcfg.c:399): sim.apfsm has been renamed to powfs.apfsm.
Warning(readcfg.c:399): sim.epfsm has been renamed to powfs.epfsm.
Warning(readcfg.c:399): sim.alfsm has been renamed to powfs.alfsm.
Warning(readcfg.c:399): sim.commonfsm has been renamed to powfs.commonfsm.
Warning(readcfg.c:399): sim.idealfsm has been renamed to powfs.idealfsm.
Warning(readcfg.c:399): sim.zetafsm has been renamed to powfs.zetafsm.
Warning(readcfg.c:399): sim.f0fsm has been renamed to powfs.f0fsm.
Warning(readcfg.c:399): tsurf has been renamed to ncpa.tsurf.
loaded 132 (132 new) records from '/global/cfs/cdirs/ulens/vismcao/./keck_sim.conf'
loaded  19 ( 19 new) records from '/global/cfs/cdirs/ulens/vismcao/./dm_none.conf'
loaded  19 (  0 new) records from '/global/cfs/cdirs/ulens/vismcao/./keck_ASM.conf'
loaded  19 (  0 new) records from '/global/cfs/cdirs/ulens/vismcao/./keck_DM2.conf'
loaded  19 (  0 new) records from '/global/cfs/cdirs/ulens/vismcao/./keck_DM3.conf'
loaded   0 (  0 new) records from '/global/cfs/cdirs/ulens/vismcao/./keck_dm_multiple.conf'
loaded   7 (  5 new) records from '/global/cfs/cdirs/ulens/vismcao/./atm_mk13n50p_ground_detail.conf'
loaded  76 ( 69 new) records from '/global/homes/b/bpeck/code/maos/config/maos/powfs_common.conf'
loaded  44 ( 38 new) records from '/global/cfs/cdirs/ulens/vismcao/./powfs_none.conf'
loaded  44 (  0 new) records from '/global/cfs/cdirs/ulens/vismcao/./keck_shwfs_lgs.conf'
loaded  44 (  0 new) records from '/global/cfs/cdirs/ulens/vismcao/./keck_shwfs_ttf_strap.conf'
loaded  44 (  0 new) records from '/global/cfs/cdirs/ulens/vismcao/./keck_shwfs_twfs_lbwfs.conf'
loaded   0 (  0 new) records from '/global/cfs/cdirs/ulens/vismcao/./keck_wfs_lgs_strap_lbwfs.conf'
loaded  71 ( 71 new) records from '/global/cfs/cdirs/ulens/vismcao/./keck_recon.conf'
Warning(readcfg.c:399): dbg.na_smooth has been renamed to powfs0_llt.na_smooth.
Warning(readcfg.c:399): dbg.na_interp has been renamed to powfs0_llt.na_interp.
Warning(readcfg.c:399): dbg.na_thres has been renamed to powfs0_llt.na_thres.
Warning(readcfg.c:399): dbg.na_fit_maxit has been renamed to powfs0_llt.na_fit_maxit.
Warning(readcfg.c:399): dbg.na_fit_svdthres has been renamed to powfs0_llt.na_fit_svdthres.
Warning(readcfg.c:399): dbg.na_fit_dh has been renamed to powfs0_llt.na_fit_dh.
Warning(readcfg.c:399): dbg.ncpa_preload has been renamed to ncpa.preload.
Warning(readcfg.c:399): dbg.ncpa_rmsci has been renamed to ncpa.rmsci.
Warning(readcfg.c:399): dbg.draw_opdmax has been renamed to plot.opdmax.
Warning(readcfg.c:399): dbg.draw_gmax has been renamed to plot.gmax.
loaded  95 ( 93 new) records from '/global/cfs/cdirs/ulens/vismcao/./keck_dbg.conf'
loaded   4 (  4 new) records from '/global/cfs/cdirs/ulens/vismcao/./keck_fit_mcao.conf'
Warning(readcfg.c:399): surf has been renamed to ncpa.surf.
loaded  39 (  7 new) records from '/global/cfs/cdirs/ulens/vismcao/master_files/reduced_ngs/9_lgs/8mag_lgs/kola_3250act.conf'
loaded   0 (  0 new) records from 'command line'
loaded  24 ( 18 new) records from '/global/cfs/cdirs/ulens/vismcao/./keck_llt_CL.conf'
Adjust LGS range by telescope altitude 4145m.
Zenith angle is 30 degree.
    Scaling turbulence height and LGS hs by sec(za).
    Scaling r0 by cos(za)^(3/5).
    Scaling wind speed and LGS signal level by cos(za).
powfs0: Adjusting dx from 0.0078125 to 0.00777273. 
powfs0.llt.fsm: f0=0 Hz, LPF ep=0
powfs0.epfsm is set to 0.517618 (auto)
powfs2: Adjusting dx from 0.03125 to 0.0312778. 
powfs2 is TWFS for powfs0
sim.ephi is set to 0.427717 (auto)
sim.eplo is set to 0.427717 (auto)
Warning(parms.c:2296): Layer 1 at 17.3205m is very close to layer 0 at 0m (OK).
Warning(parms.c:2296): Layer 2 at 34.641m is very close to layer 1 at 17.3205m (OK).
Warning(parms.c:2296): Layer 3 at 51.9615m is very close to layer 2 at 34.641m (OK).
dm 0: stroke=30 um is provided in micron.
dm 0: assume ia stroke=2 um is provided in micron.
dm 1: stroke=7 um is provided in micron.
dm 1: assume ia stroke=2 um is provided in micron.
dm 2: stroke=7 um is provided in micron.
dm 2: assume ia stroke=2 um is provided in micron.
Focus blending is not implemented yet for integrated tomography
parms->sim.mffocus is reset to 0
There are 1 valid simulation seeds:  1
Output PSF for 1 directions
Used 449 of 456 supplied keys
Warning(readcfg.c:158): key "dbg.pwfs_flate" is not recognized, value is 0
Warning(readcfg.c:158): key "dbg.pwfs_flatv" is not recognized, value is 0
Warning(readcfg.c:158): key "dbg.pwfs_psx" is not recognized, value is [0 0 0 0]
Warning(readcfg.c:158): key "dbg.pwfs_psy" is not recognized, value is [0 0 0 0]
Warning(readcfg.c:158): key "dbg.pwfs_pupelong" is not recognized, value is 0
Warning(readcfg.c:158): key "dbg.pwfs_raw" is not recognized, value is 0
Warning(readcfg.c:158): key "dbg.pwfs_side" is not recognized, value is 4
[00;00mAperture[00;00m is 11 m with sampling 1/128 m
[00;00mTurbulence at 30 degree zenith angle:[00;00m r0=0.128424m, L0=30m, 14 layers.
    Greenwood freq is 25.1Hz, anisoplanatic angle is 1.58 as
    Sampled 8192x8192 at 1/128m. wind dir is randomized.
    layer 0: ht=      0 m, wt= 0.302, ws=  4.8 m/s
    layer 1: ht=     17 m, wt= 0.154, ws=  5.0 m/s
    layer 2: ht=     35 m, wt= 0.041, ws=  5.4 m/s
    layer 3: ht=     52 m, wt= 0.002, ws=  6.6 m/s
    layer 4: ht=    139 m, wt= 0.021, ws=  6.1 m/s
    layer 5: ht=    231 m, wt= 0.010, ws=  6.1 m/s
    layer 6: ht=    323 m, wt= 0.008, ws=  6.1 m/s
    layer 7: ht=    416 m, wt= 0.005, ws=  6.1 m/s
    layer 8: ht=    508 m, wt= 0.001, ws=  6.1 m/s
    layer 9: ht=    932 m, wt= 0.107, ws=  5.6 m/s
    layer 10: ht=   5022 m, wt= 0.144, ws= 11.1 m/s
    layer 11: ht=   9238 m, wt= 0.093, ws= 19.1 m/s
    layer 12: ht=  13856 m, wt= 0.075, ws=  8.2 m/s
    layer 13: ht=  22518 m, wt= 0.036, ws=  4.8 m/s
[00;00mReconstruction[00;00m: r0=0.128424m L0=30m. 14 layers. use cone coordinate.
    layer 0: ht=      0 m, wt= 0.302
    layer 1: ht=     17 m, wt= 0.154
    layer 2: ht=     35 m, wt= 0.041
    layer 3: ht=     52 m, wt= 0.002
    layer 4: ht=    139 m, wt= 0.021
    layer 5: ht=    231 m, wt= 0.010
    layer 6: ht=    323 m, wt= 0.008
    layer 7: ht=    416 m, wt= 0.005
    layer 8: ht=    508 m, wt= 0.001
    layer 9: ht=    932 m, wt= 0.107
    layer 10: ht=   5022 m, wt= 0.144
    layer 11: ht=   9238 m, wt= 0.093
    layer 12: ht=  13856 m, wt= 0.075
    layer 13: ht=  22518 m, wt= 0.036
[00;00mThere are 3 powfs[00;00m
  powfs0: Order 65, LGS at 99.1 km. Sampling 1/128.655 m. Thres 30%. [00;00mT/T is removed in right hand side in tomography.[00;00m
    CCD image is 25x25 @ 500x500 mas, blur 27% (sigma), 1500Hz, wvl: [ 5.89e-07]
    Gtilt in reconstruction. Physical optics start at 0 with [00;00m'matched filter'[00;00m [00;00m(noisy)[00;00m
  powfs1: Order  2, NGS at inf km. Sampling 1/16 m. Thres 30%. 
    Ztilt in reconstruction. Geomtric optics start at 2 with ztilt [00;00m(noisy)[00;00m
  powfs2: Order 20, NGS at inf km. Sampling 1/31.9716 m. Thres 50%. 
    CCD image is 4x4 @ 1500x1500 mas, blur 0% (sigma), 0.015Hz, wvl: [ 7.2e-07]
    Gtilt in reconstruction. Geomtric optics start at 50 with gtilt Physical optics start at 0 with [00;00m'matched filter'[00;00m [00;00m(noisy)[00;00m
[00;00mThere are 13 wfs[00;00m
    wfs 0: type 0, at (  30.00,    0.00) arcsec,  99 km, siglev is 35.061 bkgrnd is 0.1
    wfs 1: type 0, at (  22.98,   19.28) arcsec,  99 km, siglev is 35.061 bkgrnd is 0.1
    wfs 2: type 0, at (   5.21,   29.54) arcsec,  99 km, siglev is 35.061 bkgrnd is 0.1
    wfs 3: type 0, at ( -15.00,   25.98) arcsec,  99 km, siglev is 35.061 bkgrnd is 0.1
    wfs 4: type 0, at ( -28.19,   10.26) arcsec,  99 km, siglev is 35.061 bkgrnd is 0.1
    wfs 5: type 0, at ( -28.19,  -10.26) arcsec,  99 km, siglev is 35.061 bkgrnd is 0.1
    wfs 6: type 0, at ( -15.00,  -25.98) arcsec,  99 km, siglev is 35.061 bkgrnd is 0.1
    wfs 7: type 0, at (   5.21,  -29.54) arcsec,  99 km, siglev is 35.061 bkgrnd is 0.1
    wfs 8: type 0, at (  22.98,  -19.28) arcsec,  99 km, siglev is 35.061 bkgrnd is 0.1
    wfs 9: type 1, at (   5.00,    8.66) arcsec, inf km, siglev is 42387.6 bkgrnd is 1.056
    wfs 10: type 1, at ( -10.00,    0.00) arcsec, inf km, siglev is 42387.6 bkgrnd is 1.056
    wfs 11: type 1, at (   5.00,   -8.66) arcsec, inf km, siglev is 42387.6 bkgrnd is 1.056
    wfs 12: type 2, at (   0.00,    0.00) arcsec, inf km, siglev is 4.1558e+06 bkgrnd is 0.001
[00;00mThere are 3 DMs[00;00m
  DM 0 at -0.1km, actuator pitch 0.171m, offset   0, with 30.000000 micron stroke.
    Normalized cubic influence function with inter-actuator coupling of 0.223
  DM 1 at    6km, actuator pitch 0.168m, offset   0, with 7.000000 micron stroke.
    Normalized cubic influence function with inter-actuator coupling of 0.223
  DM 2 at   10km, actuator pitch 0.168m, offset   0, with 7.000000 micron stroke.
    Normalized cubic influence function with inter-actuator coupling of 0.223
[00;00mTomography[00;00m is using CG, with [00;00mFourer Domain[00;00m preconditioner, [00;00m12[00;00m iterations, integrated tomo.
[00;00mDM Fitting [00;00mis using CG, with [00;00mNo[00;00m preconditioner, [00;00m10[00;00m iterations
[00;00mThere are 9 fit directions[00;00m
    Fit 0: weight is 0.444, at (   0.00,    0.00) arcsec
    Fit 1: weight is 0.111, at (  15.00,    0.00) arcsec
    Fit 2: weight is 0.111, at (   0.00,   15.00) arcsec
    Fit 3: weight is 0.111, at ( -15.00,    0.00) arcsec
    Fit 4: weight is 0.111, at (   0.00,  -15.00) arcsec
    Fit 5: weight is 0.028, at (  15.00,   15.00) arcsec
    Fit 6: weight is 0.028, at ( -15.00,   15.00) arcsec
    Fit 7: weight is 0.028, at ( -15.00,  -15.00) arcsec
    Fit 8: weight is 0.028, at (  15.00,  -15.00) arcsec
[00;00mThere are 1 evaluation directions[00;00m at sampling 1/128 m.
    Evl 0: weight is 1.000, at (   0.00,    0.00) arcsec
[00;00mSimulation[00;00m start at step 0, end at step 1600, with time step 1/1500s, [00;00mclose loop[00;00m.
After setup_parms:	120.6 MiB.
Warning(sock.c:516): connect locally (/global/homes/b/bpeck/.aos/tmp/nid001972/scheduler) failed: Invalid argument. 
CUDA: minimum memory requirement is 0.3GB
GPU 0 is NVIDIA A100-SXM4-40GB with arch 8.0, 38.9GB free, 39.3GB total device memory.
Using GPU 0
Use 1 GPUs for WFS Tomo Fit Evl

*** Preparation started at 2025/02/17 15:06:05 in nid001972. ***

Using OpenMP version 201511 with 128 threads
Reading aperture amplitude map from KECK.fits
Warning(accphi.c:477): 108331 points not covered by input screen
Warning(sock.c:516): connect locally (/global/homes/b/bpeck/.aos/tmp/nid001972/scheduler) failed: Invalid argument. 
 ->maos.c:447->setup.c:148->aper.c:74->utils.c:478->accphi.c:478
iwvl 0: Science PSF is using grid size of 2880. The PSF will sum to 6.95167232825486
iwvl 1: Science PSF is using grid size of 2880. The PSF will sum to 6.95167232825486
iwvl 2: Science PSF is using grid size of 2880. The PSF will sum to 6.95167232825486
iwvl 3: Science PSF is using grid size of 2880. The PSF will sum to 6.95167232825486
iwvl 4: Science PSF is using grid size of 2880. The PSF will sum to 6.95167232825486
iwvl 5: Science PSF is using grid size of 2880. The PSF will sum to 6.95167232825486
iwvl 6: Science PSF is using grid size of 2880. The PSF will sum to 6.95167232825486
iwvl 7: Science PSF is using grid size of 2880. The PSF will sum to 6.95167232825486
iwvl 8: Science PSF is using grid size of 2880. The PSF will sum to 6.95167232825486
After setup_aper:	344.9 MiB.

[00;00mSetting up powfs 0 geom[00;00m

There are 22 points in each subaperture of 0.171m.
There are 2565 valid subaperture.

[00;00mSetting up powfs 1 geom[00;00m

There are 88 points in each subaperture of 5.5m.
There are 4 valid subaperture.

[00;00mSetting up powfs 2 geom[00;00m

There are 18 points in each subaperture of 0.563m.
There are 236 valid subaperture.
After setup_powfs_init:	436.9 MiB.

[00;00mSetting up reconstructor geometry.[00;00m

PLOC is 133x133, with sampling of 0.09m (square)
    DM 0: grid is 68 x 68
    DM 1: grid is 75 x 75
    DM 2: grid is 80 x 79
FLOC is 133x133, with sampling of 0.09m (not square)
Tomography grid is square:
    layer 0: xloc grid is 240 x 240, sampling is 0.086 m, 57600 points
    layer 1: xloc grid is 240 x 240, sampling is 0.085 m, 57600 points
    layer 2: xloc grid is 240 x 240, sampling is 0.085 m, 57600 points
    layer 3: xloc grid is 240 x 240, sampling is 0.085 m, 57600 points
    layer 4: xloc grid is 240 x 240, sampling is 0.085 m, 57600 points
    layer 5: xloc grid is 240 x 240, sampling is 0.085 m, 57600 points
    layer 6: xloc grid is 240 x 240, sampling is 0.085 m, 57600 points
    layer 7: xloc grid is 240 x 240, sampling is 0.085 m, 57600 points
    layer 8: xloc grid is 240 x 240, sampling is 0.085 m, 57600 points
    layer 9: xloc grid is 240 x 240, sampling is 0.085 m, 57600 points
    layer 10: xloc grid is 240 x 240, sampling is 0.081 m, 57600 points
    layer 11: xloc grid is 240 x 240, sampling is 0.078 m, 57600 points
    layer 12: xloc grid is 240 x 240, sampling is 0.074 m, 57600 points
    layer 13: xloc grid is 240 x 240, sampling is 0.066 m, 57600 points

[00;00mSetting up powfs 0 PO WFS[00;00m

OTF dimension is 48x48 (calculated)
There is no bias
Uplink FWHM (illt 0, iwvl 0) is 0.577524"
Downlink FWHM (illt 0, iwvl 0) is 1.14505"
Generating matched filter for powfs 0
sa index   location       noise equivalent angle
    1254: (  4.9,  -0.3) m, (120.74, 117.26) mas
    1247: (  3.7,  -0.3) m, (128.72, 118.71) mas
    1241: (  2.7,  -0.3) m, (139.48, 120.35) mas
    1235: (  1.6,  -0.3) m, (152.87, 121.95) mas
    1233: (  1.3,  -0.3) m, (158.24, 122.46) mas
     879: ( -0.6,  -1.5) m, (191.41, 127.60) mas
    1229: ( -1.8,  -0.3) m, (208.29, 126.08) mas
    1223: ( -2.8,  -0.3) m, (221.09, 127.17) mas
    1216: ( -4.0,  -0.3) m, (236.76, 128.51) mas
    1210: ( -5.0,  -0.3) m, (252.42, 129.65) mas
    1208: ( -5.4,  -0.3) m, (258.50, 130.03) mas
sa index   location       noise equivalent angle
    2207: (  3.7,   3.0) m, (119.54, 119.01) mas
    2062: (  3.0,   2.5) m, (123.99, 122.33) mas
    1807: (  2.0,   1.6) m, (133.86, 130.05) mas
    1751: (  1.8,   1.5) m, (136.15, 132.03) mas
    1533: (  0.9,   0.8) m, (147.86, 140.78) mas
    1531: ( -1.1,   0.8) m, (178.43, 142.86) mas
    1032: ( -1.1,  -0.9) m, (179.92, 164.88) mas
     760: ( -2.1,  -1.8) m, (191.25, 172.83) mas
     552: ( -3.0,  -2.5) m, (203.82, 183.08) mas
     504: ( -3.2,  -2.7) m, (206.77, 186.14) mas
      88: ( -3.0,  -4.4) m, (204.06, 211.69) mas
sa index   location       noise equivalent angle
    2559: (  0.8,   4.7) m, (117.64, 121.21) mas
    2391: (  0.6,   3.8) m, (118.64, 126.80) mas
    2141: (  0.4,   2.8) m, (120.50, 136.47) mas
    1903: (  0.3,   2.0) m, (129.69, 155.32) mas
    1686: (  0.1,   1.3) m, (123.77, 156.96) mas
    1231: ( -1.5,  -0.3) m, (133.90, 184.57) mas
     770: ( -0.4,  -1.8) m, (129.00, 208.84) mas
     663: ( -0.4,  -2.1) m, (137.87, 229.01) mas
     425: ( -0.6,  -3.0) m, (131.04, 225.91) mas
     175: ( -0.8,  -4.0) m, (133.00, 240.40) mas
       4: ( -2.3,  -4.9) m, (148.27, 260.97) mas
sa index   location       noise equivalent angle
    2483: ( -2.7,   4.4) m, (117.84, 119.38) mas
    2301: ( -2.1,   3.5) m, (120.51, 124.56) mas
    1989: ( -1.5,   2.3) m, (126.07, 135.86) mas
    1894: ( -1.3,   2.0) m, (135.52, 149.88) mas
    1627: ( -0.8,   1.1) m, (133.21, 152.10) mas
     984: ( -0.9,  -1.1) m, (136.80, 191.06) mas
     938: (  0.6,  -1.3) m, (148.13, 190.41) mas
     577: (  1.3,  -2.5) m, (156.68, 208.81) mas
     346: (  1.8,  -3.3) m, (163.77, 220.67) mas
     265: (  2.0,  -3.7) m, (166.64, 225.93) mas
      83: (  2.5,  -4.5) m, (174.26, 237.50) mas
sa index   location       noise equivalent angle
    1768: ( -4.7,   1.6) m, (128.37, 123.79) mas
    1663: ( -3.8,   1.3) m, (126.32, 119.52) mas
    1612: ( -3.3,   1.1) m, (131.19, 120.96) mas
    1479: ( -2.0,   0.6) m, (154.89, 133.55) mas
    1434: ( -1.5,   0.4) m, (154.43, 127.05) mas
    1581: (  0.8,   0.9) m, (191.02, 127.59) mas
    1131: (  1.3,  -0.6) m, (201.53, 136.68) mas
    1086: (  1.8,  -0.8) m, (222.25, 148.17) mas
     953: (  3.2,  -1.3) m, (230.16, 144.61) mas
     852: (  4.2,  -1.6) m, (244.62, 149.11) mas
    1153: (  5.0,  -0.6) m, (257.89, 140.36) mas
sa index   location       noise equivalent angle
     745: ( -4.7,  -1.8) m, (128.37, 123.79) mas
     860: ( -3.8,  -1.5) m, (126.32, 119.52) mas
     918: ( -3.3,  -1.3) m, (131.19, 120.96) mas
    1075: ( -2.0,  -0.8) m, (154.49, 132.51) mas
    1128: ( -1.5,  -0.6) m, (154.43, 127.05) mas
     987: (  0.8,  -1.1) m, (192.23, 128.58) mas
    1437: (  1.3,   0.4) m, (201.53, 136.68) mas
    1490: (  1.8,   0.6) m, (222.87, 149.30) mas
    1649: (  3.2,   1.1) m, (230.16, 144.61) mas
    1765: (  4.2,   1.5) m, (244.62, 149.11) mas
    1459: (  5.0,   0.4) m, (258.13, 140.56) mas
sa index   location       noise equivalent angle
      53: ( -2.7,  -4.5) m, (117.84, 119.38) mas
     241: ( -2.1,  -3.7) m, (120.51, 124.56) mas
     561: ( -1.5,  -2.5) m, (126.07, 135.86) mas
     658: ( -1.3,  -2.1) m, (135.78, 151.15) mas
     933: ( -0.8,  -1.3) m, (133.21, 152.10) mas
    1578: ( -0.9,   0.9) m, (135.23, 189.08) mas
    1634: (  0.6,   1.1) m, (148.13, 190.41) mas
    2005: (  1.3,   2.3) m, (156.68, 208.81) mas
    2242: (  1.8,   3.2) m, (163.77, 220.67) mas
    2325: (  2.0,   3.5) m, (166.64, 225.92) mas
    2513: (  2.5,   4.4) m, (174.26, 237.50) mas
sa index   location       noise equivalent angle
      12: (  0.8,  -4.9) m, (117.39, 120.94) mas
     183: (  0.6,  -4.0) m, (118.64, 126.80) mas
     431: (  0.4,  -3.0) m, (120.50, 136.47) mas
     667: (  0.3,  -2.1) m, (130.46, 157.39) mas
     883: (  0.1,  -1.5) m, (123.77, 156.96) mas
    1436: (  1.1,   0.4) m, (134.24, 200.28) mas
    1793: ( -0.4,   1.6) m, (129.00, 208.84) mas
    1899: ( -0.4,   2.0) m, (136.95, 225.95) mas
    2135: ( -0.6,   2.8) m, (131.04, 225.91) mas
    2383: ( -0.8,   3.8) m, (133.00, 240.39) mas
    2551: ( -2.3,   4.7) m, (151.13, 265.36) mas
sa index   location       noise equivalent angle
     403: (  3.7,  -3.2) m, (119.54, 119.01) mas
     540: (  3.0,  -2.7) m, (123.99, 122.33) mas
     784: (  2.0,  -1.8) m, (133.86, 130.05) mas
     838: (  1.8,  -1.6) m, (136.15, 132.03) mas
    1033: (  0.9,  -0.9) m, (148.87, 141.78) mas
    1633: (  0.4,   1.1) m, (165.17, 177.75) mas
    1531: ( -1.1,   0.8) m, (178.17, 163.19) mas
    1783: ( -2.1,   1.6) m, (191.25, 172.83) mas
    1980: ( -3.0,   2.3) m, (203.82, 183.08) mas
    2026: ( -3.2,   2.5) m, (206.77, 186.14) mas
    2444: ( -3.0,   4.2) m, (204.06, 211.69) mas

[00;00mSetting up powfs 2 PO WFS[00;00m

OTF dimension is 48x48 (calculated)
Generating matched filter for powfs 2
Use sanea to derive neasim
Use sanea to derive neasim

[00;00mSetting up reconstructor[00;00m

Recon NEA: cmf(165.48) cmf(165.98) cmf(164.97) cmf(165.53) cmf(165.15) cmf(165.12) cmf(165.47) cmf(164.91) cmf(165.94) geom(0.31) geom(0.31) geom(0.31) mf(0.14)  mas
Setup or update control matrix parameters.
RRtwfs svd threshold is 1e-10
Replacing HA by HA*fit->actextrap
Adding piston cr to fit matrix
Adding TT cr on upper DMs to fit matrix.
Before assembling fit matrix:	4810.2 MiB.
Building fit->FR
Building fit->FL
Adding tikhonov constraint of 1.0e-07 to FLM
The maximum eigen value is estimated to be around 3.0e-04
DM Fit number of Low rank terms: 16 in LHS
After assemble fit matrix:	6270.9 MiB.
After setup_recon:	6270.9 MiB.
GPU 0: mem used 1956 MB (wfs init)
GPU 0: mem used 2872 MB (recon init)
GPU 0: mem used 2904 MB (perf init)

*** Simulation started at 2025/02/17 15:07:50 in nid001972. ***

Running seed 1
GPU 0: mem used 2904 MB (wfs seeding)
Wind dir: 267.3 261.7 167.0 130.5 300.7  32.3 119.8 139.0 150.8 277.7 203.0 133.1  45.9 265.1 deg
Using /global/homes/b/bpeck/.aos/cache/atm/vonkarman_14_8192x8192_0.0078125_1115374592d.bin
After genatm:	6231.5 MiB.
Step     #  Open Loop  PR TT  On axis  PR TT  Field RMS PR TT     Timing 
Step     0: OL  884.6  248.3  OA  884.6 248.3 CL  884.6 248.3 nm  0.106 s
Step    16: OL  909.8  254.4  OA  109.4  22.0 CL  109.4  22.0 nm  0.063 s
Step    31: OL  933.7  258.9  OA  106.4   7.7 CL  106.4   7.7 nm  0.077 s
Step    46: OL  956.6  261.0  OA  103.7   9.5 CL  103.7   9.5 nm  0.068 s
Step    60: OL  977.2  260.7  OA  101.8   9.9 CL  101.8   9.9 nm  0.082 s
Step    74: OL  998.1  259.2  OA  102.6  12.0 CL  102.6  12.0 nm  0.071 s
Step    88: OL 1019.5  258.0  OA  102.9   5.7 CL  102.9   5.7 nm  0.070 s
Step   102: OL 1040.7  257.3  OA  101.6   9.4 CL  101.6   9.4 nm  0.099 s
Step   116: OL 1062.0  257.9  OA  108.8  25.4 CL  108.8  25.4 nm  0.069 s
Step   130: OL 1082.1  260.1  OA  103.3   5.0 CL  103.3   5.0 nm  0.076 s
Step   144: OL 1101.0  264.7  OA  101.0  10.5 CL  101.0  10.5 nm  0.074 s
Step   158: OL 1117.6  271.0  OA  103.5  13.4 CL  103.5  13.4 nm  0.073 s
Step   172: OL 1131.9  278.9  OA  108.2  30.2 CL  108.2  30.2 nm  0.069 s
Step   186: OL 1143.1  287.7  OA  104.2  28.5 CL  104.2  28.5 nm  0.074 s
Step   200: OL 1151.2  296.8  OA  103.9  18.8 CL  103.9  18.8 nm  0.068 s
Step   214: OL 1157.1  305.7  OA  102.1  21.3 CL  102.1  21.3 nm  0.069 s
Step   228: OL 1160.3  314.7  OA  100.9  21.5 CL  100.9  21.5 nm  0.073 s
Step   242: OL 1160.7  324.1  OA  103.5  32.5 CL  103.5  32.5 nm  0.076 s
Step   255 updated high order loop gain: 0.367
Step   256: OL 1157.1  334.1  OA  102.5  18.5 CL  102.5  18.5 nm  0.076 s
Step   270: OL 1149.1  344.2  OA   99.2  15.4 CL   99.2  15.4 nm  0.074 s
Step   282: OL 1139.2  353.0  OA  100.8  17.0 CL  100.8  17.0 nm  0.069 s
Step   295: OL 1126.5  363.7  OA   98.9  14.6 CL   98.9  14.6 nm  0.075 s
Step   309: OL 1111.4  376.2  OA  102.7  11.6 CL  102.7  11.6 nm  0.071 s
Step   323: OL 1094.1  389.7  OA  103.3  28.9 CL  103.3  28.9 nm  0.078 s
Step   337: OL 1076.0  404.9  OA  103.7  25.1 CL  103.7  25.1 nm  0.070 s
Step   351: OL 1058.0  422.3  OA  103.2  14.0 CL  103.2  14.0 nm  0.070 s
Step   365: OL 1040.6  441.4  OA  102.7   6.1 CL  102.7   6.1 nm  0.079 s
Step   379: OL 1024.6  461.5  OA  106.5  14.0 CL  106.5  14.0 nm  0.072 s
Step   393: OL 1009.3  481.8  OA  105.6   8.9 CL  105.6   8.9 nm  0.073 s
Step   407: OL  994.0  501.8  OA  104.6  11.2 CL  104.6  11.2 nm  0.077 s
Step   421: OL  978.4  520.9  OA  101.8  13.1 CL  101.8  13.1 nm  0.069 s
Step   435: OL  962.9  539.5  OA  101.5  16.5 CL  101.5  16.5 nm  0.074 s
Step   449: OL  948.2  557.7  OA  101.8  10.2 CL  101.8  10.2 nm  0.080 s
Step   463: OL  936.6  576.1  OA  103.0   7.8 CL  103.0   7.8 nm  0.073 s
Step   477: OL  929.4  594.1  OA  103.6   3.3 CL  103.6   3.3 nm  0.070 s
Step   491: OL  927.2  611.5  OA  103.7  10.0 CL  103.7  10.0 nm  0.070 s
Step   505: OL  928.1  627.7  OA  101.1   8.5 CL  101.1   8.5 nm  0.070 s
Step   511 updated high order loop gain: 0.341
Step   518: OL  931.0  641.1  OA  100.4  15.2 CL  100.4  15.2 nm  0.076 s
Step   532: OL  936.4  652.8  OA  101.4   6.7 CL  101.4   6.7 nm  0.074 s
Step   546: OL  944.1  661.3  OA  106.1  17.4 CL  106.1  17.4 nm  0.069 s
Step   560: OL  954.6  666.8  OA  102.2  10.0 CL  102.2  10.0 nm  0.070 s
Step   574: OL  966.9  669.8  OA  104.2  16.2 CL  104.2  16.2 nm  0.078 s
Step   588: OL  981.2  670.7  OA  104.7  16.5 CL  104.7  16.5 nm  0.070 s
Step   602: OL  997.0  668.4  OA  102.2   7.2 CL  102.2   7.2 nm  0.074 s
Step   616: OL 1013.3  662.9  OA  104.4  21.2 CL  104.4  21.2 nm  0.078 s
Step   630: OL 1029.5  654.7  OA   98.0   1.3 CL   98.0   1.3 nm  0.072 s
Step   644: OL 1044.9  643.9  OA   98.2   3.8 CL   98.2   3.8 nm  0.070 s
Step   658: OL 1058.7  631.1  OA   99.9   4.7 CL   99.9   4.7 nm  0.073 s
Step   672: OL 1071.4  616.8  OA  101.1  14.4 CL  101.1  14.4 nm  0.071 s
Step   686: OL 1083.2  602.2  OA  104.7  14.9 CL  104.7  14.9 nm  0.071 s
Step   700: OL 1093.5  586.9  OA  104.1   8.6 CL  104.1   8.6 nm  0.080 s
Step   713: OL 1100.7  571.3  OA  105.6   5.3 CL  105.6   5.3 nm  0.074 s
Step   727: OL 1105.1  554.0  OA  101.4  14.8 CL  101.4  14.8 nm  0.072 s
Step   741: OL 1106.0  536.7  OA  101.6   5.4 CL  101.6   5.4 nm  0.069 s
Step   755: OL 1103.5  519.7  OA  103.4  14.5 CL  103.4  14.5 nm  0.069 s
Step   767 updated high order loop gain: 0.329
Step   769: OL 1097.6  503.4  OA  101.0   7.3 CL  101.0   7.3 nm  0.069 s
Step   783: OL 1088.2  487.6  OA   99.4   2.9 CL   99.4   2.9 nm  0.070 s
Step   797: OL 1075.0  472.0  OA  105.1   7.9 CL  105.1   7.9 nm  0.070 s
Step   811: OL 1059.1  456.4  OA  104.1  11.6 CL  104.1  11.6 nm  0.072 s
Step   825: OL 1040.4  440.8  OA  101.3   8.2 CL  101.3   8.2 nm  0.081 s
Step   839: OL 1019.4  425.8  OA  103.3   4.6 CL  103.3   4.6 nm  0.068 s
Step   853: OL  997.5  411.7  OA  101.8  12.2 CL  101.8  12.2 nm  0.073 s
Step   867: OL  975.4  398.9  OA  102.9  15.4 CL  102.9  15.4 nm  0.070 s
Step   881: OL  954.5  387.8  OA  106.9  18.1 CL  106.9  18.1 nm  0.071 s
Step   895: OL  933.6  378.2  OA  103.3  10.4 CL  103.3  10.4 nm  0.070 s
Step   909: OL  911.5  369.9  OA  104.1   9.6 CL  104.1   9.6 nm  0.073 s
Step   922: OL  890.6  363.5  OA  103.4   2.6 CL  103.4   2.6 nm  0.078 s
Step   936: OL  868.6  356.9  OA  105.6  13.4 CL  105.6  13.4 nm  0.072 s
Step   950: OL  847.5  350.1  OA  106.1  13.3 CL  106.1  13.3 nm  0.071 s
Step   964: OL  828.3  342.9  OA  106.0   4.3 CL  106.0   4.3 nm  0.073 s
Step   978: OL  811.9  334.6  OA   99.4  11.2 CL   99.4  11.2 nm  0.069 s
Step   992: OL  797.8  325.4  OA   98.7  11.5 CL   98.7  11.5 nm  0.070 s
Step  1006: OL  784.8  315.2  OA  106.8  24.7 CL  106.8  24.7 nm  0.069 s
Step  1020: OL  773.6  304.5  OA  106.1  10.6 CL  106.1  10.6 nm  0.072 s
Step  1023 updated high order loop gain: 0.324
Step  1034: OL  764.3  293.4  OA  102.9  14.0 CL  102.9  14.0 nm  0.072 s
Step  1048: OL  756.3  281.3  OA  109.0  27.8 CL  109.0  27.8 nm  0.071 s
Step  1062: OL  748.2  268.1  OA  105.0  15.2 CL  105.0  15.2 nm  0.071 s
Step  1076: OL  741.8  252.9  OA  102.7  16.6 CL  102.7  16.6 nm  0.074 s
Step  1090: OL  738.0  236.6  OA  103.6  24.3 CL  103.6  24.3 nm  0.072 s
Step  1104: OL  736.4  221.2  OA  110.0  32.8 CL  110.0  32.8 nm  0.071 s
Step  1117: OL  736.0  208.2  OA  105.4  27.5 CL  105.4  27.5 nm  0.073 s
Step  1131: OL  736.6  196.2  OA   97.6   6.7 CL   97.6   6.7 nm  0.077 s
Step  1145: OL  737.3  186.4  OA  101.9  28.7 CL  101.9  28.7 nm  0.071 s
Step  1159: OL  738.0  178.7  OA  101.5  20.6 CL  101.5  20.6 nm  0.072 s
Step  1173: OL  738.4  173.3  OA  103.8  23.6 CL  103.8  23.6 nm  0.080 s
Step  1187: OL  740.3  169.8  OA  101.0  20.6 CL  101.0  20.6 nm  0.070 s
Step  1201: OL  743.3  166.9  OA  101.2  20.4 CL  101.2  20.4 nm  0.070 s
Step  1215: OL  746.3  164.6  OA  104.4  28.7 CL  104.4  28.7 nm  0.074 s
Step  1229: OL  749.3  163.7  OA  104.6  25.0 CL  104.6  25.0 nm  0.070 s
Step  1242: OL  750.9  164.6  OA  100.3  15.9 CL  100.3  15.9 nm  0.070 s
Step  1256: OL  752.9  168.1  OA  105.1  29.9 CL  105.1  29.9 nm  0.071 s
Step  1270: OL  755.6  173.9  OA  106.2  38.9 CL  106.2  38.9 nm  0.076 s
Step  1279 updated high order loop gain: 0.320
Step  1282: OL  758.6  180.4  OA  100.1  19.9 CL  100.1  19.9 nm  0.072 s
Step  1296: OL  763.2  189.1  OA  101.2  23.5 CL  101.2  23.5 nm  0.075 s
Step  1310: OL  767.5  199.1  OA  103.7  21.9 CL  103.7  21.9 nm  0.070 s
Step  1324: OL  771.6  210.2  OA  100.3  17.6 CL  100.3  17.6 nm  0.071 s
Step  1338: OL  776.7  222.5  OA  101.9  24.1 CL  101.9  24.1 nm  0.080 s
Step  1352: OL  783.5  235.3  OA   99.4  21.0 CL   99.4  21.0 nm  0.071 s
Step  1366: OL  792.2  247.0  OA   98.0  22.4 CL   98.0  22.4 nm  0.070 s
Step  1379: OL  801.3  255.8  OA   98.0  17.7 CL   98.0  17.7 nm  0.070 s
Step  1393: OL  812.2  263.4  OA  100.0  22.7 CL  100.0  22.7 nm  0.070 s
Step  1407: OL  824.6  268.9  OA  102.9  28.2 CL  102.9  28.2 nm  0.077 s
Step  1421: OL  838.3  272.9  OA   99.7  12.3 CL   99.7  12.3 nm  0.069 s
Step  1435: OL  852.3  276.0  OA  101.6  21.1 CL  101.6  21.1 nm  0.072 s
Step  1449: OL  865.5  278.4  OA   98.0  13.8 CL   98.0  13.8 nm  0.081 s
Step  1463: OL  877.5  279.5  OA  103.2  23.6 CL  103.2  23.6 nm  0.071 s
Step  1477: OL  886.7  278.7  OA  102.7  17.2 CL  102.7  17.2 nm  0.070 s
Step  1491: OL  892.0  275.8  OA   97.2   4.3 CL   97.2   4.3 nm  0.081 s
Step  1505: OL  893.4  270.9  OA  100.2  10.0 CL  100.2  10.0 nm  0.068 s
Step  1518: OL  892.1  265.1  OA   98.8  12.8 CL   98.8  12.8 nm  0.072 s
Step  1532: OL  888.4  257.5  OA   98.5  14.7 CL   98.5  14.7 nm  0.073 s
Step  1535 updated high order loop gain: 0.316
Step  1546: OL  882.5  248.6  OA  101.5   8.5 CL  101.5   8.5 nm  0.073 s
Step  1560: OL  875.9  239.3  OA  101.9   8.2 CL  101.9   8.2 nm  0.072 s
Step  1574: OL  869.0  230.8  OA  104.3  14.7 CL  104.3  14.7 nm  0.072 s
Step  1588: OL  860.6  223.9  OA  105.8  18.9 CL  105.8  18.9 nm  0.071 s
Step 1599: Output PSF
Step  1599: OL  853.4  219.3  OA  103.2   9.4 CL  103.2   9.4 nm  1.418 s
Mean: 102.65 17.79 101.10  nm.

*** Simulation Finished at 2025/02/17 15:09:56 in nid001972. ***

