Warning(sock.c:516): connect locally (/global/homes/b/bpeck/.aos/tmp/nid008236/scheduler) failed: Invalid argument. 
/global/u2/b/bpeck/work/vismcao/maos -o studies/reduced_ngs/7_lgs/8mag_lgs/2750count -c master_files/reduced_ngs/7_lgs/8mag_lgs/kola_2750act.conf -O 
Output folder is 'studies/reduced_ngs/7_lgs/8mag_lgs/2750count'.
SRC: /global/homes/b/bpeck/code/maos v2.9 4c88b7c2 2024-11-13 16:45:33 -0800
BUILT: /global/homes/b/bpeck/code/maos/optim by GCC (v12) on 2024/11/18 09:40:03 CPU(F64,+O3) with CUDA(v122,F32)
Launched at 2025/02/12 00:13:39 in nid008236 with PID 35532.
The web based job monitor can be accessed at http://localhost:10300
Main config file is /global/u2/b/bpeck/work/vismcao/master_files/reduced_ngs/7_lgs/8mag_lgs/kola_2750act.conf
Warning(path.c:48): Path not found: path=/global/u2/b/bpeck/work/vismcao/master_files/reduced_ngs/7_lgs/8mag_lgs/bin; abspath=/global/u2/b/bpeck/work/vismcao/master_files/reduced_ngs/7_lgs/8mag_lgs/bin; Ignored.
Warning(path.c:48): Path not found: path=/global/u2/b/bpeck/work/vismcao/master_files/reduced_ngs/7_lgs/8mag_lgs/atm; abspath=/global/u2/b/bpeck/work/vismcao/master_files/reduced_ngs/7_lgs/8mag_lgs/atm; Ignored.
Warning(readcfg.c:399): sim.apfsm has been renamed to powfs.apfsm.
Warning(readcfg.c:399): sim.epfsm has been renamed to powfs.epfsm.
Warning(readcfg.c:399): sim.alfsm has been renamed to powfs.alfsm.
Warning(readcfg.c:399): sim.commonfsm has been renamed to powfs.commonfsm.
Warning(readcfg.c:399): sim.idealfsm has been renamed to powfs.idealfsm.
Warning(readcfg.c:399): sim.zetafsm has been renamed to powfs.zetafsm.
Warning(readcfg.c:399): sim.f0fsm has been renamed to powfs.f0fsm.
Warning(readcfg.c:399): tsurf has been renamed to ncpa.tsurf.
loaded 132 (132 new) records from '/global/u2/b/bpeck/work/vismcao/./keck_sim.conf'
loaded  19 ( 19 new) records from '/global/u2/b/bpeck/work/vismcao/./dm_none.conf'
loaded  19 (  0 new) records from '/global/u2/b/bpeck/work/vismcao/./keck_ASM.conf'
loaded  19 (  0 new) records from '/global/u2/b/bpeck/work/vismcao/./keck_DM2.conf'
loaded  19 (  0 new) records from '/global/u2/b/bpeck/work/vismcao/./keck_DM3.conf'
loaded   0 (  0 new) records from '/global/u2/b/bpeck/work/vismcao/./keck_dm_multiple.conf'
loaded   7 (  5 new) records from '/global/u2/b/bpeck/work/vismcao/./atm_mk13n50p_ground_detail.conf'
loaded  76 ( 69 new) records from '/global/homes/b/bpeck/code/maos/config/maos/powfs_common.conf'
loaded  44 ( 38 new) records from '/global/u2/b/bpeck/work/vismcao/./powfs_none.conf'
loaded  44 (  0 new) records from '/global/u2/b/bpeck/work/vismcao/./keck_shwfs_lgs.conf'
loaded  44 (  0 new) records from '/global/u2/b/bpeck/work/vismcao/./keck_shwfs_ttf_strap.conf'
loaded  44 (  0 new) records from '/global/u2/b/bpeck/work/vismcao/./keck_shwfs_twfs_lbwfs.conf'
loaded   0 (  0 new) records from '/global/u2/b/bpeck/work/vismcao/./keck_wfs_lgs_strap_lbwfs.conf'
loaded  71 ( 71 new) records from '/global/u2/b/bpeck/work/vismcao/./keck_recon.conf'
Warning(readcfg.c:399): dbg.na_smooth has been renamed to powfs0_llt.na_smooth.
Warning(readcfg.c:399): dbg.na_interp has been renamed to powfs0_llt.na_interp.
Warning(readcfg.c:399): dbg.na_thres has been renamed to powfs0_llt.na_thres.
Warning(readcfg.c:399): dbg.na_fit_maxit has been renamed to powfs0_llt.na_fit_maxit.
Warning(readcfg.c:399): dbg.na_fit_svdthres has been renamed to powfs0_llt.na_fit_svdthres.
Warning(readcfg.c:399): dbg.na_fit_dh has been renamed to powfs0_llt.na_fit_dh.
Warning(readcfg.c:399): dbg.ncpa_preload has been renamed to ncpa.preload.
Warning(readcfg.c:399): dbg.ncpa_rmsci has been renamed to ncpa.rmsci.
Warning(readcfg.c:399): dbg.draw_opdmax has been renamed to plot.opdmax.
Warning(readcfg.c:399): dbg.draw_gmax has been renamed to plot.gmax.
loaded  95 ( 93 new) records from '/global/u2/b/bpeck/work/vismcao/./keck_dbg.conf'
loaded   4 (  4 new) records from '/global/u2/b/bpeck/work/vismcao/./keck_fit_mcao.conf'
Warning(readcfg.c:399): surf has been renamed to ncpa.surf.
loaded  39 (  7 new) records from '/global/u2/b/bpeck/work/vismcao/master_files/reduced_ngs/7_lgs/8mag_lgs/kola_2750act.conf'
loaded   0 (  0 new) records from 'command line'
loaded  24 ( 18 new) records from '/global/u2/b/bpeck/work/vismcao/./keck_llt_CL.conf'
Adjust LGS range by telescope altitude 4145m.
Zenith angle is 30 degree.
    Scaling turbulence height and LGS hs by sec(za).
    Scaling r0 by cos(za)^(3/5).
    Scaling wind speed and LGS signal level by cos(za).
powfs0: Adjusting dx from 0.0078125 to 0.00775. 
powfs0.llt.fsm: f0=0 Hz, LPF ep=0
powfs0.epfsm is set to 0.517618 (auto)
powfs2: Adjusting dx from 0.03125 to 0.0312778. 
powfs2 is TWFS for powfs0
sim.ephi is set to 0.427717 (auto)
sim.eplo is set to 0.427717 (auto)
Warning(parms.c:2296): Layer 1 at 17.3205m is very close to layer 0 at 0m (OK).
Warning(parms.c:2296): Layer 2 at 34.641m is very close to layer 1 at 17.3205m (OK).
Warning(parms.c:2296): Layer 3 at 51.9615m is very close to layer 2 at 34.641m (OK).
dm 0: stroke=30 um is provided in micron.
dm 0: assume ia stroke=2 um is provided in micron.
dm 1: stroke=7 um is provided in micron.
dm 1: assume ia stroke=2 um is provided in micron.
dm 2: stroke=7 um is provided in micron.
dm 2: assume ia stroke=2 um is provided in micron.
Focus blending is not implemented yet for integrated tomography
parms->sim.mffocus is reset to 0
There are 1 valid simulation seeds:  1
Output PSF for 1 directions
Used 449 of 456 supplied keys
Warning(readcfg.c:158): key "dbg.pwfs_flate" is not recognized, value is 0
Warning(readcfg.c:158): key "dbg.pwfs_flatv" is not recognized, value is 0
Warning(readcfg.c:158): key "dbg.pwfs_psx" is not recognized, value is [0 0 0 0]
Warning(readcfg.c:158): key "dbg.pwfs_psy" is not recognized, value is [0 0 0 0]
Warning(readcfg.c:158): key "dbg.pwfs_pupelong" is not recognized, value is 0
Warning(readcfg.c:158): key "dbg.pwfs_raw" is not recognized, value is 0
Warning(readcfg.c:158): key "dbg.pwfs_side" is not recognized, value is 4
[00;00mAperture[00;00m is 11 m with sampling 1/128 m
[00;00mTurbulence at 30 degree zenith angle:[00;00m r0=0.128424m, L0=30m, 14 layers.
    Greenwood freq is 25.1Hz, anisoplanatic angle is 1.58 as
    Sampled 8192x8192 at 1/128m. wind dir is randomized.
    layer 0: ht=      0 m, wt= 0.302, ws=  4.8 m/s
    layer 1: ht=     17 m, wt= 0.154, ws=  5.0 m/s
    layer 2: ht=     35 m, wt= 0.041, ws=  5.4 m/s
    layer 3: ht=     52 m, wt= 0.002, ws=  6.6 m/s
    layer 4: ht=    139 m, wt= 0.021, ws=  6.1 m/s
    layer 5: ht=    231 m, wt= 0.010, ws=  6.1 m/s
    layer 6: ht=    323 m, wt= 0.008, ws=  6.1 m/s
    layer 7: ht=    416 m, wt= 0.005, ws=  6.1 m/s
    layer 8: ht=    508 m, wt= 0.001, ws=  6.1 m/s
    layer 9: ht=    932 m, wt= 0.107, ws=  5.6 m/s
    layer 10: ht=   5022 m, wt= 0.144, ws= 11.1 m/s
    layer 11: ht=   9238 m, wt= 0.093, ws= 19.1 m/s
    layer 12: ht=  13856 m, wt= 0.075, ws=  8.2 m/s
    layer 13: ht=  22518 m, wt= 0.036, ws=  4.8 m/s
[00;00mReconstruction[00;00m: r0=0.128424m L0=30m. 14 layers. use cone coordinate.
    layer 0: ht=      0 m, wt= 0.302
    layer 1: ht=     17 m, wt= 0.154
    layer 2: ht=     35 m, wt= 0.041
    layer 3: ht=     52 m, wt= 0.002
    layer 4: ht=    139 m, wt= 0.021
    layer 5: ht=    231 m, wt= 0.010
    layer 6: ht=    323 m, wt= 0.008
    layer 7: ht=    416 m, wt= 0.005
    layer 8: ht=    508 m, wt= 0.001
    layer 9: ht=    932 m, wt= 0.107
    layer 10: ht=   5022 m, wt= 0.144
    layer 11: ht=   9238 m, wt= 0.093
    layer 12: ht=  13856 m, wt= 0.075
    layer 13: ht=  22518 m, wt= 0.036
[00;00mThere are 3 powfs[00;00m
  powfs0: Order 60, LGS at 99.1 km. Sampling 1/129.032 m. Thres 30%. [00;00mT/T is removed in right hand side in tomography.[00;00m
    CCD image is 25x25 @ 500x500 mas, blur 27% (sigma), 1500Hz, wvl: [ 5.89e-07]
    Gtilt in reconstruction. Physical optics start at 0 with [00;00m'matched filter'[00;00m [00;00m(noisy)[00;00m
  powfs1: Order  2, NGS at inf km. Sampling 1/16 m. Thres 30%. 
    Ztilt in reconstruction. Geomtric optics start at 2 with ztilt [00;00m(noisy)[00;00m
  powfs2: Order 20, NGS at inf km. Sampling 1/31.9716 m. Thres 50%. 
    CCD image is 4x4 @ 1500x1500 mas, blur 0% (sigma), 0.015Hz, wvl: [ 7.2e-07]
    Gtilt in reconstruction. Geomtric optics start at 50 with gtilt Physical optics start at 0 with [00;00m'matched filter'[00;00m [00;00m(noisy)[00;00m
[00;00mThere are 11 wfs[00;00m
    wfs 0: type 0, at (  30.00,    0.00) arcsec,  99 km, siglev is 41.4818 bkgrnd is 0.1
    wfs 1: type 0, at (  18.70,   23.45) arcsec,  99 km, siglev is 41.4818 bkgrnd is 0.1
    wfs 2: type 0, at (  -6.68,   29.25) arcsec,  99 km, siglev is 41.4818 bkgrnd is 0.1
    wfs 3: type 0, at ( -27.03,   13.02) arcsec,  99 km, siglev is 41.4818 bkgrnd is 0.1
    wfs 4: type 0, at ( -27.03,  -13.02) arcsec,  99 km, siglev is 41.4818 bkgrnd is 0.1
    wfs 5: type 0, at (  -6.68,  -29.25) arcsec,  99 km, siglev is 41.4818 bkgrnd is 0.1
    wfs 6: type 0, at (  18.70,  -23.45) arcsec,  99 km, siglev is 41.4818 bkgrnd is 0.1
    wfs 7: type 1, at (   5.00,    8.66) arcsec, inf km, siglev is 42387.6 bkgrnd is 1.056
    wfs 8: type 1, at ( -10.00,    0.00) arcsec, inf km, siglev is 42387.6 bkgrnd is 1.056
    wfs 9: type 1, at (   5.00,   -8.66) arcsec, inf km, siglev is 42387.6 bkgrnd is 1.056
    wfs 10: type 2, at (   0.00,    0.00) arcsec, inf km, siglev is 4.1558e+06 bkgrnd is 0.001
[00;00mThere are 3 DMs[00;00m
  DM 0 at -0.1km, actuator pitch 0.186m, offset   0, with 30.000000 micron stroke.
    Normalized cubic influence function with inter-actuator coupling of 0.223
  DM 1 at    6km, actuator pitch 0.168m, offset   0, with 7.000000 micron stroke.
    Normalized cubic influence function with inter-actuator coupling of 0.223
  DM 2 at   10km, actuator pitch 0.168m, offset   0, with 7.000000 micron stroke.
    Normalized cubic influence function with inter-actuator coupling of 0.223
[00;00mTomography[00;00m is using CG, with [00;00mFourer Domain[00;00m preconditioner, [00;00m12[00;00m iterations, integrated tomo.
[00;00mDM Fitting [00;00mis using CG, with [00;00mNo[00;00m preconditioner, [00;00m10[00;00m iterations
[00;00mThere are 9 fit directions[00;00m
    Fit 0: weight is 0.444, at (   0.00,    0.00) arcsec
    Fit 1: weight is 0.111, at (  15.00,    0.00) arcsec
    Fit 2: weight is 0.111, at (   0.00,   15.00) arcsec
    Fit 3: weight is 0.111, at ( -15.00,    0.00) arcsec
    Fit 4: weight is 0.111, at (   0.00,  -15.00) arcsec
    Fit 5: weight is 0.028, at (  15.00,   15.00) arcsec
    Fit 6: weight is 0.028, at ( -15.00,   15.00) arcsec
    Fit 7: weight is 0.028, at ( -15.00,  -15.00) arcsec
    Fit 8: weight is 0.028, at (  15.00,  -15.00) arcsec
[00;00mThere are 1 evaluation directions[00;00m at sampling 1/128 m.
    Evl 0: weight is 1.000, at (   0.00,    0.00) arcsec
[00;00mSimulation[00;00m start at step 0, end at step 1600, with time step 1/1500s, [00;00mclose loop[00;00m.
After setup_parms:	120.6 MiB.
Warning(sock.c:516): connect locally (/global/homes/b/bpeck/.aos/tmp/nid008236/scheduler) failed: Invalid argument. 
CUDA: minimum memory requirement is 0.3GB
GPU 0 is NVIDIA A100-SXM4-80GB with arch 8.0, 78.6GB free, 79.0GB total device memory.
Using GPU 0
Use 1 GPUs for WFS Tomo Fit Evl

*** Preparation started at 2025/02/12 00:13:39 in nid008236. ***

Using OpenMP version 201511 with 128 threads
Reading aperture amplitude map from KECK.fits
Warning(accphi.c:477): 108284 points not covered by input screen
Warning(sock.c:516): connect locally (/global/homes/b/bpeck/.aos/tmp/nid008236/scheduler) failed: Invalid argument. 
 ->maos.c:447->setup.c:148->aper.c:74->utils.c:478->accphi.c:478
iwvl 0: Science PSF is using grid size of 2880. The PSF will sum to 6.95167232825486
iwvl 1: Science PSF is using grid size of 2880. The PSF will sum to 6.95167232825486
iwvl 2: Science PSF is using grid size of 2880. The PSF will sum to 6.95167232825486
iwvl 3: Science PSF is using grid size of 2880. The PSF will sum to 6.95167232825486
iwvl 4: Science PSF is using grid size of 2880. The PSF will sum to 6.95167232825486
iwvl 5: Science PSF is using grid size of 2880. The PSF will sum to 6.95167232825486
iwvl 6: Science PSF is using grid size of 2880. The PSF will sum to 6.95167232825486
iwvl 7: Science PSF is using grid size of 2880. The PSF will sum to 6.95167232825486
iwvl 8: Science PSF is using grid size of 2880. The PSF will sum to 6.95167232825486
After setup_aper:	343.3 MiB.

[00;00mSetting up powfs 0 geom[00;00m

There are 24 points in each subaperture of 0.186m.
There are 2160 valid subaperture.

[00;00mSetting up powfs 1 geom[00;00m

There are 88 points in each subaperture of 5.5m.
There are 4 valid subaperture.

[00;00mSetting up powfs 2 geom[00;00m

There are 18 points in each subaperture of 0.563m.
There are 236 valid subaperture.
After setup_powfs_init:	437.9 MiB.

[00;00mSetting up reconstructor geometry.[00;00m

PLOC is 123x123, with sampling of 0.09m (square)
    DM 0: grid is 63 x 63
    DM 1: grid is 75 x 75
    DM 2: grid is 80 x 79
FLOC is 123x123, with sampling of 0.09m (not square)
Tomography grid is square:
    layer 0: xloc grid is 216 x 216, sampling is 0.093 m, 46656 points
    layer 1: xloc grid is 216 x 216, sampling is 0.093 m, 46656 points
    layer 2: xloc grid is 216 x 216, sampling is 0.093 m, 46656 points
    layer 3: xloc grid is 216 x 216, sampling is 0.093 m, 46656 points
    layer 4: xloc grid is 216 x 216, sampling is 0.093 m, 46656 points
    layer 5: xloc grid is 216 x 216, sampling is 0.093 m, 46656 points
    layer 6: xloc grid is 216 x 216, sampling is 0.093 m, 46656 points
    layer 7: xloc grid is 216 x 216, sampling is 0.093 m, 46656 points
    layer 8: xloc grid is 216 x 216, sampling is 0.093 m, 46656 points
    layer 9: xloc grid is 216 x 216, sampling is 0.092 m, 46656 points
    layer 10: xloc grid is 216 x 216, sampling is 0.088 m, 46656 points
    layer 11: xloc grid is 216 x 216, sampling is 0.084 m, 46656 points
    layer 12: xloc grid is 216 x 216, sampling is 0.080 m, 46656 points
    layer 13: xloc grid is 216 x 216, sampling is 0.072 m, 46656 points

[00;00mSetting up powfs 0 PO WFS[00;00m

OTF dimension is 48x48 (calculated)
There is no bias
Uplink FWHM (illt 0, iwvl 0) is 0.578423"
Downlink FWHM (illt 0, iwvl 0) is 1.19849"
Generating matched filter for powfs 0
sa index   location       noise equivalent angle
    1076: (  4.8,  -0.2) m, (107.20, 104.30) mas
    1070: (  3.7,  -0.2) m, (114.51, 105.49) mas
    1064: (  2.6,  -0.2) m, (126.83, 106.72) mas
    1058: (  1.5,  -0.2) m, (143.37, 107.77) mas
    1057: (  1.3,  -0.2) m, (145.72, 107.91) mas
     732: ( -0.6,  -1.5) m, (169.35, 112.11) mas
    1053: ( -1.7,  -0.2) m, (179.95, 110.22) mas
    1047: ( -2.8,  -0.2) m, (194.46, 111.10) mas
    1041: ( -3.9,  -0.2) m, (211.28, 111.98) mas
    1035: ( -5.0,  -0.2) m, (228.27, 112.89) mas
    1033: ( -5.4,  -0.2) m, (233.50, 113.17) mas
sa index   location       noise equivalent angle
    2033: (  2.8,   3.9) m, (105.91, 105.71) mas
    1965: (  2.8,   3.5) m, (106.27, 107.20) mas
    1761: (  2.0,   2.6) m, (110.85, 113.45) mas
    1535: (  1.3,   1.7) m, (117.40, 122.97) mas
    1332: (  0.7,   0.9) m, (125.91, 135.59) mas
     787: (  0.6,  -1.3) m, (125.16, 161.87) mas
     829: ( -0.9,  -1.1) m, (150.65, 167.08) mas
     627: ( -1.5,  -1.9) m, (148.73, 166.11) mas
     401: ( -2.2,  -2.8) m, (157.58, 176.69) mas
     196: ( -3.0,  -3.7) m, (166.25, 188.02) mas
      94: ( -3.0,  -4.3) m, (166.62, 196.20) mas
sa index   location       noise equivalent angle
    1945: ( -0.9,   3.5) m, (106.07, 114.73) mas
    1788: ( -0.7,   2.8) m, (107.24, 121.71) mas
    1620: ( -0.6,   2.0) m, (112.50, 136.11) mas
    1426: ( -0.4,   1.3) m, (109.69, 143.32) mas
     871: ( -1.3,  -0.9) m, (110.49, 170.76) mas
     736: (  0.2,  -1.5) m, (114.04, 178.22) mas
     542: (  0.4,  -2.2) m, (120.91, 196.74) mas
     374: (  0.6,  -3.0) m, (117.14, 198.00) mas
      47: (  0.9,  -4.7) m, (120.80, 224.80) mas
      21: (  2.0,  -4.8) m, (133.89, 232.60) mas
sa index   location       noise equivalent angle
    1508: ( -3.7,   1.7) m, (111.29, 106.61) mas
    1364: ( -2.6,   1.1) m, (121.88, 110.26) mas
    1322: ( -2.2,   0.9) m, (126.39, 111.55) mas
    1197: ( -1.5,   0.4) m, (137.04, 115.38) mas
    1288: (  0.9,   0.7) m, (174.06, 118.63) mas
     917: (  1.3,  -0.7) m, (173.54, 126.52) mas
     838: (  2.0,  -1.1) m, (182.11, 130.83) mas
     750: (  2.8,  -1.5) m, (191.35, 135.37) mas
     654: (  3.5,  -1.9) m, (201.70, 139.98) mas
    1030: (  5.2,  -0.4) m, (229.65, 125.92) mas
sa index   location       noise equivalent angle
     615: ( -3.7,  -1.9) m, (111.29, 106.61) mas
     771: ( -2.6,  -1.3) m, (121.88, 110.26) mas
     822: ( -2.2,  -1.1) m, (126.39, 111.55) mas
     959: ( -1.5,  -0.6) m, (137.04, 115.38) mas
     873: (  0.9,  -0.9) m, (176.20, 120.28) mas
    1246: (  1.3,   0.6) m, (173.71, 126.70) mas
    1339: (  2.0,   0.9) m, (182.11, 130.83) mas
    1443: (  2.8,   1.3) m, (191.35, 135.37) mas
    1547: (  3.5,   1.7) m, (201.70, 139.98) mas
    1174: (  5.2,   0.2) m, (229.65, 125.92) mas
sa index   location       noise equivalent angle
      11: ( -1.1,  -4.8) m, (111.00, 114.32) mas
     207: ( -0.9,  -3.7) m, (106.07, 114.73) mas
     367: ( -0.7,  -3.0) m, (107.24, 121.71) mas
     537: ( -0.6,  -2.2) m, (113.03, 137.28) mas
     733: ( -0.4,  -1.5) m, (109.69, 143.32) mas
    1286: ( -1.3,   0.7) m, (109.84, 169.87) mas
    1429: (  0.2,   1.3) m, (114.04, 178.22) mas
    1625: (  0.4,   2.0) m, (120.44, 195.21) mas
    1795: (  0.6,   2.8) m, (117.14, 198.00) mas
    2125: (  0.9,   4.5) m, (120.80, 224.80) mas
    2152: (  2.0,   4.7) m, (136.70, 236.95) mas
sa index   location       noise equivalent angle
     159: (  2.8,  -4.1) m, (105.91, 105.71) mas
     227: (  2.8,  -3.7) m, (106.30, 107.23) mas
     424: (  2.0,  -2.8) m, (110.85, 113.45) mas
     642: (  1.3,  -1.9) m, (117.08, 122.68) mas
     831: (  0.7,  -1.1) m, (127.87, 137.64) mas
    1381: (  0.6,   1.1) m, (125.16, 161.87) mas
    1329: ( -0.9,   0.9) m, (147.82, 164.10) mas
    1520: ( -1.5,   1.7) m, (148.98, 166.34) mas
    1738: ( -2.2,   2.6) m, (157.58, 176.69) mas
    1934: ( -3.0,   3.5) m, (166.25, 188.02) mas
    2036: ( -3.0,   4.1) m, (166.62, 196.20) mas

[00;00mSetting up powfs 2 PO WFS[00;00m

OTF dimension is 48x48 (calculated)
Generating matched filter for powfs 2
Use sanea to derive neasim
Use sanea to derive neasim

[00;00mSetting up reconstructor[00;00m

Recon NEA: cmf(146.64) cmf(146.67) cmf(146.32) cmf(146.50) cmf(146.46) cmf(146.22) cmf(146.58) geom(0.31) geom(0.31) geom(0.31) mf(0.14)  mas
Setup or update control matrix parameters.
RRtwfs svd threshold is 1e-10
Replacing HA by HA*fit->actextrap
Adding piston cr to fit matrix
Adding TT cr on upper DMs to fit matrix.
Before assembling fit matrix:	3572.6 MiB.
Building fit->FR
Building fit->FL
Adding tikhonov constraint of 1.0e-07 to FLM
The maximum eigen value is estimated to be around 3.1e-04
DM Fit number of Low rank terms: 16 in LHS
After assemble fit matrix:	4928.9 MiB.
After setup_recon:	4928.9 MiB.
GPU 0: mem used 1538 MB (wfs init)
GPU 0: mem used 2324 MB (recon init)
GPU 0: mem used 2354 MB (perf init)

*** Simulation started at 2025/02/12 00:15:45 in nid008236. ***

Running seed 1
GPU 0: mem used 2356 MB (wfs seeding)
Wind dir: 267.3 261.7 167.0 130.5 300.7  32.3 119.8 139.0 150.8 277.7 203.0 133.1  45.9 265.1 deg
Using /global/homes/b/bpeck/.aos/cache/atm/vonkarman_14_8192x8192_0.0078125_1115374592d.bin
After genatm:	4836.3 MiB.
Step     #  Open Loop  PR TT  On axis  PR TT  Field RMS PR TT     Timing 
Step     0: OL  884.6  248.3  OA  884.6 248.3 CL  884.6 248.3 nm  0.285 s
Step    14: OL  906.5  253.7  OA  139.0  54.2 CL  139.0  54.2 nm  0.042 s
Step    35: OL  939.6  259.7  OA  122.7   2.7 CL  122.7   2.7 nm  0.048 s
Step    55: OL  969.4  261.0  OA  126.5   4.8 CL  126.5   4.8 nm  0.050 s
Step    70: OL  991.8  259.7  OA  130.0  23.2 CL  130.0  23.2 nm  0.055 s
Step    90: OL 1022.3  257.9  OA  123.6   2.5 CL  123.6   2.5 nm  0.050 s
Step   110: OL 1052.7  257.5  OA  121.6   6.5 CL  121.6   6.5 nm  0.050 s
Step   126: OL 1076.4  259.3  OA  116.7  13.9 CL  116.7  13.9 nm  0.073 s
Step   146: OL 1103.5  265.5  OA  121.3  12.3 CL  121.3  12.3 nm  0.049 s
Step   165: OL 1125.0  274.8  OA  120.7  15.7 CL  120.7  15.7 nm  0.050 s
Step   184: OL 1141.7  286.4  OA  118.7  15.7 CL  118.7  15.7 nm  0.051 s
Step   203: OL 1152.8  298.7  OA  117.4  14.4 CL  117.4  14.4 nm  0.063 s
Step   223: OL 1159.7  311.5  OA  119.3  33.7 CL  119.3  33.7 nm  0.051 s
Step   241: OL 1160.9  323.5  OA  112.6  15.7 CL  112.6  15.7 nm  0.049 s
Step   255 updated high order loop gain: 0.373
Step   260: OL 1155.4  337.0  OA  117.5  30.9 CL  117.5  30.9 nm  0.055 s
Step   280: OL 1141.2  351.5  OA  114.6  23.2 CL  114.6  23.2 nm  0.051 s
Step   300: OL 1121.5  368.1  OA  125.1  42.5 CL  125.1  42.5 nm  0.049 s
Step   320: OL 1098.1  386.7  OA  120.6  30.3 CL  120.6  30.3 nm  0.057 s
Step   340: OL 1072.3  408.5  OA  122.3  36.8 CL  122.3  36.8 nm  0.051 s
Step   359: OL 1048.0  433.0  OA  125.1  36.6 CL  125.1  36.6 nm  0.056 s
Step   377: OL 1026.4  458.6  OA  117.8  11.2 CL  117.8  11.2 nm  0.050 s
Step   397: OL 1004.4  487.5  OA  121.8  24.8 CL  121.8  24.8 nm  0.050 s
Step   417: OL  982.3  515.6  OA  114.9  15.9 CL  114.9  15.9 nm  0.054 s
Step   437: OL  960.0  542.1  OA  119.7  27.3 CL  119.7  27.3 nm  0.049 s
Step   457: OL  940.7  568.2  OA  119.9  25.5 CL  119.9  25.5 nm  0.056 s
Step   476: OL  929.4  592.8  OA  115.6  12.6 CL  115.6  12.6 nm  0.048 s
Step   496: OL  926.7  617.4  OA  117.7   4.2 CL  117.7   4.2 nm  0.049 s
Step   511 updated high order loop gain: 0.345
Step   515: OL  929.8  638.2  OA  117.9  12.2 CL  117.9  12.2 nm  0.054 s
Step   534: OL  937.0  654.2  OA  119.4  11.7 CL  119.4  11.7 nm  0.055 s
Step   554: OL  949.6  664.8  OA  116.2   9.1 CL  116.2   9.1 nm  0.051 s
Step   573: OL  965.8  669.6  OA  109.9  14.1 CL  109.9  14.1 nm  0.047 s
Step   593: OL  986.5  670.2  OA  113.9   0.5 CL  113.9   0.5 nm  0.053 s
Step   613: OL 1009.6  664.3  OA  116.3   6.6 CL  116.3   6.6 nm  0.061 s
Step   633: OL 1032.8  652.5  OA  116.6  12.3 CL  116.6  12.3 nm  0.049 s
Step   653: OL 1054.0  635.8  OA  117.2   4.1 CL  117.2   4.1 nm  0.050 s
Step   673: OL 1072.5  615.7  OA  118.6  21.9 CL  118.6  21.9 nm  0.058 s
Step   693: OL 1089.1  594.7  OA  117.9  18.1 CL  117.9  18.1 nm  0.049 s
Step   713: OL 1101.3  571.3  OA  120.1  25.8 CL  120.1  25.8 nm  0.049 s
Step   733: OL 1106.7  546.5  OA  119.7  17.8 CL  119.7  17.8 nm  0.052 s
Step   753: OL 1104.9  522.1  OA  116.3  23.2 CL  116.3  23.2 nm  0.053 s
Step   767 updated high order loop gain: 0.330
Step   772: OL 1097.0  500.0  OA  116.6  17.0 CL  116.6  17.0 nm  0.058 s
Step   792: OL 1081.4  477.5  OA  118.1   9.1 CL  118.1   9.1 nm  0.053 s
Step   811: OL 1060.6  456.3  OA  120.6  13.9 CL  120.6  13.9 nm  0.049 s
Step   830: OL 1035.0  435.3  OA  123.0  22.3 CL  123.0  22.3 nm  0.050 s
Step   850: OL 1004.1  414.6  OA  117.7  12.5 CL  117.7  12.5 nm  0.048 s
Step   870: OL  972.5  396.3  OA  115.1   7.0 CL  115.1   7.0 nm  0.049 s
Step   890: OL  942.6  381.5  OA  116.4  13.2 CL  116.4  13.2 nm  0.058 s
Step   910: OL  911.2  369.3  OA  117.0   9.1 CL  117.0   9.1 nm  0.052 s
Step   930: OL  878.8  359.6  OA  116.7   7.6 CL  116.7   7.6 nm  0.050 s
Step   949: OL  849.5  350.6  OA  117.1  13.0 CL  117.1  13.0 nm  0.059 s
Step   969: OL  822.2  340.0  OA  113.5   8.4 CL  113.5   8.4 nm  0.049 s
Step   989: OL  800.4  327.4  OA  120.0  14.3 CL  120.0  14.3 nm  0.051 s
Step  1009: OL  781.8  312.9  OA  117.7  13.0 CL  117.7  13.0 nm  0.050 s
Step  1023 updated high order loop gain: 0.320
Step  1029: OL  767.2  297.4  OA  122.0  23.1 CL  122.0  23.1 nm  0.049 s
Step  1049: OL  755.7  280.4  OA  119.1  15.6 CL  119.1  15.6 nm  0.058 s
Step  1069: OL  745.2  260.8  OA  120.7  10.4 CL  120.7  10.4 nm  0.049 s
Step  1089: OL  739.3  237.8  OA  118.5  21.1 CL  118.5  21.1 nm  0.054 s
Step  1108: OL  737.7  217.1  OA  120.8  24.8 CL  120.8  24.8 nm  0.087 s
Step  1128: OL  738.2  198.6  OA  120.2  32.6 CL  120.2  32.6 nm  0.050 s
Step  1147: OL  739.3  185.2  OA  115.8  29.2 CL  115.8  29.2 nm  0.049 s
Step  1167: OL  740.4  175.4  OA  113.7  22.6 CL  113.7  22.6 nm  0.048 s
Step  1187: OL  742.9  169.9  OA  114.4  11.8 CL  114.4  11.8 nm  0.051 s
Step  1207: OL  747.3  165.9  OA  115.1  23.7 CL  115.1  23.7 nm  0.059 s
Step  1227: OL  751.2  163.8  OA  113.3  21.1 CL  113.3  21.1 nm  0.051 s
Step  1247: OL  753.2  165.7  OA  114.6  13.4 CL  114.6  13.4 nm  0.050 s
Step  1267: OL  755.9  172.6  OA  110.2  22.9 CL  110.2  22.9 nm  0.051 s
Step  1279 updated high order loop gain: 0.315
Step  1286: OL  760.0  182.8  OA  115.2  38.0 CL  115.2  38.0 nm  0.052 s
Step  1305: OL  765.5  195.5  OA  113.8  15.1 CL  113.8  15.1 nm  0.053 s
Step  1324: OL  770.7  210.3  OA  111.3  10.2 CL  111.3  10.2 nm  0.050 s
Step  1344: OL  778.5  228.1  OA  112.1  13.2 CL  112.1  13.2 nm  0.049 s
Step  1363: OL  789.6  244.7  OA  111.2  10.2 CL  111.2  10.2 nm  0.058 s
Step  1382: OL  803.0  257.6  OA  114.0  13.6 CL  114.0  13.6 nm  0.049 s
Step  1402: OL  820.2  267.2  OA  111.9  11.5 CL  111.9  11.5 nm  0.053 s
Step  1422: OL  840.3  273.1  OA  118.9  20.3 CL  118.9  20.3 nm  0.054 s
Step  1442: OL  860.3  277.3  OA  117.3   7.1 CL  117.3   7.1 nm  0.048 s
Step  1462: OL  878.2  279.5  OA  115.1   7.5 CL  115.1   7.5 nm  0.057 s
Step  1482: OL  891.1  277.9  OA  114.7  11.6 CL  114.7  11.6 nm  0.050 s
Step  1501: OL  895.5  272.5  OA  111.1  11.2 CL  111.1  11.2 nm  0.058 s
Step  1520: OL  894.1  264.1  OA  109.9   2.6 CL  109.9   2.6 nm  0.051 s
Step  1535 updated high order loop gain: 0.312
Step  1540: OL  887.3  252.5  OA  113.9   6.8 CL  113.9   6.8 nm  0.052 s
Step  1560: OL  877.4  239.3  OA  115.1  13.4 CL  115.1  13.4 nm  0.050 s
Step  1580: OL  866.3  227.6  OA  115.2   6.5 CL  115.2   6.5 nm  0.049 s
Step 1599: Output PSF
Step  1599: OL  854.0  219.3  OA  116.8  12.3 CL  116.8  12.3 nm  1.980 s
Mean: 116.85 17.96 115.47  nm.

*** Simulation Finished at 2025/02/12 00:17:19 in nid008236. ***

