Warning(sock.c:516): connect locally (/global/homes/b/bpeck/.aos/tmp/nid003517/scheduler) failed: Invalid argument. 
/global/u2/b/bpeck/work/vismcao/maos -o studies/reduced_ngs/8_lgs/8mag_lgs/6000count -c master_files/reduced_ngs/8_lgs/8mag_lgs/kola_6000act.conf -O 
Output folder is 'studies/reduced_ngs/8_lgs/8mag_lgs/6000count'.
SRC: /global/homes/b/bpeck/code/maos v2.9 4c88b7c2 2024-11-13 16:45:33 -0800
BUILT: /global/homes/b/bpeck/code/maos/optim by GCC (v12) on 2024/11/18 09:40:03 CPU(F64,+O3) with CUDA(v122,F32)
Launched at 2025/02/11 19:32:46 in nid003517 with PID 1957892.
The web based job monitor can be accessed at http://localhost:10300
Main config file is /global/u2/b/bpeck/work/vismcao/master_files/reduced_ngs/8_lgs/8mag_lgs/kola_6000act.conf
Warning(path.c:48): Path not found: path=/global/u2/b/bpeck/work/vismcao/master_files/reduced_ngs/8_lgs/8mag_lgs/bin; abspath=/global/u2/b/bpeck/work/vismcao/master_files/reduced_ngs/8_lgs/8mag_lgs/bin; Ignored.
Warning(path.c:48): Path not found: path=/global/u2/b/bpeck/work/vismcao/master_files/reduced_ngs/8_lgs/8mag_lgs/atm; abspath=/global/u2/b/bpeck/work/vismcao/master_files/reduced_ngs/8_lgs/8mag_lgs/atm; Ignored.
Warning(readcfg.c:399): sim.apfsm has been renamed to powfs.apfsm.
Warning(readcfg.c:399): sim.epfsm has been renamed to powfs.epfsm.
Warning(readcfg.c:399): sim.alfsm has been renamed to powfs.alfsm.
Warning(readcfg.c:399): sim.commonfsm has been renamed to powfs.commonfsm.
Warning(readcfg.c:399): sim.idealfsm has been renamed to powfs.idealfsm.
Warning(readcfg.c:399): sim.zetafsm has been renamed to powfs.zetafsm.
Warning(readcfg.c:399): sim.f0fsm has been renamed to powfs.f0fsm.
Warning(readcfg.c:399): tsurf has been renamed to ncpa.tsurf.
loaded 132 (132 new) records from '/global/u2/b/bpeck/work/vismcao/./keck_sim.conf'
loaded  19 ( 19 new) records from '/global/u2/b/bpeck/work/vismcao/./dm_none.conf'
loaded  19 (  0 new) records from '/global/u2/b/bpeck/work/vismcao/./keck_ASM.conf'
loaded  19 (  0 new) records from '/global/u2/b/bpeck/work/vismcao/./keck_DM2.conf'
loaded  19 (  0 new) records from '/global/u2/b/bpeck/work/vismcao/./keck_DM3.conf'
loaded   0 (  0 new) records from '/global/u2/b/bpeck/work/vismcao/./keck_dm_multiple.conf'
loaded   7 (  5 new) records from '/global/u2/b/bpeck/work/vismcao/./atm_mk13n50p_ground_detail.conf'
loaded  76 ( 69 new) records from '/global/homes/b/bpeck/code/maos/config/maos/powfs_common.conf'
loaded  44 ( 38 new) records from '/global/u2/b/bpeck/work/vismcao/./powfs_none.conf'
loaded  44 (  0 new) records from '/global/u2/b/bpeck/work/vismcao/./keck_shwfs_lgs.conf'
loaded  44 (  0 new) records from '/global/u2/b/bpeck/work/vismcao/./keck_shwfs_ttf_strap.conf'
loaded  44 (  0 new) records from '/global/u2/b/bpeck/work/vismcao/./keck_shwfs_twfs_lbwfs.conf'
loaded   0 (  0 new) records from '/global/u2/b/bpeck/work/vismcao/./keck_wfs_lgs_strap_lbwfs.conf'
loaded  71 ( 71 new) records from '/global/u2/b/bpeck/work/vismcao/./keck_recon.conf'
Warning(readcfg.c:399): dbg.na_smooth has been renamed to powfs0_llt.na_smooth.
Warning(readcfg.c:399): dbg.na_interp has been renamed to powfs0_llt.na_interp.
Warning(readcfg.c:399): dbg.na_thres has been renamed to powfs0_llt.na_thres.
Warning(readcfg.c:399): dbg.na_fit_maxit has been renamed to powfs0_llt.na_fit_maxit.
Warning(readcfg.c:399): dbg.na_fit_svdthres has been renamed to powfs0_llt.na_fit_svdthres.
Warning(readcfg.c:399): dbg.na_fit_dh has been renamed to powfs0_llt.na_fit_dh.
Warning(readcfg.c:399): dbg.ncpa_preload has been renamed to ncpa.preload.
Warning(readcfg.c:399): dbg.ncpa_rmsci has been renamed to ncpa.rmsci.
Warning(readcfg.c:399): dbg.draw_opdmax has been renamed to plot.opdmax.
Warning(readcfg.c:399): dbg.draw_gmax has been renamed to plot.gmax.
loaded  95 ( 93 new) records from '/global/u2/b/bpeck/work/vismcao/./keck_dbg.conf'
loaded   4 (  4 new) records from '/global/u2/b/bpeck/work/vismcao/./keck_fit_mcao.conf'
Warning(readcfg.c:399): surf has been renamed to ncpa.surf.
loaded  39 (  7 new) records from '/global/u2/b/bpeck/work/vismcao/master_files/reduced_ngs/8_lgs/8mag_lgs/kola_6000act.conf'
loaded   0 (  0 new) records from 'command line'
loaded  24 ( 18 new) records from '/global/u2/b/bpeck/work/vismcao/./keck_llt_CL.conf'
Adjust LGS range by telescope altitude 4145m.
Zenith angle is 30 degree.
    Scaling turbulence height and LGS hs by sec(za).
    Scaling r0 by cos(za)^(3/5).
    Scaling wind speed and LGS signal level by cos(za).
powfs0: Adjusting dx from 0.0078125 to 0.007875. 
powfs0.llt.fsm: f0=0 Hz, LPF ep=0
powfs0.epfsm is set to 0.517618 (auto)
powfs2: Adjusting dx from 0.03125 to 0.0312778. 
powfs2 is TWFS for powfs0
sim.ephi is set to 0.427717 (auto)
sim.eplo is set to 0.427717 (auto)
Warning(parms.c:2296): Layer 1 at 17.3205m is very close to layer 0 at 0m (OK).
Warning(parms.c:2296): Layer 2 at 34.641m is very close to layer 1 at 17.3205m (OK).
Warning(parms.c:2296): Layer 3 at 51.9615m is very close to layer 2 at 34.641m (OK).
dm 0: stroke=30 um is provided in micron.
dm 0: assume ia stroke=2 um is provided in micron.
dm 1: stroke=7 um is provided in micron.
dm 1: assume ia stroke=2 um is provided in micron.
dm 2: stroke=7 um is provided in micron.
dm 2: assume ia stroke=2 um is provided in micron.
Focus blending is not implemented yet for integrated tomography
parms->sim.mffocus is reset to 0
There are 1 valid simulation seeds:  1
Output PSF for 1 directions
Used 449 of 456 supplied keys
Warning(readcfg.c:158): key "dbg.pwfs_flate" is not recognized, value is 0
Warning(readcfg.c:158): key "dbg.pwfs_flatv" is not recognized, value is 0
Warning(readcfg.c:158): key "dbg.pwfs_psx" is not recognized, value is [0 0 0 0]
Warning(readcfg.c:158): key "dbg.pwfs_psy" is not recognized, value is [0 0 0 0]
Warning(readcfg.c:158): key "dbg.pwfs_pupelong" is not recognized, value is 0
Warning(readcfg.c:158): key "dbg.pwfs_raw" is not recognized, value is 0
Warning(readcfg.c:158): key "dbg.pwfs_side" is not recognized, value is 4
[00;00mAperture[00;00m is 11 m with sampling 1/128 m
[00;00mTurbulence at 30 degree zenith angle:[00;00m r0=0.128424m, L0=30m, 14 layers.
    Greenwood freq is 25.1Hz, anisoplanatic angle is 1.58 as
    Sampled 8192x8192 at 1/128m. wind dir is randomized.
    layer 0: ht=      0 m, wt= 0.302, ws=  4.8 m/s
    layer 1: ht=     17 m, wt= 0.154, ws=  5.0 m/s
    layer 2: ht=     35 m, wt= 0.041, ws=  5.4 m/s
    layer 3: ht=     52 m, wt= 0.002, ws=  6.6 m/s
    layer 4: ht=    139 m, wt= 0.021, ws=  6.1 m/s
    layer 5: ht=    231 m, wt= 0.010, ws=  6.1 m/s
    layer 6: ht=    323 m, wt= 0.008, ws=  6.1 m/s
    layer 7: ht=    416 m, wt= 0.005, ws=  6.1 m/s
    layer 8: ht=    508 m, wt= 0.001, ws=  6.1 m/s
    layer 9: ht=    932 m, wt= 0.107, ws=  5.6 m/s
    layer 10: ht=   5022 m, wt= 0.144, ws= 11.1 m/s
    layer 11: ht=   9238 m, wt= 0.093, ws= 19.1 m/s
    layer 12: ht=  13856 m, wt= 0.075, ws=  8.2 m/s
    layer 13: ht=  22518 m, wt= 0.036, ws=  4.8 m/s
[00;00mReconstruction[00;00m: r0=0.128424m L0=30m. 14 layers. use cone coordinate.
    layer 0: ht=      0 m, wt= 0.302
    layer 1: ht=     17 m, wt= 0.154
    layer 2: ht=     35 m, wt= 0.041
    layer 3: ht=     52 m, wt= 0.002
    layer 4: ht=    139 m, wt= 0.021
    layer 5: ht=    231 m, wt= 0.010
    layer 6: ht=    323 m, wt= 0.008
    layer 7: ht=    416 m, wt= 0.005
    layer 8: ht=    508 m, wt= 0.001
    layer 9: ht=    932 m, wt= 0.107
    layer 10: ht=   5022 m, wt= 0.144
    layer 11: ht=   9238 m, wt= 0.093
    layer 12: ht=  13856 m, wt= 0.075
    layer 13: ht=  22518 m, wt= 0.036
[00;00mThere are 3 powfs[00;00m
  powfs0: Order 88, LGS at 99.1 km. Sampling 1/126.984 m. Thres 30%. [00;00mT/T is removed in right hand side in tomography.[00;00m
    CCD image is 25x25 @ 500x500 mas, blur 27% (sigma), 1500Hz, wvl: [ 5.89e-07]
    Gtilt in reconstruction. Physical optics start at 0 with [00;00m'matched filter'[00;00m [00;00m(noisy)[00;00m
  powfs1: Order  2, NGS at inf km. Sampling 1/16 m. Thres 30%. 
    Ztilt in reconstruction. Geomtric optics start at 2 with ztilt [00;00m(noisy)[00;00m
  powfs2: Order 20, NGS at inf km. Sampling 1/31.9716 m. Thres 50%. 
    CCD image is 4x4 @ 1500x1500 mas, blur 0% (sigma), 0.015Hz, wvl: [ 7.2e-07]
    Gtilt in reconstruction. Geomtric optics start at 50 with gtilt Physical optics start at 0 with [00;00m'matched filter'[00;00m [00;00m(noisy)[00;00m
[00;00mThere are 12 wfs[00;00m
    wfs 0: type 0, at (  30.00,    0.00) arcsec,  99 km, siglev is 19.0361 bkgrnd is 0.1
    wfs 1: type 0, at (  21.21,   21.21) arcsec,  99 km, siglev is 19.0361 bkgrnd is 0.1
    wfs 2: type 0, at (   0.00,   30.00) arcsec,  99 km, siglev is 19.0361 bkgrnd is 0.1
    wfs 3: type 0, at ( -21.21,   21.21) arcsec,  99 km, siglev is 19.0361 bkgrnd is 0.1
    wfs 4: type 0, at ( -30.00,    0.00) arcsec,  99 km, siglev is 19.0361 bkgrnd is 0.1
    wfs 5: type 0, at ( -21.21,  -21.21) arcsec,  99 km, siglev is 19.0361 bkgrnd is 0.1
    wfs 6: type 0, at (   0.00,  -30.00) arcsec,  99 km, siglev is 19.0361 bkgrnd is 0.1
    wfs 7: type 0, at (  21.21,  -21.21) arcsec,  99 km, siglev is 19.0361 bkgrnd is 0.1
    wfs 8: type 1, at (   5.00,    8.66) arcsec, inf km, siglev is 42387.6 bkgrnd is 1.056
    wfs 9: type 1, at ( -10.00,    0.00) arcsec, inf km, siglev is 42387.6 bkgrnd is 1.056
    wfs 10: type 1, at (   5.00,   -8.66) arcsec, inf km, siglev is 42387.6 bkgrnd is 1.056
    wfs 11: type 2, at (   0.00,    0.00) arcsec, inf km, siglev is 4.1558e+06 bkgrnd is 0.001
[00;00mThere are 3 DMs[00;00m
  DM 0 at -0.1km, actuator pitch 0.126m, offset   0, with 30.000000 micron stroke.
    Normalized cubic influence function with inter-actuator coupling of 0.223
  DM 1 at    6km, actuator pitch 0.168m, offset   0, with 7.000000 micron stroke.
    Normalized cubic influence function with inter-actuator coupling of 0.223
  DM 2 at   10km, actuator pitch 0.168m, offset   0, with 7.000000 micron stroke.
    Normalized cubic influence function with inter-actuator coupling of 0.223
[00;00mTomography[00;00m is using CG, with [00;00mFourer Domain[00;00m preconditioner, [00;00m12[00;00m iterations, integrated tomo.
[00;00mDM Fitting [00;00mis using CG, with [00;00mNo[00;00m preconditioner, [00;00m10[00;00m iterations
[00;00mThere are 9 fit directions[00;00m
    Fit 0: weight is 0.444, at (   0.00,    0.00) arcsec
    Fit 1: weight is 0.111, at (  15.00,    0.00) arcsec
    Fit 2: weight is 0.111, at (   0.00,   15.00) arcsec
    Fit 3: weight is 0.111, at ( -15.00,    0.00) arcsec
    Fit 4: weight is 0.111, at (   0.00,  -15.00) arcsec
    Fit 5: weight is 0.028, at (  15.00,   15.00) arcsec
    Fit 6: weight is 0.028, at ( -15.00,   15.00) arcsec
    Fit 7: weight is 0.028, at ( -15.00,  -15.00) arcsec
    Fit 8: weight is 0.028, at (  15.00,  -15.00) arcsec
[00;00mThere are 1 evaluation directions[00;00m at sampling 1/128 m.
    Evl 0: weight is 1.000, at (   0.00,    0.00) arcsec
[00;00mSimulation[00;00m start at step 0, end at step 1600, with time step 1/1500s, [00;00mclose loop[00;00m.
After setup_parms:	120.5 MiB.
Warning(sock.c:516): connect locally (/global/homes/b/bpeck/.aos/tmp/nid003517/scheduler) failed: Invalid argument. 
CUDA: minimum memory requirement is 0.3GB
GPU 0 is NVIDIA A100-SXM4-40GB with arch 8.0, 38.9GB free, 39.3GB total device memory.
Using GPU 0
Use 1 GPUs for WFS Tomo Fit Evl

*** Preparation started at 2025/02/11 19:32:47 in nid003517. ***

Using OpenMP version 201511 with 128 threads
Reading aperture amplitude map from KECK.fits
Warning(accphi.c:477): 108390 points not covered by input screen
Warning(sock.c:516): connect locally (/global/homes/b/bpeck/.aos/tmp/nid003517/scheduler) failed: Invalid argument. 
 ->maos.c:447->setup.c:148->aper.c:74->utils.c:478->accphi.c:478
iwvl 0: Science PSF is using grid size of 2880. The PSF will sum to 6.95167232825486
iwvl 1: Science PSF is using grid size of 2880. The PSF will sum to 6.95167232825486
iwvl 2: Science PSF is using grid size of 2880. The PSF will sum to 6.95167232825486
iwvl 3: Science PSF is using grid size of 2880. The PSF will sum to 6.95167232825486
iwvl 4: Science PSF is using grid size of 2880. The PSF will sum to 6.95167232825486
iwvl 5: Science PSF is using grid size of 2880. The PSF will sum to 6.95167232825486
iwvl 6: Science PSF is using grid size of 2880. The PSF will sum to 6.95167232825486
iwvl 7: Science PSF is using grid size of 2880. The PSF will sum to 6.95167232825486
iwvl 8: Science PSF is using grid size of 2880. The PSF will sum to 6.95167232825486
After setup_aper:	343.0 MiB.

[00;00mSetting up powfs 0 geom[00;00m

There are 16 points in each subaperture of 0.126m.
There are 4663 valid subaperture.

[00;00mSetting up powfs 1 geom[00;00m

There are 88 points in each subaperture of 5.5m.
There are 4 valid subaperture.

[00;00mSetting up powfs 2 geom[00;00m

There are 18 points in each subaperture of 0.563m.
There are 236 valid subaperture.
After setup_powfs_init:	421.9 MiB.

[00;00mSetting up reconstructor geometry.[00;00m

PLOC is 179x179, with sampling of 0.06m (square)
    DM 0: grid is 91 x 91
    DM 1: grid is 75 x 75
    DM 2: grid is 81 x 81
FLOC is 179x179, with sampling of 0.06m (not square)
Tomography grid is square:
    layer 0: xloc grid is 320 x 320, sampling is 0.063 m, 102400 points
    layer 1: xloc grid is 320 x 320, sampling is 0.063 m, 102400 points
    layer 2: xloc grid is 320 x 320, sampling is 0.063 m, 102400 points
    layer 3: xloc grid is 320 x 320, sampling is 0.063 m, 102400 points
    layer 4: xloc grid is 320 x 320, sampling is 0.063 m, 102400 points
    layer 5: xloc grid is 320 x 320, sampling is 0.063 m, 102400 points
    layer 6: xloc grid is 320 x 320, sampling is 0.063 m, 102400 points
    layer 7: xloc grid is 320 x 320, sampling is 0.063 m, 102400 points
    layer 8: xloc grid is 320 x 320, sampling is 0.063 m, 102400 points
    layer 9: xloc grid is 320 x 320, sampling is 0.062 m, 102400 points
    layer 10: xloc grid is 320 x 320, sampling is 0.060 m, 102400 points
    layer 11: xloc grid is 320 x 320, sampling is 0.057 m, 102400 points
    layer 12: xloc grid is 320 x 320, sampling is 0.054 m, 102400 points
    layer 13: xloc grid is 320 x 320, sampling is 0.049 m, 102400 points

[00;00mSetting up powfs 0 PO WFS[00;00m

OTF dimension is 32x32 (calculated)
Uplink FWHM (illt 0, iwvl 0) is 0.579373"
Downlink FWHM (illt 0, iwvl 0) is 1.5197"
Generating matched filter for powfs 0
sa index   location       noise equivalent angle
    2329: (  4.9,  -0.1) m, (200.95, 192.96) mas
    2320: (  3.8,  -0.1) m, (216.24, 194.98) mas
    2311: (  2.6,  -0.1) m, (235.86, 197.53) mas
    2302: (  1.5,  -0.1) m, (262.07, 200.87) mas
    2300: (  1.3,  -0.1) m, (269.28, 201.74) mas
    1628: ( -0.5,  -1.4) m, (315.49, 212.40) mas
    2296: ( -1.8,  -0.1) m, (350.56, 211.21) mas
    2287: ( -2.9,  -0.1) m, (382.66, 214.77) mas
    2279: ( -3.9,  -0.1) m, (410.59, 217.89) mas
    2270: ( -5.0,  -0.1) m, (443.22, 221.39) mas
    2267: ( -5.4,  -0.1) m, (453.54, 222.51) mas
sa index   location       noise equivalent angle
    3810: (  2.6,   2.6) m, (206.18, 206.18) mas
    3420: (  1.9,   1.9) m, (220.54, 220.30) mas
    2972: (  1.1,   1.1) m, (230.90, 230.90) mas
    2835: (  0.9,   0.9) m, (235.81, 235.81) mas
    1706: (  0.5,  -1.3) m, (245.35, 282.09) mas
    1696: ( -1.3,  -1.3) m, (281.14, 281.14) mas
    1247: ( -2.0,  -2.0) m, (302.82, 302.37) mas
     856: ( -2.8,  -2.8) m, (317.18, 317.18) mas
     543: ( -3.4,  -3.4) m, (332.28, 332.28) mas
     188: ( -3.0,  -4.3) m, (324.31, 356.34) mas
sa index   location       noise equivalent angle
    4304: (  0.0,   3.8) m, (204.00, 223.14) mas
    3789: (  0.0,   2.6) m, (206.76, 243.57) mas
    3185: (  0.0,   1.5) m, (210.39, 270.88) mas
    3037: (  0.0,   1.3) m, (211.33, 278.38) mas
    2095: (  1.3,  -0.5) m, (212.40, 315.49) mas
    1410: (  0.0,  -1.8) m, (221.63, 363.13) mas
     816: (  0.0,  -2.9) m, (225.52, 396.59) mas
     362: (  0.0,  -3.9) m, (228.91, 425.67) mas
     112: (  0.0,  -4.5) m, (233.32, 447.68) mas
      13: (  2.3,  -4.9) m, (234.51, 439.33) mas
sa index   location       noise equivalent angle
    3828: ( -2.9,   2.8) m, (203.03, 203.03) mas
    3389: ( -2.0,   1.9) m, (222.16, 221.40) mas
    2956: ( -1.3,   1.1) m, (230.90, 230.90) mas
    2832: ( -1.0,   0.9) m, (235.81, 235.81) mas
    2642: (  1.1,   0.5) m, (281.97, 245.25) mas
    1774: (  1.0,  -1.1) m, (278.33, 278.33) mas
    1350: (  1.8,  -1.9) m, (295.97, 295.97) mas
     960: (  2.5,  -2.6) m, (313.83, 313.83) mas
     716: (  3.0,  -3.1) m, (326.61, 326.61) mas
     235: (  2.9,  -4.3) m, (324.31, 356.34) mas
sa index   location       noise equivalent angle
    2270: ( -5.0,  -0.1) m, (200.95, 192.96) mas
    2279: ( -3.9,  -0.1) m, (216.24, 194.98) mas
    2288: ( -2.8,  -0.1) m, (235.86, 197.53) mas
    2297: ( -1.6,  -0.1) m, (262.07, 200.87) mas
    2299: ( -1.4,  -0.1) m, (269.28, 201.74) mas
    3040: (  0.4,   1.3) m, (315.49, 212.40) mas
    2303: (  1.6,  -0.1) m, (350.56, 211.21) mas
    2312: (  2.8,  -0.1) m, (382.66, 214.77) mas
    2320: (  3.8,  -0.1) m, (410.59, 217.89) mas
    2329: (  4.9,  -0.1) m, (443.22, 221.39) mas
    2332: (  5.3,  -0.1) m, (453.54, 222.51) mas
sa index   location       noise equivalent angle
     543: ( -3.4,  -3.4) m, (199.33, 199.33) mas
     919: ( -2.6,  -2.6) m, (208.58, 208.58) mas
    1321: ( -1.9,  -1.9) m, (220.10, 220.10) mas
    1767: ( -1.1,  -1.1) m, (232.43, 232.43) mas
    2026: (  1.1,  -0.6) m, (282.00, 245.28) mas
    2835: (  0.9,   0.9) m, (275.57, 275.57) mas
    3047: (  1.3,   1.3) m, (283.72, 283.72) mas
    3490: (  2.0,   2.0) m, (328.58, 330.51) mas
    3873: (  2.8,   2.8) m, (320.46, 320.46) mas
    4477: (  2.9,   4.2) m, (324.31, 356.34) mas
sa index   location       noise equivalent angle
     362: (  0.0,  -3.9) m, (204.00, 223.14) mas
     878: (  0.0,  -2.8) m, (206.76, 243.57) mas
    1484: (  0.0,  -1.6) m, (210.39, 270.88) mas
    1632: (  0.0,  -1.4) m, (211.33, 278.38) mas
    2576: (  1.3,   0.4) m, (212.40, 315.49) mas
    3259: (  0.0,   1.6) m, (221.63, 363.13) mas
    3851: (  0.0,   2.8) m, (225.52, 396.59) mas
    4304: (  0.0,   3.8) m, (228.91, 425.67) mas
    4554: (  0.0,   4.4) m, (240.18, 458.20) mas
    4661: (  2.3,   4.8) m, (234.54, 439.38) mas
sa index   location       noise equivalent angle
     838: (  2.8,  -2.9) m, (203.03, 203.03) mas
     960: (  2.5,  -2.6) m, (208.58, 208.58) mas
    1350: (  1.8,  -1.9) m, (220.10, 220.10) mas
    1774: (  1.0,  -1.1) m, (232.43, 232.43) mas
    2967: (  0.5,   1.1) m, (245.25, 281.97) mas
    2832: ( -1.0,   0.9) m, (275.57, 275.57) mas
    3026: ( -1.4,   1.3) m, (283.72, 283.72) mas
    3457: ( -2.1,   2.0) m, (328.34, 330.34) mas
    3828: ( -2.9,   2.8) m, (320.46, 320.46) mas
    4430: ( -3.0,   4.2) m, (324.31, 356.34) mas

[00;00mSetting up powfs 2 PO WFS[00;00m

OTF dimension is 48x48 (calculated)
Generating matched filter for powfs 2
Use sanea to derive neasim
Use sanea to derive neasim

[00;00mSetting up reconstructor[00;00m

Recon NEA: cmf(274.10) cmf(272.27) cmf(274.19) cmf(272.27) cmf(274.09) cmf(272.15) cmf(274.02) cmf(272.16) geom(0.31) geom(0.31) geom(0.31) mf(0.14)  mas
Setup or update control matrix parameters.
RRtwfs svd threshold is 1e-10
Replacing HA by HA*fit->actextrap
Adding piston cr to fit matrix
Adding TT cr on upper DMs to fit matrix.
Before assembling fit matrix:	6128.2 MiB.
Building fit->FR
Building fit->FL
Adding tikhonov constraint of 1.0e-07 to FLM
The maximum eigen value is estimated to be around 2.4e-04
DM Fit number of Low rank terms: 16 in LHS
After assemble fit matrix:	8591.6 MiB.
After setup_recon:	8591.6 MiB.
GPU 0: mem used 1656 MB (wfs init)
GPU 0: mem used 3206 MB (recon init)
GPU 0: mem used 3236 MB (perf init)

*** Simulation started at 2025/02/11 19:34:24 in nid003517. ***

Running seed 1
GPU 0: mem used 3238 MB (wfs seeding)
Wind dir: 267.3 261.7 167.0 130.5 300.7  32.3 119.8 139.0 150.8 277.7 203.0 133.1  45.9 265.1 deg
Using /global/homes/b/bpeck/.aos/cache/atm/vonkarman_14_8192x8192_0.0078125_1115374592d.bin
After genatm:	8412.5 MiB.
Step     #  Open Loop  PR TT  On axis  PR TT  Field RMS PR TT     Timing 
Step     0: OL  884.6  248.3  OA  884.6 248.3 CL  884.6 248.3 nm  0.134 s
Step    11: OL  901.4  252.7  OA  176.6  64.8 CL  176.6  64.8 nm  0.090 s
Step    23: OL  920.0  256.8  OA  135.6  38.5 CL  135.6  38.5 nm  0.103 s
Step    34: OL  937.0  259.6  OA  133.5  18.5 CL  133.5  18.5 nm  0.094 s
Step    45: OL  953.5  261.1  OA  135.8  38.6 CL  135.8  38.6 nm  0.101 s
Step    55: OL  968.2  261.2  OA  133.6  28.6 CL  133.6  28.6 nm  0.095 s
Step    66: OL  984.8  260.4  OA  144.6  41.8 CL  144.6  41.8 nm  0.102 s
Step    77: OL 1001.7  259.2  OA  143.8  33.9 CL  143.8  33.9 nm  0.095 s
Step    87: OL 1017.4  258.4  OA  145.2  53.1 CL  145.2  53.1 nm  0.116 s
Step    98: OL 1034.7  257.7  OA  145.7  49.1 CL  145.7  49.1 nm  0.092 s
Step   109: OL 1052.1  257.8  OA  146.4  47.0 CL  146.4  47.0 nm  0.096 s
Step   120: OL 1069.3  258.8  OA  163.9  66.9 CL  163.9  66.9 nm  0.097 s
Step   130: OL 1084.1  260.6  OA  158.3  57.5 CL  158.3  57.5 nm  0.097 s
Step   141: OL 1099.6  264.1  OA  158.9  71.7 CL  158.9  71.7 nm  0.096 s
Step   152: OL 1113.9  268.6  OA  140.8  41.2 CL  140.8  41.2 nm  0.097 s
Step   163: OL 1126.7  274.2  OA  155.3  62.3 CL  155.3  62.3 nm  0.103 s
Step   174: OL 1138.0  280.6  OA  155.4  53.0 CL  155.4  53.0 nm  0.096 s
Step   185: OL 1147.5  287.6  OA  159.8  61.8 CL  159.8  61.8 nm  0.107 s
Step   195: OL 1154.3  294.1  OA  166.9  71.4 CL  166.9  71.4 nm  0.097 s
Step   206: OL 1160.6  301.1  OA  145.0  45.2 CL  145.0  45.2 nm  0.096 s
Step   217: OL 1165.4  308.1  OA  155.7  69.0 CL  155.7  69.0 nm  0.097 s
Step   227: OL 1168.2  314.6  OA  149.8  57.3 CL  149.8  57.3 nm  0.100 s
Step   238: OL 1169.8  321.9  OA  161.8  66.1 CL  161.8  66.1 nm  0.100 s
Step   249: OL 1169.2  329.6  OA  155.8  60.5 CL  155.8  60.5 nm  0.099 s
Step   255 updated high order loop gain: 0.351
Step   260: OL 1165.7  337.5  OA  141.2  44.4 CL  141.2  44.4 nm  0.105 s
Step   271: OL 1159.4  345.4  OA  153.7  62.1 CL  153.7  62.1 nm  0.093 s
Step   282: OL 1150.7  353.5  OA  154.8  55.8 CL  154.8  55.8 nm  0.094 s
Step   293: OL 1140.4  362.4  OA  157.5  64.8 CL  157.5  64.8 nm  0.101 s
Step   304: OL 1129.0  372.1  OA  151.2  54.3 CL  151.2  54.3 nm  0.099 s
Step   315: OL 1116.1  382.2  OA  148.6  55.6 CL  148.6  55.6 nm  0.099 s
Step   326: OL 1101.8  393.1  OA  136.5  27.7 CL  136.5  27.7 nm  0.096 s
Step   337: OL 1087.0  405.2  OA  148.4  49.4 CL  148.4  49.4 nm  0.099 s
Step   348: OL 1072.0  418.7  OA  138.0  37.1 CL  138.0  37.1 nm  0.099 s
Step   358: OL 1058.4  431.9  OA  133.2  28.7 CL  133.2  28.7 nm  0.099 s
Step   369: OL 1043.9  447.3  OA  139.7  37.9 CL  139.7  37.9 nm  0.092 s
Step   380: OL 1030.0  463.1  OA  141.4  41.2 CL  141.4  41.2 nm  0.093 s
Step   391: OL 1016.6  479.0  OA  126.4  12.0 CL  126.4  12.0 nm  0.104 s
Step 398, DM 2: 1 actuators over ia limit. trials=2: success.
Step 399, DM 2: 1 actuators over ia limit. trials=2: success.
Step 400, DM 2: 1 actuators over ia limit. trials=2: success.
Step 401, DM 2: 1 actuators over ia limit. trials=2: success.
Step   402: OL 1003.3  494.8  OA  131.1  11.9 CL  131.1  11.9 nm  0.102 s
Step 402, DM 2: 1 actuators over ia limit. trials=2: success.
Step 403, DM 2: 1 actuators over ia limit. trials=2: success.
Step 404, DM 2: 1 actuators over ia limit. trials=2: success.
Step 405, DM 2: 1 actuators over ia limit. trials=2: success.
Step 406, DM 2: 1 actuators over ia limit. trials=2: success.
Step 407, DM 2: 1 actuators over ia limit. trials=2: success.
Step 408, DM 2: 1 actuators over ia limit. trials=2: success.
Step 409, DM 2: 1 actuators over ia limit. trials=2: success.
Step 410, DM 2: 1 actuators over ia limit. trials=2: success.
Step 411, DM 2: 1 actuators over ia limit. trials=2: success.
Step   412: OL  990.9  508.8  OA  125.6   4.8 CL  125.6   4.8 nm  0.095 s
Step 412, DM 2: 1 actuators over ia limit. trials=2: success.
Step 413, DM 2: 1 actuators over ia limit. trials=2: success.
Step 414, DM 2: 1 actuators over ia limit. trials=2: success.
Step 415, DM 2: 1 actuators over ia limit. trials=2: success.
Step 416, DM 2: 1 actuators over ia limit. trials=2: success.
Step 417, DM 2: 1 actuators over ia limit. trials=2: success.
Step 418, DM 2: 1 actuators over ia limit. trials=2: success.
Step 419, DM 2: 1 actuators over ia limit. trials=2: success.
Step 420, DM 2: 1 actuators over ia limit. trials=2: success.
Step 421, DM 2: 1 actuators over ia limit. trials=2: success.
Step 422, DM 2: 1 actuators over ia limit. trials=2: success.
Step   423: OL  976.9  523.6  OA  130.3  15.0 CL  130.3  15.0 nm  0.098 s
Step 423, DM 2: 1 actuators over ia limit. trials=2: success.
Step 424, DM 2: 1 actuators over ia limit. trials=2: success.
Step 425, DM 2: 1 actuators over ia limit. trials=2: success.
Step 426, DM 2: 1 actuators over ia limit. trials=2: success.
Step 427, DM 2: 1 actuators over ia limit. trials=2: success.
Step 428, DM 2: 1 actuators over ia limit. trials=2: success.
Step 429, DM 2: 1 actuators over ia limit. trials=2: success.
Step 430, DM 2: 1 actuators over ia limit. trials=2: success.
Step 431, DM 2: 1 actuators over ia limit. trials=2: success.
Step 432, DM 2: 1 actuators over ia limit. trials=2: success.
Step   433: OL  964.6  536.9  OA  128.2  21.7 CL  128.2  21.7 nm  0.103 s
Step 433, DM 2: 1 actuators over ia limit. trials=2: success.
Step 434, DM 2: 1 actuators over ia limit. trials=2: success.
Step 435, DM 2: 1 actuators over ia limit. trials=2: success.
Step 436, DM 2: 1 actuators over ia limit. trials=2: success.
Step 437, DM 2: 1 actuators over ia limit. trials=2: success.
Step 438, DM 2: 1 actuators over ia limit. trials=2: success.
Step 439, DM 2: 1 actuators over ia limit. trials=2: success.
Step 440, DM 2: 1 actuators over ia limit. trials=2: success.
Step 441, DM 2: 1 actuators over ia limit. trials=2: success.
Step 442, DM 2: 1 actuators over ia limit. trials=2: success.
Step   443: OL  952.8  549.9  OA  126.4  20.3 CL  126.4  20.3 nm  0.100 s
Step 443, DM 2: 1 actuators over ia limit. trials=2: success.
Step 444, DM 2: 1 actuators over ia limit. trials=2: success.
Step 445, DM 2: 1 actuators over ia limit. trials=2: success.
Step 446, DM 2: 1 actuators over ia limit. trials=2: success.
Step 447, DM 2: 1 actuators over ia limit. trials=2: success.
Step 448, DM 2: 1 actuators over ia limit. trials=2: success.
Step 449, DM 2: 1 actuators over ia limit. trials=2: success.
Step 450, DM 2: 1 actuators over ia limit. trials=2: success.
Step 451, DM 2: 1 actuators over ia limit. trials=2: success.
Step 452, DM 2: 1 actuators over ia limit. trials=2: success.
Step   453: OL  942.1  562.8  OA  124.7   9.1 CL  124.7   9.1 nm  0.096 s
Step 453, DM 2: 1 actuators over ia limit. trials=2: success.
Step 454, DM 2: 1 actuators over ia limit. trials=2: success.
Step 455, DM 2: 1 actuators over ia limit. trials=2: success.
Step 456, DM 2: 1 actuators over ia limit. trials=2: success.
Step 457, DM 2: 1 actuators over ia limit. trials=2: success.
Step 458, DM 2: 1 actuators over ia limit. trials=2: success.
Step 459, DM 2: 1 actuators over ia limit. trials=2: success.
Step 460, DM 2: 1 actuators over ia limit. trials=2: success.
Step 461, DM 2: 1 actuators over ia limit. trials=2: success.
Step 462, DM 2: 1 actuators over ia limit. trials=2: success.
Step   463: OL  933.4  576.0  OA  120.2   9.2 CL  120.2   9.2 nm  0.100 s
Step 463, DM 2: 1 actuators over ia limit. trials=2: success.
Step 464, DM 2: 1 actuators over ia limit. trials=2: success.
Step 465, DM 2: 1 actuators over ia limit. trials=2: success.
Step 466, DM 2: 1 actuators over ia limit. trials=2: success.
Step 467, DM 2: 1 actuators over ia limit. trials=2: success.
Step 468, DM 2: 1 actuators over ia limit. trials=2: success.
Step 469, DM 2: 1 actuators over ia limit. trials=2: success.
Step 470, DM 2: 1 actuators over ia limit. trials=2: success.
Step 471, DM 2: 1 actuators over ia limit. trials=2: success.
Step 472, DM 2: 1 actuators over ia limit. trials=2: success.
Step 473, DM 2: 1 actuators over ia limit. trials=2: success.
Step   474: OL  926.5  590.2  OA  136.5  33.9 CL  136.5  33.9 nm  0.111 s
Step 474, DM 2: 1 actuators over ia limit. trials=2: success.
Step 475, DM 2: 1 actuators over ia limit. trials=2: success.
Step 476, DM 2: 1 actuators over ia limit. trials=2: success.
Step 477, DM 2: 1 actuators over ia limit. trials=2: success.
Step 478, DM 2: 1 actuators over ia limit. trials=2: success.
Step 479, DM 2: 1 actuators over ia limit. trials=2: success.
Step 480, DM 2: 1 actuators over ia limit. trials=2: success.
Step 481, DM 2: 1 actuators over ia limit. trials=2: success.
Step 482, DM 2: 1 actuators over ia limit. trials=2: success.
Step 483, DM 2: 1 actuators over ia limit. trials=2: success.
Step 484, DM 2: 1 actuators over ia limit. trials=2: success.
Step   485: OL  922.9  604.0  OA  126.1   9.2 CL  126.1   9.2 nm  0.098 s
Step 485, DM 2: 1 actuators over ia limit. trials=2: success.
Step 486, DM 2: 1 actuators over ia limit. trials=2: success.
Step 487, DM 2: 1 actuators over ia limit. trials=2: success.
Step 488, DM 2: 1 actuators over ia limit. trials=2: success.
Step 489, DM 2: 1 actuators over ia limit. trials=2: success.
Step 490, DM 2: 1 actuators over ia limit. trials=2: success.
Step 491, DM 2: 1 actuators over ia limit. trials=2: success.
Step 492, DM 2: 1 actuators over ia limit. trials=2: success.
Step 493, DM 2: 1 actuators over ia limit. trials=2: success.
Step 494, DM 2: 1 actuators over ia limit. trials=2: success.
Step   495: OL  922.1  616.1  OA  122.1  23.3 CL  122.1  23.3 nm  0.107 s
Step 495, DM 2: 1 actuators over ia limit. trials=2: success.
Step 496, DM 2: 1 actuators over ia limit. trials=2: success.
Step 497, DM 2: 1 actuators over ia limit. trials=2: success.
Step 498, DM 2: 1 actuators over ia limit. trials=2: success.
Step 499, DM 1: 1 actuators over ia limit. trials=2: success.
Step 499, DM 2: 1 actuators over ia limit. trials=2: success.
Step 500, DM 1: 1 actuators over ia limit. trials=2: success.
Step 500, DM 2: 1 actuators over ia limit. trials=2: success.
Step 501, DM 1: 1 actuators over ia limit. trials=2: success.
Step 501, DM 2: 1 actuators over ia limit. trials=2: success.
Step 502, DM 1: 1 actuators over ia limit. trials=2: success.
Step 502, DM 2: 1 actuators over ia limit. trials=2: success.
Step 503, DM 1: 1 actuators over ia limit. trials=2: success.
Step 503, DM 2: 1 actuators over ia limit. trials=2: success.
Step 504, DM 1: 1 actuators over ia limit. trials=2: success.
Step 504, DM 2: 1 actuators over ia limit. trials=2: success.
Step   505: OL  922.9  627.5  OA  121.5   2.6 CL  121.5   2.6 nm  0.103 s
Step 505, DM 1: 1 actuators over ia limit. trials=2: success.
Step 505, DM 2: 1 actuators over ia limit. trials=2: success.
Step 506, DM 1: 1 actuators over ia limit. trials=2: success.
Step 506, DM 2: 1 actuators over ia limit. trials=2: success.
Step 507, DM 1: 1 actuators over ia limit. trials=2: success.
Step 507, DM 2: 1 actuators over ia limit. trials=2: success.
Step 508, DM 1: 1 actuators over ia limit. trials=2: success.
Step 508, DM 2: 1 actuators over ia limit. trials=2: success.
Step 509, DM 1: 1 actuators over ia limit. trials=2: success.
Step 509, DM 2: 1 actuators over ia limit. trials=2: success.
Step 510, DM 1: 1 actuators over ia limit. trials=2: success.
Step 510, DM 2: 1 actuators over ia limit. trials=2: success.
Step   511 updated high order loop gain: 0.299
Step 511, DM 1: 1 actuators over ia limit. trials=2: success.
Step 511, DM 2: 1 actuators over ia limit. trials=2: success.
Step 512, DM 1: 1 actuators over ia limit. trials=2: success.
Step 512, DM 2: 1 actuators over ia limit. trials=2: success.
Step   513: OL  924.6  636.0  OA  121.7   5.6 CL  121.7   5.6 nm  0.110 s
Step 513, DM 1: 1 actuators over ia limit. trials=2: success.
Step 513, DM 2: 1 actuators over ia limit. trials=2: success.
Step 514, DM 1: 1 actuators over ia limit. trials=2: success.
Step 514, DM 2: 1 actuators over ia limit. trials=2: success.
Step 515, DM 1: 1 actuators over ia limit. trials=2: success.
Step 515, DM 2: 1 actuators over ia limit. trials=2: success.
Step 516, DM 1: 1 actuators over ia limit. trials=2: success.
Step 516, DM 2: 1 actuators over ia limit. trials=2: success.
Step 517, DM 1: 1 actuators over ia limit. trials=2: success.
Step 517, DM 2: 1 actuators over ia limit. trials=2: success.
Step 518, DM 1: 1 actuators over ia limit. trials=2: success.
Step 518, DM 2: 1 actuators over ia limit. trials=2: success.
Step 519, DM 1: 1 actuators over ia limit. trials=2: success.
Step 519, DM 2: 1 actuators over ia limit. trials=2: success.
Step 520, DM 1: 1 actuators over ia limit. trials=2: success.
Step 520, DM 2: 1 actuators over ia limit. trials=2: success.
Step 521, DM 1: 1 actuators over ia limit. trials=2: success.
Step 521, DM 2: 1 actuators over ia limit. trials=2: success.
Step 522, DM 1: 1 actuators over ia limit. trials=2: success.
Step 522, DM 2: 1 actuators over ia limit. trials=2: success.
Step 523, DM 1: 1 actuators over ia limit. trials=2: success.
Step 523, DM 2: 1 actuators over ia limit. trials=2: success.
Step   524: OL  928.3  646.3  OA  126.2  10.1 CL  126.2  10.1 nm  0.101 s
Step 524, DM 1: 1 actuators over ia limit. trials=2: success.
Step 524, DM 2: 1 actuators over ia limit. trials=2: success.
Step 525, DM 1: 1 actuators over ia limit. trials=2: success.
Step 525, DM 2: 1 actuators over ia limit. trials=2: success.
Step 526, DM 1: 1 actuators over ia limit. trials=2: success.
Step 526, DM 2: 1 actuators over ia limit. trials=2: success.
Step 527, DM 1: 1 actuators over ia limit. trials=2: success.
Step 527, DM 2: 1 actuators over ia limit. trials=2: success.
Step 528, DM 1: 1 actuators over ia limit. trials=2: success.
Step 528, DM 2: 1 actuators over ia limit. trials=2: success.
Step 529, DM 1: 1 actuators over ia limit. trials=2: success.
Step 529, DM 2: 1 actuators over ia limit. trials=2: success.
Step 530, DM 1: 1 actuators over ia limit. trials=2: success.
Step 530, DM 2: 1 actuators over ia limit. trials=2: success.
Step 531, DM 1: 1 actuators over ia limit. trials=2: success.
Step 531, DM 2: 1 actuators over ia limit. trials=2: success.
Step 532, DM 1: 1 actuators over ia limit. trials=2: success.
Step 532, DM 2: 1 actuators over ia limit. trials=2: success.
Step 533, DM 1: 1 actuators over ia limit. trials=2: success.
Step 533, DM 2: 1 actuators over ia limit. trials=2: success.
Step   534: OL  932.8  654.0  OA  129.3  13.0 CL  129.3  13.0 nm  0.116 s
Step 534, DM 1: 1 actuators over ia limit. trials=2: success.
Step 534, DM 2: 1 actuators over ia limit. trials=2: success.
Step 535, DM 1: 1 actuators over ia limit. trials=2: success.
Step 535, DM 2: 1 actuators over ia limit. trials=2: success.
Step 536, DM 1: 1 actuators over ia limit. trials=2: success.
Step 536, DM 2: 1 actuators over ia limit. trials=2: success.
Step 537, DM 1: 1 actuators over ia limit. trials=2: success.
Step 537, DM 2: 1 actuators over ia limit. trials=2: success.
Step 538, DM 1: 1 actuators over ia limit. trials=2: success.
Step 538, DM 2: 1 actuators over ia limit. trials=2: success.
Step 539, DM 1: 1 actuators over ia limit. trials=2: success.
Step 539, DM 2: 1 actuators over ia limit. trials=2: success.
Step 540, DM 1: 1 actuators over ia limit. trials=2: success.
Step 540, DM 2: 1 actuators over ia limit. trials=2: success.
Step 541, DM 1: 1 actuators over ia limit. trials=2: success.
Step 541, DM 2: 1 actuators over ia limit. trials=2: success.
Step 542, DM 1: 1 actuators over ia limit. trials=2: success.
Step 542, DM 2: 1 actuators over ia limit. trials=2: success.
Step 543, DM 1: 1 actuators over ia limit. trials=2: success.
Step 543, DM 2: 1 actuators over ia limit. trials=2: success.
Step   544: OL  938.8  660.0  OA  131.3  15.2 CL  131.3  15.2 nm  0.101 s
Step 544, DM 1: 1 actuators over ia limit. trials=2: success.
Step 544, DM 2: 1 actuators over ia limit. trials=2: success.
Step 545, DM 1: 1 actuators over ia limit. trials=2: success.
Step 545, DM 2: 1 actuators over ia limit. trials=2: success.
Step 546, DM 1: 1 actuators over ia limit. trials=2: success.
Step 546, DM 2: 1 actuators over ia limit. trials=2: success.
Step 547, DM 1: 1 actuators over ia limit. trials=2: success.
Step 547, DM 2: 1 actuators over ia limit. trials=2: success.
Step 548, DM 1: 1 actuators over ia limit. trials=2: success.
Step 548, DM 2: 1 actuators over ia limit. trials=2: success.
Step 549, DM 1: 1 actuators over ia limit. trials=2: success.
Step 549, DM 2: 1 actuators over ia limit. trials=2: success.
Step 550, DM 1: 1 actuators over ia limit. trials=2: success.
Step 550, DM 2: 1 actuators over ia limit. trials=2: success.
Step 551, DM 1: 1 actuators over ia limit. trials=2: success.
Step 551, DM 2: 1 actuators over ia limit. trials=2: success.
Step 552, DM 1: 1 actuators over ia limit. trials=2: success.
Step 552, DM 2: 1 actuators over ia limit. trials=2: success.
Step 553, DM 1: 1 actuators over ia limit. trials=2: success.
Step 553, DM 2: 1 actuators over ia limit. trials=2: success.
Step   554: OL  946.2  664.5  OA  125.3  19.8 CL  125.3  19.8 nm  0.106 s
Step 554, DM 1: 1 actuators over ia limit. trials=2: success.
Step 554, DM 2: 1 actuators over ia limit. trials=2: success.
Step 555, DM 1: 1 actuators over ia limit. trials=2: success.
Step 555, DM 2: 1 actuators over ia limit. trials=2: success.
Step 556, DM 1: 1 actuators over ia limit. trials=2: success.
Step 556, DM 2: 1 actuators over ia limit. trials=2: success.
Step 557, DM 1: 1 actuators over ia limit. trials=2: success.
Step 557, DM 2: 1 actuators over ia limit. trials=2: success.
Step 558, DM 1: 1 actuators over ia limit. trials=2: success.
Step 558, DM 2: 1 actuators over ia limit. trials=2: success.
Step 559, DM 1: 1 actuators over ia limit. trials=2: success.
Step 559, DM 2: 1 actuators over ia limit. trials=2: success.
Step 560, DM 1: 1 actuators over ia limit. trials=2: success.
Step 560, DM 2: 1 actuators over ia limit. trials=2: success.
Step 561, DM 1: 1 actuators over ia limit. trials=2: success.
Step 561, DM 2: 1 actuators over ia limit. trials=2: success.
Step 562, DM 1: 1 actuators over ia limit. trials=2: success.
Step 562, DM 2: 1 actuators over ia limit. trials=2: success.
Step 563, DM 1: 1 actuators over ia limit. trials=2: success.
Step 563, DM 2: 1 actuators over ia limit. trials=2: success.
Step   564: OL  954.9  667.6  OA  121.6  20.4 CL  121.6  20.4 nm  0.098 s
Step 564, DM 1: 1 actuators over ia limit. trials=2: success.
Step 564, DM 2: 1 actuators over ia limit. trials=2: success.
Step 565, DM 1: 1 actuators over ia limit. trials=2: success.
Step 565, DM 2: 1 actuators over ia limit. trials=2: success.
Step 566, DM 1: 1 actuators over ia limit. trials=2: success.
Step 566, DM 2: 1 actuators over ia limit. trials=2: success.
Step 567, DM 1: 1 actuators over ia limit. trials=2: success.
Step 567, DM 2: 1 actuators over ia limit. trials=2: success.
Step 568, DM 1: 1 actuators over ia limit. trials=2: success.
Step 568, DM 2: 1 actuators over ia limit. trials=2: success.
Step 569, DM 1: 1 actuators over ia limit. trials=2: success.
Step 569, DM 2: 1 actuators over ia limit. trials=2: success.
Step 570, DM 1: 1 actuators over ia limit. trials=2: success.
Step 570, DM 2: 1 actuators over ia limit. trials=2: success.
Step 571, DM 1: 1 actuators over ia limit. trials=2: success.
Step 571, DM 2: 1 actuators over ia limit. trials=2: success.
Step 572, DM 1: 1 actuators over ia limit. trials=2: success.
Step 572, DM 2: 1 actuators over ia limit. trials=2: success.
Step 573, DM 1: 1 actuators over ia limit. trials=2: success.
Step 573, DM 2: 1 actuators over ia limit. trials=2: success.
Step   574: OL  964.6  669.5  OA  122.3  14.1 CL  122.3  14.1 nm  0.097 s
Step 574, DM 1: 1 actuators over ia limit. trials=2: success.
Step 574, DM 2: 1 actuators over ia limit. trials=2: success.
Step 575, DM 1: 1 actuators over ia limit. trials=2: success.
Step 575, DM 2: 1 actuators over ia limit. trials=2: success.
Step 576, DM 1: 1 actuators over ia limit. trials=2: success.
Step 576, DM 2: 1 actuators over ia limit. trials=2: success.
Step 577, DM 1: 1 actuators over ia limit. trials=2: success.
Step 577, DM 2: 1 actuators over ia limit. trials=2: success.
Step 578, DM 1: 1 actuators over ia limit. trials=2: success.
Step 578, DM 2: 1 actuators over ia limit. trials=2: success.
Step 579, DM 1: 1 actuators over ia limit. trials=2: success.
Step 579, DM 2: 1 actuators over ia limit. trials=2: success.
Step 580, DM 1: 1 actuators over ia limit. trials=2: success.
Step 580, DM 2: 1 actuators over ia limit. trials=2: success.
Step 581, DM 1: 1 actuators over ia limit. trials=2: success.
Step 581, DM 2: 1 actuators over ia limit. trials=2: success.
Step 582, DM 1: 1 actuators over ia limit. trials=2: success.
Step 582, DM 2: 1 actuators over ia limit. trials=2: success.
Step 583, DM 1: 1 actuators over ia limit. trials=2: success.
Step 583, DM 2: 1 actuators over ia limit. trials=2: success.
Step   584: OL  975.2  670.4  OA  122.7  10.8 CL  122.7  10.8 nm  0.100 s
Step 584, DM 1: 1 actuators over ia limit. trials=2: success.
Step 584, DM 2: 1 actuators over ia limit. trials=2: success.
Step 585, DM 1: 1 actuators over ia limit. trials=2: success.
Step 585, DM 2: 1 actuators over ia limit. trials=2: success.
Step 586, DM 1: 1 actuators over ia limit. trials=2: success.
Step 586, DM 2: 1 actuators over ia limit. trials=2: success.
Step 587, DM 1: 1 actuators over ia limit. trials=2: success.
Step 587, DM 2: 1 actuators over ia limit. trials=2: success.
Step 588, DM 1: 1 actuators over ia limit. trials=2: success.
Step 588, DM 2: 1 actuators over ia limit. trials=2: success.
Step 589, DM 1: 1 actuators over ia limit. trials=2: success.
Step 589, DM 2: 1 actuators over ia limit. trials=2: success.
Step 590, DM 1: 1 actuators over ia limit. trials=2: success.
Step 590, DM 2: 1 actuators over ia limit. trials=2: success.
Step 591, DM 1: 1 actuators over ia limit. trials=2: success.
Step 591, DM 2: 1 actuators over ia limit. trials=2: success.
Step 592, DM 1: 1 actuators over ia limit. trials=2: success.
Step 592, DM 2: 1 actuators over ia limit. trials=2: success.
Step 593, DM 1: 1 actuators over ia limit. trials=2: success.
Step 593, DM 2: 1 actuators over ia limit. trials=2: success.
Step   594: OL  986.8  669.8  OA  125.5  23.2 CL  125.5  23.2 nm  0.101 s
Step 594, DM 1: 1 actuators over ia limit. trials=2: success.
Step 594, DM 2: 1 actuators over ia limit. trials=2: success.
Step 595, DM 1: 1 actuators over ia limit. trials=2: success.
Step 595, DM 2: 1 actuators over ia limit. trials=2: success.
Step 596, DM 1: 1 actuators over ia limit. trials=2: success.
Step 596, DM 2: 1 actuators over ia limit. trials=2: success.
Step 597, DM 1: 1 actuators over ia limit. trials=2: success.
Step 597, DM 2: 1 actuators over ia limit. trials=2: success.
Step 598, DM 1: 1 actuators over ia limit. trials=2: success.
Step 598, DM 2: 1 actuators over ia limit. trials=2: success.
Step 599, DM 1: 1 actuators over ia limit. trials=2: success.
Step 599, DM 2: 1 actuators over ia limit. trials=2: success.
Step 600, DM 1: 1 actuators over ia limit. trials=2: success.
Step 600, DM 2: 1 actuators over ia limit. trials=2: success.
Step 601, DM 1: 1 actuators over ia limit. trials=2: success.
Step 601, DM 2: 1 actuators over ia limit. trials=2: success.
Step 602, DM 1: 1 actuators over ia limit. trials=2: success.
Step 602, DM 2: 1 actuators over ia limit. trials=2: success.
Step 603, DM 1: 1 actuators over ia limit. trials=2: success.
Step 603, DM 2: 1 actuators over ia limit. trials=2: success.
Step   604: OL  998.9  667.5  OA  121.1  16.1 CL  121.1  16.1 nm  0.100 s
Step 604, DM 1: 1 actuators over ia limit. trials=2: success.
Step 604, DM 2: 1 actuators over ia limit. trials=2: success.
Step 605, DM 1: 1 actuators over ia limit. trials=2: success.
Step 605, DM 2: 1 actuators over ia limit. trials=2: success.
Step 606, DM 1: 1 actuators over ia limit. trials=2: success.
Step 606, DM 2: 1 actuators over ia limit. trials=2: success.
Step 607, DM 1: 1 actuators over ia limit. trials=2: success.
Step 608, DM 1: 1 actuators over ia limit. trials=2: success.
Step 609, DM 1: 1 actuators over ia limit. trials=2: success.
Step 610, DM 1: 1 actuators over ia limit. trials=2: success.
Step 611, DM 1: 1 actuators over ia limit. trials=2: success.
Step 612, DM 1: 1 actuators over ia limit. trials=2: success.
Step 613, DM 1: 1 actuators over ia limit. trials=2: success.
Step   614: OL 1011.1  663.6  OA  122.7  19.7 CL  122.7  19.7 nm  0.105 s
Step 614, DM 1: 1 actuators over ia limit. trials=2: success.
Step 615, DM 1: 1 actuators over ia limit. trials=2: success.
Step 616, DM 1: 1 actuators over ia limit. trials=2: success.
Step 617, DM 1: 1 actuators over ia limit. trials=2: success.
Step 618, DM 1: 1 actuators over ia limit. trials=2: success.
Step 619, DM 1: 1 actuators over ia limit. trials=2: success.
Step 620, DM 1: 1 actuators over ia limit. trials=2: success.
Step 621, DM 1: 1 actuators over ia limit. trials=2: success.
Step 622, DM 1: 1 actuators over ia limit. trials=2: success.
Step 623, DM 1: 1 actuators over ia limit. trials=2: success.
Step   624: OL 1023.3  658.3  OA  124.4  22.7 CL  124.4  22.7 nm  0.106 s
Step 624, DM 1: 1 actuators over ia limit. trials=2: success.
Step 625, DM 1: 1 actuators over ia limit. trials=2: success.
Step 626, DM 1: 1 actuators over ia limit. trials=2: success.
Step 627, DM 1: 1 actuators over ia limit. trials=2: success.
Step 628, DM 1: 1 actuators over ia limit. trials=2: success.
Step 629, DM 1: 1 actuators over ia limit. trials=2: success.
Step 630, DM 1: 1 actuators over ia limit. trials=2: success.
Step 631, DM 1: 1 actuators over ia limit. trials=2: success.
Step 632, DM 1: 1 actuators over ia limit. trials=2: success.
Step 633, DM 1: 1 actuators over ia limit. trials=2: success.
Step   634: OL 1035.2  651.5  OA  121.2  14.0 CL  121.2  14.0 nm  0.095 s
Step 634, DM 1: 1 actuators over ia limit. trials=2: success.
Step 635, DM 1: 1 actuators over ia limit. trials=2: success.
Step 636, DM 1: 1 actuators over ia limit. trials=2: success.
Step 637, DM 1: 1 actuators over ia limit. trials=2: success.
Step 638, DM 1: 1 actuators over ia limit. trials=2: success.
Step 639, DM 1: 1 actuators over ia limit. trials=2: success.
Step 640, DM 1: 1 actuators over ia limit. trials=2: success.
Step 641, DM 1: 1 actuators over ia limit. trials=2: success.
Step 642, DM 1: 1 actuators over ia limit. trials=2: success.
Step 643, DM 1: 1 actuators over ia limit. trials=2: success.
Step 644, DM 1: 1 actuators over ia limit. trials=2: success.
Step   645: OL 1047.6  642.7  OA  123.8  31.7 CL  123.8  31.7 nm  0.107 s
Step 645, DM 1: 1 actuators over ia limit. trials=2: success.
Step 646, DM 1: 1 actuators over ia limit. trials=2: success.
Step 647, DM 1: 1 actuators over ia limit. trials=2: success.
Step 648, DM 1: 1 actuators over ia limit. trials=2: success.
Step 649, DM 1: 1 actuators over ia limit. trials=2: success.
Step 650, DM 1: 1 actuators over ia limit. trials=2: success.
Step 651, DM 1: 1 actuators over ia limit. trials=2: success.
Step 652, DM 1: 1 actuators over ia limit. trials=2: success.
Step 653, DM 1: 1 actuators over ia limit. trials=2: success.
Step 654, DM 1: 1 actuators over ia limit. trials=2: success.
Step   655: OL 1057.8  633.7  OA  127.2  23.6 CL  127.2  23.6 nm  0.094 s
Step 655, DM 1: 1 actuators over ia limit. trials=2: success.
Step 656, DM 1: 1 actuators over ia limit. trials=2: success.
Step 657, DM 1: 1 actuators over ia limit. trials=2: success.
Step 658, DM 1: 1 actuators over ia limit. trials=2: success.
Step 659, DM 1: 1 actuators over ia limit. trials=2: success.
Step 660, DM 1: 1 actuators over ia limit. trials=2: success.
Step 661, DM 1: 1 actuators over ia limit. trials=2: success.
Step 662, DM 1: 1 actuators over ia limit. trials=2: success.
Step 663, DM 1: 1 actuators over ia limit. trials=2: success.
Step 664, DM 1: 1 actuators over ia limit. trials=2: success.
Step 665, DM 1: 1 actuators over ia limit. trials=2: success.
Step   666: OL 1068.4  622.9  OA  129.3  28.5 CL  129.3  28.5 nm  0.104 s
Step 666, DM 1: 1 actuators over ia limit. trials=2: success.
Step 667, DM 1: 1 actuators over ia limit. trials=2: success.
Step 668, DM 1: 1 actuators over ia limit. trials=2: success.
Step 669, DM 1: 1 actuators over ia limit. trials=2: success.
Step 670, DM 1: 1 actuators over ia limit. trials=2: success.
Step 671, DM 1: 1 actuators over ia limit. trials=2: success.
Step 672, DM 1: 1 actuators over ia limit. trials=2: success.
Step 673, DM 1: 1 actuators over ia limit. trials=2: success.
Step 674, DM 1: 1 actuators over ia limit. trials=2: success.
Step 675, DM 1: 1 actuators over ia limit. trials=2: success.
Step   676: OL 1077.3  612.4  OA  124.6  13.5 CL  124.6  13.5 nm  0.098 s
Step 676, DM 1: 1 actuators over ia limit. trials=2: success.
Step 677, DM 1: 1 actuators over ia limit. trials=2: success.
Step 678, DM 1: 1 actuators over ia limit. trials=2: success.
Step 679, DM 1: 1 actuators over ia limit. trials=2: success.
Step 680, DM 1: 1 actuators over ia limit. trials=2: success.
Step 681, DM 1: 1 actuators over ia limit. trials=2: success.
Step 682, DM 1: 1 actuators over ia limit. trials=2: success.
Step 683, DM 1: 1 actuators over ia limit. trials=2: success.
Step 684, DM 1: 1 actuators over ia limit. trials=2: success.
Step 685, DM 1: 1 actuators over ia limit. trials=2: success.
Step   686: OL 1085.9  602.0  OA  127.3  21.8 CL  127.3  21.8 nm  0.103 s
Step 686, DM 1: 1 actuators over ia limit. trials=2: success.
Step 687, DM 1: 1 actuators over ia limit. trials=2: success.
Step 688, DM 1: 1 actuators over ia limit. trials=2: success.
Step 689, DM 1: 1 actuators over ia limit. trials=2: success.
Step 690, DM 1: 1 actuators over ia limit. trials=2: success.
Step 691, DM 1: 1 actuators over ia limit. trials=2: success.
Step 692, DM 1: 1 actuators over ia limit. trials=2: success.
Step 693, DM 1: 1 actuators over ia limit. trials=2: success.
Step 694, DM 1: 1 actuators over ia limit. trials=2: success.
Step 695, DM 1: 1 actuators over ia limit. trials=2: success.
Step 696, DM 1: 1 actuators over ia limit. trials=2: success.
Step   697: OL 1094.4  590.1  OA  125.2  23.0 CL  125.2  23.0 nm  0.093 s
Step 697, DM 1: 1 actuators over ia limit. trials=2: success.
Step 698, DM 1: 1 actuators over ia limit. trials=2: success.
Step 699, DM 1: 1 actuators over ia limit. trials=2: success.
Step 700, DM 1: 1 actuators over ia limit. trials=2: success.
Step 701, DM 1: 1 actuators over ia limit. trials=2: success.
Step 702, DM 1: 1 actuators over ia limit. trials=2: success.
Step 703, DM 1: 1 actuators over ia limit. trials=2: success.
Step 704, DM 1: 1 actuators over ia limit. trials=2: success.
Step 705, DM 1: 1 actuators over ia limit. trials=2: success.
Step 706, DM 1: 1 actuators over ia limit. trials=2: success.
Step   707: OL 1100.6  578.4  OA  131.3  24.0 CL  131.3  24.0 nm  0.096 s
Step 707, DM 1: 1 actuators over ia limit. trials=2: success.
Step 708, DM 1: 1 actuators over ia limit. trials=2: success.
Step   718: OL 1105.5  565.0  OA  131.3  29.1 CL  131.3  29.1 nm  0.093 s
Step   729: OL 1108.2  551.3  OA  130.7  28.3 CL  130.7  28.3 nm  0.107 s
Step   740: OL 1108.5  537.8  OA  128.5  19.5 CL  128.5  19.5 nm  0.093 s
Step   751: OL 1106.6  524.4  OA  133.0  12.7 CL  133.0  12.7 nm  0.102 s
Step   762: OL 1102.6  511.4  OA  128.1   9.4 CL  128.1   9.4 nm  0.091 s
Step   767 updated high order loop gain: 0.277
Step   773: OL 1096.4  498.9  OA  131.4  17.0 CL  131.4  17.0 nm  0.093 s
Step   784: OL 1087.9  486.5  OA  132.2  18.5 CL  132.2  18.5 nm  0.095 s
Step   794: OL 1078.2  475.3  OA  132.1  24.6 CL  132.1  24.6 nm  0.109 s
Step   805: OL 1065.8  463.1  OA  127.8   5.7 CL  127.8   5.7 nm  0.095 s
Step   816: OL 1051.9  450.8  OA  134.3  22.0 CL  134.3  22.0 nm  0.099 s
Step   827: OL 1036.2  438.7  OA  130.8  10.5 CL  130.8  10.5 nm  0.095 s
Step   838: OL 1019.1  426.9  OA  133.2   6.4 CL  133.2   6.4 nm  0.093 s
Step   849: OL 1001.4  415.7  OA  129.5  17.8 CL  129.5  17.8 nm  0.103 s
Step   860: OL  983.6  405.2  OA  128.1   4.4 CL  128.1   4.4 nm  0.093 s
Step   871: OL  966.2  395.7  OA  124.9   5.2 CL  124.9   5.2 nm  0.105 s
Step   882: OL  949.8  387.3  OA  132.7  27.4 CL  132.7  27.4 nm  0.094 s
Step   893: OL  933.5  379.7  OA  126.5   5.8 CL  126.5   5.8 nm  0.101 s
Step   904: OL  916.7  372.8  OA  129.0  27.6 CL  129.0  27.6 nm  0.094 s
Step   915: OL  899.5  367.1  OA  132.0  32.3 CL  132.0  32.3 nm  0.095 s
Step   926: OL  882.5  361.8  OA  125.7  21.0 CL  125.7  21.0 nm  0.106 s
Step   937: OL  865.9  356.6  OA  132.8  31.7 CL  132.8  31.7 nm  0.102 s
Step   948: OL  849.9  351.3  OA  135.4  29.3 CL  135.4  29.3 nm  0.093 s
Step   959: OL  834.9  345.7  OA  134.4  33.3 CL  134.4  33.3 nm  0.095 s
Step   970: OL  821.7  339.6  OA  130.1  32.4 CL  130.1  32.4 nm  0.094 s
Step   981: OL  810.0  332.9  OA  126.7  38.0 CL  126.7  38.0 nm  0.098 s
Step   992: OL  799.5  325.5  OA  130.3  41.8 CL  130.3  41.8 nm  0.094 s
Step  1003: OL  789.5  317.5  OA  132.5  39.2 CL  132.5  39.2 nm  0.103 s
Step  1014: OL  780.4  309.2  OA  120.8  17.5 CL  120.8  17.5 nm  0.096 s
Step  1023 updated high order loop gain: 0.268
Step  1024: OL  773.0  301.5  OA  130.2  37.5 CL  130.2  37.5 nm  0.167 s
Step  1035: OL  765.7  292.6  OA  132.8  39.6 CL  132.8  39.6 nm  0.096 s
Step  1046: OL  759.0  283.2  OA  133.2  29.2 CL  133.2  29.2 nm  0.102 s
Step  1057: OL  752.1  273.1  OA  136.3  46.0 CL  136.3  46.0 nm  0.095 s
Step  1068: OL  745.6  261.8  OA  145.1  57.4 CL  145.1  57.4 nm  0.101 s
Step  1079: OL  740.5  249.4  OA  130.5  31.9 CL  130.5  31.9 nm  0.096 s
Step  1090: OL  736.9  236.6  OA  133.0  32.0 CL  133.0  32.0 nm  0.094 s
Step  1101: OL  734.6  224.3  OA  128.5  29.5 CL  128.5  29.5 nm  0.107 s
Step  1112: OL  733.3  213.0  OA  125.6  18.7 CL  125.6  18.7 nm  0.094 s
Step  1123: OL  732.5  202.6  OA  121.5   0.1 CL  121.5   0.1 nm  0.106 s
Step  1134: OL  732.2  193.8  OA  134.0  32.1 CL  134.0  32.1 nm  0.096 s
Step  1144: OL  732.2  186.8  OA  123.5  15.5 CL  123.5  15.5 nm  0.106 s
Step  1155: OL  732.3  180.4  OA  120.6  27.5 CL  120.6  27.5 nm  0.093 s
Step  1166: OL  732.4  175.5  OA  125.5   5.4 CL  125.5   5.4 nm  0.100 s
Step  1177: OL  732.9  172.0  OA  123.0  19.9 CL  123.0  19.9 nm  0.091 s
Step  1188: OL  734.8  169.3  OA  122.4   9.2 CL  122.4   9.2 nm  0.094 s
Step  1199: OL  737.4  167.0  OA  128.1  20.2 CL  128.1  20.2 nm  0.103 s
Step  1210: OL  740.2  165.0  OA  126.2  21.5 CL  126.2  21.5 nm  0.095 s
Step  1221: OL  743.3  163.6  OA  123.9   2.9 CL  123.9   2.9 nm  0.099 s
Step  1232: OL  746.3  163.3  OA  125.9  23.5 CL  125.9  23.5 nm  0.093 s
Step  1242: OL  748.5  164.3  OA  121.9  19.2 CL  121.9  19.2 nm  0.099 s
Step  1253: OL  751.1  166.7  OA  126.8  23.0 CL  126.8  23.0 nm  0.096 s
Step  1263: OL  754.1  170.4  OA  125.6  31.3 CL  125.6  31.3 nm  0.093 s
Step  1274: OL  757.7  175.6  OA  128.6  26.7 CL  128.6  26.7 nm  0.094 s
Step  1279 updated high order loop gain: 0.258
Step  1285: OL  762.2  181.8  OA  127.0  15.5 CL  127.0  15.5 nm  0.103 s
Step  1296: OL  767.2  188.8  OA  130.2  21.7 CL  130.2  21.7 nm  0.098 s
Step  1307: OL  772.0  196.6  OA  135.2  24.6 CL  135.2  24.6 nm  0.094 s
Step  1318: OL  776.2  205.0  OA  138.7  32.1 CL  138.7  32.1 nm  0.097 s
Step  1326: OL  779.2  211.7  OA  128.6  22.3 CL  128.6  22.3 nm  0.097 s
Step  1337: OL  783.8  221.4  OA  132.4  28.1 CL  132.4  28.1 nm  0.097 s
Step  1348: OL  789.3  231.5  OA  124.2   9.6 CL  124.2   9.6 nm  0.099 s
Step  1359: OL  795.8  241.2  OA  125.1  23.1 CL  125.1  23.1 nm  0.105 s
Step  1370: OL  802.9  249.7  OA  129.4  37.9 CL  129.4  37.9 nm  0.094 s
Step  1381: OL  810.4  256.8  OA  129.8  30.5 CL  129.8  30.5 nm  0.101 s
Step  1392: OL  818.6  262.8  OA  136.2  45.1 CL  136.2  45.1 nm  0.099 s
Step  1403: OL  827.6  267.4  OA  132.4  28.3 CL  132.4  28.3 nm  0.098 s
Step  1414: OL  837.1  271.0  OA  138.8  37.5 CL  138.8  37.5 nm  0.100 s
Step  1424: OL  846.1  273.5  OA  134.5  38.0 CL  134.5  38.0 nm  0.100 s
Step  1435: OL  855.7  276.0  OA  131.6  39.9 CL  131.6  39.9 nm  0.092 s
Step  1446: OL  864.8  277.9  OA  133.1  38.0 CL  133.1  38.0 nm  0.095 s
Step  1457: OL  873.3  279.3  OA  136.9  49.8 CL  136.9  49.8 nm  0.100 s
Step  1468: OL  880.7  279.5  OA  126.9  32.7 CL  126.9  32.7 nm  0.096 s
Step  1479: OL  885.7  278.5  OA  129.7  37.5 CL  129.7  37.5 nm  0.111 s
Step  1490: OL  888.3  276.2  OA  132.4  41.0 CL  132.4  41.0 nm  0.095 s
Step  1501: OL  888.8  272.6  OA  136.3  30.5 CL  136.3  30.5 nm  0.102 s
Step  1512: OL  887.4  268.0  OA  133.3  39.9 CL  133.3  39.9 nm  0.110 s
Step  1522: OL  884.9  263.2  OA  131.4  38.0 CL  131.4  38.0 nm  0.100 s
Step  1533: OL  880.7  257.1  OA  134.6  43.7 CL  134.6  43.7 nm  0.093 s
Step  1535 updated high order loop gain: 0.255
Step  1544: OL  875.4  250.1  OA  129.1  36.1 CL  129.1  36.1 nm  0.094 s
Step  1555: OL  869.8  242.8  OA  132.5  39.7 CL  132.5  39.7 nm  0.103 s
Step  1565: OL  864.7  236.3  OA  137.2  39.6 CL  137.2  39.6 nm  0.096 s
Step  1576: OL  858.8  229.9  OA  147.8  54.8 CL  147.8  54.8 nm  0.104 s
Step  1587: OL  852.5  224.6  OA  141.2  45.8 CL  141.2  45.8 nm  0.095 s
Step  1597: OL  846.4  220.3  OA  141.7  53.5 CL  141.7  53.5 nm  0.108 s
Step 1599: Output PSF
Step  1599: OL  845.2  219.5  OA  146.2  56.3 CL  146.2  56.3 nm  3.349 s
Mean: 129.78 28.37 126.64  nm.

*** Simulation Finished at 2025/02/11 19:37:13 in nid003517. ***

