Warning(sock.c:516): connect locally (/global/homes/b/bpeck/.aos/tmp/nid008236/scheduler) failed: Invalid argument. 
/global/u2/b/bpeck/work/vismcao/maos -o studies/reduced_ngs/7_lgs/8mag_lgs/2000count -c master_files/reduced_ngs/7_lgs/8mag_lgs/kola_2000act.conf -O 
Output folder is 'studies/reduced_ngs/7_lgs/8mag_lgs/2000count'.
SRC: /global/homes/b/bpeck/code/maos v2.9 4c88b7c2 2024-11-13 16:45:33 -0800
BUILT: /global/homes/b/bpeck/code/maos/optim by GCC (v12) on 2024/11/18 09:40:03 CPU(F64,+O3) with CUDA(v122,F32)
Launched at 2025/02/12 00:04:28 in nid008236 with PID 33994.
The web based job monitor can be accessed at http://localhost:10300
Main config file is /global/u2/b/bpeck/work/vismcao/master_files/reduced_ngs/7_lgs/8mag_lgs/kola_2000act.conf
Warning(path.c:48): Path not found: path=/global/u2/b/bpeck/work/vismcao/master_files/reduced_ngs/7_lgs/8mag_lgs/bin; abspath=/global/u2/b/bpeck/work/vismcao/master_files/reduced_ngs/7_lgs/8mag_lgs/bin; Ignored.
Warning(path.c:48): Path not found: path=/global/u2/b/bpeck/work/vismcao/master_files/reduced_ngs/7_lgs/8mag_lgs/atm; abspath=/global/u2/b/bpeck/work/vismcao/master_files/reduced_ngs/7_lgs/8mag_lgs/atm; Ignored.
Warning(readcfg.c:399): sim.apfsm has been renamed to powfs.apfsm.
Warning(readcfg.c:399): sim.epfsm has been renamed to powfs.epfsm.
Warning(readcfg.c:399): sim.alfsm has been renamed to powfs.alfsm.
Warning(readcfg.c:399): sim.commonfsm has been renamed to powfs.commonfsm.
Warning(readcfg.c:399): sim.idealfsm has been renamed to powfs.idealfsm.
Warning(readcfg.c:399): sim.zetafsm has been renamed to powfs.zetafsm.
Warning(readcfg.c:399): sim.f0fsm has been renamed to powfs.f0fsm.
Warning(readcfg.c:399): tsurf has been renamed to ncpa.tsurf.
loaded 132 (132 new) records from '/global/u2/b/bpeck/work/vismcao/./keck_sim.conf'
loaded  19 ( 19 new) records from '/global/u2/b/bpeck/work/vismcao/./dm_none.conf'
loaded  19 (  0 new) records from '/global/u2/b/bpeck/work/vismcao/./keck_ASM.conf'
loaded  19 (  0 new) records from '/global/u2/b/bpeck/work/vismcao/./keck_DM2.conf'
loaded  19 (  0 new) records from '/global/u2/b/bpeck/work/vismcao/./keck_DM3.conf'
loaded   0 (  0 new) records from '/global/u2/b/bpeck/work/vismcao/./keck_dm_multiple.conf'
loaded   7 (  5 new) records from '/global/u2/b/bpeck/work/vismcao/./atm_mk13n50p_ground_detail.conf'
loaded  76 ( 69 new) records from '/global/homes/b/bpeck/code/maos/config/maos/powfs_common.conf'
loaded  44 ( 38 new) records from '/global/u2/b/bpeck/work/vismcao/./powfs_none.conf'
loaded  44 (  0 new) records from '/global/u2/b/bpeck/work/vismcao/./keck_shwfs_lgs.conf'
loaded  44 (  0 new) records from '/global/u2/b/bpeck/work/vismcao/./keck_shwfs_ttf_strap.conf'
loaded  44 (  0 new) records from '/global/u2/b/bpeck/work/vismcao/./keck_shwfs_twfs_lbwfs.conf'
loaded   0 (  0 new) records from '/global/u2/b/bpeck/work/vismcao/./keck_wfs_lgs_strap_lbwfs.conf'
loaded  71 ( 71 new) records from '/global/u2/b/bpeck/work/vismcao/./keck_recon.conf'
Warning(readcfg.c:399): dbg.na_smooth has been renamed to powfs0_llt.na_smooth.
Warning(readcfg.c:399): dbg.na_interp has been renamed to powfs0_llt.na_interp.
Warning(readcfg.c:399): dbg.na_thres has been renamed to powfs0_llt.na_thres.
Warning(readcfg.c:399): dbg.na_fit_maxit has been renamed to powfs0_llt.na_fit_maxit.
Warning(readcfg.c:399): dbg.na_fit_svdthres has been renamed to powfs0_llt.na_fit_svdthres.
Warning(readcfg.c:399): dbg.na_fit_dh has been renamed to powfs0_llt.na_fit_dh.
Warning(readcfg.c:399): dbg.ncpa_preload has been renamed to ncpa.preload.
Warning(readcfg.c:399): dbg.ncpa_rmsci has been renamed to ncpa.rmsci.
Warning(readcfg.c:399): dbg.draw_opdmax has been renamed to plot.opdmax.
Warning(readcfg.c:399): dbg.draw_gmax has been renamed to plot.gmax.
loaded  95 ( 93 new) records from '/global/u2/b/bpeck/work/vismcao/./keck_dbg.conf'
loaded   4 (  4 new) records from '/global/u2/b/bpeck/work/vismcao/./keck_fit_mcao.conf'
Warning(readcfg.c:399): surf has been renamed to ncpa.surf.
loaded  39 (  7 new) records from '/global/u2/b/bpeck/work/vismcao/master_files/reduced_ngs/7_lgs/8mag_lgs/kola_2000act.conf'
loaded   0 (  0 new) records from 'command line'
loaded  24 ( 18 new) records from '/global/u2/b/bpeck/work/vismcao/./keck_llt_CL.conf'
Adjust LGS range by telescope altitude 4145m.
Zenith angle is 30 degree.
    Scaling turbulence height and LGS hs by sec(za).
    Scaling r0 by cos(za)^(3/5).
    Scaling wind speed and LGS signal level by cos(za).
powfs0: Adjusting dx from 0.0078125 to 0.00778571. 
powfs0.llt.fsm: f0=0 Hz, LPF ep=0
powfs0.epfsm is set to 0.517618 (auto)
powfs2: Adjusting dx from 0.03125 to 0.0312778. 
powfs2 is TWFS for powfs0
sim.ephi is set to 0.427717 (auto)
sim.eplo is set to 0.427717 (auto)
Warning(parms.c:2296): Layer 1 at 17.3205m is very close to layer 0 at 0m (OK).
Warning(parms.c:2296): Layer 2 at 34.641m is very close to layer 1 at 17.3205m (OK).
Warning(parms.c:2296): Layer 3 at 51.9615m is very close to layer 2 at 34.641m (OK).
dm 0: stroke=30 um is provided in micron.
dm 0: assume ia stroke=2 um is provided in micron.
dm 1: stroke=7 um is provided in micron.
dm 1: assume ia stroke=2 um is provided in micron.
dm 2: stroke=7 um is provided in micron.
dm 2: assume ia stroke=2 um is provided in micron.
Focus blending is not implemented yet for integrated tomography
parms->sim.mffocus is reset to 0
There are 1 valid simulation seeds:  1
Output PSF for 1 directions
Used 449 of 456 supplied keys
Warning(readcfg.c:158): key "dbg.pwfs_flate" is not recognized, value is 0
Warning(readcfg.c:158): key "dbg.pwfs_flatv" is not recognized, value is 0
Warning(readcfg.c:158): key "dbg.pwfs_psx" is not recognized, value is [0 0 0 0]
Warning(readcfg.c:158): key "dbg.pwfs_psy" is not recognized, value is [0 0 0 0]
Warning(readcfg.c:158): key "dbg.pwfs_pupelong" is not recognized, value is 0
Warning(readcfg.c:158): key "dbg.pwfs_raw" is not recognized, value is 0
Warning(readcfg.c:158): key "dbg.pwfs_side" is not recognized, value is 4
[00;00mAperture[00;00m is 11 m with sampling 1/128 m
[00;00mTurbulence at 30 degree zenith angle:[00;00m r0=0.128424m, L0=30m, 14 layers.
    Greenwood freq is 25.1Hz, anisoplanatic angle is 1.58 as
    Sampled 8192x8192 at 1/128m. wind dir is randomized.
    layer 0: ht=      0 m, wt= 0.302, ws=  4.8 m/s
    layer 1: ht=     17 m, wt= 0.154, ws=  5.0 m/s
    layer 2: ht=     35 m, wt= 0.041, ws=  5.4 m/s
    layer 3: ht=     52 m, wt= 0.002, ws=  6.6 m/s
    layer 4: ht=    139 m, wt= 0.021, ws=  6.1 m/s
    layer 5: ht=    231 m, wt= 0.010, ws=  6.1 m/s
    layer 6: ht=    323 m, wt= 0.008, ws=  6.1 m/s
    layer 7: ht=    416 m, wt= 0.005, ws=  6.1 m/s
    layer 8: ht=    508 m, wt= 0.001, ws=  6.1 m/s
    layer 9: ht=    932 m, wt= 0.107, ws=  5.6 m/s
    layer 10: ht=   5022 m, wt= 0.144, ws= 11.1 m/s
    layer 11: ht=   9238 m, wt= 0.093, ws= 19.1 m/s
    layer 12: ht=  13856 m, wt= 0.075, ws=  8.2 m/s
    layer 13: ht=  22518 m, wt= 0.036, ws=  4.8 m/s
[00;00mReconstruction[00;00m: r0=0.128424m L0=30m. 14 layers. use cone coordinate.
    layer 0: ht=      0 m, wt= 0.302
    layer 1: ht=     17 m, wt= 0.154
    layer 2: ht=     35 m, wt= 0.041
    layer 3: ht=     52 m, wt= 0.002
    layer 4: ht=    139 m, wt= 0.021
    layer 5: ht=    231 m, wt= 0.010
    layer 6: ht=    323 m, wt= 0.008
    layer 7: ht=    416 m, wt= 0.005
    layer 8: ht=    508 m, wt= 0.001
    layer 9: ht=    932 m, wt= 0.107
    layer 10: ht=   5022 m, wt= 0.144
    layer 11: ht=   9238 m, wt= 0.093
    layer 12: ht=  13856 m, wt= 0.075
    layer 13: ht=  22518 m, wt= 0.036
[00;00mThere are 3 powfs[00;00m
  powfs0: Order 51, LGS at 99.1 km. Sampling 1/128.44 m. Thres 30%. [00;00mT/T is removed in right hand side in tomography.[00;00m
    CCD image is 25x25 @ 500x500 mas, blur 27% (sigma), 1500Hz, wvl: [ 5.89e-07]
    Gtilt in reconstruction. Physical optics start at 0 with [00;00m'matched filter'[00;00m [00;00m(noisy)[00;00m
  powfs1: Order  2, NGS at inf km. Sampling 1/16 m. Thres 30%. 
    Ztilt in reconstruction. Geomtric optics start at 2 with ztilt [00;00m(noisy)[00;00m
  powfs2: Order 20, NGS at inf km. Sampling 1/31.9716 m. Thres 50%. 
    CCD image is 4x4 @ 1500x1500 mas, blur 0% (sigma), 0.015Hz, wvl: [ 7.2e-07]
    Gtilt in reconstruction. Geomtric optics start at 50 with gtilt Physical optics start at 0 with [00;00m'matched filter'[00;00m [00;00m(noisy)[00;00m
[00;00mThere are 11 wfs[00;00m
    wfs 0: type 0, at (  30.00,    0.00) arcsec,  99 km, siglev is 56.9827 bkgrnd is 0.1
    wfs 1: type 0, at (  18.70,   23.45) arcsec,  99 km, siglev is 56.9827 bkgrnd is 0.1
    wfs 2: type 0, at (  -6.68,   29.25) arcsec,  99 km, siglev is 56.9827 bkgrnd is 0.1
    wfs 3: type 0, at ( -27.03,   13.02) arcsec,  99 km, siglev is 56.9827 bkgrnd is 0.1
    wfs 4: type 0, at ( -27.03,  -13.02) arcsec,  99 km, siglev is 56.9827 bkgrnd is 0.1
    wfs 5: type 0, at (  -6.68,  -29.25) arcsec,  99 km, siglev is 56.9827 bkgrnd is 0.1
    wfs 6: type 0, at (  18.70,  -23.45) arcsec,  99 km, siglev is 56.9827 bkgrnd is 0.1
    wfs 7: type 1, at (   5.00,    8.66) arcsec, inf km, siglev is 42387.6 bkgrnd is 1.056
    wfs 8: type 1, at ( -10.00,    0.00) arcsec, inf km, siglev is 42387.6 bkgrnd is 1.056
    wfs 9: type 1, at (   5.00,   -8.66) arcsec, inf km, siglev is 42387.6 bkgrnd is 1.056
    wfs 10: type 2, at (   0.00,    0.00) arcsec, inf km, siglev is 4.1558e+06 bkgrnd is 0.001
[00;00mThere are 3 DMs[00;00m
  DM 0 at -0.1km, actuator pitch 0.218m, offset   0, with 30.000000 micron stroke.
    Normalized cubic influence function with inter-actuator coupling of 0.223
  DM 1 at    6km, actuator pitch 0.168m, offset   0, with 7.000000 micron stroke.
    Normalized cubic influence function with inter-actuator coupling of 0.223
  DM 2 at   10km, actuator pitch 0.168m, offset   0, with 7.000000 micron stroke.
    Normalized cubic influence function with inter-actuator coupling of 0.223
[00;00mTomography[00;00m is using CG, with [00;00mFourer Domain[00;00m preconditioner, [00;00m12[00;00m iterations, integrated tomo.
[00;00mDM Fitting [00;00mis using CG, with [00;00mNo[00;00m preconditioner, [00;00m10[00;00m iterations
[00;00mThere are 9 fit directions[00;00m
    Fit 0: weight is 0.444, at (   0.00,    0.00) arcsec
    Fit 1: weight is 0.111, at (  15.00,    0.00) arcsec
    Fit 2: weight is 0.111, at (   0.00,   15.00) arcsec
    Fit 3: weight is 0.111, at ( -15.00,    0.00) arcsec
    Fit 4: weight is 0.111, at (   0.00,  -15.00) arcsec
    Fit 5: weight is 0.028, at (  15.00,   15.00) arcsec
    Fit 6: weight is 0.028, at ( -15.00,   15.00) arcsec
    Fit 7: weight is 0.028, at ( -15.00,  -15.00) arcsec
    Fit 8: weight is 0.028, at (  15.00,  -15.00) arcsec
[00;00mThere are 1 evaluation directions[00;00m at sampling 1/128 m.
    Evl 0: weight is 1.000, at (   0.00,    0.00) arcsec
[00;00mSimulation[00;00m start at step 0, end at step 1600, with time step 1/1500s, [00;00mclose loop[00;00m.
After setup_parms:	120.5 MiB.
Warning(sock.c:516): connect locally (/global/homes/b/bpeck/.aos/tmp/nid008236/scheduler) failed: Invalid argument. 
CUDA: minimum memory requirement is 0.3GB
GPU 0 is NVIDIA A100-SXM4-80GB with arch 8.0, 78.6GB free, 79.0GB total device memory.
Using GPU 0
Use 1 GPUs for WFS Tomo Fit Evl

*** Preparation started at 2025/02/12 00:04:30 in nid008236. ***

Using OpenMP version 201511 with 128 threads
Reading aperture amplitude map from KECK.fits
Warning(accphi.c:477): 108784 points not covered by input screen
Warning(sock.c:516): connect locally (/global/homes/b/bpeck/.aos/tmp/nid008236/scheduler) failed: Invalid argument. 
 ->maos.c:447->setup.c:148->aper.c:74->utils.c:478->accphi.c:478
iwvl 0: Science PSF is using grid size of 2880. The PSF will sum to 6.95167232825486
iwvl 1: Science PSF is using grid size of 2880. The PSF will sum to 6.95167232825486
iwvl 2: Science PSF is using grid size of 2880. The PSF will sum to 6.95167232825486
iwvl 3: Science PSF is using grid size of 2880. The PSF will sum to 6.95167232825486
iwvl 4: Science PSF is using grid size of 2880. The PSF will sum to 6.95167232825486
iwvl 5: Science PSF is using grid size of 2880. The PSF will sum to 6.95167232825486
iwvl 6: Science PSF is using grid size of 2880. The PSF will sum to 6.95167232825486
iwvl 7: Science PSF is using grid size of 2880. The PSF will sum to 6.95167232825486
iwvl 8: Science PSF is using grid size of 2880. The PSF will sum to 6.95167232825486
After setup_aper:	344.9 MiB.

[00;00mSetting up powfs 0 geom[00;00m

There are 28 points in each subaperture of 0.218m.
There are 1584 valid subaperture.

[00;00mSetting up powfs 1 geom[00;00m

There are 88 points in each subaperture of 5.5m.
There are 4 valid subaperture.

[00;00mSetting up powfs 2 geom[00;00m

There are 18 points in each subaperture of 0.563m.
There are 236 valid subaperture.
After setup_powfs_init:	435.8 MiB.

[00;00mSetting up reconstructor geometry.[00;00m

PLOC is 105x105, with sampling of 0.11m (square)
    DM 0: grid is 54 x 54
    DM 1: grid is 75 x 75
    DM 2: grid is 80 x 79
FLOC is 105x105, with sampling of 0.11m (not square)
Tomography grid is square:
    layer 0: xloc grid is 192 x 192, sampling is 0.109 m, 36864 points
    layer 1: xloc grid is 192 x 192, sampling is 0.109 m, 36864 points
    layer 2: xloc grid is 192 x 192, sampling is 0.109 m, 36864 points
    layer 3: xloc grid is 192 x 192, sampling is 0.109 m, 36864 points
    layer 4: xloc grid is 192 x 192, sampling is 0.109 m, 36864 points
    layer 5: xloc grid is 192 x 192, sampling is 0.109 m, 36864 points
    layer 6: xloc grid is 192 x 192, sampling is 0.109 m, 36864 points
    layer 7: xloc grid is 192 x 192, sampling is 0.109 m, 36864 points
    layer 8: xloc grid is 192 x 192, sampling is 0.108 m, 36864 points
    layer 9: xloc grid is 192 x 192, sampling is 0.108 m, 36864 points
    layer 10: xloc grid is 192 x 192, sampling is 0.103 m, 36864 points
    layer 11: xloc grid is 192 x 192, sampling is 0.099 m, 36864 points
    layer 12: xloc grid is 192 x 192, sampling is 0.094 m, 36864 points
    layer 13: xloc grid is 192 x 192, sampling is 0.084 m, 36864 points

[00;00mSetting up powfs 0 PO WFS[00;00m

OTF dimension is 56x56 (calculated)
There is no bias
Uplink FWHM (illt 0, iwvl 0) is 0.577089"
Downlink FWHM (illt 0, iwvl 0) is 1.16215"
Generating matched filter for powfs 0
sa index   location       noise equivalent angle
     771: (  4.9,  -0.3) m, ( 89.34,  86.88) mas
     766: (  3.8,  -0.3) m, ( 95.19,  87.65) mas
     761: (  2.7,  -0.3) m, (102.81,  88.51) mas
     756: (  1.6,  -0.3) m, (112.19,  89.46) mas
     754: (  1.2,  -0.3) m, (121.85,  94.70) mas
     556: ( -0.5,  -1.4) m, (132.49,  92.65) mas
     751: ( -1.9,  -0.3) m, (145.19,  92.28) mas
     746: ( -2.9,  -0.3) m, (156.61,  93.11) mas
     741: ( -4.0,  -0.3) m, (168.70,  93.92) mas
     736: ( -5.1,  -0.3) m, (181.06,  94.71) mas
     735: ( -5.3,  -0.3) m, (183.46,  94.86) mas
sa index   location       noise equivalent angle
    1513: (  2.7,   4.0) m, ( 88.48,  87.82) mas
    1391: (  2.5,   3.2) m, ( 93.93,  95.90) mas
    1203: (  1.6,   2.1) m, ( 94.17,  97.64) mas
    1163: (  1.4,   1.9) m, ( 95.97,  99.64) mas
     989: (  0.8,   1.0) m, ( 99.99, 105.93) mas
     873: ( -1.4,   0.3) m, (117.61, 111.65) mas
     597: ( -1.0,  -1.2) m, (114.07, 125.31) mas
     383: ( -1.9,  -2.3) m, (121.83, 136.03) mas
     232: ( -2.5,  -3.2) m, (138.47, 152.63) mas
     195: ( -2.7,  -3.4) m, (135.72, 153.58) mas
      44: ( -2.9,  -4.5) m, (132.21, 158.60) mas
sa index   location       noise equivalent angle
    1575: ( -1.0,   4.7) m, ( 90.65,  93.41) mas
    1467: ( -1.0,   3.8) m, ( 87.86,  94.13) mas
    1303: ( -0.8,   2.7) m, ( 88.98, 101.44) mas
    1154: ( -0.5,   1.9) m, ( 92.87, 112.03) mas
    1027: ( -0.3,   1.2) m, ( 95.74, 120.30) mas
     754: (  1.2,  -0.3) m, (104.30, 135.62) mas
     517: (  0.3,  -1.6) m, ( 94.94, 141.47) mas
     432: (  0.3,  -2.1) m, ( 97.41, 149.39) mas
     283: (  0.5,  -2.9) m, ( 96.60, 155.41) mas
     119: (  0.8,  -4.0) m, ( 98.16, 167.67) mas
      12: (  2.3,  -4.9) m, (108.77, 179.93) mas
sa index   location       noise equivalent angle
    1137: ( -4.3,   1.9) m, ( 90.78,  88.14) mas
    1056: ( -3.4,   1.4) m, ( 95.34,  89.60) mas
     946: ( -1.9,   0.8) m, (115.58, 100.15) mas
     911: ( -1.4,   0.5) m, (120.61, 103.83) mas
     989: (  0.8,   1.0) m, (130.57,  93.69) mas
     676: (  1.2,  -0.8) m, (143.68, 110.14) mas
     641: (  1.6,  -1.0) m, (148.46, 111.91) mas
     530: (  3.2,  -1.6) m, (155.54, 110.28) mas
     449: (  4.0,  -2.1) m, (165.40, 114.08) mas
sa index   location       noise equivalent angle
     411: ( -4.3,  -2.1) m, ( 90.66,  87.98) mas
     500: ( -3.4,  -1.6) m, ( 95.34,  89.60) mas
     632: ( -1.9,  -1.0) m, (114.57,  99.72) mas
     673: ( -1.4,  -0.8) m, (118.62, 101.62) mas
    1027: ( -0.3,   1.2) m, (127.05, 113.51) mas
     914: (  1.2,   0.5) m, (145.90, 112.30) mas
     955: (  1.6,   0.8) m, (149.44, 112.32) mas
    1086: (  3.2,   1.4) m, (155.54, 110.28) mas
    1175: (  4.0,   1.9) m, (165.91, 114.55) mas
sa index   location       noise equivalent angle
       4: ( -1.0,  -4.9) m, ( 89.30,  91.94) mas
     111: ( -1.0,  -4.0) m, ( 87.86,  94.13) mas
     277: ( -0.8,  -2.9) m, ( 88.98, 101.44) mas
     428: ( -0.5,  -2.1) m, ( 92.35, 111.29) mas
     556: ( -0.5,  -1.4) m, ( 90.55, 114.07) mas
     834: (  1.2,   0.1) m, (103.71, 134.84) mas
    1029: (  0.1,   1.2) m, ( 98.47, 146.22) mas
    1158: (  0.3,   1.9) m, ( 97.93, 150.22) mas
    1309: (  0.5,   2.7) m, ( 96.60, 155.41) mas
    1475: (  0.8,   3.8) m, ( 98.16, 167.67) mas
    1582: (  2.3,   4.7) m, (109.89, 181.65) mas
sa index   location       noise equivalent angle
      99: (  2.7,  -4.3) m, ( 88.48,  87.82) mas
     219: (  2.5,  -3.4) m, ( 93.69,  95.31) mas
     399: (  1.6,  -2.3) m, ( 94.17,  97.64) mas
     437: (  1.4,  -2.1) m, ( 96.46,  99.95) mas
     600: (  0.8,  -1.2) m, (100.00, 105.94) mas
     713: ( -1.4,  -0.5) m, (117.62, 111.67) mas
     986: ( -1.0,   1.0) m, (114.04, 125.26) mas
    1187: ( -1.9,   2.1) m, (121.83, 136.03) mas
    1332: ( -2.5,   2.9) m, (139.10, 152.98) mas
    1367: ( -2.7,   3.2) m, (135.99, 154.20) mas
    1516: ( -2.9,   4.3) m, (132.21, 158.60) mas

[00;00mSetting up powfs 2 PO WFS[00;00m

OTF dimension is 48x48 (calculated)
Generating matched filter for powfs 2
Use sanea to derive neasim
Use sanea to derive neasim

[00;00mSetting up reconstructor[00;00m

Recon NEA: cmf(117.57) cmf(117.55) cmf(117.40) cmf(117.53) cmf(117.50) cmf(117.34) cmf(117.50) geom(0.31) geom(0.31) geom(0.31) mf(0.14)  mas
Setup or update control matrix parameters.
RRtwfs svd threshold is 1e-10
Replacing HA by HA*fit->actextrap
Adding piston cr to fit matrix
Adding TT cr on upper DMs to fit matrix.
Before assembling fit matrix:	3251.7 MiB.
Building fit->FR
Building fit->FL
Adding tikhonov constraint of 1.0e-07 to FLM
The maximum eigen value is estimated to be around 3.3e-04
DM Fit number of Low rank terms: 16 in LHS
After assemble fit matrix:	4262.7 MiB.
After setup_recon:	4262.7 MiB.
GPU 0: mem used 1632 MB (wfs init)
GPU 0: mem used 2244 MB (recon init)
GPU 0: mem used 2274 MB (perf init)

*** Simulation started at 2025/02/12 00:05:58 in nid008236. ***

Running seed 1
GPU 0: mem used 2274 MB (wfs seeding)
Wind dir: 267.3 261.7 167.0 130.5 300.7  32.3 119.8 139.0 150.8 277.7 203.0 133.1  45.9 265.1 deg
Using /global/homes/b/bpeck/.aos/cache/atm/vonkarman_14_8192x8192_0.0078125_1115374592d.bin
After genatm:	4193.9 MiB.
Step     #  Open Loop  PR TT  On axis  PR TT  Field RMS PR TT     Timing 
Step     0: OL  884.6  248.3  OA  884.6 248.3 CL  884.6 248.3 nm  0.464 s
Step    16: OL  909.9  254.4  OA  137.1  32.4 CL  137.1  32.4 nm  0.032 s
Step    40: OL  947.4  260.5  OA  129.2  11.3 CL  129.2  11.3 nm  0.048 s
Step    63: OL  981.4  260.5  OA  131.3   6.8 CL  131.3   6.8 nm  0.042 s
Step    86: OL 1016.2  258.1  OA  127.5  17.9 CL  127.5  17.9 nm  0.042 s
Step   109: OL 1051.3  257.5  OA  128.5  10.9 CL  128.5  10.9 nm  0.046 s
Step   131: OL 1083.4  260.4  OA  124.9  22.6 CL  124.9  22.6 nm  0.049 s
Step   154: OL 1113.1  269.0  OA  130.3  11.1 CL  130.3  11.1 nm  0.041 s
Step   177: OL 1136.3  282.0  OA  124.5  15.7 CL  124.5  15.7 nm  0.040 s
Step   200: OL 1151.3  296.8  OA  124.0  11.7 CL  124.0  11.7 nm  0.041 s
Step   223: OL 1159.6  311.5  OA  121.4  12.0 CL  121.4  12.0 nm  0.041 s
Step   247: OL 1160.1  327.7  OA  122.7  22.0 CL  122.7  22.0 nm  0.044 s
Step   255 updated high order loop gain: 0.373
Step   270: OL 1149.1  344.2  OA  124.3  17.1 CL  124.3  17.1 nm  0.040 s
Step   294: OL 1127.4  362.8  OA  124.0  22.5 CL  124.0  22.5 nm  0.040 s
Step   318: OL 1100.2  384.7  OA  123.8  31.6 CL  123.8  31.6 nm  0.050 s
Step   342: OL 1069.3  410.9  OA  122.1  10.9 CL  122.1  10.9 nm  0.040 s
Step   366: OL 1039.1  442.8  OA  126.4  19.1 CL  126.4  19.1 nm  0.041 s
Step   389: OL 1013.0  476.0  OA  128.2  23.1 CL  128.2  23.1 nm  0.047 s
Step   413: OL  986.3  510.1  OA  122.5  20.3 CL  122.5  20.3 nm  0.044 s
Step   437: OL  959.3  542.1  OA  126.1  34.2 CL  126.1  34.2 nm  0.063 s
Step   459: OL  939.0  570.8  OA  128.3  34.3 CL  128.3  34.3 nm  0.041 s
Step   483: OL  927.8  601.7  OA  122.1   5.2 CL  122.1   5.2 nm  0.041 s
Step   506: OL  928.5  628.8  OA  128.4  28.9 CL  128.4  28.9 nm  0.044 s
Step   511 updated high order loop gain: 0.370
Step   529: OL  935.4  650.6  OA  126.4  18.0 CL  126.4  18.0 nm  0.041 s
Step   552: OL  948.5  664.0  OA  124.2  21.0 CL  124.2  21.0 nm  0.041 s
Step   575: OL  968.0  669.9  OA  118.7   8.8 CL  118.7   8.8 nm  0.049 s
Step   599: OL  993.5  669.2  OA  123.3  17.2 CL  123.3  17.2 nm  0.040 s
Step   623: OL 1021.4  659.1  OA  121.5   8.1 CL  121.5   8.1 nm  0.040 s
Step   645: OL 1046.0  643.0  OA  125.4   8.1 CL  125.4   8.1 nm  0.043 s
Step   669: OL 1068.8  620.0  OA  119.7   5.4 CL  119.7   5.4 nm  0.040 s
Step   692: OL 1088.1  595.8  OA  125.3  18.3 CL  125.3  18.3 nm  0.045 s
Step   715: OL 1101.8  568.8  OA  124.6  16.0 CL  124.6  16.0 nm  0.042 s
Step   739: OL 1106.6  539.1  OA  123.7  11.1 CL  123.7  11.1 nm  0.052 s
Step   763: OL 1101.3  510.3  OA  120.3   5.3 CL  120.3   5.3 nm  0.042 s
Step   767 updated high order loop gain: 0.374
Step   786: OL 1086.8  484.2  OA  123.9  13.1 CL  123.9  13.1 nm  0.041 s
Step   809: OL 1063.1  458.5  OA  128.4   7.5 CL  128.4   7.5 nm  0.042 s
Step   833: OL 1030.5  432.1  OA  127.3  17.7 CL  127.3  17.7 nm  0.041 s
Step   857: OL  992.9  407.8  OA  125.5  13.9 CL  125.5  13.9 nm  0.044 s
Step   881: OL  956.0  387.8  OA  122.1   2.9 CL  122.1   2.9 nm  0.040 s
Step   905: OL  919.0  372.0  OA  120.6   5.1 CL  120.6   5.1 nm  0.041 s
Step   929: OL  880.2  360.1  OA  123.2   3.3 CL  123.2   3.3 nm  0.049 s
Step   953: OL  843.4  348.6  OA  125.1   5.2 CL  125.1   5.2 nm  0.041 s
Step   977: OL  812.9  335.2  OA  124.8   8.2 CL  124.8   8.2 nm  0.048 s
Step  1000: OL  789.9  319.6  OA  126.7  12.7 CL  126.7  12.7 nm  0.040 s
Step  1023: OL  771.2  302.2  OA  130.2  29.3 CL  130.2  29.3 nm  0.040 s
Step  1023 updated high order loop gain: 0.370
Step  1047: OL  756.7  282.2  OA  127.4  14.4 CL  127.4  14.4 nm  0.048 s
Step  1071: OL  744.3  258.6  OA  128.8  12.5 CL  128.8  12.5 nm  0.041 s
Step  1095: OL  738.5  230.9  OA  128.5  28.8 CL  128.5  28.8 nm  0.040 s
Step  1118: OL  738.2  207.3  OA  121.7  25.4 CL  121.7  25.4 nm  0.049 s
Step  1141: OL  739.6  189.0  OA  115.5  14.3 CL  115.5  14.3 nm  0.040 s
Step  1165: OL  741.2  176.2  OA  121.4  26.1 CL  121.4  26.1 nm  0.041 s
Step  1189: OL  744.2  169.5  OA  123.3  26.9 CL  123.3  26.9 nm  0.041 s
Step  1212: OL  749.1  165.2  OA  120.6   7.7 CL  120.6   7.7 nm  0.044 s
Step  1235: OL  752.7  164.0  OA  124.0  30.0 CL  124.0  30.0 nm  0.040 s
Step  1259: OL  755.1  169.3  OA  118.9  13.6 CL  118.9  13.6 nm  0.041 s
Step  1279 updated high order loop gain: 0.367
Step  1283: OL  759.3  181.1  OA  122.2  27.0 CL  122.2  27.0 nm  0.041 s
Step  1307: OL  766.0  197.0  OA  121.5  21.0 CL  121.5  21.0 nm  0.042 s
Step  1330: OL  772.3  215.4  OA  117.6  10.6 CL  117.6  10.6 nm  0.040 s
Step  1354: OL  783.4  237.2  OA  122.2   7.5 CL  122.2   7.5 nm  0.045 s
Step  1377: OL  799.1  254.6  OA  118.5   8.1 CL  118.5   8.1 nm  0.042 s
Step  1401: OL  819.7  266.8  OA  122.1   7.2 CL  122.1   7.2 nm  0.047 s
Step  1424: OL  843.1  273.6  OA  125.6   9.8 CL  125.6   9.8 nm  0.041 s
Step  1448: OL  867.2  278.2  OA  123.2  14.5 CL  123.2  14.5 nm  0.042 s
Step  1471: OL  887.2  279.3  OA  121.4   9.9 CL  121.4   9.9 nm  0.042 s
Step  1494: OL  897.2  274.9  OA  120.4   8.2 CL  120.4   8.2 nm  0.041 s
Step  1518: OL  897.0  265.0  OA  118.2  16.6 CL  118.2  16.6 nm  0.051 s
Step  1535 updated high order loop gain: 0.368
Step  1541: OL  889.4  251.8  OA  117.5   8.0 CL  117.5   8.0 nm  0.041 s
Step  1565: OL  877.0  236.1  OA  122.5   4.7 CL  122.5   4.7 nm  0.041 s
Step  1589: OL  862.2  223.4  OA  124.9  21.0 CL  124.9  21.0 nm  0.049 s
Step 1599: Output PSF
Step  1599: OL  855.2  219.3  OA  127.2  17.8 CL  127.2  17.8 nm  1.874 s
Mean: 123.20 17.37 121.97  nm.

*** Simulation Finished at 2025/02/12 00:07:19 in nid008236. ***

