Warning(sock.c:516): connect locally (/global/homes/b/bpeck/.aos/tmp/nid008213/scheduler) failed: Invalid argument. 
/global/u2/b/bpeck/work/vismcao/maos -o studies/reduced_ngs/10_lgs/8mag_lgs/1500count -c master_files/reduced_ngs/10_lgs/8mag_lgs/kola_1500act.conf -O 
Output folder is 'studies/reduced_ngs/10_lgs/8mag_lgs/1500count'.
SRC: /global/homes/b/bpeck/code/maos v2.9 4c88b7c2 2024-11-13 16:45:33 -0800
BUILT: /global/homes/b/bpeck/code/maos/optim by GCC (v12) on 2024/11/18 09:40:03 CPU(F64,+O3) with CUDA(v122,F32)
Launched at 2025/02/12 00:19:20 in nid008213 with PID 710719.
The web based job monitor can be accessed at http://localhost:10300
Main config file is /global/u2/b/bpeck/work/vismcao/master_files/reduced_ngs/10_lgs/8mag_lgs/kola_1500act.conf
Warning(path.c:48): Path not found: path=/global/u2/b/bpeck/work/vismcao/master_files/reduced_ngs/10_lgs/8mag_lgs/bin; abspath=/global/u2/b/bpeck/work/vismcao/master_files/reduced_ngs/10_lgs/8mag_lgs/bin; Ignored.
Warning(path.c:48): Path not found: path=/global/u2/b/bpeck/work/vismcao/master_files/reduced_ngs/10_lgs/8mag_lgs/atm; abspath=/global/u2/b/bpeck/work/vismcao/master_files/reduced_ngs/10_lgs/8mag_lgs/atm; Ignored.
Warning(readcfg.c:399): sim.apfsm has been renamed to powfs.apfsm.
Warning(readcfg.c:399): sim.epfsm has been renamed to powfs.epfsm.
Warning(readcfg.c:399): sim.alfsm has been renamed to powfs.alfsm.
Warning(readcfg.c:399): sim.commonfsm has been renamed to powfs.commonfsm.
Warning(readcfg.c:399): sim.idealfsm has been renamed to powfs.idealfsm.
Warning(readcfg.c:399): sim.zetafsm has been renamed to powfs.zetafsm.
Warning(readcfg.c:399): sim.f0fsm has been renamed to powfs.f0fsm.
Warning(readcfg.c:399): tsurf has been renamed to ncpa.tsurf.
loaded 132 (132 new) records from '/global/u2/b/bpeck/work/vismcao/./keck_sim.conf'
loaded  19 ( 19 new) records from '/global/u2/b/bpeck/work/vismcao/./dm_none.conf'
loaded  19 (  0 new) records from '/global/u2/b/bpeck/work/vismcao/./keck_ASM.conf'
loaded  19 (  0 new) records from '/global/u2/b/bpeck/work/vismcao/./keck_DM2.conf'
loaded  19 (  0 new) records from '/global/u2/b/bpeck/work/vismcao/./keck_DM3.conf'
loaded   0 (  0 new) records from '/global/u2/b/bpeck/work/vismcao/./keck_dm_multiple.conf'
loaded   7 (  5 new) records from '/global/u2/b/bpeck/work/vismcao/./atm_mk13n50p_ground_detail.conf'
loaded  76 ( 69 new) records from '/global/homes/b/bpeck/code/maos/config/maos/powfs_common.conf'
loaded  44 ( 38 new) records from '/global/u2/b/bpeck/work/vismcao/./powfs_none.conf'
loaded  44 (  0 new) records from '/global/u2/b/bpeck/work/vismcao/./keck_shwfs_lgs.conf'
loaded  44 (  0 new) records from '/global/u2/b/bpeck/work/vismcao/./keck_shwfs_ttf_strap.conf'
loaded  44 (  0 new) records from '/global/u2/b/bpeck/work/vismcao/./keck_shwfs_twfs_lbwfs.conf'
loaded   0 (  0 new) records from '/global/u2/b/bpeck/work/vismcao/./keck_wfs_lgs_strap_lbwfs.conf'
loaded  71 ( 71 new) records from '/global/u2/b/bpeck/work/vismcao/./keck_recon.conf'
Warning(readcfg.c:399): dbg.na_smooth has been renamed to powfs0_llt.na_smooth.
Warning(readcfg.c:399): dbg.na_interp has been renamed to powfs0_llt.na_interp.
Warning(readcfg.c:399): dbg.na_thres has been renamed to powfs0_llt.na_thres.
Warning(readcfg.c:399): dbg.na_fit_maxit has been renamed to powfs0_llt.na_fit_maxit.
Warning(readcfg.c:399): dbg.na_fit_svdthres has been renamed to powfs0_llt.na_fit_svdthres.
Warning(readcfg.c:399): dbg.na_fit_dh has been renamed to powfs0_llt.na_fit_dh.
Warning(readcfg.c:399): dbg.ncpa_preload has been renamed to ncpa.preload.
Warning(readcfg.c:399): dbg.ncpa_rmsci has been renamed to ncpa.rmsci.
Warning(readcfg.c:399): dbg.draw_opdmax has been renamed to plot.opdmax.
Warning(readcfg.c:399): dbg.draw_gmax has been renamed to plot.gmax.
loaded  95 ( 93 new) records from '/global/u2/b/bpeck/work/vismcao/./keck_dbg.conf'
loaded   4 (  4 new) records from '/global/u2/b/bpeck/work/vismcao/./keck_fit_mcao.conf'
Warning(readcfg.c:399): surf has been renamed to ncpa.surf.
loaded  39 (  7 new) records from '/global/u2/b/bpeck/work/vismcao/master_files/reduced_ngs/10_lgs/8mag_lgs/kola_1500act.conf'
loaded   0 (  0 new) records from 'command line'
loaded  24 ( 18 new) records from '/global/u2/b/bpeck/work/vismcao/./keck_llt_CL.conf'
Adjust LGS range by telescope altitude 4145m.
Zenith angle is 30 degree.
    Scaling turbulence height and LGS hs by sec(za).
    Scaling r0 by cos(za)^(3/5).
    Scaling wind speed and LGS signal level by cos(za).
powfs0: Adjusting dx from 0.0078125 to 0.007875. 
powfs0.llt.fsm: f0=0 Hz, LPF ep=0
powfs0.epfsm is set to 0.517618 (auto)
powfs2: Adjusting dx from 0.03125 to 0.0312778. 
powfs2 is TWFS for powfs0
sim.ephi is set to 0.427717 (auto)
sim.eplo is set to 0.427717 (auto)
Warning(parms.c:2296): Layer 1 at 17.3205m is very close to layer 0 at 0m (OK).
Warning(parms.c:2296): Layer 2 at 34.641m is very close to layer 1 at 17.3205m (OK).
Warning(parms.c:2296): Layer 3 at 51.9615m is very close to layer 2 at 34.641m (OK).
dm 0: stroke=30 um is provided in micron.
dm 0: assume ia stroke=2 um is provided in micron.
dm 1: stroke=7 um is provided in micron.
dm 1: assume ia stroke=2 um is provided in micron.
dm 2: stroke=7 um is provided in micron.
dm 2: assume ia stroke=2 um is provided in micron.
Focus blending is not implemented yet for integrated tomography
parms->sim.mffocus is reset to 0
There are 1 valid simulation seeds:  1
Output PSF for 1 directions
Used 449 of 456 supplied keys
Warning(readcfg.c:158): key "dbg.pwfs_flate" is not recognized, value is 0
Warning(readcfg.c:158): key "dbg.pwfs_flatv" is not recognized, value is 0
Warning(readcfg.c:158): key "dbg.pwfs_psx" is not recognized, value is [0 0 0 0]
Warning(readcfg.c:158): key "dbg.pwfs_psy" is not recognized, value is [0 0 0 0]
Warning(readcfg.c:158): key "dbg.pwfs_pupelong" is not recognized, value is 0
Warning(readcfg.c:158): key "dbg.pwfs_raw" is not recognized, value is 0
Warning(readcfg.c:158): key "dbg.pwfs_side" is not recognized, value is 4
[00;00mAperture[00;00m is 11 m with sampling 1/128 m
[00;00mTurbulence at 30 degree zenith angle:[00;00m r0=0.128424m, L0=30m, 14 layers.
    Greenwood freq is 25.1Hz, anisoplanatic angle is 1.58 as
    Sampled 8192x8192 at 1/128m. wind dir is randomized.
    layer 0: ht=      0 m, wt= 0.302, ws=  4.8 m/s
    layer 1: ht=     17 m, wt= 0.154, ws=  5.0 m/s
    layer 2: ht=     35 m, wt= 0.041, ws=  5.4 m/s
    layer 3: ht=     52 m, wt= 0.002, ws=  6.6 m/s
    layer 4: ht=    139 m, wt= 0.021, ws=  6.1 m/s
    layer 5: ht=    231 m, wt= 0.010, ws=  6.1 m/s
    layer 6: ht=    323 m, wt= 0.008, ws=  6.1 m/s
    layer 7: ht=    416 m, wt= 0.005, ws=  6.1 m/s
    layer 8: ht=    508 m, wt= 0.001, ws=  6.1 m/s
    layer 9: ht=    932 m, wt= 0.107, ws=  5.6 m/s
    layer 10: ht=   5022 m, wt= 0.144, ws= 11.1 m/s
    layer 11: ht=   9238 m, wt= 0.093, ws= 19.1 m/s
    layer 12: ht=  13856 m, wt= 0.075, ws=  8.2 m/s
    layer 13: ht=  22518 m, wt= 0.036, ws=  4.8 m/s
[00;00mReconstruction[00;00m: r0=0.128424m L0=30m. 14 layers. use cone coordinate.
    layer 0: ht=      0 m, wt= 0.302
    layer 1: ht=     17 m, wt= 0.154
    layer 2: ht=     35 m, wt= 0.041
    layer 3: ht=     52 m, wt= 0.002
    layer 4: ht=    139 m, wt= 0.021
    layer 5: ht=    231 m, wt= 0.010
    layer 6: ht=    323 m, wt= 0.008
    layer 7: ht=    416 m, wt= 0.005
    layer 8: ht=    508 m, wt= 0.001
    layer 9: ht=    932 m, wt= 0.107
    layer 10: ht=   5022 m, wt= 0.144
    layer 11: ht=   9238 m, wt= 0.093
    layer 12: ht=  13856 m, wt= 0.075
    layer 13: ht=  22518 m, wt= 0.036
[00;00mThere are 3 powfs[00;00m
  powfs0: Order 44, LGS at 99.1 km. Sampling 1/126.984 m. Thres 30%. [00;00mT/T is removed in right hand side in tomography.[00;00m
    CCD image is 25x25 @ 500x500 mas, blur 27% (sigma), 1500Hz, wvl: [ 5.89e-07]
    Gtilt in reconstruction. Physical optics start at 0 with [00;00m'matched filter'[00;00m [00;00m(noisy)[00;00m
  powfs1: Order  2, NGS at inf km. Sampling 1/16 m. Thres 30%. 
    Ztilt in reconstruction. Geomtric optics start at 2 with ztilt [00;00m(noisy)[00;00m
  powfs2: Order 20, NGS at inf km. Sampling 1/31.9716 m. Thres 50%. 
    CCD image is 4x4 @ 1500x1500 mas, blur 0% (sigma), 0.015Hz, wvl: [ 7.2e-07]
    Gtilt in reconstruction. Geomtric optics start at 50 with gtilt Physical optics start at 0 with [00;00m'matched filter'[00;00m [00;00m(noisy)[00;00m
[00;00mThere are 14 wfs[00;00m
    wfs 0: type 0, at (  30.00,    0.00) arcsec,  99 km, siglev is 76.1436 bkgrnd is 0.1
    wfs 1: type 0, at (  24.27,   17.63) arcsec,  99 km, siglev is 76.1436 bkgrnd is 0.1
    wfs 2: type 0, at (   9.27,   28.53) arcsec,  99 km, siglev is 76.1436 bkgrnd is 0.1
    wfs 3: type 0, at (  -9.27,   28.53) arcsec,  99 km, siglev is 76.1436 bkgrnd is 0.1
    wfs 4: type 0, at ( -24.27,   17.63) arcsec,  99 km, siglev is 76.1436 bkgrnd is 0.1
    wfs 5: type 0, at ( -30.00,    0.00) arcsec,  99 km, siglev is 76.1436 bkgrnd is 0.1
    wfs 6: type 0, at ( -24.27,  -17.63) arcsec,  99 km, siglev is 76.1436 bkgrnd is 0.1
    wfs 7: type 0, at (  -9.27,  -28.53) arcsec,  99 km, siglev is 76.1436 bkgrnd is 0.1
    wfs 8: type 0, at (   9.27,  -28.53) arcsec,  99 km, siglev is 76.1436 bkgrnd is 0.1
    wfs 9: type 0, at (  24.27,  -17.63) arcsec,  99 km, siglev is 76.1436 bkgrnd is 0.1
    wfs 10: type 1, at (   5.00,    8.66) arcsec, inf km, siglev is 42387.6 bkgrnd is 1.056
    wfs 11: type 1, at ( -10.00,    0.00) arcsec, inf km, siglev is 42387.6 bkgrnd is 1.056
    wfs 12: type 1, at (   5.00,   -8.66) arcsec, inf km, siglev is 42387.6 bkgrnd is 1.056
    wfs 13: type 2, at (   0.00,    0.00) arcsec, inf km, siglev is 4.1558e+06 bkgrnd is 0.001
[00;00mThere are 3 DMs[00;00m
  DM 0 at -0.1km, actuator pitch 0.252m, offset   0, with 30.000000 micron stroke.
    Normalized cubic influence function with inter-actuator coupling of 0.223
  DM 1 at    6km, actuator pitch 0.168m, offset   0, with 7.000000 micron stroke.
    Normalized cubic influence function with inter-actuator coupling of 0.223
  DM 2 at   10km, actuator pitch 0.168m, offset   0, with 7.000000 micron stroke.
    Normalized cubic influence function with inter-actuator coupling of 0.223
[00;00mTomography[00;00m is using CG, with [00;00mFourer Domain[00;00m preconditioner, [00;00m12[00;00m iterations, integrated tomo.
[00;00mDM Fitting [00;00mis using CG, with [00;00mNo[00;00m preconditioner, [00;00m10[00;00m iterations
[00;00mThere are 9 fit directions[00;00m
    Fit 0: weight is 0.444, at (   0.00,    0.00) arcsec
    Fit 1: weight is 0.111, at (  15.00,    0.00) arcsec
    Fit 2: weight is 0.111, at (   0.00,   15.00) arcsec
    Fit 3: weight is 0.111, at ( -15.00,    0.00) arcsec
    Fit 4: weight is 0.111, at (   0.00,  -15.00) arcsec
    Fit 5: weight is 0.028, at (  15.00,   15.00) arcsec
    Fit 6: weight is 0.028, at ( -15.00,   15.00) arcsec
    Fit 7: weight is 0.028, at ( -15.00,  -15.00) arcsec
    Fit 8: weight is 0.028, at (  15.00,  -15.00) arcsec
[00;00mThere are 1 evaluation directions[00;00m at sampling 1/128 m.
    Evl 0: weight is 1.000, at (   0.00,    0.00) arcsec
[00;00mSimulation[00;00m start at step 0, end at step 1600, with time step 1/1500s, [00;00mclose loop[00;00m.
After setup_parms:	120.4 MiB.
Warning(sock.c:516): connect locally (/global/homes/b/bpeck/.aos/tmp/nid008213/scheduler) failed: Invalid argument. 
CUDA: minimum memory requirement is 0.4GB
GPU 0 is NVIDIA A100-SXM4-80GB with arch 8.0, 78.6GB free, 79.0GB total device memory.
Using GPU 0
Use 1 GPUs for WFS Tomo Fit Evl

*** Preparation started at 2025/02/12 00:19:21 in nid008213. ***

Using OpenMP version 201511 with 128 threads
Reading aperture amplitude map from KECK.fits
Warning(accphi.c:477): 108260 points not covered by input screen
Warning(sock.c:516): connect locally (/global/homes/b/bpeck/.aos/tmp/nid008213/scheduler) failed: Invalid argument. 
 ->maos.c:447->setup.c:148->aper.c:74->utils.c:478->accphi.c:478
iwvl 0: Science PSF is using grid size of 2880. The PSF will sum to 6.95167232825486
iwvl 1: Science PSF is using grid size of 2880. The PSF will sum to 6.95167232825486
iwvl 2: Science PSF is using grid size of 2880. The PSF will sum to 6.95167232825486
iwvl 3: Science PSF is using grid size of 2880. The PSF will sum to 6.95167232825486
iwvl 4: Science PSF is using grid size of 2880. The PSF will sum to 6.95167232825486
iwvl 5: Science PSF is using grid size of 2880. The PSF will sum to 6.95167232825486
iwvl 6: Science PSF is using grid size of 2880. The PSF will sum to 6.95167232825486
iwvl 7: Science PSF is using grid size of 2880. The PSF will sum to 6.95167232825486
iwvl 8: Science PSF is using grid size of 2880. The PSF will sum to 6.95167232825486
After setup_aper:	340.8 MiB.

[00;00mSetting up powfs 0 geom[00;00m

There are 32 points in each subaperture of 0.252m.
There are 1201 valid subaperture.

[00;00mSetting up powfs 1 geom[00;00m

There are 88 points in each subaperture of 5.5m.
There are 4 valid subaperture.

[00;00mSetting up powfs 2 geom[00;00m

There are 18 points in each subaperture of 0.563m.
There are 236 valid subaperture.
After setup_powfs_init:	408.5 MiB.

[00;00mSetting up reconstructor geometry.[00;00m

PLOC is 91x91, with sampling of 0.13m (square)
    DM 0: grid is 47 x 47
    DM 1: grid is 75 x 75
    DM 2: grid is 81 x 79
FLOC is 91x91, with sampling of 0.13m (not square)
Tomography grid is square:
    layer 0: xloc grid is 160 x 160, sampling is 0.126 m, 25600 points
    layer 1: xloc grid is 160 x 160, sampling is 0.126 m, 25600 points
    layer 2: xloc grid is 160 x 160, sampling is 0.126 m, 25600 points
    layer 3: xloc grid is 160 x 160, sampling is 0.126 m, 25600 points
    layer 4: xloc grid is 160 x 160, sampling is 0.126 m, 25600 points
    layer 5: xloc grid is 160 x 160, sampling is 0.126 m, 25600 points
    layer 6: xloc grid is 160 x 160, sampling is 0.126 m, 25600 points
    layer 7: xloc grid is 160 x 160, sampling is 0.125 m, 25600 points
    layer 8: xloc grid is 160 x 160, sampling is 0.125 m, 25600 points
    layer 9: xloc grid is 160 x 160, sampling is 0.125 m, 25600 points
    layer 10: xloc grid is 160 x 160, sampling is 0.120 m, 25600 points
    layer 11: xloc grid is 160 x 160, sampling is 0.114 m, 25600 points
    layer 12: xloc grid is 160 x 160, sampling is 0.108 m, 25600 points
    layer 13: xloc grid is 160 x 160, sampling is 0.097 m, 25600 points

[00;00mSetting up powfs 0 PO WFS[00;00m

OTF dimension is 64x64 (calculated)
There is no bias
Uplink FWHM (illt 0, iwvl 0) is 0.579373"
Downlink FWHM (illt 0, iwvl 0) is 1.12518"
Generating matched filter for powfs 0
sa index   location       noise equivalent angle
     598: (  4.8,  -0.3) m, ( 74.61,  72.44) mas
     594: (  3.8,  -0.3) m, ( 78.79,  72.92) mas
     590: (  2.8,  -0.3) m, ( 84.76,  73.49) mas
     585: (  1.5,  -0.3) m, ( 93.97,  74.26) mas
     584: (  1.3,  -0.3) m, ( 95.73,  74.40) mas
     411: ( -0.5,  -1.5) m, (110.02,  76.32) mas
     582: ( -1.8,  -0.3) m, (120.74,  76.19) mas
     578: ( -2.8,  -0.3) m, (129.73,  76.76) mas
     573: ( -4.0,  -0.3) m, (141.32,  77.44) mas
     569: ( -5.0,  -0.3) m, (150.72,  77.97) mas
     568: ( -5.3,  -0.3) m, (153.22,  78.10) mas
sa index   location       noise equivalent angle
     980: (  3.5,   2.5) m, ( 74.70,  73.68) mas
     912: (  2.8,   2.0) m, ( 77.65,  75.21) mas
     798: (  1.8,   1.3) m, ( 83.29,  78.38) mas
     721: (  1.0,   0.8) m, ( 88.16,  80.91) mas
     718: ( -1.3,   0.8) m, (105.71,  81.56) mas
     480: ( -1.3,  -1.0) m, (105.17,  92.31) mas
     405: ( -2.0,  -1.5) m, (111.23,  95.76) mas
     291: ( -3.0,  -2.3) m, (119.72, 101.32) mas
     223: ( -3.8,  -2.8) m, (126.22, 105.20) mas
      27: ( -3.0,  -4.5) m, (119.29, 119.99) mas
sa index   location       noise equivalent angle
    1192: (  2.0,   4.5) m, ( 72.47,  74.45) mas
    1144: (  1.3,   4.0) m, ( 72.92,  76.10) mas
     969: (  0.8,   2.5) m, ( 75.35,  87.03) mas
     868: (  0.5,   1.8) m, ( 75.13,  89.54) mas
     792: (  0.3,   1.3) m, ( 75.91,  93.13) mas
     483: (  1.0,  -1.0) m, ( 75.79, 111.65) mas
     411: ( -0.5,  -1.5) m, ( 79.42, 115.81) mas
     335: ( -0.8,  -2.0) m, ( 80.61, 120.11) mas
     139: ( -1.3,  -3.5) m, ( 86.71, 139.50) mas
      59: ( -1.5,  -4.3) m, ( 84.93, 140.48) mas
       9: ( -2.3,  -4.8) m, ( 89.45, 145.12) mas
sa index   location       noise equivalent angle
    1181: ( -2.3,   4.5) m, ( 72.57,  74.56) mas
    1133: ( -1.5,   4.0) m, ( 72.92,  76.10) mas
     962: ( -1.0,   2.5) m, ( 76.38,  87.75) mas
     863: ( -0.8,   1.8) m, ( 75.13,  89.54) mas
     789: ( -0.5,   1.3) m, ( 75.91,  93.13) mas
     480: ( -1.3,  -1.0) m, ( 75.79, 111.65) mas
     414: (  0.3,  -1.5) m, ( 79.42, 115.81) mas
     340: (  0.5,  -2.0) m, ( 80.61, 120.11) mas
     148: (  1.0,  -3.5) m, ( 86.63, 139.45) mas
      70: (  1.3,  -4.3) m, ( 84.93, 140.48) mas
      22: (  2.0,  -4.8) m, ( 89.38, 145.04) mas
sa index   location       noise equivalent angle
     951: ( -3.8,   2.5) m, ( 74.70,  73.68) mas
     889: ( -3.0,   2.0) m, ( 77.65,  75.21) mas
     783: ( -2.0,   1.3) m, ( 83.29,  78.38) mas
     718: ( -1.3,   0.8) m, ( 88.16,  80.91) mas
     721: (  1.0,   0.8) m, (105.71,  81.56) mas
     483: (  1.0,  -1.0) m, (105.17,  92.31) mas
     420: (  1.8,  -1.5) m, (111.23,  95.76) mas
     314: (  2.8,  -2.3) m, (119.68, 101.29) mas
     252: (  3.5,  -2.8) m, (126.22, 105.20) mas
      50: (  2.8,  -4.5) m, (119.29, 119.99) mas
sa index   location       noise equivalent angle
     569: ( -5.0,  -0.3) m, ( 74.61,  72.44) mas
     573: ( -4.0,  -0.3) m, ( 78.79,  72.92) mas
     577: ( -3.0,  -0.3) m, ( 84.76,  73.49) mas
     582: ( -1.8,  -0.3) m, ( 93.97,  74.26) mas
     583: ( -1.5,  -0.3) m, ( 95.73,  74.40) mas
     414: (  0.3,  -1.5) m, (110.02,  76.32) mas
     585: (  1.5,  -0.3) m, (120.74,  76.19) mas
     589: (  2.5,  -0.3) m, (129.73,  76.76) mas
     594: (  3.8,  -0.3) m, (141.32,  77.44) mas
     598: (  4.8,  -0.3) m, (150.72,  77.97) mas
     599: (  5.0,  -0.3) m, (153.22,  78.10) mas
sa index   location       noise equivalent angle
     223: ( -3.8,  -2.8) m, ( 74.70,  73.68) mas
     291: ( -3.0,  -2.3) m, ( 77.67,  75.22) mas
     405: ( -2.0,  -1.5) m, ( 83.29,  78.38) mas
     480: ( -1.3,  -1.0) m, ( 88.16,  80.91) mas
     483: (  1.0,  -1.0) m, (105.71,  81.56) mas
     721: (  1.0,   0.8) m, (105.17,  92.31) mas
     798: (  1.8,   1.3) m, (111.23,  95.76) mas
     912: (  2.8,   2.0) m, (119.68, 101.29) mas
     980: (  3.5,   2.5) m, (126.22, 105.20) mas
    1176: (  2.8,   4.3) m, (119.29, 119.99) mas
sa index   location       noise equivalent angle
       9: ( -2.3,  -4.8) m, ( 72.44,  74.38) mas
      59: ( -1.5,  -4.3) m, ( 72.92,  76.10) mas
     234: ( -1.0,  -2.8) m, ( 76.38,  87.75) mas
     335: ( -0.8,  -2.0) m, ( 75.13,  89.54) mas
     411: ( -0.5,  -1.5) m, ( 75.91,  93.13) mas
     718: ( -1.3,   0.8) m, ( 75.79, 111.65) mas
     792: (  0.3,   1.3) m, ( 79.42, 115.81) mas
     868: (  0.5,   1.8) m, ( 80.61, 120.11) mas
    1064: (  1.0,   3.3) m, ( 86.59, 139.08) mas
    1144: (  1.3,   4.0) m, ( 84.93, 140.48) mas
    1192: (  2.0,   4.5) m, ( 89.54, 145.26) mas
sa index   location       noise equivalent angle
      22: (  2.0,  -4.8) m, ( 72.40,  74.33) mas
      70: (  1.3,  -4.3) m, ( 72.92,  76.10) mas
     241: (  0.8,  -2.8) m, ( 75.35,  87.03) mas
     340: (  0.5,  -2.0) m, ( 75.13,  89.54) mas
     414: (  0.3,  -1.5) m, ( 75.91,  93.13) mas
     721: (  1.0,   0.8) m, ( 75.79, 111.65) mas
     789: ( -0.5,   1.3) m, ( 79.42, 115.81) mas
     863: ( -0.8,   1.8) m, ( 80.61, 120.11) mas
    1055: ( -1.3,   3.3) m, ( 86.66, 139.07) mas
    1133: ( -1.5,   4.0) m, ( 84.93, 140.48) mas
    1181: ( -2.3,   4.5) m, ( 89.73, 145.51) mas
sa index   location       noise equivalent angle
     252: (  3.5,  -2.8) m, ( 74.70,  73.68) mas
     314: (  2.8,  -2.3) m, ( 77.65,  75.21) mas
     420: (  1.8,  -1.5) m, ( 83.29,  78.38) mas
     483: (  1.0,  -1.0) m, ( 88.16,  80.91) mas
     480: ( -1.3,  -1.0) m, (105.71,  81.56) mas
     718: ( -1.3,   0.8) m, (105.17,  92.31) mas
     783: ( -2.0,   1.3) m, (111.23,  95.76) mas
     889: ( -3.0,   2.0) m, (119.68, 101.29) mas
     951: ( -3.8,   2.5) m, (126.22, 105.20) mas
    1153: ( -3.0,   4.3) m, (119.29, 119.99) mas

[00;00mSetting up powfs 2 PO WFS[00;00m

OTF dimension is 48x48 (calculated)
Generating matched filter for powfs 2
Use sanea to derive neasim
Use sanea to derive neasim

[00;00mSetting up reconstructor[00;00m

Recon NEA: cmf(97.27) cmf(97.13) cmf(97.14) cmf(97.14) cmf(97.13) cmf(97.28) cmf(97.16) cmf(97.18) cmf(97.18) cmf(97.15) geom(0.31) geom(0.31) geom(0.31) mf(0.14)  mas
Setup or update control matrix parameters.
RRtwfs svd threshold is 1e-10
Replacing HA by HA*fit->actextrap
Adding piston cr to fit matrix
Adding TT cr on upper DMs to fit matrix.
Before assembling fit matrix:	3709.4 MiB.
Building fit->FR
Building fit->FL
Adding tikhonov constraint of 1.0e-07 to FLM
The maximum eigen value is estimated to be around 3.4e-04
DM Fit number of Low rank terms: 16 in LHS
After assemble fit matrix:	4515.6 MiB.
After setup_recon:	4515.6 MiB.
GPU 0: mem used 2008 MB (wfs init)
GPU 0: mem used 2492 MB (recon init)
GPU 0: mem used 2522 MB (perf init)

*** Simulation started at 2025/02/12 00:20:51 in nid008213. ***

Running seed 1
GPU 0: mem used 2522 MB (wfs seeding)
Wind dir: 267.3 261.7 167.0 130.5 300.7  32.3 119.8 139.0 150.8 277.7 203.0 133.1  45.9 265.1 deg
Using /global/homes/b/bpeck/.aos/cache/atm/vonkarman_14_8192x8192_0.0078125_1115374592d.bin
After genatm:	4525.1 MiB.
Step     #  Open Loop  PR TT  On axis  PR TT  Field RMS PR TT     Timing 
Step     0: OL  884.6  248.3  OA  884.6 248.3 CL  884.6 248.3 nm  0.347 s
Step    12: OL  903.4  253.0  OA  121.2  17.4 CL  121.2  17.4 nm  0.036 s
Step    36: OL  941.6  259.8  OA   98.1   9.8 CL   98.1   9.8 nm  0.045 s
Step    58: OL  974.4  260.8  OA   99.7  12.1 CL   99.7  12.1 nm  0.046 s
Step    80: OL 1007.3  258.6  OA   97.3  10.5 CL   97.3  10.5 nm  0.043 s
Step   102: OL 1040.8  257.3  OA   98.9  11.3 CL   98.9  11.3 nm  0.044 s
Step   124: OL 1073.8  258.9  OA   97.8  11.8 CL   97.8  11.8 nm  0.045 s
Step   146: OL 1103.6  265.5  OA  101.1  13.8 CL  101.1  13.8 nm  0.044 s
Step   168: OL 1128.1  276.5  OA   99.3   8.9 CL   99.3   8.9 nm  0.045 s
Step   190: OL 1145.7  290.3  OA  100.4   5.7 CL  100.4   5.7 nm  0.045 s
Step   212: OL 1156.6  304.4  OA   97.5  15.0 CL   97.5  15.0 nm  0.070 s
Step   234: OL 1161.2  318.7  OA   93.8   9.1 CL   93.8   9.1 nm  0.052 s
Step   255 updated high order loop gain: 0.376
Step   256: OL 1157.7  334.2  OA   96.3   8.0 CL   96.3   8.0 nm  0.272 s
Step   278: OL 1143.6  350.1  OA   94.9   7.5 CL   94.9   7.5 nm  0.045 s
Step   299: OL 1123.7  367.2  OA   95.8  13.8 CL   95.8  13.8 nm  0.046 s
Step   321: OL 1099.1  387.7  OA   96.8  16.2 CL   96.8  16.2 nm  0.045 s
Step   338: OL 1078.2  406.2  OA   94.4   9.7 CL   94.4   9.7 nm  0.046 s
Step   360: OL 1051.2  434.5  OA   97.2   6.2 CL   97.2   6.2 nm  0.048 s
Step   382: OL 1026.7  466.0  OA   98.4  12.3 CL   98.4  12.3 nm  0.044 s
Step   404: OL 1003.6  497.7  OA   95.3   5.4 CL   95.3   5.4 nm  0.045 s
Step   426: OL  979.7  527.7  OA   97.9   6.1 CL   97.9   6.1 nm  0.052 s
Step   448: OL  956.6  556.6  OA   99.7   9.5 CL   99.7   9.5 nm  0.043 s
Step   469: OL  940.7  584.1  OA   96.7  13.8 CL   96.7  13.8 nm  0.052 s
Step   491: OL  934.1  611.7  OA  100.0  13.4 CL  100.0  13.4 nm  0.045 s
Step   511 updated high order loop gain: 0.359
Step   513: OL  935.9  636.4  OA   99.6   4.0 CL   99.6   4.0 nm  0.044 s
Step   535: OL  943.0  655.1  OA  100.6  13.8 CL  100.6  13.8 nm  0.052 s
Step   557: OL  956.2  666.0  OA   97.0  12.8 CL   97.0  12.8 nm  0.044 s
Step   579: OL  974.7  670.5  OA   96.5   3.8 CL   96.5   3.8 nm  0.043 s
Step   601: OL  997.8  668.8  OA   98.2  12.7 CL   98.2  12.7 nm  0.044 s
Step   623: OL 1022.7  659.3  OA   98.3   8.7 CL   98.3   8.7 nm  0.045 s
Step   644: OL 1045.4  644.0  OA  100.6  13.2 CL  100.6  13.2 nm  0.047 s
Step   666: OL 1065.9  623.2  OA   96.2   6.5 CL   96.2   6.5 nm  0.045 s
Step   688: OL 1084.0  600.3  OA  101.0  12.6 CL  101.0  12.6 nm  0.045 s
Step   710: OL 1098.0  575.1  OA  101.7   0.8 CL  101.7   0.8 nm  0.046 s
Step   732: OL 1104.2  547.9  OA   96.9   1.9 CL   96.9   1.9 nm  0.045 s
Step   754: OL 1101.8  521.0  OA  100.2   9.5 CL  100.2   9.5 nm  0.047 s
Step   767 updated high order loop gain: 0.350
Step   776: OL 1091.5  495.6  OA  100.9   4.4 CL  100.9   4.4 nm  0.045 s
Step   798: OL 1072.0  471.0  OA  100.7  16.2 CL  100.7  16.2 nm  0.044 s
Step   820: OL 1045.7  446.4  OA   99.5   9.9 CL   99.5   9.9 nm  0.055 s
Step   842: OL 1013.4  422.8  OA  101.8   3.0 CL  101.8   3.0 nm  0.043 s
Step   863: OL  980.1  402.5  OA  100.9   7.3 CL  100.9   7.3 nm  0.044 s
Step   885: OL  947.2  385.0  OA   99.4  11.9 CL   99.4  11.9 nm  0.052 s
Step   907: OL  913.7  371.0  OA   98.1  12.1 CL   98.1  12.1 nm  0.044 s
Step   929: OL  878.9  360.2  OA  101.1  11.8 CL  101.1  11.8 nm  0.052 s
Step   950: OL  847.3  350.2  OA  103.0  14.4 CL  103.0  14.4 nm  0.045 s
Step   972: OL  818.8  338.3  OA  101.2  14.5 CL  101.2  14.5 nm  0.044 s
Step   994: OL  796.2  324.0  OA  100.7   9.0 CL  100.7   9.0 nm  0.051 s
Step  1016: OL  777.2  307.6  OA  103.5   5.7 CL  103.5   5.7 nm  0.043 s
Step  1023 updated high order loop gain: 0.345
Step  1038: OL  762.8  290.1  OA  100.7  10.0 CL  100.7  10.0 nm  0.045 s
Step  1059: OL  751.1  271.1  OA   96.0   9.8 CL   96.0   9.8 nm  0.045 s
Step  1081: OL  742.2  247.2  OA  100.8  14.6 CL  100.8  14.6 nm  0.051 s
Step  1102: OL  739.2  223.4  OA   98.2  14.9 CL   98.2  14.9 nm  0.045 s
Step  1124: OL  739.3  201.9  OA  101.6  22.1 CL  101.6  22.1 nm  0.051 s
Step  1146: OL  740.6  185.8  OA   99.1  19.2 CL   99.1  19.2 nm  0.044 s
Step  1168: OL  742.0  175.1  OA  101.1  18.2 CL  101.1  18.2 nm  0.044 s
Step  1190: OL  744.9  169.3  OA  103.8  28.6 CL  103.8  28.6 nm  0.050 s
Step  1212: OL  749.2  165.2  OA   99.1  14.8 CL   99.1  14.8 nm  0.044 s
Step  1234: OL  752.8  163.9  OA   99.7  23.8 CL   99.7  23.8 nm  0.045 s
Step  1256: OL  755.0  168.2  OA  101.1  25.2 CL  101.1  25.2 nm  0.051 s
Step  1277: OL  758.1  177.7  OA  101.7  28.5 CL  101.7  28.5 nm  0.044 s
Step  1279 updated high order loop gain: 0.342
Step  1299: OL  763.8  191.3  OA  103.1  28.3 CL  103.1  28.3 nm  0.045 s
Step  1321: OL  769.3  207.8  OA  100.0  18.1 CL  100.0  18.1 nm  0.044 s
Step  1343: OL  777.0  227.2  OA  100.6  21.6 CL  100.6  21.6 nm  0.045 s
Step  1365: OL  789.6  246.3  OA  102.8  25.1 CL  102.8  25.1 nm  0.051 s
Step  1388: OL  806.6  260.9  OA   98.9  13.9 CL   98.9  13.9 nm  0.044 s
Step  1410: OL  827.0  269.9  OA  103.4  20.9 CL  103.4  20.9 nm  0.047 s
Step  1432: OL  849.4  275.4  OA  103.2  20.2 CL  103.2  20.2 nm  0.045 s
Step  1454: OL  870.6  279.0  OA   99.2  19.3 CL   99.2  19.3 nm  0.044 s
Step  1475: OL  886.6  279.0  OA  101.2  22.8 CL  101.2  22.8 nm  0.044 s
Step  1496: OL  893.7  274.3  OA   96.3   4.3 CL   96.3   4.3 nm  0.046 s
Step  1518: OL  892.8  265.1  OA   96.7   7.2 CL   96.7   7.2 nm  0.044 s
Step  1535 updated high order loop gain: 0.342
Step  1540: OL  885.7  252.5  OA   97.4  12.6 CL   97.4  12.6 nm  0.044 s
Step  1562: OL  875.4  238.0  OA   97.3   4.6 CL   97.3   4.6 nm  0.044 s
Step  1584: OL  862.8  225.7  OA   98.5   8.0 CL   98.5   8.0 nm  0.050 s
Step 1599: Output PSF
Step  1599: OL  852.9  219.3  OA   97.1   7.3 CL   97.1   7.3 nm  2.997 s
Mean: 99.61 14.76 98.51  nm.

*** Simulation Finished at 2025/02/12 00:22:18 in nid008213. ***

