Warning(sock.c:516): connect locally (/global/homes/b/bpeck/.aos/tmp/nid008652/scheduler) failed: Invalid argument. 
/global/u2/b/bpeck/work/vismcao/maos -o studies/reduced_ngs/6_lgs/8mag_lgs/3750count -c master_files/reduced_ngs/6_lgs/8mag_lgs/kola_3750act.conf -O 
Output folder is 'studies/reduced_ngs/6_lgs/8mag_lgs/3750count'.
SRC: /global/homes/b/bpeck/code/maos v2.9 4c88b7c2 2024-11-13 16:45:33 -0800
BUILT: /global/homes/b/bpeck/code/maos/optim by GCC (v12) on 2024/11/18 09:40:03 CPU(F64,+O3) with CUDA(v122,F32)
Launched at 2025/02/12 00:22:13 in nid008652 with PID 776563.
The web based job monitor can be accessed at http://localhost:10300
Main config file is /global/u2/b/bpeck/work/vismcao/master_files/reduced_ngs/6_lgs/8mag_lgs/kola_3750act.conf
Warning(path.c:48): Path not found: path=/global/u2/b/bpeck/work/vismcao/master_files/reduced_ngs/6_lgs/8mag_lgs/bin; abspath=/global/u2/b/bpeck/work/vismcao/master_files/reduced_ngs/6_lgs/8mag_lgs/bin; Ignored.
Warning(path.c:48): Path not found: path=/global/u2/b/bpeck/work/vismcao/master_files/reduced_ngs/6_lgs/8mag_lgs/atm; abspath=/global/u2/b/bpeck/work/vismcao/master_files/reduced_ngs/6_lgs/8mag_lgs/atm; Ignored.
Warning(readcfg.c:399): sim.apfsm has been renamed to powfs.apfsm.
Warning(readcfg.c:399): sim.epfsm has been renamed to powfs.epfsm.
Warning(readcfg.c:399): sim.alfsm has been renamed to powfs.alfsm.
Warning(readcfg.c:399): sim.commonfsm has been renamed to powfs.commonfsm.
Warning(readcfg.c:399): sim.idealfsm has been renamed to powfs.idealfsm.
Warning(readcfg.c:399): sim.zetafsm has been renamed to powfs.zetafsm.
Warning(readcfg.c:399): sim.f0fsm has been renamed to powfs.f0fsm.
Warning(readcfg.c:399): tsurf has been renamed to ncpa.tsurf.
loaded 132 (132 new) records from '/global/u2/b/bpeck/work/vismcao/./keck_sim.conf'
loaded  19 ( 19 new) records from '/global/u2/b/bpeck/work/vismcao/./dm_none.conf'
loaded  19 (  0 new) records from '/global/u2/b/bpeck/work/vismcao/./keck_ASM.conf'
loaded  19 (  0 new) records from '/global/u2/b/bpeck/work/vismcao/./keck_DM2.conf'
loaded  19 (  0 new) records from '/global/u2/b/bpeck/work/vismcao/./keck_DM3.conf'
loaded   0 (  0 new) records from '/global/u2/b/bpeck/work/vismcao/./keck_dm_multiple.conf'
loaded   7 (  5 new) records from '/global/u2/b/bpeck/work/vismcao/./atm_mk13n50p_ground_detail.conf'
loaded  76 ( 69 new) records from '/global/homes/b/bpeck/code/maos/config/maos/powfs_common.conf'
loaded  44 ( 38 new) records from '/global/u2/b/bpeck/work/vismcao/./powfs_none.conf'
loaded  44 (  0 new) records from '/global/u2/b/bpeck/work/vismcao/./keck_shwfs_lgs.conf'
loaded  44 (  0 new) records from '/global/u2/b/bpeck/work/vismcao/./keck_shwfs_ttf_strap.conf'
loaded  44 (  0 new) records from '/global/u2/b/bpeck/work/vismcao/./keck_shwfs_twfs_lbwfs.conf'
loaded   0 (  0 new) records from '/global/u2/b/bpeck/work/vismcao/./keck_wfs_lgs_strap_lbwfs.conf'
loaded  71 ( 71 new) records from '/global/u2/b/bpeck/work/vismcao/./keck_recon.conf'
Warning(readcfg.c:399): dbg.na_smooth has been renamed to powfs0_llt.na_smooth.
Warning(readcfg.c:399): dbg.na_interp has been renamed to powfs0_llt.na_interp.
Warning(readcfg.c:399): dbg.na_thres has been renamed to powfs0_llt.na_thres.
Warning(readcfg.c:399): dbg.na_fit_maxit has been renamed to powfs0_llt.na_fit_maxit.
Warning(readcfg.c:399): dbg.na_fit_svdthres has been renamed to powfs0_llt.na_fit_svdthres.
Warning(readcfg.c:399): dbg.na_fit_dh has been renamed to powfs0_llt.na_fit_dh.
Warning(readcfg.c:399): dbg.ncpa_preload has been renamed to ncpa.preload.
Warning(readcfg.c:399): dbg.ncpa_rmsci has been renamed to ncpa.rmsci.
Warning(readcfg.c:399): dbg.draw_opdmax has been renamed to plot.opdmax.
Warning(readcfg.c:399): dbg.draw_gmax has been renamed to plot.gmax.
loaded  95 ( 93 new) records from '/global/u2/b/bpeck/work/vismcao/./keck_dbg.conf'
loaded   4 (  4 new) records from '/global/u2/b/bpeck/work/vismcao/./keck_fit_mcao.conf'
Warning(readcfg.c:399): surf has been renamed to ncpa.surf.
loaded  39 (  7 new) records from '/global/u2/b/bpeck/work/vismcao/master_files/reduced_ngs/6_lgs/8mag_lgs/kola_3750act.conf'
loaded   0 (  0 new) records from 'command line'
loaded  24 ( 18 new) records from '/global/u2/b/bpeck/work/vismcao/./keck_llt_CL.conf'
Adjust LGS range by telescope altitude 4145m.
Zenith angle is 30 degree.
    Scaling turbulence height and LGS hs by sec(za).
    Scaling r0 by cos(za)^(3/5).
    Scaling wind speed and LGS signal level by cos(za).
powfs0: Adjusting dx from 0.0078125 to 0.00795. 
powfs0.llt.fsm: f0=0 Hz, LPF ep=0
powfs0.epfsm is set to 0.517618 (auto)
powfs2: Adjusting dx from 0.03125 to 0.0312778. 
powfs2 is TWFS for powfs0
sim.ephi is set to 0.427717 (auto)
sim.eplo is set to 0.427717 (auto)
Warning(parms.c:2296): Layer 1 at 17.3205m is very close to layer 0 at 0m (OK).
Warning(parms.c:2296): Layer 2 at 34.641m is very close to layer 1 at 17.3205m (OK).
Warning(parms.c:2296): Layer 3 at 51.9615m is very close to layer 2 at 34.641m (OK).
dm 0: stroke=30 um is provided in micron.
dm 0: assume ia stroke=2 um is provided in micron.
dm 1: stroke=7 um is provided in micron.
dm 1: assume ia stroke=2 um is provided in micron.
dm 2: stroke=7 um is provided in micron.
dm 2: assume ia stroke=2 um is provided in micron.
Focus blending is not implemented yet for integrated tomography
parms->sim.mffocus is reset to 0
There are 1 valid simulation seeds:  1
Output PSF for 1 directions
Used 449 of 456 supplied keys
Warning(readcfg.c:158): key "dbg.pwfs_flate" is not recognized, value is 0
Warning(readcfg.c:158): key "dbg.pwfs_flatv" is not recognized, value is 0
Warning(readcfg.c:158): key "dbg.pwfs_psx" is not recognized, value is [0 0 0 0]
Warning(readcfg.c:158): key "dbg.pwfs_psy" is not recognized, value is [0 0 0 0]
Warning(readcfg.c:158): key "dbg.pwfs_pupelong" is not recognized, value is 0
Warning(readcfg.c:158): key "dbg.pwfs_raw" is not recognized, value is 0
Warning(readcfg.c:158): key "dbg.pwfs_side" is not recognized, value is 4
[00;00mAperture[00;00m is 11 m with sampling 1/128 m
[00;00mTurbulence at 30 degree zenith angle:[00;00m r0=0.128424m, L0=30m, 14 layers.
    Greenwood freq is 25.1Hz, anisoplanatic angle is 1.58 as
    Sampled 8192x8192 at 1/128m. wind dir is randomized.
    layer 0: ht=      0 m, wt= 0.302, ws=  4.8 m/s
    layer 1: ht=     17 m, wt= 0.154, ws=  5.0 m/s
    layer 2: ht=     35 m, wt= 0.041, ws=  5.4 m/s
    layer 3: ht=     52 m, wt= 0.002, ws=  6.6 m/s
    layer 4: ht=    139 m, wt= 0.021, ws=  6.1 m/s
    layer 5: ht=    231 m, wt= 0.010, ws=  6.1 m/s
    layer 6: ht=    323 m, wt= 0.008, ws=  6.1 m/s
    layer 7: ht=    416 m, wt= 0.005, ws=  6.1 m/s
    layer 8: ht=    508 m, wt= 0.001, ws=  6.1 m/s
    layer 9: ht=    932 m, wt= 0.107, ws=  5.6 m/s
    layer 10: ht=   5022 m, wt= 0.144, ws= 11.1 m/s
    layer 11: ht=   9238 m, wt= 0.093, ws= 19.1 m/s
    layer 12: ht=  13856 m, wt= 0.075, ws=  8.2 m/s
    layer 13: ht=  22518 m, wt= 0.036, ws=  4.8 m/s
[00;00mReconstruction[00;00m: r0=0.128424m L0=30m. 14 layers. use cone coordinate.
    layer 0: ht=      0 m, wt= 0.302
    layer 1: ht=     17 m, wt= 0.154
    layer 2: ht=     35 m, wt= 0.041
    layer 3: ht=     52 m, wt= 0.002
    layer 4: ht=    139 m, wt= 0.021
    layer 5: ht=    231 m, wt= 0.010
    layer 6: ht=    323 m, wt= 0.008
    layer 7: ht=    416 m, wt= 0.005
    layer 8: ht=    508 m, wt= 0.001
    layer 9: ht=    932 m, wt= 0.107
    layer 10: ht=   5022 m, wt= 0.144
    layer 11: ht=   9238 m, wt= 0.093
    layer 12: ht=  13856 m, wt= 0.075
    layer 13: ht=  22518 m, wt= 0.036
[00;00mThere are 3 powfs[00;00m
  powfs0: Order 70, LGS at 99.1 km. Sampling 1/125.786 m. Thres 30%. [00;00mT/T is removed in right hand side in tomography.[00;00m
    CCD image is 25x25 @ 500x500 mas, blur 27% (sigma), 1500Hz, wvl: [ 5.89e-07]
    Gtilt in reconstruction. Physical optics start at 0 with [00;00m'matched filter'[00;00m [00;00m(noisy)[00;00m
  powfs1: Order  2, NGS at inf km. Sampling 1/16 m. Thres 30%. 
    Ztilt in reconstruction. Geomtric optics start at 2 with ztilt [00;00m(noisy)[00;00m
  powfs2: Order 20, NGS at inf km. Sampling 1/31.9716 m. Thres 50%. 
    CCD image is 4x4 @ 1500x1500 mas, blur 0% (sigma), 0.015Hz, wvl: [ 7.2e-07]
    Gtilt in reconstruction. Geomtric optics start at 50 with gtilt Physical optics start at 0 with [00;00m'matched filter'[00;00m [00;00m(noisy)[00;00m
[00;00mThere are 10 wfs[00;00m
    wfs 0: type 0, at (  30.00,    0.00) arcsec,  99 km, siglev is 30.3126 bkgrnd is 0.1
    wfs 1: type 0, at (  15.00,   25.98) arcsec,  99 km, siglev is 30.3126 bkgrnd is 0.1
    wfs 2: type 0, at ( -15.00,   25.98) arcsec,  99 km, siglev is 30.3126 bkgrnd is 0.1
    wfs 3: type 0, at ( -30.00,    0.00) arcsec,  99 km, siglev is 30.3126 bkgrnd is 0.1
    wfs 4: type 0, at ( -15.00,  -25.98) arcsec,  99 km, siglev is 30.3126 bkgrnd is 0.1
    wfs 5: type 0, at (  15.00,  -25.98) arcsec,  99 km, siglev is 30.3126 bkgrnd is 0.1
    wfs 6: type 1, at (   5.00,    8.66) arcsec, inf km, siglev is 42387.6 bkgrnd is 1.056
    wfs 7: type 1, at ( -10.00,    0.00) arcsec, inf km, siglev is 42387.6 bkgrnd is 1.056
    wfs 8: type 1, at (   5.00,   -8.66) arcsec, inf km, siglev is 42387.6 bkgrnd is 1.056
    wfs 9: type 2, at (   0.00,    0.00) arcsec, inf km, siglev is 4.1558e+06 bkgrnd is 0.001
[00;00mThere are 3 DMs[00;00m
  DM 0 at -0.1km, actuator pitch 0.159m, offset   0, with 30.000000 micron stroke.
    Normalized cubic influence function with inter-actuator coupling of 0.223
  DM 1 at    6km, actuator pitch 0.168m, offset   0, with 7.000000 micron stroke.
    Normalized cubic influence function with inter-actuator coupling of 0.223
  DM 2 at   10km, actuator pitch 0.168m, offset   0, with 7.000000 micron stroke.
    Normalized cubic influence function with inter-actuator coupling of 0.223
[00;00mTomography[00;00m is using CG, with [00;00mFourer Domain[00;00m preconditioner, [00;00m12[00;00m iterations, integrated tomo.
[00;00mDM Fitting [00;00mis using CG, with [00;00mNo[00;00m preconditioner, [00;00m10[00;00m iterations
[00;00mThere are 9 fit directions[00;00m
    Fit 0: weight is 0.444, at (   0.00,    0.00) arcsec
    Fit 1: weight is 0.111, at (  15.00,    0.00) arcsec
    Fit 2: weight is 0.111, at (   0.00,   15.00) arcsec
    Fit 3: weight is 0.111, at ( -15.00,    0.00) arcsec
    Fit 4: weight is 0.111, at (   0.00,  -15.00) arcsec
    Fit 5: weight is 0.028, at (  15.00,   15.00) arcsec
    Fit 6: weight is 0.028, at ( -15.00,   15.00) arcsec
    Fit 7: weight is 0.028, at ( -15.00,  -15.00) arcsec
    Fit 8: weight is 0.028, at (  15.00,  -15.00) arcsec
[00;00mThere are 1 evaluation directions[00;00m at sampling 1/128 m.
    Evl 0: weight is 1.000, at (   0.00,    0.00) arcsec
[00;00mSimulation[00;00m start at step 0, end at step 1600, with time step 1/1500s, [00;00mclose loop[00;00m.
After setup_parms:	120.5 MiB.
Warning(sock.c:516): connect locally (/global/homes/b/bpeck/.aos/tmp/nid008652/scheduler) failed: Invalid argument. 
CUDA: minimum memory requirement is 0.3GB
GPU 0 is NVIDIA A100-SXM4-80GB with arch 8.0, 78.6GB free, 79.0GB total device memory.
Using GPU 0
Use 1 GPUs for WFS Tomo Fit Evl

*** Preparation started at 2025/02/12 00:22:14 in nid008652. ***

Using OpenMP version 201511 with 128 threads
Reading aperture amplitude map from KECK.fits
Warning(accphi.c:477): 108440 points not covered by input screen
Warning(sock.c:516): connect locally (/global/homes/b/bpeck/.aos/tmp/nid008652/scheduler) failed: Invalid argument. 
 ->maos.c:447->setup.c:148->aper.c:74->utils.c:478->accphi.c:478
iwvl 0: Science PSF is using grid size of 2880. The PSF will sum to 6.95167232825486
iwvl 1: Science PSF is using grid size of 2880. The PSF will sum to 6.95167232825486
iwvl 2: Science PSF is using grid size of 2880. The PSF will sum to 6.95167232825486
iwvl 3: Science PSF is using grid size of 2880. The PSF will sum to 6.95167232825486
iwvl 4: Science PSF is using grid size of 2880. The PSF will sum to 6.95167232825486
iwvl 5: Science PSF is using grid size of 2880. The PSF will sum to 6.95167232825486
iwvl 6: Science PSF is using grid size of 2880. The PSF will sum to 6.95167232825486
iwvl 7: Science PSF is using grid size of 2880. The PSF will sum to 6.95167232825486
iwvl 8: Science PSF is using grid size of 2880. The PSF will sum to 6.95167232825486
After setup_aper:	341.1 MiB.

[00;00mSetting up powfs 0 geom[00;00m

There are 20 points in each subaperture of 0.159m.
There are 2972 valid subaperture.

[00;00mSetting up powfs 1 geom[00;00m

There are 88 points in each subaperture of 5.5m.
There are 4 valid subaperture.

[00;00mSetting up powfs 2 geom[00;00m

There are 18 points in each subaperture of 0.563m.
There are 236 valid subaperture.
After setup_powfs_init:	417.7 MiB.

[00;00mSetting up reconstructor geometry.[00;00m

PLOC is 143x143, with sampling of 0.08m (square)
    DM 0: grid is 73 x 73
    DM 1: grid is 75 x 75
    DM 2: grid is 81 x 79
FLOC is 143x143, with sampling of 0.08m (not square)
Tomography grid is square:
    layer 0: xloc grid is 252 x 252, sampling is 0.080 m, 63504 points
    layer 1: xloc grid is 252 x 252, sampling is 0.079 m, 63504 points
    layer 2: xloc grid is 252 x 252, sampling is 0.079 m, 63504 points
    layer 3: xloc grid is 252 x 252, sampling is 0.079 m, 63504 points
    layer 4: xloc grid is 252 x 252, sampling is 0.079 m, 63504 points
    layer 5: xloc grid is 252 x 252, sampling is 0.079 m, 63504 points
    layer 6: xloc grid is 252 x 252, sampling is 0.079 m, 63504 points
    layer 7: xloc grid is 252 x 252, sampling is 0.079 m, 63504 points
    layer 8: xloc grid is 252 x 252, sampling is 0.079 m, 63504 points
    layer 9: xloc grid is 252 x 252, sampling is 0.079 m, 63504 points
    layer 10: xloc grid is 252 x 252, sampling is 0.075 m, 63504 points
    layer 11: xloc grid is 252 x 252, sampling is 0.072 m, 63504 points
    layer 12: xloc grid is 252 x 252, sampling is 0.068 m, 63504 points
    layer 13: xloc grid is 252 x 252, sampling is 0.061 m, 63504 points

[00;00mSetting up powfs 0 PO WFS[00;00m

OTF dimension is 40x40 (calculated)
There is no bias
Uplink FWHM (illt 0, iwvl 0) is 0.576805"
Downlink FWHM (illt 0, iwvl 0) is 1.30857"
Generating matched filter for powfs 0
sa index   location       noise equivalent angle
    1483: (  4.9,  -0.2) m, (136.09, 132.28) mas
    1476: (  3.8,  -0.2) m, (143.85, 133.86) mas
    1469: (  2.7,  -0.2) m, (154.70, 135.98) mas
    1462: (  1.6,  -0.2) m, (167.56, 138.21) mas
    1460: (  1.3,  -0.2) m, (171.73, 138.85) mas
    1024: ( -0.5,  -1.4) m, (200.15, 145.23) mas
    1457: ( -1.7,  -0.2) m, (226.26, 144.35) mas
    1450: ( -2.9,  -0.2) m, (253.73, 146.08) mas
    1443: ( -4.0,  -0.2) m, (278.58, 147.71) mas
    1436: ( -5.1,  -0.2) m, (298.09, 149.31) mas
    1434: ( -5.4,  -0.2) m, (302.10, 149.71) mas
sa index   location       noise equivalent angle
    2932: (  2.5,   4.5) m, (132.67, 134.17) mas
    2729: (  2.1,   3.7) m, (135.21, 139.00) mas
    2398: (  1.4,   2.5) m, (140.70, 149.52) mas
    2013: (  0.8,   1.4) m, (147.39, 162.59) mas
    1892: (  0.6,   1.1) m, (149.26, 166.76) mas
    1141: (  0.8,  -1.1) m, (151.37, 199.92) mas
    1082: ( -0.8,  -1.3) m, (166.69, 205.71) mas
     961: ( -1.0,  -1.6) m, (168.84, 212.32) mas
     576: ( -1.6,  -2.7) m, (176.91, 234.90) mas
     245: ( -2.2,  -3.8) m, (185.93, 257.99) mas
      42: ( -2.7,  -4.6) m, (193.52, 273.70) mas
sa index   location       noise equivalent angle
    2899: ( -2.7,   4.5) m, (132.67, 134.17) mas
    2702: ( -2.2,   3.7) m, (135.21, 139.00) mas
    2379: ( -1.6,   2.5) m, (140.70, 149.52) mas
    2002: ( -1.0,   1.4) m, (147.39, 162.59) mas
    1885: ( -0.8,   1.1) m, (149.26, 166.76) mas
    1138: ( -1.0,  -1.1) m, (151.47, 200.00) mas
    1088: (  0.6,  -1.3) m, (166.69, 205.71) mas
     972: (  0.8,  -1.6) m, (168.84, 212.32) mas
     595: (  1.4,  -2.7) m, (176.91, 234.90) mas
     272: (  2.1,  -3.8) m, (185.93, 257.99) mas
      75: (  2.5,  -4.6) m, (193.52, 273.70) mas
sa index   location       noise equivalent angle
    1436: ( -5.1,  -0.2) m, (136.09, 132.28) mas
    1443: ( -4.0,  -0.2) m, (143.85, 133.86) mas
    1450: ( -2.9,  -0.2) m, (154.70, 135.98) mas
    1457: ( -1.7,  -0.2) m, (167.56, 138.21) mas
    1459: ( -1.4,  -0.2) m, (171.73, 138.85) mas
    1950: (  0.3,   1.3) m, (200.15, 145.23) mas
    1462: (  1.6,  -0.2) m, (226.26, 144.35) mas
    1469: (  2.7,  -0.2) m, (253.73, 146.08) mas
    1476: (  3.8,  -0.2) m, (278.58, 147.71) mas
    1483: (  4.9,  -0.2) m, (298.09, 149.31) mas
    1485: (  5.2,  -0.2) m, (302.10, 149.71) mas
sa index   location       noise equivalent angle
      42: ( -2.7,  -4.6) m, (132.67, 134.17) mas
     245: ( -2.2,  -3.8) m, (135.21, 139.00) mas
     576: ( -1.6,  -2.7) m, (140.70, 149.52) mas
     961: ( -1.0,  -1.6) m, (147.39, 162.59) mas
    1082: ( -0.8,  -1.3) m, (149.26, 166.76) mas
    1832: ( -1.0,   1.0) m, (151.37, 199.92) mas
    1892: (  0.6,   1.1) m, (166.69, 205.71) mas
    2013: (  0.8,   1.4) m, (168.84, 212.32) mas
    2398: (  1.4,   2.5) m, (176.91, 234.90) mas
    2729: (  2.1,   3.7) m, (185.93, 257.99) mas
    2932: (  2.5,   4.5) m, (193.52, 273.70) mas
sa index   location       noise equivalent angle
      75: (  2.5,  -4.6) m, (132.67, 134.17) mas
     272: (  2.1,  -3.8) m, (135.21, 139.00) mas
     595: (  1.4,  -2.7) m, (140.70, 149.52) mas
     972: (  0.8,  -1.6) m, (147.39, 162.59) mas
    1088: (  0.6,  -1.3) m, (149.26, 166.76) mas
    1835: (  0.8,   1.0) m, (151.37, 199.92) mas
    1885: ( -0.8,   1.1) m, (166.69, 205.71) mas
    2002: ( -1.0,   1.4) m, (168.84, 212.32) mas
    2379: ( -1.6,   2.5) m, (176.91, 234.90) mas
    2702: ( -2.2,   3.7) m, (185.93, 257.99) mas
    2899: ( -2.7,   4.5) m, (193.52, 273.70) mas

[00;00mSetting up powfs 2 PO WFS[00;00m

OTF dimension is 48x48 (calculated)
Generating matched filter for powfs 2
Use sanea to derive neasim
Use sanea to derive neasim

[00;00mSetting up reconstructor[00;00m

Recon NEA: cmf(184.79) cmf(183.90) cmf(183.88) cmf(184.74) cmf(183.81) cmf(183.83) geom(0.31) geom(0.31) geom(0.31) mf(0.14)  mas
Setup or update control matrix parameters.
RRtwfs svd threshold is 1e-10
Replacing HA by HA*fit->actextrap
Adding piston cr to fit matrix
Adding TT cr on upper DMs to fit matrix.
Before assembling fit matrix:	3914.1 MiB.
Building fit->FR
Building fit->FL
Adding tikhonov constraint of 1.0e-07 to FLM
The maximum eigen value is estimated to be around 2.8e-04
DM Fit number of Low rank terms: 16 in LHS
After assemble fit matrix:	5573.1 MiB.
After setup_recon:	5573.1 MiB.
GPU 0: mem used 1410 MB (wfs init)
GPU 0: mem used 2434 MB (recon init)
GPU 0: mem used 2464 MB (perf init)

*** Simulation started at 2025/02/12 00:24:40 in nid008652. ***

Running seed 1
GPU 0: mem used 2466 MB (wfs seeding)
Wind dir: 267.3 261.7 167.0 130.5 300.7  32.3 119.8 139.0 150.8 277.7 203.0 133.1  45.9 265.1 deg
Using /global/homes/b/bpeck/.aos/cache/atm/vonkarman_14_8192x8192_0.0078125_1115374592d.bin
After genatm:	5488.2 MiB.
Step     #  Open Loop  PR TT  On axis  PR TT  Field RMS PR TT     Timing 
Step     0: OL  884.6  248.3  OA  884.6 248.3 CL  884.6 248.3 nm  0.396 s
Step    20: OL  915.7  255.8  OA  134.3   4.7 CL  134.3   4.7 nm  0.057 s
Step    37: OL  942.0  260.1  OA  131.2  26.0 CL  131.2  26.0 nm  0.056 s
Step    55: OL  968.6  261.1  OA  132.7  17.1 CL  132.7  17.1 nm  0.054 s
Step    72: OL  994.1  259.6  OA  127.1  16.9 CL  127.1  16.9 nm  0.056 s
Step    90: OL 1021.8  258.0  OA  126.0   9.2 CL  126.0   9.2 nm  0.057 s
Step   107: OL 1048.1  257.6  OA  131.7  36.4 CL  131.7  36.4 nm  0.058 s
Step   125: OL 1075.3  259.3  OA  124.3  12.4 CL  124.3  12.4 nm  0.058 s
Step   143: OL 1100.2  264.6  OA  130.1  13.2 CL  130.1  13.2 nm  0.056 s
Step   161: OL 1121.7  272.8  OA  129.6  13.4 CL  129.6  13.4 nm  0.062 s
Step   178: OL 1138.2  282.8  OA  134.9  21.8 CL  134.9  21.8 nm  0.056 s
Step   196: OL 1150.6  294.4  OA  128.2  12.8 CL  128.2  12.8 nm  0.069 s
Step   213: OL 1158.6  305.2  OA  128.9  27.3 CL  128.9  27.3 nm  0.058 s
Step   229: OL 1162.5  315.6  OA  132.1  24.4 CL  132.1  24.4 nm  0.057 s
Step   247: OL 1162.2  327.8  OA  138.9   6.7 CL  138.9   6.7 nm  0.056 s
Step   255 updated high order loop gain: 0.366
Step   264: OL 1155.3  340.0  OA  135.2  24.1 CL  135.2  24.1 nm  0.056 s
Step   282: OL 1141.1  353.1  OA  126.7  14.2 CL  126.7  14.2 nm  0.057 s
Step   300: OL 1122.8  368.1  OA  124.6  13.5 CL  124.6  13.5 nm  0.067 s
Step   318: OL 1101.3  384.7  OA  130.6  21.2 CL  130.6  21.2 nm  0.055 s
Step   335: OL 1079.0  402.6  OA  121.7  15.1 CL  121.7  15.1 nm  0.063 s
Step   351: OL 1057.6  422.3  OA  121.2  13.5 CL  121.2  13.5 nm  0.057 s
Step   368: OL 1035.8  445.7  OA  121.1  18.4 CL  121.1  18.4 nm  0.055 s
Step   386: OL 1014.5  471.6  OA  124.5   8.3 CL  124.5   8.3 nm  0.057 s
Step   403: OL  995.1  496.0  OA  129.5  18.4 CL  129.5  18.4 nm  0.072 s
Step   421: OL  974.1  520.8  OA  124.1  12.0 CL  124.1  12.0 nm  0.056 s
Step   438: OL  954.7  543.3  OA  127.6  14.0 CL  127.6  14.0 nm  0.061 s
Step   456: OL  936.8  566.7  OA  128.8  11.9 CL  128.8  11.9 nm  0.055 s
Step   473: OL  925.8  588.9  OA  127.9  13.8 CL  127.9  13.8 nm  0.057 s
Step   490: OL  922.0  610.1  OA  131.0  10.7 CL  131.0  10.7 nm  0.057 s
Step   508: OL  923.8  630.8  OA  128.9   6.7 CL  128.9   6.7 nm  0.055 s
Step   511 updated high order loop gain: 0.321
Step   525: OL  929.2  647.2  OA  131.3  13.6 CL  131.3  13.6 nm  0.057 s
Step   542: OL  938.1  659.0  OA  131.5   7.6 CL  131.5   7.6 nm  0.058 s
Step   559: OL  950.9  666.3  OA  129.6  13.0 CL  129.6  13.0 nm  0.058 s
Step   575: OL  965.8  669.7  OA  121.3  18.7 CL  121.3  18.7 nm  0.065 s
Step   592: OL  984.3  670.2  OA  120.9  10.7 CL  120.9  10.7 nm  0.057 s
Step   610: OL 1005.8  665.5  OA  122.9   7.2 CL  122.9   7.2 nm  0.055 s
Step   628: OL 1027.5  655.8  OA  127.4  19.1 CL  127.4  19.1 nm  0.056 s
Step   646: OL 1047.8  642.0  OA  128.9  16.8 CL  128.9  16.8 nm  0.056 s
Step   664: OL 1065.7  625.0  OA  127.6  19.8 CL  127.6  19.8 nm  0.057 s
Step   681: OL 1081.0  607.3  OA  130.0  21.6 CL  130.0  21.6 nm  0.055 s
Step   699: OL 1095.2  587.8  OA  129.0   6.9 CL  129.0   6.9 nm  0.062 s
Step   716: OL 1104.5  567.5  OA  135.1  26.7 CL  135.1  26.7 nm  0.056 s
Step   733: OL 1108.8  546.4  OA  131.7  23.5 CL  131.7  23.5 nm  0.057 s
Step   751: OL 1107.6  524.3  OA  130.6   9.2 CL  130.6   9.2 nm  0.064 s
Step   767 updated high order loop gain: 0.301
Step   768: OL 1101.3  504.4  OA  133.2  15.4 CL  133.2  15.4 nm  0.072 s
Step   786: OL 1088.9  484.2  OA  131.5  16.1 CL  131.5  16.1 nm  0.064 s
Step   804: OL 1070.6  464.0  OA  131.9   5.4 CL  131.9   5.4 nm  0.071 s
Step   822: OL 1048.1  444.0  OA  130.4  14.2 CL  130.4  14.2 nm  0.055 s
Step   839: OL 1022.8  425.7  OA  127.7   2.4 CL  127.7   2.4 nm  0.060 s
Step   853: OL 1000.5  411.6  OA  129.4  14.7 CL  129.4  14.7 nm  0.056 s
Step   871: OL  972.0  395.5  OA  130.6  10.5 CL  130.6  10.5 nm  0.065 s
Step   888: OL  946.5  382.8  OA  129.9   9.0 CL  129.9   9.0 nm  0.056 s
Step   905: OL  920.0  372.0  OA  134.1  13.7 CL  134.1  13.7 nm  0.058 s
Step   923: OL  890.7  362.9  OA  130.3   8.4 CL  130.3   8.4 nm  0.056 s
Step   941: OL  862.1  354.4  OA  129.5   2.9 CL  129.5   2.9 nm  0.055 s
Step   959: OL  835.3  345.5  OA  130.9  10.2 CL  130.9  10.2 nm  0.056 s
Step   977: OL  812.9  335.1  OA  132.4  14.4 CL  132.4  14.4 nm  0.071 s
Step   994: OL  795.2  323.9  OA  132.7  10.6 CL  132.7  10.6 nm  0.055 s
Step  1011: OL  779.3  311.3  OA  124.8   3.6 CL  124.8   3.6 nm  0.057 s
Step  1023 updated high order loop gain: 0.292
Step  1026: OL  767.6  299.8  OA  132.9  19.2 CL  132.9  19.2 nm  0.127 s
Step  1032: OL  763.5  294.9  OA  130.9   7.9 CL  130.9   7.9 nm  0.741 s
Step  1049: OL  753.2  280.4  OA  131.5  13.8 CL  131.5  13.8 nm  0.057 s
Step  1067: OL  742.6  262.8  OA  132.0  10.9 CL  132.0  10.9 nm  0.056 s
Step  1084: OL  735.7  243.5  OA  132.5  24.0 CL  132.5  24.0 nm  0.064 s
Step  1102: OL  732.2  223.2  OA  130.0  21.9 CL  130.0  21.9 nm  0.056 s
Step  1120: OL  731.2  205.2  OA  128.0  23.8 CL  128.0  23.8 nm  0.059 s
Step  1138: OL  731.4  190.9  OA  124.1  17.3 CL  124.1  17.3 nm  0.062 s
Step  1156: OL  732.2  179.9  OA  125.4  22.2 CL  125.4  22.2 nm  0.054 s
Step  1173: OL  732.9  173.1  OA  125.8  22.1 CL  125.8  22.1 nm  0.055 s
Step  1191: OL  736.1  168.7  OA  124.7  18.2 CL  124.7  18.2 nm  0.054 s
Step  1208: OL  740.4  165.4  OA  122.2   8.0 CL  122.2   8.0 nm  0.069 s
Step  1226: OL  745.2  163.4  OA  121.9   9.2 CL  121.9   9.2 nm  0.057 s
Step  1244: OL  749.0  164.7  OA  122.2  17.8 CL  122.2  17.8 nm  0.055 s
Step  1262: OL  753.3  170.1  OA  127.6  22.2 CL  127.6  22.2 nm  0.055 s
Step  1279: OL  758.7  178.4  OA  129.9  16.1 CL  129.9  16.1 nm  0.063 s
Step  1279 updated high order loop gain: 0.282
Step  1296: OL  766.1  188.9  OA  129.5  26.8 CL  129.5  26.8 nm  0.056 s
Step  1314: OL  773.6  201.9  OA  135.9  31.4 CL  135.9  31.4 nm  0.064 s
Step  1332: OL  781.1  216.9  OA  129.4  22.1 CL  129.4  22.1 nm  0.066 s
Step  1349: OL  790.0  232.4  OA  132.0  18.7 CL  132.0  18.7 nm  0.057 s
Step  1366: OL  801.4  246.8  OA  130.8  21.7 CL  130.8  21.7 nm  0.064 s
Step  1383: OL  814.3  258.0  OA  127.6  26.1 CL  127.6  26.1 nm  0.060 s
Step  1401: OL  830.0  266.6  OA  134.3  27.0 CL  134.3  27.0 nm  0.060 s
Step  1419: OL  847.6  272.2  OA  126.4  15.4 CL  126.4  15.4 nm  0.055 s
Step  1437: OL  865.4  276.2  OA  123.5   7.2 CL  123.5   7.2 nm  0.057 s
Step  1455: OL  881.6  278.9  OA  124.0   5.8 CL  124.0   5.8 nm  0.054 s
Step  1469: OL  891.8  279.3  OA  126.3  13.3 CL  126.3  13.3 nm  0.064 s
Step  1487: OL  899.9  276.7  OA  124.4   6.0 CL  124.4   6.0 nm  0.056 s
Step  1505: OL  901.5  270.8  OA  129.2   0.6 CL  129.2   0.6 nm  0.063 s
Step  1523: OL  898.2  262.5  OA  129.7  12.3 CL  129.7  12.3 nm  0.056 s
Step  1535 updated high order loop gain: 0.277
Step  1541: OL  890.1  251.8  OA  125.4   5.4 CL  125.4   5.4 nm  0.056 s
Step  1558: OL  880.5  240.5  OA  128.3  16.8 CL  128.3  16.8 nm  0.056 s
Step  1576: OL  869.8  229.7  OA  130.2   2.5 CL  130.2   2.5 nm  0.064 s
Step  1594: OL  857.5  221.3  OA  130.4   7.0 CL  130.4   7.0 nm  0.055 s
Step 1599: Output PSF
Step  1599: OL  853.9  219.3  OA  133.0  10.2 CL  133.0  10.2 nm  3.790 s
Mean: 128.31 16.69 127.22  nm.

*** Simulation Finished at 2025/02/12 00:26:30 in nid008652. ***

