Warning(sock.c:516): connect locally (/global/homes/b/bpeck/.aos/tmp/nid003257/scheduler) failed: Invalid argument. 
/global/u2/b/bpeck/work/vismcao/maos -o studies/misreg/8_lgs/8mag_lgs/4500count -c master_files/misreg/8_lgs/8mag_lgs/kola_4500act.conf -O 
Output folder is 'studies/misreg/8_lgs/8mag_lgs/4500count'.
SRC: /global/homes/b/bpeck/code/maos v2.9 4c88b7c2 2024-11-13 16:45:33 -0800
BUILT: /global/homes/b/bpeck/code/maos/optim by GCC (v12) on 2024/11/18 09:40:03 CPU(F64,+O3) with CUDA(v122,F32)
Launched at 2025/02/09 17:20:54 in nid003257 with PID 990922.
The web based job monitor can be accessed at http://localhost:10300
Main config file is /global/u2/b/bpeck/work/vismcao/master_files/misreg/8_lgs/8mag_lgs/kola_4500act.conf
Warning(path.c:48): Path not found: path=/global/u2/b/bpeck/work/vismcao/master_files/misreg/8_lgs/8mag_lgs/bin; abspath=/global/u2/b/bpeck/work/vismcao/master_files/misreg/8_lgs/8mag_lgs/bin; Ignored.
Warning(path.c:48): Path not found: path=/global/u2/b/bpeck/work/vismcao/master_files/misreg/8_lgs/8mag_lgs/atm; abspath=/global/u2/b/bpeck/work/vismcao/master_files/misreg/8_lgs/8mag_lgs/atm; Ignored.
Warning(readcfg.c:399): sim.apfsm has been renamed to powfs.apfsm.
Warning(readcfg.c:399): sim.epfsm has been renamed to powfs.epfsm.
Warning(readcfg.c:399): sim.alfsm has been renamed to powfs.alfsm.
Warning(readcfg.c:399): sim.commonfsm has been renamed to powfs.commonfsm.
Warning(readcfg.c:399): sim.idealfsm has been renamed to powfs.idealfsm.
Warning(readcfg.c:399): sim.zetafsm has been renamed to powfs.zetafsm.
Warning(readcfg.c:399): sim.f0fsm has been renamed to powfs.f0fsm.
Warning(readcfg.c:399): tsurf has been renamed to ncpa.tsurf.
loaded 132 (132 new) records from '/global/u2/b/bpeck/work/vismcao/./keck_sim.conf'
loaded  19 ( 19 new) records from '/global/u2/b/bpeck/work/vismcao/./dm_none.conf'
loaded  19 (  0 new) records from '/global/u2/b/bpeck/work/vismcao/./keck_ASM.conf'
loaded  19 (  0 new) records from '/global/u2/b/bpeck/work/vismcao/./keck_DM2.conf'
loaded  19 (  0 new) records from '/global/u2/b/bpeck/work/vismcao/./keck_DM3.conf'
loaded   0 (  0 new) records from '/global/u2/b/bpeck/work/vismcao/./keck_dm_multiple.conf'
loaded   7 (  5 new) records from '/global/u2/b/bpeck/work/vismcao/./atm_mk13n50p_ground_detail.conf'
loaded  76 ( 69 new) records from '/global/homes/b/bpeck/code/maos/config/maos/powfs_common.conf'
loaded  44 ( 38 new) records from '/global/u2/b/bpeck/work/vismcao/./powfs_none.conf'
loaded  44 (  0 new) records from '/global/u2/b/bpeck/work/vismcao/./keck_shwfs_lgs.conf'
loaded  44 (  0 new) records from '/global/u2/b/bpeck/work/vismcao/./keck_shwfs_ttf_strap.conf'
loaded  44 (  0 new) records from '/global/u2/b/bpeck/work/vismcao/./keck_shwfs_twfs_lbwfs.conf'
loaded   0 (  0 new) records from '/global/u2/b/bpeck/work/vismcao/./keck_wfs_lgs_strap_lbwfs.conf'
loaded  71 ( 71 new) records from '/global/u2/b/bpeck/work/vismcao/./keck_recon.conf'
Warning(readcfg.c:399): dbg.na_smooth has been renamed to powfs0_llt.na_smooth.
Warning(readcfg.c:399): dbg.na_interp has been renamed to powfs0_llt.na_interp.
Warning(readcfg.c:399): dbg.na_thres has been renamed to powfs0_llt.na_thres.
Warning(readcfg.c:399): dbg.na_fit_maxit has been renamed to powfs0_llt.na_fit_maxit.
Warning(readcfg.c:399): dbg.na_fit_svdthres has been renamed to powfs0_llt.na_fit_svdthres.
Warning(readcfg.c:399): dbg.na_fit_dh has been renamed to powfs0_llt.na_fit_dh.
Warning(readcfg.c:399): dbg.ncpa_preload has been renamed to ncpa.preload.
Warning(readcfg.c:399): dbg.ncpa_rmsci has been renamed to ncpa.rmsci.
Warning(readcfg.c:399): dbg.draw_opdmax has been renamed to plot.opdmax.
Warning(readcfg.c:399): dbg.draw_gmax has been renamed to plot.gmax.
loaded  95 ( 93 new) records from '/global/u2/b/bpeck/work/vismcao/./keck_dbg.conf'
loaded   4 (  4 new) records from '/global/u2/b/bpeck/work/vismcao/./keck_fit_mcao.conf'
Warning(readcfg.c:399): surf has been renamed to ncpa.surf.
loaded  39 (  7 new) records from '/global/u2/b/bpeck/work/vismcao/master_files/misreg/8_lgs/8mag_lgs/kola_4500act.conf'
loaded   0 (  0 new) records from 'command line'
loaded  24 ( 18 new) records from '/global/u2/b/bpeck/work/vismcao/./keck_llt_CL.conf'
Adjust LGS range by telescope altitude 4145m.
Zenith angle is 30 degree.
    Scaling turbulence height and LGS hs by sec(za).
    Scaling r0 by cos(za)^(3/5).
    Scaling wind speed and LGS signal level by cos(za).
powfs0: Adjusting dx from 0.0078125 to 0.00805556. 
powfs0.llt.fsm: f0=0 Hz, LPF ep=0
powfs0.epfsm is set to 0.517618 (auto)
powfs2: Adjusting dx from 0.03125 to 0.0312778. 
powfs2 is TWFS for powfs0
sim.ephi is set to 0.427717 (auto)
sim.eplo is set to 0.427717 (auto)
Warning(parms.c:2296): Layer 1 at 17.3205m is very close to layer 0 at 0m (OK).
Warning(parms.c:2296): Layer 2 at 34.641m is very close to layer 1 at 17.3205m (OK).
Warning(parms.c:2296): Layer 3 at 51.9615m is very close to layer 2 at 34.641m (OK).
dm 0: stroke=30 um is provided in micron.
dm 0: assume ia stroke=2 um is provided in micron.
dm 1: stroke=7 um is provided in micron.
dm 1: assume ia stroke=2 um is provided in micron.
dm 2: stroke=7 um is provided in micron.
dm 2: assume ia stroke=2 um is provided in micron.
Focus blending is not implemented yet for integrated tomography
parms->sim.mffocus is reset to 0
There are 1 valid simulation seeds:  1
Output PSF for 1 directions
Used 449 of 456 supplied keys
Warning(readcfg.c:158): key "dbg.pwfs_flate" is not recognized, value is 0
Warning(readcfg.c:158): key "dbg.pwfs_flatv" is not recognized, value is 0
Warning(readcfg.c:158): key "dbg.pwfs_psx" is not recognized, value is [0 0 0 0]
Warning(readcfg.c:158): key "dbg.pwfs_psy" is not recognized, value is [0 0 0 0]
Warning(readcfg.c:158): key "dbg.pwfs_pupelong" is not recognized, value is 0
Warning(readcfg.c:158): key "dbg.pwfs_raw" is not recognized, value is 0
Warning(readcfg.c:158): key "dbg.pwfs_side" is not recognized, value is 4
[00;00mAperture[00;00m is 11 m with sampling 1/128 m
[00;00mTurbulence at 30 degree zenith angle:[00;00m r0=0.128424m, L0=30m, 14 layers.
    Greenwood freq is 25.1Hz, anisoplanatic angle is 1.58 as
    Sampled 8192x8192 at 1/128m. wind dir is randomized.
    layer 0: ht=      0 m, wt= 0.302, ws=  4.8 m/s
    layer 1: ht=     17 m, wt= 0.154, ws=  5.0 m/s
    layer 2: ht=     35 m, wt= 0.041, ws=  5.4 m/s
    layer 3: ht=     52 m, wt= 0.002, ws=  6.6 m/s
    layer 4: ht=    139 m, wt= 0.021, ws=  6.1 m/s
    layer 5: ht=    231 m, wt= 0.010, ws=  6.1 m/s
    layer 6: ht=    323 m, wt= 0.008, ws=  6.1 m/s
    layer 7: ht=    416 m, wt= 0.005, ws=  6.1 m/s
    layer 8: ht=    508 m, wt= 0.001, ws=  6.1 m/s
    layer 9: ht=    932 m, wt= 0.107, ws=  5.6 m/s
    layer 10: ht=   5022 m, wt= 0.144, ws= 11.1 m/s
    layer 11: ht=   9238 m, wt= 0.093, ws= 19.1 m/s
    layer 12: ht=  13856 m, wt= 0.075, ws=  8.2 m/s
    layer 13: ht=  22518 m, wt= 0.036, ws=  4.8 m/s
[00;00mReconstruction[00;00m: r0=0.128424m L0=30m. 14 layers. use cone coordinate.
    layer 0: ht=      0 m, wt= 0.302
    layer 1: ht=     17 m, wt= 0.154
    layer 2: ht=     35 m, wt= 0.041
    layer 3: ht=     52 m, wt= 0.002
    layer 4: ht=    139 m, wt= 0.021
    layer 5: ht=    231 m, wt= 0.010
    layer 6: ht=    323 m, wt= 0.008
    layer 7: ht=    416 m, wt= 0.005
    layer 8: ht=    508 m, wt= 0.001
    layer 9: ht=    932 m, wt= 0.107
    layer 10: ht=   5022 m, wt= 0.144
    layer 11: ht=   9238 m, wt= 0.093
    layer 12: ht=  13856 m, wt= 0.075
    layer 13: ht=  22518 m, wt= 0.036
[00;00mThere are 3 powfs[00;00m
  powfs0: Order 76, LGS at 99.1 km. Sampling 1/124.138 m. Thres 30%. [00;00mT/T is removed in right hand side in tomography.[00;00m
    CCD image is 25x25 @ 500x500 mas, blur 27% (sigma), 1500Hz, wvl: [ 5.89e-07]
    Gtilt in reconstruction. Physical optics start at 0 with [00;00m'matched filter'[00;00m [00;00m(noisy)[00;00m
  powfs1: Order  2, NGS at inf km. Sampling 1/16 m. Thres 30%. 
    Ztilt in reconstruction. Geomtric optics start at 2 with ztilt [00;00m(noisy)[00;00m
  powfs2: Order 20, NGS at inf km. Sampling 1/31.9716 m. Thres 50%. 
    CCD image is 4x4 @ 1500x1500 mas, blur 0% (sigma), 0.015Hz, wvl: [ 7.2e-07]
    Gtilt in reconstruction. Geomtric optics start at 50 with gtilt Physical optics start at 0 with [00;00m'matched filter'[00;00m [00;00m(noisy)[00;00m
[00;00mThere are 12 wfs[00;00m
    wfs 0: type 0, at (  30.00,    0.00) arcsec,  99 km, siglev is 25.21 bkgrnd is 0.1
    wfs 1: type 0, at (  21.21,   21.21) arcsec,  99 km, siglev is 25.21 bkgrnd is 0.1
    wfs 2: type 0, at (   0.00,   30.00) arcsec,  99 km, siglev is 25.21 bkgrnd is 0.1
    wfs 3: type 0, at ( -21.21,   21.21) arcsec,  99 km, siglev is 25.21 bkgrnd is 0.1
    wfs 4: type 0, at ( -30.00,    0.00) arcsec,  99 km, siglev is 25.21 bkgrnd is 0.1
    wfs 5: type 0, at ( -21.21,  -21.21) arcsec,  99 km, siglev is 25.21 bkgrnd is 0.1
    wfs 6: type 0, at (   0.00,  -30.00) arcsec,  99 km, siglev is 25.21 bkgrnd is 0.1
    wfs 7: type 0, at (  21.21,  -21.21) arcsec,  99 km, siglev is 25.21 bkgrnd is 0.1
    wfs 8: type 1, at (  15.00,   25.98) arcsec, inf km, siglev is 42387.6 bkgrnd is 1.056
    wfs 9: type 1, at ( -30.00,    0.00) arcsec, inf km, siglev is 42387.6 bkgrnd is 1.056
    wfs 10: type 1, at (  15.00,  -25.98) arcsec, inf km, siglev is 42387.6 bkgrnd is 1.056
    wfs 11: type 2, at (   0.00,    0.00) arcsec, inf km, siglev is 4.1558e+06 bkgrnd is 0.001
[00;00mThere are 3 DMs[00;00m
  DM 0 at -0.1km, actuator pitch 0.145m, offset   0, with 30.000000 micron stroke.
    Normalized cubic influence function with inter-actuator coupling of 0.223
  DM 1 at    6km, actuator pitch 0.168m, offset   0, with 7.000000 micron stroke.
    Normalized cubic influence function with inter-actuator coupling of 0.223
  DM 2 at   10km, actuator pitch 0.168m, offset   0, with 7.000000 micron stroke.
    Normalized cubic influence function with inter-actuator coupling of 0.223
[00;00mTomography[00;00m is using CG, with [00;00mFourer Domain[00;00m preconditioner, [00;00m12[00;00m iterations, integrated tomo.
[00;00mDM Fitting [00;00mis using CG, with [00;00mNo[00;00m preconditioner, [00;00m10[00;00m iterations
[00;00mThere are 9 fit directions[00;00m
    Fit 0: weight is 0.444, at (   0.00,    0.00) arcsec
    Fit 1: weight is 0.111, at (  15.00,    0.00) arcsec
    Fit 2: weight is 0.111, at (   0.00,   15.00) arcsec
    Fit 3: weight is 0.111, at ( -15.00,    0.00) arcsec
    Fit 4: weight is 0.111, at (   0.00,  -15.00) arcsec
    Fit 5: weight is 0.028, at (  15.00,   15.00) arcsec
    Fit 6: weight is 0.028, at ( -15.00,   15.00) arcsec
    Fit 7: weight is 0.028, at ( -15.00,  -15.00) arcsec
    Fit 8: weight is 0.028, at (  15.00,  -15.00) arcsec
[00;00mThere are 1 evaluation directions[00;00m at sampling 1/128 m.
    Evl 0: weight is 1.000, at (   0.00,    0.00) arcsec
[00;00mSimulation[00;00m start at step 0, end at step 1600, with time step 1/1500s, [00;00mclose loop[00;00m.
After setup_parms:	120.3 MiB.
Warning(sock.c:516): connect locally (/global/homes/b/bpeck/.aos/tmp/nid003257/scheduler) failed: Invalid argument. 
CUDA: minimum memory requirement is 0.4GB
GPU 0 is NVIDIA A100-SXM4-40GB with arch 8.0, 38.9GB free, 39.3GB total device memory.
Using GPU 0
Use 1 GPUs for WFS Tomo Fit Evl

*** Preparation started at 2025/02/09 17:20:54 in nid003257. ***

Using OpenMP version 201511 with 128 threads
Reading aperture amplitude map from KECK.fits
Warning(accphi.c:477): 108398 points not covered by input screen
Warning(sock.c:516): connect locally (/global/homes/b/bpeck/.aos/tmp/nid003257/scheduler) failed: Invalid argument. 
 ->maos.c:447->setup.c:148->aper.c:74->utils.c:478->accphi.c:478
iwvl 0: Science PSF is using grid size of 2880. The PSF will sum to 6.95167232825486
iwvl 1: Science PSF is using grid size of 2880. The PSF will sum to 6.95167232825486
iwvl 2: Science PSF is using grid size of 2880. The PSF will sum to 6.95167232825486
iwvl 3: Science PSF is using grid size of 2880. The PSF will sum to 6.95167232825486
iwvl 4: Science PSF is using grid size of 2880. The PSF will sum to 6.95167232825486
iwvl 5: Science PSF is using grid size of 2880. The PSF will sum to 6.95167232825486
iwvl 6: Science PSF is using grid size of 2880. The PSF will sum to 6.95167232825486
iwvl 7: Science PSF is using grid size of 2880. The PSF will sum to 6.95167232825486
iwvl 8: Science PSF is using grid size of 2880. The PSF will sum to 6.95167232825486
After setup_aper:	344.5 MiB.

[00;00mSetting up powfs 0 geom[00;00m

There are 18 points in each subaperture of 0.145m.
There are 3550 valid subaperture.

[00;00mSetting up powfs 1 geom[00;00m

There are 88 points in each subaperture of 5.5m.
There are 4 valid subaperture.

[00;00mSetting up powfs 2 geom[00;00m

There are 18 points in each subaperture of 0.563m.
There are 236 valid subaperture.
After setup_powfs_init:	420.1 MiB.

[00;00mSetting up reconstructor geometry.[00;00m

PLOC is 155x155, with sampling of 0.07m (square)
    DM 0: grid is 81 x 81
    DM 1: grid is 77 x 79
    DM 2: grid is 84 x 85
FLOC is 155x155, with sampling of 0.07m (not square)
Tomography grid is square:
    layer 0: xloc grid is 320 x 320, sampling is 0.072 m, 102400 points
    layer 1: xloc grid is 320 x 320, sampling is 0.072 m, 102400 points
    layer 2: xloc grid is 320 x 320, sampling is 0.072 m, 102400 points
    layer 3: xloc grid is 320 x 320, sampling is 0.072 m, 102400 points
    layer 4: xloc grid is 320 x 320, sampling is 0.072 m, 102400 points
    layer 5: xloc grid is 320 x 320, sampling is 0.072 m, 102400 points
    layer 6: xloc grid is 320 x 320, sampling is 0.072 m, 102400 points
    layer 7: xloc grid is 320 x 320, sampling is 0.072 m, 102400 points
    layer 8: xloc grid is 320 x 320, sampling is 0.072 m, 102400 points
    layer 9: xloc grid is 320 x 320, sampling is 0.072 m, 102400 points
    layer 10: xloc grid is 320 x 320, sampling is 0.069 m, 102400 points
    layer 11: xloc grid is 320 x 320, sampling is 0.066 m, 102400 points
    layer 12: xloc grid is 320 x 320, sampling is 0.062 m, 102400 points
    layer 13: xloc grid is 320 x 320, sampling is 0.056 m, 102400 points

[00;00mSetting up powfs 0 PO WFS[00;00m

OTF dimension is 36x36 (calculated)
There is no bias
Uplink FWHM (illt 0, iwvl 0) is 0.578619"
Downlink FWHM (illt 0, iwvl 0) is 1.36259"
Generating matched filter for powfs 0
sa index   location       noise equivalent angle
    1772: (  4.8,  -0.1) m, (163.86, 156.99) mas
    1765: (  3.8,  -0.1) m, (174.59, 158.80) mas
    1757: (  2.6,  -0.1) m, (189.93, 161.43) mas
    1750: (  1.6,  -0.1) m, (204.26, 163.92) mas
    1748: (  1.3,  -0.1) m, (208.45, 164.66) mas
    1277: ( -0.6,  -1.3) m, (237.64, 173.38) mas
    1743: ( -1.7,  -0.1) m, (254.73, 172.33) mas
    1735: ( -2.9,  -0.1) m, (274.80, 175.12) mas
    1728: ( -3.9,  -0.1) m, (294.01, 177.49) mas
    1720: ( -5.1,  -0.1) m, (318.65, 180.12) mas
    1718: ( -5.4,  -0.1) m, (324.60, 180.70) mas
sa index   location       noise equivalent angle
    2892: (  2.6,   2.6) m, (167.42, 167.42) mas
    2609: (  1.9,   1.9) m, (181.72, 180.02) mas
    2282: (  1.2,   1.2) m, (185.58, 185.58) mas
    2158: (  0.9,   0.9) m, (189.79, 189.79) mas
    1284: (  0.4,  -1.3) m, (198.69, 222.79) mas
    1338: ( -1.2,  -1.2) m, (222.13, 222.13) mas
     944: ( -2.0,  -2.0) m, (243.48, 242.62) mas
     661: ( -2.8,  -2.8) m, (250.78, 250.78) mas
     442: ( -3.3,  -3.3) m, (261.81, 261.81) mas
     170: ( -3.0,  -4.2) m, (257.29, 277.83) mas
sa index   location       noise equivalent angle
    3274: (  0.0,   3.8) m, (164.10, 179.29) mas
    2874: (  0.0,   2.6) m, (166.87, 195.15) mas
    2469: (  0.0,   1.6) m, (169.50, 209.95) mas
    2339: (  0.0,   1.3) m, (170.28, 214.28) mas
    1567: ( -1.3,  -0.6) m, (173.38, 237.64) mas
    1086: (  0.0,  -1.7) m, (178.41, 261.89) mas
     626: (  0.0,  -2.9) m, (181.37, 282.52) mas
     279: (  0.0,  -3.9) m, (183.89, 302.30) mas
     103: (  0.0,  -4.5) m, (185.19, 313.24) mas
       1: ( -2.5,  -4.9) m, (193.74, 328.46) mas
sa index   location       noise equivalent angle
    2855: ( -2.8,   2.6) m, (167.42, 167.42) mas
    2582: ( -2.0,   1.9) m, (183.15, 181.50) mas
    2265: ( -1.3,   1.2) m, (185.58, 185.58) mas
    2155: ( -1.0,   0.9) m, (190.30, 190.30) mas
    1986: (  1.2,   0.4) m, (222.50, 198.39) mas
    1399: (  0.9,  -1.0) m, (220.29, 220.29) mas
     971: (  1.9,  -2.0) m, (241.83, 241.01) mas
     751: (  2.5,  -2.6) m, (248.07, 248.07) mas
     539: (  3.0,  -3.2) m, (258.35, 258.35) mas
     211: (  2.9,  -4.2) m, (257.29, 277.83) mas
sa index   location       noise equivalent angle
    1721: ( -4.9,  -0.1) m, (163.86, 156.99) mas
    1728: ( -3.9,  -0.1) m, (174.59, 158.80) mas
    1736: ( -2.8,  -0.1) m, (189.93, 161.43) mas
    1743: ( -1.7,  -0.1) m, (204.26, 163.92) mas
    1745: ( -1.4,  -0.1) m, (208.45, 164.66) mas
    1284: (  0.4,  -1.3) m, (237.43, 173.03) mas
    1750: (  1.6,  -0.1) m, (254.73, 172.33) mas
    1758: (  2.8,  -0.1) m, (274.80, 175.12) mas
    1765: (  3.8,  -0.1) m, (294.01, 177.49) mas
    1773: (  4.9,  -0.1) m, (318.65, 180.12) mas
    1775: (  5.2,  -0.1) m, (324.60, 180.70) mas
sa index   location       noise equivalent angle
     442: ( -3.3,  -3.3) m, (161.48, 161.48) mas
     716: ( -2.6,  -2.6) m, (168.62, 168.62) mas
    1008: ( -1.9,  -1.9) m, (177.78, 177.78) mas
    1338: ( -1.2,  -1.2) m, (187.73, 187.73) mas
    1568: (  1.2,  -0.6) m, (222.50, 198.39) mas
    2158: (  0.9,   0.9) m, (219.67, 219.67) mas
    2282: (  1.2,   1.2) m, (224.59, 224.59) mas
    2670: (  2.0,   2.0) m, (258.88, 262.50) mas
    2947: (  2.8,   2.8) m, (253.33, 253.33) mas
    3382: (  2.9,   4.1) m, (257.29, 277.83) mas
sa index   location       noise equivalent angle
     279: (  0.0,  -3.9) m, (164.10, 179.29) mas
     680: (  0.0,  -2.8) m, (166.87, 195.15) mas
    1086: (  0.0,  -1.7) m, (169.50, 209.95) mas
    1216: (  0.0,  -1.4) m, (170.28, 214.28) mas
    1985: ( -1.3,   0.4) m, (173.03, 237.43) mas
    2469: (  0.0,   1.6) m, (178.41, 261.89) mas
    2928: (  0.0,   2.8) m, (181.37, 282.52) mas
    3274: (  0.0,   3.8) m, (183.89, 302.30) mas
    3450: (  0.0,   4.3) m, (185.19, 313.24) mas
    3548: (  2.3,   4.8) m, (203.85, 343.20) mas
sa index   location       noise equivalent angle
     645: (  2.8,  -2.9) m, (165.87, 165.87) mas
     751: (  2.5,  -2.6) m, (168.62, 168.62) mas
    1033: (  1.7,  -1.9) m, (177.78, 177.78) mas
    1345: (  1.0,  -1.2) m, (187.73, 187.73) mas
    1567: ( -1.3,  -0.6) m, (223.15, 198.99) mas
    2155: ( -1.0,   0.9) m, (220.29, 220.29) mas
    2265: ( -1.3,   1.2) m, (224.59, 224.59) mas
    2641: ( -2.2,   2.0) m, (258.81, 262.94) mas
    2908: ( -2.9,   2.8) m, (253.33, 253.33) mas
    3341: ( -3.0,   4.1) m, (257.29, 277.83) mas

[00;00mSetting up powfs 2 PO WFS[00;00m

OTF dimension is 48x48 (calculated)
Generating matched filter for powfs 2
Use sanea to derive neasim
Use sanea to derive neasim

[00;00mSetting up reconstructor[00;00m

Recon NEA: cmf(212.87) cmf(214.58) cmf(212.83) cmf(214.33) cmf(212.53) cmf(214.27) cmf(212.75) cmf(214.53) geom(0.31) geom(0.31) geom(0.31) mf(0.14)  mas
Setup or update control matrix parameters.
RRtwfs svd threshold is 1e-10
Replacing HA by HA*fit->actextrap
Adding piston cr to fit matrix
Adding TT cr on upper DMs to fit matrix.
Before assembling fit matrix:	5438.9 MiB.
Building fit->FR
Building fit->FL
Adding tikhonov constraint of 1.0e-07 to FLM
The maximum eigen value is estimated to be around 2.6e-04
DM Fit number of Low rank terms: 16 in LHS
After assemble fit matrix:	7384.5 MiB.
After setup_recon:	7384.5 MiB.
GPU 0: mem used 1608 MB (wfs init)
GPU 0: mem used 2914 MB (recon init)
GPU 0: mem used 2944 MB (perf init)

*** Simulation started at 2025/02/09 17:23:22 in nid003257. ***

Running seed 1
GPU 0: mem used 2944 MB (wfs seeding)
Wind dir: 267.3 261.7 167.0 130.5 300.7  32.3 119.8 139.0 150.8 277.7 203.0 133.1  45.9 265.1 deg
Using /global/homes/b/bpeck/.aos/cache/atm/vonkarman_14_8192x8192_0.0078125_1115374592d.bin
After genatm:	7302.1 MiB.
Step     #  Open Loop  PR TT  On axis  PR TT  Field RMS PR TT     Timing 
Step     0: OL  884.6  248.3  OA  884.6 248.3 CL  884.6 248.3 nm  0.098 s
Step    14: OL  906.4  253.7  OA  199.0 143.7 CL  199.0 143.7 nm  0.071 s
Step    28: OL  928.4  258.2  OA  148.8  71.4 CL  148.8  71.4 nm  0.079 s
Step    41: OL  948.3  260.6  OA  138.9  67.2 CL  138.9  67.2 nm  0.082 s
Step    54: OL  967.4  261.1  OA  140.4  63.6 CL  140.4  63.6 nm  0.077 s
Step    67: OL  986.8  260.1  OA  139.3  65.5 CL  139.3  65.5 nm  0.077 s
Step    80: OL 1006.5  258.7  OA  132.3  46.2 CL  132.3  46.2 nm  0.087 s
Step    93: OL 1026.5  257.8  OA  140.3  73.4 CL  140.3  73.4 nm  0.078 s
Step   106: OL 1046.4  257.5  OA  123.0  32.3 CL  123.0  32.3 nm  0.079 s
Step   119: OL 1066.3  258.4  OA  132.0  61.0 CL  132.0  61.0 nm  0.077 s
Step   131: OL 1083.5  260.6  OA  117.8  35.3 CL  117.8  35.3 nm  0.085 s
Step   144: OL 1101.1  264.9  OA  133.1  52.6 CL  133.1  52.6 nm  0.076 s
Step   157: OL 1116.8  270.6  OA  133.2  58.6 CL  133.2  58.6 nm  0.084 s
Step   170: OL 1130.5  277.9  OA  131.6  47.7 CL  131.6  47.7 nm  0.094 s
Step   182: OL 1140.9  285.3  OA  128.3  49.7 CL  128.3  49.7 nm  0.078 s
Step   195: OL 1149.4  293.7  OA  122.4  26.0 CL  122.4  26.0 nm  0.088 s
Step   208: OL 1156.0  302.0  OA  119.8  25.6 CL  119.8  25.6 nm  0.079 s
Step   221: OL 1160.3  310.3  OA  121.5  45.7 CL  121.5  45.7 nm  0.082 s
Step   234: OL 1162.2  318.8  OA  118.9  30.3 CL  118.9  30.3 nm  0.076 s
Step   246: OL 1161.7  327.1  OA  117.8  25.6 CL  117.8  25.6 nm  0.099 s
Step   255 updated high order loop gain: 0.360
Step   258: OL 1157.8  335.7  OA  125.3  57.9 CL  125.3  57.9 nm  0.076 s
Step   271: OL 1150.0  345.0  OA  116.9  28.7 CL  116.9  28.7 nm  0.082 s
Step   284: OL 1139.0  354.7  OA  118.1  28.2 CL  118.1  28.2 nm  0.081 s
Step   297: OL 1126.1  365.5  OA  126.8  51.3 CL  126.8  51.3 nm  0.080 s
Step   310: OL 1111.9  377.2  OA  131.0  58.2 CL  131.0  58.2 nm  0.078 s
Step   323: OL 1095.7  389.7  OA  128.0  31.0 CL  128.0  31.0 nm  0.077 s
Step   336: OL 1078.8  403.8  OA  118.8  27.1 CL  118.8  27.1 nm  0.084 s
Step   349: OL 1061.8  419.7  OA  122.1  48.6 CL  122.1  48.6 nm  0.082 s
Step   362: OL 1045.3  437.2  OA  121.0  29.5 CL  121.0  29.5 nm  0.079 s
Step   375: OL 1029.7  455.7  OA  118.0  25.9 CL  118.0  25.9 nm  0.084 s
Step   388: OL 1014.8  474.6  OA  127.6  50.8 CL  127.6  50.8 nm  0.083 s
Step   401: OL 1000.4  493.3  OA  118.1  32.7 CL  118.1  32.7 nm  0.085 s
Step   414: OL  985.7  511.5  OA  120.1  31.9 CL  120.1  31.9 nm  0.080 s
Step   427: OL  970.6  528.9  OA  113.7  26.1 CL  113.7  26.1 nm  0.084 s
Step   440: OL  956.2  546.0  OA  121.5  37.5 CL  121.5  37.5 nm  0.080 s
Step   453: OL  943.2  562.9  OA  116.1   3.7 CL  116.1   3.7 nm  0.082 s
Step   466: OL  933.3  580.0  OA  117.0  26.5 CL  117.0  26.5 nm  0.077 s
Step   479: OL  927.5  596.6  OA  118.5  15.5 CL  118.5  15.5 nm  0.078 s
Step   492: OL  926.0  612.7  OA  119.8  34.7 CL  119.8  34.7 nm  0.094 s
Step   504: OL  927.1  626.6  OA  115.2  24.4 CL  115.2  24.4 nm  0.079 s
Step 505, DM 1: 1 actuators over ia limit. trials=2: success.
Step 506, DM 1: 1 actuators over ia limit. trials=2: success.
Step 507, DM 1: 1 actuators over ia limit. trials=2: success.
Step 508, DM 1: 1 actuators over ia limit. trials=2: success.
Step 509, DM 1: 1 actuators over ia limit. trials=2: success.
Step 510, DM 1: 1 actuators over ia limit. trials=2: success.
Step   511 updated high order loop gain: 0.328
Step 511, DM 1: 1 actuators over ia limit. trials=2: success.
Step 512, DM 1: 1 actuators over ia limit. trials=2: success.
Step 513, DM 1: 1 actuators over ia limit. trials=2: success.
Step 514, DM 1: 1 actuators over ia limit. trials=2: success.
Step 515, DM 1: 1 actuators over ia limit. trials=2: success.
Step 516, DM 1: 1 actuators over ia limit. trials=2: success.
Step   517: OL  930.3  640.2  OA  120.3  26.2 CL  120.3  26.2 nm  0.081 s
Step 517, DM 1: 1 actuators over ia limit. trials=2: success.
Step 518, DM 1: 1 actuators over ia limit. trials=2: success.
Step 519, DM 1: 1 actuators over ia limit. trials=2: success.
Step 520, DM 1: 1 actuators over ia limit. trials=2: success.
Step 521, DM 1: 1 actuators over ia limit. trials=2: success.
Step 522, DM 1: 1 actuators over ia limit. trials=2: success.
Step 523, DM 1: 1 actuators over ia limit. trials=2: success.
Step 524, DM 1: 1 actuators over ia limit. trials=2: success.
Step 525, DM 1: 1 actuators over ia limit. trials=2: success.
Step 526, DM 1: 1 actuators over ia limit. trials=2: success.
Step 527, DM 1: 1 actuators over ia limit. trials=2: success.
Step 528, DM 1: 1 actuators over ia limit. trials=2: success.
Step 529, DM 1: 1 actuators over ia limit. trials=2: success.
Step   530: OL  935.2  651.3  OA  121.7  36.6 CL  121.7  36.6 nm  0.081 s
Step 530, DM 1: 1 actuators over ia limit. trials=2: success.
Step 531, DM 1: 1 actuators over ia limit. trials=2: success.
Step 532, DM 1: 1 actuators over ia limit. trials=2: success.
Step 533, DM 1: 1 actuators over ia limit. trials=2: success.
Step 534, DM 1: 1 actuators over ia limit. trials=2: success.
Step 535, DM 1: 1 actuators over ia limit. trials=2: success.
Step 536, DM 1: 1 actuators over ia limit. trials=2: success.
Step 537, DM 1: 1 actuators over ia limit. trials=2: success.
Step 538, DM 1: 1 actuators over ia limit. trials=2: success.
Step 539, DM 1: 1 actuators over ia limit. trials=2: success.
Step 540, DM 1: 1 actuators over ia limit. trials=2: success.
Step 541, DM 1: 1 actuators over ia limit. trials=2: success.
Step   542: OL  941.5  659.2  OA  120.0  37.0 CL  120.0  37.0 nm  0.077 s
Step 542, DM 1: 1 actuators over ia limit. trials=2: success.
Step 543, DM 1: 1 actuators over ia limit. trials=2: success.
Step 544, DM 1: 1 actuators over ia limit. trials=2: success.
Step 545, DM 1: 1 actuators over ia limit. trials=2: success.
Step 546, DM 1: 1 actuators over ia limit. trials=2: success.
Step 547, DM 1: 1 actuators over ia limit. trials=2: success.
Step 548, DM 1: 1 actuators over ia limit. trials=2: success.
Step 549, DM 1: 1 actuators over ia limit. trials=2: success.
Step 550, DM 1: 1 actuators over ia limit. trials=2: success.
Step 551, DM 1: 1 actuators over ia limit. trials=2: success.
Step 552, DM 1: 1 actuators over ia limit. trials=2: success.
Step 553, DM 1: 1 actuators over ia limit. trials=2: success.
Step   554: OL  949.8  664.8  OA  121.8  29.1 CL  121.8  29.1 nm  0.078 s
Step 554, DM 1: 1 actuators over ia limit. trials=2: success.
Step 555, DM 1: 1 actuators over ia limit. trials=2: success.
Step 556, DM 1: 1 actuators over ia limit. trials=2: success.
Step 557, DM 1: 1 actuators over ia limit. trials=2: success.
Step 558, DM 1: 1 actuators over ia limit. trials=2: success.
Step 559, DM 1: 1 actuators over ia limit. trials=2: success.
Step 560, DM 1: 1 actuators over ia limit. trials=2: success.
Step 561, DM 1: 1 actuators over ia limit. trials=2: success.
Step 562, DM 1: 1 actuators over ia limit. trials=2: success.
Step 563, DM 1: 1 actuators over ia limit. trials=2: success.
Step 564, DM 1: 1 actuators over ia limit. trials=2: success.
Step 565, DM 1: 1 actuators over ia limit. trials=2: success.
Step 566, DM 1: 1 actuators over ia limit. trials=2: success.
Step   567: OL  960.5  668.6  OA  119.1  34.5 CL  119.1  34.5 nm  0.084 s
Step 567, DM 1: 1 actuators over ia limit. trials=2: success.
Step 568, DM 1: 1 actuators over ia limit. trials=2: success.
Step 569, DM 1: 1 actuators over ia limit. trials=2: success.
Step 570, DM 1: 1 actuators over ia limit. trials=2: success.
Step 571, DM 1: 1 actuators over ia limit. trials=2: success.
Step 572, DM 1: 1 actuators over ia limit. trials=2: success.
Step 573, DM 1: 1 actuators over ia limit. trials=2: success.
Step 574, DM 1: 1 actuators over ia limit. trials=2: success.
Step 575, DM 1: 1 actuators over ia limit. trials=2: success.
Step 576, DM 1: 1 actuators over ia limit. trials=2: success.
Step 577, DM 1: 1 actuators over ia limit. trials=2: success.
Step 578, DM 1: 1 actuators over ia limit. trials=2: success.
Step 579, DM 1: 1 actuators over ia limit. trials=2: success.
Step   580: OL  972.8  670.5  OA  116.4  30.3 CL  116.4  30.3 nm  0.078 s
Step 580, DM 1: 1 actuators over ia limit. trials=2: success.
Step 581, DM 1: 1 actuators over ia limit. trials=2: success.
Step 582, DM 1: 1 actuators over ia limit. trials=2: success.
Step 583, DM 1: 1 actuators over ia limit. trials=2: success.
Step 584, DM 1: 1 actuators over ia limit. trials=2: success.
Step 585, DM 1: 1 actuators over ia limit. trials=2: success.
Step 586, DM 1: 1 actuators over ia limit. trials=2: success.
Step 587, DM 1: 1 actuators over ia limit. trials=2: success.
Step 588, DM 1: 1 actuators over ia limit. trials=2: success.
Step 589, DM 1: 1 actuators over ia limit. trials=2: success.
Step 590, DM 1: 1 actuators over ia limit. trials=2: success.
Step 591, DM 1: 1 actuators over ia limit. trials=2: success.
Step 592, DM 1: 1 actuators over ia limit. trials=2: success.
Step   593: OL  986.8  670.3  OA  114.1  41.9 CL  114.1  41.9 nm  0.080 s
Step 593, DM 1: 1 actuators over ia limit. trials=2: success.
Step 594, DM 1: 1 actuators over ia limit. trials=2: success.
Step 595, DM 1: 1 actuators over ia limit. trials=2: success.
Step 596, DM 1: 1 actuators over ia limit. trials=2: success.
Step 597, DM 1: 1 actuators over ia limit. trials=2: success.
Step 598, DM 1: 1 actuators over ia limit. trials=2: success.
Step 599, DM 1: 1 actuators over ia limit. trials=2: success.
Step 600, DM 1: 1 actuators over ia limit. trials=2: success.
Step 601, DM 1: 1 actuators over ia limit. trials=2: success.
Step 602, DM 1: 1 actuators over ia limit. trials=2: success.
Step 603, DM 1: 1 actuators over ia limit. trials=2: success.
Step 604, DM 1: 1 actuators over ia limit. trials=2: success.
Step 605, DM 1: 1 actuators over ia limit. trials=2: success.
Step   606: OL 1001.6  667.2  OA  117.2  31.9 CL  117.2  31.9 nm  0.078 s
Step 606, DM 1: 1 actuators over ia limit. trials=2: success.
Step 607, DM 1: 1 actuators over ia limit. trials=2: success.
Step 608, DM 1: 1 actuators over ia limit. trials=2: success.
Step 609, DM 1: 1 actuators over ia limit. trials=2: success.
Step 610, DM 1: 1 actuators over ia limit. trials=2: success.
Step 611, DM 1: 1 actuators over ia limit. trials=2: success.
Step 612, DM 1: 1 actuators over ia limit. trials=2: success.
Step 613, DM 1: 1 actuators over ia limit. trials=2: success.
Step 614, DM 1: 1 actuators over ia limit. trials=2: success.
Step 615, DM 1: 1 actuators over ia limit. trials=2: success.
Step 616, DM 1: 1 actuators over ia limit. trials=2: success.
Step 617, DM 1: 1 actuators over ia limit. trials=2: success.
Step 618, DM 1: 1 actuators over ia limit. trials=2: success.
Step   619: OL 1016.8  661.4  OA  118.4  24.2 CL  118.4  24.2 nm  0.082 s
Step 619, DM 1: 1 actuators over ia limit. trials=2: success.
Step 620, DM 1: 1 actuators over ia limit. trials=2: success.
Step 621, DM 1: 1 actuators over ia limit. trials=2: success.
Step 622, DM 1: 1 actuators over ia limit. trials=2: success.
Step 623, DM 1: 1 actuators over ia limit. trials=2: success.
Step 624, DM 1: 1 actuators over ia limit. trials=2: success.
Step 625, DM 1: 1 actuators over ia limit. trials=2: success.
Step 626, DM 1: 1 actuators over ia limit. trials=2: success.
Step 627, DM 1: 1 actuators over ia limit. trials=2: success.
Step 628, DM 1: 1 actuators over ia limit. trials=2: success.
Step 629, DM 1: 1 actuators over ia limit. trials=2: success.
Step 630, DM 1: 1 actuators over ia limit. trials=2: success.
Step   631: OL 1030.7  654.0  OA  118.7  38.9 CL  118.7  38.9 nm  0.089 s
Step 631, DM 1: 1 actuators over ia limit. trials=2: success.
Step 632, DM 1: 1 actuators over ia limit. trials=2: success.
Step 633, DM 1: 1 actuators over ia limit. trials=2: success.
Step 634, DM 1: 1 actuators over ia limit. trials=2: success.
Step 635, DM 1: 1 actuators over ia limit. trials=2: success.
Step 636, DM 1: 1 actuators over ia limit. trials=2: success.
Step 637, DM 1: 1 actuators over ia limit. trials=2: success.
Step 638, DM 1: 1 actuators over ia limit. trials=2: success.
Step 639, DM 1: 1 actuators over ia limit. trials=2: success.
Step 640, DM 1: 1 actuators over ia limit. trials=2: success.
Step 641, DM 1: 1 actuators over ia limit. trials=2: success.
Step 642, DM 1: 1 actuators over ia limit. trials=2: success.
Step 643, DM 1: 1 actuators over ia limit. trials=2: success.
Step   644: OL 1044.9  643.9  OA  128.1  65.0 CL  128.1  65.0 nm  0.079 s
Step 644, DM 1: 1 actuators over ia limit. trials=2: success.
Step 645, DM 1: 1 actuators over ia limit. trials=2: success.
Step 646, DM 1: 1 actuators over ia limit. trials=2: success.
Step 647, DM 1: 1 actuators over ia limit. trials=2: success.
Step 648, DM 1: 1 actuators over ia limit. trials=2: success.
Step 649, DM 1: 1 actuators over ia limit. trials=2: success.
Step 650, DM 1: 1 actuators over ia limit. trials=2: success.
Step 651, DM 1: 1 actuators over ia limit. trials=2: success.
Step 652, DM 1: 1 actuators over ia limit. trials=2: success.
Step 653, DM 1: 1 actuators over ia limit. trials=2: success.
Step 654, DM 1: 1 actuators over ia limit. trials=2: success.
Step 655, DM 1: 1 actuators over ia limit. trials=2: success.
Step 656, DM 1: 1 actuators over ia limit. trials=2: success.
Step   657: OL 1057.7  632.1  OA  119.3  43.0 CL  119.3  43.0 nm  0.096 s
Step 657, DM 1: 1 actuators over ia limit. trials=2: success.
Step 658, DM 1: 1 actuators over ia limit. trials=2: success.
Step 659, DM 1: 1 actuators over ia limit. trials=2: success.
Step 660, DM 1: 1 actuators over ia limit. trials=2: success.
Step 661, DM 1: 1 actuators over ia limit. trials=2: success.
Step 662, DM 1: 1 actuators over ia limit. trials=2: success.
Step 663, DM 1: 1 actuators over ia limit. trials=2: success.
Step 664, DM 1: 1 actuators over ia limit. trials=2: success.
Step 665, DM 1: 1 actuators over ia limit. trials=2: success.
Step 666, DM 1: 1 actuators over ia limit. trials=2: success.
Step 667, DM 1: 1 actuators over ia limit. trials=2: success.
Step 668, DM 1: 1 actuators over ia limit. trials=2: success.
Step 669, DM 1: 1 actuators over ia limit. trials=2: success.
Step   670: OL 1069.5  618.9  OA  122.3  44.6 CL  122.3  44.6 nm  0.079 s
Step 670, DM 1: 1 actuators over ia limit. trials=2: success.
Step 671, DM 1: 1 actuators over ia limit. trials=2: success.
Step 672, DM 1: 1 actuators over ia limit. trials=2: success.
Step 673, DM 1: 1 actuators over ia limit. trials=2: success.
Step 674, DM 1: 1 actuators over ia limit. trials=2: success.
Step 675, DM 1: 1 actuators over ia limit. trials=2: success.
Step 676, DM 1: 1 actuators over ia limit. trials=2: success.
Step 677, DM 1: 1 actuators over ia limit. trials=2: success.
Step 678, DM 1: 1 actuators over ia limit. trials=2: success.
Step 679, DM 1: 1 actuators over ia limit. trials=2: success.
Step 680, DM 1: 1 actuators over ia limit. trials=2: success.
Step 681, DM 1: 1 actuators over ia limit. trials=2: success.
Step 681, DM 2: 1 actuators over ia limit. trials=2: success.
Step 682, DM 1: 1 actuators over ia limit. trials=2: success.
Step 682, DM 2: 1 actuators over ia limit. trials=2: success.
Step   683: OL 1080.5  605.4  OA  111.1  20.0 CL  111.1  20.0 nm  0.080 s
Step 683, DM 1: 1 actuators over ia limit. trials=2: success.
Step 683, DM 2: 1 actuators over ia limit. trials=2: success.
Step 684, DM 1: 1 actuators over ia limit. trials=2: success.
Step 684, DM 2: 1 actuators over ia limit. trials=2: success.
Step 685, DM 1: 1 actuators over ia limit. trials=2: success.
Step 686, DM 1: 1 actuators over ia limit. trials=2: success.
Step 687, DM 1: 1 actuators over ia limit. trials=2: success.
Step 688, DM 1: 1 actuators over ia limit. trials=2: success.
Step 689, DM 1: 1 actuators over ia limit. trials=2: success.
Step 690, DM 1: 1 actuators over ia limit. trials=2: success.
Step 691, DM 1: 1 actuators over ia limit. trials=2: success.
Step 692, DM 1: 1 actuators over ia limit. trials=2: success.
Step 693, DM 1: 1 actuators over ia limit. trials=2: success.
Step 693, DM 2: 1 actuators over ia limit. trials=2: success.
Step 694, DM 1: 1 actuators over ia limit. trials=2: success.
Step 694, DM 2: 1 actuators over ia limit. trials=2: success.
Step 695, DM 1: 1 actuators over ia limit. trials=2: success.
Step 695, DM 2: 1 actuators over ia limit. trials=2: success.
Step   696: OL 1090.6  591.4  OA  119.7  48.6 CL  119.7  48.6 nm  0.079 s
Step 696, DM 1: 1 actuators over ia limit. trials=2: success.
Step 696, DM 2: 1 actuators over ia limit. trials=2: success.
Step 697, DM 2: 1 actuators over ia limit. trials=2: success.
Step 698, DM 2: 1 actuators over ia limit. trials=2: success.
Step 699, DM 2: 1 actuators over ia limit. trials=2: success.
Step 700, DM 2: 1 actuators over ia limit. trials=2: success.
Step 701, DM 2: 1 actuators over ia limit. trials=2: success.
Step 702, DM 2: 1 actuators over ia limit. trials=2: success.
Step 703, DM 2: 1 actuators over ia limit. trials=2: success.
Step 704, DM 2: 1 actuators over ia limit. trials=2: success.
Step 705, DM 2: 1 actuators over ia limit. trials=2: success.
Step 706, DM 2: 1 actuators over ia limit. trials=2: success.
Step 707, DM 2: 1 actuators over ia limit. trials=2: success.
Step 708, DM 2: 1 actuators over ia limit. trials=2: success.
Step   709: OL 1098.4  576.2  OA  125.6  46.7 CL  125.6  46.7 nm  0.080 s
Step 709, DM 2: 1 actuators over ia limit. trials=2: success.
Step 710, DM 2: 1 actuators over ia limit. trials=2: success.
Step 711, DM 2: 1 actuators over ia limit. trials=2: success.
Step 712, DM 2: 1 actuators over ia limit. trials=2: success.
Step 713, DM 2: 1 actuators over ia limit. trials=2: success.
Step 714, DM 2: 1 actuators over ia limit. trials=2: success.
Step 715, DM 2: 1 actuators over ia limit. trials=2: success.
Step 716, DM 2: 1 actuators over ia limit. trials=2: success.
Step 717, DM 2: 1 actuators over ia limit. trials=2: success.
Step 718, DM 2: 1 actuators over ia limit. trials=2: success.
Step   722: OL 1103.5  560.2  OA  118.1  26.8 CL  118.1  26.8 nm  0.080 s
Step   735: OL 1105.6  544.1  OA  119.8  14.7 CL  119.8  14.7 nm  0.080 s
Step   748: OL 1104.7  528.1  OA  117.7  21.4 CL  117.7  21.4 nm  0.083 s
Step 755, DM 2: 1 actuators over ia limit. trials=2: success.
Step 756, DM 2: 1 actuators over ia limit. trials=2: success.
Step 757, DM 2: 1 actuators over ia limit. trials=2: success.
Step 758, DM 2: 1 actuators over ia limit. trials=2: success.
Step 759, DM 2: 1 actuators over ia limit. trials=2: success.
Step 760, DM 2: 1 actuators over ia limit. trials=2: success.
Step   761: OL 1100.9  512.7  OA  125.3  37.7 CL  125.3  37.7 nm  0.082 s
Step 761, DM 2: 1 actuators over ia limit. trials=2: success.
Step 762, DM 2: 1 actuators over ia limit. trials=2: success.
Step 763, DM 2: 1 actuators over ia limit. trials=2: success.
Step 764, DM 2: 1 actuators over ia limit. trials=2: success.
Step 765, DM 2: 1 actuators over ia limit. trials=2: success.
Step 766, DM 2: 1 actuators over ia limit. trials=2: success.
Step   767 updated high order loop gain: 0.322
Step 767, DM 2: 1 actuators over ia limit. trials=2: success.
Step 768, DM 2: 1 actuators over ia limit. trials=2: success.
Step 769, DM 2: 1 actuators over ia limit. trials=2: success.
Step 770, DM 2: 1 actuators over ia limit. trials=2: success.
Step 771, DM 2: 1 actuators over ia limit. trials=2: success.
Step 772, DM 2: 1 actuators over ia limit. trials=2: success.
Step 773, DM 2: 1 actuators over ia limit. trials=2: success.
Step   774: OL 1094.4  497.8  OA  122.0  12.4 CL  122.0  12.4 nm  0.078 s
Step 774, DM 2: 1 actuators over ia limit. trials=2: success.
Step 775, DM 2: 1 actuators over ia limit. trials=2: success.
Step 776, DM 2: 1 actuators over ia limit. trials=2: success.
Step 777, DM 2: 1 actuators over ia limit. trials=2: success.
Step 778, DM 2: 1 actuators over ia limit. trials=2: success.
Step 779, DM 2: 1 actuators over ia limit. trials=2: success.
Step 780, DM 2: 1 actuators over ia limit. trials=2: success.
Step 781, DM 2: 1 actuators over ia limit. trials=2: success.
Step 782, DM 2: 1 actuators over ia limit. trials=2: success.
Step 783, DM 2: 1 actuators over ia limit. trials=2: success.
Step 784, DM 2: 1 actuators over ia limit. trials=2: success.
Step 785, DM 2: 1 actuators over ia limit. trials=2: success.
Step 786, DM 2: 1 actuators over ia limit. trials=2: success.
Step   787: OL 1084.5  483.2  OA  124.2  25.6 CL  124.2  25.6 nm  0.082 s
Step 787, DM 2: 1 actuators over ia limit. trials=2: success.
Step 788, DM 2: 1 actuators over ia limit. trials=2: success.
Step 789, DM 2: 1 actuators over ia limit. trials=2: success.
Step 790, DM 2: 1 actuators over ia limit. trials=2: success.
Step 791, DM 2: 1 actuators over ia limit. trials=2: success.
Step 792, DM 2: 1 actuators over ia limit. trials=2: success.
Step 793, DM 2: 1 actuators over ia limit. trials=2: success.
Step 794, DM 2: 1 actuators over ia limit. trials=2: success.
Step 795, DM 2: 1 actuators over ia limit. trials=2: success.
Step 796, DM 2: 1 actuators over ia limit. trials=2: success.
Step 797, DM 2: 1 actuators over ia limit. trials=2: success.
Step 798, DM 2: 1 actuators over ia limit. trials=2: success.
Step 799, DM 2: 1 actuators over ia limit. trials=2: success.
Step   800: OL 1071.6  468.6  OA  126.6  23.6 CL  126.6  23.6 nm  0.078 s
Step 800, DM 2: 1 actuators over ia limit. trials=2: success.
Step 801, DM 2: 1 actuators over ia limit. trials=2: success.
Step 802, DM 2: 1 actuators over ia limit. trials=2: success.
Step 803, DM 2: 1 actuators over ia limit. trials=2: success.
Step 804, DM 2: 1 actuators over ia limit. trials=2: success.
Step 805, DM 2: 1 actuators over ia limit. trials=2: success.
Step 806, DM 2: 1 actuators over ia limit. trials=2: success.
Step 807, DM 2: 1 actuators over ia limit. trials=2: success.
Step 808, DM 2: 1 actuators over ia limit. trials=2: success.
Step 809, DM 2: 1 actuators over ia limit. trials=2: success.
Step 810, DM 2: 1 actuators over ia limit. trials=2: success.
Step 811, DM 2: 1 actuators over ia limit. trials=2: success.
Step 812, DM 2: 1 actuators over ia limit. trials=2: success.
Step   813: OL 1056.6  454.1  OA  118.4  15.3 CL  118.4  15.3 nm  0.085 s
Step 813, DM 2: 1 actuators over ia limit. trials=2: success.
Step 814, DM 2: 1 actuators over ia limit. trials=2: success.
Step 815, DM 2: 1 actuators over ia limit. trials=2: success.
Step 816, DM 2: 1 actuators over ia limit. trials=2: success.
Step 817, DM 2: 1 actuators over ia limit. trials=2: success.
Step 818, DM 2: 1 actuators over ia limit. trials=2: success.
Step 819, DM 2: 1 actuators over ia limit. trials=2: success.
Step 820, DM 2: 1 actuators over ia limit. trials=2: success.
Step 821, DM 2: 1 actuators over ia limit. trials=2: success.
Step 822, DM 2: 1 actuators over ia limit. trials=2: success.
Step 823, DM 2: 1 actuators over ia limit. trials=2: success.
Step 824, DM 2: 1 actuators over ia limit. trials=2: success.
Step 825, DM 2: 1 actuators over ia limit. trials=2: success.
Step   826: OL 1039.0  439.7  OA  120.4  15.5 CL  120.4  15.5 nm  0.084 s
Step 826, DM 2: 1 actuators over ia limit. trials=2: success.
Step 827, DM 2: 1 actuators over ia limit. trials=2: success.
Step 828, DM 2: 1 actuators over ia limit. trials=2: success.
Step 829, DM 2: 1 actuators over ia limit. trials=2: success.
Step 830, DM 2: 1 actuators over ia limit. trials=2: success.
Step 831, DM 2: 1 actuators over ia limit. trials=2: success.
Step 832, DM 2: 1 actuators over ia limit. trials=2: success.
Step 833, DM 2: 1 actuators over ia limit. trials=2: success.
Step 834, DM 2: 1 actuators over ia limit. trials=2: success.
Step 835, DM 2: 1 actuators over ia limit. trials=2: success.
Step 836, DM 2: 1 actuators over ia limit. trials=2: success.
Step 837, DM 2: 1 actuators over ia limit. trials=2: success.
Step 838, DM 2: 1 actuators over ia limit. trials=2: success.
Step   839: OL 1019.5  425.8  OA  127.5  44.7 CL  127.5  44.7 nm  0.082 s
Step 839, DM 2: 1 actuators over ia limit. trials=2: success.
Step 840, DM 2: 1 actuators over ia limit. trials=2: success.
Step 841, DM 2: 1 actuators over ia limit. trials=2: success.
Step 842, DM 2: 1 actuators over ia limit. trials=2: success.
Step 843, DM 2: 1 actuators over ia limit. trials=2: success.
Step 844, DM 2: 1 actuators over ia limit. trials=2: success.
Step 845, DM 2: 1 actuators over ia limit. trials=2: success.
Step 846, DM 2: 1 actuators over ia limit. trials=2: success.
Step 847, DM 2: 1 actuators over ia limit. trials=2: success.
Step 848, DM 2: 1 actuators over ia limit. trials=2: success.
Step 849, DM 2: 1 actuators over ia limit. trials=2: success.
Step 850, DM 2: 1 actuators over ia limit. trials=2: success.
Step 851, DM 2: 1 actuators over ia limit. trials=2: success.
Step   852: OL  999.2  412.7  OA  123.9  24.4 CL  123.9  24.4 nm  0.082 s
Step 852, DM 2: 1 actuators over ia limit. trials=2: success.
Step 853, DM 2: 1 actuators over ia limit. trials=2: success.
Step 854, DM 2: 1 actuators over ia limit. trials=2: success.
Step 855, DM 2: 1 actuators over ia limit. trials=2: success.
Step 856, DM 2: 1 actuators over ia limit. trials=2: success.
Step 857, DM 2: 1 actuators over ia limit. trials=2: success.
Step 858, DM 2: 1 actuators over ia limit. trials=2: success.
Step 859, DM 2: 1 actuators over ia limit. trials=2: success.
Step 860, DM 2: 1 actuators over ia limit. trials=2: success.
Step 861, DM 2: 1 actuators over ia limit. trials=2: success.
Step 862, DM 2: 1 actuators over ia limit. trials=2: success.
Step 863, DM 2: 1 actuators over ia limit. trials=2: success.
Step   864: OL  980.3  401.5  OA  126.1  49.1 CL  126.1  49.1 nm  0.079 s
Step   877: OL  960.5  390.8  OA  125.7  48.1 CL  125.7  48.1 nm  0.086 s
Step   890: OL  941.6  381.5  OA  131.6  56.8 CL  131.6  56.8 nm  0.081 s
Step   903: OL  921.7  373.2  OA  127.9  47.9 CL  127.9  47.9 nm  0.109 s
Step   915: OL  902.6  366.8  OA  124.1  48.2 CL  124.1  48.2 nm  0.080 s
Step   928: OL  881.9  360.6  OA  135.0  66.8 CL  135.0  66.8 nm  0.079 s
Step   941: OL  861.7  354.4  OA  139.9  77.2 CL  139.9  77.2 nm  0.086 s
Step   954: OL  842.3  348.0  OA  134.3  76.3 CL  134.3  76.3 nm  0.079 s
Step   967: OL  824.8  341.1  OA  135.3  72.3 CL  135.3  72.3 nm  0.078 s
Step   980: OL  809.6  333.3  OA  131.6  72.5 CL  131.6  72.5 nm  0.079 s
Step   992: OL  797.1  325.3  OA  136.8  74.7 CL  136.8  74.7 nm  0.077 s
Step  1005: OL  784.6  315.8  OA  137.7  70.3 CL  137.7  70.3 nm  0.089 s
Step  1018: OL  773.5  305.9  OA  151.4  94.6 CL  151.4  94.6 nm  0.079 s
Step  1023 updated high order loop gain: 0.301
Step  1031: OL  764.2  295.8  OA  143.3  76.7 CL  143.3  76.7 nm  0.077 s
Step  1043: OL  756.8  285.7  OA  150.1  89.2 CL  150.1  89.2 nm  0.094 s
Step  1056: OL  749.1  273.9  OA  143.1  81.2 CL  143.1  81.2 nm  0.077 s
Step  1069: OL  742.1  260.7  OA  145.1  81.5 CL  145.1  81.5 nm  0.081 s
Step  1082: OL  737.2  245.9  OA  150.0  87.8 CL  150.0  87.8 nm  0.080 s
Step  1095: OL  734.6  230.8  OA  143.2  82.1 CL  143.2  82.1 nm  0.079 s
Step  1107: OL  733.5  218.0  OA  142.9  82.3 CL  142.9  82.3 nm  0.090 s
Step  1120: OL  733.4  205.3  OA  138.6  75.7 CL  138.6  75.7 nm  0.078 s
Step  1133: OL  733.9  194.6  OA  131.4  64.7 CL  131.4  64.7 nm  0.082 s
Step  1146: OL  734.7  185.7  OA  128.9  61.3 CL  128.9  61.3 nm  0.077 s
Step  1159: OL  735.5  178.6  OA  129.8  62.1 CL  129.8  62.1 nm  0.077 s
Step  1172: OL  736.3  173.6  OA  129.7  63.9 CL  129.7  63.9 nm  0.075 s
Step  1185: OL  738.4  170.2  OA  124.5  54.4 CL  124.5  54.4 nm  0.080 s
Step  1198: OL  741.3  167.5  OA  125.3  54.6 CL  125.3  54.6 nm  0.086 s
Step  1211: OL  744.3  165.1  OA  124.7  45.0 CL  124.7  45.0 nm  0.080 s
Step  1224: OL  747.3  163.7  OA  123.4  40.7 CL  123.4  40.7 nm  0.079 s
Step  1236: OL  749.6  163.9  OA  129.1  52.8 CL  129.1  52.8 nm  0.085 s
Step  1249: OL  751.3  166.0  OA  131.1  56.2 CL  131.1  56.2 nm  0.081 s
Step  1262: OL  753.7  170.3  OA  126.2  49.1 CL  126.2  49.1 nm  0.084 s
Step  1274: OL  756.3  175.9  OA  127.8  52.0 CL  127.8  52.0 nm  0.083 s
Step  1279 updated high order loop gain: 0.294
Step  1286: OL  759.9  182.7  OA  131.6  55.7 CL  131.6  55.7 nm  0.081 s
Step  1299: OL  764.3  191.1  OA  129.4  51.5 CL  129.4  51.5 nm  0.082 s
Step  1312: OL  768.4  200.6  OA  124.2  41.7 CL  124.2  41.7 nm  0.079 s
Step  1325: OL  772.3  211.0  OA  132.0  59.5 CL  132.0  59.5 nm  0.078 s
Step  1338: OL  777.3  222.5  OA  125.9  50.2 CL  125.9  50.2 nm  0.079 s
Step  1351: OL  783.9  234.4  OA  126.0  59.5 CL  126.0  59.5 nm  0.082 s
Step  1364: OL  792.2  245.4  OA  127.6  53.9 CL  127.6  53.9 nm  0.086 s
Step  1377: OL  801.3  254.5  OA  124.6  50.1 CL  124.6  50.1 nm  0.081 s
Step  1390: OL  811.5  261.9  OA  126.5  54.9 CL  126.5  54.9 nm  0.082 s
Step  1403: OL  823.2  267.5  OA  124.9  48.5 CL  124.9  48.5 nm  0.079 s
Step  1416: OL  836.0  271.6  OA  135.0  67.1 CL  135.0  67.1 nm  0.078 s
Step  1429: OL  849.3  274.7  OA  124.6  46.5 CL  124.6  46.5 nm  0.086 s
Step  1442: OL  862.2  277.3  OA  123.9  50.5 CL  123.9  50.5 nm  0.079 s
Step  1455: OL  874.4  279.1  OA  124.4  57.8 CL  124.4  57.8 nm  0.082 s
Step  1468: OL  885.2  279.4  OA  119.6  41.9 CL  119.6  41.9 nm  0.077 s
Step  1481: OL  893.0  278.0  OA  121.8  59.7 CL  121.8  59.7 nm  0.076 s
Step  1494: OL  897.3  274.9  OA  123.9  55.9 CL  123.9  55.9 nm  0.084 s
Step  1507: OL  898.5  270.0  OA  122.8  49.3 CL  122.8  49.3 nm  0.078 s
Step  1520: OL  897.2  264.0  OA  121.5  49.1 CL  121.5  49.1 nm  0.089 s
Step  1533: OL  893.3  256.8  OA  129.6  64.9 CL  129.6  64.9 nm  0.081 s
Step  1535 updated high order loop gain: 0.297
Step  1546: OL  887.6  248.5  OA  126.7  65.4 CL  126.7  65.4 nm  0.079 s
Step  1559: OL  881.2  239.9  OA  131.8  68.4 CL  131.8  68.4 nm  0.079 s
Step  1572: OL  874.4  231.9  OA  137.9  72.1 CL  137.9  72.1 nm  0.079 s
Step  1585: OL  866.7  225.2  OA  131.0  67.2 CL  131.0  67.2 nm  0.087 s
Step  1598: OL  858.2  219.6  OA  132.0  74.5 CL  132.0  74.5 nm  0.076 s
Step 1599: Output PSF
Step  1599: OL  857.6  219.2  OA  131.1  72.0 CL  131.1  72.0 nm  1.138 s
Mean: 126.68 53.01 115.06  nm.

*** Simulation Finished at 2025/02/09 17:25:42 in nid003257. ***

