Warning(sock.c:516): connect locally (/global/homes/b/bpeck/.aos/tmp/nid001972/scheduler) failed: Invalid argument. 
/global/cfs/cdirs/ulens/vismcao/maos -o studies/reduced_ngs/9_lgs/8mag_lgs/5500count -c master_files/reduced_ngs/9_lgs/8mag_lgs/kola_5500act.conf -O 
Output folder is 'studies/reduced_ngs/9_lgs/8mag_lgs/5500count'.
SRC: /global/homes/b/bpeck/code/maos v2.9 4c88b7c2 2024-11-13 16:45:33 -0800
BUILT: /global/homes/b/bpeck/code/maos/optim by GCC (v12) on 2024/11/18 09:40:03 CPU(F64,+O3) with CUDA(v122,F32)
Launched at 2025/02/17 15:44:14 in nid001972 with PID 1701784.
The web based job monitor can be accessed at http://localhost:10300
Main config file is /global/cfs/cdirs/ulens/vismcao/master_files/reduced_ngs/9_lgs/8mag_lgs/kola_5500act.conf
Warning(path.c:48): Path not found: path=/global/cfs/cdirs/ulens/vismcao/master_files/reduced_ngs/9_lgs/8mag_lgs/bin; abspath=/global/cfs/cdirs/ulens/vismcao/master_files/reduced_ngs/9_lgs/8mag_lgs/bin; Ignored.
Warning(path.c:48): Path not found: path=/global/cfs/cdirs/ulens/vismcao/master_files/reduced_ngs/9_lgs/8mag_lgs/atm; abspath=/global/cfs/cdirs/ulens/vismcao/master_files/reduced_ngs/9_lgs/8mag_lgs/atm; Ignored.
Warning(readcfg.c:399): sim.apfsm has been renamed to powfs.apfsm.
Warning(readcfg.c:399): sim.epfsm has been renamed to powfs.epfsm.
Warning(readcfg.c:399): sim.alfsm has been renamed to powfs.alfsm.
Warning(readcfg.c:399): sim.commonfsm has been renamed to powfs.commonfsm.
Warning(readcfg.c:399): sim.idealfsm has been renamed to powfs.idealfsm.
Warning(readcfg.c:399): sim.zetafsm has been renamed to powfs.zetafsm.
Warning(readcfg.c:399): sim.f0fsm has been renamed to powfs.f0fsm.
Warning(readcfg.c:399): tsurf has been renamed to ncpa.tsurf.
loaded 132 (132 new) records from '/global/cfs/cdirs/ulens/vismcao/./keck_sim.conf'
loaded  19 ( 19 new) records from '/global/cfs/cdirs/ulens/vismcao/./dm_none.conf'
loaded  19 (  0 new) records from '/global/cfs/cdirs/ulens/vismcao/./keck_ASM.conf'
loaded  19 (  0 new) records from '/global/cfs/cdirs/ulens/vismcao/./keck_DM2.conf'
loaded  19 (  0 new) records from '/global/cfs/cdirs/ulens/vismcao/./keck_DM3.conf'
loaded   0 (  0 new) records from '/global/cfs/cdirs/ulens/vismcao/./keck_dm_multiple.conf'
loaded   7 (  5 new) records from '/global/cfs/cdirs/ulens/vismcao/./atm_mk13n50p_ground_detail.conf'
loaded  76 ( 69 new) records from '/global/homes/b/bpeck/code/maos/config/maos/powfs_common.conf'
loaded  44 ( 38 new) records from '/global/cfs/cdirs/ulens/vismcao/./powfs_none.conf'
loaded  44 (  0 new) records from '/global/cfs/cdirs/ulens/vismcao/./keck_shwfs_lgs.conf'
loaded  44 (  0 new) records from '/global/cfs/cdirs/ulens/vismcao/./keck_shwfs_ttf_strap.conf'
loaded  44 (  0 new) records from '/global/cfs/cdirs/ulens/vismcao/./keck_shwfs_twfs_lbwfs.conf'
loaded   0 (  0 new) records from '/global/cfs/cdirs/ulens/vismcao/./keck_wfs_lgs_strap_lbwfs.conf'
loaded  71 ( 71 new) records from '/global/cfs/cdirs/ulens/vismcao/./keck_recon.conf'
Warning(readcfg.c:399): dbg.na_smooth has been renamed to powfs0_llt.na_smooth.
Warning(readcfg.c:399): dbg.na_interp has been renamed to powfs0_llt.na_interp.
Warning(readcfg.c:399): dbg.na_thres has been renamed to powfs0_llt.na_thres.
Warning(readcfg.c:399): dbg.na_fit_maxit has been renamed to powfs0_llt.na_fit_maxit.
Warning(readcfg.c:399): dbg.na_fit_svdthres has been renamed to powfs0_llt.na_fit_svdthres.
Warning(readcfg.c:399): dbg.na_fit_dh has been renamed to powfs0_llt.na_fit_dh.
Warning(readcfg.c:399): dbg.ncpa_preload has been renamed to ncpa.preload.
Warning(readcfg.c:399): dbg.ncpa_rmsci has been renamed to ncpa.rmsci.
Warning(readcfg.c:399): dbg.draw_opdmax has been renamed to plot.opdmax.
Warning(readcfg.c:399): dbg.draw_gmax has been renamed to plot.gmax.
loaded  95 ( 93 new) records from '/global/cfs/cdirs/ulens/vismcao/./keck_dbg.conf'
loaded   4 (  4 new) records from '/global/cfs/cdirs/ulens/vismcao/./keck_fit_mcao.conf'
Warning(readcfg.c:399): surf has been renamed to ncpa.surf.
loaded  39 (  7 new) records from '/global/cfs/cdirs/ulens/vismcao/master_files/reduced_ngs/9_lgs/8mag_lgs/kola_5500act.conf'
loaded   0 (  0 new) records from 'command line'
loaded  24 ( 18 new) records from '/global/cfs/cdirs/ulens/vismcao/./keck_llt_CL.conf'
Adjust LGS range by telescope altitude 4145m.
Zenith angle is 30 degree.
    Scaling turbulence height and LGS hs by sec(za).
    Scaling r0 by cos(za)^(3/5).
    Scaling wind speed and LGS signal level by cos(za).
powfs0: Adjusting dx from 0.0078125 to 0.0081875. 
powfs0.llt.fsm: f0=0 Hz, LPF ep=0
powfs0.epfsm is set to 0.517618 (auto)
powfs2: Adjusting dx from 0.03125 to 0.0312778. 
powfs2 is TWFS for powfs0
sim.ephi is set to 0.427717 (auto)
sim.eplo is set to 0.427717 (auto)
Warning(parms.c:2296): Layer 1 at 17.3205m is very close to layer 0 at 0m (OK).
Warning(parms.c:2296): Layer 2 at 34.641m is very close to layer 1 at 17.3205m (OK).
Warning(parms.c:2296): Layer 3 at 51.9615m is very close to layer 2 at 34.641m (OK).
dm 0: stroke=30 um is provided in micron.
dm 0: assume ia stroke=2 um is provided in micron.
dm 1: stroke=7 um is provided in micron.
dm 1: assume ia stroke=2 um is provided in micron.
dm 2: stroke=7 um is provided in micron.
dm 2: assume ia stroke=2 um is provided in micron.
Focus blending is not implemented yet for integrated tomography
parms->sim.mffocus is reset to 0
There are 1 valid simulation seeds:  1
Output PSF for 1 directions
Used 449 of 456 supplied keys
Warning(readcfg.c:158): key "dbg.pwfs_flate" is not recognized, value is 0
Warning(readcfg.c:158): key "dbg.pwfs_flatv" is not recognized, value is 0
Warning(readcfg.c:158): key "dbg.pwfs_psx" is not recognized, value is [0 0 0 0]
Warning(readcfg.c:158): key "dbg.pwfs_psy" is not recognized, value is [0 0 0 0]
Warning(readcfg.c:158): key "dbg.pwfs_pupelong" is not recognized, value is 0
Warning(readcfg.c:158): key "dbg.pwfs_raw" is not recognized, value is 0
Warning(readcfg.c:158): key "dbg.pwfs_side" is not recognized, value is 4
[00;00mAperture[00;00m is 11 m with sampling 1/128 m
[00;00mTurbulence at 30 degree zenith angle:[00;00m r0=0.128424m, L0=30m, 14 layers.
    Greenwood freq is 25.1Hz, anisoplanatic angle is 1.58 as
    Sampled 8192x8192 at 1/128m. wind dir is randomized.
    layer 0: ht=      0 m, wt= 0.302, ws=  4.8 m/s
    layer 1: ht=     17 m, wt= 0.154, ws=  5.0 m/s
    layer 2: ht=     35 m, wt= 0.041, ws=  5.4 m/s
    layer 3: ht=     52 m, wt= 0.002, ws=  6.6 m/s
    layer 4: ht=    139 m, wt= 0.021, ws=  6.1 m/s
    layer 5: ht=    231 m, wt= 0.010, ws=  6.1 m/s
    layer 6: ht=    323 m, wt= 0.008, ws=  6.1 m/s
    layer 7: ht=    416 m, wt= 0.005, ws=  6.1 m/s
    layer 8: ht=    508 m, wt= 0.001, ws=  6.1 m/s
    layer 9: ht=    932 m, wt= 0.107, ws=  5.6 m/s
    layer 10: ht=   5022 m, wt= 0.144, ws= 11.1 m/s
    layer 11: ht=   9238 m, wt= 0.093, ws= 19.1 m/s
    layer 12: ht=  13856 m, wt= 0.075, ws=  8.2 m/s
    layer 13: ht=  22518 m, wt= 0.036, ws=  4.8 m/s
[00;00mReconstruction[00;00m: r0=0.128424m L0=30m. 14 layers. use cone coordinate.
    layer 0: ht=      0 m, wt= 0.302
    layer 1: ht=     17 m, wt= 0.154
    layer 2: ht=     35 m, wt= 0.041
    layer 3: ht=     52 m, wt= 0.002
    layer 4: ht=    139 m, wt= 0.021
    layer 5: ht=    231 m, wt= 0.010
    layer 6: ht=    323 m, wt= 0.008
    layer 7: ht=    416 m, wt= 0.005
    layer 8: ht=    508 m, wt= 0.001
    layer 9: ht=    932 m, wt= 0.107
    layer 10: ht=   5022 m, wt= 0.144
    layer 11: ht=   9238 m, wt= 0.093
    layer 12: ht=  13856 m, wt= 0.075
    layer 13: ht=  22518 m, wt= 0.036
[00;00mThere are 3 powfs[00;00m
  powfs0: Order 84, LGS at 99.1 km. Sampling 1/122.137 m. Thres 30%. [00;00mT/T is removed in right hand side in tomography.[00;00m
    CCD image is 25x25 @ 500x500 mas, blur 27% (sigma), 1500Hz, wvl: [ 5.89e-07]
    Gtilt in reconstruction. Physical optics start at 0 with [00;00m'matched filter'[00;00m [00;00m(noisy)[00;00m
  powfs1: Order  2, NGS at inf km. Sampling 1/16 m. Thres 30%. 
    Ztilt in reconstruction. Geomtric optics start at 2 with ztilt [00;00m(noisy)[00;00m
  powfs2: Order 20, NGS at inf km. Sampling 1/31.9716 m. Thres 50%. 
    CCD image is 4x4 @ 1500x1500 mas, blur 0% (sigma), 0.015Hz, wvl: [ 7.2e-07]
    Gtilt in reconstruction. Geomtric optics start at 50 with gtilt Physical optics start at 0 with [00;00m'matched filter'[00;00m [00;00m(noisy)[00;00m
[00;00mThere are 13 wfs[00;00m
    wfs 0: type 0, at (  30.00,    0.00) arcsec,  99 km, siglev is 20.5768 bkgrnd is 0.1
    wfs 1: type 0, at (  22.98,   19.28) arcsec,  99 km, siglev is 20.5768 bkgrnd is 0.1
    wfs 2: type 0, at (   5.21,   29.54) arcsec,  99 km, siglev is 20.5768 bkgrnd is 0.1
    wfs 3: type 0, at ( -15.00,   25.98) arcsec,  99 km, siglev is 20.5768 bkgrnd is 0.1
    wfs 4: type 0, at ( -28.19,   10.26) arcsec,  99 km, siglev is 20.5768 bkgrnd is 0.1
    wfs 5: type 0, at ( -28.19,  -10.26) arcsec,  99 km, siglev is 20.5768 bkgrnd is 0.1
    wfs 6: type 0, at ( -15.00,  -25.98) arcsec,  99 km, siglev is 20.5768 bkgrnd is 0.1
    wfs 7: type 0, at (   5.21,  -29.54) arcsec,  99 km, siglev is 20.5768 bkgrnd is 0.1
    wfs 8: type 0, at (  22.98,  -19.28) arcsec,  99 km, siglev is 20.5768 bkgrnd is 0.1
    wfs 9: type 1, at (   5.00,    8.66) arcsec, inf km, siglev is 42387.6 bkgrnd is 1.056
    wfs 10: type 1, at ( -10.00,    0.00) arcsec, inf km, siglev is 42387.6 bkgrnd is 1.056
    wfs 11: type 1, at (   5.00,   -8.66) arcsec, inf km, siglev is 42387.6 bkgrnd is 1.056
    wfs 12: type 2, at (   0.00,    0.00) arcsec, inf km, siglev is 4.1558e+06 bkgrnd is 0.001
[00;00mThere are 3 DMs[00;00m
  DM 0 at -0.1km, actuator pitch 0.131m, offset   0, with 30.000000 micron stroke.
    Normalized cubic influence function with inter-actuator coupling of 0.223
  DM 1 at    6km, actuator pitch 0.168m, offset   0, with 7.000000 micron stroke.
    Normalized cubic influence function with inter-actuator coupling of 0.223
  DM 2 at   10km, actuator pitch 0.168m, offset   0, with 7.000000 micron stroke.
    Normalized cubic influence function with inter-actuator coupling of 0.223
[00;00mTomography[00;00m is using CG, with [00;00mFourer Domain[00;00m preconditioner, [00;00m12[00;00m iterations, integrated tomo.
[00;00mDM Fitting [00;00mis using CG, with [00;00mNo[00;00m preconditioner, [00;00m10[00;00m iterations
[00;00mThere are 9 fit directions[00;00m
    Fit 0: weight is 0.444, at (   0.00,    0.00) arcsec
    Fit 1: weight is 0.111, at (  15.00,    0.00) arcsec
    Fit 2: weight is 0.111, at (   0.00,   15.00) arcsec
    Fit 3: weight is 0.111, at ( -15.00,    0.00) arcsec
    Fit 4: weight is 0.111, at (   0.00,  -15.00) arcsec
    Fit 5: weight is 0.028, at (  15.00,   15.00) arcsec
    Fit 6: weight is 0.028, at ( -15.00,   15.00) arcsec
    Fit 7: weight is 0.028, at ( -15.00,  -15.00) arcsec
    Fit 8: weight is 0.028, at (  15.00,  -15.00) arcsec
[00;00mThere are 1 evaluation directions[00;00m at sampling 1/128 m.
    Evl 0: weight is 1.000, at (   0.00,    0.00) arcsec
[00;00mSimulation[00;00m start at step 0, end at step 1600, with time step 1/1500s, [00;00mclose loop[00;00m.
After setup_parms:	120.5 MiB.
Warning(sock.c:516): connect locally (/global/homes/b/bpeck/.aos/tmp/nid001972/scheduler) failed: Invalid argument. 
CUDA: minimum memory requirement is 0.3GB
GPU 0 is NVIDIA A100-SXM4-40GB with arch 8.0, 38.9GB free, 39.3GB total device memory.
Using GPU 0
Use 1 GPUs for WFS Tomo Fit Evl

*** Preparation started at 2025/02/17 15:44:15 in nid001972. ***

Using OpenMP version 201511 with 128 threads
Reading aperture amplitude map from KECK.fits
Warning(accphi.c:477): 108831 points not covered by input screen
Warning(sock.c:516): connect locally (/global/homes/b/bpeck/.aos/tmp/nid001972/scheduler) failed: Invalid argument. 
 ->maos.c:447->setup.c:148->aper.c:74->utils.c:478->accphi.c:478
iwvl 0: Science PSF is using grid size of 2880. The PSF will sum to 6.95167232825486
iwvl 1: Science PSF is using grid size of 2880. The PSF will sum to 6.95167232825486
iwvl 2: Science PSF is using grid size of 2880. The PSF will sum to 6.95167232825486
iwvl 3: Science PSF is using grid size of 2880. The PSF will sum to 6.95167232825486
iwvl 4: Science PSF is using grid size of 2880. The PSF will sum to 6.95167232825486
iwvl 5: Science PSF is using grid size of 2880. The PSF will sum to 6.95167232825486
iwvl 6: Science PSF is using grid size of 2880. The PSF will sum to 6.95167232825486
iwvl 7: Science PSF is using grid size of 2880. The PSF will sum to 6.95167232825486
iwvl 8: Science PSF is using grid size of 2880. The PSF will sum to 6.95167232825486
After setup_aper:	344.7 MiB.

[00;00mSetting up powfs 0 geom[00;00m

There are 16 points in each subaperture of 0.131m.
There are 4336 valid subaperture.

[00;00mSetting up powfs 1 geom[00;00m

There are 88 points in each subaperture of 5.5m.
There are 4 valid subaperture.

[00;00mSetting up powfs 2 geom[00;00m

There are 18 points in each subaperture of 0.563m.
There are 236 valid subaperture.
After setup_powfs_init:	418.2 MiB.

[00;00mSetting up reconstructor geometry.[00;00m

PLOC is 171x171, with sampling of 0.07m (square)
    DM 0: grid is 89 x 89
    DM 1: grid is 75 x 75
    DM 2: grid is 80 x 79
FLOC is 171x171, with sampling of 0.07m (not square)
Tomography grid is square:
    layer 0: xloc grid is 300 x 300, sampling is 0.066 m, 90000 points
    layer 1: xloc grid is 300 x 300, sampling is 0.065 m, 90000 points
    layer 2: xloc grid is 300 x 300, sampling is 0.065 m, 90000 points
    layer 3: xloc grid is 300 x 300, sampling is 0.065 m, 90000 points
    layer 4: xloc grid is 300 x 300, sampling is 0.065 m, 90000 points
    layer 5: xloc grid is 300 x 300, sampling is 0.065 m, 90000 points
    layer 6: xloc grid is 300 x 300, sampling is 0.065 m, 90000 points
    layer 7: xloc grid is 300 x 300, sampling is 0.065 m, 90000 points
    layer 8: xloc grid is 300 x 300, sampling is 0.065 m, 90000 points
    layer 9: xloc grid is 300 x 300, sampling is 0.065 m, 90000 points
    layer 10: xloc grid is 300 x 300, sampling is 0.062 m, 90000 points
    layer 11: xloc grid is 300 x 300, sampling is 0.059 m, 90000 points
    layer 12: xloc grid is 300 x 300, sampling is 0.056 m, 90000 points
Warning(map.c:195): ninx=300 is too small. need 301
Warning(map.c:200): niny=300 is too small. need 301
    layer 13: xloc grid is 300 x 300, sampling is 0.051 m, 90000 points

[00;00mSetting up powfs 0 PO WFS[00;00m

OTF dimension is 32x32 (calculated)
There is no bias
Uplink FWHM (illt 0, iwvl 0) is 0.579608"
Downlink FWHM (illt 0, iwvl 0) is 1.47508"
Generating matched filter for powfs 0
sa index   location       noise equivalent angle
    2166: (  4.8,  -0.1) m, (192.12, 183.27) mas
    2158: (  3.8,  -0.1) m, (205.68, 185.11) mas
    2149: (  2.6,  -0.1) m, (227.08, 187.98) mas
    2141: (  1.6,  -0.1) m, (247.79, 190.67) mas
    2139: (  1.3,  -0.1) m, (256.17, 191.70) mas
    1557: ( -0.5,  -1.3) m, (298.96, 201.88) mas
    2134: ( -1.7,  -0.1) m, (329.02, 200.59) mas
    2125: ( -2.9,  -0.1) m, (358.16, 204.09) mas
    2117: ( -3.9,  -0.1) m, (384.06, 207.20) mas
    2108: ( -5.1,  -0.1) m, (413.42, 210.62) mas
    2106: ( -5.4,  -0.1) m, (418.98, 211.32) mas
sa index   location       noise equivalent angle
    3476: (  3.0,   2.5) m, (195.46, 192.19) mas
    3157: (  2.2,   1.8) m, (206.39, 200.57) mas
    2865: (  1.6,   1.3) m, (218.91, 209.94) mas
    2590: (  0.9,   0.8) m, (235.09, 222.89) mas
    1564: (  0.4,  -1.3) m, (240.53, 257.28) mas
    1687: ( -1.3,  -1.0) m, (276.08, 252.87) mas
    1549: ( -1.6,  -1.3) m, (300.97, 273.26) mas
    1184: ( -2.4,  -2.0) m, (298.90, 271.62) mas
     865: ( -3.1,  -2.6) m, (317.60, 286.34) mas
     165: ( -3.0,  -4.3) m, (314.90, 325.83) mas
sa index   location       noise equivalent angle
    4320: (  0.8,   4.7) m, (183.51, 192.18) mas
    4110: (  0.7,   4.1) m, (184.53, 198.17) mas
    3516: (  0.4,   2.6) m, (188.88, 224.00) mas
    3142: (  0.3,   1.8) m, (192.97, 241.95) mas
    2854: (  0.1,   1.3) m, (193.82, 252.78) mas
    2004: ( -1.4,  -0.4) m, (211.81, 289.40) mas
    1342: ( -0.4,  -1.7) m, (205.71, 324.97) mas
    1199: ( -0.4,  -2.0) m, (207.30, 331.59) mas
     527: ( -0.7,  -3.4) m, (222.06, 382.34) mas
     230: ( -0.8,  -4.2) m, (215.63, 386.26) mas
      12: ( -2.2,  -4.8) m, (242.02, 417.07) mas
sa index   location       noise equivalent angle
    4274: ( -2.8,   4.6) m, (182.17, 182.64) mas
    4039: ( -2.4,   3.9) m, (186.67, 192.60) mas
    3679: ( -1.8,   3.0) m, (192.56, 205.65) mas
    3262: ( -1.3,   2.1) m, (199.68, 221.06) mas
    2775: ( -0.8,   1.2) m, (207.90, 238.62) mas
    2336: (  1.2,   0.3) m, (262.10, 278.29) mas
    1566: (  0.7,  -1.3) m, (233.06, 292.98) mas
    1079: (  1.2,  -2.2) m, (242.97, 314.18) mas
     662: (  1.7,  -3.1) m, (253.68, 336.63) mas
     301: (  2.2,  -4.1) m, (264.52, 358.85) mas
      66: (  2.6,  -4.7) m, (272.97, 375.07) mas
sa index   location       noise equivalent angle
    2962: ( -4.6,   1.6) m, (192.22, 184.55) mas
    2693: ( -3.1,   1.0) m, (212.61, 190.00) mas
    2462: ( -1.7,   0.5) m, (239.23, 197.36) mas
    2401: ( -1.3,   0.4) m, (249.01, 199.94) mas
    2651: (  0.8,   0.9) m, (304.91, 207.14) mas
    1879: (  1.6,  -0.7) m, (315.30, 218.24) mas
    1819: (  2.0,  -0.8) m, (328.74, 223.09) mas
    1648: (  3.0,  -1.2) m, (349.46, 227.74) mas
    1379: (  4.5,  -1.7) m, (388.50, 238.63) mas
    1970: (  5.1,  -0.5) m, (407.55, 225.84) mas
sa index   location       noise equivalent angle
    1310: ( -4.6,  -1.7) m, (192.22, 184.55) mas
    1609: ( -3.1,  -1.2) m, (212.61, 190.00) mas
    1870: ( -1.7,  -0.7) m, (239.23, 197.36) mas
    1939: ( -1.3,  -0.5) m, (249.59, 200.46) mas
    1691: (  0.8,  -1.0) m, (313.21, 214.53) mas
    2471: (  1.6,   0.5) m, (315.30, 218.24) mas
    2537: (  2.0,   0.7) m, (326.95, 221.87) mas
    2732: (  3.0,   1.0) m, (349.46, 227.74) mas
    3031: (  4.5,   1.6) m, (388.50, 238.63) mas
    2432: (  5.1,   0.4) m, (407.55, 225.84) mas
sa index   location       noise equivalent angle
      33: ( -2.8,  -4.7) m, (182.17, 182.64) mas
     266: ( -2.4,  -4.1) m, (186.67, 192.60) mas
     635: ( -1.8,  -3.1) m, (192.56, 205.65) mas
    1060: ( -1.3,  -2.2) m, (199.68, 221.06) mas
    1555: ( -0.8,  -1.3) m, (207.90, 238.62) mas
    2649: ( -0.9,   0.9) m, (222.88, 301.79) mas
    2786: (  0.7,   1.2) m, (233.06, 292.98) mas
    3281: (  1.2,   2.1) m, (242.97, 314.18) mas
    3706: (  1.7,   3.0) m, (253.68, 336.63) mas
    4074: (  2.2,   3.9) m, (264.52, 358.85) mas
    4303: (  2.6,   4.6) m, (272.97, 375.07) mas
sa index   location       noise equivalent angle
      23: (  0.8,  -4.8) m, (183.51, 192.18) mas
     241: (  0.7,  -4.2) m, (184.53, 198.17) mas
     832: (  0.4,  -2.8) m, (188.88, 224.00) mas
    1204: (  0.3,  -2.0) m, (191.97, 241.05) mas
    1490: (  0.1,  -1.4) m, (193.82, 252.78) mas
    2530: (  1.0,   0.7) m, (211.26, 319.99) mas
    2994: ( -0.4,   1.6) m, (205.71, 324.97) mas
    3137: ( -0.4,   1.8) m, (209.38, 333.89) mas
    3804: ( -0.7,   3.3) m, (217.76, 375.90) mas
    4099: ( -0.8,   4.1) m, (215.63, 386.26) mas
    4309: ( -2.2,   4.7) m, (252.29, 431.58) mas
sa index   location       noise equivalent angle
     912: (  3.0,  -2.6) m, (195.46, 192.19) mas
    1219: (  2.2,  -2.0) m, (206.39, 200.57) mas
    1501: (  1.6,  -1.4) m, (218.91, 209.94) mas
    1751: (  0.9,  -0.9) m, (239.32, 227.11) mas
    2783: (  0.3,   1.2) m, (264.30, 280.11) mas
    2589: ( -1.0,   0.8) m, (282.50, 260.91) mas
    2769: ( -1.6,   1.2) m, (300.97, 273.26) mas
    3122: ( -2.4,   1.8) m, (298.90, 271.62) mas
    3429: ( -3.1,   2.5) m, (317.60, 286.34) mas
    4130: ( -3.0,   4.2) m, (314.90, 325.83) mas

[00;00mSetting up powfs 2 PO WFS[00;00m

OTF dimension is 48x48 (calculated)
Generating matched filter for powfs 2
Use sanea to derive neasim
Use sanea to derive neasim

[00;00mSetting up reconstructor[00;00m

Recon NEA: cmf(259.87) cmf(258.31) cmf(259.04) cmf(258.50) cmf(258.47) cmf(258.41) cmf(258.32) cmf(258.82) cmf(258.16) geom(0.31) geom(0.31) geom(0.31) mf(0.14)  mas
Setup or update control matrix parameters.
RRtwfs svd threshold is 1e-10
Replacing HA by HA*fit->actextrap
Adding piston cr to fit matrix
Adding TT cr on upper DMs to fit matrix.
Before assembling fit matrix:	6007.7 MiB.
Building fit->FR
Building fit->FL
Adding tikhonov constraint of 1.0e-07 to FLM
The maximum eigen value is estimated to be around 2.5e-04
DM Fit number of Low rank terms: 16 in LHS
After assemble fit matrix:	8338.8 MiB.
After setup_recon:	8338.8 MiB.
GPU 0: mem used 1724 MB (wfs init)
GPU 0: mem used 3150 MB (recon init)
GPU 0: mem used 3180 MB (perf init)

*** Simulation started at 2025/02/17 15:46:30 in nid001972. ***

Running seed 1
GPU 0: mem used 3180 MB (wfs seeding)
Wind dir: 267.3 261.7 167.0 130.5 300.7  32.3 119.8 139.0 150.8 277.7 203.0 133.1  45.9 265.1 deg
Using /global/homes/b/bpeck/.aos/cache/atm/vonkarman_14_8192x8192_0.0078125_1115374592d.bin
After genatm:	8159.0 MiB.
Step     #  Open Loop  PR TT  On axis  PR TT  Field RMS PR TT     Timing 
Step     0: OL  884.6  248.3  OA  884.6 248.3 CL  884.6 248.3 nm  0.185 s
Step     9: OL  898.4  251.9  OA  289.6 211.9 CL  289.6 211.9 nm  0.090 s
Step    20: OL  915.8  255.8  OA  118.4  13.7 CL  118.4  13.7 nm  0.102 s
Step    30: OL  931.5  258.7  OA  121.1  22.3 CL  121.1  22.3 nm  0.098 s
Step    41: OL  948.2  260.6  OA  122.0  12.6 CL  122.0  12.6 nm  0.105 s
Step    51: OL  963.0  261.2  OA  122.5  36.8 CL  122.5  36.8 nm  0.097 s
Step    61: OL  977.7  260.7  OA  120.4   9.0 CL  120.4   9.0 nm  0.098 s
Step    70: OL  991.3  259.8  OA  118.4   7.5 CL  118.4   7.5 nm  0.730 s
Step    76: OL 1000.3  259.1  OA  125.3  40.8 CL  125.3  40.8 nm  0.098 s
Step    86: OL 1015.7  258.2  OA  116.9  28.5 CL  116.9  28.5 nm  0.107 s
Step    96: OL 1031.1  257.6  OA  119.6  31.3 CL  119.6  31.3 nm  0.096 s
Step   106: OL 1046.4  257.5  OA  118.1  27.1 CL  118.1  27.1 nm  0.097 s
Step   116: OL 1061.8  258.1  OA  117.4  26.2 CL  117.4  26.2 nm  0.100 s
Step   126: OL 1076.5  259.4  OA  116.1  18.4 CL  116.1  18.4 nm  0.106 s
Step   137: OL 1091.8  262.4  OA  116.6  21.3 CL  116.6  21.3 nm  0.100 s
Step   147: OL 1105.0  266.1  OA  118.9  37.0 CL  118.9  37.0 nm  0.105 s
Step   157: OL 1116.9  270.6  OA  118.3  32.7 CL  118.3  32.7 nm  0.099 s
Step   168: OL 1128.5  276.7  OA  114.9  14.4 CL  114.9  14.4 nm  0.108 s
Step   179: OL 1138.5  283.4  OA  116.4  11.6 CL  116.4  11.6 nm  0.097 s
Step   189: OL 1145.8  289.8  OA  117.6  33.6 CL  117.6  33.6 nm  0.095 s
Step   200: OL 1152.1  296.9  OA  115.6  25.2 CL  115.6  25.2 nm  0.107 s
Step   210: OL 1156.7  303.3  OA  120.6  23.5 CL  120.6  23.5 nm  0.100 s
Step   221: OL 1160.2  310.3  OA  107.6  12.6 CL  107.6  12.6 nm  0.098 s
Step   231: OL 1161.9  316.8  OA  114.3  19.3 CL  114.3  19.3 nm  0.099 s
Step   242: OL 1162.0  324.3  OA  119.3  39.2 CL  119.3  39.2 nm  0.097 s
Step   253: OL 1159.7  332.1  OA  115.8  33.9 CL  115.8  33.9 nm  0.097 s
Step   255 updated high order loop gain: 0.337
Step   263: OL 1155.1  339.3  OA  111.4  31.8 CL  111.4  31.8 nm  0.098 s
Step   273: OL 1148.2  346.5  OA  106.1  21.2 CL  106.1  21.2 nm  0.096 s
Step   283: OL 1139.5  353.9  OA  113.7  30.1 CL  113.7  30.1 nm  0.111 s
Step   293: OL 1129.7  362.0  OA  106.7  27.6 CL  106.7  27.6 nm  0.098 s
Step   303: OL 1119.2  370.8  OA  114.1  38.0 CL  114.1  38.0 nm  0.100 s
Step   313: OL 1107.4  380.0  OA  115.4  31.3 CL  115.4  31.3 nm  0.106 s
Step   323: OL 1094.8  389.7  OA  112.6  20.8 CL  112.6  20.8 nm  0.098 s
Step   333: OL 1081.6  400.4  OA  114.7  41.3 CL  114.7  41.3 nm  0.099 s
Step   343: OL 1068.3  412.1  OA  119.1  34.2 CL  119.1  34.2 nm  0.110 s
Step   353: OL 1055.0  424.9  OA  116.6  35.3 CL  116.6  35.3 nm  0.101 s
Step   363: OL 1042.2  438.6  OA  116.8  41.4 CL  116.8  41.4 nm  0.099 s
Step   373: OL 1030.0  452.8  OA  115.0  27.7 CL  115.0  27.7 nm  0.100 s
Step   383: OL 1018.3  467.2  OA  120.0  26.9 CL  120.0  26.9 nm  0.102 s
Step   393: OL 1007.0  481.7  OA  122.7  45.9 CL  122.7  45.9 nm  0.100 s
Step   403: OL  995.8  496.1  OA  115.2  28.1 CL  115.2  28.1 nm  0.113 s
Step   414: OL  983.3  511.4  OA  109.3  13.7 CL  109.3  13.7 nm  0.095 s
Step   425: OL  970.5  526.1  OA  118.5  40.7 CL  118.5  40.7 nm  0.102 s
Step   436: OL  957.9  540.7  OA  111.1  25.1 CL  111.1  25.1 nm  0.100 s
Step   446: OL  947.1  553.7  OA  111.2  18.5 CL  111.2  18.5 nm  0.098 s
Step   456: OL  937.7  566.8  OA  119.8  38.7 CL  119.8  38.7 nm  0.107 s
Step   466: OL  930.5  579.9  OA  121.2  48.6 CL  121.2  48.6 nm  0.096 s
Step   476: OL  925.7  592.7  OA  116.8  32.3 CL  116.8  32.3 nm  0.103 s
Step   487: OL  923.4  606.5  OA  108.8   6.4 CL  108.8   6.4 nm  0.104 s
Step   497: OL  923.5  618.5  OA  115.1  15.5 CL  115.1  15.5 nm  0.098 s
Step   508: OL  925.1  630.8  OA  115.8  15.6 CL  115.8  15.6 nm  0.097 s
Step   511 updated high order loop gain: 0.283
Step   518: OL  928.0  641.0  OA  113.5  14.3 CL  113.5  14.3 nm  0.101 s
Step   529: OL  932.3  650.5  OA  116.6  19.9 CL  116.6  19.9 nm  0.098 s
Step   539: OL  937.4  657.3  OA  116.5  18.5 CL  116.5  18.5 nm  0.104 s
Step   549: OL  943.9  662.6  OA  110.8   2.8 CL  110.8   2.8 nm  0.097 s
Step   559: OL  951.8  666.4  OA  115.8  20.3 CL  115.8  20.3 nm  0.117 s
Step   569: OL  960.6  668.8  OA  108.0   4.2 CL  108.0   4.2 nm  0.103 s
Step   579: OL  970.3  670.3  OA  114.6  10.7 CL  114.6  10.7 nm  0.098 s
Step   589: OL  981.1  670.5  OA  109.3   8.8 CL  109.3   8.8 nm  0.096 s
Step   600: OL  993.8  668.8  OA  109.4  17.7 CL  109.4  17.7 nm  0.100 s
Step   610: OL 1005.7  665.5  OA  111.2   6.8 CL  111.2   6.8 nm  0.106 s
Step   620: OL 1017.7  660.7  OA  109.6  16.2 CL  109.6  16.2 nm  0.100 s
Step   631: OL 1030.6  653.9  OA  105.9   9.3 CL  105.9   9.3 nm  0.101 s
Step   642: OL 1043.0  645.4  OA  109.3  13.6 CL  109.3  13.6 nm  0.100 s
Step   653: OL 1054.4  635.7  OA  105.0  12.3 CL  105.0  12.3 nm  0.105 s
Step   663: OL 1064.0  626.0  OA  105.8  18.9 CL  105.8  18.9 nm  0.097 s
Step   673: OL 1073.0  615.7  OA  113.6  12.5 CL  113.6  12.5 nm  0.102 s
Step   684: OL 1082.5  604.3  OA  110.3   5.0 CL  110.3   5.0 nm  0.107 s
Step   694: OL 1090.4  593.5  OA  111.4   8.6 CL  111.4   8.6 nm  0.095 s
Step   704: OL 1097.2  582.1  OA  110.8  14.5 CL  110.8  14.5 nm  0.098 s
Step   714: OL 1102.4  570.0  OA  111.1   8.7 CL  111.1   8.7 nm  0.105 s
Step   724: OL 1105.8  557.6  OA  116.5  27.1 CL  116.5  27.1 nm  0.098 s
Step   734: OL 1107.5  545.3  OA  109.2  28.4 CL  109.2  28.4 nm  0.100 s
Step   745: OL 1107.1  531.7  OA  106.4   1.6 CL  106.4   1.6 nm  0.101 s
Step   756: OL 1104.7  518.5  OA  106.2   1.5 CL  106.2   1.5 nm  0.098 s
Step   766: OL 1100.6  506.8  OA  108.3  17.8 CL  108.3  17.8 nm  0.095 s
Step   767 updated high order loop gain: 0.260
Step   776: OL 1094.8  495.5  OA  109.7  19.5 CL  109.7  19.5 nm  0.099 s
Step   786: OL 1087.0  484.2  OA  111.6  14.0 CL  111.6  14.0 nm  0.098 s
Step   796: OL 1077.3  473.1  OA  107.9  15.6 CL  107.9  15.6 nm  0.097 s
Step   806: OL 1066.3  461.9  OA  112.3  10.3 CL  112.3  10.3 nm  0.104 s
Step   816: OL 1054.0  450.7  OA  112.9  20.9 CL  112.9  20.9 nm  0.102 s
Step   827: OL 1038.8  438.6  OA  105.2  10.8 CL  105.2  10.8 nm  0.101 s
Step   837: OL 1023.7  427.8  OA  104.7   0.4 CL  104.7   0.4 nm  0.101 s
Step   847: OL 1008.0  417.6  OA  107.8  11.2 CL  107.8  11.2 nm  0.098 s
Step   857: OL  992.1  407.8  OA  106.2  13.1 CL  106.2  13.1 nm  0.121 s
Step   867: OL  976.3  398.9  OA  108.4   6.2 CL  108.4   6.2 nm  0.102 s
Step   878: OL  959.7  390.0  OA  110.9   3.2 CL  110.9   3.2 nm  0.097 s
Step   888: OL  944.9  382.8  OA  112.1   7.6 CL  112.1   7.6 nm  0.105 s
Step   898: OL  929.7  376.2  OA  113.3   4.6 CL  113.3   4.6 nm  0.100 s
Step   908: OL  913.9  370.4  OA  111.3  12.3 CL  111.3  12.3 nm  0.099 s
Step   918: OL  897.8  365.4  OA  112.2  16.3 CL  112.2  16.3 nm  0.104 s
Step   929: OL  880.3  360.1  OA  112.6  15.1 CL  112.6  15.1 nm  0.096 s
Step   940: OL  863.1  354.9  OA  114.0   8.1 CL  114.0   8.1 nm  0.106 s
Step   950: OL  848.0  350.1  OA  111.7  13.6 CL  111.7  13.6 nm  0.097 s
Step   960: OL  833.7  345.0  OA  112.3  10.9 CL  112.3  10.9 nm  0.098 s
Step   970: OL  821.0  339.4  OA  109.5   5.9 CL  109.5   5.9 nm  0.097 s
Step   980: OL  809.6  333.3  OA  117.4  32.5 CL  117.4  32.5 nm  0.103 s
Step   990: OL  799.2  326.7  OA  113.9  27.8 CL  113.9  27.8 nm  0.098 s
Step  1000: OL  789.4  319.6  OA  118.4  30.1 CL  118.4  30.1 nm  0.097 s
Step  1010: OL  780.2  312.0  OA  111.1  14.0 CL  111.1  14.0 nm  0.102 s
Step  1020: OL  772.0  304.4  OA  111.8  11.8 CL  111.8  11.8 nm  0.099 s
Step  1023 updated high order loop gain: 0.246
Step  1030: OL  764.8  296.6  OA  115.5  23.2 CL  115.5  23.2 nm  0.097 s
Step  1041: OL  757.9  287.4  OA  116.3  32.2 CL  116.3  32.2 nm  0.099 s
Step  1052: OL  751.3  277.6  OA  114.7  21.3 CL  114.7  21.3 nm  0.095 s
Step  1062: OL  745.3  268.0  OA  110.1   7.6 CL  110.1   7.6 nm  0.107 s
Step  1072: OL  740.1  257.4  OA  115.2  24.8 CL  115.2  24.8 nm  0.098 s
Step  1083: OL  736.0  244.7  OA  107.0  18.0 CL  107.0  18.0 nm  0.102 s
Step  1093: OL  733.6  233.1  OA  112.9  36.5 CL  112.9  36.5 nm  0.097 s
Step  1104: OL  732.0  221.1  OA  113.6  25.8 CL  113.6  25.8 nm  0.103 s
Step  1115: OL  731.2  210.0  OA  109.8  19.0 CL  109.8  19.0 nm  0.097 s
Step  1126: OL  731.1  200.0  OA  109.6  24.7 CL  109.6  24.7 nm  0.104 s
Step  1137: OL  731.4  191.6  OA  106.3  15.9 CL  106.3  15.9 nm  0.099 s
Step  1147: OL  731.8  184.9  OA  110.5  27.7 CL  110.5  27.7 nm  0.102 s
Step  1157: OL  732.2  179.4  OA  101.2   9.8 CL  101.2   9.8 nm  0.098 s
Step  1168: OL  732.5  174.8  OA  103.4  12.5 CL  103.4  12.5 nm  0.106 s
Step  1178: OL  733.4  171.7  OA  105.5  23.2 CL  105.5  23.2 nm  0.097 s
Step  1188: OL  735.3  169.4  OA  103.2  14.5 CL  103.2  14.5 nm  0.102 s
Step  1198: OL  737.7  167.3  OA  108.6  27.1 CL  108.6  27.1 nm  0.099 s
Step  1208: OL  740.3  165.4  OA  104.0  22.4 CL  104.0  22.4 nm  0.101 s
Step  1218: OL  742.9  164.0  OA  107.4   6.9 CL  107.4   6.9 nm  0.104 s
Step  1228: OL  745.6  163.4  OA  103.7  20.3 CL  103.7  20.3 nm  0.099 s
Step  1238: OL  747.8  163.8  OA  102.0  11.1 CL  102.0  11.1 nm  0.101 s
Step  1248: OL  749.7  165.5  OA  103.5  16.8 CL  103.5  16.8 nm  0.099 s
Step  1258: OL  752.3  168.5  OA  102.6  11.9 CL  102.6  11.9 nm  0.097 s
Step  1268: OL  755.2  172.7  OA  104.1  13.3 CL  104.1  13.3 nm  0.099 s
Step  1278: OL  758.5  177.8  OA  103.2  17.6 CL  103.2  17.6 nm  0.103 s
Step  1279 updated high order loop gain: 0.240
Step  1288: OL  762.8  183.7  OA  106.3   3.7 CL  106.3   3.7 nm  0.098 s
Step  1298: OL  767.3  190.2  OA  108.1  22.3 CL  108.1  22.3 nm  0.099 s
Step  1308: OL  771.6  197.4  OA  106.1   7.0 CL  106.1   7.0 nm  0.106 s
Step  1319: OL  776.1  205.8  OA  110.3   8.5 CL  110.3   8.5 nm  0.098 s
Step  1329: OL  780.2  214.3  OA  108.6  17.5 CL  108.6  17.5 nm  0.104 s
Step  1340: OL  785.6  224.1  OA  104.3  17.4 CL  104.3  17.4 nm  0.101 s
Step  1350: OL  791.3  233.3  OA  105.8  12.1 CL  105.8  12.1 nm  0.102 s
Step  1360: OL  798.1  242.0  OA  102.3  17.9 CL  102.3  17.9 nm  0.106 s
Step  1371: OL  806.2  250.4  OA  104.6  10.7 CL  104.6  10.7 nm  0.108 s
Step  1381: OL  813.9  256.8  OA  101.9   7.2 CL  101.9   7.2 nm  0.098 s
Step  1391: OL  822.2  262.2  OA  107.1  19.6 CL  107.1  19.6 nm  0.101 s
Step  1402: OL  831.9  267.0  OA  105.8  13.2 CL  105.8  13.2 nm  0.098 s
Step  1412: OL  841.4  270.3  OA  109.4  17.8 CL  109.4  17.8 nm  0.101 s
Step  1423: OL  852.4  273.2  OA  106.2  26.8 CL  106.2  26.8 nm  0.100 s
Step  1434: OL  863.0  275.6  OA  106.9  19.9 CL  106.9  19.9 nm  0.106 s
Step  1445: OL  873.2  277.6  OA  105.3  22.3 CL  105.3  22.3 nm  0.098 s
Step  1455: OL  882.1  278.9  OA  108.9   5.1 CL  108.9   5.1 nm  0.096 s
Step  1466: OL  890.6  279.4  OA  102.1   6.3 CL  102.1   6.3 nm  0.109 s
Step  1476: OL  896.4  278.7  OA  101.7   5.0 CL  101.7   5.0 nm  0.097 s
Step  1486: OL  900.0  276.9  OA  101.1   5.0 CL  101.1   5.0 nm  0.106 s
Step  1497: OL  901.4  273.9  OA  101.0   7.9 CL  101.0   7.9 nm  0.099 s
Step  1507: OL  900.8  270.0  OA  104.9   6.3 CL  104.9   6.3 nm  0.099 s
Step  1517: OL  899.0  265.5  OA  101.1  20.0 CL  101.1  20.0 nm  0.108 s
Step  1527: OL  895.9  260.3  OA  104.0  14.9 CL  104.0  14.9 nm  0.098 s
Step  1535 updated high order loop gain: 0.238
Step  1537: OL  891.2  254.4  OA  103.5   9.0 CL  103.5   9.0 nm  0.097 s
Step  1547: OL  885.9  247.9  OA  104.4   8.8 CL  104.4   8.8 nm  0.112 s
Step  1557: OL  880.3  241.2  OA  105.5  13.5 CL  105.5  13.5 nm  0.099 s
Step  1567: OL  874.5  234.9  OA  106.2   2.9 CL  106.2   2.9 nm  0.102 s
Step  1578: OL  867.6  228.6  OA  108.4  12.8 CL  108.4  12.8 nm  0.099 s
Step  1588: OL  860.8  223.9  OA  111.3  12.3 CL  111.3  12.3 nm  0.101 s
Step  1598: OL  853.8  219.7  OA  108.1  25.1 CL  108.1  25.1 nm  0.098 s
Step 1599: Output PSF
Step  1599: OL  853.1  219.3  OA  109.6  31.9 CL  109.6  31.9 nm  1.544 s
Mean: 109.96 19.71 108.18  nm.

*** Simulation Finished at 2025/02/17 15:49:21 in nid001972. ***

