Warning(sock.c:516): connect locally (/global/homes/b/bpeck/.aos/tmp/nid003517/scheduler) failed: No such file or directory. 
Warning(daemonize.c:230): Error redirect stdout
Warning(daemonize.c:231): Error redirect stderr
Warning(sock.c:516): connect locally (/global/homes/b/bpeck/.aos/tmp/nid003517/scheduler) failed: Invalid argument. 
/global/u2/b/bpeck/work/vismcao/maos -o studies/reduced_ngs/8_lgs/8mag_lgs/1000count -c master_files/reduced_ngs/8_lgs/8mag_lgs/kola_1000act.conf -O 
Output folder is 'studies/reduced_ngs/8_lgs/8mag_lgs/1000count'.
SRC: /global/homes/b/bpeck/code/maos v2.9 4c88b7c2 2024-11-13 16:45:33 -0800
BUILT: /global/homes/b/bpeck/code/maos/optim by GCC (v12) on 2024/11/18 09:40:03 CPU(F64,+O3) with CUDA(v122,F32)
Launched at 2025/02/11 18:27:18 in nid003517 with PID 1941478.
The web based job monitor can be accessed at http://localhost:10300
Main config file is /global/u2/b/bpeck/work/vismcao/master_files/reduced_ngs/8_lgs/8mag_lgs/kola_1000act.conf
Warning(path.c:48): Path not found: path=/global/u2/b/bpeck/work/vismcao/master_files/reduced_ngs/8_lgs/8mag_lgs/bin; abspath=/global/u2/b/bpeck/work/vismcao/master_files/reduced_ngs/8_lgs/8mag_lgs/bin; Ignored.
Warning(path.c:48): Path not found: path=/global/u2/b/bpeck/work/vismcao/master_files/reduced_ngs/8_lgs/8mag_lgs/atm; abspath=/global/u2/b/bpeck/work/vismcao/master_files/reduced_ngs/8_lgs/8mag_lgs/atm; Ignored.
Warning(readcfg.c:399): sim.apfsm has been renamed to powfs.apfsm.
Warning(readcfg.c:399): sim.epfsm has been renamed to powfs.epfsm.
Warning(readcfg.c:399): sim.alfsm has been renamed to powfs.alfsm.
Warning(readcfg.c:399): sim.commonfsm has been renamed to powfs.commonfsm.
Warning(readcfg.c:399): sim.idealfsm has been renamed to powfs.idealfsm.
Warning(readcfg.c:399): sim.zetafsm has been renamed to powfs.zetafsm.
Warning(readcfg.c:399): sim.f0fsm has been renamed to powfs.f0fsm.
Warning(readcfg.c:399): tsurf has been renamed to ncpa.tsurf.
loaded 132 (132 new) records from '/global/u2/b/bpeck/work/vismcao/./keck_sim.conf'
loaded  19 ( 19 new) records from '/global/u2/b/bpeck/work/vismcao/./dm_none.conf'
loaded  19 (  0 new) records from '/global/u2/b/bpeck/work/vismcao/./keck_ASM.conf'
loaded  19 (  0 new) records from '/global/u2/b/bpeck/work/vismcao/./keck_DM2.conf'
loaded  19 (  0 new) records from '/global/u2/b/bpeck/work/vismcao/./keck_DM3.conf'
loaded   0 (  0 new) records from '/global/u2/b/bpeck/work/vismcao/./keck_dm_multiple.conf'
loaded   7 (  5 new) records from '/global/u2/b/bpeck/work/vismcao/./atm_mk13n50p_ground_detail.conf'
loaded  76 ( 69 new) records from '/global/homes/b/bpeck/code/maos/config/maos/powfs_common.conf'
loaded  44 ( 38 new) records from '/global/u2/b/bpeck/work/vismcao/./powfs_none.conf'
loaded  44 (  0 new) records from '/global/u2/b/bpeck/work/vismcao/./keck_shwfs_lgs.conf'
loaded  44 (  0 new) records from '/global/u2/b/bpeck/work/vismcao/./keck_shwfs_ttf_strap.conf'
loaded  44 (  0 new) records from '/global/u2/b/bpeck/work/vismcao/./keck_shwfs_twfs_lbwfs.conf'
loaded   0 (  0 new) records from '/global/u2/b/bpeck/work/vismcao/./keck_wfs_lgs_strap_lbwfs.conf'
loaded  71 ( 71 new) records from '/global/u2/b/bpeck/work/vismcao/./keck_recon.conf'
Warning(readcfg.c:399): dbg.na_smooth has been renamed to powfs0_llt.na_smooth.
Warning(readcfg.c:399): dbg.na_interp has been renamed to powfs0_llt.na_interp.
Warning(readcfg.c:399): dbg.na_thres has been renamed to powfs0_llt.na_thres.
Warning(readcfg.c:399): dbg.na_fit_maxit has been renamed to powfs0_llt.na_fit_maxit.
Warning(readcfg.c:399): dbg.na_fit_svdthres has been renamed to powfs0_llt.na_fit_svdthres.
Warning(readcfg.c:399): dbg.na_fit_dh has been renamed to powfs0_llt.na_fit_dh.
Warning(readcfg.c:399): dbg.ncpa_preload has been renamed to ncpa.preload.
Warning(readcfg.c:399): dbg.ncpa_rmsci has been renamed to ncpa.rmsci.
Warning(readcfg.c:399): dbg.draw_opdmax has been renamed to plot.opdmax.
Warning(readcfg.c:399): dbg.draw_gmax has been renamed to plot.gmax.
loaded  95 ( 93 new) records from '/global/u2/b/bpeck/work/vismcao/./keck_dbg.conf'
loaded   4 (  4 new) records from '/global/u2/b/bpeck/work/vismcao/./keck_fit_mcao.conf'
Warning(readcfg.c:399): surf has been renamed to ncpa.surf.
loaded  39 (  7 new) records from '/global/u2/b/bpeck/work/vismcao/master_files/reduced_ngs/8_lgs/8mag_lgs/kola_1000act.conf'
loaded   0 (  0 new) records from 'command line'
loaded  24 ( 18 new) records from '/global/u2/b/bpeck/work/vismcao/./keck_llt_CL.conf'
Adjust LGS range by telescope altitude 4145m.
Zenith angle is 30 degree.
    Scaling turbulence height and LGS hs by sec(za).
    Scaling r0 by cos(za)^(3/5).
    Scaling wind speed and LGS signal level by cos(za).
powfs0: Adjusting dx from 0.0078125 to 0.0077. 
powfs0.llt.fsm: f0=0 Hz, LPF ep=0
powfs0.epfsm is set to 0.517618 (auto)
powfs2: Adjusting dx from 0.03125 to 0.0312778. 
powfs2 is TWFS for powfs0
sim.ephi is set to 0.427717 (auto)
sim.eplo is set to 0.427717 (auto)
Warning(parms.c:2296): Layer 1 at 17.3205m is very close to layer 0 at 0m (OK).
Warning(parms.c:2296): Layer 2 at 34.641m is very close to layer 1 at 17.3205m (OK).
Warning(parms.c:2296): Layer 3 at 51.9615m is very close to layer 2 at 34.641m (OK).
dm 0: stroke=30 um is provided in micron.
dm 0: assume ia stroke=2 um is provided in micron.
dm 1: stroke=7 um is provided in micron.
dm 1: assume ia stroke=2 um is provided in micron.
dm 2: stroke=7 um is provided in micron.
dm 2: assume ia stroke=2 um is provided in micron.
Focus blending is not implemented yet for integrated tomography
parms->sim.mffocus is reset to 0
There are 1 valid simulation seeds:  1
Output PSF for 1 directions
Used 449 of 456 supplied keys
Warning(readcfg.c:158): key "dbg.pwfs_flate" is not recognized, value is 0
Warning(readcfg.c:158): key "dbg.pwfs_flatv" is not recognized, value is 0
Warning(readcfg.c:158): key "dbg.pwfs_psx" is not recognized, value is [0 0 0 0]
Warning(readcfg.c:158): key "dbg.pwfs_psy" is not recognized, value is [0 0 0 0]
Warning(readcfg.c:158): key "dbg.pwfs_pupelong" is not recognized, value is 0
Warning(readcfg.c:158): key "dbg.pwfs_raw" is not recognized, value is 0
Warning(readcfg.c:158): key "dbg.pwfs_side" is not recognized, value is 4
[00;00mAperture[00;00m is 11 m with sampling 1/128 m
[00;00mTurbulence at 30 degree zenith angle:[00;00m r0=0.128424m, L0=30m, 14 layers.
    Greenwood freq is 25.1Hz, anisoplanatic angle is 1.58 as
    Sampled 8192x8192 at 1/128m. wind dir is randomized.
    layer 0: ht=      0 m, wt= 0.302, ws=  4.8 m/s
    layer 1: ht=     17 m, wt= 0.154, ws=  5.0 m/s
    layer 2: ht=     35 m, wt= 0.041, ws=  5.4 m/s
    layer 3: ht=     52 m, wt= 0.002, ws=  6.6 m/s
    layer 4: ht=    139 m, wt= 0.021, ws=  6.1 m/s
    layer 5: ht=    231 m, wt= 0.010, ws=  6.1 m/s
    layer 6: ht=    323 m, wt= 0.008, ws=  6.1 m/s
    layer 7: ht=    416 m, wt= 0.005, ws=  6.1 m/s
    layer 8: ht=    508 m, wt= 0.001, ws=  6.1 m/s
    layer 9: ht=    932 m, wt= 0.107, ws=  5.6 m/s
    layer 10: ht=   5022 m, wt= 0.144, ws= 11.1 m/s
    layer 11: ht=   9238 m, wt= 0.093, ws= 19.1 m/s
    layer 12: ht=  13856 m, wt= 0.075, ws=  8.2 m/s
    layer 13: ht=  22518 m, wt= 0.036, ws=  4.8 m/s
[00;00mReconstruction[00;00m: r0=0.128424m L0=30m. 14 layers. use cone coordinate.
    layer 0: ht=      0 m, wt= 0.302
    layer 1: ht=     17 m, wt= 0.154
    layer 2: ht=     35 m, wt= 0.041
    layer 3: ht=     52 m, wt= 0.002
    layer 4: ht=    139 m, wt= 0.021
    layer 5: ht=    231 m, wt= 0.010
    layer 6: ht=    323 m, wt= 0.008
    layer 7: ht=    416 m, wt= 0.005
    layer 8: ht=    508 m, wt= 0.001
    layer 9: ht=    932 m, wt= 0.107
    layer 10: ht=   5022 m, wt= 0.144
    layer 11: ht=   9238 m, wt= 0.093
    layer 12: ht=  13856 m, wt= 0.075
    layer 13: ht=  22518 m, wt= 0.036
[00;00mThere are 3 powfs[00;00m
  powfs0: Order 36, LGS at 99.1 km. Sampling 1/129.87 m. Thres 30%. [00;00mT/T is removed in right hand side in tomography.[00;00m
    CCD image is 25x25 @ 500x500 mas, blur 27% (sigma), 1500Hz, wvl: [ 5.89e-07]
    Gtilt in reconstruction. Physical optics start at 0 with [00;00m'matched filter'[00;00m [00;00m(noisy)[00;00m
  powfs1: Order  2, NGS at inf km. Sampling 1/16 m. Thres 30%. 
    Ztilt in reconstruction. Geomtric optics start at 2 with ztilt [00;00m(noisy)[00;00m
  powfs2: Order 20, NGS at inf km. Sampling 1/31.9716 m. Thres 50%. 
    CCD image is 4x4 @ 1500x1500 mas, blur 0% (sigma), 0.015Hz, wvl: [ 7.2e-07]
    Gtilt in reconstruction. Geomtric optics start at 50 with gtilt Physical optics start at 0 with [00;00m'matched filter'[00;00m [00;00m(noisy)[00;00m
[00;00mThere are 12 wfs[00;00m
    wfs 0: type 0, at (  30.00,    0.00) arcsec,  99 km, siglev is 113.746 bkgrnd is 0.1
    wfs 1: type 0, at (  21.21,   21.21) arcsec,  99 km, siglev is 113.746 bkgrnd is 0.1
    wfs 2: type 0, at (   0.00,   30.00) arcsec,  99 km, siglev is 113.746 bkgrnd is 0.1
    wfs 3: type 0, at ( -21.21,   21.21) arcsec,  99 km, siglev is 113.746 bkgrnd is 0.1
    wfs 4: type 0, at ( -30.00,    0.00) arcsec,  99 km, siglev is 113.746 bkgrnd is 0.1
    wfs 5: type 0, at ( -21.21,  -21.21) arcsec,  99 km, siglev is 113.746 bkgrnd is 0.1
    wfs 6: type 0, at (   0.00,  -30.00) arcsec,  99 km, siglev is 113.746 bkgrnd is 0.1
    wfs 7: type 0, at (  21.21,  -21.21) arcsec,  99 km, siglev is 113.746 bkgrnd is 0.1
    wfs 8: type 1, at (   5.00,    8.66) arcsec, inf km, siglev is 42387.6 bkgrnd is 1.056
    wfs 9: type 1, at ( -10.00,    0.00) arcsec, inf km, siglev is 42387.6 bkgrnd is 1.056
    wfs 10: type 1, at (   5.00,   -8.66) arcsec, inf km, siglev is 42387.6 bkgrnd is 1.056
    wfs 11: type 2, at (   0.00,    0.00) arcsec, inf km, siglev is 4.1558e+06 bkgrnd is 0.001
[00;00mThere are 3 DMs[00;00m
  DM 0 at -0.1km, actuator pitch 0.308m, offset   0, with 30.000000 micron stroke.
    Normalized cubic influence function with inter-actuator coupling of 0.223
  DM 1 at    6km, actuator pitch 0.168m, offset   0, with 7.000000 micron stroke.
    Normalized cubic influence function with inter-actuator coupling of 0.223
  DM 2 at   10km, actuator pitch 0.168m, offset   0, with 7.000000 micron stroke.
    Normalized cubic influence function with inter-actuator coupling of 0.223
[00;00mTomography[00;00m is using CG, with [00;00mFourer Domain[00;00m preconditioner, [00;00m12[00;00m iterations, integrated tomo.
[00;00mDM Fitting [00;00mis using CG, with [00;00mNo[00;00m preconditioner, [00;00m10[00;00m iterations
[00;00mThere are 9 fit directions[00;00m
    Fit 0: weight is 0.444, at (   0.00,    0.00) arcsec
    Fit 1: weight is 0.111, at (  15.00,    0.00) arcsec
    Fit 2: weight is 0.111, at (   0.00,   15.00) arcsec
    Fit 3: weight is 0.111, at ( -15.00,    0.00) arcsec
    Fit 4: weight is 0.111, at (   0.00,  -15.00) arcsec
    Fit 5: weight is 0.028, at (  15.00,   15.00) arcsec
    Fit 6: weight is 0.028, at ( -15.00,   15.00) arcsec
    Fit 7: weight is 0.028, at ( -15.00,  -15.00) arcsec
    Fit 8: weight is 0.028, at (  15.00,  -15.00) arcsec
[00;00mThere are 1 evaluation directions[00;00m at sampling 1/128 m.
    Evl 0: weight is 1.000, at (   0.00,    0.00) arcsec
[00;00mSimulation[00;00m start at step 0, end at step 1600, with time step 1/1500s, [00;00mclose loop[00;00m.
After setup_parms:	120.5 MiB.
Warning(sock.c:516): connect locally (/global/homes/b/bpeck/.aos/tmp/nid003517/scheduler) failed: Invalid argument. 
CUDA: minimum memory requirement is 0.3GB
GPU 0 is NVIDIA A100-SXM4-40GB with arch 8.0, 38.9GB free, 39.3GB total device memory.
Using GPU 0
Use 1 GPUs for WFS Tomo Fit Evl

*** Preparation started at 2025/02/11 18:27:19 in nid003517. ***

Using OpenMP version 201511 with 128 threads
Reading aperture amplitude map from KECK.fits
Warning(accphi.c:477): 108390 points not covered by input screen
Warning(sock.c:516): connect locally (/global/homes/b/bpeck/.aos/tmp/nid003517/scheduler) failed: Invalid argument. 
 ->maos.c:447->setup.c:148->aper.c:74->utils.c:478->accphi.c:478
iwvl 0: Science PSF is using grid size of 2880. The PSF will sum to 6.95167232825486
iwvl 1: Science PSF is using grid size of 2880. The PSF will sum to 6.95167232825486
iwvl 2: Science PSF is using grid size of 2880. The PSF will sum to 6.95167232825486
iwvl 3: Science PSF is using grid size of 2880. The PSF will sum to 6.95167232825486
iwvl 4: Science PSF is using grid size of 2880. The PSF will sum to 6.95167232825486
iwvl 5: Science PSF is using grid size of 2880. The PSF will sum to 6.95167232825486
iwvl 6: Science PSF is using grid size of 2880. The PSF will sum to 6.95167232825486
iwvl 7: Science PSF is using grid size of 2880. The PSF will sum to 6.95167232825486
iwvl 8: Science PSF is using grid size of 2880. The PSF will sum to 6.95167232825486
After setup_aper:	342.8 MiB.

[00;00mSetting up powfs 0 geom[00;00m

There are 40 points in each subaperture of 0.308m.
There are 787 valid subaperture.

[00;00mSetting up powfs 1 geom[00;00m

There are 88 points in each subaperture of 5.5m.
There are 4 valid subaperture.

[00;00mSetting up powfs 2 geom[00;00m

There are 18 points in each subaperture of 0.563m.
There are 236 valid subaperture.
After setup_powfs_init:	413.2 MiB.

[00;00mSetting up reconstructor geometry.[00;00m

PLOC is 75x75, with sampling of 0.15m (square)
    DM 0: grid is 39 x 39
    DM 1: grid is 75 x 75
    DM 2: grid is 81 x 81
FLOC is 75x75, with sampling of 0.15m (not square)
Tomography grid is square:
    layer 0: xloc grid is 140 x 140, sampling is 0.154 m, 19600 points
    layer 1: xloc grid is 140 x 140, sampling is 0.154 m, 19600 points
    layer 2: xloc grid is 140 x 140, sampling is 0.154 m, 19600 points
    layer 3: xloc grid is 140 x 140, sampling is 0.154 m, 19600 points
    layer 4: xloc grid is 140 x 140, sampling is 0.154 m, 19600 points
    layer 5: xloc grid is 140 x 140, sampling is 0.154 m, 19600 points
    layer 6: xloc grid is 140 x 140, sampling is 0.153 m, 19600 points
    layer 7: xloc grid is 140 x 140, sampling is 0.153 m, 19600 points
    layer 8: xloc grid is 140 x 140, sampling is 0.153 m, 19600 points
    layer 9: xloc grid is 140 x 140, sampling is 0.153 m, 19600 points
    layer 10: xloc grid is 140 x 140, sampling is 0.146 m, 19600 points
    layer 11: xloc grid is 140 x 140, sampling is 0.140 m, 19600 points
    layer 12: xloc grid is 140 x 140, sampling is 0.132 m, 19600 points
    layer 13: xloc grid is 140 x 140, sampling is 0.119 m, 19600 points

[00;00mSetting up powfs 0 PO WFS[00;00m

OTF dimension is 80x80 (calculated)
Uplink FWHM (illt 0, iwvl 0) is 0.580135"
Downlink FWHM (illt 0, iwvl 0) is 1.07529"
Generating matched filter for powfs 0
sa index   location       noise equivalent angle
     392: (  4.9,  -0.3) m, ( 57.13,  55.63) mas
     388: (  3.7,  -0.3) m, ( 61.17,  56.13) mas
     385: (  2.8,  -0.3) m, ( 65.41,  56.54) mas
     381: (  1.5,  -0.3) m, ( 72.76,  57.07) mas
     380: (  1.2,  -0.3) m, ( 74.62,  57.19) mas
     269: ( -0.6,  -1.5) m, ( 86.29,  59.01) mas
     378: ( -1.8,  -0.3) m, ( 93.81,  58.20) mas
     375: ( -2.8,  -0.3) m, ( 99.94,  58.50) mas
     371: ( -4.0,  -0.3) m, (108.66,  58.88) mas
     368: ( -4.9,  -0.3) m, (115.37,  59.15) mas
     367: ( -5.2,  -0.3) m, (117.68,  59.24) mas
sa index   location       noise equivalent angle
     664: (  2.8,   2.8) m, ( 58.07,  58.07) mas
     582: (  1.8,   1.8) m, ( 63.34,  63.70) mas
     521: (  1.2,   1.2) m, ( 64.38,  64.38) mas
     490: (  0.9,   0.9) m, ( 65.96,  65.96) mas
     273: (  0.6,  -1.5) m, ( 67.61,  80.19) mas
     297: ( -1.2,  -1.2) m, ( 77.89,  77.89) mas
     235: ( -1.8,  -1.8) m, ( 84.34,  84.52) mas
     150: ( -2.8,  -2.8) m, ( 86.96,  86.96) mas
      96: ( -3.4,  -3.4) m, ( 90.74,  90.74) mas
      32: ( -3.1,  -4.3) m, ( 88.67,  96.78) mas
sa index   location       noise equivalent angle
     724: ( -0.3,   3.7) m, ( 58.07,  63.08) mas
     655: (  0.0,   2.8) m, ( 57.05,  66.05) mas
     546: ( -0.3,   1.5) m, ( 59.30,  75.22) mas
     517: (  0.0,   1.2) m, ( 57.71,  75.36) mas
     351: ( -1.5,  -0.6) m, ( 59.01,  86.29) mas
     241: (  0.0,  -1.8) m, ( 58.87,  94.87) mas
     159: (  0.0,  -2.8) m, ( 59.05, 100.95) mas
      61: ( -0.3,  -4.0) m, ( 60.98, 112.26) mas
      42: (  0.0,  -4.3) m, ( 59.53, 112.03) mas
sa index   location       noise equivalent angle
     670: ( -3.4,   3.1) m, ( 57.23,  57.23) mas
     595: ( -2.5,   2.2) m, ( 65.14,  63.72) mas
     512: ( -1.5,   1.2) m, ( 64.38,  64.38) mas
     487: ( -1.2,   0.9) m, ( 65.96,  65.96) mas
     268: ( -0.9,  -1.5) m, ( 67.61,  80.19) mas
     300: (  0.9,  -1.2) m, ( 77.89,  77.89) mas
     246: (  1.5,  -1.8) m, ( 83.22,  84.19) mas
     167: (  2.5,  -2.8) m, ( 86.96,  86.96) mas
     117: (  3.1,  -3.4) m, ( 90.74,  90.74) mas
      51: (  2.8,  -4.3) m, ( 88.67,  96.78) mas
sa index   location       noise equivalent angle
     367: ( -5.2,  -0.3) m, ( 57.13,  55.63) mas
     371: ( -4.0,  -0.3) m, ( 61.17,  56.13) mas
     374: ( -3.1,  -0.3) m, ( 65.41,  56.54) mas
     378: ( -1.8,  -0.3) m, ( 72.76,  57.07) mas
     379: ( -1.5,  -0.3) m, ( 75.27,  57.77) mas
     518: (  0.3,   1.2) m, ( 86.29,  59.01) mas
     381: (  1.5,  -0.3) m, ( 93.81,  58.20) mas
     384: (  2.5,  -0.3) m, ( 99.94,  58.50) mas
     388: (  3.7,  -0.3) m, (108.66,  58.88) mas
     391: (  4.6,  -0.3) m, (115.37,  59.15) mas
     392: (  4.9,  -0.3) m, (117.68,  59.24) mas
sa index   location       noise equivalent angle
      96: ( -3.4,  -3.4) m, ( 57.23,  57.23) mas
     150: ( -2.8,  -2.8) m, ( 59.10,  59.10) mas
     235: ( -1.8,  -1.8) m, ( 64.53,  65.06) mas
     297: ( -1.2,  -1.2) m, ( 65.96,  65.96) mas
     514: ( -0.9,   1.2) m, ( 67.61,  80.19) mas
     490: (  0.9,   0.9) m, ( 77.89,  77.89) mas
     521: (  1.2,   1.2) m, ( 79.65,  79.65) mas
     582: (  1.8,   1.8) m, ( 85.65,  86.00) mas
     664: (  2.8,   2.8) m, ( 88.82,  88.82) mas
     754: (  2.8,   4.0) m, ( 88.67,  96.78) mas
sa index   location       noise equivalent angle
      61: ( -0.3,  -4.0) m, ( 58.07,  63.08) mas
     133: (  0.0,  -3.1) m, ( 57.05,  66.05) mas
     240: ( -0.3,  -1.8) m, ( 59.16,  75.16) mas
     271: (  0.0,  -1.5) m, ( 58.24,  75.96) mas
     435: ( -1.5,   0.3) m, ( 59.01,  86.29) mas
     547: (  0.0,   1.5) m, ( 59.01,  94.99) mas
     629: (  0.0,   2.5) m, ( 59.05, 100.95) mas
     724: ( -0.3,   3.7) m, ( 60.98, 112.26) mas
     745: (  0.0,   4.0) m, ( 59.53, 112.03) mas
sa index   location       noise equivalent angle
     117: (  3.1,  -3.4) m, ( 57.23,  57.23) mas
     167: (  2.5,  -2.8) m, ( 59.10,  59.10) mas
     246: (  1.5,  -1.8) m, ( 63.84,  64.82) mas
     300: (  0.9,  -1.2) m, ( 65.96,  65.96) mas
     519: (  0.6,   1.2) m, ( 67.61,  80.19) mas
     487: ( -1.2,   0.9) m, ( 77.89,  77.89) mas
     512: ( -1.5,   1.2) m, ( 79.65,  79.65) mas
     569: ( -2.2,   1.8) m, ( 85.64,  86.03) mas
     645: ( -3.1,   2.8) m, ( 88.82,  88.82) mas
     735: ( -3.1,   4.0) m, ( 88.67,  96.78) mas

[00;00mSetting up powfs 2 PO WFS[00;00m

OTF dimension is 48x48 (calculated)
Generating matched filter for powfs 2
Use sanea to derive neasim
Use sanea to derive neasim

[00;00mSetting up reconstructor[00;00m

Recon NEA: cmf(75.72) cmf(75.83) cmf(75.71) cmf(75.79) cmf(75.67) cmf(75.73) cmf(75.62) cmf(75.76) geom(0.31) geom(0.31) geom(0.31) mf(0.14)  mas
Setup or update control matrix parameters.
RRtwfs svd threshold is 1e-10
Replacing HA by HA*fit->actextrap
Adding piston cr to fit matrix
Adding TT cr on upper DMs to fit matrix.
Before assembling fit matrix:	2595.3 MiB.
Building fit->FR
Building fit->FL
Adding tikhonov constraint of 1.0e-07 to FLM
The maximum eigen value is estimated to be around 3.6e-04
DM Fit number of Low rank terms: 16 in LHS
After assemble fit matrix:	3187.8 MiB.
After setup_recon:	3187.8 MiB.
GPU 0: mem used 1762 MB (wfs init)
GPU 0: mem used 2142 MB (recon init)
GPU 0: mem used 2172 MB (perf init)

*** Simulation started at 2025/02/11 18:27:53 in nid003517. ***

Running seed 1
GPU 0: mem used 2172 MB (wfs seeding)
Wind dir: 267.3 261.7 167.0 130.5 300.7  32.3 119.8 139.0 150.8 277.7 203.0 133.1  45.9 265.1 deg
Using /global/homes/b/bpeck/.aos/cache/atm/vonkarman_14_8192x8192_0.0078125_1115374592d.bin
After genatm:	3259.2 MiB.
Step     #  Open Loop  PR TT  On axis  PR TT  Field RMS PR TT     Timing 
Step     0: OL  884.6  248.3  OA  884.6 248.3 CL  884.6 248.3 nm  0.129 s
Step    18: OL  913.1  255.1  OA  118.9   6.9 CL  118.9   6.9 nm  0.034 s
Step    43: OL  952.1  260.8  OA  117.5  14.2 CL  117.5  14.2 nm  0.051 s
Step    67: OL  987.7  260.0  OA  120.4   6.0 CL  120.4   6.0 nm  0.041 s
Step    92: OL 1025.7  257.7  OA  119.6  11.8 CL  119.6  11.8 nm  0.046 s
Step   116: OL 1062.1  257.9  OA  119.5  11.6 CL  119.5  11.6 nm  0.037 s
Step   141: OL 1097.2  263.5  OA  120.6  19.2 CL  120.6  19.2 nm  0.040 s
Step   165: OL 1125.1  274.7  OA  123.4  19.9 CL  123.4  19.9 nm  0.041 s
Step   189: OL 1145.0  289.6  OA  120.1  26.9 CL  120.1  26.9 nm  0.038 s
Step   214: OL 1157.0  305.6  OA  116.0  18.0 CL  116.0  18.0 nm  0.046 s
Step   237: OL 1160.9  320.7  OA  113.7  12.5 CL  113.7  12.5 nm  0.061 s
Step   255 updated high order loop gain: 0.378
Step   261: OL 1155.2  337.8  OA  112.3  10.0 CL  112.3  10.0 nm  0.048 s
Step   285: OL 1137.6  355.4  OA  116.0  15.6 CL  116.0  15.6 nm  0.043 s
Step   309: OL 1113.5  376.3  OA  117.9  30.0 CL  117.9  30.0 nm  0.052 s
Step   334: OL 1083.3  401.6  OA  114.2  12.9 CL  114.2  12.9 nm  0.039 s
Step   359: OL 1053.0  433.2  OA  113.1   6.4 CL  113.1   6.4 nm  0.045 s
Step   383: OL 1026.9  467.5  OA  119.4  17.9 CL  119.4  17.9 nm  0.041 s
Step   406: OL 1003.3  500.6  OA  115.1  11.4 CL  115.1  11.4 nm  0.042 s
Step   430: OL  977.2  533.1  OA  114.4  13.5 CL  114.4  13.5 nm  0.047 s
Step   454: OL  952.6  564.4  OA  115.7   5.6 CL  115.7   5.6 nm  0.041 s
Step   475: OL  938.9  591.8  OA  115.5   9.2 CL  115.5   9.2 nm  0.044 s
Step   500: OL  935.3  622.3  OA  115.7   7.8 CL  115.7   7.8 nm  0.038 s
Step   511 updated high order loop gain: 0.362
Step   524: OL  940.4  646.8  OA  118.6  22.5 CL  118.6  22.5 nm  0.047 s
Step   549: OL  952.3  662.9  OA  116.1  10.8 CL  116.1  10.8 nm  0.040 s
Step   574: OL  971.6  670.0  OA  114.4   9.1 CL  114.4   9.1 nm  0.050 s
Step   598: OL  995.7  669.6  OA  116.2  16.0 CL  116.2  16.0 nm  0.040 s
Step   623: OL 1023.5  659.4  OA  111.8   5.8 CL  111.8   5.8 nm  0.040 s
Step   648: OL 1049.8  640.6  OA  114.8   3.3 CL  114.8   3.3 nm  0.040 s
Step   672: OL 1071.1  617.0  OA  115.4   1.9 CL  115.4   1.9 nm  0.037 s
Step   696: OL 1089.6  591.6  OA  115.9   6.1 CL  115.9   6.1 nm  0.044 s
Step   721: OL 1101.4  561.6  OA  118.3   9.1 CL  118.3   9.1 nm  0.038 s
Step   745: OL 1102.8  531.9  OA  118.6  15.7 CL  118.6  15.7 nm  0.042 s
Step   767 updated high order loop gain: 0.358
Step   770: OL 1094.1  502.4  OA  121.5   6.6 CL  121.5   6.6 nm  0.040 s
Step   793: OL 1076.1  476.6  OA  117.8  11.8 CL  117.8  11.8 nm  0.039 s
Step   818: OL 1047.2  448.7  OA  117.2   3.0 CL  117.2   3.0 nm  0.039 s
Step   842: OL 1011.8  422.8  OA  118.7  14.3 CL  118.7  14.3 nm  0.044 s
Step   866: OL  974.1  399.9  OA  112.8   5.0 CL  112.8   5.0 nm  0.037 s
Step   890: OL  938.7  381.6  OA  112.6   8.2 CL  112.6   8.2 nm  0.047 s
Step   915: OL  900.1  367.0  OA  111.6   9.0 CL  111.6   9.0 nm  0.038 s
Step   938: OL  864.7  356.0  OA  113.6   9.0 CL  113.6   9.0 nm  0.040 s
Step   961: OL  832.1  344.6  OA  113.4   5.1 CL  113.4   5.1 nm  0.042 s
Step   986: OL  804.4  329.6  OA  117.0  21.6 CL  117.0  21.6 nm  0.049 s
Step  1011: OL  782.1  311.4  OA  116.3   9.1 CL  116.3   9.1 nm  0.038 s
Step  1023 updated high order loop gain: 0.356
Step  1035: OL  765.8  292.6  OA  118.3  17.4 CL  118.3  17.4 nm  0.047 s
Step  1060: OL  751.8  270.2  OA  118.0  24.4 CL  118.0  24.4 nm  0.037 s
Step  1085: OL  742.3  242.5  OA  119.4  21.9 CL  119.4  21.9 nm  0.046 s
Step  1109: OL  739.6  216.2  OA  115.4  15.6 CL  115.4  15.6 nm  0.041 s
Step  1134: OL  741.0  194.0  OA  113.6  16.6 CL  113.6  16.6 nm  0.041 s
Step  1158: OL  743.1  179.3  OA  113.9  19.8 CL  113.9  19.8 nm  0.038 s
Step  1182: OL  745.5  171.2  OA  109.5  15.2 CL  109.5  15.2 nm  0.042 s
Step  1206: OL  750.0  166.2  OA  115.5  23.5 CL  115.5  23.5 nm  0.052 s
Step  1231: OL  754.1  163.9  OA  114.7  19.5 CL  114.7  19.5 nm  0.040 s
Step  1255: OL  755.9  167.9  OA  118.1  30.9 CL  118.1  30.9 nm  0.038 s
Step  1279 updated high order loop gain: 0.349
Step  1280: OL  759.1  179.4  OA  113.7  26.7 CL  113.7  26.7 nm  0.042 s
Step  1304: OL  765.1  194.8  OA  117.2  22.0 CL  117.2  22.0 nm  0.044 s
Step  1329: OL  771.4  214.6  OA  118.1  34.0 CL  118.1  34.0 nm  0.043 s
Step  1354: OL  782.4  237.2  OA  114.7  27.2 CL  114.7  27.2 nm  0.049 s
Step  1379: OL  799.2  255.9  OA  116.1  29.6 CL  116.1  29.6 nm  0.038 s
Step  1404: OL  820.2  267.9  OA  117.7  25.1 CL  117.7  25.1 nm  0.055 s
Step  1428: OL  843.8  274.6  OA  117.0  24.5 CL  117.0  24.5 nm  0.038 s
Step  1453: OL  867.7  278.9  OA  111.3   7.0 CL  111.3   7.0 nm  0.038 s
Step  1478: OL  886.1  278.6  OA  112.7  10.5 CL  112.7  10.5 nm  0.040 s
Step  1502: OL  892.3  272.2  OA  114.8  16.5 CL  114.8  16.5 nm  0.042 s
Step  1526: OL  890.1  261.0  OA  115.9  14.9 CL  115.9  14.9 nm  0.042 s
Step  1535 updated high order loop gain: 0.348
Step  1551: OL  879.8  245.3  OA  111.7   7.0 CL  111.7   7.0 nm  0.040 s
Step  1575: OL  868.0  230.3  OA  114.0   8.7 CL  114.0   8.7 nm  0.044 s
Step 1599: Output PSF
Step  1599: OL  853.2  219.3  OA  114.9   5.4 CL  114.9   5.4 nm  1.175 s
Mean: 115.64 16.31 114.49  nm.

*** Simulation Finished at 2025/02/11 18:29:12 in nid003517. ***

