Warning(sock.c:516): connect locally (/global/homes/b/bpeck/.aos/tmp/nid003257/scheduler) failed: Invalid argument. 
/global/u2/b/bpeck/work/vismcao/maos -o studies/misreg/8_lgs/8mag_lgs/5250count -c master_files/misreg/8_lgs/8mag_lgs/kola_5250act.conf -O 
Output folder is 'studies/misreg/8_lgs/8mag_lgs/5250count'.
SRC: /global/homes/b/bpeck/code/maos v2.9 4c88b7c2 2024-11-13 16:45:33 -0800
BUILT: /global/homes/b/bpeck/code/maos/optim by GCC (v12) on 2024/11/18 09:40:03 CPU(F64,+O3) with CUDA(v122,F32)
Launched at 2025/02/09 17:36:03 in nid003257 with PID 993904.
The web based job monitor can be accessed at http://localhost:10300
Main config file is /global/u2/b/bpeck/work/vismcao/master_files/misreg/8_lgs/8mag_lgs/kola_5250act.conf
Warning(path.c:48): Path not found: path=/global/u2/b/bpeck/work/vismcao/master_files/misreg/8_lgs/8mag_lgs/bin; abspath=/global/u2/b/bpeck/work/vismcao/master_files/misreg/8_lgs/8mag_lgs/bin; Ignored.
Warning(path.c:48): Path not found: path=/global/u2/b/bpeck/work/vismcao/master_files/misreg/8_lgs/8mag_lgs/atm; abspath=/global/u2/b/bpeck/work/vismcao/master_files/misreg/8_lgs/8mag_lgs/atm; Ignored.
Warning(readcfg.c:399): sim.apfsm has been renamed to powfs.apfsm.
Warning(readcfg.c:399): sim.epfsm has been renamed to powfs.epfsm.
Warning(readcfg.c:399): sim.alfsm has been renamed to powfs.alfsm.
Warning(readcfg.c:399): sim.commonfsm has been renamed to powfs.commonfsm.
Warning(readcfg.c:399): sim.idealfsm has been renamed to powfs.idealfsm.
Warning(readcfg.c:399): sim.zetafsm has been renamed to powfs.zetafsm.
Warning(readcfg.c:399): sim.f0fsm has been renamed to powfs.f0fsm.
Warning(readcfg.c:399): tsurf has been renamed to ncpa.tsurf.
loaded 132 (132 new) records from '/global/u2/b/bpeck/work/vismcao/./keck_sim.conf'
loaded  19 ( 19 new) records from '/global/u2/b/bpeck/work/vismcao/./dm_none.conf'
loaded  19 (  0 new) records from '/global/u2/b/bpeck/work/vismcao/./keck_ASM.conf'
loaded  19 (  0 new) records from '/global/u2/b/bpeck/work/vismcao/./keck_DM2.conf'
loaded  19 (  0 new) records from '/global/u2/b/bpeck/work/vismcao/./keck_DM3.conf'
loaded   0 (  0 new) records from '/global/u2/b/bpeck/work/vismcao/./keck_dm_multiple.conf'
loaded   7 (  5 new) records from '/global/u2/b/bpeck/work/vismcao/./atm_mk13n50p_ground_detail.conf'
loaded  76 ( 69 new) records from '/global/homes/b/bpeck/code/maos/config/maos/powfs_common.conf'
loaded  44 ( 38 new) records from '/global/u2/b/bpeck/work/vismcao/./powfs_none.conf'
loaded  44 (  0 new) records from '/global/u2/b/bpeck/work/vismcao/./keck_shwfs_lgs.conf'
loaded  44 (  0 new) records from '/global/u2/b/bpeck/work/vismcao/./keck_shwfs_ttf_strap.conf'
loaded  44 (  0 new) records from '/global/u2/b/bpeck/work/vismcao/./keck_shwfs_twfs_lbwfs.conf'
loaded   0 (  0 new) records from '/global/u2/b/bpeck/work/vismcao/./keck_wfs_lgs_strap_lbwfs.conf'
loaded  71 ( 71 new) records from '/global/u2/b/bpeck/work/vismcao/./keck_recon.conf'
Warning(readcfg.c:399): dbg.na_smooth has been renamed to powfs0_llt.na_smooth.
Warning(readcfg.c:399): dbg.na_interp has been renamed to powfs0_llt.na_interp.
Warning(readcfg.c:399): dbg.na_thres has been renamed to powfs0_llt.na_thres.
Warning(readcfg.c:399): dbg.na_fit_maxit has been renamed to powfs0_llt.na_fit_maxit.
Warning(readcfg.c:399): dbg.na_fit_svdthres has been renamed to powfs0_llt.na_fit_svdthres.
Warning(readcfg.c:399): dbg.na_fit_dh has been renamed to powfs0_llt.na_fit_dh.
Warning(readcfg.c:399): dbg.ncpa_preload has been renamed to ncpa.preload.
Warning(readcfg.c:399): dbg.ncpa_rmsci has been renamed to ncpa.rmsci.
Warning(readcfg.c:399): dbg.draw_opdmax has been renamed to plot.opdmax.
Warning(readcfg.c:399): dbg.draw_gmax has been renamed to plot.gmax.
loaded  95 ( 93 new) records from '/global/u2/b/bpeck/work/vismcao/./keck_dbg.conf'
loaded   4 (  4 new) records from '/global/u2/b/bpeck/work/vismcao/./keck_fit_mcao.conf'
Warning(readcfg.c:399): surf has been renamed to ncpa.surf.
loaded  39 (  7 new) records from '/global/u2/b/bpeck/work/vismcao/master_files/misreg/8_lgs/8mag_lgs/kola_5250act.conf'
loaded   0 (  0 new) records from 'command line'
loaded  24 ( 18 new) records from '/global/u2/b/bpeck/work/vismcao/./keck_llt_CL.conf'
Adjust LGS range by telescope altitude 4145m.
Zenith angle is 30 degree.
    Scaling turbulence height and LGS hs by sec(za).
    Scaling r0 by cos(za)^(3/5).
    Scaling wind speed and LGS signal level by cos(za).
powfs0: Adjusting dx from 0.0078125 to 0.0075. 
powfs0.llt.fsm: f0=0 Hz, LPF ep=0
powfs0.epfsm is set to 0.517618 (auto)
powfs2: Adjusting dx from 0.03125 to 0.0312778. 
powfs2 is TWFS for powfs0
sim.ephi is set to 0.427717 (auto)
sim.eplo is set to 0.427717 (auto)
Warning(parms.c:2296): Layer 1 at 17.3205m is very close to layer 0 at 0m (OK).
Warning(parms.c:2296): Layer 2 at 34.641m is very close to layer 1 at 17.3205m (OK).
Warning(parms.c:2296): Layer 3 at 51.9615m is very close to layer 2 at 34.641m (OK).
dm 0: stroke=30 um is provided in micron.
dm 0: assume ia stroke=2 um is provided in micron.
dm 1: stroke=7 um is provided in micron.
dm 1: assume ia stroke=2 um is provided in micron.
dm 2: stroke=7 um is provided in micron.
dm 2: assume ia stroke=2 um is provided in micron.
Focus blending is not implemented yet for integrated tomography
parms->sim.mffocus is reset to 0
There are 1 valid simulation seeds:  1
Output PSF for 1 directions
Used 449 of 456 supplied keys
Warning(readcfg.c:158): key "dbg.pwfs_flate" is not recognized, value is 0
Warning(readcfg.c:158): key "dbg.pwfs_flatv" is not recognized, value is 0
Warning(readcfg.c:158): key "dbg.pwfs_psx" is not recognized, value is [0 0 0 0]
Warning(readcfg.c:158): key "dbg.pwfs_psy" is not recognized, value is [0 0 0 0]
Warning(readcfg.c:158): key "dbg.pwfs_pupelong" is not recognized, value is 0
Warning(readcfg.c:158): key "dbg.pwfs_raw" is not recognized, value is 0
Warning(readcfg.c:158): key "dbg.pwfs_side" is not recognized, value is 4
[00;00mAperture[00;00m is 11 m with sampling 1/128 m
[00;00mTurbulence at 30 degree zenith angle:[00;00m r0=0.128424m, L0=30m, 14 layers.
    Greenwood freq is 25.1Hz, anisoplanatic angle is 1.58 as
    Sampled 8192x8192 at 1/128m. wind dir is randomized.
    layer 0: ht=      0 m, wt= 0.302, ws=  4.8 m/s
    layer 1: ht=     17 m, wt= 0.154, ws=  5.0 m/s
    layer 2: ht=     35 m, wt= 0.041, ws=  5.4 m/s
    layer 3: ht=     52 m, wt= 0.002, ws=  6.6 m/s
    layer 4: ht=    139 m, wt= 0.021, ws=  6.1 m/s
    layer 5: ht=    231 m, wt= 0.010, ws=  6.1 m/s
    layer 6: ht=    323 m, wt= 0.008, ws=  6.1 m/s
    layer 7: ht=    416 m, wt= 0.005, ws=  6.1 m/s
    layer 8: ht=    508 m, wt= 0.001, ws=  6.1 m/s
    layer 9: ht=    932 m, wt= 0.107, ws=  5.6 m/s
    layer 10: ht=   5022 m, wt= 0.144, ws= 11.1 m/s
    layer 11: ht=   9238 m, wt= 0.093, ws= 19.1 m/s
    layer 12: ht=  13856 m, wt= 0.075, ws=  8.2 m/s
    layer 13: ht=  22518 m, wt= 0.036, ws=  4.8 m/s
[00;00mReconstruction[00;00m: r0=0.128424m L0=30m. 14 layers. use cone coordinate.
    layer 0: ht=      0 m, wt= 0.302
    layer 1: ht=     17 m, wt= 0.154
    layer 2: ht=     35 m, wt= 0.041
    layer 3: ht=     52 m, wt= 0.002
    layer 4: ht=    139 m, wt= 0.021
    layer 5: ht=    231 m, wt= 0.010
    layer 6: ht=    323 m, wt= 0.008
    layer 7: ht=    416 m, wt= 0.005
    layer 8: ht=    508 m, wt= 0.001
    layer 9: ht=    932 m, wt= 0.107
    layer 10: ht=   5022 m, wt= 0.144
    layer 11: ht=   9238 m, wt= 0.093
    layer 12: ht=  13856 m, wt= 0.075
    layer 13: ht=  22518 m, wt= 0.036
[00;00mThere are 3 powfs[00;00m
  powfs0: Order 82, LGS at 99.1 km. Sampling 1/133.333 m. Thres 30%. [00;00mT/T is removed in right hand side in tomography.[00;00m
    CCD image is 25x25 @ 500x500 mas, blur 27% (sigma), 1500Hz, wvl: [ 5.89e-07]
    Gtilt in reconstruction. Physical optics start at 0 with [00;00m'matched filter'[00;00m [00;00m(noisy)[00;00m
  powfs1: Order  2, NGS at inf km. Sampling 1/16 m. Thres 30%. 
    Ztilt in reconstruction. Geomtric optics start at 2 with ztilt [00;00m(noisy)[00;00m
  powfs2: Order 20, NGS at inf km. Sampling 1/31.9716 m. Thres 50%. 
    CCD image is 4x4 @ 1500x1500 mas, blur 0% (sigma), 0.015Hz, wvl: [ 7.2e-07]
    Gtilt in reconstruction. Geomtric optics start at 50 with gtilt Physical optics start at 0 with [00;00m'matched filter'[00;00m [00;00m(noisy)[00;00m
[00;00mThere are 12 wfs[00;00m
    wfs 0: type 0, at (  30.00,    0.00) arcsec,  99 km, siglev is 21.8524 bkgrnd is 0.1
    wfs 1: type 0, at (  21.21,   21.21) arcsec,  99 km, siglev is 21.8524 bkgrnd is 0.1
    wfs 2: type 0, at (   0.00,   30.00) arcsec,  99 km, siglev is 21.8524 bkgrnd is 0.1
    wfs 3: type 0, at ( -21.21,   21.21) arcsec,  99 km, siglev is 21.8524 bkgrnd is 0.1
    wfs 4: type 0, at ( -30.00,    0.00) arcsec,  99 km, siglev is 21.8524 bkgrnd is 0.1
    wfs 5: type 0, at ( -21.21,  -21.21) arcsec,  99 km, siglev is 21.8524 bkgrnd is 0.1
    wfs 6: type 0, at (   0.00,  -30.00) arcsec,  99 km, siglev is 21.8524 bkgrnd is 0.1
    wfs 7: type 0, at (  21.21,  -21.21) arcsec,  99 km, siglev is 21.8524 bkgrnd is 0.1
    wfs 8: type 1, at (  15.00,   25.98) arcsec, inf km, siglev is 42387.6 bkgrnd is 1.056
    wfs 9: type 1, at ( -30.00,    0.00) arcsec, inf km, siglev is 42387.6 bkgrnd is 1.056
    wfs 10: type 1, at (  15.00,  -25.98) arcsec, inf km, siglev is 42387.6 bkgrnd is 1.056
    wfs 11: type 2, at (   0.00,    0.00) arcsec, inf km, siglev is 4.1558e+06 bkgrnd is 0.001
[00;00mThere are 3 DMs[00;00m
  DM 0 at -0.1km, actuator pitch 0.135m, offset   0, with 30.000000 micron stroke.
    Normalized cubic influence function with inter-actuator coupling of 0.223
  DM 1 at    6km, actuator pitch 0.168m, offset   0, with 7.000000 micron stroke.
    Normalized cubic influence function with inter-actuator coupling of 0.223
  DM 2 at   10km, actuator pitch 0.168m, offset   0, with 7.000000 micron stroke.
    Normalized cubic influence function with inter-actuator coupling of 0.223
[00;00mTomography[00;00m is using CG, with [00;00mFourer Domain[00;00m preconditioner, [00;00m12[00;00m iterations, integrated tomo.
[00;00mDM Fitting [00;00mis using CG, with [00;00mNo[00;00m preconditioner, [00;00m10[00;00m iterations
[00;00mThere are 9 fit directions[00;00m
    Fit 0: weight is 0.444, at (   0.00,    0.00) arcsec
    Fit 1: weight is 0.111, at (  15.00,    0.00) arcsec
    Fit 2: weight is 0.111, at (   0.00,   15.00) arcsec
    Fit 3: weight is 0.111, at ( -15.00,    0.00) arcsec
    Fit 4: weight is 0.111, at (   0.00,  -15.00) arcsec
    Fit 5: weight is 0.028, at (  15.00,   15.00) arcsec
    Fit 6: weight is 0.028, at ( -15.00,   15.00) arcsec
    Fit 7: weight is 0.028, at ( -15.00,  -15.00) arcsec
    Fit 8: weight is 0.028, at (  15.00,  -15.00) arcsec
[00;00mThere are 1 evaluation directions[00;00m at sampling 1/128 m.
    Evl 0: weight is 1.000, at (   0.00,    0.00) arcsec
[00;00mSimulation[00;00m start at step 0, end at step 1600, with time step 1/1500s, [00;00mclose loop[00;00m.
After setup_parms:	120.5 MiB.
Warning(sock.c:516): connect locally (/global/homes/b/bpeck/.aos/tmp/nid003257/scheduler) failed: Invalid argument. 
CUDA: minimum memory requirement is 0.4GB
GPU 0 is NVIDIA A100-SXM4-40GB with arch 8.0, 38.9GB free, 39.3GB total device memory.
Using GPU 0
Use 1 GPUs for WFS Tomo Fit Evl

*** Preparation started at 2025/02/09 17:36:03 in nid003257. ***

Using OpenMP version 201511 with 128 threads
Reading aperture amplitude map from KECK.fits
Warning(accphi.c:477): 108520 points not covered by input screen
Warning(sock.c:516): connect locally (/global/homes/b/bpeck/.aos/tmp/nid003257/scheduler) failed: Invalid argument. 
 ->maos.c:447->setup.c:148->aper.c:74->utils.c:478->accphi.c:478
iwvl 0: Science PSF is using grid size of 2880. The PSF will sum to 6.95167232825486
iwvl 1: Science PSF is using grid size of 2880. The PSF will sum to 6.95167232825486
iwvl 2: Science PSF is using grid size of 2880. The PSF will sum to 6.95167232825486
iwvl 3: Science PSF is using grid size of 2880. The PSF will sum to 6.95167232825486
iwvl 4: Science PSF is using grid size of 2880. The PSF will sum to 6.95167232825486
iwvl 5: Science PSF is using grid size of 2880. The PSF will sum to 6.95167232825486
iwvl 6: Science PSF is using grid size of 2880. The PSF will sum to 6.95167232825486
iwvl 7: Science PSF is using grid size of 2880. The PSF will sum to 6.95167232825486
iwvl 8: Science PSF is using grid size of 2880. The PSF will sum to 6.95167232825486
After setup_aper:	344.5 MiB.

[00;00mSetting up powfs 0 geom[00;00m

There are 18 points in each subaperture of 0.135m.
There are 4078 valid subaperture.

[00;00mSetting up powfs 1 geom[00;00m

There are 88 points in each subaperture of 5.5m.
There are 4 valid subaperture.

[00;00mSetting up powfs 2 geom[00;00m

There are 18 points in each subaperture of 0.563m.
There are 236 valid subaperture.
After setup_powfs_init:	451.6 MiB.

[00;00mSetting up reconstructor geometry.[00;00m

PLOC is 167x167, with sampling of 0.07m (square)
    DM 0: grid is 85 x 85
    DM 1: grid is 77 x 79
    DM 2: grid is 84 x 85
FLOC is 167x167, with sampling of 0.07m (not square)
Tomography grid is square:
    layer 0: xloc grid is 360 x 360, sampling is 0.068 m, 129600 points
    layer 1: xloc grid is 360 x 360, sampling is 0.067 m, 129600 points
    layer 2: xloc grid is 360 x 360, sampling is 0.067 m, 129600 points
    layer 3: xloc grid is 360 x 360, sampling is 0.067 m, 129600 points
    layer 4: xloc grid is 360 x 360, sampling is 0.067 m, 129600 points
    layer 5: xloc grid is 360 x 360, sampling is 0.067 m, 129600 points
    layer 6: xloc grid is 360 x 360, sampling is 0.067 m, 129600 points
    layer 7: xloc grid is 360 x 360, sampling is 0.067 m, 129600 points
    layer 8: xloc grid is 360 x 360, sampling is 0.067 m, 129600 points
    layer 9: xloc grid is 360 x 360, sampling is 0.067 m, 129600 points
    layer 10: xloc grid is 360 x 360, sampling is 0.064 m, 129600 points
    layer 11: xloc grid is 360 x 360, sampling is 0.061 m, 129600 points
    layer 12: xloc grid is 360 x 360, sampling is 0.058 m, 129600 points
    layer 13: xloc grid is 360 x 360, sampling is 0.052 m, 129600 points

[00;00mSetting up powfs 0 PO WFS[00;00m

OTF dimension is 36x36 (calculated)
There is no bias
Uplink FWHM (illt 0, iwvl 0) is 0.576822"
Downlink FWHM (illt 0, iwvl 0) is 1.41876"
Generating matched filter for powfs 0
sa index   location       noise equivalent angle
    2036: (  4.9,  -0.1) m, (183.92, 175.66) mas
    2028: (  3.8,  -0.1) m, (197.51, 177.59) mas
    2020: (  2.7,  -0.1) m, (215.55, 180.12) mas
    2011: (  1.5,  -0.1) m, (240.47, 183.50) mas
    2010: (  1.4,  -0.1) m, (243.47, 183.89) mas
    1442: ( -0.5,  -1.4) m, (280.98, 193.23) mas
    2005: ( -1.8,  -0.1) m, (308.19, 192.59) mas
    1997: ( -2.8,  -0.1) m, (331.33, 195.67) mas
    1989: ( -3.9,  -0.1) m, (354.19, 198.72) mas
    1981: ( -5.0,  -0.1) m, (377.14, 201.69) mas
    1978: ( -5.4,  -0.1) m, (384.62, 202.69) mas
sa index   location       noise equivalent angle
    3927: (  3.0,   4.2) m, (184.04, 176.16) mas
    3362: (  2.7,   2.7) m, (187.18, 187.18) mas
    2998: (  1.9,   1.9) m, (204.37, 203.38) mas
    2574: (  1.1,   1.1) m, (211.48, 211.48) mas
    2509: (  0.9,   0.9) m, (213.83, 213.83) mas
    1514: (  0.5,  -1.2) m, (240.18, 272.85) mas
    1507: ( -1.2,  -1.2) m, (252.69, 252.69) mas
    1083: ( -2.0,  -2.0) m, (274.19, 273.38) mas
     719: ( -2.8,  -2.8) m, (286.27, 286.27) mas
     485: ( -3.4,  -3.4) m, (298.48, 298.48) mas
     199: ( -3.1,  -4.2) m, (292.77, 316.05) mas
sa index   location       noise equivalent angle
    3767: (  0.0,   3.8) m, (184.62, 203.13) mas
    3342: (  0.0,   2.7) m, (187.32, 221.81) mas
    2776: (  0.0,   1.5) m, (190.93, 247.67) mas
    2706: (  0.0,   1.4) m, (191.35, 250.78) mas
    1818: (  1.2,  -0.5) m, (193.23, 280.98) mas
    1236: (  0.0,  -1.8) m, (200.68, 317.90) mas
     740: (  0.0,  -2.8) m, (203.99, 341.84) mas
     314: (  0.0,  -3.9) m, (207.27, 365.47) mas
     130: (  0.0,  -4.5) m, (208.94, 378.08) mas
       7: ( -2.6,  -4.9) m, (216.55, 380.83) mas
sa index   location       noise equivalent angle
    3882: ( -3.1,   4.2) m, (184.04, 176.16) mas
    3321: ( -2.8,   2.7) m, (187.18, 187.18) mas
    3032: ( -2.2,   2.0) m, (211.82, 214.49) mas
    2563: ( -1.2,   1.1) m, (211.48, 211.48) mas
    2504: ( -1.1,   0.9) m, (213.83, 213.83) mas
    2329: (  1.2,   0.5) m, (255.98, 221.91) mas
    1518: (  1.1,  -1.2) m, (252.69, 252.69) mas
    1179: (  1.8,  -1.9) m, (266.61, 266.61) mas
     760: (  2.7,  -2.8) m, (286.27, 286.27) mas
     534: (  3.2,  -3.4) m, (298.48, 298.48) mas
     244: (  3.0,  -4.2) m, (292.77, 316.05) mas
sa index   location       noise equivalent angle
    1981: ( -5.0,  -0.1) m, (183.92, 175.66) mas
    1989: ( -3.9,  -0.1) m, (197.51, 177.59) mas
    1997: ( -2.8,  -0.1) m, (215.55, 180.12) mas
    2006: ( -1.6,  -0.1) m, (240.47, 183.50) mas
    2007: ( -1.5,  -0.1) m, (243.47, 183.89) mas
    1449: (  0.4,  -1.4) m, (280.98, 193.23) mas
    2012: (  1.6,  -0.1) m, (308.19, 192.59) mas
    2020: (  2.7,  -0.1) m, (331.33, 195.67) mas
    2028: (  3.8,  -0.1) m, (354.19, 198.72) mas
    2036: (  4.9,  -0.1) m, (377.14, 201.69) mas
    2039: (  5.3,  -0.1) m, (384.62, 202.69) mas
sa index   location       noise equivalent angle
     153: ( -3.1,  -4.3) m, (184.04, 176.16) mas
     485: ( -3.4,  -3.4) m, (181.19, 181.19) mas
     778: ( -2.7,  -2.7) m, (188.89, 188.89) mas
    1152: ( -1.9,  -1.9) m, (200.64, 200.64) mas
    1572: ( -1.1,  -1.1) m, (213.83, 213.83) mas
    2567: ( -0.7,   1.1) m, (234.42, 266.47) mas
    2509: (  0.9,   0.9) m, (250.49, 250.49) mas
    2645: (  1.2,   1.2) m, (255.83, 255.83) mas
    3063: (  2.0,   2.0) m, (295.16, 298.09) mas
    3421: (  2.8,   2.8) m, (288.72, 288.72) mas
    3881: (  3.0,   4.1) m, (292.77, 316.05) mas
sa index   location       noise equivalent angle
     314: (  0.0,  -3.9) m, (184.62, 203.13) mas
     740: (  0.0,  -2.8) m, (187.32, 221.81) mas
    1306: (  0.0,  -1.6) m, (190.93, 247.67) mas
    1376: (  0.0,  -1.5) m, (191.35, 250.78) mas
    2266: (  1.2,   0.4) m, (193.23, 280.98) mas
    2846: (  0.0,   1.6) m, (200.68, 317.90) mas
    3342: (  0.0,   2.7) m, (203.99, 341.84) mas
    3767: (  0.0,   3.8) m, (207.27, 365.47) mas
    3951: (  0.0,   4.3) m, (208.94, 378.08) mas
    4054: ( -2.6,   4.7) m, (220.23, 386.07) mas
sa index   location       noise equivalent angle
     198: (  3.0,  -4.3) m, (184.04, 176.16) mas
     534: (  3.2,  -3.4) m, (181.19, 181.19) mas
     817: (  2.6,  -2.7) m, (188.89, 188.89) mas
    1179: (  1.8,  -1.9) m, (200.64, 200.64) mas
    1577: (  0.9,  -1.1) m, (213.83, 213.83) mas
    2570: (  0.5,   1.1) m, (229.99, 261.71) mas
    2504: ( -1.1,   0.9) m, (250.49, 250.49) mas
    2626: ( -1.4,   1.2) m, (255.83, 255.83) mas
    3032: ( -2.2,   2.0) m, (293.40, 296.54) mas
    3378: ( -3.0,   2.8) m, (288.72, 288.72) mas
    3836: ( -3.1,   4.1) m, (292.77, 316.05) mas

[00;00mSetting up powfs 2 PO WFS[00;00m

OTF dimension is 48x48 (calculated)
Generating matched filter for powfs 2
Use sanea to derive neasim
Use sanea to derive neasim

[00;00mSetting up reconstructor[00;00m

Recon NEA: cmf(245.82) cmf(245.77) cmf(246.06) cmf(245.82) cmf(245.90) cmf(245.70) cmf(245.88) cmf(245.64) geom(0.31) geom(0.31) geom(0.31) mf(0.14)  mas
Setup or update control matrix parameters.
RRtwfs svd threshold is 1e-10
Replacing HA by HA*fit->actextrap
Adding piston cr to fit matrix
Adding TT cr on upper DMs to fit matrix.
Before assembling fit matrix:	6489.4 MiB.
Building fit->FR
Building fit->FL
Adding tikhonov constraint of 1.0e-07 to FLM
The maximum eigen value is estimated to be around 2.5e-04
DM Fit number of Low rank terms: 16 in LHS
After assemble fit matrix:	8811.7 MiB.
After setup_recon:	8811.7 MiB.
GPU 0: mem used 1674 MB (wfs init)
GPU 0: mem used 3210 MB (recon init)
GPU 0: mem used 3240 MB (perf init)

*** Simulation started at 2025/02/09 17:38:56 in nid003257. ***

Running seed 1
GPU 0: mem used 3240 MB (wfs seeding)
Wind dir: 267.3 261.7 167.0 130.5 300.7  32.3 119.8 139.0 150.8 277.7 203.0 133.1  45.9 265.1 deg
Using /global/homes/b/bpeck/.aos/cache/atm/vonkarman_14_8192x8192_0.0078125_1115374592d.bin
After genatm:	8616.5 MiB.
Step     #  Open Loop  PR TT  On axis  PR TT  Field RMS PR TT     Timing 
Step     0: OL  884.6  248.3  OA  884.6 248.3 CL  884.6 248.3 nm  0.132 s
Step     8: OL  896.9  251.5  OA  259.7 145.0 CL  259.7 145.0 nm  0.078 s
Step    21: OL  917.3  256.1  OA  156.6  72.4 CL  156.6  72.4 nm  0.087 s
Step    32: OL  934.4  259.2  OA  149.9  65.8 CL  149.9  65.8 nm  0.089 s
Step    43: OL  950.9  260.9  OA  171.6 105.2 CL  171.6 105.2 nm  0.096 s
Step    54: OL  967.1  261.2  OA  172.1 103.4 CL  172.1 103.4 nm  0.091 s
Step    65: OL  983.5  260.4  OA  168.7  95.6 CL  168.7  95.6 nm  0.089 s
Step    76: OL 1000.1  259.2  OA  164.8  82.8 CL  164.8  82.8 nm  0.133 s
Step    87: OL 1017.2  258.2  OA  155.0  76.3 CL  155.0  76.3 nm  0.089 s
Step    98: OL 1034.2  257.6  OA  144.3  61.2 CL  144.3  61.2 nm  0.092 s
Step   109: OL 1051.2  257.7  OA  149.0  79.1 CL  149.0  79.1 nm  0.089 s
Step   121: OL 1069.5  258.7  OA  156.1  83.0 CL  156.1  83.0 nm  0.086 s
Step   132: OL 1085.3  260.9  OA  143.7  60.4 CL  143.7  60.4 nm  0.099 s
Step   143: OL 1100.4  264.6  OA  156.3  89.2 CL  156.3  89.2 nm  0.094 s
Step   154: OL 1114.0  269.3  OA  142.1  57.2 CL  142.1  57.2 nm  0.092 s
Step   165: OL 1126.2  275.1  OA  138.8  56.1 CL  138.8  56.1 nm  0.099 s
Step   176: OL 1136.8  281.6  OA  146.5  63.2 CL  146.5  63.2 nm  0.089 s
Step   185: OL 1144.1  287.4  OA  139.1  38.0 CL  139.1  38.0 nm  0.092 s
Step   196: OL 1151.1  294.5  OA  141.2  54.8 CL  141.2  54.8 nm  0.090 s
Step   207: OL 1156.7  301.5  OA  148.5  57.3 CL  148.5  57.3 nm  0.091 s
Step   218: OL 1160.9  308.5  OA  146.8  50.5 CL  146.8  50.5 nm  0.098 s
Step   229: OL 1163.2  315.6  OA  133.7  32.7 CL  133.7  32.7 nm  0.088 s
Step   240: OL 1163.8  323.0  OA  136.7  52.9 CL  136.7  52.9 nm  0.088 s
Step   251: OL 1162.1  330.7  OA  149.2  72.7 CL  149.2  72.7 nm  0.100 s
Step   255 updated high order loop gain: 0.361
Step   262: OL 1157.5  338.6  OA  145.0  55.8 CL  145.0  55.8 nm  0.090 s
Step   273: OL 1150.1  346.6  OA  124.9  15.2 CL  124.9  15.2 nm  0.093 s
Step   284: OL 1140.5  354.7  OA  125.0  18.7 CL  125.0  18.7 nm  0.097 s
Step   296: OL 1128.4  364.7  OA  130.6  32.3 CL  130.6  32.3 nm  0.089 s
Step   308: OL 1115.2  375.4  OA  133.3  41.2 CL  133.3  41.2 nm  0.088 s
Step   319: OL 1101.5  385.8  OA  131.7  46.4 CL  131.7  46.4 nm  0.090 s
Step   330: OL 1087.0  397.1  OA  131.3  39.4 CL  131.3  39.4 nm  0.098 s
Step   341: OL 1072.3  409.7  OA  132.9  54.6 CL  132.9  54.6 nm  0.089 s
Step   353: OL 1056.2  424.9  OA  140.5  59.3 CL  140.5  59.3 nm  0.096 s
Step   364: OL 1042.0  440.0  OA  119.6  22.7 CL  119.6  22.7 nm  0.089 s
Step   375: OL 1028.4  455.7  OA  137.5  52.5 CL  137.5  52.5 nm  0.087 s
Step   387: OL 1014.3  473.1  OA  136.1  41.9 CL  136.1  41.9 nm  0.092 s
Step   397: OL 1002.7  487.5  OA  127.8  42.8 CL  127.8  42.8 nm  0.095 s
Step   408: OL  990.0  503.1  OA  125.5  43.9 CL  125.5  43.9 nm  0.088 s
Step   419: OL  976.9  518.2  OA  119.1  42.0 CL  119.1  42.0 nm  0.094 s
Step 424, DM 2: 1 actuators over ia limit. trials=2: success.
Step 425, DM 2: 1 actuators over ia limit. trials=2: success.
Step 426, DM 2: 1 actuators over ia limit. trials=2: success.
Step 427, DM 2: 1 actuators over ia limit. trials=2: success.
Step 428, DM 2: 1 actuators over ia limit. trials=2: success.
Step 429, DM 2: 1 actuators over ia limit. trials=2: success.
Step   430: OL  963.9  532.8  OA  127.5  49.2 CL  127.5  49.2 nm  0.088 s
Step 430, DM 2: 1 actuators over ia limit. trials=2: success.
Step 431, DM 2: 1 actuators over ia limit. trials=2: success.
Step 432, DM 2: 1 actuators over ia limit. trials=2: success.
Step 433, DM 2: 1 actuators over ia limit. trials=2: success.
Step 434, DM 2: 1 actuators over ia limit. trials=2: success.
Step 435, DM 2: 1 actuators over ia limit. trials=2: success.
Step 436, DM 2: 1 actuators over ia limit. trials=2: success.
Step 437, DM 2: 1 actuators over ia limit. trials=2: success.
Step 438, DM 2: 1 actuators over ia limit. trials=2: success.
Step 439, DM 2: 1 actuators over ia limit. trials=2: success.
Step 440, DM 2: 1 actuators over ia limit. trials=2: success.
Step   441: OL  951.5  547.2  OA  118.6  35.7 CL  118.6  35.7 nm  0.088 s
Step 441, DM 2: 1 actuators over ia limit. trials=2: success.
Step 442, DM 2: 1 actuators over ia limit. trials=2: success.
Step 443, DM 2: 1 actuators over ia limit. trials=2: success.
Step 444, DM 2: 1 actuators over ia limit. trials=2: success.
Step 445, DM 2: 1 actuators over ia limit. trials=2: success.
Step 446, DM 2: 1 actuators over ia limit. trials=2: success.
Step 447, DM 2: 1 actuators over ia limit. trials=2: success.
Step 448, DM 2: 1 actuators over ia limit. trials=2: success.
Step 449, DM 2: 1 actuators over ia limit. trials=2: success.
Step 450, DM 2: 1 actuators over ia limit. trials=2: success.
Step 451, DM 2: 1 actuators over ia limit. trials=2: success.
Step   452: OL  940.2  561.5  OA  123.1  27.5 CL  123.1  27.5 nm  0.096 s
Step 452, DM 2: 1 actuators over ia limit. trials=2: success.
Step 453, DM 2: 1 actuators over ia limit. trials=2: success.
Step 454, DM 2: 1 actuators over ia limit. trials=2: success.
Step 455, DM 2: 1 actuators over ia limit. trials=2: success.
Step 456, DM 2: 1 actuators over ia limit. trials=2: success.
Step 457, DM 2: 1 actuators over ia limit. trials=2: success.
Step 458, DM 2: 1 actuators over ia limit. trials=2: success.
Step 459, DM 2: 1 actuators over ia limit. trials=2: success.
Step 460, DM 2: 1 actuators over ia limit. trials=2: success.
Step 461, DM 2: 1 actuators over ia limit. trials=2: success.
Step 462, DM 2: 1 actuators over ia limit. trials=2: success.
Step   463: OL  931.2  575.9  OA  123.2  29.9 CL  123.2  29.9 nm  0.090 s
Step 463, DM 2: 1 actuators over ia limit. trials=2: success.
Step 464, DM 2: 1 actuators over ia limit. trials=2: success.
Step 465, DM 2: 1 actuators over ia limit. trials=2: success.
Step 466, DM 2: 1 actuators over ia limit. trials=2: success.
Step 467, DM 2: 1 actuators over ia limit. trials=2: success.
Step 468, DM 2: 1 actuators over ia limit. trials=2: success.
Step 469, DM 2: 1 actuators over ia limit. trials=2: success.
Step 470, DM 2: 1 actuators over ia limit. trials=2: success.
Step 471, DM 2: 1 actuators over ia limit. trials=2: success.
Step 472, DM 2: 1 actuators over ia limit. trials=2: success.
Step   473: OL  925.4  588.8  OA  117.1  21.7 CL  117.1  21.7 nm  0.088 s
Step 473, DM 2: 1 actuators over ia limit. trials=2: success.
Step 474, DM 2: 1 actuators over ia limit. trials=2: success.
Step 475, DM 2: 1 actuators over ia limit. trials=2: success.
Step 476, DM 2: 1 actuators over ia limit. trials=2: success.
Step 477, DM 2: 1 actuators over ia limit. trials=2: success.
Step 478, DM 2: 1 actuators over ia limit. trials=2: success.
Step 479, DM 2: 1 actuators over ia limit. trials=2: success.
Step 480, DM 2: 1 actuators over ia limit. trials=2: success.
Step 481, DM 2: 1 actuators over ia limit. trials=2: success.
Step 482, DM 2: 1 actuators over ia limit. trials=2: success.
Step 483, DM 2: 1 actuators over ia limit. trials=2: success.
Step   484: OL  922.1  602.7  OA  129.7  40.8 CL  129.7  40.8 nm  0.096 s
Step 484, DM 2: 1 actuators over ia limit. trials=2: success.
Step 485, DM 2: 1 actuators over ia limit. trials=2: success.
Step 486, DM 2: 1 actuators over ia limit. trials=2: success.
Step 487, DM 2: 1 actuators over ia limit. trials=2: success.
Step 488, DM 2: 1 actuators over ia limit. trials=2: success.
Step 489, DM 2: 1 actuators over ia limit. trials=2: success.
Step 490, DM 2: 1 actuators over ia limit. trials=2: success.
Step 491, DM 2: 1 actuators over ia limit. trials=2: success.
Step 492, DM 2: 1 actuators over ia limit. trials=2: success.
Step 493, DM 2: 1 actuators over ia limit. trials=2: success.
Step 494, DM 2: 1 actuators over ia limit. trials=2: success.
Step   495: OL  921.7  616.1  OA  123.5  21.0 CL  123.5  21.0 nm  0.089 s
Step 495, DM 2: 1 actuators over ia limit. trials=2: success.
Step 496, DM 2: 1 actuators over ia limit. trials=2: success.
Step 497, DM 2: 1 actuators over ia limit. trials=2: success.
Step 498, DM 2: 1 actuators over ia limit. trials=2: success.
Step 499, DM 2: 1 actuators over ia limit. trials=2: success.
Step 500, DM 2: 1 actuators over ia limit. trials=2: success.
Step 501, DM 2: 1 actuators over ia limit. trials=2: success.
Step 502, DM 2: 1 actuators over ia limit. trials=2: success.
Step 503, DM 1: 1 actuators over ia limit. trials=2: success.
Step 503, DM 2: 1 actuators over ia limit. trials=2: success.
Step 504, DM 1: 1 actuators over ia limit. trials=2: success.
Step 504, DM 2: 1 actuators over ia limit. trials=2: success.
Step 505, DM 1: 1 actuators over ia limit. trials=2: success.
Step 505, DM 2: 1 actuators over ia limit. trials=2: success.
Step   506: OL  923.0  628.6  OA  122.8  17.9 CL  122.8  17.9 nm  0.090 s
Step 506, DM 1: 1 actuators over ia limit. trials=2: success.
Step 506, DM 2: 1 actuators over ia limit. trials=2: success.
Step 507, DM 2: 1 actuators over ia limit. trials=2: success.
Step 508, DM 2: 1 actuators over ia limit. trials=2: success.
Step 509, DM 2: 1 actuators over ia limit. trials=2: success.
Step 510, DM 2: 1 actuators over ia limit. trials=2: success.
Step   511 updated high order loop gain: 0.329
Step 511, DM 1: 1 actuators over ia limit. trials=2: success.
Step 511, DM 2: 1 actuators over ia limit. trials=2: success.
Step 512, DM 1: 1 actuators over ia limit. trials=2: success.
Step 512, DM 2: 1 actuators over ia limit. trials=2: success.
Step 513, DM 1: 1 actuators over ia limit. trials=2: success.
Step 513, DM 2: 1 actuators over ia limit. trials=2: success.
Step 514, DM 1: 1 actuators over ia limit. trials=2: success.
Step 514, DM 2: 1 actuators over ia limit. trials=2: success.
Step 515, DM 1: 1 actuators over ia limit. trials=2: success.
Step 515, DM 2: 1 actuators over ia limit. trials=2: success.
Step 516, DM 1: 1 actuators over ia limit. trials=2: success.
Step 516, DM 2: 1 actuators over ia limit. trials=2: success.
Step   517: OL  926.0  640.0  OA  128.7  32.0 CL  128.7  32.0 nm  0.090 s
Step 517, DM 2: 1 actuators over ia limit. trials=2: success.
Step 518, DM 2: 1 actuators over ia limit. trials=2: success.
Step 519, DM 2: 1 actuators over ia limit. trials=2: success.
Step 520, DM 2: 1 actuators over ia limit. trials=2: success.
Step 521, DM 2: 1 actuators over ia limit. trials=2: success.
Step 522, DM 2: 1 actuators over ia limit. trials=2: success.
Step 523, DM 2: 1 actuators over ia limit. trials=2: success.
Step 524, DM 2: 1 actuators over ia limit. trials=2: success.
Step 525, DM 2: 1 actuators over ia limit. trials=2: success.
Step 526, DM 2: 1 actuators over ia limit. trials=2: success.
Step 527, DM 2: 1 actuators over ia limit. trials=2: success.
Step   528: OL  930.3  649.6  OA  123.1  29.9 CL  123.1  29.9 nm  0.093 s
Step 528, DM 2: 1 actuators over ia limit. trials=2: success.
Step 529, DM 1: 1 actuators over ia limit. trials=2: success.
Step 529, DM 2: 1 actuators over ia limit. trials=2: success.
Step 530, DM 1: 1 actuators over ia limit. trials=2: success.
Step 530, DM 2: 1 actuators over ia limit. trials=2: success.
Step 531, DM 1: 1 actuators over ia limit. trials=2: success.
Step 531, DM 2: 1 actuators over ia limit. trials=2: success.
Step 532, DM 1: 1 actuators over ia limit. trials=2: success.
Step 532, DM 2: 1 actuators over ia limit. trials=2: success.
Step 533, DM 2: 1 actuators over ia limit. trials=2: success.
Step 534, DM 2: 1 actuators over ia limit. trials=2: success.
Step 535, DM 2: 1 actuators over ia limit. trials=2: success.
Step 536, DM 2: 1 actuators over ia limit. trials=2: success.
Step 537, DM 2: 1 actuators over ia limit. trials=2: success.
Step 538, DM 1: 1 actuators over ia limit. trials=2: success.
Step 538, DM 2: 1 actuators over ia limit. trials=2: success.
Step   539: OL  936.1  657.2  OA  122.5  16.7 CL  122.5  16.7 nm  0.089 s
Step 539, DM 1: 1 actuators over ia limit. trials=2: success.
Step 539, DM 2: 1 actuators over ia limit. trials=2: success.
Step 540, DM 1: 1 actuators over ia limit. trials=2: success.
Step 540, DM 2: 1 actuators over ia limit. trials=2: success.
Step 541, DM 1: 1 actuators over ia limit. trials=2: success.
Step 541, DM 2: 1 actuators over ia limit. trials=2: success.
Step 542, DM 1: 1 actuators over ia limit. trials=2: success.
Step 542, DM 2: 1 actuators over ia limit. trials=2: success.
Step 543, DM 1: 1 actuators over ia limit. trials=2: success.
Step 543, DM 2: 1 actuators over ia limit. trials=2: success.
Step 544, DM 1: 1 actuators over ia limit. trials=2: success.
Step 544, DM 2: 1 actuators over ia limit. trials=2: success.
Step 545, DM 1: 1 actuators over ia limit. trials=2: success.
Step 545, DM 2: 1 actuators over ia limit. trials=2: success.
Step 546, DM 1: 1 actuators over ia limit. trials=2: success.
Step 546, DM 2: 1 actuators over ia limit. trials=2: success.
Step 547, DM 1: 1 actuators over ia limit. trials=2: success.
Step 547, DM 2: 1 actuators over ia limit. trials=2: success.
Step 548, DM 1: 1 actuators over ia limit. trials=2: success.
Step 548, DM 2: 1 actuators over ia limit. trials=2: success.
Step   549: OL  942.8  662.5  OA  130.7  41.6 CL  130.7  41.6 nm  0.089 s
Step 549, DM 1: 1 actuators over ia limit. trials=2: success.
Step 549, DM 2: 1 actuators over ia limit. trials=2: success.
Step 550, DM 1: 1 actuators over ia limit. trials=2: success.
Step 550, DM 2: 1 actuators over ia limit. trials=2: success.
Step 551, DM 1: 1 actuators over ia limit. trials=2: success.
Step 551, DM 2: 1 actuators over ia limit. trials=2: success.
Step 552, DM 1: 1 actuators over ia limit. trials=2: success.
Step 552, DM 2: 1 actuators over ia limit. trials=2: success.
Step 553, DM 1: 1 actuators over ia limit. trials=2: success.
Step 553, DM 2: 1 actuators over ia limit. trials=2: success.
Step 554, DM 1: 1 actuators over ia limit. trials=2: success.
Step 554, DM 2: 1 actuators over ia limit. trials=2: success.
Step 555, DM 1: 1 actuators over ia limit. trials=2: success.
Step 555, DM 2: 1 actuators over ia limit. trials=2: success.
Step 556, DM 1: 1 actuators over ia limit. trials=2: success.
Step 556, DM 2: 1 actuators over ia limit. trials=2: success.
Step 557, DM 1: 1 actuators over ia limit. trials=2: success.
Step 557, DM 2: 1 actuators over ia limit. trials=2: success.
Step 558, DM 1: 1 actuators over ia limit. trials=2: success.
Step 558, DM 2: 1 actuators over ia limit. trials=2: success.
Step 559, DM 2: 1 actuators over ia limit. trials=2: success.
Step   560: OL  951.8  666.6  OA  124.0  48.2 CL  124.0  48.2 nm  0.091 s
Step 560, DM 1: 1 actuators over ia limit. trials=2: success.
Step 560, DM 2: 1 actuators over ia limit. trials=2: success.
Step 561, DM 1: 1 actuators over ia limit. trials=2: success.
Step 561, DM 2: 1 actuators over ia limit. trials=2: success.
Step 562, DM 1: 1 actuators over ia limit. trials=2: success.
Step 562, DM 2: 1 actuators over ia limit. trials=2: success.
Step 563, DM 1: 1 actuators over ia limit. trials=2: success.
Step 563, DM 2: 1 actuators over ia limit. trials=2: success.
Step 564, DM 1: 1 actuators over ia limit. trials=2: success.
Step 564, DM 2: 1 actuators over ia limit. trials=2: success.
Step 565, DM 1: 1 actuators over ia limit. trials=2: success.
Step 565, DM 2: 1 actuators over ia limit. trials=2: success.
Step 566, DM 2: 1 actuators over ia limit. trials=2: success.
Step 567, DM 2: 1 actuators over ia limit. trials=2: success.
Step 568, DM 2: 1 actuators over ia limit. trials=2: success.
Step 569, DM 2: 1 actuators over ia limit. trials=2: success.
Step 570, DM 2: 1 actuators over ia limit. trials=2: success.
Step   571: OL  961.9  669.1  OA  120.9  27.8 CL  120.9  27.8 nm  0.090 s
Step 571, DM 2: 1 actuators over ia limit. trials=2: success.
Step 572, DM 2: 1 actuators over ia limit. trials=2: success.
Step 573, DM 2: 1 actuators over ia limit. trials=2: success.
Step 574, DM 2: 1 actuators over ia limit. trials=2: success.
Step 575, DM 2: 1 actuators over ia limit. trials=2: success.
Step 576, DM 2: 1 actuators over ia limit. trials=2: success.
Step 577, DM 2: 1 actuators over ia limit. trials=2: success.
Step 578, DM 2: 1 actuators over ia limit. trials=2: success.
Step 579, DM 2: 1 actuators over ia limit. trials=2: success.
Step 580, DM 2: 1 actuators over ia limit. trials=2: success.
Step 581, DM 2: 1 actuators over ia limit. trials=2: success.
Step   582: OL  973.1  670.4  OA  119.8  24.3 CL  119.8  24.3 nm  0.255 s
Step 582, DM 2: 1 actuators over ia limit. trials=2: success.
Step 583, DM 2: 1 actuators over ia limit. trials=2: success.
Step 584, DM 2: 1 actuators over ia limit. trials=2: success.
Step 585, DM 2: 1 actuators over ia limit. trials=2: success.
Step 586, DM 2: 1 actuators over ia limit. trials=2: success.
Step 587, DM 2: 1 actuators over ia limit. trials=2: success.
Step 588, DM 2: 1 actuators over ia limit. trials=2: success.
Step 589, DM 2: 1 actuators over ia limit. trials=2: success.
Step 590, DM 2: 1 actuators over ia limit. trials=2: success.
Step 591, DM 2: 1 actuators over ia limit. trials=2: success.
Step 592, DM 2: 1 actuators over ia limit. trials=2: success.
Step   593: OL  985.5  670.0  OA  121.9  35.1 CL  121.9  35.1 nm  0.090 s
Step 593, DM 2: 1 actuators over ia limit. trials=2: success.
Step 594, DM 2: 1 actuators over ia limit. trials=2: success.
Step 595, DM 2: 1 actuators over ia limit. trials=2: success.
Step 596, DM 2: 1 actuators over ia limit. trials=2: success.
Step 597, DM 2: 1 actuators over ia limit. trials=2: success.
Step 598, DM 2: 1 actuators over ia limit. trials=2: success.
Step 599, DM 2: 1 actuators over ia limit. trials=2: success.
Step 600, DM 2: 1 actuators over ia limit. trials=2: success.
Step 601, DM 2: 1 actuators over ia limit. trials=2: success.
Step 602, DM 2: 1 actuators over ia limit. trials=2: success.
Step 603, DM 2: 1 actuators over ia limit. trials=2: success.
Step   604: OL  998.5  667.6  OA  128.7  40.0 CL  128.7  40.0 nm  0.091 s
Step 604, DM 1: 1 actuators over ia limit. trials=2: success.
Step 604, DM 2: 1 actuators over ia limit. trials=2: success.
Step 605, DM 1: 1 actuators over ia limit. trials=2: success.
Step 605, DM 2: 1 actuators over ia limit. trials=2: success.
Step 606, DM 1: 1 actuators over ia limit. trials=2: success.
Step 606, DM 2: 1 actuators over ia limit. trials=2: success.
Step 607, DM 2: 1 actuators over ia limit. trials=2: success.
Step 608, DM 2: 1 actuators over ia limit. trials=2: success.
Step 609, DM 2: 1 actuators over ia limit. trials=2: success.
Step 610, DM 2: 1 actuators over ia limit. trials=2: success.
Step 611, DM 2: 1 actuators over ia limit. trials=2: success.
Step 612, DM 2: 1 actuators over ia limit. trials=2: success.
Step 613, DM 2: 1 actuators over ia limit. trials=2: success.
Step   614: OL 1010.6  663.7  OA  127.3  40.3 CL  127.3  40.3 nm  0.089 s
Step 614, DM 2: 1 actuators over ia limit. trials=2: success.
Step 615, DM 2: 1 actuators over ia limit. trials=2: success.
Step 616, DM 2: 1 actuators over ia limit. trials=2: success.
Step 617, DM 2: 1 actuators over ia limit. trials=2: success.
Step 618, DM 2: 1 actuators over ia limit. trials=2: success.
Step 619, DM 2: 1 actuators over ia limit. trials=2: success.
Step 620, DM 2: 1 actuators over ia limit. trials=2: success.
Step 621, DM 1: 1 actuators over ia limit. trials=2: success.
Step 621, DM 2: 1 actuators over ia limit. trials=2: success.
Step 622, DM 2: 1 actuators over ia limit. trials=2: success.
Step 623, DM 1: 1 actuators over ia limit. trials=2: success.
Step 623, DM 2: 1 actuators over ia limit. trials=2: success.
Step 624, DM 2: 1 actuators over ia limit. trials=2: success.
Step   625: OL 1023.8  657.8  OA  119.7  23.2 CL  119.7  23.2 nm  0.089 s
Step 625, DM 2: 1 actuators over ia limit. trials=2: success.
Step 626, DM 2: 1 actuators over ia limit. trials=2: success.
Step 627, DM 2: 1 actuators over ia limit. trials=2: success.
Step 628, DM 2: 1 actuators over ia limit. trials=2: success.
Step 629, DM 2: 1 actuators over ia limit. trials=2: success.
Step 630, DM 2: 1 actuators over ia limit. trials=2: success.
Step 631, DM 2: 1 actuators over ia limit. trials=2: success.
Step 632, DM 2: 1 actuators over ia limit. trials=2: success.
Step 633, DM 2: 1 actuators over ia limit. trials=2: success.
Step 634, DM 2: 1 actuators over ia limit. trials=2: success.
Step 635, DM 2: 1 actuators over ia limit. trials=2: success.
Step   636: OL 1036.6  650.1  OA  120.2  11.7 CL  120.2  11.7 nm  0.092 s
Step 636, DM 2: 1 actuators over ia limit. trials=2: success.
Step 637, DM 2: 1 actuators over ia limit. trials=2: success.
Step 638, DM 2: 1 actuators over ia limit. trials=2: success.
Step 639, DM 2: 1 actuators over ia limit. trials=2: success.
Step 640, DM 2: 1 actuators over ia limit. trials=2: success.
Step 641, DM 2: 1 actuators over ia limit. trials=2: success.
Step 642, DM 2: 1 actuators over ia limit. trials=2: success.
Step 643, DM 2: 1 actuators over ia limit. trials=2: success.
Step 644, DM 2: 1 actuators over ia limit. trials=2: success.
Step 645, DM 2: 1 actuators over ia limit. trials=2: success.
Step 646, DM 2: 1 actuators over ia limit. trials=2: success.
Step   647: OL 1048.7  641.1  OA  127.2  40.0 CL  127.2  40.0 nm  0.089 s
Step 647, DM 2: 1 actuators over ia limit. trials=2: success.
Step 648, DM 2: 1 actuators over ia limit. trials=2: success.
Step 649, DM 2: 1 actuators over ia limit. trials=2: success.
Step 650, DM 2: 1 actuators over ia limit. trials=2: success.
Step 651, DM 2: 1 actuators over ia limit. trials=2: success.
Step 652, DM 2: 1 actuators over ia limit. trials=2: success.
Step   658: OL 1059.7  630.9  OA  126.5  37.3 CL  126.5  37.3 nm  0.092 s
Step   669: OL 1069.9  619.8  OA  124.6  32.5 CL  124.6  32.5 nm  0.087 s
Step   681: OL 1080.5  607.3  OA  121.3  17.1 CL  121.3  17.1 nm  0.091 s
Step   692: OL 1089.5  595.7  OA  129.0  22.2 CL  129.0  22.2 nm  0.094 s
Step   704: OL 1097.8  582.1  OA  130.4  30.1 CL  130.4  30.1 nm  0.090 s
Step   715: OL 1103.4  568.7  OA  129.2  16.2 CL  129.2  16.2 nm  0.087 s
Step   726: OL 1106.8  555.1  OA  128.1  20.8 CL  128.1  20.8 nm  0.103 s
Step   738: OL 1108.0  540.3  OA  130.9  12.7 CL  130.9  12.7 nm  0.088 s
Step   749: OL 1106.8  526.8  OA  127.5  13.5 CL  127.5  13.5 nm  0.096 s
Step   760: OL 1103.4  513.8  OA  129.0  18.1 CL  129.0  18.1 nm  0.088 s
Step   767 updated high order loop gain: 0.320
Step   771: OL 1098.0  501.1  OA  131.7  27.7 CL  131.7  27.7 nm  0.088 s
Step   782: OL 1090.3  488.7  OA  135.5  26.8 CL  135.5  26.8 nm  0.088 s
Step   793: OL 1080.1  476.4  OA  130.4  21.4 CL  130.4  21.4 nm  0.088 s
Step   805: OL 1067.1  463.0  OA  135.9  28.7 CL  135.9  28.7 nm  0.090 s
Step   816: OL 1053.6  450.8  OA  133.0  30.6 CL  133.0  30.6 nm  0.103 s
Step   827: OL 1038.2  438.6  OA  128.4  18.4 CL  128.4  18.4 nm  0.089 s
Step   838: OL 1021.3  426.8  OA  131.3  32.6 CL  131.3  32.6 nm  0.087 s
Step   849: OL 1003.9  415.6  OA  132.2  30.2 CL  132.2  30.2 nm  0.093 s
Step   861: OL  984.6  404.2  OA  129.5  34.4 CL  129.5  34.4 nm  0.089 s
Step   872: OL  967.4  394.8  OA  128.6  32.8 CL  128.6  32.8 nm  0.095 s
Step   883: OL  951.1  386.4  OA  129.9  39.6 CL  129.9  39.6 nm  0.096 s
Step   894: OL  934.6  378.9  OA  130.8  44.1 CL  130.8  44.1 nm  0.088 s
Step   906: OL  915.9  371.5  OA  125.0  39.1 CL  125.0  39.1 nm  0.090 s
Step   917: OL  898.4  365.9  OA  128.8  57.6 CL  128.8  57.6 nm  0.096 s
Step   929: OL  879.4  360.2  OA  132.3  67.5 CL  132.3  67.5 nm  0.090 s
Step   940: OL  862.4  355.0  OA  136.9  67.5 CL  136.9  67.5 nm  0.089 s
Step   951: OL  846.1  349.6  OA  136.6  69.4 CL  136.6  69.4 nm  0.092 s
Step   963: OL  829.5  343.4  OA  134.6  61.6 CL  134.6  61.6 nm  0.087 s
Step   974: OL  816.3  337.0  OA  128.8  56.8 CL  128.8  56.8 nm  0.093 s
Step   985: OL  804.5  330.1  OA  139.4  65.3 CL  139.4  65.3 nm  0.091 s
Step   997: OL  792.8  321.8  OA  132.0  63.3 CL  132.0  63.3 nm  0.097 s
Step  1008: OL  782.7  313.6  OA  144.5  77.3 CL  144.5  77.3 nm  0.096 s
Step  1019: OL  773.9  305.2  OA  143.4  76.4 CL  143.4  76.4 nm  0.089 s
Step  1023 updated high order loop gain: 0.317
Step  1030: OL  766.1  296.6  OA  146.5  80.4 CL  146.5  80.4 nm  0.089 s
Step  1041: OL  759.2  287.4  OA  147.6  83.0 CL  147.6  83.0 nm  0.096 s
Step  1052: OL  752.7  277.7  OA  156.7  98.9 CL  156.7  98.9 nm  0.087 s
Step  1063: OL  746.1  267.0  OA  142.3  75.0 CL  142.3  75.0 nm  0.089 s
Step  1074: OL  740.7  255.2  OA  155.7  91.7 CL  155.7  91.7 nm  0.095 s
Step  1085: OL  736.8  242.4  OA  144.5  75.3 CL  144.5  75.3 nm  0.090 s
Step  1096: OL  734.5  229.7  OA  160.2  98.4 CL  160.2  98.4 nm  0.090 s
Step  1107: OL  733.2  218.0  OA  158.8 102.3 CL  158.8 102.3 nm  0.103 s
Step  1118: OL  732.7  207.1  OA  154.8  99.4 CL  154.8  99.4 nm  0.089 s
Step  1130: OL  732.8  196.8  OA  153.2  97.5 CL  153.2  97.5 nm  0.087 s
Step  1141: OL  733.0  188.8  OA  146.2  76.7 CL  146.2  76.7 nm  0.087 s
Step  1152: OL  733.5  182.1  OA  148.5  88.0 CL  148.5  88.0 nm  0.087 s
Step  1163: OL  733.8  176.8  OA  152.1  91.5 CL  152.1  91.5 nm  0.086 s
Step  1174: OL  734.3  172.9  OA  149.6  85.3 CL  149.6  85.3 nm  0.089 s
Step  1186: OL  736.1  169.9  OA  147.7  84.2 CL  147.7  84.2 nm  0.092 s
Step  1197: OL  738.6  167.5  OA  147.7  74.1 CL  147.7  74.1 nm  0.093 s
Step  1208: OL  741.2  165.5  OA  143.9  78.6 CL  143.9  78.6 nm  0.097 s
Step  1219: OL  744.0  164.0  OA  146.9  77.8 CL  146.9  77.8 nm  0.091 s
Step  1229: OL  746.5  163.4  OA  145.4  71.6 CL  145.4  71.6 nm  0.099 s
Step  1241: OL  748.7  164.3  OA  150.5  79.6 CL  150.5  79.6 nm  0.088 s
Step  1252: OL  750.7  166.6  OA  153.5  82.5 CL  153.5  82.5 nm  0.088 s
Step  1263: OL  753.5  170.6  OA  152.3  89.2 CL  152.3  89.2 nm  0.095 s
Step  1274: OL  756.5  175.8  OA  150.7  89.9 CL  150.7  89.9 nm  0.089 s
Step  1279 updated high order loop gain: 0.313
Step  1285: OL  760.4  182.0  OA  142.5  69.5 CL  142.5  69.5 nm  0.090 s
Step  1296: OL  764.9  188.9  OA  149.0  77.6 CL  149.0  77.6 nm  0.095 s
Step  1307: OL  769.2  196.7  OA  147.2  80.2 CL  147.2  80.2 nm  0.088 s
Step  1318: OL  773.1  205.1  OA  149.6  86.3 CL  149.6  86.3 nm  0.095 s
Step  1329: OL  777.1  214.4  OA  139.4  64.9 CL  139.4  64.9 nm  0.099 s
Step  1340: OL  782.0  224.2  OA  144.9  83.8 CL  144.9  83.8 nm  0.089 s
Step  1351: OL  787.9  234.3  OA  137.3  64.6 CL  137.3  64.6 nm  0.091 s
Step  1362: OL  795.1  243.8  OA  136.7  66.9 CL  136.7  66.9 nm  0.093 s
Step  1373: OL  802.7  251.9  OA  145.4  84.6 CL  145.4  84.6 nm  0.091 s
Step  1385: OL  811.8  259.2  OA  137.5  68.3 CL  137.5  68.3 nm  0.087 s
Step  1396: OL  821.0  264.6  OA  133.6  61.5 CL  133.6  61.5 nm  0.096 s
Step  1407: OL  831.0  268.8  OA  138.3  67.3 CL  138.3  67.3 nm  0.088 s
Step  1418: OL  841.6  272.0  OA  145.5  83.7 CL  145.5  83.7 nm  0.090 s
Step  1429: OL  852.6  274.6  OA  150.6  89.9 CL  150.6  89.9 nm  0.117 s
Step  1440: OL  862.9  276.9  OA  143.5  83.2 CL  143.5  83.2 nm  0.091 s
Step  1452: OL  873.7  278.7  OA  131.2  59.4 CL  131.2  59.4 nm  0.089 s
Step  1463: OL  882.7  279.5  OA  135.8  70.6 CL  135.8  70.6 nm  0.102 s
Step  1475: OL  890.2  278.9  OA  136.8  77.4 CL  136.8  77.4 nm  0.091 s
Step  1486: OL  894.5  277.0  OA  132.3  66.0 CL  132.3  66.0 nm  0.090 s
Step  1498: OL  896.4  273.6  OA  137.0  74.5 CL  137.0  74.5 nm  0.096 s
Step  1509: OL  896.1  269.2  OA  143.1  92.3 CL  143.1  92.3 nm  0.093 s
Step  1520: OL  894.1  264.1  OA  131.4  62.2 CL  131.4  62.2 nm  0.100 s
Step  1531: OL  890.4  258.1  OA  139.4  85.5 CL  139.4  85.5 nm  0.096 s
Step  1535 updated high order loop gain: 0.303
Step  1542: OL  885.2  251.2  OA  125.8  64.8 CL  125.8  64.8 nm  0.090 s
Step  1553: OL  879.6  243.9  OA  143.9  85.8 CL  143.9  85.8 nm  0.096 s
Step  1564: OL  873.7  236.8  OA  142.4  80.2 CL  142.4  80.2 nm  0.094 s
Step  1575: OL  867.5  230.3  OA  144.5  86.9 CL  144.5  86.9 nm  0.086 s
Step  1586: OL  860.8  224.8  OA  150.0  92.9 CL  150.0  92.9 nm  0.104 s
Step  1598: OL  853.0  219.7  OA  142.2  84.1 CL  142.2  84.1 nm  0.088 s
Step 1599: Output PSF
Step  1599: OL  852.4  219.3  OA  147.9  91.8 CL  147.9  91.8 nm  1.179 s
Mean: 136.83 62.57 121.68  nm.

*** Simulation Finished at 2025/02/09 17:41:37 in nid003257. ***

