Warning(sock.c:516): connect locally (/global/homes/b/bpeck/.aos/tmp/nid008652/scheduler) failed: Invalid argument. 
/global/u2/b/bpeck/work/vismcao/maos -o studies/reduced_ngs/6_lgs/8mag_lgs/1500count -c master_files/reduced_ngs/6_lgs/8mag_lgs/kola_1500act.conf -O 
Output folder is 'studies/reduced_ngs/6_lgs/8mag_lgs/1500count'.
SRC: /global/homes/b/bpeck/code/maos v2.9 4c88b7c2 2024-11-13 16:45:33 -0800
BUILT: /global/homes/b/bpeck/code/maos/optim by GCC (v12) on 2024/11/18 09:40:03 CPU(F64,+O3) with CUDA(v122,F32)
Launched at 2025/02/11 23:53:50 in nid008652 with PID 769273.
The web based job monitor can be accessed at http://localhost:10300
Main config file is /global/u2/b/bpeck/work/vismcao/master_files/reduced_ngs/6_lgs/8mag_lgs/kola_1500act.conf
Warning(path.c:48): Path not found: path=/global/u2/b/bpeck/work/vismcao/master_files/reduced_ngs/6_lgs/8mag_lgs/bin; abspath=/global/u2/b/bpeck/work/vismcao/master_files/reduced_ngs/6_lgs/8mag_lgs/bin; Ignored.
Warning(path.c:48): Path not found: path=/global/u2/b/bpeck/work/vismcao/master_files/reduced_ngs/6_lgs/8mag_lgs/atm; abspath=/global/u2/b/bpeck/work/vismcao/master_files/reduced_ngs/6_lgs/8mag_lgs/atm; Ignored.
Warning(readcfg.c:399): sim.apfsm has been renamed to powfs.apfsm.
Warning(readcfg.c:399): sim.epfsm has been renamed to powfs.epfsm.
Warning(readcfg.c:399): sim.alfsm has been renamed to powfs.alfsm.
Warning(readcfg.c:399): sim.commonfsm has been renamed to powfs.commonfsm.
Warning(readcfg.c:399): sim.idealfsm has been renamed to powfs.idealfsm.
Warning(readcfg.c:399): sim.zetafsm has been renamed to powfs.zetafsm.
Warning(readcfg.c:399): sim.f0fsm has been renamed to powfs.f0fsm.
Warning(readcfg.c:399): tsurf has been renamed to ncpa.tsurf.
loaded 132 (132 new) records from '/global/u2/b/bpeck/work/vismcao/./keck_sim.conf'
loaded  19 ( 19 new) records from '/global/u2/b/bpeck/work/vismcao/./dm_none.conf'
loaded  19 (  0 new) records from '/global/u2/b/bpeck/work/vismcao/./keck_ASM.conf'
loaded  19 (  0 new) records from '/global/u2/b/bpeck/work/vismcao/./keck_DM2.conf'
loaded  19 (  0 new) records from '/global/u2/b/bpeck/work/vismcao/./keck_DM3.conf'
loaded   0 (  0 new) records from '/global/u2/b/bpeck/work/vismcao/./keck_dm_multiple.conf'
loaded   7 (  5 new) records from '/global/u2/b/bpeck/work/vismcao/./atm_mk13n50p_ground_detail.conf'
loaded  76 ( 69 new) records from '/global/homes/b/bpeck/code/maos/config/maos/powfs_common.conf'
loaded  44 ( 38 new) records from '/global/u2/b/bpeck/work/vismcao/./powfs_none.conf'
loaded  44 (  0 new) records from '/global/u2/b/bpeck/work/vismcao/./keck_shwfs_lgs.conf'
loaded  44 (  0 new) records from '/global/u2/b/bpeck/work/vismcao/./keck_shwfs_ttf_strap.conf'
loaded  44 (  0 new) records from '/global/u2/b/bpeck/work/vismcao/./keck_shwfs_twfs_lbwfs.conf'
loaded   0 (  0 new) records from '/global/u2/b/bpeck/work/vismcao/./keck_wfs_lgs_strap_lbwfs.conf'
loaded  71 ( 71 new) records from '/global/u2/b/bpeck/work/vismcao/./keck_recon.conf'
Warning(readcfg.c:399): dbg.na_smooth has been renamed to powfs0_llt.na_smooth.
Warning(readcfg.c:399): dbg.na_interp has been renamed to powfs0_llt.na_interp.
Warning(readcfg.c:399): dbg.na_thres has been renamed to powfs0_llt.na_thres.
Warning(readcfg.c:399): dbg.na_fit_maxit has been renamed to powfs0_llt.na_fit_maxit.
Warning(readcfg.c:399): dbg.na_fit_svdthres has been renamed to powfs0_llt.na_fit_svdthres.
Warning(readcfg.c:399): dbg.na_fit_dh has been renamed to powfs0_llt.na_fit_dh.
Warning(readcfg.c:399): dbg.ncpa_preload has been renamed to ncpa.preload.
Warning(readcfg.c:399): dbg.ncpa_rmsci has been renamed to ncpa.rmsci.
Warning(readcfg.c:399): dbg.draw_opdmax has been renamed to plot.opdmax.
Warning(readcfg.c:399): dbg.draw_gmax has been renamed to plot.gmax.
loaded  95 ( 93 new) records from '/global/u2/b/bpeck/work/vismcao/./keck_dbg.conf'
loaded   4 (  4 new) records from '/global/u2/b/bpeck/work/vismcao/./keck_fit_mcao.conf'
Warning(readcfg.c:399): surf has been renamed to ncpa.surf.
loaded  39 (  7 new) records from '/global/u2/b/bpeck/work/vismcao/master_files/reduced_ngs/6_lgs/8mag_lgs/kola_1500act.conf'
loaded   0 (  0 new) records from 'command line'
loaded  24 ( 18 new) records from '/global/u2/b/bpeck/work/vismcao/./keck_llt_CL.conf'
Adjust LGS range by telescope altitude 4145m.
Zenith angle is 30 degree.
    Scaling turbulence height and LGS hs by sec(za).
    Scaling r0 by cos(za)^(3/5).
    Scaling wind speed and LGS signal level by cos(za).
powfs0: Adjusting dx from 0.0078125 to 0.007875. 
powfs0.llt.fsm: f0=0 Hz, LPF ep=0
powfs0.epfsm is set to 0.517618 (auto)
powfs2: Adjusting dx from 0.03125 to 0.0312778. 
powfs2 is TWFS for powfs0
sim.ephi is set to 0.427717 (auto)
sim.eplo is set to 0.427717 (auto)
Warning(parms.c:2296): Layer 1 at 17.3205m is very close to layer 0 at 0m (OK).
Warning(parms.c:2296): Layer 2 at 34.641m is very close to layer 1 at 17.3205m (OK).
Warning(parms.c:2296): Layer 3 at 51.9615m is very close to layer 2 at 34.641m (OK).
dm 0: stroke=30 um is provided in micron.
dm 0: assume ia stroke=2 um is provided in micron.
dm 1: stroke=7 um is provided in micron.
dm 1: assume ia stroke=2 um is provided in micron.
dm 2: stroke=7 um is provided in micron.
dm 2: assume ia stroke=2 um is provided in micron.
Focus blending is not implemented yet for integrated tomography
parms->sim.mffocus is reset to 0
There are 1 valid simulation seeds:  1
Output PSF for 1 directions
Used 449 of 456 supplied keys
Warning(readcfg.c:158): key "dbg.pwfs_flate" is not recognized, value is 0
Warning(readcfg.c:158): key "dbg.pwfs_flatv" is not recognized, value is 0
Warning(readcfg.c:158): key "dbg.pwfs_psx" is not recognized, value is [0 0 0 0]
Warning(readcfg.c:158): key "dbg.pwfs_psy" is not recognized, value is [0 0 0 0]
Warning(readcfg.c:158): key "dbg.pwfs_pupelong" is not recognized, value is 0
Warning(readcfg.c:158): key "dbg.pwfs_raw" is not recognized, value is 0
Warning(readcfg.c:158): key "dbg.pwfs_side" is not recognized, value is 4
[00;00mAperture[00;00m is 11 m with sampling 1/128 m
[00;00mTurbulence at 30 degree zenith angle:[00;00m r0=0.128424m, L0=30m, 14 layers.
    Greenwood freq is 25.1Hz, anisoplanatic angle is 1.58 as
    Sampled 8192x8192 at 1/128m. wind dir is randomized.
    layer 0: ht=      0 m, wt= 0.302, ws=  4.8 m/s
    layer 1: ht=     17 m, wt= 0.154, ws=  5.0 m/s
    layer 2: ht=     35 m, wt= 0.041, ws=  5.4 m/s
    layer 3: ht=     52 m, wt= 0.002, ws=  6.6 m/s
    layer 4: ht=    139 m, wt= 0.021, ws=  6.1 m/s
    layer 5: ht=    231 m, wt= 0.010, ws=  6.1 m/s
    layer 6: ht=    323 m, wt= 0.008, ws=  6.1 m/s
    layer 7: ht=    416 m, wt= 0.005, ws=  6.1 m/s
    layer 8: ht=    508 m, wt= 0.001, ws=  6.1 m/s
    layer 9: ht=    932 m, wt= 0.107, ws=  5.6 m/s
    layer 10: ht=   5022 m, wt= 0.144, ws= 11.1 m/s
    layer 11: ht=   9238 m, wt= 0.093, ws= 19.1 m/s
    layer 12: ht=  13856 m, wt= 0.075, ws=  8.2 m/s
    layer 13: ht=  22518 m, wt= 0.036, ws=  4.8 m/s
[00;00mReconstruction[00;00m: r0=0.128424m L0=30m. 14 layers. use cone coordinate.
    layer 0: ht=      0 m, wt= 0.302
    layer 1: ht=     17 m, wt= 0.154
    layer 2: ht=     35 m, wt= 0.041
    layer 3: ht=     52 m, wt= 0.002
    layer 4: ht=    139 m, wt= 0.021
    layer 5: ht=    231 m, wt= 0.010
    layer 6: ht=    323 m, wt= 0.008
    layer 7: ht=    416 m, wt= 0.005
    layer 8: ht=    508 m, wt= 0.001
    layer 9: ht=    932 m, wt= 0.107
    layer 10: ht=   5022 m, wt= 0.144
    layer 11: ht=   9238 m, wt= 0.093
    layer 12: ht=  13856 m, wt= 0.075
    layer 13: ht=  22518 m, wt= 0.036
[00;00mThere are 3 powfs[00;00m
  powfs0: Order 44, LGS at 99.1 km. Sampling 1/126.984 m. Thres 30%. [00;00mT/T is removed in right hand side in tomography.[00;00m
    CCD image is 25x25 @ 500x500 mas, blur 27% (sigma), 1500Hz, wvl: [ 5.89e-07]
    Gtilt in reconstruction. Physical optics start at 0 with [00;00m'matched filter'[00;00m [00;00m(noisy)[00;00m
  powfs1: Order  2, NGS at inf km. Sampling 1/16 m. Thres 30%. 
    Ztilt in reconstruction. Geomtric optics start at 2 with ztilt [00;00m(noisy)[00;00m
  powfs2: Order 20, NGS at inf km. Sampling 1/31.9716 m. Thres 50%. 
    CCD image is 4x4 @ 1500x1500 mas, blur 0% (sigma), 0.015Hz, wvl: [ 7.2e-07]
    Gtilt in reconstruction. Geomtric optics start at 50 with gtilt Physical optics start at 0 with [00;00m'matched filter'[00;00m [00;00m(noisy)[00;00m
[00;00mThere are 10 wfs[00;00m
    wfs 0: type 0, at (  30.00,    0.00) arcsec,  99 km, siglev is 76.1436 bkgrnd is 0.1
    wfs 1: type 0, at (  15.00,   25.98) arcsec,  99 km, siglev is 76.1436 bkgrnd is 0.1
    wfs 2: type 0, at ( -15.00,   25.98) arcsec,  99 km, siglev is 76.1436 bkgrnd is 0.1
    wfs 3: type 0, at ( -30.00,    0.00) arcsec,  99 km, siglev is 76.1436 bkgrnd is 0.1
    wfs 4: type 0, at ( -15.00,  -25.98) arcsec,  99 km, siglev is 76.1436 bkgrnd is 0.1
    wfs 5: type 0, at (  15.00,  -25.98) arcsec,  99 km, siglev is 76.1436 bkgrnd is 0.1
    wfs 6: type 1, at (   5.00,    8.66) arcsec, inf km, siglev is 42387.6 bkgrnd is 1.056
    wfs 7: type 1, at ( -10.00,    0.00) arcsec, inf km, siglev is 42387.6 bkgrnd is 1.056
    wfs 8: type 1, at (   5.00,   -8.66) arcsec, inf km, siglev is 42387.6 bkgrnd is 1.056
    wfs 9: type 2, at (   0.00,    0.00) arcsec, inf km, siglev is 4.1558e+06 bkgrnd is 0.001
[00;00mThere are 3 DMs[00;00m
  DM 0 at -0.1km, actuator pitch 0.252m, offset   0, with 30.000000 micron stroke.
    Normalized cubic influence function with inter-actuator coupling of 0.223
  DM 1 at    6km, actuator pitch 0.168m, offset   0, with 7.000000 micron stroke.
    Normalized cubic influence function with inter-actuator coupling of 0.223
  DM 2 at   10km, actuator pitch 0.168m, offset   0, with 7.000000 micron stroke.
    Normalized cubic influence function with inter-actuator coupling of 0.223
[00;00mTomography[00;00m is using CG, with [00;00mFourer Domain[00;00m preconditioner, [00;00m12[00;00m iterations, integrated tomo.
[00;00mDM Fitting [00;00mis using CG, with [00;00mNo[00;00m preconditioner, [00;00m10[00;00m iterations
[00;00mThere are 9 fit directions[00;00m
    Fit 0: weight is 0.444, at (   0.00,    0.00) arcsec
    Fit 1: weight is 0.111, at (  15.00,    0.00) arcsec
    Fit 2: weight is 0.111, at (   0.00,   15.00) arcsec
    Fit 3: weight is 0.111, at ( -15.00,    0.00) arcsec
    Fit 4: weight is 0.111, at (   0.00,  -15.00) arcsec
    Fit 5: weight is 0.028, at (  15.00,   15.00) arcsec
    Fit 6: weight is 0.028, at ( -15.00,   15.00) arcsec
    Fit 7: weight is 0.028, at ( -15.00,  -15.00) arcsec
    Fit 8: weight is 0.028, at (  15.00,  -15.00) arcsec
[00;00mThere are 1 evaluation directions[00;00m at sampling 1/128 m.
    Evl 0: weight is 1.000, at (   0.00,    0.00) arcsec
[00;00mSimulation[00;00m start at step 0, end at step 1600, with time step 1/1500s, [00;00mclose loop[00;00m.
After setup_parms:	120.6 MiB.
Warning(sock.c:516): connect locally (/global/homes/b/bpeck/.aos/tmp/nid008652/scheduler) failed: Invalid argument. 
CUDA: minimum memory requirement is 0.3GB
GPU 0 is NVIDIA A100-SXM4-80GB with arch 8.0, 78.6GB free, 79.0GB total device memory.
Using GPU 0
Use 1 GPUs for WFS Tomo Fit Evl

*** Preparation started at 2025/02/11 23:53:53 in nid008652. ***

Using OpenMP version 201511 with 128 threads
Reading aperture amplitude map from KECK.fits
Warning(accphi.c:477): 108650 points not covered by input screen
Warning(sock.c:516): connect locally (/global/homes/b/bpeck/.aos/tmp/nid008652/scheduler) failed: Invalid argument. 
 ->maos.c:447->setup.c:148->aper.c:74->utils.c:478->accphi.c:478
iwvl 0: Science PSF is using grid size of 2880. The PSF will sum to 6.95167232825486
iwvl 1: Science PSF is using grid size of 2880. The PSF will sum to 6.95167232825486
iwvl 2: Science PSF is using grid size of 2880. The PSF will sum to 6.95167232825486
iwvl 3: Science PSF is using grid size of 2880. The PSF will sum to 6.95167232825486
iwvl 4: Science PSF is using grid size of 2880. The PSF will sum to 6.95167232825486
iwvl 5: Science PSF is using grid size of 2880. The PSF will sum to 6.95167232825486
iwvl 6: Science PSF is using grid size of 2880. The PSF will sum to 6.95167232825486
iwvl 7: Science PSF is using grid size of 2880. The PSF will sum to 6.95167232825486
iwvl 8: Science PSF is using grid size of 2880. The PSF will sum to 6.95167232825486
After setup_aper:	344.9 MiB.

[00;00mSetting up powfs 0 geom[00;00m

There are 32 points in each subaperture of 0.252m.
There are 1201 valid subaperture.

[00;00mSetting up powfs 1 geom[00;00m

There are 88 points in each subaperture of 5.5m.
There are 4 valid subaperture.

[00;00mSetting up powfs 2 geom[00;00m

There are 18 points in each subaperture of 0.563m.
There are 236 valid subaperture.
After setup_powfs_init:	412.6 MiB.

[00;00mSetting up reconstructor geometry.[00;00m

PLOC is 91x91, with sampling of 0.13m (square)
    DM 0: grid is 47 x 47
    DM 1: grid is 75 x 75
    DM 2: grid is 81 x 79
FLOC is 91x91, with sampling of 0.13m (not square)
Tomography grid is square:
    layer 0: xloc grid is 160 x 160, sampling is 0.126 m, 25600 points
    layer 1: xloc grid is 160 x 160, sampling is 0.126 m, 25600 points
    layer 2: xloc grid is 160 x 160, sampling is 0.126 m, 25600 points
    layer 3: xloc grid is 160 x 160, sampling is 0.126 m, 25600 points
    layer 4: xloc grid is 160 x 160, sampling is 0.126 m, 25600 points
    layer 5: xloc grid is 160 x 160, sampling is 0.126 m, 25600 points
    layer 6: xloc grid is 160 x 160, sampling is 0.126 m, 25600 points
    layer 7: xloc grid is 160 x 160, sampling is 0.125 m, 25600 points
    layer 8: xloc grid is 160 x 160, sampling is 0.125 m, 25600 points
    layer 9: xloc grid is 160 x 160, sampling is 0.125 m, 25600 points
    layer 10: xloc grid is 160 x 160, sampling is 0.120 m, 25600 points
    layer 11: xloc grid is 160 x 160, sampling is 0.114 m, 25600 points
    layer 12: xloc grid is 160 x 160, sampling is 0.108 m, 25600 points
    layer 13: xloc grid is 160 x 160, sampling is 0.097 m, 25600 points

[00;00mSetting up powfs 0 PO WFS[00;00m

OTF dimension is 64x64 (calculated)
There is no bias
Uplink FWHM (illt 0, iwvl 0) is 0.579373"
Downlink FWHM (illt 0, iwvl 0) is 1.12518"
Generating matched filter for powfs 0
sa index   location       noise equivalent angle
     598: (  4.8,  -0.3) m, ( 74.61,  72.44) mas
     594: (  3.8,  -0.3) m, ( 78.78,  72.92) mas
     590: (  2.8,  -0.3) m, ( 84.75,  73.49) mas
     585: (  1.5,  -0.3) m, ( 93.98,  74.26) mas
     584: (  1.3,  -0.3) m, ( 95.72,  74.40) mas
     411: ( -0.5,  -1.5) m, (109.99,  76.32) mas
     582: ( -1.8,  -0.3) m, (120.72,  76.18) mas
     578: ( -2.8,  -0.3) m, (129.71,  76.76) mas
     573: ( -4.0,  -0.3) m, (141.30,  77.44) mas
     569: ( -5.0,  -0.3) m, (150.67,  77.97) mas
     568: ( -5.3,  -0.3) m, (153.21,  78.10) mas
sa index   location       noise equivalent angle
    1194: (  2.5,   4.5) m, ( 76.27,  77.07) mas
    1148: (  2.3,   4.0) m, ( 73.05,  74.38) mas
     939: (  1.3,   2.3) m, ( 75.99,  82.36) mas
     870: (  1.0,   1.8) m, ( 77.58,  86.11) mas
     793: (  0.5,   1.3) m, ( 79.32,  89.24) mas
     651: ( -1.5,   0.3) m, ( 91.74,  96.41) mas
     409: ( -1.0,  -1.5) m, ( 88.39, 110.61) mas
     264: ( -1.5,  -2.5) m, ( 91.84, 119.31) mas
     199: ( -1.8,  -3.0) m, ( 93.59, 123.65) mas
      55: ( -2.5,  -4.3) m, ( 98.90, 134.68) mas
       7: ( -2.8,  -4.8) m, (104.18, 144.12) mas
sa index   location       noise equivalent angle
    1179: ( -2.8,   4.5) m, ( 75.57,  76.34) mas
    1129: ( -2.5,   4.0) m, ( 73.05,  74.38) mas
     928: ( -1.5,   2.3) m, ( 75.99,  82.36) mas
     861: ( -1.3,   1.8) m, ( 77.44,  86.03) mas
     788: ( -0.8,   1.3) m, ( 79.32,  89.24) mas
     653: (  1.3,   0.3) m, ( 91.74,  96.41) mas
     416: (  0.8,  -1.5) m, ( 88.39, 110.61) mas
     275: (  1.3,  -2.5) m, ( 91.84, 119.31) mas
     212: (  1.5,  -3.0) m, ( 93.59, 123.65) mas
      74: (  2.3,  -4.3) m, ( 98.90, 134.68) mas
      24: (  2.5,  -4.8) m, (105.00, 145.29) mas
sa index   location       noise equivalent angle
     569: ( -5.0,  -0.3) m, ( 74.61,  72.44) mas
     573: ( -4.0,  -0.3) m, ( 78.78,  72.92) mas
     577: ( -3.0,  -0.3) m, ( 84.75,  73.49) mas
     582: ( -1.8,  -0.3) m, ( 93.98,  74.26) mas
     583: ( -1.5,  -0.3) m, ( 95.72,  74.40) mas
     414: (  0.3,  -1.5) m, (109.99,  76.32) mas
     585: (  1.5,  -0.3) m, (120.72,  76.18) mas
     589: (  2.5,  -0.3) m, (129.71,  76.76) mas
     594: (  3.8,  -0.3) m, (141.30,  77.44) mas
     598: (  4.8,  -0.3) m, (150.67,  77.97) mas
     599: (  5.0,  -0.3) m, (153.21,  78.10) mas
sa index   location       noise equivalent angle
       7: ( -2.8,  -4.8) m, ( 74.59,  75.31) mas
      55: ( -2.5,  -4.3) m, ( 73.05,  74.38) mas
     264: ( -1.5,  -2.5) m, ( 75.99,  82.36) mas
     333: ( -1.3,  -2.0) m, ( 77.21,  85.90) mas
     410: ( -0.8,  -1.5) m, ( 79.32,  89.24) mas
     550: (  1.3,  -0.5) m, ( 91.74,  96.41) mas
     794: (  0.8,   1.3) m, ( 88.39, 110.61) mas
     939: (  1.3,   2.3) m, ( 91.84, 119.31) mas
    1004: (  1.5,   2.8) m, ( 93.59, 123.65) mas
    1148: (  2.3,   4.0) m, ( 98.90, 134.68) mas
    1194: (  2.5,   4.5) m, (106.61, 147.55) mas
sa index   location       noise equivalent angle
      24: (  2.5,  -4.8) m, ( 75.14,  75.91) mas
      74: (  2.3,  -4.3) m, ( 73.05,  74.38) mas
     275: (  1.3,  -2.5) m, ( 75.99,  82.36) mas
     342: (  1.0,  -2.0) m, ( 77.30,  85.94) mas
     415: (  0.5,  -1.5) m, ( 79.32,  89.24) mas
     548: ( -1.5,  -0.5) m, ( 91.74,  96.41) mas
     787: ( -1.0,   1.3) m, ( 88.39, 110.61) mas
     928: ( -1.5,   2.3) m, ( 91.84, 119.31) mas
     991: ( -1.8,   2.8) m, ( 93.59, 123.65) mas
    1129: ( -2.5,   4.0) m, ( 98.90, 134.68) mas
    1179: ( -2.8,   4.5) m, (105.61, 146.14) mas

[00;00mSetting up powfs 2 PO WFS[00;00m

OTF dimension is 48x48 (calculated)
Generating matched filter for powfs 2
Use sanea to derive neasim
Use sanea to derive neasim

[00;00mSetting up reconstructor[00;00m

Recon NEA: cmf(97.26) cmf(97.17) cmf(97.18) cmf(97.27) cmf(97.21) cmf(97.21) geom(0.31) geom(0.31) geom(0.31) mf(0.14)  mas
Setup or update control matrix parameters.
RRtwfs svd threshold is 1e-10
Replacing HA by HA*fit->actextrap
Adding piston cr to fit matrix
Adding TT cr on upper DMs to fit matrix.
Before assembling fit matrix:	2867.5 MiB.
Building fit->FR
Building fit->FL
Adding tikhonov constraint of 1.0e-07 to FLM
The maximum eigen value is estimated to be around 3.4e-04
DM Fit number of Low rank terms: 16 in LHS
After assemble fit matrix:	3666.8 MiB.
After setup_recon:	3666.8 MiB.
GPU 0: mem used 1490 MB (wfs init)
GPU 0: mem used 1974 MB (recon init)
GPU 0: mem used 2004 MB (perf init)

*** Simulation started at 2025/02/11 23:55:18 in nid008652. ***

Running seed 1
GPU 0: mem used 2004 MB (wfs seeding)
Wind dir: 267.3 261.7 167.0 130.5 300.7  32.3 119.8 139.0 150.8 277.7 203.0 133.1  45.9 265.1 deg
Using /global/homes/b/bpeck/.aos/cache/atm/vonkarman_14_8192x8192_0.0078125_1115374592d.bin
After genatm:	3658.7 MiB.
Step     #  Open Loop  PR TT  On axis  PR TT  Field RMS PR TT     Timing 
Step     0: OL  884.6  248.3  OA  884.6 248.3 CL  884.6 248.3 nm  0.363 s
Step    24: OL  922.6  257.0  OA  131.8  21.1 CL  131.8  21.1 nm  0.033 s
Step    52: OL  965.3  261.1  OA  127.9  14.8 CL  127.9  14.8 nm  0.046 s
Step    81: OL 1008.7  258.5  OA  127.1  18.5 CL  127.1  18.5 nm  0.033 s
Step   110: OL 1052.8  257.5  OA  124.4   8.1 CL  124.4   8.1 nm  0.033 s
Step   136: OL 1090.3  261.9  OA  131.2  30.9 CL  131.2  30.9 nm  0.033 s
Step   165: OL 1125.0  274.8  OA  129.1  28.2 CL  129.1  28.2 nm  0.033 s
Step   194: OL 1148.1  292.9  OA  124.7   7.6 CL  124.7   7.6 nm  0.032 s
Step   223: OL 1159.8  311.5  OA  123.9  13.7 CL  123.9  13.7 nm  0.033 s
Step   252: OL 1159.1  331.3  OA  125.8   8.6 CL  125.8   8.6 nm  0.033 s
Step   255 updated high order loop gain: 0.383
Step   277: OL 1144.1  349.3  OA  124.0   3.7 CL  124.0   3.7 nm  0.042 s
Step   306: OL 1114.9  373.5  OA  129.1   7.8 CL  129.1   7.8 nm  0.033 s
Step   336: OL 1077.0  403.8  OA  123.6  11.1 CL  123.6  11.1 nm  0.033 s
Step   365: OL 1040.3  441.4  OA  122.3  13.3 CL  122.3  13.3 nm  0.032 s
Step   394: OL 1008.3  483.2  OA  124.8  10.0 CL  124.8  10.0 nm  0.036 s
Step   423: OL  977.0  523.6  OA  124.8   7.3 CL  124.8   7.3 nm  0.033 s
Step   452: OL  947.2  561.6  OA  122.8  12.9 CL  122.8  12.9 nm  0.041 s
Step   481: OL  930.8  599.2  OA  127.8  15.0 CL  127.8  15.0 nm  0.034 s
Step   510: OL  931.2  633.1  OA  134.4  25.6 CL  134.4  25.6 nm  0.033 s
Step   511 updated high order loop gain: 0.359
Step   538: OL  941.1  656.9  OA  128.9  10.9 CL  128.9  10.9 nm  0.033 s
Step   566: OL  960.8  668.4  OA  127.2  11.4 CL  127.2  11.4 nm  0.041 s
Step   595: OL  989.6  670.0  OA  121.8  10.9 CL  121.8  10.9 nm  0.032 s
Step   624: OL 1022.9  658.6  OA  126.0   6.0 CL  126.0   6.0 nm  0.040 s
Step   653: OL 1053.9  635.9  OA  128.3  20.4 CL  128.3  20.4 nm  0.033 s
Step   682: OL 1079.8  606.4  OA  125.7  19.1 CL  125.7  19.1 nm  0.052 s
Step   711: OL 1099.6  573.8  OA  129.0   6.1 CL  129.0   6.1 nm  0.033 s
Step   739: OL 1105.9  539.2  OA  125.7  14.0 CL  125.7  14.0 nm  0.043 s
Step   767 updated high order loop gain: 0.350
Step   768: OL 1098.1  504.6  OA  127.2  10.1 CL  127.2  10.1 nm  0.070 s
Step   798: OL 1074.3  470.9  OA  126.8  13.1 CL  126.8  13.1 nm  0.039 s
Step   827: OL 1038.3  438.6  OA  129.1   9.8 CL  129.1   9.8 nm  0.033 s
Step   855: OL  994.7  409.8  OA  128.9  14.5 CL  128.9  14.5 nm  0.033 s
Step   884: OL  950.1  385.7  OA  127.1  19.7 CL  127.1  19.7 nm  0.032 s
Step   913: OL  904.9  367.9  OA  131.3  23.6 CL  131.3  23.6 nm  0.042 s
Step   942: OL  859.1  354.1  OA  129.5  14.8 CL  129.5  14.8 nm  0.032 s
Step   970: OL  821.1  339.5  OA  128.5  12.3 CL  128.5  12.3 nm  0.042 s
Step   997: OL  793.6  321.9  OA  130.1  10.0 CL  130.1  10.0 nm  0.034 s
Step  1023 updated high order loop gain: 0.346
Step  1026: OL  770.4  299.9  OA  133.5  11.1 CL  133.5  11.1 nm  0.039 s
Step  1055: OL  753.3  275.0  OA  136.6  24.5 CL  136.6  24.5 nm  0.034 s
Step  1085: OL  741.2  242.5  OA  131.6  24.4 CL  131.6  24.4 nm  0.034 s
Step  1114: OL  738.9  211.2  OA  128.8  29.7 CL  128.8  29.7 nm  0.032 s
Step  1142: OL  740.7  188.4  OA  126.0  29.8 CL  126.0  29.8 nm  0.032 s
Step  1171: OL  743.1  174.1  OA  128.7  28.5 CL  128.7  28.5 nm  0.033 s
Step  1200: OL  748.0  167.3  OA  128.8  32.9 CL  128.8  32.9 nm  0.033 s
Step  1228: OL  753.2  163.8  OA  124.3  11.2 CL  124.3  11.2 nm  0.039 s
Step  1257: OL  755.9  168.6  OA  123.7  17.8 CL  123.7  17.8 nm  0.034 s
Step  1279 updated high order loop gain: 0.336
Step  1286: OL  760.5  182.9  OA  129.0  29.5 CL  129.0  29.5 nm  0.040 s
Step  1315: OL  767.7  203.0  OA  133.3  27.4 CL  133.3  27.4 nm  0.033 s
Step  1344: OL  776.9  228.1  OA  136.2  25.1 CL  136.2  25.1 nm  0.035 s
Step  1373: OL  794.1  252.1  OA  129.9  31.2 CL  129.9  31.2 nm  0.033 s
Step  1403: OL  818.9  267.6  OA  131.9  35.0 CL  131.9  35.0 nm  0.041 s
Step  1425: OL  841.6  273.9  OA  128.6  28.4 CL  128.6  28.4 nm  0.034 s
Step  1455: OL  871.7  279.1  OA  128.8  25.6 CL  128.8  25.6 nm  0.055 s
Step  1484: OL  891.7  277.5  OA  126.1  21.3 CL  126.1  21.3 nm  0.033 s
Step  1513: OL  895.0  267.4  OA  131.4  15.2 CL  131.4  15.2 nm  0.041 s
Step  1535 updated high order loop gain: 0.334
Step  1542: OL  886.6  251.2  OA  128.0  10.2 CL  128.0  10.2 nm  0.033 s
Step  1569: OL  873.0  233.7  OA  130.3   9.4 CL  130.3   9.4 nm  0.043 s
Step  1598: OL  854.5  219.7  OA  133.7   2.3 CL  133.7   2.3 nm  0.033 s
Step 1599: Output PSF
Step  1599: OL  853.8  219.3  OA  132.3   3.5 CL  132.3   3.5 nm  6.160 s
Mean: 128.37 19.84 126.82  nm.

*** Simulation Finished at 2025/02/11 23:56:32 in nid008652. ***

