Warning(sock.c:516): connect locally (/global/homes/b/bpeck/.aos/tmp/nid008213/scheduler) failed: Invalid argument. 
/global/u2/b/bpeck/work/vismcao/maos -o studies/reduced_ngs/10_lgs/8mag_lgs/2250count -c master_files/reduced_ngs/10_lgs/8mag_lgs/kola_2250act.conf -O 
Output folder is 'studies/reduced_ngs/10_lgs/8mag_lgs/2250count'.
SRC: /global/homes/b/bpeck/code/maos v2.9 4c88b7c2 2024-11-13 16:45:33 -0800
BUILT: /global/homes/b/bpeck/code/maos/optim by GCC (v12) on 2024/11/18 09:40:03 CPU(F64,+O3) with CUDA(v122,F32)
Launched at 2025/02/12 00:28:49 in nid008213 with PID 712894.
The web based job monitor can be accessed at http://localhost:10300
Main config file is /global/u2/b/bpeck/work/vismcao/master_files/reduced_ngs/10_lgs/8mag_lgs/kola_2250act.conf
Warning(path.c:48): Path not found: path=/global/u2/b/bpeck/work/vismcao/master_files/reduced_ngs/10_lgs/8mag_lgs/bin; abspath=/global/u2/b/bpeck/work/vismcao/master_files/reduced_ngs/10_lgs/8mag_lgs/bin; Ignored.
Warning(path.c:48): Path not found: path=/global/u2/b/bpeck/work/vismcao/master_files/reduced_ngs/10_lgs/8mag_lgs/atm; abspath=/global/u2/b/bpeck/work/vismcao/master_files/reduced_ngs/10_lgs/8mag_lgs/atm; Ignored.
Warning(readcfg.c:399): sim.apfsm has been renamed to powfs.apfsm.
Warning(readcfg.c:399): sim.epfsm has been renamed to powfs.epfsm.
Warning(readcfg.c:399): sim.alfsm has been renamed to powfs.alfsm.
Warning(readcfg.c:399): sim.commonfsm has been renamed to powfs.commonfsm.
Warning(readcfg.c:399): sim.idealfsm has been renamed to powfs.idealfsm.
Warning(readcfg.c:399): sim.zetafsm has been renamed to powfs.zetafsm.
Warning(readcfg.c:399): sim.f0fsm has been renamed to powfs.f0fsm.
Warning(readcfg.c:399): tsurf has been renamed to ncpa.tsurf.
loaded 132 (132 new) records from '/global/u2/b/bpeck/work/vismcao/./keck_sim.conf'
loaded  19 ( 19 new) records from '/global/u2/b/bpeck/work/vismcao/./dm_none.conf'
loaded  19 (  0 new) records from '/global/u2/b/bpeck/work/vismcao/./keck_ASM.conf'
loaded  19 (  0 new) records from '/global/u2/b/bpeck/work/vismcao/./keck_DM2.conf'
loaded  19 (  0 new) records from '/global/u2/b/bpeck/work/vismcao/./keck_DM3.conf'
loaded   0 (  0 new) records from '/global/u2/b/bpeck/work/vismcao/./keck_dm_multiple.conf'
loaded   7 (  5 new) records from '/global/u2/b/bpeck/work/vismcao/./atm_mk13n50p_ground_detail.conf'
loaded  76 ( 69 new) records from '/global/homes/b/bpeck/code/maos/config/maos/powfs_common.conf'
loaded  44 ( 38 new) records from '/global/u2/b/bpeck/work/vismcao/./powfs_none.conf'
loaded  44 (  0 new) records from '/global/u2/b/bpeck/work/vismcao/./keck_shwfs_lgs.conf'
loaded  44 (  0 new) records from '/global/u2/b/bpeck/work/vismcao/./keck_shwfs_ttf_strap.conf'
loaded  44 (  0 new) records from '/global/u2/b/bpeck/work/vismcao/./keck_shwfs_twfs_lbwfs.conf'
loaded   0 (  0 new) records from '/global/u2/b/bpeck/work/vismcao/./keck_wfs_lgs_strap_lbwfs.conf'
loaded  71 ( 71 new) records from '/global/u2/b/bpeck/work/vismcao/./keck_recon.conf'
Warning(readcfg.c:399): dbg.na_smooth has been renamed to powfs0_llt.na_smooth.
Warning(readcfg.c:399): dbg.na_interp has been renamed to powfs0_llt.na_interp.
Warning(readcfg.c:399): dbg.na_thres has been renamed to powfs0_llt.na_thres.
Warning(readcfg.c:399): dbg.na_fit_maxit has been renamed to powfs0_llt.na_fit_maxit.
Warning(readcfg.c:399): dbg.na_fit_svdthres has been renamed to powfs0_llt.na_fit_svdthres.
Warning(readcfg.c:399): dbg.na_fit_dh has been renamed to powfs0_llt.na_fit_dh.
Warning(readcfg.c:399): dbg.ncpa_preload has been renamed to ncpa.preload.
Warning(readcfg.c:399): dbg.ncpa_rmsci has been renamed to ncpa.rmsci.
Warning(readcfg.c:399): dbg.draw_opdmax has been renamed to plot.opdmax.
Warning(readcfg.c:399): dbg.draw_gmax has been renamed to plot.gmax.
loaded  95 ( 93 new) records from '/global/u2/b/bpeck/work/vismcao/./keck_dbg.conf'
loaded   4 (  4 new) records from '/global/u2/b/bpeck/work/vismcao/./keck_fit_mcao.conf'
Warning(readcfg.c:399): surf has been renamed to ncpa.surf.
loaded  39 (  7 new) records from '/global/u2/b/bpeck/work/vismcao/master_files/reduced_ngs/10_lgs/8mag_lgs/kola_2250act.conf'
loaded   0 (  0 new) records from 'command line'
loaded  24 ( 18 new) records from '/global/u2/b/bpeck/work/vismcao/./keck_llt_CL.conf'
Adjust LGS range by telescope altitude 4145m.
Zenith angle is 30 degree.
    Scaling turbulence height and LGS hs by sec(za).
    Scaling r0 by cos(za)^(3/5).
    Scaling wind speed and LGS signal level by cos(za).
powfs0: Adjusting dx from 0.0078125 to 0.00792308. 
powfs0.llt.fsm: f0=0 Hz, LPF ep=0
powfs0.epfsm is set to 0.517618 (auto)
powfs2: Adjusting dx from 0.03125 to 0.0312778. 
powfs2 is TWFS for powfs0
sim.ephi is set to 0.427717 (auto)
sim.eplo is set to 0.427717 (auto)
Warning(parms.c:2296): Layer 1 at 17.3205m is very close to layer 0 at 0m (OK).
Warning(parms.c:2296): Layer 2 at 34.641m is very close to layer 1 at 17.3205m (OK).
Warning(parms.c:2296): Layer 3 at 51.9615m is very close to layer 2 at 34.641m (OK).
dm 0: stroke=30 um is provided in micron.
dm 0: assume ia stroke=2 um is provided in micron.
dm 1: stroke=7 um is provided in micron.
dm 1: assume ia stroke=2 um is provided in micron.
dm 2: stroke=7 um is provided in micron.
dm 2: assume ia stroke=2 um is provided in micron.
Focus blending is not implemented yet for integrated tomography
parms->sim.mffocus is reset to 0
There are 1 valid simulation seeds:  1
Output PSF for 1 directions
Used 449 of 456 supplied keys
Warning(readcfg.c:158): key "dbg.pwfs_flate" is not recognized, value is 0
Warning(readcfg.c:158): key "dbg.pwfs_flatv" is not recognized, value is 0
Warning(readcfg.c:158): key "dbg.pwfs_psx" is not recognized, value is [0 0 0 0]
Warning(readcfg.c:158): key "dbg.pwfs_psy" is not recognized, value is [0 0 0 0]
Warning(readcfg.c:158): key "dbg.pwfs_pupelong" is not recognized, value is 0
Warning(readcfg.c:158): key "dbg.pwfs_raw" is not recognized, value is 0
Warning(readcfg.c:158): key "dbg.pwfs_side" is not recognized, value is 4
[00;00mAperture[00;00m is 11 m with sampling 1/128 m
[00;00mTurbulence at 30 degree zenith angle:[00;00m r0=0.128424m, L0=30m, 14 layers.
    Greenwood freq is 25.1Hz, anisoplanatic angle is 1.58 as
    Sampled 8192x8192 at 1/128m. wind dir is randomized.
    layer 0: ht=      0 m, wt= 0.302, ws=  4.8 m/s
    layer 1: ht=     17 m, wt= 0.154, ws=  5.0 m/s
    layer 2: ht=     35 m, wt= 0.041, ws=  5.4 m/s
    layer 3: ht=     52 m, wt= 0.002, ws=  6.6 m/s
    layer 4: ht=    139 m, wt= 0.021, ws=  6.1 m/s
    layer 5: ht=    231 m, wt= 0.010, ws=  6.1 m/s
    layer 6: ht=    323 m, wt= 0.008, ws=  6.1 m/s
    layer 7: ht=    416 m, wt= 0.005, ws=  6.1 m/s
    layer 8: ht=    508 m, wt= 0.001, ws=  6.1 m/s
    layer 9: ht=    932 m, wt= 0.107, ws=  5.6 m/s
    layer 10: ht=   5022 m, wt= 0.144, ws= 11.1 m/s
    layer 11: ht=   9238 m, wt= 0.093, ws= 19.1 m/s
    layer 12: ht=  13856 m, wt= 0.075, ws=  8.2 m/s
    layer 13: ht=  22518 m, wt= 0.036, ws=  4.8 m/s
[00;00mReconstruction[00;00m: r0=0.128424m L0=30m. 14 layers. use cone coordinate.
    layer 0: ht=      0 m, wt= 0.302
    layer 1: ht=     17 m, wt= 0.154
    layer 2: ht=     35 m, wt= 0.041
    layer 3: ht=     52 m, wt= 0.002
    layer 4: ht=    139 m, wt= 0.021
    layer 5: ht=    231 m, wt= 0.010
    layer 6: ht=    323 m, wt= 0.008
    layer 7: ht=    416 m, wt= 0.005
    layer 8: ht=    508 m, wt= 0.001
    layer 9: ht=    932 m, wt= 0.107
    layer 10: ht=   5022 m, wt= 0.144
    layer 11: ht=   9238 m, wt= 0.093
    layer 12: ht=  13856 m, wt= 0.075
    layer 13: ht=  22518 m, wt= 0.036
[00;00mThere are 3 powfs[00;00m
  powfs0: Order 54, LGS at 99.1 km. Sampling 1/126.214 m. Thres 30%. [00;00mT/T is removed in right hand side in tomography.[00;00m
    CCD image is 25x25 @ 500x500 mas, blur 27% (sigma), 1500Hz, wvl: [ 5.89e-07]
    Gtilt in reconstruction. Physical optics start at 0 with [00;00m'matched filter'[00;00m [00;00m(noisy)[00;00m
  powfs1: Order  2, NGS at inf km. Sampling 1/16 m. Thres 30%. 
    Ztilt in reconstruction. Geomtric optics start at 2 with ztilt [00;00m(noisy)[00;00m
  powfs2: Order 20, NGS at inf km. Sampling 1/31.9716 m. Thres 50%. 
    CCD image is 4x4 @ 1500x1500 mas, blur 0% (sigma), 0.015Hz, wvl: [ 7.2e-07]
    Gtilt in reconstruction. Geomtric optics start at 50 with gtilt Physical optics start at 0 with [00;00m'matched filter'[00;00m [00;00m(noisy)[00;00m
[00;00mThere are 14 wfs[00;00m
    wfs 0: type 0, at (  30.00,    0.00) arcsec,  99 km, siglev is 50.8825 bkgrnd is 0.1
    wfs 1: type 0, at (  24.27,   17.63) arcsec,  99 km, siglev is 50.8825 bkgrnd is 0.1
    wfs 2: type 0, at (   9.27,   28.53) arcsec,  99 km, siglev is 50.8825 bkgrnd is 0.1
    wfs 3: type 0, at (  -9.27,   28.53) arcsec,  99 km, siglev is 50.8825 bkgrnd is 0.1
    wfs 4: type 0, at ( -24.27,   17.63) arcsec,  99 km, siglev is 50.8825 bkgrnd is 0.1
    wfs 5: type 0, at ( -30.00,    0.00) arcsec,  99 km, siglev is 50.8825 bkgrnd is 0.1
    wfs 6: type 0, at ( -24.27,  -17.63) arcsec,  99 km, siglev is 50.8825 bkgrnd is 0.1
    wfs 7: type 0, at (  -9.27,  -28.53) arcsec,  99 km, siglev is 50.8825 bkgrnd is 0.1
    wfs 8: type 0, at (   9.27,  -28.53) arcsec,  99 km, siglev is 50.8825 bkgrnd is 0.1
    wfs 9: type 0, at (  24.27,  -17.63) arcsec,  99 km, siglev is 50.8825 bkgrnd is 0.1
    wfs 10: type 1, at (   5.00,    8.66) arcsec, inf km, siglev is 42387.6 bkgrnd is 1.056
    wfs 11: type 1, at ( -10.00,    0.00) arcsec, inf km, siglev is 42387.6 bkgrnd is 1.056
    wfs 12: type 1, at (   5.00,   -8.66) arcsec, inf km, siglev is 42387.6 bkgrnd is 1.056
    wfs 13: type 2, at (   0.00,    0.00) arcsec, inf km, siglev is 4.1558e+06 bkgrnd is 0.001
[00;00mThere are 3 DMs[00;00m
  DM 0 at -0.1km, actuator pitch 0.206m, offset   0, with 30.000000 micron stroke.
    Normalized cubic influence function with inter-actuator coupling of 0.223
  DM 1 at    6km, actuator pitch 0.168m, offset   0, with 7.000000 micron stroke.
    Normalized cubic influence function with inter-actuator coupling of 0.223
  DM 2 at   10km, actuator pitch 0.168m, offset   0, with 7.000000 micron stroke.
    Normalized cubic influence function with inter-actuator coupling of 0.223
[00;00mTomography[00;00m is using CG, with [00;00mFourer Domain[00;00m preconditioner, [00;00m12[00;00m iterations, integrated tomo.
[00;00mDM Fitting [00;00mis using CG, with [00;00mNo[00;00m preconditioner, [00;00m10[00;00m iterations
[00;00mThere are 9 fit directions[00;00m
    Fit 0: weight is 0.444, at (   0.00,    0.00) arcsec
    Fit 1: weight is 0.111, at (  15.00,    0.00) arcsec
    Fit 2: weight is 0.111, at (   0.00,   15.00) arcsec
    Fit 3: weight is 0.111, at ( -15.00,    0.00) arcsec
    Fit 4: weight is 0.111, at (   0.00,  -15.00) arcsec
    Fit 5: weight is 0.028, at (  15.00,   15.00) arcsec
    Fit 6: weight is 0.028, at ( -15.00,   15.00) arcsec
    Fit 7: weight is 0.028, at ( -15.00,  -15.00) arcsec
    Fit 8: weight is 0.028, at (  15.00,  -15.00) arcsec
[00;00mThere are 1 evaluation directions[00;00m at sampling 1/128 m.
    Evl 0: weight is 1.000, at (   0.00,    0.00) arcsec
[00;00mSimulation[00;00m start at step 0, end at step 1600, with time step 1/1500s, [00;00mclose loop[00;00m.
After setup_parms:	120.5 MiB.
Warning(sock.c:516): connect locally (/global/homes/b/bpeck/.aos/tmp/nid008213/scheduler) failed: Invalid argument. 
CUDA: minimum memory requirement is 0.4GB
GPU 0 is NVIDIA A100-SXM4-80GB with arch 8.0, 78.6GB free, 79.0GB total device memory.
Using GPU 0
Use 1 GPUs for WFS Tomo Fit Evl

*** Preparation started at 2025/02/12 00:28:51 in nid008213. ***

Using OpenMP version 201511 with 128 threads
Reading aperture amplitude map from KECK.fits
Warning(accphi.c:477): 108270 points not covered by input screen
Warning(sock.c:516): connect locally (/global/homes/b/bpeck/.aos/tmp/nid008213/scheduler) failed: Invalid argument. 
 ->maos.c:447->setup.c:148->aper.c:74->utils.c:478->accphi.c:478
iwvl 0: Science PSF is using grid size of 2880. The PSF will sum to 6.95167232825486
iwvl 1: Science PSF is using grid size of 2880. The PSF will sum to 6.95167232825486
iwvl 2: Science PSF is using grid size of 2880. The PSF will sum to 6.95167232825486
iwvl 3: Science PSF is using grid size of 2880. The PSF will sum to 6.95167232825486
iwvl 4: Science PSF is using grid size of 2880. The PSF will sum to 6.95167232825486
iwvl 5: Science PSF is using grid size of 2880. The PSF will sum to 6.95167232825486
iwvl 6: Science PSF is using grid size of 2880. The PSF will sum to 6.95167232825486
iwvl 7: Science PSF is using grid size of 2880. The PSF will sum to 6.95167232825486
iwvl 8: Science PSF is using grid size of 2880. The PSF will sum to 6.95167232825486
After setup_aper:	344.8 MiB.

[00;00mSetting up powfs 0 geom[00;00m

There are 26 points in each subaperture of 0.206m.
There are 1760 valid subaperture.

[00;00mSetting up powfs 1 geom[00;00m

There are 88 points in each subaperture of 5.5m.
There are 4 valid subaperture.

[00;00mSetting up powfs 2 geom[00;00m

There are 18 points in each subaperture of 0.563m.
There are 236 valid subaperture.
After setup_powfs_init:	416.2 MiB.

[00;00mSetting up reconstructor geometry.[00;00m

PLOC is 111x111, with sampling of 0.10m (square)
    DM 0: grid is 57 x 57
    DM 1: grid is 75 x 75
    DM 2: grid is 81 x 79
FLOC is 111x111, with sampling of 0.10m (not square)
Tomography grid is square:
    layer 0: xloc grid is 192 x 192, sampling is 0.103 m, 36864 points
    layer 1: xloc grid is 192 x 192, sampling is 0.103 m, 36864 points
    layer 2: xloc grid is 192 x 192, sampling is 0.103 m, 36864 points
    layer 3: xloc grid is 192 x 192, sampling is 0.103 m, 36864 points
    layer 4: xloc grid is 192 x 192, sampling is 0.103 m, 36864 points
    layer 5: xloc grid is 192 x 192, sampling is 0.103 m, 36864 points
    layer 6: xloc grid is 192 x 192, sampling is 0.103 m, 36864 points
    layer 7: xloc grid is 192 x 192, sampling is 0.103 m, 36864 points
    layer 8: xloc grid is 192 x 192, sampling is 0.102 m, 36864 points
    layer 9: xloc grid is 192 x 192, sampling is 0.102 m, 36864 points
    layer 10: xloc grid is 192 x 192, sampling is 0.098 m, 36864 points
    layer 11: xloc grid is 192 x 192, sampling is 0.093 m, 36864 points
    layer 12: xloc grid is 192 x 192, sampling is 0.089 m, 36864 points
Warning(map.c:195): ninx=192 is too small. need 193
Warning(map.c:200): niny=192 is too small. need 193
    layer 13: xloc grid is 192 x 192, sampling is 0.080 m, 36864 points

[00;00mSetting up powfs 0 PO WFS[00;00m

OTF dimension is 54x54 (calculated)
There is no bias
Uplink FWHM (illt 0, iwvl 0) is 0.577752"
Downlink FWHM (illt 0, iwvl 0) is 1.16464"
Generating matched filter for powfs 0
sa index   location       noise equivalent angle
     878: (  4.9,  -0.2) m, ( 94.49,  91.95) mas
     872: (  3.7,  -0.2) m, (101.97,  92.98) mas
     867: (  2.7,  -0.2) m, (110.02,  93.90) mas
     862: (  1.6,  -0.2) m, (118.97,  94.84) mas
     860: (  1.2,  -0.2) m, (122.88,  95.21) mas
     609: ( -0.6,  -1.4) m, (143.77,  98.97) mas
     858: ( -1.6,  -0.2) m, (155.98,  97.62) mas
     852: ( -2.9,  -0.2) m, (171.00,  98.53) mas
     847: ( -3.9,  -0.2) m, (184.64,  99.29) mas
     841: ( -5.1,  -0.2) m, (200.09, 100.16) mas
     840: ( -5.4,  -0.2) m, (202.91, 100.32) mas
sa index   location       noise equivalent angle
    1462: (  3.7,   2.7) m, ( 98.30,  96.48) mas
    1343: (  2.9,   2.1) m, ( 99.56,  96.62) mas
    1111: (  1.4,   1.0) m, (124.23, 110.32) mas
    1067: (  1.0,   0.8) m, (115.00, 105.53) mas
     614: (  0.4,  -1.4) m, (121.04, 124.82) mas
     693: ( -1.4,  -1.0) m, (140.56, 122.42) mas
     650: ( -1.6,  -1.2) m, (154.82, 130.29) mas
     418: ( -3.1,  -2.3) m, (159.04, 133.31) mas
     299: ( -3.9,  -2.9) m, (168.85, 139.89) mas
      37: ( -3.1,  -4.5) m, (158.46, 158.60) mas
sa index   location       noise equivalent angle
    1744: (  1.9,   4.5) m, ( 96.70,  99.85) mas
    1656: (  1.2,   3.9) m, ( 93.15,  98.34) mas
    1448: (  0.8,   2.7) m, ( 95.32, 107.87) mas
    1198: (  0.4,   1.4) m, ( 97.74, 118.72) mas
    1152: (  0.4,   1.2) m, ( 97.91, 120.65) mas
     859: ( -1.4,  -0.2) m, (111.30, 137.84) mas
     563: ( -0.6,  -1.6) m, (105.00, 153.30) mas
     429: ( -0.8,  -2.3) m, (111.66, 168.66) mas
     313: ( -1.0,  -2.9) m, (108.22, 168.83) mas
     105: ( -1.4,  -4.1) m, (111.73, 184.76) mas
      16: ( -2.3,  -4.7) m, (118.20, 192.19) mas
sa index   location       noise equivalent angle
    1728: ( -2.3,   4.5) m, ( 91.99,  94.70) mas
    1643: ( -1.4,   3.9) m, ( 93.15,  98.34) mas
    1439: ( -1.0,   2.7) m, ( 95.32, 107.87) mas
    1193: ( -0.6,   1.4) m, ( 97.74, 118.72) mas
    1147: ( -0.6,   1.2) m, ( 97.91, 120.65) mas
     860: (  1.2,  -0.2) m, (109.93, 136.01) mas
     568: (  0.4,  -1.6) m, (105.00, 153.30) mas
     436: (  0.6,  -2.3) m, (111.63, 168.22) mas
     322: (  0.8,  -2.9) m, (108.22, 168.83) mas
     118: (  1.2,  -4.1) m, (111.73, 184.76) mas
      33: (  2.1,  -4.7) m, (118.20, 192.19) mas
sa index   location       noise equivalent angle
    1425: ( -3.9,   2.7) m, ( 94.92,  93.65) mas
    1314: ( -3.1,   2.1) m, ( 99.56,  96.62) mas
    1100: ( -1.6,   1.0) m, (122.16, 109.45) mas
    1064: ( -1.2,   0.8) m, (115.00, 105.53) mas
     609: ( -0.6,  -1.4) m, (121.04, 124.82) mas
     698: (  1.2,  -1.0) m, (141.13, 122.93) mas
     661: (  1.4,  -1.2) m, (157.21, 131.32) mas
     447: (  2.9,  -2.3) m, (159.04, 133.31) mas
     336: (  3.7,  -2.9) m, (174.66, 144.47) mas
      66: (  2.9,  -4.5) m, (158.48, 158.62) mas
sa index   location       noise equivalent angle
     841: ( -5.1,  -0.2) m, ( 94.49,  91.95) mas
     847: ( -3.9,  -0.2) m, (101.97,  92.98) mas
     852: ( -2.9,  -0.2) m, (110.02,  93.90) mas
     857: ( -1.9,  -0.2) m, (118.97,  94.84) mas
     859: ( -1.4,  -0.2) m, (124.20,  96.51) mas
     614: (  0.4,  -1.4) m, (143.77,  98.97) mas
     861: (  1.4,  -0.2) m, (155.98,  97.62) mas
     867: (  2.7,  -0.2) m, (171.00,  98.53) mas
     872: (  3.7,  -0.2) m, (184.63,  99.29) mas
     878: (  4.9,  -0.2) m, (200.09, 100.16) mas
     879: (  5.1,  -0.2) m, (202.90, 100.32) mas
sa index   location       noise equivalent angle
     299: ( -3.9,  -2.9) m, ( 94.92,  93.65) mas
     418: ( -3.1,  -2.3) m, ( 99.56,  96.62) mas
     650: ( -1.6,  -1.2) m, (122.16, 109.45) mas
     694: ( -1.2,  -1.0) m, (115.00, 105.53) mas
    1147: ( -0.6,   1.2) m, (121.04, 124.82) mas
    1068: (  1.2,   0.8) m, (140.15, 122.02) mas
    1111: (  1.4,   1.0) m, (157.21, 131.32) mas
    1343: (  2.9,   2.1) m, (159.04, 133.31) mas
    1462: (  3.7,   2.7) m, (174.66, 144.47) mas
    1724: (  2.9,   4.3) m, (158.60, 158.75) mas
sa index   location       noise equivalent angle
      17: ( -2.1,  -4.7) m, ( 95.98,  99.06) mas
     105: ( -1.4,  -4.1) m, ( 93.15,  98.34) mas
     313: ( -1.0,  -2.9) m, ( 95.32, 107.87) mas
     563: ( -0.6,  -1.6) m, ( 97.74, 118.72) mas
     609: ( -0.6,  -1.4) m, ( 97.91, 120.65) mas
     902: (  1.2,   0.0) m, (109.93, 136.01) mas
    1198: (  0.4,   1.4) m, (105.00, 153.29) mas
    1332: (  0.6,   2.1) m, (112.40, 169.92) mas
    1448: (  0.8,   2.7) m, (108.22, 168.83) mas
    1656: (  1.2,   3.9) m, (111.73, 184.75) mas
    1745: (  2.1,   4.5) m, (118.20, 192.18) mas
sa index   location       noise equivalent angle
      32: (  1.9,  -4.7) m, ( 94.93,  97.99) mas
     118: (  1.2,  -4.1) m, ( 93.15,  98.34) mas
     322: (  0.8,  -2.9) m, ( 95.32, 107.87) mas
     568: (  0.4,  -1.6) m, ( 97.74, 118.72) mas
     614: (  0.4,  -1.4) m, ( 97.91, 120.65) mas
     901: ( -1.4,   0.0) m, (111.21, 137.70) mas
    1193: ( -0.6,   1.4) m, (105.00, 153.29) mas
    1325: ( -0.8,   2.1) m, (112.31, 170.37) mas
    1439: ( -1.0,   2.7) m, (108.22, 168.83) mas
    1643: ( -1.4,   3.9) m, (111.73, 184.75) mas
    1728: ( -2.3,   4.5) m, (118.20, 192.18) mas
sa index   location       noise equivalent angle
     336: (  3.7,  -2.9) m, ( 98.30,  96.48) mas
     447: (  2.9,  -2.3) m, ( 99.56,  96.62) mas
     661: (  1.4,  -1.2) m, (124.23, 110.32) mas
     697: (  1.0,  -1.0) m, (115.00, 105.53) mas
    1152: (  0.4,   1.2) m, (121.04, 124.82) mas
    1063: ( -1.4,   0.8) m, (139.87, 121.77) mas
    1100: ( -1.6,   1.0) m, (154.82, 130.29) mas
    1314: ( -3.1,   2.1) m, (159.04, 133.31) mas
    1425: ( -3.9,   2.7) m, (168.85, 139.89) mas
    1695: ( -3.1,   4.3) m, (158.48, 158.62) mas

[00;00mSetting up powfs 2 PO WFS[00;00m

OTF dimension is 48x48 (calculated)
Generating matched filter for powfs 2
Use sanea to derive neasim
Use sanea to derive neasim

[00;00mSetting up reconstructor[00;00m

Recon NEA: cmf(127.14) cmf(126.93) cmf(126.98) cmf(126.99) cmf(126.95) cmf(127.17) cmf(126.88) cmf(126.87) cmf(126.86) cmf(126.86) geom(0.31) geom(0.31) geom(0.31) mf(0.14)  mas
Setup or update control matrix parameters.
RRtwfs svd threshold is 1e-10
Replacing HA by HA*fit->actextrap
Adding piston cr to fit matrix
Adding TT cr on upper DMs to fit matrix.
Before assembling fit matrix:	4041.8 MiB.
Building fit->FR
Building fit->FL
Adding tikhonov constraint of 1.0e-07 to FLM
The maximum eigen value is estimated to be around 3.2e-04
DM Fit number of Low rank terms: 16 in LHS
After assemble fit matrix:	5180.1 MiB.
After setup_recon:	5180.1 MiB.
GPU 0: mem used 2292 MB (wfs init)
GPU 0: mem used 2950 MB (recon init)
GPU 0: mem used 2980 MB (perf init)

*** Simulation started at 2025/02/12 00:30:25 in nid008213. ***

Running seed 1
GPU 0: mem used 2982 MB (wfs seeding)
Wind dir: 267.3 261.7 167.0 130.5 300.7  32.3 119.8 139.0 150.8 277.7 203.0 133.1  45.9 265.1 deg
Using /global/homes/b/bpeck/.aos/cache/atm/vonkarman_14_8192x8192_0.0078125_1115374592d.bin
After genatm:	5125.5 MiB.
Step     #  Open Loop  PR TT  On axis  PR TT  Field RMS PR TT     Timing 
Step     0: OL  884.6  248.3  OA  884.6 248.3 CL  884.6 248.3 nm  0.144 s
Step    20: OL  916.2  255.8  OA  102.0   6.1 CL  102.0   6.1 nm  0.066 s
Step    37: OL  942.9  260.0  OA  101.0   4.0 CL  101.0   4.0 nm  0.057 s
Step    55: OL  969.7  261.0  OA   99.6  11.6 CL   99.6  11.6 nm  0.057 s
Step    72: OL  995.1  259.5  OA   98.3  11.8 CL   98.3  11.8 nm  0.059 s
Step    89: OL 1020.9  257.9  OA   98.3  20.8 CL   98.3  20.8 nm  0.065 s
Step   106: OL 1046.8  257.3  OA   99.0   8.1 CL   99.0   8.1 nm  0.057 s
Step   123: OL 1072.3  258.8  OA  100.0  17.7 CL  100.0  17.7 nm  0.057 s
Step   140: OL 1095.8  263.2  OA  102.2  17.5 CL  102.2  17.5 nm  0.061 s
Step   157: OL 1116.5  270.4  OA  102.7   4.8 CL  102.7   4.8 nm  0.061 s
Step   173: OL 1132.8  279.5  OA  101.4   8.7 CL  101.4   8.7 nm  0.057 s
Step   189: OL 1145.0  289.7  OA  101.1  13.3 CL  101.1  13.3 nm  0.064 s
Step   206: OL 1154.0  300.6  OA   97.7   4.9 CL   97.7   4.9 nm  0.056 s
Step   223: OL 1159.5  311.5  OA  100.7  23.0 CL  100.7  23.0 nm  0.058 s
Step   240: OL 1160.8  322.8  OA   97.9   8.8 CL   97.9   8.8 nm  0.060 s
Step   255 updated high order loop gain: 0.370
Step   257: OL 1156.5  334.8  OA   95.3  14.5 CL   95.3  14.5 nm  0.066 s
Step   274: OL 1145.8  347.1  OA   96.5   9.0 CL   96.5   9.0 nm  0.057 s
Step   291: OL 1130.1  360.2  OA  100.1   4.2 CL  100.1   4.2 nm  0.057 s
Step   307: OL 1113.2  374.4  OA   97.7   4.8 CL   97.7   4.8 nm  0.104 s
Step   324: OL 1092.1  390.7  OA   97.7   5.9 CL   97.7   5.9 nm  0.056 s
Step   341: OL 1070.2  409.7  OA   99.5  14.4 CL   99.5  14.4 nm  0.058 s
Step   358: OL 1048.6  431.6  OA  100.4  19.1 CL  100.4  19.1 nm  0.057 s
Step   376: OL 1027.4  457.1  OA  101.4  10.9 CL  101.4  10.9 nm  0.057 s
Step   393: OL 1008.8  481.8  OA  103.5  17.3 CL  103.5  17.3 nm  0.063 s
Step   410: OL  990.2  506.0  OA   99.3  12.6 CL   99.3  12.6 nm  0.057 s
Step   427: OL  971.1  528.9  OA  101.2  20.9 CL  101.2  20.9 nm  0.066 s
Step   444: OL  952.6  551.2  OA  101.8  21.2 CL  101.8  21.2 nm  0.057 s
Step   461: OL  937.8  573.5  OA  102.1  10.4 CL  102.1  10.4 nm  0.060 s
Step   478: OL  928.9  595.4  OA  104.8  20.8 CL  104.8  20.8 nm  0.065 s
Step   495: OL  927.2  616.3  OA  103.4  10.3 CL  103.4  10.3 nm  0.058 s
Step   511 updated high order loop gain: 0.376
Step   512: OL  929.5  635.2  OA  105.6  12.8 CL  105.6  12.8 nm  0.066 s
Step   529: OL  935.3  650.6  OA  101.7   4.2 CL  101.7   4.2 nm  0.057 s
Step   546: OL  944.3  661.3  OA  100.0   6.1 CL  100.0   6.1 nm  0.064 s
Step   563: OL  957.3  667.6  OA   99.4  11.8 CL   99.4  11.8 nm  0.056 s
Step   580: OL  973.0  670.5  OA   98.6   0.3 CL   98.6   0.3 nm  0.066 s
Step   597: OL  991.5  669.6  OA   97.9   9.9 CL   97.9   9.9 nm  0.059 s
Step   614: OL 1011.1  663.9  OA  100.0   5.6 CL  100.0   5.6 nm  0.058 s
Step   631: OL 1030.7  654.0  OA  101.4  11.0 CL  101.4  11.0 nm  0.065 s
Step   649: OL 1050.0  639.5  OA  102.6  25.4 CL  102.6  25.4 nm  0.057 s
Step   666: OL 1066.0  623.1  OA  102.3   4.1 CL  102.3   4.1 nm  0.063 s
Step   679: OL 1077.3  609.5  OA  103.9   4.8 CL  103.9   4.8 nm  0.067 s
Step   696: OL 1090.7  591.4  OA  102.9   2.5 CL  102.9   2.5 nm  0.058 s
Step   713: OL 1100.6  571.3  OA  101.2   5.5 CL  101.2   5.5 nm  0.057 s
Step   730: OL 1105.5  550.3  OA  100.0   8.5 CL  100.0   8.5 nm  0.059 s
Step   747: OL 1105.3  529.3  OA  101.5  11.3 CL  101.5  11.3 nm  0.059 s
Step   764: OL 1100.2  509.2  OA  106.0  15.3 CL  106.0  15.3 nm  0.065 s
Step   767 updated high order loop gain: 0.377
Step   781: OL 1090.0  489.9  OA  103.9  11.2 CL  103.9  11.2 nm  0.059 s
Step   799: OL 1073.2  469.7  OA  100.5  13.3 CL  100.5  13.3 nm  0.059 s
Step   816: OL 1053.4  450.8  OA  102.9   7.0 CL  102.9   7.0 nm  0.056 s
Step   833: OL 1029.4  432.1  OA  101.4   8.3 CL  101.4   8.3 nm  0.058 s
Step   850: OL 1003.0  414.6  OA  102.3   9.0 CL  102.3   9.0 nm  0.064 s
Step   868: OL  974.7  398.1  OA  105.3  23.1 CL  105.3  23.1 nm  0.065 s
Step   885: OL  949.3  384.9  OA  103.5  11.5 CL  103.5  11.5 nm  0.058 s
Step   902: OL  923.3  373.8  OA  100.5  13.6 CL  100.5  13.6 nm  0.056 s
Step   919: OL  896.0  364.9  OA  102.5  14.2 CL  102.5  14.2 nm  0.061 s
Step   936: OL  869.0  356.8  OA  103.8  22.7 CL  103.8  22.7 nm  0.058 s
Step   953: OL  843.4  348.6  OA  102.2  15.9 CL  102.2  15.9 nm  0.059 s
Step   970: OL  821.0  339.4  OA  102.1  12.9 CL  102.1  12.9 nm  0.057 s
Step   987: OL  802.5  328.8  OA  104.2  23.4 CL  104.2  23.4 nm  0.059 s
Step  1004: OL  786.3  316.7  OA  104.5  16.4 CL  104.5  16.4 nm  0.064 s
Step  1021: OL  772.6  303.7  OA  102.7   7.0 CL  102.7   7.0 nm  0.059 s
Step  1023 updated high order loop gain: 0.381
Step  1038: OL  761.8  290.0  OA  102.2  14.9 CL  102.2  14.9 nm  0.058 s
Step  1055: OL  752.3  274.9  OA   98.0  14.1 CL   98.0  14.1 nm  0.061 s
Step  1072: OL  744.0  257.5  OA   99.9   9.6 CL   99.9   9.6 nm  0.065 s
Step  1089: OL  739.4  237.8  OA  102.3   6.7 CL  102.3   6.7 nm  0.062 s
Step  1107: OL  737.8  218.1  OA  101.2   9.0 CL  101.2   9.0 nm  0.057 s
Step  1124: OL  738.1  201.9  OA  103.1  21.8 CL  103.1  21.8 nm  0.064 s
Step  1142: OL  739.2  188.4  OA   96.2  13.3 CL   96.2  13.3 nm  0.059 s
Step  1159: OL  740.3  178.7  OA  100.1  17.3 CL  100.1  17.3 nm  0.062 s
Step  1172: OL  740.8  173.7  OA  102.3  24.6 CL  102.3  24.6 nm  0.059 s
Step  1189: OL  743.3  169.5  OA   99.6  23.3 CL   99.6  23.3 nm  0.058 s
Step  1206: OL  746.9  166.1  OA   99.6  21.1 CL   99.6  21.1 nm  0.077 s
Step  1223: OL  750.2  163.9  OA  100.5  15.1 CL  100.5  15.1 nm  0.057 s
Step  1240: OL  752.4  164.4  OA  101.1  21.8 CL  101.1  21.8 nm  0.066 s
Step  1257: OL  754.4  168.5  OA  100.2  26.0 CL  100.2  26.0 nm  0.057 s
Step  1274: OL  757.1  176.0  OA   99.8  24.3 CL   99.8  24.3 nm  0.057 s
Step  1279 updated high order loop gain: 0.379
Step  1291: OL  761.5  186.0  OA  101.6  25.7 CL  101.6  25.7 nm  0.065 s
Step  1308: OL  766.3  197.7  OA  102.6  26.1 CL  102.6  26.1 nm  0.057 s
Step  1325: OL  770.9  211.1  OA  101.9  22.2 CL  101.9  22.2 nm  0.057 s
Step  1342: OL  777.4  226.2  OA  100.5   9.2 CL  100.5   9.2 nm  0.059 s
Step  1359: OL  786.9  241.4  OA  102.5  23.3 CL  102.5  23.3 nm  0.063 s
Step  1376: OL  798.9  254.0  OA   98.8  25.0 CL   98.8  25.0 nm  0.059 s
Step  1393: OL  812.7  263.4  OA  101.2  13.1 CL  101.2  13.1 nm  0.058 s
Step  1410: OL  828.9  269.9  OA  101.3  13.9 CL  101.3  13.9 nm  0.057 s
Step  1427: OL  846.8  274.3  OA  106.2  27.0 CL  106.2  27.0 nm  0.073 s
Step  1444: OL  864.2  277.6  OA  100.3  26.7 CL  100.3  26.7 nm  0.058 s
Step  1461: OL  879.9  279.4  OA   97.5   8.5 CL   97.5   8.5 nm  0.057 s
Step  1478: OL  891.7  278.5  OA   99.9  14.7 CL   99.9  14.7 nm  0.064 s
Step  1495: OL  897.8  274.6  OA  102.6  27.2 CL  102.6  27.2 nm  0.057 s
Step  1512: OL  898.7  267.8  OA   99.6  12.9 CL   99.6  12.9 nm  0.058 s
Step  1529: OL  895.0  259.2  OA  100.5  14.7 CL  100.5  14.7 nm  0.058 s
Step  1535 updated high order loop gain: 0.381
Step  1546: OL  887.4  248.5  OA   99.5  10.0 CL   99.5  10.0 nm  0.058 s
Step  1563: OL  878.8  237.3  OA  100.8   4.1 CL  100.8   4.1 nm  0.064 s
Step  1581: OL  868.5  227.1  OA  101.3   9.0 CL  101.3   9.0 nm  0.063 s
Step  1598: OL  856.9  219.6  OA  103.5  10.4 CL  103.5  10.4 nm  0.058 s
Step 1599: Output PSF
Step  1599: OL  856.2  219.2  OA  104.3  11.5 CL  104.3  11.5 nm  2.232 s
Mean: 101.75 16.36 100.43  nm.

*** Simulation Finished at 2025/02/12 00:32:11 in nid008213. ***

