Warning(sock.c:516): connect locally (/global/homes/b/bpeck/.aos/tmp/nid008652/scheduler) failed: Invalid argument. 
/global/u2/b/bpeck/work/vismcao/maos -o studies/reduced_ngs/6_lgs/8mag_lgs/1750count -c master_files/reduced_ngs/6_lgs/8mag_lgs/kola_1750act.conf -O 
Output folder is 'studies/reduced_ngs/6_lgs/8mag_lgs/1750count'.
SRC: /global/homes/b/bpeck/code/maos v2.9 4c88b7c2 2024-11-13 16:45:33 -0800
BUILT: /global/homes/b/bpeck/code/maos/optim by GCC (v12) on 2024/11/18 09:40:03 CPU(F64,+O3) with CUDA(v122,F32)
Launched at 2025/02/11 23:56:33 in nid008652 with PID 769641.
The web based job monitor can be accessed at http://localhost:10300
Main config file is /global/u2/b/bpeck/work/vismcao/master_files/reduced_ngs/6_lgs/8mag_lgs/kola_1750act.conf
Warning(path.c:48): Path not found: path=/global/u2/b/bpeck/work/vismcao/master_files/reduced_ngs/6_lgs/8mag_lgs/bin; abspath=/global/u2/b/bpeck/work/vismcao/master_files/reduced_ngs/6_lgs/8mag_lgs/bin; Ignored.
Warning(path.c:48): Path not found: path=/global/u2/b/bpeck/work/vismcao/master_files/reduced_ngs/6_lgs/8mag_lgs/atm; abspath=/global/u2/b/bpeck/work/vismcao/master_files/reduced_ngs/6_lgs/8mag_lgs/atm; Ignored.
Warning(readcfg.c:399): sim.apfsm has been renamed to powfs.apfsm.
Warning(readcfg.c:399): sim.epfsm has been renamed to powfs.epfsm.
Warning(readcfg.c:399): sim.alfsm has been renamed to powfs.alfsm.
Warning(readcfg.c:399): sim.commonfsm has been renamed to powfs.commonfsm.
Warning(readcfg.c:399): sim.idealfsm has been renamed to powfs.idealfsm.
Warning(readcfg.c:399): sim.zetafsm has been renamed to powfs.zetafsm.
Warning(readcfg.c:399): sim.f0fsm has been renamed to powfs.f0fsm.
Warning(readcfg.c:399): tsurf has been renamed to ncpa.tsurf.
loaded 132 (132 new) records from '/global/u2/b/bpeck/work/vismcao/./keck_sim.conf'
loaded  19 ( 19 new) records from '/global/u2/b/bpeck/work/vismcao/./dm_none.conf'
loaded  19 (  0 new) records from '/global/u2/b/bpeck/work/vismcao/./keck_ASM.conf'
loaded  19 (  0 new) records from '/global/u2/b/bpeck/work/vismcao/./keck_DM2.conf'
loaded  19 (  0 new) records from '/global/u2/b/bpeck/work/vismcao/./keck_DM3.conf'
loaded   0 (  0 new) records from '/global/u2/b/bpeck/work/vismcao/./keck_dm_multiple.conf'
loaded   7 (  5 new) records from '/global/u2/b/bpeck/work/vismcao/./atm_mk13n50p_ground_detail.conf'
loaded  76 ( 69 new) records from '/global/homes/b/bpeck/code/maos/config/maos/powfs_common.conf'
loaded  44 ( 38 new) records from '/global/u2/b/bpeck/work/vismcao/./powfs_none.conf'
loaded  44 (  0 new) records from '/global/u2/b/bpeck/work/vismcao/./keck_shwfs_lgs.conf'
loaded  44 (  0 new) records from '/global/u2/b/bpeck/work/vismcao/./keck_shwfs_ttf_strap.conf'
loaded  44 (  0 new) records from '/global/u2/b/bpeck/work/vismcao/./keck_shwfs_twfs_lbwfs.conf'
loaded   0 (  0 new) records from '/global/u2/b/bpeck/work/vismcao/./keck_wfs_lgs_strap_lbwfs.conf'
loaded  71 ( 71 new) records from '/global/u2/b/bpeck/work/vismcao/./keck_recon.conf'
Warning(readcfg.c:399): dbg.na_smooth has been renamed to powfs0_llt.na_smooth.
Warning(readcfg.c:399): dbg.na_interp has been renamed to powfs0_llt.na_interp.
Warning(readcfg.c:399): dbg.na_thres has been renamed to powfs0_llt.na_thres.
Warning(readcfg.c:399): dbg.na_fit_maxit has been renamed to powfs0_llt.na_fit_maxit.
Warning(readcfg.c:399): dbg.na_fit_svdthres has been renamed to powfs0_llt.na_fit_svdthres.
Warning(readcfg.c:399): dbg.na_fit_dh has been renamed to powfs0_llt.na_fit_dh.
Warning(readcfg.c:399): dbg.ncpa_preload has been renamed to ncpa.preload.
Warning(readcfg.c:399): dbg.ncpa_rmsci has been renamed to ncpa.rmsci.
Warning(readcfg.c:399): dbg.draw_opdmax has been renamed to plot.opdmax.
Warning(readcfg.c:399): dbg.draw_gmax has been renamed to plot.gmax.
loaded  95 ( 93 new) records from '/global/u2/b/bpeck/work/vismcao/./keck_dbg.conf'
loaded   4 (  4 new) records from '/global/u2/b/bpeck/work/vismcao/./keck_fit_mcao.conf'
Warning(readcfg.c:399): surf has been renamed to ncpa.surf.
loaded  39 (  7 new) records from '/global/u2/b/bpeck/work/vismcao/master_files/reduced_ngs/6_lgs/8mag_lgs/kola_1750act.conf'
loaded   0 (  0 new) records from 'command line'
loaded  24 ( 18 new) records from '/global/u2/b/bpeck/work/vismcao/./keck_llt_CL.conf'
Adjust LGS range by telescope altitude 4145m.
Zenith angle is 30 degree.
    Scaling turbulence height and LGS hs by sec(za).
    Scaling r0 by cos(za)^(3/5).
    Scaling wind speed and LGS signal level by cos(za).
powfs0: Adjusting dx from 0.0078125 to 0.00776667. 
powfs0.llt.fsm: f0=0 Hz, LPF ep=0
powfs0.epfsm is set to 0.517618 (auto)
powfs2: Adjusting dx from 0.03125 to 0.0312778. 
powfs2 is TWFS for powfs0
sim.ephi is set to 0.427717 (auto)
sim.eplo is set to 0.427717 (auto)
Warning(parms.c:2296): Layer 1 at 17.3205m is very close to layer 0 at 0m (OK).
Warning(parms.c:2296): Layer 2 at 34.641m is very close to layer 1 at 17.3205m (OK).
Warning(parms.c:2296): Layer 3 at 51.9615m is very close to layer 2 at 34.641m (OK).
dm 0: stroke=30 um is provided in micron.
dm 0: assume ia stroke=2 um is provided in micron.
dm 1: stroke=7 um is provided in micron.
dm 1: assume ia stroke=2 um is provided in micron.
dm 2: stroke=7 um is provided in micron.
dm 2: assume ia stroke=2 um is provided in micron.
Focus blending is not implemented yet for integrated tomography
parms->sim.mffocus is reset to 0
There are 1 valid simulation seeds:  1
Output PSF for 1 directions
Used 449 of 456 supplied keys
Warning(readcfg.c:158): key "dbg.pwfs_flate" is not recognized, value is 0
Warning(readcfg.c:158): key "dbg.pwfs_flatv" is not recognized, value is 0
Warning(readcfg.c:158): key "dbg.pwfs_psx" is not recognized, value is [0 0 0 0]
Warning(readcfg.c:158): key "dbg.pwfs_psy" is not recognized, value is [0 0 0 0]
Warning(readcfg.c:158): key "dbg.pwfs_pupelong" is not recognized, value is 0
Warning(readcfg.c:158): key "dbg.pwfs_raw" is not recognized, value is 0
Warning(readcfg.c:158): key "dbg.pwfs_side" is not recognized, value is 4
[00;00mAperture[00;00m is 11 m with sampling 1/128 m
[00;00mTurbulence at 30 degree zenith angle:[00;00m r0=0.128424m, L0=30m, 14 layers.
    Greenwood freq is 25.1Hz, anisoplanatic angle is 1.58 as
    Sampled 8192x8192 at 1/128m. wind dir is randomized.
    layer 0: ht=      0 m, wt= 0.302, ws=  4.8 m/s
    layer 1: ht=     17 m, wt= 0.154, ws=  5.0 m/s
    layer 2: ht=     35 m, wt= 0.041, ws=  5.4 m/s
    layer 3: ht=     52 m, wt= 0.002, ws=  6.6 m/s
    layer 4: ht=    139 m, wt= 0.021, ws=  6.1 m/s
    layer 5: ht=    231 m, wt= 0.010, ws=  6.1 m/s
    layer 6: ht=    323 m, wt= 0.008, ws=  6.1 m/s
    layer 7: ht=    416 m, wt= 0.005, ws=  6.1 m/s
    layer 8: ht=    508 m, wt= 0.001, ws=  6.1 m/s
    layer 9: ht=    932 m, wt= 0.107, ws=  5.6 m/s
    layer 10: ht=   5022 m, wt= 0.144, ws= 11.1 m/s
    layer 11: ht=   9238 m, wt= 0.093, ws= 19.1 m/s
    layer 12: ht=  13856 m, wt= 0.075, ws=  8.2 m/s
    layer 13: ht=  22518 m, wt= 0.036, ws=  4.8 m/s
[00;00mReconstruction[00;00m: r0=0.128424m L0=30m. 14 layers. use cone coordinate.
    layer 0: ht=      0 m, wt= 0.302
    layer 1: ht=     17 m, wt= 0.154
    layer 2: ht=     35 m, wt= 0.041
    layer 3: ht=     52 m, wt= 0.002
    layer 4: ht=    139 m, wt= 0.021
    layer 5: ht=    231 m, wt= 0.010
    layer 6: ht=    323 m, wt= 0.008
    layer 7: ht=    416 m, wt= 0.005
    layer 8: ht=    508 m, wt= 0.001
    layer 9: ht=    932 m, wt= 0.107
    layer 10: ht=   5022 m, wt= 0.144
    layer 11: ht=   9238 m, wt= 0.093
    layer 12: ht=  13856 m, wt= 0.075
    layer 13: ht=  22518 m, wt= 0.036
[00;00mThere are 3 powfs[00;00m
  powfs0: Order 48, LGS at 99.1 km. Sampling 1/128.755 m. Thres 30%. [00;00mT/T is removed in right hand side in tomography.[00;00m
    CCD image is 25x25 @ 500x500 mas, blur 27% (sigma), 1500Hz, wvl: [ 5.89e-07]
    Gtilt in reconstruction. Physical optics start at 0 with [00;00m'matched filter'[00;00m [00;00m(noisy)[00;00m
  powfs1: Order  2, NGS at inf km. Sampling 1/16 m. Thres 30%. 
    Ztilt in reconstruction. Geomtric optics start at 2 with ztilt [00;00m(noisy)[00;00m
  powfs2: Order 20, NGS at inf km. Sampling 1/31.9716 m. Thres 50%. 
    CCD image is 4x4 @ 1500x1500 mas, blur 0% (sigma), 0.015Hz, wvl: [ 7.2e-07]
    Gtilt in reconstruction. Geomtric optics start at 50 with gtilt Physical optics start at 0 with [00;00m'matched filter'[00;00m [00;00m(noisy)[00;00m
[00;00mThere are 10 wfs[00;00m
    wfs 0: type 0, at (  30.00,    0.00) arcsec,  99 km, siglev is 65.0948 bkgrnd is 0.1
    wfs 1: type 0, at (  15.00,   25.98) arcsec,  99 km, siglev is 65.0948 bkgrnd is 0.1
    wfs 2: type 0, at ( -15.00,   25.98) arcsec,  99 km, siglev is 65.0948 bkgrnd is 0.1
    wfs 3: type 0, at ( -30.00,    0.00) arcsec,  99 km, siglev is 65.0948 bkgrnd is 0.1
    wfs 4: type 0, at ( -15.00,  -25.98) arcsec,  99 km, siglev is 65.0948 bkgrnd is 0.1
    wfs 5: type 0, at (  15.00,  -25.98) arcsec,  99 km, siglev is 65.0948 bkgrnd is 0.1
    wfs 6: type 1, at (   5.00,    8.66) arcsec, inf km, siglev is 42387.6 bkgrnd is 1.056
    wfs 7: type 1, at ( -10.00,    0.00) arcsec, inf km, siglev is 42387.6 bkgrnd is 1.056
    wfs 8: type 1, at (   5.00,   -8.66) arcsec, inf km, siglev is 42387.6 bkgrnd is 1.056
    wfs 9: type 2, at (   0.00,    0.00) arcsec, inf km, siglev is 4.1558e+06 bkgrnd is 0.001
[00;00mThere are 3 DMs[00;00m
  DM 0 at -0.1km, actuator pitch 0.233m, offset   0, with 30.000000 micron stroke.
    Normalized cubic influence function with inter-actuator coupling of 0.223
  DM 1 at    6km, actuator pitch 0.168m, offset   0, with 7.000000 micron stroke.
    Normalized cubic influence function with inter-actuator coupling of 0.223
  DM 2 at   10km, actuator pitch 0.168m, offset   0, with 7.000000 micron stroke.
    Normalized cubic influence function with inter-actuator coupling of 0.223
[00;00mTomography[00;00m is using CG, with [00;00mFourer Domain[00;00m preconditioner, [00;00m12[00;00m iterations, integrated tomo.
[00;00mDM Fitting [00;00mis using CG, with [00;00mNo[00;00m preconditioner, [00;00m10[00;00m iterations
[00;00mThere are 9 fit directions[00;00m
    Fit 0: weight is 0.444, at (   0.00,    0.00) arcsec
    Fit 1: weight is 0.111, at (  15.00,    0.00) arcsec
    Fit 2: weight is 0.111, at (   0.00,   15.00) arcsec
    Fit 3: weight is 0.111, at ( -15.00,    0.00) arcsec
    Fit 4: weight is 0.111, at (   0.00,  -15.00) arcsec
    Fit 5: weight is 0.028, at (  15.00,   15.00) arcsec
    Fit 6: weight is 0.028, at ( -15.00,   15.00) arcsec
    Fit 7: weight is 0.028, at ( -15.00,  -15.00) arcsec
    Fit 8: weight is 0.028, at (  15.00,  -15.00) arcsec
[00;00mThere are 1 evaluation directions[00;00m at sampling 1/128 m.
    Evl 0: weight is 1.000, at (   0.00,    0.00) arcsec
[00;00mSimulation[00;00m start at step 0, end at step 1600, with time step 1/1500s, [00;00mclose loop[00;00m.
After setup_parms:	120.6 MiB.
Warning(sock.c:516): connect locally (/global/homes/b/bpeck/.aos/tmp/nid008652/scheduler) failed: Invalid argument. 
CUDA: minimum memory requirement is 0.3GB
GPU 0 is NVIDIA A100-SXM4-80GB with arch 8.0, 78.6GB free, 79.0GB total device memory.
Using GPU 0
Use 1 GPUs for WFS Tomo Fit Evl

*** Preparation started at 2025/02/11 23:56:34 in nid008652. ***

Using OpenMP version 201511 with 128 threads
Reading aperture amplitude map from KECK.fits
Warning(accphi.c:477): 108260 points not covered by input screen
Warning(sock.c:516): connect locally (/global/homes/b/bpeck/.aos/tmp/nid008652/scheduler) failed: Invalid argument. 
 ->maos.c:447->setup.c:148->aper.c:74->utils.c:478->accphi.c:478
iwvl 0: Science PSF is using grid size of 2880. The PSF will sum to 6.95167232825486
iwvl 1: Science PSF is using grid size of 2880. The PSF will sum to 6.95167232825486
iwvl 2: Science PSF is using grid size of 2880. The PSF will sum to 6.95167232825486
iwvl 3: Science PSF is using grid size of 2880. The PSF will sum to 6.95167232825486
iwvl 4: Science PSF is using grid size of 2880. The PSF will sum to 6.95167232825486
iwvl 5: Science PSF is using grid size of 2880. The PSF will sum to 6.95167232825486
iwvl 6: Science PSF is using grid size of 2880. The PSF will sum to 6.95167232825486
iwvl 7: Science PSF is using grid size of 2880. The PSF will sum to 6.95167232825486
iwvl 8: Science PSF is using grid size of 2880. The PSF will sum to 6.95167232825486
After setup_aper:	344.9 MiB.

[00;00mSetting up powfs 0 geom[00;00m

There are 30 points in each subaperture of 0.233m.
There are 1383 valid subaperture.

[00;00mSetting up powfs 1 geom[00;00m

There are 88 points in each subaperture of 5.5m.
There are 4 valid subaperture.

[00;00mSetting up powfs 2 geom[00;00m

There are 18 points in each subaperture of 0.563m.
There are 236 valid subaperture.
After setup_powfs_init:	435.4 MiB.

[00;00mSetting up reconstructor geometry.[00;00m

PLOC is 99x99, with sampling of 0.12m (square)
    DM 0: grid is 51 x 51
    DM 1: grid is 75 x 75
    DM 2: grid is 81 x 79
FLOC is 99x99, with sampling of 0.12m (not square)
Tomography grid is square:
    layer 0: xloc grid is 180 x 180, sampling is 0.117 m, 32400 points
    layer 1: xloc grid is 180 x 180, sampling is 0.116 m, 32400 points
    layer 2: xloc grid is 180 x 180, sampling is 0.116 m, 32400 points
    layer 3: xloc grid is 180 x 180, sampling is 0.116 m, 32400 points
    layer 4: xloc grid is 180 x 180, sampling is 0.116 m, 32400 points
    layer 5: xloc grid is 180 x 180, sampling is 0.116 m, 32400 points
    layer 6: xloc grid is 180 x 180, sampling is 0.116 m, 32400 points
    layer 7: xloc grid is 180 x 180, sampling is 0.116 m, 32400 points
    layer 8: xloc grid is 180 x 180, sampling is 0.116 m, 32400 points
    layer 9: xloc grid is 180 x 180, sampling is 0.115 m, 32400 points
    layer 10: xloc grid is 180 x 180, sampling is 0.111 m, 32400 points
    layer 11: xloc grid is 180 x 180, sampling is 0.106 m, 32400 points
    layer 12: xloc grid is 180 x 180, sampling is 0.100 m, 32400 points
    layer 13: xloc grid is 180 x 180, sampling is 0.090 m, 32400 points

[00;00mSetting up powfs 0 PO WFS[00;00m

OTF dimension is 60x60 (calculated)
There is no bias
Uplink FWHM (illt 0, iwvl 0) is 0.577825"
Downlink FWHM (illt 0, iwvl 0) is 1.13399"
Generating matched filter for powfs 0
sa index   location       noise equivalent angle
     688: (  4.9,  -0.2) m, ( 82.59,  80.49) mas
     683: (  3.7,  -0.2) m, ( 87.90,  81.14) mas
     678: (  2.6,  -0.2) m, ( 95.99,  81.93) mas
     674: (  1.6,  -0.2) m, (103.25,  82.56) mas
     673: (  1.4,  -0.2) m, (105.45,  82.75) mas
     493: (  0.5,  -1.4) m, (113.41,  84.30) mas
     669: ( -1.9,  -0.2) m, (135.02,  84.99) mas
     665: ( -2.8,  -0.2) m, (144.41,  85.63) mas
     660: ( -4.0,  -0.2) m, (156.29,  86.38) mas
     655: ( -5.1,  -0.2) m, (168.42,  87.12) mas
     654: ( -5.4,  -0.2) m, (170.96,  87.27) mas
sa index   location       noise equivalent angle
    1339: (  2.3,   4.2) m, ( 81.09,  82.20) mas
    1282: (  2.1,   3.7) m, ( 81.71,  83.86) mas
    1122: (  1.4,   2.6) m, ( 84.07,  89.86) mas
    1053: (  1.2,   2.1) m, ( 85.10,  93.02) mas
     896: (  0.7,   1.2) m, ( 87.45, 100.18) mas
     529: (  0.9,  -1.2) m, ( 87.32, 120.49) mas
     447: ( -0.9,  -1.6) m, ( 97.85, 124.13) mas
     330: ( -1.4,  -2.3) m, (101.38, 130.90) mas
     261: ( -1.6,  -2.8) m, (103.09, 135.18) mas
     100: ( -2.3,  -4.0) m, (108.61, 146.59) mas
      15: ( -2.8,  -4.7) m, (112.51, 153.76) mas
sa index   location       noise equivalent angle
    1318: ( -2.6,   4.2) m, ( 81.09,  82.20) mas
    1263: ( -2.3,   3.7) m, ( 81.71,  83.86) mas
    1109: ( -1.6,   2.6) m, ( 84.07,  89.86) mas
    1042: ( -1.4,   2.1) m, ( 85.10,  93.02) mas
     889: ( -0.9,   1.2) m, ( 87.45, 100.18) mas
     748: (  1.2,   0.2) m, (107.04, 113.63) mas
     454: (  0.7,  -1.6) m, ( 97.85, 124.13) mas
     341: (  1.2,  -2.3) m, (101.38, 130.90) mas
     274: (  1.4,  -2.8) m, (103.09, 135.18) mas
     119: (  2.1,  -4.0) m, (108.61, 146.59) mas
      38: (  2.6,  -4.7) m, (112.51, 153.76) mas
sa index   location       noise equivalent angle
     655: ( -5.1,  -0.2) m, ( 82.59,  80.49) mas
     660: ( -4.0,  -0.2) m, ( 87.90,  81.14) mas
     665: ( -2.8,  -0.2) m, ( 95.99,  81.93) mas
     669: ( -1.9,  -0.2) m, (103.25,  82.56) mas
     670: ( -1.6,  -0.2) m, (105.45,  82.75) mas
     894: (  0.2,   1.2) m, (128.59,  90.10) mas
     674: (  1.6,  -0.2) m, (135.02,  84.99) mas
     678: (  2.6,  -0.2) m, (144.41,  85.63) mas
     683: (  3.7,  -0.2) m, (156.29,  86.38) mas
     688: (  4.9,  -0.2) m, (168.42,  87.12) mas
     689: (  5.1,  -0.2) m, (170.96,  87.27) mas
sa index   location       noise equivalent angle
      43: ( -2.6,  -4.4) m, ( 81.09,  82.20) mas
     100: ( -2.3,  -4.0) m, ( 81.71,  83.86) mas
     261: ( -1.6,  -2.8) m, ( 84.07,  89.86) mas
     330: ( -1.4,  -2.3) m, ( 85.10,  93.02) mas
     487: ( -0.9,  -1.4) m, ( 87.45, 100.18) mas
     634: (  1.2,  -0.5) m, (107.81, 114.49) mas
     936: (  0.7,   1.4) m, ( 97.85, 124.13) mas
    1053: (  1.2,   2.1) m, (101.38, 130.90) mas
    1122: (  1.4,   2.6) m, (103.09, 135.18) mas
    1282: (  2.1,   3.7) m, (108.61, 146.59) mas
    1367: (  2.6,   4.4) m, (112.51, 153.76) mas
sa index   location       noise equivalent angle
      64: (  2.3,  -4.4) m, ( 81.09,  82.20) mas
     119: (  2.1,  -4.0) m, ( 81.71,  83.86) mas
     274: (  1.4,  -2.8) m, ( 84.07,  89.86) mas
     341: (  1.2,  -2.3) m, ( 85.10,  93.02) mas
     494: (  0.7,  -1.4) m, ( 87.45, 100.18) mas
     856: (  0.7,   0.9) m, ( 93.61, 126.96) mas
     929: ( -0.9,   1.4) m, ( 97.85, 124.13) mas
    1042: ( -1.4,   2.1) m, (101.38, 130.90) mas
    1109: ( -1.6,   2.6) m, (103.09, 135.18) mas
    1263: ( -2.3,   3.7) m, (108.61, 146.59) mas
    1344: ( -2.8,   4.4) m, (112.51, 153.76) mas

[00;00mSetting up powfs 2 PO WFS[00;00m

OTF dimension is 48x48 (calculated)
Generating matched filter for powfs 2
Use sanea to derive neasim
Use sanea to derive neasim

[00;00mSetting up reconstructor[00;00m

Recon NEA: cmf(108.25) cmf(108.22) cmf(108.26) cmf(108.30) cmf(108.21) cmf(108.18) geom(0.31) geom(0.31) geom(0.31) mf(0.14)  mas
Setup or update control matrix parameters.
RRtwfs svd threshold is 1e-10
Replacing HA by HA*fit->actextrap
Adding piston cr to fit matrix
Adding TT cr on upper DMs to fit matrix.
Before assembling fit matrix:	2952.5 MiB.
Building fit->FR
Building fit->FL
Adding tikhonov constraint of 1.0e-07 to FLM
The maximum eigen value is estimated to be around 3.4e-04
DM Fit number of Low rank terms: 16 in LHS
After assemble fit matrix:	3867.7 MiB.
After setup_recon:	3867.7 MiB.
GPU 0: mem used 1502 MB (wfs init)
GPU 0: mem used 2056 MB (recon init)
GPU 0: mem used 2086 MB (perf init)

*** Simulation started at 2025/02/11 23:58:09 in nid008652. ***

Running seed 1
GPU 0: mem used 2086 MB (wfs seeding)
Wind dir: 267.3 261.7 167.0 130.5 300.7  32.3 119.8 139.0 150.8 277.7 203.0 133.1  45.9 265.1 deg
Using /global/homes/b/bpeck/.aos/cache/atm/vonkarman_14_8192x8192_0.0078125_1115374592d.bin
After genatm:	3828.3 MiB.
Step     #  Open Loop  PR TT  On axis  PR TT  Field RMS PR TT     Timing 
Step     0: OL  884.6  248.3  OA  884.6 248.3 CL  884.6 248.3 nm  0.670 s
Step    25: OL  923.9  257.3  OA  129.2  11.9 CL  129.2  11.9 nm  0.036 s
Step    51: OL  963.3  261.1  OA  131.9  23.9 CL  131.9  23.9 nm  0.035 s
Step    78: OL 1003.7  258.8  OA  126.9  10.3 CL  126.9  10.3 nm  0.043 s
Step   105: OL 1045.0  257.4  OA  124.8   7.6 CL  124.8   7.6 nm  0.035 s
Step   131: OL 1083.4  260.5  OA  129.6  11.5 CL  129.6  11.5 nm  0.036 s
Step   158: OL 1117.6  271.0  OA  129.2   3.7 CL  129.2   3.7 nm  0.038 s
Step   182: OL 1140.2  285.1  OA  132.2  22.1 CL  132.2  22.1 nm  0.058 s
Step   209: OL 1155.3  302.5  OA  122.6   0.2 CL  122.6   0.2 nm  0.036 s
Step   236: OL 1160.5  320.0  OA  124.6   9.0 CL  124.6   9.0 nm  0.044 s
Step   255 updated high order loop gain: 0.381
Step   261: OL 1153.9  337.7  OA  128.5  11.1 CL  128.5  11.1 nm  0.037 s
Step   287: OL 1132.9  356.9  OA  126.5  13.2 CL  126.5  13.2 nm  0.037 s
Step   313: OL 1104.0  379.9  OA  122.4  11.9 CL  122.4  11.9 nm  0.037 s
Step   340: OL 1069.0  408.4  OA  121.6  13.8 CL  121.6  13.8 nm  0.052 s
Step   366: OL 1036.4  442.8  OA  121.6  22.9 CL  121.6  22.9 nm  0.037 s
Step   393: OL 1006.1  481.7  OA  129.8  16.3 CL  129.8  16.3 nm  0.037 s
Step   418: OL  978.8  516.8  OA  123.7  10.2 CL  123.7  10.2 nm  0.079 s
Step   445: OL  949.6  552.5  OA  119.7  14.8 CL  119.7  14.8 nm  0.036 s
Step   472: OL  929.5  587.7  OA  127.4  14.4 CL  127.4  14.4 nm  0.040 s
Step   499: OL  925.8  620.9  OA  133.3  19.6 CL  133.3  19.6 nm  0.036 s
Step   511 updated high order loop gain: 0.354
Step   525: OL  932.1  647.3  OA  132.4  21.7 CL  132.4  21.7 nm  0.047 s
Step   552: OL  947.2  663.9  OA  129.5  16.0 CL  129.5  16.0 nm  0.036 s
Step   578: OL  970.0  670.2  OA  124.4   4.6 CL  124.4   4.6 nm  0.038 s
Step   605: OL 1000.0  667.4  OA  120.8   4.3 CL  120.8   4.3 nm  0.037 s
Step   631: OL 1030.5  653.9  OA  122.1  12.3 CL  122.1  12.3 nm  0.044 s
Step   658: OL 1059.0  631.0  OA  122.7   7.8 CL  122.7   7.8 nm  0.036 s
Step   684: OL 1082.4  604.3  OA  129.4   4.5 CL  129.4   4.5 nm  0.036 s
Step   711: OL 1101.1  573.7  OA  128.9  14.1 CL  128.9  14.1 nm  0.036 s
Step   738: OL 1108.1  540.3  OA  126.8  13.2 CL  126.8  13.2 nm  0.046 s
Step   765: OL 1102.4  507.9  OA  129.6   6.5 CL  129.6   6.5 nm  0.035 s
Step   767 updated high order loop gain: 0.344
Step   791: OL 1084.7  478.5  OA  130.8  19.2 CL  130.8  19.2 nm  0.042 s
Step   817: OL 1055.8  449.5  OA  129.2  15.2 CL  129.2  15.2 nm  0.035 s
Step   838: OL 1025.5  426.7  OA  126.0  10.2 CL  126.0  10.2 nm  0.047 s
Step   865: OL  982.8  400.5  OA  127.0  14.3 CL  127.0  14.3 nm  0.036 s
Step   892: OL  941.4  380.0  OA  129.2  28.1 CL  129.2  28.1 nm  0.045 s
Step   919: OL  897.4  364.8  OA  127.8  22.3 CL  127.8  22.3 nm  0.036 s
Step   944: OL  857.2  353.0  OA  125.0  21.7 CL  125.0  21.7 nm  0.054 s
Step   969: OL  822.2  340.0  OA  126.6  16.2 CL  126.6  16.2 nm  0.035 s
Step   996: OL  793.8  322.6  OA  126.8  14.9 CL  126.8  14.9 nm  0.043 s
Step  1023: OL  771.9  302.2  OA  133.1   0.8 CL  133.1   0.8 nm  0.037 s
Step  1023 updated high order loop gain: 0.341
Step  1046: OL  758.5  283.2  OA  133.1  17.7 CL  133.1  17.7 nm  0.037 s
Step  1072: OL  745.8  257.5  OA  134.0  27.8 CL  134.0  27.8 nm  0.036 s
Step  1099: OL  740.4  226.6  OA  130.0  28.9 CL  130.0  28.9 nm  0.035 s
Step  1126: OL  740.9  200.3  OA  129.6  26.4 CL  129.6  26.4 nm  0.035 s
Step  1153: OL  743.1  181.8  OA  125.0  20.6 CL  125.0  20.6 nm  0.037 s
Step  1180: OL  745.0  171.6  OA  127.5  29.1 CL  127.5  29.1 nm  0.044 s
Step  1205: OL  749.5  166.4  OA  124.0  26.8 CL  124.0  26.8 nm  0.037 s
Step  1232: OL  753.9  163.9  OA  123.7  16.7 CL  123.7  16.7 nm  0.035 s
Step  1259: OL  756.0  169.3  OA  124.9  25.2 CL  124.9  25.2 nm  0.036 s
Step  1279 updated high order loop gain: 0.337
Step  1286: OL  760.3  182.9  OA  126.5  23.2 CL  126.5  23.2 nm  0.036 s
Step  1307: OL  765.9  197.0  OA  132.2  24.7 CL  132.2  24.7 nm  0.037 s
Step  1334: OL  773.9  219.0  OA  131.3  24.6 CL  131.3  24.6 nm  0.035 s
Step  1360: OL  788.1  242.3  OA  130.0  16.0 CL  130.0  16.0 nm  0.041 s
Step  1387: OL  808.5  260.3  OA  128.6  28.2 CL  128.6  28.2 nm  0.037 s
Step  1414: OL  835.4  271.0  OA  128.7  21.6 CL  128.7  21.6 nm  0.037 s
Step  1440: OL  864.0  276.9  OA  128.6  18.1 CL  128.6  18.1 nm  0.036 s
Step  1466: OL  889.3  279.4  OA  128.0  21.2 CL  128.0  21.2 nm  0.044 s
Step  1493: OL  903.7  275.1  OA  130.3  16.8 CL  130.3  16.8 nm  0.036 s
Step  1520: OL  904.2  263.9  OA  129.4  16.7 CL  129.4  16.7 nm  0.036 s
Step  1535 updated high order loop gain: 0.330
Step  1546: OL  894.1  248.4  OA  129.1  18.6 CL  129.1  18.6 nm  0.035 s
Step  1573: OL  879.3  231.2  OA  133.1  14.6 CL  133.1  14.6 nm  0.036 s
Step 1599: Output PSF
Step  1599: OL  861.0  219.1  OA  132.0  10.3 CL  132.0  10.3 nm  5.174 s
Mean: 127.81 19.06 126.38  nm.

*** Simulation Finished at 2025/02/11 23:59:24 in nid008652. ***

