Warning(sock.c:516): connect locally (/global/homes/b/bpeck/.aos/tmp/nid008213/scheduler) failed: Invalid argument. 
/global/u2/b/bpeck/work/vismcao/maos -o studies/reduced_ngs/10_lgs/8mag_lgs/1750count -c master_files/reduced_ngs/10_lgs/8mag_lgs/kola_1750act.conf -O 
Output folder is 'studies/reduced_ngs/10_lgs/8mag_lgs/1750count'.
SRC: /global/homes/b/bpeck/code/maos v2.9 4c88b7c2 2024-11-13 16:45:33 -0800
BUILT: /global/homes/b/bpeck/code/maos/optim by GCC (v12) on 2024/11/18 09:40:03 CPU(F64,+O3) with CUDA(v122,F32)
Launched at 2025/02/12 00:22:19 in nid008213 with PID 711063.
The web based job monitor can be accessed at http://localhost:10300
Main config file is /global/u2/b/bpeck/work/vismcao/master_files/reduced_ngs/10_lgs/8mag_lgs/kola_1750act.conf
Warning(path.c:48): Path not found: path=/global/u2/b/bpeck/work/vismcao/master_files/reduced_ngs/10_lgs/8mag_lgs/bin; abspath=/global/u2/b/bpeck/work/vismcao/master_files/reduced_ngs/10_lgs/8mag_lgs/bin; Ignored.
Warning(path.c:48): Path not found: path=/global/u2/b/bpeck/work/vismcao/master_files/reduced_ngs/10_lgs/8mag_lgs/atm; abspath=/global/u2/b/bpeck/work/vismcao/master_files/reduced_ngs/10_lgs/8mag_lgs/atm; Ignored.
Warning(readcfg.c:399): sim.apfsm has been renamed to powfs.apfsm.
Warning(readcfg.c:399): sim.epfsm has been renamed to powfs.epfsm.
Warning(readcfg.c:399): sim.alfsm has been renamed to powfs.alfsm.
Warning(readcfg.c:399): sim.commonfsm has been renamed to powfs.commonfsm.
Warning(readcfg.c:399): sim.idealfsm has been renamed to powfs.idealfsm.
Warning(readcfg.c:399): sim.zetafsm has been renamed to powfs.zetafsm.
Warning(readcfg.c:399): sim.f0fsm has been renamed to powfs.f0fsm.
Warning(readcfg.c:399): tsurf has been renamed to ncpa.tsurf.
loaded 132 (132 new) records from '/global/u2/b/bpeck/work/vismcao/./keck_sim.conf'
loaded  19 ( 19 new) records from '/global/u2/b/bpeck/work/vismcao/./dm_none.conf'
loaded  19 (  0 new) records from '/global/u2/b/bpeck/work/vismcao/./keck_ASM.conf'
loaded  19 (  0 new) records from '/global/u2/b/bpeck/work/vismcao/./keck_DM2.conf'
loaded  19 (  0 new) records from '/global/u2/b/bpeck/work/vismcao/./keck_DM3.conf'
loaded   0 (  0 new) records from '/global/u2/b/bpeck/work/vismcao/./keck_dm_multiple.conf'
loaded   7 (  5 new) records from '/global/u2/b/bpeck/work/vismcao/./atm_mk13n50p_ground_detail.conf'
loaded  76 ( 69 new) records from '/global/homes/b/bpeck/code/maos/config/maos/powfs_common.conf'
loaded  44 ( 38 new) records from '/global/u2/b/bpeck/work/vismcao/./powfs_none.conf'
loaded  44 (  0 new) records from '/global/u2/b/bpeck/work/vismcao/./keck_shwfs_lgs.conf'
loaded  44 (  0 new) records from '/global/u2/b/bpeck/work/vismcao/./keck_shwfs_ttf_strap.conf'
loaded  44 (  0 new) records from '/global/u2/b/bpeck/work/vismcao/./keck_shwfs_twfs_lbwfs.conf'
loaded   0 (  0 new) records from '/global/u2/b/bpeck/work/vismcao/./keck_wfs_lgs_strap_lbwfs.conf'
loaded  71 ( 71 new) records from '/global/u2/b/bpeck/work/vismcao/./keck_recon.conf'
Warning(readcfg.c:399): dbg.na_smooth has been renamed to powfs0_llt.na_smooth.
Warning(readcfg.c:399): dbg.na_interp has been renamed to powfs0_llt.na_interp.
Warning(readcfg.c:399): dbg.na_thres has been renamed to powfs0_llt.na_thres.
Warning(readcfg.c:399): dbg.na_fit_maxit has been renamed to powfs0_llt.na_fit_maxit.
Warning(readcfg.c:399): dbg.na_fit_svdthres has been renamed to powfs0_llt.na_fit_svdthres.
Warning(readcfg.c:399): dbg.na_fit_dh has been renamed to powfs0_llt.na_fit_dh.
Warning(readcfg.c:399): dbg.ncpa_preload has been renamed to ncpa.preload.
Warning(readcfg.c:399): dbg.ncpa_rmsci has been renamed to ncpa.rmsci.
Warning(readcfg.c:399): dbg.draw_opdmax has been renamed to plot.opdmax.
Warning(readcfg.c:399): dbg.draw_gmax has been renamed to plot.gmax.
loaded  95 ( 93 new) records from '/global/u2/b/bpeck/work/vismcao/./keck_dbg.conf'
loaded   4 (  4 new) records from '/global/u2/b/bpeck/work/vismcao/./keck_fit_mcao.conf'
Warning(readcfg.c:399): surf has been renamed to ncpa.surf.
loaded  39 (  7 new) records from '/global/u2/b/bpeck/work/vismcao/master_files/reduced_ngs/10_lgs/8mag_lgs/kola_1750act.conf'
loaded   0 (  0 new) records from 'command line'
loaded  24 ( 18 new) records from '/global/u2/b/bpeck/work/vismcao/./keck_llt_CL.conf'
Adjust LGS range by telescope altitude 4145m.
Zenith angle is 30 degree.
    Scaling turbulence height and LGS hs by sec(za).
    Scaling r0 by cos(za)^(3/5).
    Scaling wind speed and LGS signal level by cos(za).
powfs0: Adjusting dx from 0.0078125 to 0.00776667. 
powfs0.llt.fsm: f0=0 Hz, LPF ep=0
powfs0.epfsm is set to 0.517618 (auto)
powfs2: Adjusting dx from 0.03125 to 0.0312778. 
powfs2 is TWFS for powfs0
sim.ephi is set to 0.427717 (auto)
sim.eplo is set to 0.427717 (auto)
Warning(parms.c:2296): Layer 1 at 17.3205m is very close to layer 0 at 0m (OK).
Warning(parms.c:2296): Layer 2 at 34.641m is very close to layer 1 at 17.3205m (OK).
Warning(parms.c:2296): Layer 3 at 51.9615m is very close to layer 2 at 34.641m (OK).
dm 0: stroke=30 um is provided in micron.
dm 0: assume ia stroke=2 um is provided in micron.
dm 1: stroke=7 um is provided in micron.
dm 1: assume ia stroke=2 um is provided in micron.
dm 2: stroke=7 um is provided in micron.
dm 2: assume ia stroke=2 um is provided in micron.
Focus blending is not implemented yet for integrated tomography
parms->sim.mffocus is reset to 0
There are 1 valid simulation seeds:  1
Output PSF for 1 directions
Used 449 of 456 supplied keys
Warning(readcfg.c:158): key "dbg.pwfs_flate" is not recognized, value is 0
Warning(readcfg.c:158): key "dbg.pwfs_flatv" is not recognized, value is 0
Warning(readcfg.c:158): key "dbg.pwfs_psx" is not recognized, value is [0 0 0 0]
Warning(readcfg.c:158): key "dbg.pwfs_psy" is not recognized, value is [0 0 0 0]
Warning(readcfg.c:158): key "dbg.pwfs_pupelong" is not recognized, value is 0
Warning(readcfg.c:158): key "dbg.pwfs_raw" is not recognized, value is 0
Warning(readcfg.c:158): key "dbg.pwfs_side" is not recognized, value is 4
[00;00mAperture[00;00m is 11 m with sampling 1/128 m
[00;00mTurbulence at 30 degree zenith angle:[00;00m r0=0.128424m, L0=30m, 14 layers.
    Greenwood freq is 25.1Hz, anisoplanatic angle is 1.58 as
    Sampled 8192x8192 at 1/128m. wind dir is randomized.
    layer 0: ht=      0 m, wt= 0.302, ws=  4.8 m/s
    layer 1: ht=     17 m, wt= 0.154, ws=  5.0 m/s
    layer 2: ht=     35 m, wt= 0.041, ws=  5.4 m/s
    layer 3: ht=     52 m, wt= 0.002, ws=  6.6 m/s
    layer 4: ht=    139 m, wt= 0.021, ws=  6.1 m/s
    layer 5: ht=    231 m, wt= 0.010, ws=  6.1 m/s
    layer 6: ht=    323 m, wt= 0.008, ws=  6.1 m/s
    layer 7: ht=    416 m, wt= 0.005, ws=  6.1 m/s
    layer 8: ht=    508 m, wt= 0.001, ws=  6.1 m/s
    layer 9: ht=    932 m, wt= 0.107, ws=  5.6 m/s
    layer 10: ht=   5022 m, wt= 0.144, ws= 11.1 m/s
    layer 11: ht=   9238 m, wt= 0.093, ws= 19.1 m/s
    layer 12: ht=  13856 m, wt= 0.075, ws=  8.2 m/s
    layer 13: ht=  22518 m, wt= 0.036, ws=  4.8 m/s
[00;00mReconstruction[00;00m: r0=0.128424m L0=30m. 14 layers. use cone coordinate.
    layer 0: ht=      0 m, wt= 0.302
    layer 1: ht=     17 m, wt= 0.154
    layer 2: ht=     35 m, wt= 0.041
    layer 3: ht=     52 m, wt= 0.002
    layer 4: ht=    139 m, wt= 0.021
    layer 5: ht=    231 m, wt= 0.010
    layer 6: ht=    323 m, wt= 0.008
    layer 7: ht=    416 m, wt= 0.005
    layer 8: ht=    508 m, wt= 0.001
    layer 9: ht=    932 m, wt= 0.107
    layer 10: ht=   5022 m, wt= 0.144
    layer 11: ht=   9238 m, wt= 0.093
    layer 12: ht=  13856 m, wt= 0.075
    layer 13: ht=  22518 m, wt= 0.036
[00;00mThere are 3 powfs[00;00m
  powfs0: Order 48, LGS at 99.1 km. Sampling 1/128.755 m. Thres 30%. [00;00mT/T is removed in right hand side in tomography.[00;00m
    CCD image is 25x25 @ 500x500 mas, blur 27% (sigma), 1500Hz, wvl: [ 5.89e-07]
    Gtilt in reconstruction. Physical optics start at 0 with [00;00m'matched filter'[00;00m [00;00m(noisy)[00;00m
  powfs1: Order  2, NGS at inf km. Sampling 1/16 m. Thres 30%. 
    Ztilt in reconstruction. Geomtric optics start at 2 with ztilt [00;00m(noisy)[00;00m
  powfs2: Order 20, NGS at inf km. Sampling 1/31.9716 m. Thres 50%. 
    CCD image is 4x4 @ 1500x1500 mas, blur 0% (sigma), 0.015Hz, wvl: [ 7.2e-07]
    Gtilt in reconstruction. Geomtric optics start at 50 with gtilt Physical optics start at 0 with [00;00m'matched filter'[00;00m [00;00m(noisy)[00;00m
[00;00mThere are 14 wfs[00;00m
    wfs 0: type 0, at (  30.00,    0.00) arcsec,  99 km, siglev is 65.0948 bkgrnd is 0.1
    wfs 1: type 0, at (  24.27,   17.63) arcsec,  99 km, siglev is 65.0948 bkgrnd is 0.1
    wfs 2: type 0, at (   9.27,   28.53) arcsec,  99 km, siglev is 65.0948 bkgrnd is 0.1
    wfs 3: type 0, at (  -9.27,   28.53) arcsec,  99 km, siglev is 65.0948 bkgrnd is 0.1
    wfs 4: type 0, at ( -24.27,   17.63) arcsec,  99 km, siglev is 65.0948 bkgrnd is 0.1
    wfs 5: type 0, at ( -30.00,    0.00) arcsec,  99 km, siglev is 65.0948 bkgrnd is 0.1
    wfs 6: type 0, at ( -24.27,  -17.63) arcsec,  99 km, siglev is 65.0948 bkgrnd is 0.1
    wfs 7: type 0, at (  -9.27,  -28.53) arcsec,  99 km, siglev is 65.0948 bkgrnd is 0.1
    wfs 8: type 0, at (   9.27,  -28.53) arcsec,  99 km, siglev is 65.0948 bkgrnd is 0.1
    wfs 9: type 0, at (  24.27,  -17.63) arcsec,  99 km, siglev is 65.0948 bkgrnd is 0.1
    wfs 10: type 1, at (   5.00,    8.66) arcsec, inf km, siglev is 42387.6 bkgrnd is 1.056
    wfs 11: type 1, at ( -10.00,    0.00) arcsec, inf km, siglev is 42387.6 bkgrnd is 1.056
    wfs 12: type 1, at (   5.00,   -8.66) arcsec, inf km, siglev is 42387.6 bkgrnd is 1.056
    wfs 13: type 2, at (   0.00,    0.00) arcsec, inf km, siglev is 4.1558e+06 bkgrnd is 0.001
[00;00mThere are 3 DMs[00;00m
  DM 0 at -0.1km, actuator pitch 0.233m, offset   0, with 30.000000 micron stroke.
    Normalized cubic influence function with inter-actuator coupling of 0.223
  DM 1 at    6km, actuator pitch 0.168m, offset   0, with 7.000000 micron stroke.
    Normalized cubic influence function with inter-actuator coupling of 0.223
  DM 2 at   10km, actuator pitch 0.168m, offset   0, with 7.000000 micron stroke.
    Normalized cubic influence function with inter-actuator coupling of 0.223
[00;00mTomography[00;00m is using CG, with [00;00mFourer Domain[00;00m preconditioner, [00;00m12[00;00m iterations, integrated tomo.
[00;00mDM Fitting [00;00mis using CG, with [00;00mNo[00;00m preconditioner, [00;00m10[00;00m iterations
[00;00mThere are 9 fit directions[00;00m
    Fit 0: weight is 0.444, at (   0.00,    0.00) arcsec
    Fit 1: weight is 0.111, at (  15.00,    0.00) arcsec
    Fit 2: weight is 0.111, at (   0.00,   15.00) arcsec
    Fit 3: weight is 0.111, at ( -15.00,    0.00) arcsec
    Fit 4: weight is 0.111, at (   0.00,  -15.00) arcsec
    Fit 5: weight is 0.028, at (  15.00,   15.00) arcsec
    Fit 6: weight is 0.028, at ( -15.00,   15.00) arcsec
    Fit 7: weight is 0.028, at ( -15.00,  -15.00) arcsec
    Fit 8: weight is 0.028, at (  15.00,  -15.00) arcsec
[00;00mThere are 1 evaluation directions[00;00m at sampling 1/128 m.
    Evl 0: weight is 1.000, at (   0.00,    0.00) arcsec
[00;00mSimulation[00;00m start at step 0, end at step 1600, with time step 1/1500s, [00;00mclose loop[00;00m.
After setup_parms:	120.5 MiB.
Warning(sock.c:516): connect locally (/global/homes/b/bpeck/.aos/tmp/nid008213/scheduler) failed: Invalid argument. 
CUDA: minimum memory requirement is 0.4GB
GPU 0 is NVIDIA A100-SXM4-80GB with arch 8.0, 78.6GB free, 79.0GB total device memory.
Using GPU 0
Use 1 GPUs for WFS Tomo Fit Evl

*** Preparation started at 2025/02/12 00:22:21 in nid008213. ***

Using OpenMP version 201511 with 128 threads
Reading aperture amplitude map from KECK.fits
Warning(accphi.c:477): 108650 points not covered by input screen
Warning(sock.c:516): connect locally (/global/homes/b/bpeck/.aos/tmp/nid008213/scheduler) failed: Invalid argument. 
 ->maos.c:447->setup.c:148->aper.c:74->utils.c:478->accphi.c:478
iwvl 0: Science PSF is using grid size of 2880. The PSF will sum to 6.95167232825486
iwvl 1: Science PSF is using grid size of 2880. The PSF will sum to 6.95167232825486
iwvl 2: Science PSF is using grid size of 2880. The PSF will sum to 6.95167232825486
iwvl 3: Science PSF is using grid size of 2880. The PSF will sum to 6.95167232825486
iwvl 4: Science PSF is using grid size of 2880. The PSF will sum to 6.95167232825486
iwvl 5: Science PSF is using grid size of 2880. The PSF will sum to 6.95167232825486
iwvl 6: Science PSF is using grid size of 2880. The PSF will sum to 6.95167232825486
iwvl 7: Science PSF is using grid size of 2880. The PSF will sum to 6.95167232825486
iwvl 8: Science PSF is using grid size of 2880. The PSF will sum to 6.95167232825486
After setup_aper:	344.7 MiB.

[00;00mSetting up powfs 0 geom[00;00m

There are 30 points in each subaperture of 0.233m.
There are 1383 valid subaperture.

[00;00mSetting up powfs 1 geom[00;00m

There are 88 points in each subaperture of 5.5m.
There are 4 valid subaperture.

[00;00mSetting up powfs 2 geom[00;00m

There are 18 points in each subaperture of 0.563m.
There are 236 valid subaperture.
After setup_powfs_init:	435.2 MiB.

[00;00mSetting up reconstructor geometry.[00;00m

PLOC is 99x99, with sampling of 0.12m (square)
    DM 0: grid is 51 x 51
    DM 1: grid is 75 x 75
    DM 2: grid is 81 x 79
FLOC is 99x99, with sampling of 0.12m (not square)
Tomography grid is square:
    layer 0: xloc grid is 180 x 180, sampling is 0.117 m, 32400 points
    layer 1: xloc grid is 180 x 180, sampling is 0.116 m, 32400 points
    layer 2: xloc grid is 180 x 180, sampling is 0.116 m, 32400 points
    layer 3: xloc grid is 180 x 180, sampling is 0.116 m, 32400 points
    layer 4: xloc grid is 180 x 180, sampling is 0.116 m, 32400 points
    layer 5: xloc grid is 180 x 180, sampling is 0.116 m, 32400 points
    layer 6: xloc grid is 180 x 180, sampling is 0.116 m, 32400 points
    layer 7: xloc grid is 180 x 180, sampling is 0.116 m, 32400 points
    layer 8: xloc grid is 180 x 180, sampling is 0.116 m, 32400 points
    layer 9: xloc grid is 180 x 180, sampling is 0.115 m, 32400 points
    layer 10: xloc grid is 180 x 180, sampling is 0.111 m, 32400 points
    layer 11: xloc grid is 180 x 180, sampling is 0.106 m, 32400 points
    layer 12: xloc grid is 180 x 180, sampling is 0.100 m, 32400 points
    layer 13: xloc grid is 180 x 180, sampling is 0.090 m, 32400 points

[00;00mSetting up powfs 0 PO WFS[00;00m

OTF dimension is 60x60 (calculated)
There is no bias
Uplink FWHM (illt 0, iwvl 0) is 0.577825"
Downlink FWHM (illt 0, iwvl 0) is 1.13399"
Generating matched filter for powfs 0
sa index   location       noise equivalent angle
     688: (  4.9,  -0.2) m, ( 82.59,  80.49) mas
     683: (  3.7,  -0.2) m, ( 87.90,  81.14) mas
     678: (  2.6,  -0.2) m, ( 95.99,  81.93) mas
     674: (  1.6,  -0.2) m, (103.25,  82.56) mas
     673: (  1.4,  -0.2) m, (105.46,  82.75) mas
     493: (  0.5,  -1.4) m, (113.41,  84.30) mas
     669: ( -1.9,  -0.2) m, (135.02,  84.99) mas
     665: ( -2.8,  -0.2) m, (144.43,  85.63) mas
     660: ( -4.0,  -0.2) m, (156.30,  86.38) mas
     655: ( -5.1,  -0.2) m, (168.43,  87.12) mas
     654: ( -5.4,  -0.2) m, (170.95,  87.27) mas
sa index   location       noise equivalent angle
    1096: (  3.3,   2.3) m, ( 84.24,  82.63) mas
    1023: (  2.6,   1.9) m, ( 90.70,  87.25) mas
     900: (  1.6,   1.2) m, ( 93.61,  87.79) mas
     820: (  0.9,   0.7) m, (104.22,  95.38) mas
     493: (  0.5,  -1.4) m, (102.39, 105.90) mas
     525: ( -1.4,  -1.2) m, (118.03, 103.81) mas
     483: ( -1.9,  -1.4) m, (122.44, 105.73) mas
     360: ( -2.8,  -2.1) m, (134.64, 114.44) mas
     287: ( -3.5,  -2.6) m, (137.73, 115.33) mas
       1: ( -2.6,  -4.9) m, (130.94, 140.28) mas
sa index   location       noise equivalent angle
    1364: (  1.9,   4.4) m, ( 80.55,  83.09) mas
    1278: (  1.2,   3.7) m, ( 81.41,  86.13) mas
    1188: (  0.9,   3.0) m, ( 82.29,  90.34) mas
     975: (  0.5,   1.6) m, ( 83.82, 100.61) mas
     894: (  0.2,   1.2) m, ( 89.06, 110.51) mas
     634: (  1.2,  -0.5) m, ( 89.85, 126.33) mas
     448: ( -0.7,  -1.6) m, ( 89.38, 129.67) mas
     408: ( -0.7,  -1.9) m, ( 89.50, 132.07) mas
     195: ( -1.2,  -3.3) m, ( 92.47, 145.90) mas
     104: ( -1.4,  -4.0) m, ( 93.90, 152.90) mas
       2: ( -2.3,  -4.9) m, (106.33, 171.53) mas
sa index   location       noise equivalent angle
    1347: ( -2.1,   4.4) m, ( 80.55,  83.09) mas
    1267: ( -1.4,   3.7) m, ( 81.41,  86.13) mas
    1179: ( -1.2,   3.0) m, ( 82.35,  90.37) mas
     970: ( -0.7,   1.6) m, ( 83.82, 100.61) mas
     891: ( -0.5,   1.2) m, ( 89.72, 111.30) mas
     748: (  1.2,   0.2) m, ( 98.04, 118.53) mas
     453: (  0.5,  -1.6) m, ( 89.38, 129.67) mas
     413: (  0.5,  -1.9) m, ( 89.50, 132.07) mas
     204: (  0.9,  -3.3) m, ( 92.44, 145.85) mas
     115: (  1.2,  -4.0) m, ( 93.90, 152.90) mas
      11: (  2.1,  -4.9) m, (105.15, 169.79) mas
sa index   location       noise equivalent angle
    1067: ( -3.5,   2.3) m, ( 84.24,  82.63) mas
    1000: ( -2.8,   1.9) m, ( 90.46,  86.86) mas
     885: ( -1.9,   1.2) m, ( 93.61,  87.79) mas
     852: ( -1.2,   0.9) m, ( 98.89,  89.23) mas
     820: (  0.9,   0.7) m, (123.14,  96.55) mas
     530: (  1.2,  -1.2) m, (118.03, 103.81) mas
     498: (  1.6,  -1.4) m, (122.44, 105.73) mas
     383: (  2.6,  -2.1) m, (135.07, 115.00) mas
     316: (  3.3,  -2.6) m, (137.73, 115.33) mas
      12: (  2.3,  -4.9) m, (131.85, 141.32) mas
sa index   location       noise equivalent angle
     655: ( -5.1,  -0.2) m, ( 82.59,  80.49) mas
     660: ( -4.0,  -0.2) m, ( 87.90,  81.14) mas
     665: ( -2.8,  -0.2) m, ( 95.99,  81.93) mas
     669: ( -1.9,  -0.2) m, (103.25,  82.56) mas
     670: ( -1.6,  -0.2) m, (105.46,  82.75) mas
     894: (  0.2,   1.2) m, (128.59,  90.10) mas
     674: (  1.6,  -0.2) m, (135.02,  84.99) mas
     678: (  2.6,  -0.2) m, (144.43,  85.63) mas
     683: (  3.7,  -0.2) m, (156.30,  86.38) mas
     688: (  4.9,  -0.2) m, (168.43,  87.12) mas
     689: (  5.1,  -0.2) m, (170.95,  87.27) mas
sa index   location       noise equivalent angle
     287: ( -3.5,  -2.6) m, ( 84.24,  82.63) mas
     360: ( -2.8,  -2.1) m, ( 90.02,  86.31) mas
     483: ( -1.9,  -1.4) m, ( 93.61,  87.79) mas
     526: ( -1.2,  -1.2) m, ( 98.89,  89.23) mas
     891: ( -0.5,   1.2) m, (111.04, 112.65) mas
     820: (  0.9,   0.7) m, (122.64, 107.72) mas
     900: (  1.6,   1.2) m, (122.44, 105.73) mas
    1023: (  2.6,   1.9) m, (135.62, 115.64) mas
    1096: (  3.3,   2.3) m, (137.73, 115.33) mas
    1381: (  2.3,   4.7) m, (133.79, 143.54) mas
sa index   location       noise equivalent angle
      18: ( -2.1,  -4.7) m, ( 80.55,  83.09) mas
     104: ( -1.4,  -4.0) m, ( 81.41,  86.13) mas
     195: ( -1.2,  -3.3) m, ( 82.19,  90.26) mas
     408: ( -0.7,  -1.9) m, ( 83.82, 100.61) mas
     488: ( -0.7,  -1.4) m, ( 84.08, 104.65) mas
     634: (  1.2,  -0.5) m, ( 98.76, 119.42) mas
     894: (  0.2,   1.2) m, ( 92.95, 134.90) mas
     975: (  0.5,   1.6) m, ( 89.50, 132.07) mas
    1188: (  0.9,   3.0) m, ( 92.62, 146.08) mas
    1278: (  1.2,   3.7) m, ( 93.90, 152.90) mas
    1381: (  2.3,   4.7) m, (106.19, 169.53) mas
sa index   location       noise equivalent angle
      35: (  1.9,  -4.7) m, ( 80.55,  83.09) mas
     115: (  1.2,  -4.0) m, ( 81.41,  86.13) mas
     204: (  0.9,  -3.3) m, ( 82.19,  90.22) mas
     413: (  0.5,  -1.9) m, ( 83.82, 100.61) mas
     493: (  0.5,  -1.4) m, ( 84.08, 104.65) mas
     820: (  0.9,   0.7) m, ( 89.74, 129.90) mas
     891: ( -0.5,   1.2) m, ( 93.63, 135.85) mas
     970: ( -0.7,   1.6) m, ( 89.50, 132.07) mas
    1179: ( -1.2,   3.0) m, ( 92.72, 146.18) mas
    1267: ( -1.4,   3.7) m, ( 93.90, 152.90) mas
    1370: ( -2.6,   4.7) m, (105.20, 168.02) mas
sa index   location       noise equivalent angle
     316: (  3.3,  -2.6) m, ( 84.24,  82.63) mas
     383: (  2.6,  -2.1) m, ( 90.31,  86.72) mas
     498: (  1.6,  -1.4) m, ( 93.61,  87.79) mas
     529: (  0.9,  -1.2) m, ( 98.89,  89.23) mas
     894: (  0.2,   1.2) m, (110.20, 111.85) mas
     851: ( -1.4,   0.9) m, (118.03, 103.81) mas
     885: ( -1.9,   1.2) m, (122.44, 105.73) mas
    1000: ( -2.8,   1.9) m, (135.25, 115.12) mas
    1067: ( -3.5,   2.3) m, (137.73, 115.33) mas
    1370: ( -2.6,   4.7) m, (132.59, 142.20) mas

[00;00mSetting up powfs 2 PO WFS[00;00m

OTF dimension is 48x48 (calculated)
Generating matched filter for powfs 2
Use sanea to derive neasim
Use sanea to derive neasim

[00;00mSetting up reconstructor[00;00m

Recon NEA: cmf(108.25) cmf(108.13) cmf(108.19) cmf(108.21) cmf(108.18) cmf(108.31) cmf(108.15) cmf(108.16) cmf(108.14) cmf(108.10) geom(0.31) geom(0.31) geom(0.31) mf(0.14)  mas
Setup or update control matrix parameters.
RRtwfs svd threshold is 1e-10
Replacing HA by HA*fit->actextrap
Adding piston cr to fit matrix
Adding TT cr on upper DMs to fit matrix.
Before assembling fit matrix:	3893.5 MiB.
Building fit->FR
Building fit->FL
Adding tikhonov constraint of 1.0e-07 to FLM
The maximum eigen value is estimated to be around 3.4e-04
DM Fit number of Low rank terms: 16 in LHS
After assemble fit matrix:	4747.4 MiB.
After setup_recon:	4747.4 MiB.
GPU 0: mem used 2028 MB (wfs init)
GPU 0: mem used 2584 MB (recon init)
GPU 0: mem used 2614 MB (perf init)

*** Simulation started at 2025/02/12 00:23:59 in nid008213. ***

Running seed 1
GPU 0: mem used 2614 MB (wfs seeding)
Wind dir: 267.3 261.7 167.0 130.5 300.7  32.3 119.8 139.0 150.8 277.7 203.0 133.1  45.9 265.1 deg
Using /global/homes/b/bpeck/.aos/cache/atm/vonkarman_14_8192x8192_0.0078125_1115374592d.bin
After genatm:	4761.1 MiB.
Step     #  Open Loop  PR TT  On axis  PR TT  Field RMS PR TT     Timing 
Step     0: OL  884.6  248.3  OA  884.6 248.3 CL  884.6 248.3 nm  0.371 s
Step    22: OL  919.6  256.4  OA  101.1   6.9 CL  101.1   6.9 nm  0.049 s
Step    42: OL  950.8  260.7  OA   99.9   5.3 CL   99.9   5.3 nm  0.048 s
Step    62: OL  980.4  260.5  OA   96.6  12.3 CL   96.6  12.3 nm  0.048 s
Step    82: OL 1010.5  258.4  OA   97.7  11.5 CL   97.7  11.5 nm  0.048 s
Step   102: OL 1040.9  257.3  OA  101.4   0.4 CL  101.4   0.4 nm  0.057 s
Step   122: OL 1071.0  258.6  OA   98.4   0.8 CL   98.4   0.8 nm  0.067 s
Step   143: OL 1099.8  264.3  OA  101.9   8.1 CL  101.9   8.1 nm  0.049 s
Step   163: OL 1123.0  273.6  OA  100.9  14.5 CL  100.9  14.5 nm  0.054 s
Step   183: OL 1141.0  285.8  OA  102.0  20.2 CL  102.0  20.2 nm  0.048 s
Step   201: OL 1151.8  297.4  OA   97.6  10.3 CL   97.6  10.3 nm  0.048 s
Step   221: OL 1159.3  310.2  OA   95.6  13.6 CL   95.6  13.6 nm  0.055 s
Step   242: OL 1161.1  324.2  OA   93.5   4.2 CL   93.5   4.2 nm  0.049 s
Step   255 updated high order loop gain: 0.376
Step   262: OL 1154.8  338.5  OA   94.6   7.5 CL   94.6   7.5 nm  0.047 s
Step   281: OL 1140.9  352.3  OA   95.5  10.0 CL   95.5  10.0 nm  0.049 s
Step   301: OL 1121.5  369.0  OA   96.5  17.7 CL   96.5  17.7 nm  0.049 s
Step   322: OL 1097.2  388.7  OA   97.5   6.8 CL   97.5   6.8 nm  0.056 s
Step   342: OL 1072.1  411.0  OA   99.7  25.2 CL   99.7  25.2 nm  0.048 s
Step   363: OL 1046.4  438.7  OA   96.0  11.4 CL   96.0  11.4 nm  0.050 s
Step   383: OL 1024.0  467.4  OA   97.7  14.6 CL   97.7  14.6 nm  0.057 s
Step   403: OL 1003.2  496.2  OA   96.8  12.4 CL   96.8  12.4 nm  0.048 s
Step   423: OL  981.5  523.7  OA   96.4  19.5 CL   96.4  19.5 nm  0.048 s
Step   443: OL  960.1  550.1  OA   95.4  11.5 CL   95.4  11.5 nm  0.058 s
Step   463: OL  942.9  576.2  OA   98.3   4.5 CL   98.3   4.5 nm  0.048 s
Step   483: OL  934.2  601.8  OA   99.9  18.4 CL   99.9  18.4 nm  0.049 s
Step   503: OL  933.7  625.7  OA  100.9   5.7 CL  100.9   5.7 nm  0.056 s
Step   511 updated high order loop gain: 0.358
Step   523: OL  938.1  645.8  OA   99.1  11.6 CL   99.1  11.6 nm  0.049 s
Step   543: OL  946.9  659.9  OA   97.7   2.7 CL   97.7   2.7 nm  0.048 s
Step   563: OL  961.1  667.8  OA  100.3  22.5 CL  100.3  22.5 nm  0.054 s
Step   583: OL  978.9  670.8  OA   97.7  10.6 CL   97.7  10.6 nm  0.047 s
Step   603: OL 1000.3  668.3  OA   97.9  10.1 CL   97.9  10.1 nm  0.050 s
Step   623: OL 1022.8  659.3  OA   98.8  12.7 CL   98.8  12.7 nm  0.054 s
Step   643: OL 1044.5  644.8  OA   97.0   4.5 CL   97.0   4.5 nm  0.049 s
Step   664: OL 1064.2  625.3  OA  100.9  11.9 CL  100.9  11.9 nm  0.057 s
Step   684: OL 1080.9  604.5  OA   98.7   4.9 CL   98.7   4.9 nm  0.049 s
Step   704: OL 1094.9  582.3  OA   99.6   4.0 CL   99.6   4.0 nm  0.058 s
Step   724: OL 1102.8  557.8  OA   95.1   1.0 CL   95.1   1.0 nm  0.048 s
Step   745: OL 1103.7  531.8  OA  100.1   4.2 CL  100.1   4.2 nm  0.048 s
Step   765: OL 1097.7  508.1  OA  100.0   0.1 CL  100.0   0.1 nm  0.049 s
Step   767 updated high order loop gain: 0.350
Step   786: OL 1083.8  484.4  OA  103.2  16.6 CL  103.2  16.6 nm  0.049 s
Step   806: OL 1063.4  462.0  OA   99.8  13.6 CL   99.8  13.6 nm  0.058 s
Step   826: OL 1037.7  439.8  OA   97.8   5.7 CL   97.8   5.7 nm  0.048 s
Step   846: OL 1007.5  418.7  OA   97.8   3.9 CL   97.8   3.9 nm  0.048 s
Step   866: OL  976.0  399.8  OA  101.8  11.5 CL  101.8  11.5 nm  0.049 s
Step   886: OL  946.2  384.3  OA   99.5   8.5 CL   99.5   8.5 nm  0.047 s
Step   907: OL  913.9  371.0  OA   98.4   6.4 CL   98.4   6.4 nm  0.057 s
Step   927: OL  882.1  361.2  OA   97.3   4.9 CL   97.3   4.9 nm  0.048 s
Step   947: OL  851.6  351.7  OA   96.0   3.7 CL   96.0   3.7 nm  0.049 s
Step   967: OL  824.6  341.2  OA  101.7  17.4 CL  101.7  17.4 nm  0.051 s
Step   987: OL  803.0  328.9  OA   99.7   7.2 CL   99.7   7.2 nm  0.048 s
Step  1003: OL  788.0  317.5  OA   99.2  11.3 CL   99.2  11.3 nm  0.049 s
Step  1023: OL  772.2  302.2  OA  103.7  10.4 CL  103.7  10.4 nm  0.054 s
Step  1023 updated high order loop gain: 0.348
Step  1043: OL  760.0  285.8  OA   99.5  10.6 CL   99.5  10.6 nm  0.049 s
Step  1064: OL  748.2  266.1  OA   99.4  11.6 CL   99.4  11.6 nm  0.049 s
Step  1084: OL  740.7  243.6  OA   99.2   8.5 CL   99.2   8.5 nm  0.048 s
Step  1104: OL  738.1  221.2  OA  102.2  21.6 CL  102.2  21.6 nm  0.050 s
Step  1124: OL  738.2  201.9  OA   99.1  19.0 CL   99.1  19.0 nm  0.048 s
Step  1144: OL  739.6  187.1  OA   97.8   7.4 CL   97.8   7.4 nm  0.047 s
Step  1164: OL  740.8  176.6  OA   98.1  15.4 CL   98.1  15.4 nm  0.049 s
Step  1183: OL  742.6  170.8  OA  100.6  21.6 CL  100.6  21.6 nm  0.058 s
Step  1203: OL  746.6  166.7  OA   96.6  18.6 CL   96.6  18.6 nm  0.049 s
Step  1223: OL  750.5  163.9  OA   98.0  14.1 CL   98.0  14.1 nm  0.048 s
Step  1243: OL  753.1  164.9  OA   98.4  21.3 CL   98.4  21.3 nm  0.053 s
Step  1264: OL  755.6  171.3  OA   99.8  26.0 CL   99.8  26.0 nm  0.049 s
Step  1279 updated high order loop gain: 0.344
Step  1284: OL  759.5  181.7  OA  102.3  31.5 CL  102.3  31.5 nm  0.056 s
Step  1304: OL  765.2  194.8  OA  103.5  31.8 CL  103.5  31.8 nm  0.048 s
Step  1324: OL  770.4  210.3  OA   98.0  18.8 CL   98.0  18.8 nm  0.049 s
Step  1344: OL  777.9  228.1  OA   99.3  21.4 CL   99.3  21.4 nm  0.053 s
Step  1364: OL  789.3  245.5  OA   98.2  12.8 CL   98.2  12.8 nm  0.050 s
Step  1384: OL  803.4  258.8  OA   96.9  12.8 CL   96.9  12.8 nm  0.049 s
Step  1404: OL  820.6  267.9  OA  100.9  22.3 CL  100.9  22.3 nm  0.055 s
Step  1424: OL  840.8  273.6  OA   99.9  15.3 CL   99.9  15.3 nm  0.049 s
Step  1445: OL  861.7  277.8  OA   97.3  10.8 CL   97.3  10.8 nm  0.081 s
Step  1465: OL  879.5  279.5  OA   95.1   2.9 CL   95.1   2.9 nm  0.051 s
Step  1485: OL  890.7  277.3  OA   95.0   8.4 CL   95.0   8.4 nm  0.057 s
Step  1505: OL  894.1  270.9  OA   95.9   3.1 CL   95.9   3.1 nm  0.050 s
Step  1525: OL  891.2  261.5  OA   94.6   7.3 CL   94.6   7.3 nm  0.051 s
Step  1535 updated high order loop gain: 0.343
Step  1545: OL  883.1  249.3  OA   96.9   9.2 CL   96.9   9.2 nm  0.056 s
Step  1566: OL  873.1  235.5  OA   98.2  14.3 CL   98.2  14.3 nm  0.049 s
Step  1586: OL  861.3  224.8  OA   99.0  11.5 CL   99.0  11.5 nm  0.055 s
Step 1599: Output PSF
Step  1599: OL  852.8  219.3  OA   98.3   2.6 CL   98.3   2.6 nm  3.188 s
Mean: 98.81 14.66 97.72  nm.

*** Simulation Finished at 2025/02/12 00:25:32 in nid008213. ***

