Warning(sock.c:516): connect locally (/global/homes/b/bpeck/.aos/tmp/nid008652/scheduler) failed: Invalid argument. 
/global/u2/b/bpeck/work/vismcao/maos -o studies/reduced_ngs/6_lgs/8mag_lgs/3250count -c master_files/reduced_ngs/6_lgs/8mag_lgs/kola_3250act.conf -O 
Output folder is 'studies/reduced_ngs/6_lgs/8mag_lgs/3250count'.
SRC: /global/homes/b/bpeck/code/maos v2.9 4c88b7c2 2024-11-13 16:45:33 -0800
BUILT: /global/homes/b/bpeck/code/maos/optim by GCC (v12) on 2024/11/18 09:40:03 CPU(F64,+O3) with CUDA(v122,F32)
Launched at 2025/02/12 00:15:06 in nid008652 with PID 774098.
The web based job monitor can be accessed at http://localhost:10300
Main config file is /global/u2/b/bpeck/work/vismcao/master_files/reduced_ngs/6_lgs/8mag_lgs/kola_3250act.conf
Warning(path.c:48): Path not found: path=/global/u2/b/bpeck/work/vismcao/master_files/reduced_ngs/6_lgs/8mag_lgs/bin; abspath=/global/u2/b/bpeck/work/vismcao/master_files/reduced_ngs/6_lgs/8mag_lgs/bin; Ignored.
Warning(path.c:48): Path not found: path=/global/u2/b/bpeck/work/vismcao/master_files/reduced_ngs/6_lgs/8mag_lgs/atm; abspath=/global/u2/b/bpeck/work/vismcao/master_files/reduced_ngs/6_lgs/8mag_lgs/atm; Ignored.
Warning(readcfg.c:399): sim.apfsm has been renamed to powfs.apfsm.
Warning(readcfg.c:399): sim.epfsm has been renamed to powfs.epfsm.
Warning(readcfg.c:399): sim.alfsm has been renamed to powfs.alfsm.
Warning(readcfg.c:399): sim.commonfsm has been renamed to powfs.commonfsm.
Warning(readcfg.c:399): sim.idealfsm has been renamed to powfs.idealfsm.
Warning(readcfg.c:399): sim.zetafsm has been renamed to powfs.zetafsm.
Warning(readcfg.c:399): sim.f0fsm has been renamed to powfs.f0fsm.
Warning(readcfg.c:399): tsurf has been renamed to ncpa.tsurf.
loaded 132 (132 new) records from '/global/u2/b/bpeck/work/vismcao/./keck_sim.conf'
loaded  19 ( 19 new) records from '/global/u2/b/bpeck/work/vismcao/./dm_none.conf'
loaded  19 (  0 new) records from '/global/u2/b/bpeck/work/vismcao/./keck_ASM.conf'
loaded  19 (  0 new) records from '/global/u2/b/bpeck/work/vismcao/./keck_DM2.conf'
loaded  19 (  0 new) records from '/global/u2/b/bpeck/work/vismcao/./keck_DM3.conf'
loaded   0 (  0 new) records from '/global/u2/b/bpeck/work/vismcao/./keck_dm_multiple.conf'
loaded   7 (  5 new) records from '/global/u2/b/bpeck/work/vismcao/./atm_mk13n50p_ground_detail.conf'
loaded  76 ( 69 new) records from '/global/homes/b/bpeck/code/maos/config/maos/powfs_common.conf'
loaded  44 ( 38 new) records from '/global/u2/b/bpeck/work/vismcao/./powfs_none.conf'
loaded  44 (  0 new) records from '/global/u2/b/bpeck/work/vismcao/./keck_shwfs_lgs.conf'
loaded  44 (  0 new) records from '/global/u2/b/bpeck/work/vismcao/./keck_shwfs_ttf_strap.conf'
loaded  44 (  0 new) records from '/global/u2/b/bpeck/work/vismcao/./keck_shwfs_twfs_lbwfs.conf'
loaded   0 (  0 new) records from '/global/u2/b/bpeck/work/vismcao/./keck_wfs_lgs_strap_lbwfs.conf'
loaded  71 ( 71 new) records from '/global/u2/b/bpeck/work/vismcao/./keck_recon.conf'
Warning(readcfg.c:399): dbg.na_smooth has been renamed to powfs0_llt.na_smooth.
Warning(readcfg.c:399): dbg.na_interp has been renamed to powfs0_llt.na_interp.
Warning(readcfg.c:399): dbg.na_thres has been renamed to powfs0_llt.na_thres.
Warning(readcfg.c:399): dbg.na_fit_maxit has been renamed to powfs0_llt.na_fit_maxit.
Warning(readcfg.c:399): dbg.na_fit_svdthres has been renamed to powfs0_llt.na_fit_svdthres.
Warning(readcfg.c:399): dbg.na_fit_dh has been renamed to powfs0_llt.na_fit_dh.
Warning(readcfg.c:399): dbg.ncpa_preload has been renamed to ncpa.preload.
Warning(readcfg.c:399): dbg.ncpa_rmsci has been renamed to ncpa.rmsci.
Warning(readcfg.c:399): dbg.draw_opdmax has been renamed to plot.opdmax.
Warning(readcfg.c:399): dbg.draw_gmax has been renamed to plot.gmax.
loaded  95 ( 93 new) records from '/global/u2/b/bpeck/work/vismcao/./keck_dbg.conf'
loaded   4 (  4 new) records from '/global/u2/b/bpeck/work/vismcao/./keck_fit_mcao.conf'
Warning(readcfg.c:399): surf has been renamed to ncpa.surf.
loaded  39 (  7 new) records from '/global/u2/b/bpeck/work/vismcao/master_files/reduced_ngs/6_lgs/8mag_lgs/kola_3250act.conf'
loaded   0 (  0 new) records from 'command line'
loaded  24 ( 18 new) records from '/global/u2/b/bpeck/work/vismcao/./keck_llt_CL.conf'
Adjust LGS range by telescope altitude 4145m.
Zenith angle is 30 degree.
    Scaling turbulence height and LGS hs by sec(za).
    Scaling r0 by cos(za)^(3/5).
    Scaling wind speed and LGS signal level by cos(za).
powfs0: Adjusting dx from 0.0078125 to 0.00777273. 
powfs0.llt.fsm: f0=0 Hz, LPF ep=0
powfs0.epfsm is set to 0.517618 (auto)
powfs2: Adjusting dx from 0.03125 to 0.0312778. 
powfs2 is TWFS for powfs0
sim.ephi is set to 0.427717 (auto)
sim.eplo is set to 0.427717 (auto)
Warning(parms.c:2296): Layer 1 at 17.3205m is very close to layer 0 at 0m (OK).
Warning(parms.c:2296): Layer 2 at 34.641m is very close to layer 1 at 17.3205m (OK).
Warning(parms.c:2296): Layer 3 at 51.9615m is very close to layer 2 at 34.641m (OK).
dm 0: stroke=30 um is provided in micron.
dm 0: assume ia stroke=2 um is provided in micron.
dm 1: stroke=7 um is provided in micron.
dm 1: assume ia stroke=2 um is provided in micron.
dm 2: stroke=7 um is provided in micron.
dm 2: assume ia stroke=2 um is provided in micron.
Focus blending is not implemented yet for integrated tomography
parms->sim.mffocus is reset to 0
There are 1 valid simulation seeds:  1
Output PSF for 1 directions
Used 449 of 456 supplied keys
Warning(readcfg.c:158): key "dbg.pwfs_flate" is not recognized, value is 0
Warning(readcfg.c:158): key "dbg.pwfs_flatv" is not recognized, value is 0
Warning(readcfg.c:158): key "dbg.pwfs_psx" is not recognized, value is [0 0 0 0]
Warning(readcfg.c:158): key "dbg.pwfs_psy" is not recognized, value is [0 0 0 0]
Warning(readcfg.c:158): key "dbg.pwfs_pupelong" is not recognized, value is 0
Warning(readcfg.c:158): key "dbg.pwfs_raw" is not recognized, value is 0
Warning(readcfg.c:158): key "dbg.pwfs_side" is not recognized, value is 4
[00;00mAperture[00;00m is 11 m with sampling 1/128 m
[00;00mTurbulence at 30 degree zenith angle:[00;00m r0=0.128424m, L0=30m, 14 layers.
    Greenwood freq is 25.1Hz, anisoplanatic angle is 1.58 as
    Sampled 8192x8192 at 1/128m. wind dir is randomized.
    layer 0: ht=      0 m, wt= 0.302, ws=  4.8 m/s
    layer 1: ht=     17 m, wt= 0.154, ws=  5.0 m/s
    layer 2: ht=     35 m, wt= 0.041, ws=  5.4 m/s
    layer 3: ht=     52 m, wt= 0.002, ws=  6.6 m/s
    layer 4: ht=    139 m, wt= 0.021, ws=  6.1 m/s
    layer 5: ht=    231 m, wt= 0.010, ws=  6.1 m/s
    layer 6: ht=    323 m, wt= 0.008, ws=  6.1 m/s
    layer 7: ht=    416 m, wt= 0.005, ws=  6.1 m/s
    layer 8: ht=    508 m, wt= 0.001, ws=  6.1 m/s
    layer 9: ht=    932 m, wt= 0.107, ws=  5.6 m/s
    layer 10: ht=   5022 m, wt= 0.144, ws= 11.1 m/s
    layer 11: ht=   9238 m, wt= 0.093, ws= 19.1 m/s
    layer 12: ht=  13856 m, wt= 0.075, ws=  8.2 m/s
    layer 13: ht=  22518 m, wt= 0.036, ws=  4.8 m/s
[00;00mReconstruction[00;00m: r0=0.128424m L0=30m. 14 layers. use cone coordinate.
    layer 0: ht=      0 m, wt= 0.302
    layer 1: ht=     17 m, wt= 0.154
    layer 2: ht=     35 m, wt= 0.041
    layer 3: ht=     52 m, wt= 0.002
    layer 4: ht=    139 m, wt= 0.021
    layer 5: ht=    231 m, wt= 0.010
    layer 6: ht=    323 m, wt= 0.008
    layer 7: ht=    416 m, wt= 0.005
    layer 8: ht=    508 m, wt= 0.001
    layer 9: ht=    932 m, wt= 0.107
    layer 10: ht=   5022 m, wt= 0.144
    layer 11: ht=   9238 m, wt= 0.093
    layer 12: ht=  13856 m, wt= 0.075
    layer 13: ht=  22518 m, wt= 0.036
[00;00mThere are 3 powfs[00;00m
  powfs0: Order 65, LGS at 99.1 km. Sampling 1/128.655 m. Thres 30%. [00;00mT/T is removed in right hand side in tomography.[00;00m
    CCD image is 25x25 @ 500x500 mas, blur 27% (sigma), 1500Hz, wvl: [ 5.89e-07]
    Gtilt in reconstruction. Physical optics start at 0 with [00;00m'matched filter'[00;00m [00;00m(noisy)[00;00m
  powfs1: Order  2, NGS at inf km. Sampling 1/16 m. Thres 30%. 
    Ztilt in reconstruction. Geomtric optics start at 2 with ztilt [00;00m(noisy)[00;00m
  powfs2: Order 20, NGS at inf km. Sampling 1/31.9716 m. Thres 50%. 
    CCD image is 4x4 @ 1500x1500 mas, blur 0% (sigma), 0.015Hz, wvl: [ 7.2e-07]
    Gtilt in reconstruction. Geomtric optics start at 50 with gtilt Physical optics start at 0 with [00;00m'matched filter'[00;00m [00;00m(noisy)[00;00m
[00;00mThere are 10 wfs[00;00m
    wfs 0: type 0, at (  30.00,    0.00) arcsec,  99 km, siglev is 35.061 bkgrnd is 0.1
    wfs 1: type 0, at (  15.00,   25.98) arcsec,  99 km, siglev is 35.061 bkgrnd is 0.1
    wfs 2: type 0, at ( -15.00,   25.98) arcsec,  99 km, siglev is 35.061 bkgrnd is 0.1
    wfs 3: type 0, at ( -30.00,    0.00) arcsec,  99 km, siglev is 35.061 bkgrnd is 0.1
    wfs 4: type 0, at ( -15.00,  -25.98) arcsec,  99 km, siglev is 35.061 bkgrnd is 0.1
    wfs 5: type 0, at (  15.00,  -25.98) arcsec,  99 km, siglev is 35.061 bkgrnd is 0.1
    wfs 6: type 1, at (   5.00,    8.66) arcsec, inf km, siglev is 42387.6 bkgrnd is 1.056
    wfs 7: type 1, at ( -10.00,    0.00) arcsec, inf km, siglev is 42387.6 bkgrnd is 1.056
    wfs 8: type 1, at (   5.00,   -8.66) arcsec, inf km, siglev is 42387.6 bkgrnd is 1.056
    wfs 9: type 2, at (   0.00,    0.00) arcsec, inf km, siglev is 4.1558e+06 bkgrnd is 0.001
[00;00mThere are 3 DMs[00;00m
  DM 0 at -0.1km, actuator pitch 0.171m, offset   0, with 30.000000 micron stroke.
    Normalized cubic influence function with inter-actuator coupling of 0.223
  DM 1 at    6km, actuator pitch 0.168m, offset   0, with 7.000000 micron stroke.
    Normalized cubic influence function with inter-actuator coupling of 0.223
  DM 2 at   10km, actuator pitch 0.168m, offset   0, with 7.000000 micron stroke.
    Normalized cubic influence function with inter-actuator coupling of 0.223
[00;00mTomography[00;00m is using CG, with [00;00mFourer Domain[00;00m preconditioner, [00;00m12[00;00m iterations, integrated tomo.
[00;00mDM Fitting [00;00mis using CG, with [00;00mNo[00;00m preconditioner, [00;00m10[00;00m iterations
[00;00mThere are 9 fit directions[00;00m
    Fit 0: weight is 0.444, at (   0.00,    0.00) arcsec
    Fit 1: weight is 0.111, at (  15.00,    0.00) arcsec
    Fit 2: weight is 0.111, at (   0.00,   15.00) arcsec
    Fit 3: weight is 0.111, at ( -15.00,    0.00) arcsec
    Fit 4: weight is 0.111, at (   0.00,  -15.00) arcsec
    Fit 5: weight is 0.028, at (  15.00,   15.00) arcsec
    Fit 6: weight is 0.028, at ( -15.00,   15.00) arcsec
    Fit 7: weight is 0.028, at ( -15.00,  -15.00) arcsec
    Fit 8: weight is 0.028, at (  15.00,  -15.00) arcsec
[00;00mThere are 1 evaluation directions[00;00m at sampling 1/128 m.
    Evl 0: weight is 1.000, at (   0.00,    0.00) arcsec
[00;00mSimulation[00;00m start at step 0, end at step 1600, with time step 1/1500s, [00;00mclose loop[00;00m.
After setup_parms:	120.5 MiB.
Warning(sock.c:516): connect locally (/global/homes/b/bpeck/.aos/tmp/nid008652/scheduler) failed: Invalid argument. 
CUDA: minimum memory requirement is 0.3GB
GPU 0 is NVIDIA A100-SXM4-80GB with arch 8.0, 78.6GB free, 79.0GB total device memory.
Using GPU 0
Use 1 GPUs for WFS Tomo Fit Evl

*** Preparation started at 2025/02/12 00:15:06 in nid008652. ***

Using OpenMP version 201511 with 128 threads
Reading aperture amplitude map from KECK.fits
Warning(accphi.c:477): 108398 points not covered by input screen
Warning(sock.c:516): connect locally (/global/homes/b/bpeck/.aos/tmp/nid008652/scheduler) failed: Invalid argument. 
 ->maos.c:447->setup.c:148->aper.c:74->utils.c:478->accphi.c:478
iwvl 0: Science PSF is using grid size of 2880. The PSF will sum to 6.95167232825486
iwvl 1: Science PSF is using grid size of 2880. The PSF will sum to 6.95167232825486
iwvl 2: Science PSF is using grid size of 2880. The PSF will sum to 6.95167232825486
iwvl 3: Science PSF is using grid size of 2880. The PSF will sum to 6.95167232825486
iwvl 4: Science PSF is using grid size of 2880. The PSF will sum to 6.95167232825486
iwvl 5: Science PSF is using grid size of 2880. The PSF will sum to 6.95167232825486
iwvl 6: Science PSF is using grid size of 2880. The PSF will sum to 6.95167232825486
iwvl 7: Science PSF is using grid size of 2880. The PSF will sum to 6.95167232825486
iwvl 8: Science PSF is using grid size of 2880. The PSF will sum to 6.95167232825486
After setup_aper:	344.8 MiB.

[00;00mSetting up powfs 0 geom[00;00m

There are 22 points in each subaperture of 0.171m.
There are 2565 valid subaperture.

[00;00mSetting up powfs 1 geom[00;00m

There are 88 points in each subaperture of 5.5m.
There are 4 valid subaperture.

[00;00mSetting up powfs 2 geom[00;00m

There are 18 points in each subaperture of 0.563m.
There are 236 valid subaperture.
After setup_powfs_init:	437.1 MiB.

[00;00mSetting up reconstructor geometry.[00;00m

PLOC is 133x133, with sampling of 0.09m (square)
    DM 0: grid is 68 x 68
    DM 1: grid is 75 x 75
    DM 2: grid is 81 x 79
FLOC is 133x133, with sampling of 0.09m (not square)
Tomography grid is square:
    layer 0: xloc grid is 240 x 240, sampling is 0.086 m, 57600 points
    layer 1: xloc grid is 240 x 240, sampling is 0.085 m, 57600 points
    layer 2: xloc grid is 240 x 240, sampling is 0.085 m, 57600 points
    layer 3: xloc grid is 240 x 240, sampling is 0.085 m, 57600 points
    layer 4: xloc grid is 240 x 240, sampling is 0.085 m, 57600 points
    layer 5: xloc grid is 240 x 240, sampling is 0.085 m, 57600 points
    layer 6: xloc grid is 240 x 240, sampling is 0.085 m, 57600 points
    layer 7: xloc grid is 240 x 240, sampling is 0.085 m, 57600 points
    layer 8: xloc grid is 240 x 240, sampling is 0.085 m, 57600 points
    layer 9: xloc grid is 240 x 240, sampling is 0.085 m, 57600 points
    layer 10: xloc grid is 240 x 240, sampling is 0.081 m, 57600 points
    layer 11: xloc grid is 240 x 240, sampling is 0.078 m, 57600 points
    layer 12: xloc grid is 240 x 240, sampling is 0.074 m, 57600 points
    layer 13: xloc grid is 240 x 240, sampling is 0.066 m, 57600 points

[00;00mSetting up powfs 0 PO WFS[00;00m

OTF dimension is 48x48 (calculated)
There is no bias
Uplink FWHM (illt 0, iwvl 0) is 0.577524"
Downlink FWHM (illt 0, iwvl 0) is 1.14505"
Generating matched filter for powfs 0
sa index   location       noise equivalent angle
    1254: (  4.9,  -0.3) m, (120.74, 117.26) mas
    1247: (  3.7,  -0.3) m, (128.72, 118.71) mas
    1241: (  2.7,  -0.3) m, (139.48, 120.35) mas
    1235: (  1.6,  -0.3) m, (152.87, 121.95) mas
    1233: (  1.3,  -0.3) m, (158.24, 122.46) mas
     879: ( -0.6,  -1.5) m, (191.41, 127.60) mas
    1229: ( -1.8,  -0.3) m, (208.29, 126.08) mas
    1223: ( -2.8,  -0.3) m, (221.09, 127.17) mas
    1216: ( -4.0,  -0.3) m, (236.76, 128.51) mas
    1210: ( -5.0,  -0.3) m, (252.42, 129.65) mas
    1208: ( -5.4,  -0.3) m, (258.50, 130.03) mas
sa index   location       noise equivalent angle
    2513: (  2.5,   4.4) m, (117.84, 119.38) mas
    2325: (  2.0,   3.5) m, (120.51, 124.56) mas
    2005: (  1.3,   2.3) m, (126.07, 135.86) mas
    1908: (  1.1,   2.0) m, (134.98, 148.80) mas
    1634: (  0.6,   1.1) m, (133.21, 152.10) mas
     987: (  0.8,  -1.1) m, (135.23, 189.08) mas
     933: ( -0.8,  -1.3) m, (148.13, 190.41) mas
     561: ( -1.5,  -2.5) m, (156.68, 208.81) mas
     324: ( -2.0,  -3.3) m, (163.77, 220.67) mas
     241: ( -2.1,  -3.7) m, (166.64, 225.93) mas
      53: ( -2.7,  -4.5) m, (174.26, 237.50) mas
sa index   location       noise equivalent angle
    2483: ( -2.7,   4.4) m, (117.84, 119.38) mas
    2301: ( -2.1,   3.5) m, (120.51, 124.56) mas
    1989: ( -1.5,   2.3) m, (126.07, 135.86) mas
    1894: ( -1.3,   2.0) m, (135.52, 149.88) mas
    1627: ( -0.8,   1.1) m, (133.21, 152.10) mas
     984: ( -0.9,  -1.1) m, (136.80, 191.06) mas
     938: (  0.6,  -1.3) m, (148.13, 190.41) mas
     577: (  1.3,  -2.5) m, (156.68, 208.81) mas
     346: (  1.8,  -3.3) m, (163.77, 220.67) mas
     265: (  2.0,  -3.7) m, (166.64, 225.93) mas
      83: (  2.5,  -4.5) m, (174.26, 237.50) mas
sa index   location       noise equivalent angle
    1259: ( -5.4,  -0.1) m, (119.10, 116.86) mas
    1262: ( -4.9,  -0.1) m, (121.31, 117.30) mas
    1269: ( -3.7,  -0.1) m, (130.68, 118.96) mas
    1275: ( -2.7,  -0.1) m, (141.88, 120.57) mas
    1281: ( -1.6,  -0.1) m, (155.63, 122.10) mas
    1633: (  0.4,   1.1) m, (203.74, 136.84) mas
    1283: (  1.3,  -0.1) m, (203.79, 125.57) mas
    1286: (  1.8,  -0.1) m, (210.21, 126.06) mas
    1292: (  2.8,  -0.1) m, (223.46, 127.18) mas
    1299: (  4.0,  -0.1) m, (239.15, 128.48) mas
    1305: (  5.0,  -0.1) m, (255.35, 129.60) mas
sa index   location       noise equivalent angle
      53: ( -2.7,  -4.5) m, (117.84, 119.38) mas
     241: ( -2.1,  -3.7) m, (120.51, 124.56) mas
     561: ( -1.5,  -2.5) m, (126.07, 135.86) mas
     658: ( -1.3,  -2.1) m, (135.78, 151.15) mas
     933: ( -0.8,  -1.3) m, (133.21, 152.10) mas
    1578: ( -0.9,   0.9) m, (135.23, 189.08) mas
    1634: (  0.6,   1.1) m, (148.13, 190.41) mas
    2005: (  1.3,   2.3) m, (156.68, 208.81) mas
    2242: (  1.8,   3.2) m, (163.77, 220.67) mas
    2325: (  2.0,   3.5) m, (166.64, 225.92) mas
    2513: (  2.5,   4.4) m, (174.26, 237.50) mas
sa index   location       noise equivalent angle
      83: (  2.5,  -4.5) m, (117.84, 119.38) mas
     265: (  2.0,  -3.7) m, (120.51, 124.56) mas
     577: (  1.3,  -2.5) m, (126.07, 135.86) mas
     672: (  1.1,  -2.1) m, (135.36, 150.07) mas
     938: (  0.6,  -1.3) m, (133.21, 152.10) mas
    1581: (  0.8,   0.9) m, (134.19, 187.82) mas
    1627: ( -0.8,   1.1) m, (148.13, 190.41) mas
    1989: ( -1.5,   2.3) m, (156.68, 208.81) mas
    2220: ( -2.0,   3.2) m, (163.77, 220.67) mas
    2301: ( -2.1,   3.5) m, (166.64, 225.92) mas
    2483: ( -2.7,   4.4) m, (174.26, 237.50) mas

[00;00mSetting up powfs 2 PO WFS[00;00m

OTF dimension is 48x48 (calculated)
Generating matched filter for powfs 2
Use sanea to derive neasim
Use sanea to derive neasim

[00;00mSetting up reconstructor[00;00m

Recon NEA: cmf(165.48) cmf(165.77) cmf(165.53) cmf(165.05) cmf(165.47) cmf(165.71) geom(0.31) geom(0.31) geom(0.31) mf(0.14)  mas
Setup or update control matrix parameters.
RRtwfs svd threshold is 1e-10
Replacing HA by HA*fit->actextrap
Adding piston cr to fit matrix
Adding TT cr on upper DMs to fit matrix.
Before assembling fit matrix:	3872.4 MiB.
Building fit->FR
Building fit->FL
Adding tikhonov constraint of 1.0e-07 to FLM
The maximum eigen value is estimated to be around 3.0e-04
DM Fit number of Low rank terms: 16 in LHS
After assemble fit matrix:	5340.7 MiB.
After setup_recon:	5340.7 MiB.
GPU 0: mem used 1542 MB (wfs init)
GPU 0: mem used 2456 MB (recon init)
GPU 0: mem used 2486 MB (perf init)

*** Simulation started at 2025/02/12 00:16:53 in nid008652. ***

Running seed 1
GPU 0: mem used 2486 MB (wfs seeding)
Wind dir: 267.3 261.7 167.0 130.5 300.7  32.3 119.8 139.0 150.8 277.7 203.0 133.1  45.9 265.1 deg
Using /global/homes/b/bpeck/.aos/cache/atm/vonkarman_14_8192x8192_0.0078125_1115374592d.bin
After genatm:	5296.8 MiB.
Step     #  Open Loop  PR TT  On axis  PR TT  Field RMS PR TT     Timing 
Step     0: OL  884.6  248.3  OA  884.6 248.3 CL  884.6 248.3 nm  0.438 s
Step    10: OL  900.1  252.3  OA  194.5 108.2 CL  194.5 108.2 nm  0.045 s
Step    30: OL  931.8  258.7  OA  125.3   6.5 CL  125.3   6.5 nm  0.061 s
Step    48: OL  959.1  261.1  OA  130.6  16.2 CL  130.6  16.2 nm  0.052 s
Step    67: OL  987.2  260.1  OA  126.9   3.2 CL  126.9   3.2 nm  0.059 s
Step    86: OL 1016.0  258.2  OA  128.3  15.5 CL  128.3  15.5 nm  0.053 s
Step   105: OL 1045.0  257.4  OA  123.3  14.2 CL  123.3  14.2 nm  0.064 s
Step   124: OL 1073.5  259.0  OA  121.6   8.2 CL  121.6   8.2 nm  0.054 s
Step   143: OL 1099.7  264.4  OA  126.3  14.6 CL  126.3  14.6 nm  0.060 s
Step   162: OL 1122.0  273.2  OA  134.8  25.1 CL  134.8  25.1 nm  0.051 s
Step   180: OL 1138.8  283.9  OA  125.8  11.2 CL  125.8  11.2 nm  0.051 s
Step   198: OL 1150.4  295.5  OA  126.2  29.6 CL  126.2  29.6 nm  0.052 s
Step   217: OL 1158.5  307.6  OA  124.3  12.3 CL  124.3  12.3 nm  0.052 s
Step   236: OL 1161.4  320.1  OA  129.2  24.5 CL  129.2  24.5 nm  0.052 s
Step   255: OL 1158.2  333.5  OA  132.9  27.8 CL  132.9  27.8 nm  0.051 s
Step   255 updated high order loop gain: 0.371
Step   274: OL 1146.8  347.2  OA  123.8   8.4 CL  123.8   8.4 nm  0.053 s
Step   293: OL 1129.1  362.0  OA  129.6  20.7 CL  129.6  20.7 nm  0.052 s
Step   312: OL 1108.1  379.0  OA  123.8  18.4 CL  123.8  18.4 nm  0.052 s
Step   331: OL 1083.8  398.1  OA  127.5  30.3 CL  127.5  30.3 nm  0.052 s
Step   349: OL 1060.1  419.7  OA  125.4  19.4 CL  125.4  19.4 nm  0.061 s
Step   368: OL 1036.2  445.7  OA  123.7   4.4 CL  123.7   4.4 nm  0.053 s
Step   387: OL 1014.2  473.1  OA  125.3  22.8 CL  125.3  22.8 nm  0.058 s
Step   405: OL  993.9  498.9  OA  125.8  15.2 CL  125.8  15.2 nm  0.050 s
Step   422: OL  974.2  522.2  OA  125.8  13.5 CL  125.8  13.5 nm  0.053 s
Step   441: OL  952.6  547.3  OA  123.4  21.8 CL  123.4  21.8 nm  0.060 s
Step   460: OL  934.7  572.0  OA  128.3  16.6 CL  128.3  16.6 nm  0.055 s
Step   478: OL  924.9  595.3  OA  126.3   7.5 CL  126.3   7.5 nm  0.061 s
Step   497: OL  923.1  618.5  OA  132.0   8.9 CL  132.0   8.9 nm  0.052 s
Step   511 updated high order loop gain: 0.327
Step   516: OL  926.7  639.1  OA  130.5  11.5 CL  130.5  11.5 nm  0.060 s
Step   535: OL  934.5  654.8  OA  128.4  20.9 CL  128.4  20.9 nm  0.052 s
Step   553: OL  946.3  664.2  OA  130.1  11.3 CL  130.1  11.3 nm  0.062 s
Step   571: OL  962.1  669.2  OA  126.3  12.8 CL  126.3  12.8 nm  0.053 s
Step   589: OL  981.0  670.4  OA  121.1   7.3 CL  121.1   7.3 nm  0.054 s
Step   607: OL 1002.1  666.6  OA  122.5  11.4 CL  122.5  11.4 nm  0.066 s
Step   626: OL 1025.0  657.2  OA  122.3   9.3 CL  122.3   9.3 nm  0.053 s
Step   645: OL 1046.6  642.8  OA  127.1  13.1 CL  127.1  13.1 nm  0.056 s
Step   664: OL 1065.6  625.0  OA  124.2  20.1 CL  124.2  20.1 nm  0.052 s
Step   683: OL 1082.7  605.2  OA  128.9  19.4 CL  128.9  19.4 nm  0.055 s
Step   702: OL 1097.2  584.4  OA  127.6   3.2 CL  127.6   3.2 nm  0.053 s
Step   720: OL 1106.2  562.5  OA  123.2  10.5 CL  123.2  10.5 nm  0.060 s
Step   739: OL 1109.4  539.0  OA  127.3   8.2 CL  127.3   8.2 nm  0.054 s
Step   757: OL 1106.5  517.2  OA  125.4  19.0 CL  125.4  19.0 nm  0.074 s
Step   767 updated high order loop gain: 0.312
Step   775: OL 1098.0  496.5  OA  123.6  16.8 CL  123.6  16.8 nm  0.053 s
Step   794: OL 1082.4  475.2  OA  129.4  18.9 CL  129.4  18.9 nm  0.053 s
Step   813: OL 1061.2  454.0  OA  128.8  16.0 CL  128.8  16.0 nm  0.052 s
Step   832: OL 1034.6  433.1  OA  126.0   9.5 CL  126.0   9.5 nm  0.053 s
Step   851: OL 1004.5  413.5  OA  122.3  12.8 CL  122.3  12.8 nm  0.053 s
Step   869: OL  975.7  397.1  OA  125.8   5.4 CL  125.8   5.4 nm  0.055 s
Step   888: OL  946.8  382.8  OA  126.1  19.1 CL  126.1  19.1 nm  0.053 s
Step   907: OL  916.6  370.9  OA  127.3  15.7 CL  127.3  15.7 nm  0.052 s
Step   926: OL  885.5  361.5  OA  121.0  12.0 CL  121.0  12.0 nm  0.053 s
Step   945: OL  855.5  352.5  OA  121.4  18.3 CL  121.4  18.3 nm  0.053 s
Step   963: OL  829.7  343.4  OA  124.6  14.1 CL  124.6  14.1 nm  0.059 s
Step   982: OL  807.5  332.1  OA  126.0  21.5 CL  126.0  21.5 nm  0.052 s
Step  1001: OL  789.0  318.9  OA  127.9  11.9 CL  127.9  11.9 nm  0.054 s
Step  1020: OL  773.3  304.5  OA  131.6  19.4 CL  131.6  19.4 nm  0.051 s
Step  1023 updated high order loop gain: 0.305
Step  1038: OL  761.7  290.0  OA  127.7   6.4 CL  127.7   6.4 nm  0.066 s
Step  1057: OL  751.0  273.0  OA  132.1  11.8 CL  132.1  11.8 nm  0.053 s
Step  1076: OL  742.0  252.9  OA  129.0  10.0 CL  129.0  10.0 nm  0.059 s
Step  1094: OL  737.7  232.0  OA  126.0  13.3 CL  126.0  13.3 nm  0.054 s
Step  1113: OL  736.5  212.1  OA  124.9  17.3 CL  124.9  17.3 nm  0.060 s
Step  1131: OL  737.2  196.2  OA  123.5  18.6 CL  123.5  18.6 nm  0.051 s
Step  1150: OL  738.5  183.4  OA  121.6   9.0 CL  121.6   9.0 nm  0.061 s
Step  1169: OL  739.2  174.7  OA  125.2  21.4 CL  125.2  21.4 nm  0.052 s
Step  1188: OL  741.5  169.6  OA  123.5  14.1 CL  123.5  14.1 nm  0.065 s
Step  1207: OL  745.6  165.9  OA  123.9  15.7 CL  123.9  15.7 nm  0.055 s
Step  1226: OL  749.5  163.7  OA  123.1   6.4 CL  123.1   6.4 nm  0.058 s
Step  1244: OL  751.9  165.0  OA  118.7   7.2 CL  118.7   7.2 nm  0.052 s
Step  1263: OL  754.7  170.8  OA  120.8  13.3 CL  120.8  13.3 nm  0.054 s
Step  1279 updated high order loop gain: 0.296
Step  1281: OL  758.4  179.9  OA  125.4  23.0 CL  125.4  23.0 nm  0.052 s
Step  1300: OL  764.3  191.9  OA  127.2  15.2 CL  127.2  15.2 nm  0.052 s
Step  1319: OL  769.7  206.1  OA  129.7  27.5 CL  129.7  27.5 nm  0.051 s
Step  1338: OL  776.2  222.6  OA  131.7  10.9 CL  131.7  10.9 nm  0.051 s
Step  1356: OL  785.4  238.9  OA  129.4   8.8 CL  129.4   8.8 nm  0.055 s
Step  1375: OL  798.2  253.3  OA  127.7  20.3 CL  127.7  20.3 nm  0.054 s
Step  1394: OL  813.3  263.8  OA  126.1  16.9 CL  126.1  16.9 nm  0.055 s
Step  1412: OL  830.3  270.5  OA  127.9  11.4 CL  127.9  11.4 nm  0.053 s
Step  1431: OL  849.8  275.1  OA  129.4  14.9 CL  129.4  14.9 nm  0.059 s
Step  1446: OL  864.5  278.0  OA  125.6  18.0 CL  125.6  18.0 nm  0.052 s
Step  1465: OL  881.5  279.5  OA  127.3  20.1 CL  127.3  20.1 nm  0.062 s
Step  1484: OL  893.1  277.5  OA  128.2  12.2 CL  128.2  12.2 nm  0.051 s
Step  1502: OL  897.1  272.1  OA  125.5   9.0 CL  125.5   9.0 nm  0.057 s
Step  1521: OL  895.6  263.6  OA  126.8   9.9 CL  126.8   9.9 nm  0.054 s
Step  1535 updated high order loop gain: 0.292
Step  1540: OL  888.9  252.5  OA  124.7   8.3 CL  124.7   8.3 nm  0.063 s
Step  1559: OL  879.6  239.9  OA  129.7  10.5 CL  129.7  10.5 nm  0.052 s
Step  1578: OL  869.3  228.6  OA  127.9  11.6 CL  127.9  11.6 nm  0.057 s
Step  1597: OL  856.9  220.1  OA  130.2  10.5 CL  130.2  10.5 nm  0.051 s
Step 1599: Output PSF
Step  1599: OL  855.5  219.2  OA  134.1   4.8 CL  134.1   4.8 nm  2.660 s
Mean: 126.00 15.16 125.09  nm.

*** Simulation Finished at 2025/02/12 00:18:33 in nid008652. ***

