Warning(sock.c:516): connect locally (/global/homes/b/bpeck/.aos/tmp/nid008652/scheduler) failed: Invalid argument. 
/global/u2/b/bpeck/work/vismcao/maos -o studies/reduced_ngs/6_lgs/8mag_lgs/3500count -c master_files/reduced_ngs/6_lgs/8mag_lgs/kola_3500act.conf -O 
Output folder is 'studies/reduced_ngs/6_lgs/8mag_lgs/3500count'.
SRC: /global/homes/b/bpeck/code/maos v2.9 4c88b7c2 2024-11-13 16:45:33 -0800
BUILT: /global/homes/b/bpeck/code/maos/optim by GCC (v12) on 2024/11/18 09:40:03 CPU(F64,+O3) with CUDA(v122,F32)
Launched at 2025/02/12 00:18:34 in nid008652 with PID 776129.
The web based job monitor can be accessed at http://localhost:10300
Main config file is /global/u2/b/bpeck/work/vismcao/master_files/reduced_ngs/6_lgs/8mag_lgs/kola_3500act.conf
Warning(path.c:48): Path not found: path=/global/u2/b/bpeck/work/vismcao/master_files/reduced_ngs/6_lgs/8mag_lgs/bin; abspath=/global/u2/b/bpeck/work/vismcao/master_files/reduced_ngs/6_lgs/8mag_lgs/bin; Ignored.
Warning(path.c:48): Path not found: path=/global/u2/b/bpeck/work/vismcao/master_files/reduced_ngs/6_lgs/8mag_lgs/atm; abspath=/global/u2/b/bpeck/work/vismcao/master_files/reduced_ngs/6_lgs/8mag_lgs/atm; Ignored.
Warning(readcfg.c:399): sim.apfsm has been renamed to powfs.apfsm.
Warning(readcfg.c:399): sim.epfsm has been renamed to powfs.epfsm.
Warning(readcfg.c:399): sim.alfsm has been renamed to powfs.alfsm.
Warning(readcfg.c:399): sim.commonfsm has been renamed to powfs.commonfsm.
Warning(readcfg.c:399): sim.idealfsm has been renamed to powfs.idealfsm.
Warning(readcfg.c:399): sim.zetafsm has been renamed to powfs.zetafsm.
Warning(readcfg.c:399): sim.f0fsm has been renamed to powfs.f0fsm.
Warning(readcfg.c:399): tsurf has been renamed to ncpa.tsurf.
loaded 132 (132 new) records from '/global/u2/b/bpeck/work/vismcao/./keck_sim.conf'
loaded  19 ( 19 new) records from '/global/u2/b/bpeck/work/vismcao/./dm_none.conf'
loaded  19 (  0 new) records from '/global/u2/b/bpeck/work/vismcao/./keck_ASM.conf'
loaded  19 (  0 new) records from '/global/u2/b/bpeck/work/vismcao/./keck_DM2.conf'
loaded  19 (  0 new) records from '/global/u2/b/bpeck/work/vismcao/./keck_DM3.conf'
loaded   0 (  0 new) records from '/global/u2/b/bpeck/work/vismcao/./keck_dm_multiple.conf'
loaded   7 (  5 new) records from '/global/u2/b/bpeck/work/vismcao/./atm_mk13n50p_ground_detail.conf'
loaded  76 ( 69 new) records from '/global/homes/b/bpeck/code/maos/config/maos/powfs_common.conf'
loaded  44 ( 38 new) records from '/global/u2/b/bpeck/work/vismcao/./powfs_none.conf'
loaded  44 (  0 new) records from '/global/u2/b/bpeck/work/vismcao/./keck_shwfs_lgs.conf'
loaded  44 (  0 new) records from '/global/u2/b/bpeck/work/vismcao/./keck_shwfs_ttf_strap.conf'
loaded  44 (  0 new) records from '/global/u2/b/bpeck/work/vismcao/./keck_shwfs_twfs_lbwfs.conf'
loaded   0 (  0 new) records from '/global/u2/b/bpeck/work/vismcao/./keck_wfs_lgs_strap_lbwfs.conf'
loaded  71 ( 71 new) records from '/global/u2/b/bpeck/work/vismcao/./keck_recon.conf'
Warning(readcfg.c:399): dbg.na_smooth has been renamed to powfs0_llt.na_smooth.
Warning(readcfg.c:399): dbg.na_interp has been renamed to powfs0_llt.na_interp.
Warning(readcfg.c:399): dbg.na_thres has been renamed to powfs0_llt.na_thres.
Warning(readcfg.c:399): dbg.na_fit_maxit has been renamed to powfs0_llt.na_fit_maxit.
Warning(readcfg.c:399): dbg.na_fit_svdthres has been renamed to powfs0_llt.na_fit_svdthres.
Warning(readcfg.c:399): dbg.na_fit_dh has been renamed to powfs0_llt.na_fit_dh.
Warning(readcfg.c:399): dbg.ncpa_preload has been renamed to ncpa.preload.
Warning(readcfg.c:399): dbg.ncpa_rmsci has been renamed to ncpa.rmsci.
Warning(readcfg.c:399): dbg.draw_opdmax has been renamed to plot.opdmax.
Warning(readcfg.c:399): dbg.draw_gmax has been renamed to plot.gmax.
loaded  95 ( 93 new) records from '/global/u2/b/bpeck/work/vismcao/./keck_dbg.conf'
loaded   4 (  4 new) records from '/global/u2/b/bpeck/work/vismcao/./keck_fit_mcao.conf'
Warning(readcfg.c:399): surf has been renamed to ncpa.surf.
loaded  39 (  7 new) records from '/global/u2/b/bpeck/work/vismcao/master_files/reduced_ngs/6_lgs/8mag_lgs/kola_3500act.conf'
loaded   0 (  0 new) records from 'command line'
loaded  24 ( 18 new) records from '/global/u2/b/bpeck/work/vismcao/./keck_llt_CL.conf'
Adjust LGS range by telescope altitude 4145m.
Zenith angle is 30 degree.
    Scaling turbulence height and LGS hs by sec(za).
    Scaling r0 by cos(za)^(3/5).
    Scaling wind speed and LGS signal level by cos(za).
powfs0: Adjusting dx from 0.0078125 to 0.0075. 
powfs0.llt.fsm: f0=0 Hz, LPF ep=0
powfs0.epfsm is set to 0.517618 (auto)
powfs2: Adjusting dx from 0.03125 to 0.0312778. 
powfs2 is TWFS for powfs0
sim.ephi is set to 0.427717 (auto)
sim.eplo is set to 0.427717 (auto)
Warning(parms.c:2296): Layer 1 at 17.3205m is very close to layer 0 at 0m (OK).
Warning(parms.c:2296): Layer 2 at 34.641m is very close to layer 1 at 17.3205m (OK).
Warning(parms.c:2296): Layer 3 at 51.9615m is very close to layer 2 at 34.641m (OK).
dm 0: stroke=30 um is provided in micron.
dm 0: assume ia stroke=2 um is provided in micron.
dm 1: stroke=7 um is provided in micron.
dm 1: assume ia stroke=2 um is provided in micron.
dm 2: stroke=7 um is provided in micron.
dm 2: assume ia stroke=2 um is provided in micron.
Focus blending is not implemented yet for integrated tomography
parms->sim.mffocus is reset to 0
There are 1 valid simulation seeds:  1
Output PSF for 1 directions
Used 449 of 456 supplied keys
Warning(readcfg.c:158): key "dbg.pwfs_flate" is not recognized, value is 0
Warning(readcfg.c:158): key "dbg.pwfs_flatv" is not recognized, value is 0
Warning(readcfg.c:158): key "dbg.pwfs_psx" is not recognized, value is [0 0 0 0]
Warning(readcfg.c:158): key "dbg.pwfs_psy" is not recognized, value is [0 0 0 0]
Warning(readcfg.c:158): key "dbg.pwfs_pupelong" is not recognized, value is 0
Warning(readcfg.c:158): key "dbg.pwfs_raw" is not recognized, value is 0
Warning(readcfg.c:158): key "dbg.pwfs_side" is not recognized, value is 4
[00;00mAperture[00;00m is 11 m with sampling 1/128 m
[00;00mTurbulence at 30 degree zenith angle:[00;00m r0=0.128424m, L0=30m, 14 layers.
    Greenwood freq is 25.1Hz, anisoplanatic angle is 1.58 as
    Sampled 8192x8192 at 1/128m. wind dir is randomized.
    layer 0: ht=      0 m, wt= 0.302, ws=  4.8 m/s
    layer 1: ht=     17 m, wt= 0.154, ws=  5.0 m/s
    layer 2: ht=     35 m, wt= 0.041, ws=  5.4 m/s
    layer 3: ht=     52 m, wt= 0.002, ws=  6.6 m/s
    layer 4: ht=    139 m, wt= 0.021, ws=  6.1 m/s
    layer 5: ht=    231 m, wt= 0.010, ws=  6.1 m/s
    layer 6: ht=    323 m, wt= 0.008, ws=  6.1 m/s
    layer 7: ht=    416 m, wt= 0.005, ws=  6.1 m/s
    layer 8: ht=    508 m, wt= 0.001, ws=  6.1 m/s
    layer 9: ht=    932 m, wt= 0.107, ws=  5.6 m/s
    layer 10: ht=   5022 m, wt= 0.144, ws= 11.1 m/s
    layer 11: ht=   9238 m, wt= 0.093, ws= 19.1 m/s
    layer 12: ht=  13856 m, wt= 0.075, ws=  8.2 m/s
    layer 13: ht=  22518 m, wt= 0.036, ws=  4.8 m/s
[00;00mReconstruction[00;00m: r0=0.128424m L0=30m. 14 layers. use cone coordinate.
    layer 0: ht=      0 m, wt= 0.302
    layer 1: ht=     17 m, wt= 0.154
    layer 2: ht=     35 m, wt= 0.041
    layer 3: ht=     52 m, wt= 0.002
    layer 4: ht=    139 m, wt= 0.021
    layer 5: ht=    231 m, wt= 0.010
    layer 6: ht=    323 m, wt= 0.008
    layer 7: ht=    416 m, wt= 0.005
    layer 8: ht=    508 m, wt= 0.001
    layer 9: ht=    932 m, wt= 0.107
    layer 10: ht=   5022 m, wt= 0.144
    layer 11: ht=   9238 m, wt= 0.093
    layer 12: ht=  13856 m, wt= 0.075
    layer 13: ht=  22518 m, wt= 0.036
[00;00mThere are 3 powfs[00;00m
  powfs0: Order 67, LGS at 99.1 km. Sampling 1/133.333 m. Thres 30%. [00;00mT/T is removed in right hand side in tomography.[00;00m
    CCD image is 25x25 @ 500x500 mas, blur 27% (sigma), 1500Hz, wvl: [ 5.89e-07]
    Gtilt in reconstruction. Physical optics start at 0 with [00;00m'matched filter'[00;00m [00;00m(noisy)[00;00m
  powfs1: Order  2, NGS at inf km. Sampling 1/16 m. Thres 30%. 
    Ztilt in reconstruction. Geomtric optics start at 2 with ztilt [00;00m(noisy)[00;00m
  powfs2: Order 20, NGS at inf km. Sampling 1/31.9716 m. Thres 50%. 
    CCD image is 4x4 @ 1500x1500 mas, blur 0% (sigma), 0.015Hz, wvl: [ 7.2e-07]
    Gtilt in reconstruction. Geomtric optics start at 50 with gtilt Physical optics start at 0 with [00;00m'matched filter'[00;00m [00;00m(noisy)[00;00m
[00;00mThere are 10 wfs[00;00m
    wfs 0: type 0, at (  30.00,    0.00) arcsec,  99 km, siglev is 32.644 bkgrnd is 0.1
    wfs 1: type 0, at (  15.00,   25.98) arcsec,  99 km, siglev is 32.644 bkgrnd is 0.1
    wfs 2: type 0, at ( -15.00,   25.98) arcsec,  99 km, siglev is 32.644 bkgrnd is 0.1
    wfs 3: type 0, at ( -30.00,    0.00) arcsec,  99 km, siglev is 32.644 bkgrnd is 0.1
    wfs 4: type 0, at ( -15.00,  -25.98) arcsec,  99 km, siglev is 32.644 bkgrnd is 0.1
    wfs 5: type 0, at (  15.00,  -25.98) arcsec,  99 km, siglev is 32.644 bkgrnd is 0.1
    wfs 6: type 1, at (   5.00,    8.66) arcsec, inf km, siglev is 42387.6 bkgrnd is 1.056
    wfs 7: type 1, at ( -10.00,    0.00) arcsec, inf km, siglev is 42387.6 bkgrnd is 1.056
    wfs 8: type 1, at (   5.00,   -8.66) arcsec, inf km, siglev is 42387.6 bkgrnd is 1.056
    wfs 9: type 2, at (   0.00,    0.00) arcsec, inf km, siglev is 4.1558e+06 bkgrnd is 0.001
[00;00mThere are 3 DMs[00;00m
  DM 0 at -0.1km, actuator pitch 0.165m, offset   0, with 30.000000 micron stroke.
    Normalized cubic influence function with inter-actuator coupling of 0.223
  DM 1 at    6km, actuator pitch 0.168m, offset   0, with 7.000000 micron stroke.
    Normalized cubic influence function with inter-actuator coupling of 0.223
  DM 2 at   10km, actuator pitch 0.168m, offset   0, with 7.000000 micron stroke.
    Normalized cubic influence function with inter-actuator coupling of 0.223
[00;00mTomography[00;00m is using CG, with [00;00mFourer Domain[00;00m preconditioner, [00;00m12[00;00m iterations, integrated tomo.
[00;00mDM Fitting [00;00mis using CG, with [00;00mNo[00;00m preconditioner, [00;00m10[00;00m iterations
[00;00mThere are 9 fit directions[00;00m
    Fit 0: weight is 0.444, at (   0.00,    0.00) arcsec
    Fit 1: weight is 0.111, at (  15.00,    0.00) arcsec
    Fit 2: weight is 0.111, at (   0.00,   15.00) arcsec
    Fit 3: weight is 0.111, at ( -15.00,    0.00) arcsec
    Fit 4: weight is 0.111, at (   0.00,  -15.00) arcsec
    Fit 5: weight is 0.028, at (  15.00,   15.00) arcsec
    Fit 6: weight is 0.028, at ( -15.00,   15.00) arcsec
    Fit 7: weight is 0.028, at ( -15.00,  -15.00) arcsec
    Fit 8: weight is 0.028, at (  15.00,  -15.00) arcsec
[00;00mThere are 1 evaluation directions[00;00m at sampling 1/128 m.
    Evl 0: weight is 1.000, at (   0.00,    0.00) arcsec
[00;00mSimulation[00;00m start at step 0, end at step 1600, with time step 1/1500s, [00;00mclose loop[00;00m.
After setup_parms:	120.5 MiB.
Warning(sock.c:516): connect locally (/global/homes/b/bpeck/.aos/tmp/nid008652/scheduler) failed: Invalid argument. 
CUDA: minimum memory requirement is 0.3GB
GPU 0 is NVIDIA A100-SXM4-80GB with arch 8.0, 78.6GB free, 79.0GB total device memory.
Using GPU 0
Use 1 GPUs for WFS Tomo Fit Evl

*** Preparation started at 2025/02/12 00:18:34 in nid008652. ***

Using OpenMP version 201511 with 128 threads
Reading aperture amplitude map from KECK.fits
Warning(accphi.c:477): 108260 points not covered by input screen
Warning(sock.c:516): connect locally (/global/homes/b/bpeck/.aos/tmp/nid008652/scheduler) failed: Invalid argument. 
 ->maos.c:447->setup.c:148->aper.c:74->utils.c:478->accphi.c:478
iwvl 0: Science PSF is using grid size of 2880. The PSF will sum to 6.95167232825486
iwvl 1: Science PSF is using grid size of 2880. The PSF will sum to 6.95167232825486
iwvl 2: Science PSF is using grid size of 2880. The PSF will sum to 6.95167232825486
iwvl 3: Science PSF is using grid size of 2880. The PSF will sum to 6.95167232825486
iwvl 4: Science PSF is using grid size of 2880. The PSF will sum to 6.95167232825486
iwvl 5: Science PSF is using grid size of 2880. The PSF will sum to 6.95167232825486
iwvl 6: Science PSF is using grid size of 2880. The PSF will sum to 6.95167232825486
iwvl 7: Science PSF is using grid size of 2880. The PSF will sum to 6.95167232825486
iwvl 8: Science PSF is using grid size of 2880. The PSF will sum to 6.95167232825486
After setup_aper:	343.0 MiB.

[00;00mSetting up powfs 0 geom[00;00m

There are 22 points in each subaperture of 0.165m.
There are 2734 valid subaperture.

[00;00mSetting up powfs 1 geom[00;00m

There are 88 points in each subaperture of 5.5m.
There are 4 valid subaperture.

[00;00mSetting up powfs 2 geom[00;00m

There are 18 points in each subaperture of 0.563m.
There are 236 valid subaperture.
After setup_powfs_init:	427.5 MiB.

[00;00mSetting up reconstructor geometry.[00;00m

PLOC is 137x137, with sampling of 0.08m (square)
    DM 0: grid is 70 x 70
    DM 1: grid is 75 x 75
    DM 2: grid is 81 x 79
FLOC is 137x137, with sampling of 0.08m (not square)
Tomography grid is square:
    layer 0: xloc grid is 240 x 240, sampling is 0.083 m, 57600 points
    layer 1: xloc grid is 240 x 240, sampling is 0.082 m, 57600 points
    layer 2: xloc grid is 240 x 240, sampling is 0.082 m, 57600 points
    layer 3: xloc grid is 240 x 240, sampling is 0.082 m, 57600 points
    layer 4: xloc grid is 240 x 240, sampling is 0.082 m, 57600 points
    layer 5: xloc grid is 240 x 240, sampling is 0.082 m, 57600 points
    layer 6: xloc grid is 240 x 240, sampling is 0.082 m, 57600 points
    layer 7: xloc grid is 240 x 240, sampling is 0.082 m, 57600 points
    layer 8: xloc grid is 240 x 240, sampling is 0.082 m, 57600 points
    layer 9: xloc grid is 240 x 240, sampling is 0.082 m, 57600 points
    layer 10: xloc grid is 240 x 240, sampling is 0.078 m, 57600 points
    layer 11: xloc grid is 240 x 240, sampling is 0.075 m, 57600 points
    layer 12: xloc grid is 240 x 240, sampling is 0.071 m, 57600 points
Warning(map.c:195): ninx=240 is too small. need 241
Warning(map.c:200): niny=240 is too small. need 241
    layer 13: xloc grid is 240 x 240, sampling is 0.064 m, 57600 points

[00;00mSetting up powfs 0 PO WFS[00;00m

OTF dimension is 48x48 (calculated)
There is no bias
Uplink FWHM (illt 0, iwvl 0) is 0.576822"
Downlink FWHM (illt 0, iwvl 0) is 1.17002"
Generating matched filter for powfs 0
sa index   location       noise equivalent angle
    1338: (  4.9,  -0.2) m, (127.75, 124.06) mas
    1331: (  3.7,  -0.2) m, (135.60, 125.59) mas
    1325: (  2.7,  -0.2) m, (145.41, 127.35) mas
    1318: (  1.6,  -0.2) m, (158.51, 129.38) mas
    1316: (  1.2,  -0.2) m, (163.75, 130.04) mas
     956: ( -0.6,  -1.4) m, (196.73, 135.58) mas
    1313: ( -1.7,  -0.2) m, (220.81, 134.43) mas
    1306: ( -2.9,  -0.2) m, (242.01, 135.87) mas
    1300: ( -3.9,  -0.2) m, (256.55, 137.10) mas
    1293: ( -5.0,  -0.2) m, (272.28, 138.51) mas
    1291: ( -5.4,  -0.2) m, (277.79, 138.95) mas
sa index   location       noise equivalent angle
    2638: (  2.4,   4.2) m, (125.00, 126.96) mas
    2439: (  1.9,   3.4) m, (129.04, 133.60) mas
    2349: (  1.7,   3.1) m, (128.93, 134.70) mas
    2111: (  1.2,   2.2) m, (133.43, 143.33) mas
    1723: (  0.6,   1.1) m, (141.76, 160.14) mas
    1419: ( -1.4,   0.1) m, (164.65, 176.88) mas
    1012: ( -0.7,  -1.2) m, (159.68, 201.91) mas
     624: ( -1.4,  -2.4) m, (164.11, 219.01) mas
     386: ( -1.9,  -3.2) m, (170.93, 234.32) mas
      97: ( -2.6,  -4.4) m, (180.80, 253.18) mas
      24: ( -2.7,  -4.7) m, (183.71, 258.70) mas
sa index   location       noise equivalent angle
    2608: ( -2.6,   4.2) m, (125.00, 126.96) mas
    2415: ( -2.1,   3.4) m, (129.67, 134.15) mas
    2327: ( -1.9,   3.1) m, (128.93, 134.70) mas
    2095: ( -1.4,   2.2) m, (133.43, 143.33) mas
    1720: ( -0.7,   1.1) m, (142.30, 161.02) mas
    1420: (  1.2,   0.1) m, (163.65, 175.68) mas
    1015: (  0.6,  -1.2) m, (158.46, 200.08) mas
     640: (  1.2,  -2.4) m, (164.11, 219.01) mas
     408: (  1.7,  -3.2) m, (170.93, 234.32) mas
     127: (  2.4,  -4.4) m, (180.80, 253.18) mas
      51: (  2.6,  -4.7) m, (183.71, 258.70) mas
sa index   location       noise equivalent angle
    1343: ( -5.4,  -0.1) m, (126.02, 123.63) mas
    1346: ( -4.9,  -0.1) m, (128.39, 124.13) mas
    1353: ( -3.7,  -0.1) m, (136.75, 125.74) mas
    1359: ( -2.7,  -0.1) m, (146.70, 127.48) mas
    1366: ( -1.6,  -0.1) m, (161.44, 129.64) mas
     962: (  0.4,  -1.4) m, (196.73, 135.58) mas
    1368: (  1.2,  -0.1) m, (213.50, 133.82) mas
    1371: (  1.7,  -0.1) m, (224.33, 134.47) mas
    1378: (  2.9,  -0.1) m, (244.16, 135.86) mas
    1384: (  3.9,  -0.1) m, (258.43, 137.06) mas
    1391: (  5.0,  -0.1) m, (274.13, 138.46) mas
sa index   location       noise equivalent angle
      97: ( -2.6,  -4.4) m, (125.00, 126.96) mas
     296: ( -2.1,  -3.5) m, (130.68, 135.19) mas
     386: ( -1.9,  -3.2) m, (128.93, 134.70) mas
     624: ( -1.4,  -2.4) m, (133.43, 143.33) mas
    1012: ( -0.7,  -1.2) m, (144.29, 163.73) mas
    1316: (  1.2,  -0.2) m, (163.65, 175.68) mas
    1723: (  0.6,   1.1) m, (156.84, 197.74) mas
    2111: (  1.2,   2.2) m, (164.11, 219.01) mas
    2349: (  1.7,   3.1) m, (170.93, 234.32) mas
    2638: (  2.4,   4.2) m, (180.80, 253.18) mas
    2711: (  2.6,   4.5) m, (183.71, 258.70) mas
sa index   location       noise equivalent angle
     127: (  2.4,  -4.4) m, (125.00, 126.96) mas
     320: (  1.9,  -3.5) m, (129.92, 134.38) mas
     408: (  1.7,  -3.2) m, (128.93, 134.70) mas
     640: (  1.2,  -2.4) m, (133.43, 143.33) mas
    1015: (  0.6,  -1.2) m, (143.19, 162.16) mas
    1315: ( -1.4,  -0.2) m, (164.85, 177.15) mas
    1720: ( -0.7,   1.1) m, (157.46, 198.76) mas
    2095: ( -1.4,   2.2) m, (164.11, 219.01) mas
    2327: ( -1.9,   3.1) m, (170.93, 234.32) mas
    2608: ( -2.6,   4.2) m, (180.80, 253.18) mas
    2684: ( -2.7,   4.5) m, (183.71, 258.70) mas

[00;00mSetting up powfs 2 PO WFS[00;00m

OTF dimension is 48x48 (calculated)
Generating matched filter for powfs 2
Use sanea to derive neasim
Use sanea to derive neasim

[00;00mSetting up reconstructor[00;00m

Recon NEA: cmf(175.11) cmf(174.49) cmf(174.23) cmf(174.58) cmf(174.08) cmf(174.34) geom(0.31) geom(0.31) geom(0.31) mf(0.14)  mas
Setup or update control matrix parameters.
RRtwfs svd threshold is 1e-10
Replacing HA by HA*fit->actextrap
Adding piston cr to fit matrix
Adding TT cr on upper DMs to fit matrix.
Before assembling fit matrix:	4014.0 MiB.
Building fit->FR
Building fit->FL
Adding tikhonov constraint of 1.0e-07 to FLM
The maximum eigen value is estimated to be around 2.9e-04
DM Fit number of Low rank terms: 16 in LHS
After assemble fit matrix:	5657.4 MiB.
After setup_recon:	5657.4 MiB.
GPU 0: mem used 1580 MB (wfs init)
GPU 0: mem used 2536 MB (recon init)
GPU 0: mem used 2566 MB (perf init)

*** Simulation started at 2025/02/12 00:20:15 in nid008652. ***

Running seed 1
GPU 0: mem used 2566 MB (wfs seeding)
Wind dir: 267.3 261.7 167.0 130.5 300.7  32.3 119.8 139.0 150.8 277.7 203.0 133.1  45.9 265.1 deg
Using /global/homes/b/bpeck/.aos/cache/atm/vonkarman_14_8192x8192_0.0078125_1115374592d.bin
After genatm:	5547.2 MiB.
Step     #  Open Loop  PR TT  On axis  PR TT  Field RMS PR TT     Timing 
Step     0: OL  884.6  248.3  OA  884.6 248.3 CL  884.6 248.3 nm  0.235 s
Step    10: OL  900.0  252.3  OA  204.6 111.3 CL  204.6 111.3 nm  0.045 s
Step    30: OL  931.3  258.7  OA  137.1  12.7 CL  137.1  12.7 nm  0.070 s
Step    48: OL  958.4  261.2  OA  135.2  10.2 CL  135.2  10.2 nm  0.055 s
Step    66: OL  985.1  260.3  OA  135.0  11.7 CL  135.0  11.7 nm  0.053 s
Step    84: OL 1012.5  258.4  OA  136.2  31.9 CL  136.2  31.9 nm  0.054 s
Step   102: OL 1040.3  257.5  OA  135.1  21.5 CL  135.1  21.5 nm  0.063 s
Step   120: OL 1068.0  258.6  OA  130.4   4.8 CL  130.4   4.8 nm  0.051 s
Step   138: OL 1093.6  262.8  OA  133.5  11.3 CL  133.5  11.3 nm  0.066 s
Step   154: OL 1114.0  269.3  OA  136.8  12.3 CL  136.8  12.3 nm  0.063 s
Step   172: OL 1133.1  279.2  OA  140.3  30.2 CL  140.3  30.2 nm  0.053 s
Step   190: OL 1147.3  290.6  OA  130.0   9.0 CL  130.0   9.0 nm  0.064 s
Step   208: OL 1157.0  302.1  OA  133.6   7.2 CL  133.6   7.2 nm  0.054 s
Step   226: OL 1162.5  313.7  OA  133.9  14.3 CL  133.9  14.3 nm  0.065 s
Step   244: OL 1163.3  325.8  OA  134.0  24.1 CL  134.0  24.1 nm  0.055 s
Step   255 updated high order loop gain: 0.362
Step   262: OL 1157.2  338.6  OA  132.0  21.9 CL  132.0  21.9 nm  0.064 s
Step   280: OL 1143.9  351.6  OA  133.5  14.7 CL  133.5  14.7 nm  0.054 s
Step   298: OL 1125.8  366.4  OA  137.5  30.2 CL  137.5  30.2 nm  0.064 s
Step   316: OL 1104.8  382.8  OA  135.8  26.9 CL  135.8  26.9 nm  0.055 s
Step   334: OL 1081.0  401.5  OA  127.1  21.0 CL  127.1  21.0 nm  0.054 s
Step   351: OL 1058.2  422.3  OA  127.8  24.7 CL  127.8  24.7 nm  0.056 s
Step   369: OL 1035.1  447.1  OA  129.7  23.7 CL  129.7  23.7 nm  0.057 s
Step   387: OL 1013.5  473.1  OA  130.1  10.1 CL  130.1  10.1 nm  0.056 s
Step   405: OL  992.6  498.9  OA  133.0   5.8 CL  133.0   5.8 nm  0.063 s
Step   423: OL  971.3  523.4  OA  129.4  11.4 CL  129.4  11.4 nm  0.055 s
Step   441: OL  950.8  547.2  OA  126.7   9.6 CL  126.7   9.6 nm  0.055 s
Step   459: OL  933.7  570.7  OA  129.6  19.1 CL  129.6  19.1 nm  0.055 s
Step   477: OL  923.5  593.9  OA  136.8  15.1 CL  136.8  15.1 nm  0.054 s
Step   495: OL  921.5  616.1  OA  139.1  14.5 CL  139.1  14.5 nm  0.056 s
Step   511 updated high order loop gain: 0.333
Step   512: OL  924.1  635.0  OA  136.4  20.1 CL  136.4  20.1 nm  0.068 s
Step   530: OL  930.8  651.1  OA  133.7   6.4 CL  133.7   6.4 nm  0.056 s
Step   548: OL  941.7  662.0  OA  135.3   5.1 CL  135.3   5.1 nm  0.057 s
Step   566: OL  956.9  668.1  OA  129.5   7.1 CL  129.5   7.1 nm  0.056 s
Step   584: OL  975.2  670.4  OA  128.8  23.3 CL  128.8  23.3 nm  0.060 s
Step   602: OL  996.2  668.2  OA  124.1  11.1 CL  124.1  11.1 nm  0.053 s
Step   620: OL 1018.1  660.6  OA  130.8   0.8 CL  130.8   0.8 nm  0.059 s
Step   638: OL 1039.3  648.5  OA  131.4  25.6 CL  131.4  25.6 nm  0.053 s
Step   656: OL 1058.3  632.8  OA  133.0  17.2 CL  133.0  17.2 nm  0.065 s
Step   673: OL 1074.2  615.6  OA  131.3  18.6 CL  131.3  18.6 nm  0.054 s
Step   691: OL 1089.6  596.7  OA  138.9  21.4 CL  138.9  21.4 nm  0.054 s
Step   704: OL 1098.7  582.0  OA  140.4  34.2 CL  140.4  34.2 nm  0.055 s
Step   722: OL 1106.8  560.0  OA  138.6  15.4 CL  138.6  15.4 nm  0.054 s
Step   740: OL 1109.1  537.8  OA  134.0  19.8 CL  134.0  19.8 nm  0.054 s
Step   758: OL 1105.7  516.1  OA  136.6  33.1 CL  136.6  33.1 nm  0.064 s
Step   767 updated high order loop gain: 0.319
Step   776: OL 1096.6  495.4  OA  134.8  13.8 CL  134.8  13.8 nm  0.053 s
Step   794: OL 1081.2  475.2  OA  139.1   9.9 CL  139.1   9.9 nm  0.062 s
Step   808: OL 1065.9  459.6  OA  144.4  17.8 CL  144.4  17.8 nm  0.054 s
Step   826: OL 1042.1  439.6  OA  139.9   9.3 CL  139.9   9.3 nm  0.070 s
Step   844: OL 1014.6  420.6  OA  134.9  24.1 CL  134.9  24.1 nm  0.055 s
Step   860: OL  988.9  405.0  OA  135.7   8.9 CL  135.7   8.9 nm  0.054 s
Step   878: OL  961.1  390.0  OA  135.8  10.1 CL  135.8  10.1 nm  0.057 s
Step   896: OL  934.0  377.5  OA  138.5  13.6 CL  138.5  13.6 nm  0.061 s
Step   914: OL  905.2  367.3  OA  139.7  14.5 CL  139.7  14.5 nm  0.053 s
Step   932: OL  876.1  358.7  OA  134.8   7.2 CL  134.8   7.2 nm  0.066 s
Step   950: OL  848.3  350.1  OA  134.5  26.8 CL  134.5  26.8 nm  0.055 s
Step   968: OL  823.6  340.5  OA  133.6   6.7 CL  133.6   6.7 nm  0.057 s
Step   986: OL  803.2  329.4  OA  133.4  12.7 CL  133.4  12.7 nm  0.057 s
Step  1004: OL  785.6  316.6  OA  132.1   3.4 CL  132.1   3.4 nm  0.054 s
Step  1021: OL  771.4  303.6  OA  136.8   1.4 CL  136.8   1.4 nm  0.064 s
Step  1023 updated high order loop gain: 0.311
Step  1038: OL  759.8  290.0  OA  133.5   4.7 CL  133.5   4.7 nm  0.055 s
Step  1056: OL  749.0  273.9  OA  132.4   8.3 CL  132.4   8.3 nm  0.059 s
Step  1074: OL  739.6  255.1  OA  135.4  11.9 CL  135.4  11.9 nm  0.056 s
Step  1092: OL  734.1  234.2  OA  135.8  20.4 CL  135.8  20.4 nm  0.063 s
Step  1110: OL  731.8  214.9  OA  135.7  17.3 CL  135.7  17.3 nm  0.053 s
Step  1128: OL  731.4  198.4  OA  128.4  11.1 CL  128.4  11.1 nm  0.061 s
Step  1146: OL  732.0  185.6  OA  124.4  12.5 CL  124.4  12.5 nm  0.054 s
Step  1164: OL  732.7  176.3  OA  127.0  13.9 CL  127.0  13.9 nm  0.054 s
Step  1181: OL  734.2  171.0  OA  131.7  25.9 CL  131.7  25.9 nm  0.057 s
Step  1199: OL  738.2  167.1  OA  128.6  14.1 CL  128.6  14.1 nm  0.056 s
Step  1209: OL  740.7  165.2  OA  129.3   8.7 CL  129.3   8.7 nm  0.063 s
Step  1227: OL  745.5  163.4  OA  129.4  10.8 CL  129.4  10.8 nm  0.055 s
Step  1245: OL  749.1  164.9  OA  128.2  17.8 CL  128.2  17.8 nm  0.053 s
Step  1263: OL  753.6  170.5  OA  130.6  16.6 CL  130.6  16.6 nm  0.071 s
Step  1279 updated high order loop gain: 0.300
Step  1281: OL  759.5  179.6  OA  133.7  14.9 CL  133.7  14.9 nm  0.054 s
Step  1299: OL  767.3  190.9  OA  140.0  25.5 CL  140.0  25.5 nm  0.056 s
Step  1317: OL  774.5  204.3  OA  138.9  30.1 CL  138.9  30.1 nm  0.054 s
Step  1335: OL  781.9  219.6  OA  141.6  36.0 CL  141.6  36.0 nm  0.053 s
Step  1353: OL  791.8  236.0  OA  138.1  21.6 CL  138.1  21.6 nm  0.053 s
Step  1371: OL  804.4  250.4  OA  132.6  10.5 CL  132.6  10.5 nm  0.057 s
Step  1389: OL  818.2  261.2  OA  136.3  28.9 CL  136.3  28.9 nm  0.054 s
Step  1407: OL  834.4  268.8  OA  131.9  22.1 CL  131.9  22.1 nm  0.052 s
Step  1425: OL  852.2  273.7  OA  132.5  17.9 CL  132.5  17.9 nm  0.055 s
Step  1443: OL  869.2  277.3  OA  131.5  16.6 CL  131.5  16.6 nm  0.053 s
Step  1461: OL  884.5  279.4  OA  133.1  19.9 CL  133.1  19.9 nm  0.056 s
Step  1479: OL  895.2  278.3  OA  133.3   3.9 CL  133.3   3.9 nm  0.054 s
Step  1497: OL  899.6  273.9  OA  135.3   3.8 CL  135.3   3.8 nm  0.056 s
Step  1515: OL  898.1  266.4  OA  137.6  14.2 CL  137.6  14.2 nm  0.054 s
Step  1532: OL  892.6  257.5  OA  129.0   9.5 CL  129.0   9.5 nm  0.069 s
Step  1535 updated high order loop gain: 0.300
Step  1544: OL  886.4  249.9  OA  135.4  24.3 CL  135.4  24.3 nm  0.053 s
Step  1562: OL  876.2  238.0  OA  135.3  20.7 CL  135.3  20.7 nm  0.065 s
Step  1580: OL  865.5  227.6  OA  138.9  14.9 CL  138.9  14.9 nm  0.066 s
Step  1598: OL  853.4  219.7  OA  139.9  21.5 CL  139.9  21.5 nm  0.056 s
Step 1599: Output PSF
Step  1599: OL  852.7  219.3  OA  139.5  18.6 CL  139.5  18.6 nm 13.314 s
Mean: 133.66 16.71 132.61  nm.

*** Simulation Finished at 2025/02/12 00:22:11 in nid008652. ***

