Warning(sock.c:516): connect locally (/global/homes/b/bpeck/.aos/tmp/nid008236/scheduler) failed: Invalid argument. 
/global/u2/b/bpeck/work/vismcao/maos -o studies/reduced_ngs/7_lgs/8mag_lgs/2500count -c master_files/reduced_ngs/7_lgs/8mag_lgs/kola_2500act.conf -O 
Output folder is 'studies/reduced_ngs/7_lgs/8mag_lgs/2500count'.
SRC: /global/homes/b/bpeck/code/maos v2.9 4c88b7c2 2024-11-13 16:45:33 -0800
BUILT: /global/homes/b/bpeck/code/maos/optim by GCC (v12) on 2024/11/18 09:40:03 CPU(F64,+O3) with CUDA(v122,F32)
Launched at 2025/02/12 00:10:19 in nid008236 with PID 34815.
The web based job monitor can be accessed at http://localhost:10300
Main config file is /global/u2/b/bpeck/work/vismcao/master_files/reduced_ngs/7_lgs/8mag_lgs/kola_2500act.conf
Warning(path.c:48): Path not found: path=/global/u2/b/bpeck/work/vismcao/master_files/reduced_ngs/7_lgs/8mag_lgs/bin; abspath=/global/u2/b/bpeck/work/vismcao/master_files/reduced_ngs/7_lgs/8mag_lgs/bin; Ignored.
Warning(path.c:48): Path not found: path=/global/u2/b/bpeck/work/vismcao/master_files/reduced_ngs/7_lgs/8mag_lgs/atm; abspath=/global/u2/b/bpeck/work/vismcao/master_files/reduced_ngs/7_lgs/8mag_lgs/atm; Ignored.
Warning(readcfg.c:399): sim.apfsm has been renamed to powfs.apfsm.
Warning(readcfg.c:399): sim.epfsm has been renamed to powfs.epfsm.
Warning(readcfg.c:399): sim.alfsm has been renamed to powfs.alfsm.
Warning(readcfg.c:399): sim.commonfsm has been renamed to powfs.commonfsm.
Warning(readcfg.c:399): sim.idealfsm has been renamed to powfs.idealfsm.
Warning(readcfg.c:399): sim.zetafsm has been renamed to powfs.zetafsm.
Warning(readcfg.c:399): sim.f0fsm has been renamed to powfs.f0fsm.
Warning(readcfg.c:399): tsurf has been renamed to ncpa.tsurf.
loaded 132 (132 new) records from '/global/u2/b/bpeck/work/vismcao/./keck_sim.conf'
loaded  19 ( 19 new) records from '/global/u2/b/bpeck/work/vismcao/./dm_none.conf'
loaded  19 (  0 new) records from '/global/u2/b/bpeck/work/vismcao/./keck_ASM.conf'
loaded  19 (  0 new) records from '/global/u2/b/bpeck/work/vismcao/./keck_DM2.conf'
loaded  19 (  0 new) records from '/global/u2/b/bpeck/work/vismcao/./keck_DM3.conf'
loaded   0 (  0 new) records from '/global/u2/b/bpeck/work/vismcao/./keck_dm_multiple.conf'
loaded   7 (  5 new) records from '/global/u2/b/bpeck/work/vismcao/./atm_mk13n50p_ground_detail.conf'
loaded  76 ( 69 new) records from '/global/homes/b/bpeck/code/maos/config/maos/powfs_common.conf'
loaded  44 ( 38 new) records from '/global/u2/b/bpeck/work/vismcao/./powfs_none.conf'
loaded  44 (  0 new) records from '/global/u2/b/bpeck/work/vismcao/./keck_shwfs_lgs.conf'
loaded  44 (  0 new) records from '/global/u2/b/bpeck/work/vismcao/./keck_shwfs_ttf_strap.conf'
loaded  44 (  0 new) records from '/global/u2/b/bpeck/work/vismcao/./keck_shwfs_twfs_lbwfs.conf'
loaded   0 (  0 new) records from '/global/u2/b/bpeck/work/vismcao/./keck_wfs_lgs_strap_lbwfs.conf'
loaded  71 ( 71 new) records from '/global/u2/b/bpeck/work/vismcao/./keck_recon.conf'
Warning(readcfg.c:399): dbg.na_smooth has been renamed to powfs0_llt.na_smooth.
Warning(readcfg.c:399): dbg.na_interp has been renamed to powfs0_llt.na_interp.
Warning(readcfg.c:399): dbg.na_thres has been renamed to powfs0_llt.na_thres.
Warning(readcfg.c:399): dbg.na_fit_maxit has been renamed to powfs0_llt.na_fit_maxit.
Warning(readcfg.c:399): dbg.na_fit_svdthres has been renamed to powfs0_llt.na_fit_svdthres.
Warning(readcfg.c:399): dbg.na_fit_dh has been renamed to powfs0_llt.na_fit_dh.
Warning(readcfg.c:399): dbg.ncpa_preload has been renamed to ncpa.preload.
Warning(readcfg.c:399): dbg.ncpa_rmsci has been renamed to ncpa.rmsci.
Warning(readcfg.c:399): dbg.draw_opdmax has been renamed to plot.opdmax.
Warning(readcfg.c:399): dbg.draw_gmax has been renamed to plot.gmax.
loaded  95 ( 93 new) records from '/global/u2/b/bpeck/work/vismcao/./keck_dbg.conf'
loaded   4 (  4 new) records from '/global/u2/b/bpeck/work/vismcao/./keck_fit_mcao.conf'
Warning(readcfg.c:399): surf has been renamed to ncpa.surf.
loaded  39 (  7 new) records from '/global/u2/b/bpeck/work/vismcao/master_files/reduced_ngs/7_lgs/8mag_lgs/kola_2500act.conf'
loaded   0 (  0 new) records from 'command line'
loaded  24 ( 18 new) records from '/global/u2/b/bpeck/work/vismcao/./keck_llt_CL.conf'
Adjust LGS range by telescope altitude 4145m.
Zenith angle is 30 degree.
    Scaling turbulence height and LGS hs by sec(za).
    Scaling r0 by cos(za)^(3/5).
    Scaling wind speed and LGS signal level by cos(za).
powfs0: Adjusting dx from 0.0078125 to 0.008125. 
powfs0.llt.fsm: f0=0 Hz, LPF ep=0
powfs0.epfsm is set to 0.517618 (auto)
powfs2: Adjusting dx from 0.03125 to 0.0312778. 
powfs2 is TWFS for powfs0
sim.ephi is set to 0.427717 (auto)
sim.eplo is set to 0.427717 (auto)
Warning(parms.c:2296): Layer 1 at 17.3205m is very close to layer 0 at 0m (OK).
Warning(parms.c:2296): Layer 2 at 34.641m is very close to layer 1 at 17.3205m (OK).
Warning(parms.c:2296): Layer 3 at 51.9615m is very close to layer 2 at 34.641m (OK).
dm 0: stroke=30 um is provided in micron.
dm 0: assume ia stroke=2 um is provided in micron.
dm 1: stroke=7 um is provided in micron.
dm 1: assume ia stroke=2 um is provided in micron.
dm 2: stroke=7 um is provided in micron.
dm 2: assume ia stroke=2 um is provided in micron.
Focus blending is not implemented yet for integrated tomography
parms->sim.mffocus is reset to 0
There are 1 valid simulation seeds:  1
Output PSF for 1 directions
Used 449 of 456 supplied keys
Warning(readcfg.c:158): key "dbg.pwfs_flate" is not recognized, value is 0
Warning(readcfg.c:158): key "dbg.pwfs_flatv" is not recognized, value is 0
Warning(readcfg.c:158): key "dbg.pwfs_psx" is not recognized, value is [0 0 0 0]
Warning(readcfg.c:158): key "dbg.pwfs_psy" is not recognized, value is [0 0 0 0]
Warning(readcfg.c:158): key "dbg.pwfs_pupelong" is not recognized, value is 0
Warning(readcfg.c:158): key "dbg.pwfs_raw" is not recognized, value is 0
Warning(readcfg.c:158): key "dbg.pwfs_side" is not recognized, value is 4
[00;00mAperture[00;00m is 11 m with sampling 1/128 m
[00;00mTurbulence at 30 degree zenith angle:[00;00m r0=0.128424m, L0=30m, 14 layers.
    Greenwood freq is 25.1Hz, anisoplanatic angle is 1.58 as
    Sampled 8192x8192 at 1/128m. wind dir is randomized.
    layer 0: ht=      0 m, wt= 0.302, ws=  4.8 m/s
    layer 1: ht=     17 m, wt= 0.154, ws=  5.0 m/s
    layer 2: ht=     35 m, wt= 0.041, ws=  5.4 m/s
    layer 3: ht=     52 m, wt= 0.002, ws=  6.6 m/s
    layer 4: ht=    139 m, wt= 0.021, ws=  6.1 m/s
    layer 5: ht=    231 m, wt= 0.010, ws=  6.1 m/s
    layer 6: ht=    323 m, wt= 0.008, ws=  6.1 m/s
    layer 7: ht=    416 m, wt= 0.005, ws=  6.1 m/s
    layer 8: ht=    508 m, wt= 0.001, ws=  6.1 m/s
    layer 9: ht=    932 m, wt= 0.107, ws=  5.6 m/s
    layer 10: ht=   5022 m, wt= 0.144, ws= 11.1 m/s
    layer 11: ht=   9238 m, wt= 0.093, ws= 19.1 m/s
    layer 12: ht=  13856 m, wt= 0.075, ws=  8.2 m/s
    layer 13: ht=  22518 m, wt= 0.036, ws=  4.8 m/s
[00;00mReconstruction[00;00m: r0=0.128424m L0=30m. 14 layers. use cone coordinate.
    layer 0: ht=      0 m, wt= 0.302
    layer 1: ht=     17 m, wt= 0.154
    layer 2: ht=     35 m, wt= 0.041
    layer 3: ht=     52 m, wt= 0.002
    layer 4: ht=    139 m, wt= 0.021
    layer 5: ht=    231 m, wt= 0.010
    layer 6: ht=    323 m, wt= 0.008
    layer 7: ht=    416 m, wt= 0.005
    layer 8: ht=    508 m, wt= 0.001
    layer 9: ht=    932 m, wt= 0.107
    layer 10: ht=   5022 m, wt= 0.144
    layer 11: ht=   9238 m, wt= 0.093
    layer 12: ht=  13856 m, wt= 0.075
    layer 13: ht=  22518 m, wt= 0.036
[00;00mThere are 3 powfs[00;00m
  powfs0: Order 57, LGS at 99.1 km. Sampling 1/123.077 m. Thres 30%. [00;00mT/T is removed in right hand side in tomography.[00;00m
    CCD image is 25x25 @ 500x500 mas, blur 27% (sigma), 1500Hz, wvl: [ 5.89e-07]
    Gtilt in reconstruction. Physical optics start at 0 with [00;00m'matched filter'[00;00m [00;00m(noisy)[00;00m
  powfs1: Order  2, NGS at inf km. Sampling 1/16 m. Thres 30%. 
    Ztilt in reconstruction. Geomtric optics start at 2 with ztilt [00;00m(noisy)[00;00m
  powfs2: Order 20, NGS at inf km. Sampling 1/31.9716 m. Thres 50%. 
    CCD image is 4x4 @ 1500x1500 mas, blur 0% (sigma), 0.015Hz, wvl: [ 7.2e-07]
    Gtilt in reconstruction. Geomtric optics start at 50 with gtilt Physical optics start at 0 with [00;00m'matched filter'[00;00m [00;00m(noisy)[00;00m
[00;00mThere are 11 wfs[00;00m
    wfs 0: type 0, at (  30.00,    0.00) arcsec,  99 km, siglev is 45.5936 bkgrnd is 0.1
    wfs 1: type 0, at (  18.70,   23.45) arcsec,  99 km, siglev is 45.5936 bkgrnd is 0.1
    wfs 2: type 0, at (  -6.68,   29.25) arcsec,  99 km, siglev is 45.5936 bkgrnd is 0.1
    wfs 3: type 0, at ( -27.03,   13.02) arcsec,  99 km, siglev is 45.5936 bkgrnd is 0.1
    wfs 4: type 0, at ( -27.03,  -13.02) arcsec,  99 km, siglev is 45.5936 bkgrnd is 0.1
    wfs 5: type 0, at (  -6.68,  -29.25) arcsec,  99 km, siglev is 45.5936 bkgrnd is 0.1
    wfs 6: type 0, at (  18.70,  -23.45) arcsec,  99 km, siglev is 45.5936 bkgrnd is 0.1
    wfs 7: type 1, at (   5.00,    8.66) arcsec, inf km, siglev is 42387.6 bkgrnd is 1.056
    wfs 8: type 1, at ( -10.00,    0.00) arcsec, inf km, siglev is 42387.6 bkgrnd is 1.056
    wfs 9: type 1, at (   5.00,   -8.66) arcsec, inf km, siglev is 42387.6 bkgrnd is 1.056
    wfs 10: type 2, at (   0.00,    0.00) arcsec, inf km, siglev is 4.1558e+06 bkgrnd is 0.001
[00;00mThere are 3 DMs[00;00m
  DM 0 at -0.1km, actuator pitch 0.195m, offset   0, with 30.000000 micron stroke.
    Normalized cubic influence function with inter-actuator coupling of 0.223
  DM 1 at    6km, actuator pitch 0.168m, offset   0, with 7.000000 micron stroke.
    Normalized cubic influence function with inter-actuator coupling of 0.223
  DM 2 at   10km, actuator pitch 0.168m, offset   0, with 7.000000 micron stroke.
    Normalized cubic influence function with inter-actuator coupling of 0.223
[00;00mTomography[00;00m is using CG, with [00;00mFourer Domain[00;00m preconditioner, [00;00m12[00;00m iterations, integrated tomo.
[00;00mDM Fitting [00;00mis using CG, with [00;00mNo[00;00m preconditioner, [00;00m10[00;00m iterations
[00;00mThere are 9 fit directions[00;00m
    Fit 0: weight is 0.444, at (   0.00,    0.00) arcsec
    Fit 1: weight is 0.111, at (  15.00,    0.00) arcsec
    Fit 2: weight is 0.111, at (   0.00,   15.00) arcsec
    Fit 3: weight is 0.111, at ( -15.00,    0.00) arcsec
    Fit 4: weight is 0.111, at (   0.00,  -15.00) arcsec
    Fit 5: weight is 0.028, at (  15.00,   15.00) arcsec
    Fit 6: weight is 0.028, at ( -15.00,   15.00) arcsec
    Fit 7: weight is 0.028, at ( -15.00,  -15.00) arcsec
    Fit 8: weight is 0.028, at (  15.00,  -15.00) arcsec
[00;00mThere are 1 evaluation directions[00;00m at sampling 1/128 m.
    Evl 0: weight is 1.000, at (   0.00,    0.00) arcsec
[00;00mSimulation[00;00m start at step 0, end at step 1600, with time step 1/1500s, [00;00mclose loop[00;00m.
After setup_parms:	120.6 MiB.
Warning(sock.c:516): connect locally (/global/homes/b/bpeck/.aos/tmp/nid008236/scheduler) failed: Invalid argument. 
CUDA: minimum memory requirement is 0.3GB
GPU 0 is NVIDIA A100-SXM4-80GB with arch 8.0, 78.6GB free, 79.0GB total device memory.
Using GPU 0
Use 1 GPUs for WFS Tomo Fit Evl

*** Preparation started at 2025/02/12 00:10:21 in nid008236. ***

Using OpenMP version 201511 with 128 threads
Reading aperture amplitude map from KECK.fits
Warning(accphi.c:477): 108650 points not covered by input screen
Warning(sock.c:516): connect locally (/global/homes/b/bpeck/.aos/tmp/nid008236/scheduler) failed: Invalid argument. 
 ->maos.c:447->setup.c:148->aper.c:74->utils.c:478->accphi.c:478
iwvl 0: Science PSF is using grid size of 2880. The PSF will sum to 6.95167232825486
iwvl 1: Science PSF is using grid size of 2880. The PSF will sum to 6.95167232825486
iwvl 2: Science PSF is using grid size of 2880. The PSF will sum to 6.95167232825486
iwvl 3: Science PSF is using grid size of 2880. The PSF will sum to 6.95167232825486
iwvl 4: Science PSF is using grid size of 2880. The PSF will sum to 6.95167232825486
iwvl 5: Science PSF is using grid size of 2880. The PSF will sum to 6.95167232825486
iwvl 6: Science PSF is using grid size of 2880. The PSF will sum to 6.95167232825486
iwvl 7: Science PSF is using grid size of 2880. The PSF will sum to 6.95167232825486
iwvl 8: Science PSF is using grid size of 2880. The PSF will sum to 6.95167232825486
After setup_aper:	343.2 MiB.

[00;00mSetting up powfs 0 geom[00;00m

There are 24 points in each subaperture of 0.195m.
There are 1993 valid subaperture.

[00;00mSetting up powfs 1 geom[00;00m

There are 88 points in each subaperture of 5.5m.
There are 4 valid subaperture.

[00;00mSetting up powfs 2 geom[00;00m

There are 18 points in each subaperture of 0.563m.
There are 236 valid subaperture.
After setup_powfs_init:	412.8 MiB.

[00;00mSetting up reconstructor geometry.[00;00m

PLOC is 117x117, with sampling of 0.10m (square)
    DM 0: grid is 60 x 60
    DM 1: grid is 75 x 75
    DM 2: grid is 80 x 79
FLOC is 117x117, with sampling of 0.10m (not square)
Tomography grid is square:
    layer 0: xloc grid is 216 x 216, sampling is 0.098 m, 46656 points
    layer 1: xloc grid is 216 x 216, sampling is 0.097 m, 46656 points
    layer 2: xloc grid is 216 x 216, sampling is 0.097 m, 46656 points
    layer 3: xloc grid is 216 x 216, sampling is 0.097 m, 46656 points
    layer 4: xloc grid is 216 x 216, sampling is 0.097 m, 46656 points
    layer 5: xloc grid is 216 x 216, sampling is 0.097 m, 46656 points
    layer 6: xloc grid is 216 x 216, sampling is 0.097 m, 46656 points
    layer 7: xloc grid is 216 x 216, sampling is 0.097 m, 46656 points
    layer 8: xloc grid is 216 x 216, sampling is 0.097 m, 46656 points
    layer 9: xloc grid is 216 x 216, sampling is 0.097 m, 46656 points
    layer 10: xloc grid is 216 x 216, sampling is 0.093 m, 46656 points
    layer 11: xloc grid is 216 x 216, sampling is 0.088 m, 46656 points
    layer 12: xloc grid is 216 x 216, sampling is 0.084 m, 46656 points
    layer 13: xloc grid is 216 x 216, sampling is 0.075 m, 46656 points

[00;00mSetting up powfs 0 PO WFS[00;00m

OTF dimension is 48x48 (calculated)
There is no bias
Uplink FWHM (illt 0, iwvl 0) is 0.581676"
Downlink FWHM (illt 0, iwvl 0) is 1.18278"
Generating matched filter for powfs 0
sa index   location       noise equivalent angle
     972: (  4.8,  -0.3) m, (101.14,  98.17) mas
     967: (  3.8,  -0.3) m, (107.97,  99.18) mas
     961: (  2.6,  -0.3) m, (119.39, 100.36) mas
     955: (  1.5,  -0.3) m, (132.08, 101.44) mas
     954: (  1.3,  -0.3) m, (134.36, 101.63) mas
     685: ( -0.5,  -1.5) m, (155.21, 105.57) mas
     952: ( -1.7,  -0.3) m, (168.29, 104.03) mas
     946: ( -2.8,  -0.3) m, (183.04, 104.98) mas
     940: ( -4.0,  -0.3) m, (196.89, 105.89) mas
     935: ( -5.0,  -0.3) m, (209.05, 106.64) mas
     933: ( -5.4,  -0.3) m, (214.70, 106.95) mas
sa index   location       noise equivalent angle
    1861: (  2.8,   3.8) m, ( 99.57,  99.74) mas
    1675: (  2.2,   2.8) m, (115.10, 112.01) mas
    1633: (  2.0,   2.6) m, (104.34, 106.84) mas
    1462: (  1.5,   1.9) m, (109.01, 113.91) mas
    1264: (  0.9,   1.1) m, (114.15, 122.07) mas
    1085: ( -1.5,   0.3) m, (138.07, 130.46) mas
     731: ( -1.1,  -1.3) m, (133.97, 147.40) mas
     533: ( -1.7,  -2.0) m, (140.90, 157.24) mas
     319: ( -2.4,  -3.0) m, (166.76, 181.15) mas
     165: ( -3.0,  -3.8) m, (155.68, 178.20) mas
      66: ( -3.0,  -4.4) m, (155.83, 185.71) mas
sa index   location       noise equivalent angle
    1907: ( -1.1,   4.2) m, ( 98.86, 103.81) mas
    1775: ( -0.9,   3.4) m, ( 99.97, 109.71) mas
    1404: ( -0.5,   1.7) m, (102.62, 128.36) mas
    1306: ( -0.5,   1.3) m, (102.93, 132.62) mas
     954: (  1.3,  -0.3) m, (113.50, 151.41) mas
     640: (  0.3,  -1.7) m, (108.27, 167.84) mas
     591: (  0.3,  -1.9) m, (108.44, 170.54) mas
     218: (  0.7,  -3.6) m, (111.84, 193.38) mas
      86: (  0.9,  -4.4) m, (113.60, 203.23) mas
      28: (  2.0,  -4.8) m, (122.81, 208.18) mas
sa index   location       noise equivalent angle
    1433: ( -4.2,   1.9) m, (102.49,  99.44) mas
    1340: ( -3.4,   1.5) m, (107.94, 101.47) mas
    1171: ( -1.7,   0.7) m, (132.78, 112.34) mas
    1130: ( -1.5,   0.5) m, (128.24, 108.10) mas
    1218: (  0.9,   0.9) m, (154.87, 107.52) mas
     824: (  1.5,  -0.9) m, (166.61, 123.79) mas
     746: (  2.4,  -1.3) m, (174.90, 124.77) mas
     655: (  3.2,  -1.7) m, (184.68, 128.89) mas
     562: (  4.0,  -2.0) m, (194.29, 133.05) mas
     930: (  5.2,  -0.5) m, (210.09, 119.63) mas
sa index   location       noise equivalent angle
     520: ( -4.2,  -2.0) m, (102.49,  99.44) mas
     621: ( -3.4,  -1.7) m, (107.94, 101.47) mas
     817: ( -1.7,  -0.9) m, (129.78, 110.18) mas
     862: ( -1.5,  -0.7) m, (128.24, 108.10) mas
     780: (  0.9,  -1.1) m, (154.87, 107.52) mas
    1178: (  1.5,   0.7) m, (170.34, 126.13) mas
    1272: (  2.4,   1.1) m, (174.90, 124.77) mas
    1374: (  3.2,   1.5) m, (184.68, 128.89) mas
    1475: (  4.0,   1.9) m, (194.29, 133.05) mas
    1108: (  5.2,   0.3) m, (210.09, 119.63) mas
sa index   location       noise equivalent angle
      76: ( -1.1,  -4.4) m, ( 98.86, 103.81) mas
     210: ( -0.9,  -3.6) m, ( 99.97, 109.71) mas
     587: ( -0.5,  -1.9) m, (102.62, 128.36) mas
     685: ( -0.5,  -1.5) m, (102.93, 132.62) mas
    1042: (  1.3,   0.1) m, (113.50, 151.41) mas
    1359: (  0.3,   1.5) m, (108.27, 167.84) mas
    1408: (  0.3,   1.7) m, (108.44, 170.54) mas
    1783: (  0.7,   3.4) m, (111.84, 193.38) mas
    1917: (  0.9,   4.2) m, (113.60, 203.23) mas
    1978: (  2.0,   4.6) m, (122.81, 208.18) mas
sa index   location       noise equivalent angle
     162: (  2.8,  -4.0) m, ( 99.57,  99.74) mas
     343: (  2.2,  -3.0) m, (115.10, 112.01) mas
     383: (  2.0,  -2.8) m, (104.34, 106.84) mas
     549: (  1.5,  -2.0) m, (109.38, 114.36) mas
     738: (  0.9,  -1.3) m, (114.15, 122.07) mas
     907: ( -1.5,  -0.5) m, (138.07, 130.46) mas
    1257: ( -1.1,   1.1) m, (133.97, 147.40) mas
    1446: ( -1.7,   1.9) m, (140.35, 156.61) mas
    1651: ( -2.4,   2.8) m, (166.76, 181.15) mas
    1798: ( -3.0,   3.6) m, (155.68, 178.20) mas
    1897: ( -3.0,   4.2) m, (155.83, 185.71) mas

[00;00mSetting up powfs 2 PO WFS[00;00m

OTF dimension is 48x48 (calculated)
Generating matched filter for powfs 2
Use sanea to derive neasim
Use sanea to derive neasim

[00;00mSetting up reconstructor[00;00m

Recon NEA: cmf(136.76) cmf(136.79) cmf(136.49) cmf(136.65) cmf(136.59) cmf(136.37) cmf(136.69) geom(0.31) geom(0.31) geom(0.31) mf(0.14)  mas
Setup or update control matrix parameters.
RRtwfs svd threshold is 1e-10
Replacing HA by HA*fit->actextrap
Adding piston cr to fit matrix
Adding TT cr on upper DMs to fit matrix.
Before assembling fit matrix:	3394.0 MiB.
Building fit->FR
Building fit->FL
Adding tikhonov constraint of 1.0e-07 to FLM
The maximum eigen value is estimated to be around 3.1e-04
DM Fit number of Low rank terms: 16 in LHS
After assemble fit matrix:	4572.1 MiB.
After setup_recon:	4572.1 MiB.
GPU 0: mem used 1492 MB (wfs init)
GPU 0: mem used 2238 MB (recon init)
GPU 0: mem used 2268 MB (perf init)

*** Simulation started at 2025/02/12 00:12:03 in nid008236. ***

Running seed 1
GPU 0: mem used 2270 MB (wfs seeding)
Wind dir: 267.3 261.7 167.0 130.5 300.7  32.3 119.8 139.0 150.8 277.7 203.0 133.1  45.9 265.1 deg
Using /global/homes/b/bpeck/.aos/cache/atm/vonkarman_14_8192x8192_0.0078125_1115374592d.bin
After genatm:	4547.8 MiB.
Step     #  Open Loop  PR TT  On axis  PR TT  Field RMS PR TT     Timing 
Step     0: OL  884.6  248.3  OA  884.6 248.3 CL  884.6 248.3 nm  0.386 s
Step    22: OL  919.4  256.4  OA  122.2   6.6 CL  122.2   6.6 nm  0.045 s
Step    42: OL  950.3  260.7  OA  121.6   8.1 CL  121.6   8.1 nm  0.046 s
Step    63: OL  981.4  260.5  OA  121.7  14.8 CL  121.7  14.8 nm  0.055 s
Step    84: OL 1013.2  258.3  OA  119.8  10.0 CL  119.8  10.0 nm  0.046 s
Step   105: OL 1045.2  257.3  OA  120.9   1.4 CL  120.9   1.4 nm  0.045 s
Step   126: OL 1076.5  259.3  OA  117.2   9.7 CL  117.2   9.7 nm  0.054 s
Step   147: OL 1104.8  265.9  OA  118.4   3.2 CL  118.4   3.2 nm  0.046 s
Step   168: OL 1128.1  276.5  OA  116.8  13.7 CL  116.8  13.7 nm  0.045 s
Step   189: OL 1145.1  289.7  OA  122.5  29.5 CL  122.5  29.5 nm  0.045 s
Step   210: OL 1155.8  303.1  OA  117.1   9.0 CL  117.1   9.0 nm  0.044 s
Step   227: OL 1160.4  314.1  OA  115.2  10.9 CL  115.2  10.9 nm  0.049 s
Step   248: OL 1160.0  328.4  OA  114.9  19.4 CL  114.9  19.4 nm  0.046 s
Step   255 updated high order loop gain: 0.377
Step   269: OL 1150.2  343.5  OA  114.7  15.1 CL  114.7  15.1 nm  0.046 s
Step   290: OL 1132.1  359.5  OA  121.0  21.1 CL  121.0  21.1 nm  0.048 s
Step   311: OL 1109.7  378.1  OA  123.2  36.5 CL  123.2  36.5 nm  0.045 s
Step   333: OL 1082.3  400.4  OA  114.0   7.4 CL  114.0   7.4 nm  0.047 s
Step   354: OL 1055.3  426.3  OA  119.2  22.8 CL  119.2  22.8 nm  0.052 s
Step   375: OL 1030.2  455.8  OA  122.6  15.7 CL  122.6  15.7 nm  0.046 s
Step   396: OL 1007.0  486.1  OA  122.1  26.8 CL  122.1  26.8 nm  0.046 s
Step   417: OL  983.4  515.6  OA  119.9  29.2 CL  119.9  29.2 nm  0.045 s
Step   438: OL  959.9  543.5  OA  122.3  25.0 CL  122.3  25.0 nm  0.046 s
Step   460: OL  939.7  572.2  OA  122.3  26.6 CL  122.3  26.6 nm  0.047 s
Step   476: OL  930.6  592.9  OA  123.2  31.8 CL  123.2  31.8 nm  0.054 s
Step   496: OL  927.8  617.5  OA  124.6  29.4 CL  124.6  29.4 nm  0.047 s
Step   511 updated high order loop gain: 0.344
Step   517: OL  931.3  640.2  OA  118.0  15.9 CL  118.0  15.9 nm  0.046 s
Step   539: OL  940.3  657.5  OA  124.1  25.2 CL  124.1  25.2 nm  0.052 s
Step   561: OL  955.7  667.1  OA  121.0  25.9 CL  121.0  25.9 nm  0.045 s
Step   583: OL  976.0  670.7  OA  114.5  10.2 CL  114.5  10.2 nm  0.046 s
Step   604: OL  999.2  667.8  OA  118.2  18.6 CL  118.2  18.6 nm  0.046 s
Step   625: OL 1023.8  658.0  OA  119.8  10.3 CL  119.8  10.3 nm  0.045 s
Step   646: OL 1047.0  642.1  OA  116.2  12.2 CL  116.2  12.2 nm  0.053 s
Step   667: OL 1067.0  622.0  OA  116.4  11.5 CL  116.4  11.5 nm  0.046 s
Step   689: OL 1085.7  599.1  OA  115.9  10.6 CL  115.9  10.6 nm  0.046 s
Step   710: OL 1099.4  575.0  OA  116.6  20.1 CL  116.6  20.1 nm  0.054 s
Step   731: OL 1105.9  549.0  OA  120.8  19.8 CL  120.8  19.8 nm  0.048 s
Step   752: OL 1104.6  523.3  OA  116.6  17.2 CL  116.6  17.2 nm  0.046 s
Step   767 updated high order loop gain: 0.336
Step   773: OL 1095.8  498.9  OA  115.7   3.8 CL  115.7   3.8 nm  0.056 s
Step   795: OL 1077.6  474.2  OA  120.7   5.5 CL  120.7   5.5 nm  0.046 s
Step   816: OL 1053.4  450.8  OA  119.4   7.5 CL  119.4   7.5 nm  0.045 s
Step   832: OL 1031.0  433.2  OA  121.6   4.2 CL  121.6   4.2 nm  0.045 s
Step   854: OL  996.5  410.7  OA  119.8  10.2 CL  119.8  10.2 nm  0.053 s
Step   875: OL  963.8  392.3  OA  118.1   3.1 CL  118.1   3.1 nm  0.046 s
Step   896: OL  932.6  377.5  OA  118.4  17.2 CL  118.4  17.2 nm  0.045 s
Step   917: OL  899.0  365.9  OA  116.9   1.4 CL  116.9   1.4 nm  0.065 s
Step   938: OL  865.7  355.9  OA  117.8   9.8 CL  117.8   9.8 nm  0.047 s
Step   959: OL  834.9  345.5  OA  120.0  17.8 CL  120.0  17.8 nm  0.044 s
Step   980: OL  809.7  333.4  OA  119.1  23.8 CL  119.1  23.8 nm  0.056 s
Step  1000: OL  790.1  319.7  OA  119.5   9.2 CL  119.5   9.2 nm  0.046 s
Step  1021: OL  772.9  303.7  OA  122.9  28.1 CL  122.9  28.1 nm  0.057 s
Step  1023 updated high order loop gain: 0.329
Step  1037: OL  762.6  290.9  OA  121.7   5.2 CL  121.7   5.2 nm  0.046 s
Step  1059: OL  750.2  271.1  OA  122.0  24.7 CL  122.0  24.7 nm  0.046 s
Step  1080: OL  741.4  248.3  OA  123.1  25.8 CL  123.1  25.8 nm  0.052 s
Step  1100: OL  738.0  225.5  OA  120.3  25.8 CL  120.3  25.8 nm  0.045 s
Step  1121: OL  737.6  204.5  OA  118.2  30.2 CL  118.2  30.2 nm  0.046 s
Step  1142: OL  738.8  188.4  OA  113.3  30.7 CL  113.3  30.7 nm  0.052 s
Step  1164: OL  740.0  176.6  OA  113.3  22.8 CL  113.3  22.8 nm  0.045 s
Step  1185: OL  742.3  170.4  OA  117.9  21.5 CL  117.9  21.5 nm  0.046 s
Step  1206: OL  746.7  166.1  OA  119.0  29.6 CL  119.0  29.6 nm  0.048 s
Step  1227: OL  750.9  163.8  OA  116.8  27.1 CL  116.8  27.1 nm  0.045 s
Step  1247: OL  753.1  165.6  OA  113.1  24.5 CL  113.1  24.5 nm  0.053 s
Step  1268: OL  756.1  173.1  OA  112.4  26.5 CL  112.4  26.5 nm  0.045 s
Step  1279 updated high order loop gain: 0.321
Step  1289: OL  760.9  184.7  OA  111.9  22.9 CL  111.9  22.9 nm  0.046 s
Step  1310: OL  766.9  199.2  OA  116.1  19.2 CL  116.1  19.2 nm  0.052 s
Step  1331: OL  773.0  216.3  OA  117.4  18.3 CL  117.4  18.3 nm  0.047 s
Step  1353: OL  783.0  236.3  OA  113.6  18.9 CL  113.6  18.9 nm  0.045 s
Step  1374: OL  797.0  252.7  OA  113.2  25.9 CL  113.2  25.9 nm  0.048 s
Step  1395: OL  813.7  264.3  OA  116.3  16.2 CL  116.3  16.2 nm  0.047 s
Step  1416: OL  833.8  271.6  OA  118.3   6.0 CL  118.3   6.0 nm  0.056 s
Step  1437: OL  855.1  276.4  OA  118.6   8.3 CL  118.6   8.3 nm  0.046 s
Step  1458: OL  874.5  279.3  OA  116.0  13.6 CL  116.0  13.6 nm  0.045 s
Step  1479: OL  889.4  278.4  OA  116.4   1.2 CL  116.4   1.2 nm  0.053 s
Step  1500: OL  895.3  272.9  OA  114.7  10.0 CL  114.7  10.0 nm  0.046 s
Step  1522: OL  893.5  263.1  OA  110.5  12.3 CL  110.5  12.3 nm  0.045 s
Step  1535 updated high order loop gain: 0.325
Step  1543: OL  885.5  250.5  OA  112.1   6.6 CL  112.1   6.6 nm  0.046 s
Step  1564: OL  875.3  236.8  OA  117.9   9.8 CL  117.9   9.8 nm  0.046 s
Step  1585: OL  862.9  225.2  OA  118.2   4.4 CL  118.2   4.4 nm  0.045 s
Step 1599: Output PSF
Step  1599: OL  853.6  219.3  OA  116.6  15.1 CL  116.6  15.1 nm  7.741 s
Mean: 118.04 19.29 116.45  nm.

*** Simulation Finished at 2025/02/12 00:13:37 in nid008236. ***

