Warning(sock.c:516): connect locally (/global/homes/b/bpeck/.aos/tmp/nid003257/scheduler) failed: Invalid argument. 
/global/u2/b/bpeck/work/vismcao/maos -o studies/misreg/8_lgs/8mag_lgs/1750count -c master_files/misreg/8_lgs/8mag_lgs/kola_1750act.conf -O 
Output folder is 'studies/misreg/8_lgs/8mag_lgs/1750count'.
SRC: /global/homes/b/bpeck/code/maos v2.9 4c88b7c2 2024-11-13 16:45:33 -0800
BUILT: /global/homes/b/bpeck/code/maos/optim by GCC (v12) on 2024/11/18 09:40:03 CPU(F64,+O3) with CUDA(v122,F32)
Launched at 2025/02/09 16:38:31 in nid003257 with PID 980425.
The web based job monitor can be accessed at http://localhost:10300
Main config file is /global/u2/b/bpeck/work/vismcao/master_files/misreg/8_lgs/8mag_lgs/kola_1750act.conf
Warning(path.c:48): Path not found: path=/global/u2/b/bpeck/work/vismcao/master_files/misreg/8_lgs/8mag_lgs/bin; abspath=/global/u2/b/bpeck/work/vismcao/master_files/misreg/8_lgs/8mag_lgs/bin; Ignored.
Warning(path.c:48): Path not found: path=/global/u2/b/bpeck/work/vismcao/master_files/misreg/8_lgs/8mag_lgs/atm; abspath=/global/u2/b/bpeck/work/vismcao/master_files/misreg/8_lgs/8mag_lgs/atm; Ignored.
Warning(readcfg.c:399): sim.apfsm has been renamed to powfs.apfsm.
Warning(readcfg.c:399): sim.epfsm has been renamed to powfs.epfsm.
Warning(readcfg.c:399): sim.alfsm has been renamed to powfs.alfsm.
Warning(readcfg.c:399): sim.commonfsm has been renamed to powfs.commonfsm.
Warning(readcfg.c:399): sim.idealfsm has been renamed to powfs.idealfsm.
Warning(readcfg.c:399): sim.zetafsm has been renamed to powfs.zetafsm.
Warning(readcfg.c:399): sim.f0fsm has been renamed to powfs.f0fsm.
Warning(readcfg.c:399): tsurf has been renamed to ncpa.tsurf.
loaded 132 (132 new) records from '/global/u2/b/bpeck/work/vismcao/./keck_sim.conf'
loaded  19 ( 19 new) records from '/global/u2/b/bpeck/work/vismcao/./dm_none.conf'
loaded  19 (  0 new) records from '/global/u2/b/bpeck/work/vismcao/./keck_ASM.conf'
loaded  19 (  0 new) records from '/global/u2/b/bpeck/work/vismcao/./keck_DM2.conf'
loaded  19 (  0 new) records from '/global/u2/b/bpeck/work/vismcao/./keck_DM3.conf'
loaded   0 (  0 new) records from '/global/u2/b/bpeck/work/vismcao/./keck_dm_multiple.conf'
loaded   7 (  5 new) records from '/global/u2/b/bpeck/work/vismcao/./atm_mk13n50p_ground_detail.conf'
loaded  76 ( 69 new) records from '/global/homes/b/bpeck/code/maos/config/maos/powfs_common.conf'
loaded  44 ( 38 new) records from '/global/u2/b/bpeck/work/vismcao/./powfs_none.conf'
loaded  44 (  0 new) records from '/global/u2/b/bpeck/work/vismcao/./keck_shwfs_lgs.conf'
loaded  44 (  0 new) records from '/global/u2/b/bpeck/work/vismcao/./keck_shwfs_ttf_strap.conf'
loaded  44 (  0 new) records from '/global/u2/b/bpeck/work/vismcao/./keck_shwfs_twfs_lbwfs.conf'
loaded   0 (  0 new) records from '/global/u2/b/bpeck/work/vismcao/./keck_wfs_lgs_strap_lbwfs.conf'
loaded  71 ( 71 new) records from '/global/u2/b/bpeck/work/vismcao/./keck_recon.conf'
Warning(readcfg.c:399): dbg.na_smooth has been renamed to powfs0_llt.na_smooth.
Warning(readcfg.c:399): dbg.na_interp has been renamed to powfs0_llt.na_interp.
Warning(readcfg.c:399): dbg.na_thres has been renamed to powfs0_llt.na_thres.
Warning(readcfg.c:399): dbg.na_fit_maxit has been renamed to powfs0_llt.na_fit_maxit.
Warning(readcfg.c:399): dbg.na_fit_svdthres has been renamed to powfs0_llt.na_fit_svdthres.
Warning(readcfg.c:399): dbg.na_fit_dh has been renamed to powfs0_llt.na_fit_dh.
Warning(readcfg.c:399): dbg.ncpa_preload has been renamed to ncpa.preload.
Warning(readcfg.c:399): dbg.ncpa_rmsci has been renamed to ncpa.rmsci.
Warning(readcfg.c:399): dbg.draw_opdmax has been renamed to plot.opdmax.
Warning(readcfg.c:399): dbg.draw_gmax has been renamed to plot.gmax.
loaded  95 ( 93 new) records from '/global/u2/b/bpeck/work/vismcao/./keck_dbg.conf'
loaded   4 (  4 new) records from '/global/u2/b/bpeck/work/vismcao/./keck_fit_mcao.conf'
Warning(readcfg.c:399): surf has been renamed to ncpa.surf.
loaded  39 (  7 new) records from '/global/u2/b/bpeck/work/vismcao/master_files/misreg/8_lgs/8mag_lgs/kola_1750act.conf'
loaded   0 (  0 new) records from 'command line'
loaded  24 ( 18 new) records from '/global/u2/b/bpeck/work/vismcao/./keck_llt_CL.conf'
Adjust LGS range by telescope altitude 4145m.
Zenith angle is 30 degree.
    Scaling turbulence height and LGS hs by sec(za).
    Scaling r0 by cos(za)^(3/5).
    Scaling wind speed and LGS signal level by cos(za).
powfs0: Adjusting dx from 0.0078125 to 0.00776667. 
powfs0.llt.fsm: f0=0 Hz, LPF ep=0
powfs0.epfsm is set to 0.517618 (auto)
powfs2: Adjusting dx from 0.03125 to 0.0312778. 
powfs2 is TWFS for powfs0
sim.ephi is set to 0.427717 (auto)
sim.eplo is set to 0.427717 (auto)
Warning(parms.c:2296): Layer 1 at 17.3205m is very close to layer 0 at 0m (OK).
Warning(parms.c:2296): Layer 2 at 34.641m is very close to layer 1 at 17.3205m (OK).
Warning(parms.c:2296): Layer 3 at 51.9615m is very close to layer 2 at 34.641m (OK).
dm 0: stroke=30 um is provided in micron.
dm 0: assume ia stroke=2 um is provided in micron.
dm 1: stroke=7 um is provided in micron.
dm 1: assume ia stroke=2 um is provided in micron.
dm 2: stroke=7 um is provided in micron.
dm 2: assume ia stroke=2 um is provided in micron.
Focus blending is not implemented yet for integrated tomography
parms->sim.mffocus is reset to 0
There are 1 valid simulation seeds:  1
Output PSF for 1 directions
Used 449 of 456 supplied keys
Warning(readcfg.c:158): key "dbg.pwfs_flate" is not recognized, value is 0
Warning(readcfg.c:158): key "dbg.pwfs_flatv" is not recognized, value is 0
Warning(readcfg.c:158): key "dbg.pwfs_psx" is not recognized, value is [0 0 0 0]
Warning(readcfg.c:158): key "dbg.pwfs_psy" is not recognized, value is [0 0 0 0]
Warning(readcfg.c:158): key "dbg.pwfs_pupelong" is not recognized, value is 0
Warning(readcfg.c:158): key "dbg.pwfs_raw" is not recognized, value is 0
Warning(readcfg.c:158): key "dbg.pwfs_side" is not recognized, value is 4
[00;00mAperture[00;00m is 11 m with sampling 1/128 m
[00;00mTurbulence at 30 degree zenith angle:[00;00m r0=0.128424m, L0=30m, 14 layers.
    Greenwood freq is 25.1Hz, anisoplanatic angle is 1.58 as
    Sampled 8192x8192 at 1/128m. wind dir is randomized.
    layer 0: ht=      0 m, wt= 0.302, ws=  4.8 m/s
    layer 1: ht=     17 m, wt= 0.154, ws=  5.0 m/s
    layer 2: ht=     35 m, wt= 0.041, ws=  5.4 m/s
    layer 3: ht=     52 m, wt= 0.002, ws=  6.6 m/s
    layer 4: ht=    139 m, wt= 0.021, ws=  6.1 m/s
    layer 5: ht=    231 m, wt= 0.010, ws=  6.1 m/s
    layer 6: ht=    323 m, wt= 0.008, ws=  6.1 m/s
    layer 7: ht=    416 m, wt= 0.005, ws=  6.1 m/s
    layer 8: ht=    508 m, wt= 0.001, ws=  6.1 m/s
    layer 9: ht=    932 m, wt= 0.107, ws=  5.6 m/s
    layer 10: ht=   5022 m, wt= 0.144, ws= 11.1 m/s
    layer 11: ht=   9238 m, wt= 0.093, ws= 19.1 m/s
    layer 12: ht=  13856 m, wt= 0.075, ws=  8.2 m/s
    layer 13: ht=  22518 m, wt= 0.036, ws=  4.8 m/s
[00;00mReconstruction[00;00m: r0=0.128424m L0=30m. 14 layers. use cone coordinate.
    layer 0: ht=      0 m, wt= 0.302
    layer 1: ht=     17 m, wt= 0.154
    layer 2: ht=     35 m, wt= 0.041
    layer 3: ht=     52 m, wt= 0.002
    layer 4: ht=    139 m, wt= 0.021
    layer 5: ht=    231 m, wt= 0.010
    layer 6: ht=    323 m, wt= 0.008
    layer 7: ht=    416 m, wt= 0.005
    layer 8: ht=    508 m, wt= 0.001
    layer 9: ht=    932 m, wt= 0.107
    layer 10: ht=   5022 m, wt= 0.144
    layer 11: ht=   9238 m, wt= 0.093
    layer 12: ht=  13856 m, wt= 0.075
    layer 13: ht=  22518 m, wt= 0.036
[00;00mThere are 3 powfs[00;00m
  powfs0: Order 48, LGS at 99.1 km. Sampling 1/128.755 m. Thres 30%. [00;00mT/T is removed in right hand side in tomography.[00;00m
    CCD image is 25x25 @ 500x500 mas, blur 27% (sigma), 1500Hz, wvl: [ 5.89e-07]
    Gtilt in reconstruction. Physical optics start at 0 with [00;00m'matched filter'[00;00m [00;00m(noisy)[00;00m
  powfs1: Order  2, NGS at inf km. Sampling 1/16 m. Thres 30%. 
    Ztilt in reconstruction. Geomtric optics start at 2 with ztilt [00;00m(noisy)[00;00m
  powfs2: Order 20, NGS at inf km. Sampling 1/31.9716 m. Thres 50%. 
    CCD image is 4x4 @ 1500x1500 mas, blur 0% (sigma), 0.015Hz, wvl: [ 7.2e-07]
    Gtilt in reconstruction. Geomtric optics start at 50 with gtilt Physical optics start at 0 with [00;00m'matched filter'[00;00m [00;00m(noisy)[00;00m
[00;00mThere are 12 wfs[00;00m
    wfs 0: type 0, at (  30.00,    0.00) arcsec,  99 km, siglev is 65.0948 bkgrnd is 0.1
    wfs 1: type 0, at (  21.21,   21.21) arcsec,  99 km, siglev is 65.0948 bkgrnd is 0.1
    wfs 2: type 0, at (   0.00,   30.00) arcsec,  99 km, siglev is 65.0948 bkgrnd is 0.1
    wfs 3: type 0, at ( -21.21,   21.21) arcsec,  99 km, siglev is 65.0948 bkgrnd is 0.1
    wfs 4: type 0, at ( -30.00,    0.00) arcsec,  99 km, siglev is 65.0948 bkgrnd is 0.1
    wfs 5: type 0, at ( -21.21,  -21.21) arcsec,  99 km, siglev is 65.0948 bkgrnd is 0.1
    wfs 6: type 0, at (   0.00,  -30.00) arcsec,  99 km, siglev is 65.0948 bkgrnd is 0.1
    wfs 7: type 0, at (  21.21,  -21.21) arcsec,  99 km, siglev is 65.0948 bkgrnd is 0.1
    wfs 8: type 1, at (  15.00,   25.98) arcsec, inf km, siglev is 42387.6 bkgrnd is 1.056
    wfs 9: type 1, at ( -30.00,    0.00) arcsec, inf km, siglev is 42387.6 bkgrnd is 1.056
    wfs 10: type 1, at (  15.00,  -25.98) arcsec, inf km, siglev is 42387.6 bkgrnd is 1.056
    wfs 11: type 2, at (   0.00,    0.00) arcsec, inf km, siglev is 4.1558e+06 bkgrnd is 0.001
[00;00mThere are 3 DMs[00;00m
  DM 0 at -0.1km, actuator pitch 0.233m, offset   0, with 30.000000 micron stroke.
    Normalized cubic influence function with inter-actuator coupling of 0.223
  DM 1 at    6km, actuator pitch 0.168m, offset   0, with 7.000000 micron stroke.
    Normalized cubic influence function with inter-actuator coupling of 0.223
  DM 2 at   10km, actuator pitch 0.168m, offset   0, with 7.000000 micron stroke.
    Normalized cubic influence function with inter-actuator coupling of 0.223
[00;00mTomography[00;00m is using CG, with [00;00mFourer Domain[00;00m preconditioner, [00;00m12[00;00m iterations, integrated tomo.
[00;00mDM Fitting [00;00mis using CG, with [00;00mNo[00;00m preconditioner, [00;00m10[00;00m iterations
[00;00mThere are 9 fit directions[00;00m
    Fit 0: weight is 0.444, at (   0.00,    0.00) arcsec
    Fit 1: weight is 0.111, at (  15.00,    0.00) arcsec
    Fit 2: weight is 0.111, at (   0.00,   15.00) arcsec
    Fit 3: weight is 0.111, at ( -15.00,    0.00) arcsec
    Fit 4: weight is 0.111, at (   0.00,  -15.00) arcsec
    Fit 5: weight is 0.028, at (  15.00,   15.00) arcsec
    Fit 6: weight is 0.028, at ( -15.00,   15.00) arcsec
    Fit 7: weight is 0.028, at ( -15.00,  -15.00) arcsec
    Fit 8: weight is 0.028, at (  15.00,  -15.00) arcsec
[00;00mThere are 1 evaluation directions[00;00m at sampling 1/128 m.
    Evl 0: weight is 1.000, at (   0.00,    0.00) arcsec
[00;00mSimulation[00;00m start at step 0, end at step 1600, with time step 1/1500s, [00;00mclose loop[00;00m.
After setup_parms:	120.4 MiB.
Warning(sock.c:516): connect locally (/global/homes/b/bpeck/.aos/tmp/nid003257/scheduler) failed: Invalid argument. 
CUDA: minimum memory requirement is 0.4GB
GPU 0 is NVIDIA A100-SXM4-40GB with arch 8.0, 38.9GB free, 39.3GB total device memory.
Using GPU 0
Use 1 GPUs for WFS Tomo Fit Evl

*** Preparation started at 2025/02/09 16:38:31 in nid003257. ***

Using OpenMP version 201511 with 128 threads
Reading aperture amplitude map from KECK.fits
Warning(accphi.c:477): 108390 points not covered by input screen
Warning(sock.c:516): connect locally (/global/homes/b/bpeck/.aos/tmp/nid003257/scheduler) failed: Invalid argument. 
 ->maos.c:447->setup.c:148->aper.c:74->utils.c:478->accphi.c:478
iwvl 0: Science PSF is using grid size of 2880. The PSF will sum to 6.95167232825486
iwvl 1: Science PSF is using grid size of 2880. The PSF will sum to 6.95167232825486
iwvl 2: Science PSF is using grid size of 2880. The PSF will sum to 6.95167232825486
iwvl 3: Science PSF is using grid size of 2880. The PSF will sum to 6.95167232825486
iwvl 4: Science PSF is using grid size of 2880. The PSF will sum to 6.95167232825486
iwvl 5: Science PSF is using grid size of 2880. The PSF will sum to 6.95167232825486
iwvl 6: Science PSF is using grid size of 2880. The PSF will sum to 6.95167232825486
iwvl 7: Science PSF is using grid size of 2880. The PSF will sum to 6.95167232825486
iwvl 8: Science PSF is using grid size of 2880. The PSF will sum to 6.95167232825486
After setup_aper:	346.4 MiB.

[00;00mSetting up powfs 0 geom[00;00m

There are 30 points in each subaperture of 0.233m.
There are 1383 valid subaperture.

[00;00mSetting up powfs 1 geom[00;00m

There are 88 points in each subaperture of 5.5m.
There are 4 valid subaperture.

[00;00mSetting up powfs 2 geom[00;00m

There are 18 points in each subaperture of 0.563m.
There are 236 valid subaperture.
After setup_powfs_init:	431.2 MiB.

[00;00mSetting up reconstructor geometry.[00;00m

PLOC is 99x99, with sampling of 0.12m (square)
    DM 0: grid is 51 x 51
    DM 1: grid is 77 x 79
    DM 2: grid is 84 x 85
FLOC is 99x99, with sampling of 0.12m (not square)
Tomography grid is square:
    layer 0: xloc grid is 200 x 200, sampling is 0.117 m, 40000 points
    layer 1: xloc grid is 200 x 200, sampling is 0.116 m, 40000 points
    layer 2: xloc grid is 200 x 200, sampling is 0.116 m, 40000 points
    layer 3: xloc grid is 200 x 200, sampling is 0.116 m, 40000 points
    layer 4: xloc grid is 200 x 200, sampling is 0.116 m, 40000 points
    layer 5: xloc grid is 200 x 200, sampling is 0.116 m, 40000 points
    layer 6: xloc grid is 200 x 200, sampling is 0.116 m, 40000 points
    layer 7: xloc grid is 200 x 200, sampling is 0.116 m, 40000 points
    layer 8: xloc grid is 200 x 200, sampling is 0.116 m, 40000 points
    layer 9: xloc grid is 200 x 200, sampling is 0.115 m, 40000 points
    layer 10: xloc grid is 200 x 200, sampling is 0.111 m, 40000 points
    layer 11: xloc grid is 200 x 200, sampling is 0.106 m, 40000 points
    layer 12: xloc grid is 200 x 200, sampling is 0.100 m, 40000 points
    layer 13: xloc grid is 200 x 200, sampling is 0.090 m, 40000 points

[00;00mSetting up powfs 0 PO WFS[00;00m

OTF dimension is 60x60 (calculated)
There is no bias
Uplink FWHM (illt 0, iwvl 0) is 0.577825"
Downlink FWHM (illt 0, iwvl 0) is 1.13399"
Generating matched filter for powfs 0
sa index   location       noise equivalent angle
     688: (  4.9,  -0.2) m, ( 82.59,  80.49) mas
     683: (  3.7,  -0.2) m, ( 87.90,  81.14) mas
     678: (  2.6,  -0.2) m, ( 95.99,  81.93) mas
     674: (  1.6,  -0.2) m, (103.25,  82.56) mas
     673: (  1.4,  -0.2) m, (105.46,  82.75) mas
     493: (  0.5,  -1.4) m, (113.41,  84.30) mas
     669: ( -1.9,  -0.2) m, (135.02,  84.99) mas
     665: ( -2.8,  -0.2) m, (144.43,  85.63) mas
     660: ( -4.0,  -0.2) m, (156.30,  86.38) mas
     655: ( -5.1,  -0.2) m, (168.43,  87.12) mas
     654: ( -5.4,  -0.2) m, (170.95,  87.27) mas
sa index   location       noise equivalent angle
    1127: (  2.6,   2.6) m, ( 84.49,  84.49) mas
    1020: (  1.9,   1.9) m, ( 91.48,  91.56) mas
     898: (  1.2,   1.2) m, ( 92.29,  92.29) mas
     857: (  0.9,   0.9) m, ( 94.02,  94.02) mas
     493: (  0.5,  -1.4) m, ( 97.50, 112.59) mas
     526: ( -1.2,  -1.2) m, (110.25, 110.25) mas
     363: ( -2.1,  -2.1) m, (122.55, 122.65) mas
     256: ( -2.8,  -2.8) m, (124.53, 124.53) mas
     186: ( -3.3,  -3.3) m, (128.76, 128.76) mas
      41: ( -3.0,  -4.4) m, (126.44, 140.03) mas
sa index   location       noise equivalent angle
    1273: (  0.0,   3.7) m, ( 82.26,  89.09) mas
    1116: (  0.0,   2.6) m, ( 83.07,  97.31) mas
     972: ( -0.2,   1.6) m, ( 88.24, 109.10) mas
     932: ( -0.2,   1.4) m, ( 87.14, 110.28) mas
     634: (  1.2,  -0.5) m, ( 90.78, 129.55) mas
     410: ( -0.2,  -1.9) m, ( 90.59, 142.43) mas
     267: ( -0.2,  -2.8) m, ( 90.29, 151.29) mas
     109: ( -0.2,  -4.0) m, ( 91.12, 163.81) mas
      53: ( -0.2,  -4.4) m, ( 91.45, 168.89) mas
sa index   location       noise equivalent angle
    1104: ( -2.8,   2.6) m, ( 84.49,  84.49) mas
    1003: ( -2.1,   1.9) m, ( 91.42,  91.85) mas
     887: ( -1.4,   1.2) m, ( 92.29,  92.29) mas
     852: ( -1.2,   0.9) m, ( 94.02,  94.02) mas
     488: ( -0.7,  -1.4) m, ( 97.50, 112.59) mas
     529: (  0.9,  -1.2) m, (110.25, 110.25) mas
     380: (  1.9,  -2.1) m, (122.43, 122.30) mas
     279: (  2.6,  -2.8) m, (124.53, 124.53) mas
     213: (  3.0,  -3.3) m, (128.76, 128.76) mas
      66: (  2.8,  -4.4) m, (126.44, 140.03) mas
sa index   location       noise equivalent angle
     655: ( -5.1,  -0.2) m, ( 82.59,  80.49) mas
     660: ( -4.0,  -0.2) m, ( 87.90,  81.14) mas
     665: ( -2.8,  -0.2) m, ( 95.99,  81.93) mas
     669: ( -1.9,  -0.2) m, (103.25,  82.56) mas
     670: ( -1.6,  -0.2) m, (105.46,  82.75) mas
     894: (  0.2,   1.2) m, (128.59,  90.10) mas
     674: (  1.6,  -0.2) m, (135.02,  84.99) mas
     678: (  2.6,  -0.2) m, (144.43,  85.63) mas
     683: (  3.7,  -0.2) m, (156.30,  86.38) mas
     688: (  4.9,  -0.2) m, (168.43,  87.12) mas
     689: (  5.1,  -0.2) m, (170.95,  87.27) mas
sa index   location       noise equivalent angle
     186: ( -3.3,  -3.3) m, ( 82.74,  82.74) mas
     291: ( -2.6,  -2.6) m, ( 87.45,  89.07) mas
     403: ( -1.9,  -1.9) m, ( 89.39,  89.37) mas
     526: ( -1.2,  -1.2) m, ( 94.02,  94.02) mas
     597: (  1.2,  -0.7) m, (113.41,  98.44) mas
     857: (  0.9,   0.9) m, (110.25, 110.25) mas
     898: (  1.2,   1.2) m, (112.20, 112.20) mas
    1057: (  2.1,   2.1) m, (125.44, 125.96) mas
    1162: (  2.8,   2.8) m, (126.69, 126.69) mas
    1341: (  2.8,   4.2) m, (126.44, 140.03) mas
sa index   location       noise equivalent angle
     110: (  0.0,  -4.0) m, ( 82.26,  89.09) mas
     268: (  0.0,  -2.8) m, ( 83.07,  97.31) mas
     410: ( -0.2,  -1.9) m, ( 87.82, 108.57) mas
     450: ( -0.2,  -1.6) m, ( 87.14, 110.28) mas
     748: (  1.2,   0.2) m, ( 90.10, 128.59) mas
     972: ( -0.2,   1.6) m, ( 91.04, 143.24) mas
    1115: ( -0.2,   2.6) m, ( 90.29, 151.29) mas
    1272: ( -0.2,   3.7) m, ( 91.12, 163.81) mas
    1328: ( -0.2,   4.2) m, ( 91.45, 168.89) mas
sa index   location       noise equivalent angle
     213: (  3.0,  -3.3) m, ( 82.74,  82.74) mas
     312: (  2.3,  -2.6) m, ( 87.85,  88.99) mas
     418: (  1.6,  -1.9) m, ( 89.32,  89.35) mas
     529: (  0.9,  -1.2) m, ( 94.02,  94.02) mas
     596: ( -1.4,  -0.7) m, (113.85,  98.85) mas
     852: ( -1.2,   0.9) m, (110.25, 110.25) mas
     887: ( -1.4,   1.2) m, (112.20, 112.20) mas
    1038: ( -2.3,   2.1) m, (125.29, 125.73) mas
    1137: ( -3.0,   2.8) m, (126.69, 126.69) mas
    1316: ( -3.0,   4.2) m, (126.44, 140.03) mas

[00;00mSetting up powfs 2 PO WFS[00;00m

OTF dimension is 48x48 (calculated)
Generating matched filter for powfs 2
Use sanea to derive neasim
Use sanea to derive neasim

[00;00mSetting up reconstructor[00;00m

Recon NEA: cmf(108.25) cmf(108.17) cmf(108.28) cmf(108.21) cmf(108.31) cmf(108.18) cmf(108.23) cmf(108.14) geom(0.31) geom(0.31) geom(0.31) mf(0.14)  mas
Setup or update control matrix parameters.
RRtwfs svd threshold is 1e-10
Replacing HA by HA*fit->actextrap
Adding piston cr to fit matrix
Adding TT cr on upper DMs to fit matrix.
Before assembling fit matrix:	3509.0 MiB.
Building fit->FR
Building fit->FL
Adding tikhonov constraint of 1.0e-07 to FLM
The maximum eigen value is estimated to be around 3.2e-04
DM Fit number of Low rank terms: 16 in LHS
After assemble fit matrix:	4584.8 MiB.
After setup_recon:	4584.8 MiB.
GPU 0: mem used 1762 MB (wfs init)
GPU 0: mem used 2360 MB (recon init)
GPU 0: mem used 2390 MB (perf init)

*** Simulation started at 2025/02/09 16:40:04 in nid003257. ***

Running seed 1
GPU 0: mem used 2390 MB (wfs seeding)
Wind dir: 267.3 261.7 167.0 130.5 300.7  32.3 119.8 139.0 150.8 277.7 203.0 133.1  45.9 265.1 deg
Using /global/homes/b/bpeck/.aos/cache/atm/vonkarman_14_8192x8192_0.0078125_1115374592d.bin
After genatm:	4512.1 MiB.
Step     #  Open Loop  PR TT  On axis  PR TT  Field RMS PR TT     Timing 
Step     0: OL  884.6  248.3  OA  884.6 248.3 CL  884.6 248.3 nm  0.075 s
Step    25: OL  923.8  257.3  OA  131.6  63.1 CL  131.6  63.1 nm  0.064 s
Step    47: OL  957.3  261.1  OA  131.5  53.9 CL  131.5  53.9 nm  0.046 s
Step    69: OL  989.9  259.9  OA  129.6  49.0 CL  129.6  49.0 nm  0.053 s
Step    91: OL 1023.5  257.9  OA  128.3  47.8 CL  128.3  47.8 nm  0.047 s
Step   113: OL 1057.2  257.8  OA  125.6  45.3 CL  125.6  45.3 nm  0.055 s
Step   135: OL 1089.0  261.7  OA  121.2  35.4 CL  121.2  35.4 nm  0.045 s
Step   157: OL 1116.8  270.6  OA  124.7  42.1 CL  124.7  42.1 nm  0.045 s
Step   179: OL 1138.6  283.4  OA  121.2  26.8 CL  121.2  26.8 nm  0.047 s
Step   201: OL 1152.8  297.6  OA  118.1  23.8 CL  118.1  23.8 nm  0.044 s
Step   223: OL 1161.3  311.7  OA  110.1  15.1 CL  110.1  15.1 nm  0.045 s
Step   245: OL 1162.7  326.4  OA  116.1  19.7 CL  116.1  19.7 nm  0.049 s
Step   255 updated high order loop gain: 0.382
Step   267: OL 1154.5  342.2  OA  117.1  18.3 CL  117.1  18.3 nm  0.046 s
Step   289: OL 1136.9  358.8  OA  110.9  19.0 CL  110.9  19.0 nm  0.051 s
Step   311: OL 1114.6  378.3  OA  118.4  35.8 CL  118.4  35.8 nm  0.045 s
Step   333: OL 1087.8  400.6  OA  119.8  41.6 CL  119.8  41.6 nm  0.054 s
Step   355: OL 1060.9  427.8  OA  114.4  35.3 CL  114.4  35.3 nm  0.045 s
Step   376: OL 1036.6  457.4  OA  119.4  29.8 CL  119.4  29.8 nm  0.045 s
Step   398: OL 1013.0  489.2  OA  112.8  16.0 CL  112.8  16.0 nm  0.050 s
Step   420: OL  988.8  519.8  OA  109.9  12.9 CL  109.9  12.9 nm  0.044 s
Step   442: OL  964.5  548.9  OA  111.2  14.8 CL  111.2  14.8 nm  0.046 s
Step   464: OL  945.3  577.6  OA  119.4  25.0 CL  119.4  25.0 nm  0.054 s
Step   486: OL  936.4  605.6  OA  115.0   9.6 CL  115.0   9.6 nm  0.045 s
Step   508: OL  937.1  631.2  OA  115.7   9.4 CL  115.7   9.4 nm  0.053 s
Step   511 updated high order loop gain: 0.375
Step   530: OL  943.1  651.6  OA  114.2  12.5 CL  114.2  12.5 nm  0.043 s
Step   553: OL  955.4  664.6  OA  116.7   8.9 CL  116.7   8.9 nm  0.044 s
Step   575: OL  972.8  670.2  OA  112.3   6.4 CL  112.3   6.4 nm  0.050 s
Step   597: OL  994.8  669.8  OA  111.4  10.4 CL  111.4  10.4 nm  0.045 s
Step   619: OL 1019.2  661.6  OA  112.8  10.0 CL  112.8  10.0 nm  0.044 s
Step   641: OL 1043.1  646.5  OA  116.4  18.3 CL  116.4  18.3 nm  0.050 s
Step   662: OL 1062.7  627.4  OA  113.6  23.2 CL  113.6  23.2 nm  0.043 s
Step   683: OL 1080.0  605.6  OA  115.4  29.2 CL  115.4  29.2 nm  0.045 s
Step   706: OL 1095.5  580.0  OA  120.8  37.2 CL  120.8  37.2 nm  0.043 s
Step   728: OL 1103.1  552.9  OA  117.3  31.9 CL  117.3  31.9 nm  0.044 s
Step   750: OL 1102.2  525.8  OA  116.8  22.7 CL  116.8  22.7 nm  0.044 s
Step   767 updated high order loop gain: 0.367
Step   772: OL 1093.4  500.2  OA  121.1  36.3 CL  121.1  36.3 nm  0.053 s
Step   794: OL 1075.6  475.5  OA  118.3  31.2 CL  118.3  31.2 nm  0.049 s
Step   816: OL 1050.5  450.9  OA  117.1  23.6 CL  117.1  23.6 nm  0.044 s
Step   839: OL 1017.3  425.9  OA  112.8  18.0 CL  112.8  18.0 nm  0.054 s
Step   861: OL  982.9  404.3  OA  112.5  19.6 CL  112.5  19.6 nm  0.043 s
Step   883: OL  950.1  386.4  OA  116.6  33.1 CL  116.6  33.1 nm  0.044 s
Step   905: OL  917.2  372.1  OA  114.0  35.5 CL  114.0  35.5 nm  0.048 s
Step   927: OL  882.4  361.1  OA  115.4  40.2 CL  115.4  40.2 nm  0.043 s
Step   949: OL  848.9  350.6  OA  116.7  44.4 CL  116.7  44.4 nm  0.044 s
Step   971: OL  819.8  338.8  OA  116.5  37.9 CL  116.5  37.9 nm  0.043 s
Step   993: OL  796.8  324.7  OA  120.5  45.3 CL  120.5  45.3 nm  0.044 s
Step  1014: OL  778.2  309.1  OA  125.8  51.6 CL  125.8  51.6 nm  0.056 s
Step  1023 updated high order loop gain: 0.366
Step  1036: OL  763.3  291.7  OA  125.7  49.3 CL  125.7  49.3 nm  0.044 s
Step  1058: OL  750.8  272.1  OA  124.2  47.1 CL  124.2  47.1 nm  0.044 s
Step  1080: OL  741.3  248.3  OA  124.5  39.0 CL  124.5  39.0 nm  0.054 s
Step  1102: OL  737.7  223.3  OA  127.7  58.0 CL  127.7  58.0 nm  0.045 s
Step  1125: OL  737.6  201.0  OA  124.5  52.7 CL  124.5  52.7 nm  0.043 s
Step  1147: OL  739.0  185.2  OA  121.2  47.0 CL  121.2  47.0 nm  0.052 s
Step  1169: OL  740.2  174.7  OA  117.4  44.6 CL  117.4  44.6 nm  0.045 s
Step  1191: OL  743.4  169.0  OA  119.0  45.6 CL  119.0  45.6 nm  0.049 s
Step  1213: OL  748.0  165.0  OA  113.7  33.3 CL  113.7  33.3 nm  0.044 s
Step  1235: OL  751.9  163.9  OA  115.3  27.3 CL  115.3  27.3 nm  0.043 s
Step  1258: OL  754.4  168.9  OA  114.5  32.0 CL  114.5  32.0 nm  0.051 s
Step  1279: OL  758.1  178.8  OA  118.5  44.0 CL  118.5  44.0 nm  0.044 s
Step  1279 updated high order loop gain: 0.362
Step  1301: OL  764.4  192.6  OA  117.3  32.3 CL  117.3  32.3 nm  0.044 s
Step  1322: OL  770.1  208.6  OA  115.2  31.1 CL  115.2  31.1 nm  0.043 s
Step  1344: OL  778.5  228.1  OA  116.3  41.0 CL  116.3  41.0 nm  0.052 s
Step  1366: OL  791.9  247.0  OA  120.2  50.3 CL  120.2  50.3 nm  0.043 s
Step  1388: OL  808.5  260.9  OA  113.6  36.5 CL  113.6  36.5 nm  0.044 s
Step  1410: OL  829.0  269.9  OA  118.8  39.1 CL  118.8  39.1 nm  0.049 s
Step  1432: OL  851.5  275.4  OA  116.1  39.6 CL  116.1  39.6 nm  0.044 s
Step  1454: OL  872.9  279.0  OA  111.6  23.8 CL  111.6  23.8 nm  0.042 s
Step  1476: OL  890.0  278.8  OA  112.5  32.5 CL  112.5  32.5 nm  0.053 s
Step  1498: OL  897.5  273.6  OA  117.0  44.0 CL  117.0  44.0 nm  0.044 s
Step  1520: OL  896.8  264.0  OA  113.9  25.5 CL  113.9  25.5 nm  0.044 s
Step  1535 updated high order loop gain: 0.354
Step  1542: OL  889.8  251.1  OA  114.8  41.9 CL  114.8  41.9 nm  0.052 s
Step  1564: OL  879.4  236.7  OA  116.1  32.2 CL  116.1  32.2 nm  0.043 s
Step  1586: OL  867.1  224.7  OA  127.5  55.6 CL  127.5  55.6 nm  0.043 s
Step 1599: Output PSF
Step  1599: OL  858.8  219.2  OA  120.3  44.8 CL  120.3  44.8 nm  1.099 s
Mean: 117.19 35.54 111.67  nm.

*** Simulation Finished at 2025/02/09 16:41:29 in nid003257. ***

