Warning(sock.c:516): connect locally (/global/homes/b/bpeck/.aos/tmp/nid003517/scheduler) failed: Invalid argument. 
/global/u2/b/bpeck/work/vismcao/maos -o studies/reduced_ngs/8_lgs/8mag_lgs/2250count -c master_files/reduced_ngs/8_lgs/8mag_lgs/kola_2250act.conf -O 
Output folder is 'studies/reduced_ngs/8_lgs/8mag_lgs/2250count'.
SRC: /global/homes/b/bpeck/code/maos v2.9 4c88b7c2 2024-11-13 16:45:33 -0800
BUILT: /global/homes/b/bpeck/code/maos/optim by GCC (v12) on 2024/11/18 09:40:03 CPU(F64,+O3) with CUDA(v122,F32)
Launched at 2025/02/11 18:38:07 in nid003517 with PID 1944351.
The web based job monitor can be accessed at http://localhost:10300
Main config file is /global/u2/b/bpeck/work/vismcao/master_files/reduced_ngs/8_lgs/8mag_lgs/kola_2250act.conf
Warning(path.c:48): Path not found: path=/global/u2/b/bpeck/work/vismcao/master_files/reduced_ngs/8_lgs/8mag_lgs/bin; abspath=/global/u2/b/bpeck/work/vismcao/master_files/reduced_ngs/8_lgs/8mag_lgs/bin; Ignored.
Warning(path.c:48): Path not found: path=/global/u2/b/bpeck/work/vismcao/master_files/reduced_ngs/8_lgs/8mag_lgs/atm; abspath=/global/u2/b/bpeck/work/vismcao/master_files/reduced_ngs/8_lgs/8mag_lgs/atm; Ignored.
Warning(readcfg.c:399): sim.apfsm has been renamed to powfs.apfsm.
Warning(readcfg.c:399): sim.epfsm has been renamed to powfs.epfsm.
Warning(readcfg.c:399): sim.alfsm has been renamed to powfs.alfsm.
Warning(readcfg.c:399): sim.commonfsm has been renamed to powfs.commonfsm.
Warning(readcfg.c:399): sim.idealfsm has been renamed to powfs.idealfsm.
Warning(readcfg.c:399): sim.zetafsm has been renamed to powfs.zetafsm.
Warning(readcfg.c:399): sim.f0fsm has been renamed to powfs.f0fsm.
Warning(readcfg.c:399): tsurf has been renamed to ncpa.tsurf.
loaded 132 (132 new) records from '/global/u2/b/bpeck/work/vismcao/./keck_sim.conf'
loaded  19 ( 19 new) records from '/global/u2/b/bpeck/work/vismcao/./dm_none.conf'
loaded  19 (  0 new) records from '/global/u2/b/bpeck/work/vismcao/./keck_ASM.conf'
loaded  19 (  0 new) records from '/global/u2/b/bpeck/work/vismcao/./keck_DM2.conf'
loaded  19 (  0 new) records from '/global/u2/b/bpeck/work/vismcao/./keck_DM3.conf'
loaded   0 (  0 new) records from '/global/u2/b/bpeck/work/vismcao/./keck_dm_multiple.conf'
loaded   7 (  5 new) records from '/global/u2/b/bpeck/work/vismcao/./atm_mk13n50p_ground_detail.conf'
loaded  76 ( 69 new) records from '/global/homes/b/bpeck/code/maos/config/maos/powfs_common.conf'
loaded  44 ( 38 new) records from '/global/u2/b/bpeck/work/vismcao/./powfs_none.conf'
loaded  44 (  0 new) records from '/global/u2/b/bpeck/work/vismcao/./keck_shwfs_lgs.conf'
loaded  44 (  0 new) records from '/global/u2/b/bpeck/work/vismcao/./keck_shwfs_ttf_strap.conf'
loaded  44 (  0 new) records from '/global/u2/b/bpeck/work/vismcao/./keck_shwfs_twfs_lbwfs.conf'
loaded   0 (  0 new) records from '/global/u2/b/bpeck/work/vismcao/./keck_wfs_lgs_strap_lbwfs.conf'
loaded  71 ( 71 new) records from '/global/u2/b/bpeck/work/vismcao/./keck_recon.conf'
Warning(readcfg.c:399): dbg.na_smooth has been renamed to powfs0_llt.na_smooth.
Warning(readcfg.c:399): dbg.na_interp has been renamed to powfs0_llt.na_interp.
Warning(readcfg.c:399): dbg.na_thres has been renamed to powfs0_llt.na_thres.
Warning(readcfg.c:399): dbg.na_fit_maxit has been renamed to powfs0_llt.na_fit_maxit.
Warning(readcfg.c:399): dbg.na_fit_svdthres has been renamed to powfs0_llt.na_fit_svdthres.
Warning(readcfg.c:399): dbg.na_fit_dh has been renamed to powfs0_llt.na_fit_dh.
Warning(readcfg.c:399): dbg.ncpa_preload has been renamed to ncpa.preload.
Warning(readcfg.c:399): dbg.ncpa_rmsci has been renamed to ncpa.rmsci.
Warning(readcfg.c:399): dbg.draw_opdmax has been renamed to plot.opdmax.
Warning(readcfg.c:399): dbg.draw_gmax has been renamed to plot.gmax.
loaded  95 ( 93 new) records from '/global/u2/b/bpeck/work/vismcao/./keck_dbg.conf'
loaded   4 (  4 new) records from '/global/u2/b/bpeck/work/vismcao/./keck_fit_mcao.conf'
Warning(readcfg.c:399): surf has been renamed to ncpa.surf.
loaded  39 (  7 new) records from '/global/u2/b/bpeck/work/vismcao/master_files/reduced_ngs/8_lgs/8mag_lgs/kola_2250act.conf'
loaded   0 (  0 new) records from 'command line'
loaded  24 ( 18 new) records from '/global/u2/b/bpeck/work/vismcao/./keck_llt_CL.conf'
Adjust LGS range by telescope altitude 4145m.
Zenith angle is 30 degree.
    Scaling turbulence height and LGS hs by sec(za).
    Scaling r0 by cos(za)^(3/5).
    Scaling wind speed and LGS signal level by cos(za).
powfs0: Adjusting dx from 0.0078125 to 0.00792308. 
powfs0.llt.fsm: f0=0 Hz, LPF ep=0
powfs0.epfsm is set to 0.517618 (auto)
powfs2: Adjusting dx from 0.03125 to 0.0312778. 
powfs2 is TWFS for powfs0
sim.ephi is set to 0.427717 (auto)
sim.eplo is set to 0.427717 (auto)
Warning(parms.c:2296): Layer 1 at 17.3205m is very close to layer 0 at 0m (OK).
Warning(parms.c:2296): Layer 2 at 34.641m is very close to layer 1 at 17.3205m (OK).
Warning(parms.c:2296): Layer 3 at 51.9615m is very close to layer 2 at 34.641m (OK).
dm 0: stroke=30 um is provided in micron.
dm 0: assume ia stroke=2 um is provided in micron.
dm 1: stroke=7 um is provided in micron.
dm 1: assume ia stroke=2 um is provided in micron.
dm 2: stroke=7 um is provided in micron.
dm 2: assume ia stroke=2 um is provided in micron.
Focus blending is not implemented yet for integrated tomography
parms->sim.mffocus is reset to 0
There are 1 valid simulation seeds:  1
Output PSF for 1 directions
Used 449 of 456 supplied keys
Warning(readcfg.c:158): key "dbg.pwfs_flate" is not recognized, value is 0
Warning(readcfg.c:158): key "dbg.pwfs_flatv" is not recognized, value is 0
Warning(readcfg.c:158): key "dbg.pwfs_psx" is not recognized, value is [0 0 0 0]
Warning(readcfg.c:158): key "dbg.pwfs_psy" is not recognized, value is [0 0 0 0]
Warning(readcfg.c:158): key "dbg.pwfs_pupelong" is not recognized, value is 0
Warning(readcfg.c:158): key "dbg.pwfs_raw" is not recognized, value is 0
Warning(readcfg.c:158): key "dbg.pwfs_side" is not recognized, value is 4
[00;00mAperture[00;00m is 11 m with sampling 1/128 m
[00;00mTurbulence at 30 degree zenith angle:[00;00m r0=0.128424m, L0=30m, 14 layers.
    Greenwood freq is 25.1Hz, anisoplanatic angle is 1.58 as
    Sampled 8192x8192 at 1/128m. wind dir is randomized.
    layer 0: ht=      0 m, wt= 0.302, ws=  4.8 m/s
    layer 1: ht=     17 m, wt= 0.154, ws=  5.0 m/s
    layer 2: ht=     35 m, wt= 0.041, ws=  5.4 m/s
    layer 3: ht=     52 m, wt= 0.002, ws=  6.6 m/s
    layer 4: ht=    139 m, wt= 0.021, ws=  6.1 m/s
    layer 5: ht=    231 m, wt= 0.010, ws=  6.1 m/s
    layer 6: ht=    323 m, wt= 0.008, ws=  6.1 m/s
    layer 7: ht=    416 m, wt= 0.005, ws=  6.1 m/s
    layer 8: ht=    508 m, wt= 0.001, ws=  6.1 m/s
    layer 9: ht=    932 m, wt= 0.107, ws=  5.6 m/s
    layer 10: ht=   5022 m, wt= 0.144, ws= 11.1 m/s
    layer 11: ht=   9238 m, wt= 0.093, ws= 19.1 m/s
    layer 12: ht=  13856 m, wt= 0.075, ws=  8.2 m/s
    layer 13: ht=  22518 m, wt= 0.036, ws=  4.8 m/s
[00;00mReconstruction[00;00m: r0=0.128424m L0=30m. 14 layers. use cone coordinate.
    layer 0: ht=      0 m, wt= 0.302
    layer 1: ht=     17 m, wt= 0.154
    layer 2: ht=     35 m, wt= 0.041
    layer 3: ht=     52 m, wt= 0.002
    layer 4: ht=    139 m, wt= 0.021
    layer 5: ht=    231 m, wt= 0.010
    layer 6: ht=    323 m, wt= 0.008
    layer 7: ht=    416 m, wt= 0.005
    layer 8: ht=    508 m, wt= 0.001
    layer 9: ht=    932 m, wt= 0.107
    layer 10: ht=   5022 m, wt= 0.144
    layer 11: ht=   9238 m, wt= 0.093
    layer 12: ht=  13856 m, wt= 0.075
    layer 13: ht=  22518 m, wt= 0.036
[00;00mThere are 3 powfs[00;00m
  powfs0: Order 54, LGS at 99.1 km. Sampling 1/126.214 m. Thres 30%. [00;00mT/T is removed in right hand side in tomography.[00;00m
    CCD image is 25x25 @ 500x500 mas, blur 27% (sigma), 1500Hz, wvl: [ 5.89e-07]
    Gtilt in reconstruction. Physical optics start at 0 with [00;00m'matched filter'[00;00m [00;00m(noisy)[00;00m
  powfs1: Order  2, NGS at inf km. Sampling 1/16 m. Thres 30%. 
    Ztilt in reconstruction. Geomtric optics start at 2 with ztilt [00;00m(noisy)[00;00m
  powfs2: Order 20, NGS at inf km. Sampling 1/31.9716 m. Thres 50%. 
    CCD image is 4x4 @ 1500x1500 mas, blur 0% (sigma), 0.015Hz, wvl: [ 7.2e-07]
    Gtilt in reconstruction. Geomtric optics start at 50 with gtilt Physical optics start at 0 with [00;00m'matched filter'[00;00m [00;00m(noisy)[00;00m
[00;00mThere are 12 wfs[00;00m
    wfs 0: type 0, at (  30.00,    0.00) arcsec,  99 km, siglev is 50.8825 bkgrnd is 0.1
    wfs 1: type 0, at (  21.21,   21.21) arcsec,  99 km, siglev is 50.8825 bkgrnd is 0.1
    wfs 2: type 0, at (   0.00,   30.00) arcsec,  99 km, siglev is 50.8825 bkgrnd is 0.1
    wfs 3: type 0, at ( -21.21,   21.21) arcsec,  99 km, siglev is 50.8825 bkgrnd is 0.1
    wfs 4: type 0, at ( -30.00,    0.00) arcsec,  99 km, siglev is 50.8825 bkgrnd is 0.1
    wfs 5: type 0, at ( -21.21,  -21.21) arcsec,  99 km, siglev is 50.8825 bkgrnd is 0.1
    wfs 6: type 0, at (   0.00,  -30.00) arcsec,  99 km, siglev is 50.8825 bkgrnd is 0.1
    wfs 7: type 0, at (  21.21,  -21.21) arcsec,  99 km, siglev is 50.8825 bkgrnd is 0.1
    wfs 8: type 1, at (   5.00,    8.66) arcsec, inf km, siglev is 42387.6 bkgrnd is 1.056
    wfs 9: type 1, at ( -10.00,    0.00) arcsec, inf km, siglev is 42387.6 bkgrnd is 1.056
    wfs 10: type 1, at (   5.00,   -8.66) arcsec, inf km, siglev is 42387.6 bkgrnd is 1.056
    wfs 11: type 2, at (   0.00,    0.00) arcsec, inf km, siglev is 4.1558e+06 bkgrnd is 0.001
[00;00mThere are 3 DMs[00;00m
  DM 0 at -0.1km, actuator pitch 0.206m, offset   0, with 30.000000 micron stroke.
    Normalized cubic influence function with inter-actuator coupling of 0.223
  DM 1 at    6km, actuator pitch 0.168m, offset   0, with 7.000000 micron stroke.
    Normalized cubic influence function with inter-actuator coupling of 0.223
  DM 2 at   10km, actuator pitch 0.168m, offset   0, with 7.000000 micron stroke.
    Normalized cubic influence function with inter-actuator coupling of 0.223
[00;00mTomography[00;00m is using CG, with [00;00mFourer Domain[00;00m preconditioner, [00;00m12[00;00m iterations, integrated tomo.
[00;00mDM Fitting [00;00mis using CG, with [00;00mNo[00;00m preconditioner, [00;00m10[00;00m iterations
[00;00mThere are 9 fit directions[00;00m
    Fit 0: weight is 0.444, at (   0.00,    0.00) arcsec
    Fit 1: weight is 0.111, at (  15.00,    0.00) arcsec
    Fit 2: weight is 0.111, at (   0.00,   15.00) arcsec
    Fit 3: weight is 0.111, at ( -15.00,    0.00) arcsec
    Fit 4: weight is 0.111, at (   0.00,  -15.00) arcsec
    Fit 5: weight is 0.028, at (  15.00,   15.00) arcsec
    Fit 6: weight is 0.028, at ( -15.00,   15.00) arcsec
    Fit 7: weight is 0.028, at ( -15.00,  -15.00) arcsec
    Fit 8: weight is 0.028, at (  15.00,  -15.00) arcsec
[00;00mThere are 1 evaluation directions[00;00m at sampling 1/128 m.
    Evl 0: weight is 1.000, at (   0.00,    0.00) arcsec
[00;00mSimulation[00;00m start at step 0, end at step 1600, with time step 1/1500s, [00;00mclose loop[00;00m.
After setup_parms:	120.5 MiB.
Warning(sock.c:516): connect locally (/global/homes/b/bpeck/.aos/tmp/nid003517/scheduler) failed: Invalid argument. 
CUDA: minimum memory requirement is 0.3GB
GPU 0 is NVIDIA A100-SXM4-40GB with arch 8.0, 38.9GB free, 39.3GB total device memory.
Using GPU 0
Use 1 GPUs for WFS Tomo Fit Evl

*** Preparation started at 2025/02/11 18:38:07 in nid003517. ***

Using OpenMP version 201511 with 128 threads
Reading aperture amplitude map from KECK.fits
Warning(accphi.c:477): 108260 points not covered by input screen
Warning(sock.c:516): connect locally (/global/homes/b/bpeck/.aos/tmp/nid003517/scheduler) failed: Invalid argument. 
 ->maos.c:447->setup.c:148->aper.c:74->utils.c:478->accphi.c:478
iwvl 0: Science PSF is using grid size of 2880. The PSF will sum to 6.95167232825486
iwvl 1: Science PSF is using grid size of 2880. The PSF will sum to 6.95167232825486
iwvl 2: Science PSF is using grid size of 2880. The PSF will sum to 6.95167232825486
iwvl 3: Science PSF is using grid size of 2880. The PSF will sum to 6.95167232825486
iwvl 4: Science PSF is using grid size of 2880. The PSF will sum to 6.95167232825486
iwvl 5: Science PSF is using grid size of 2880. The PSF will sum to 6.95167232825486
iwvl 6: Science PSF is using grid size of 2880. The PSF will sum to 6.95167232825486
iwvl 7: Science PSF is using grid size of 2880. The PSF will sum to 6.95167232825486
iwvl 8: Science PSF is using grid size of 2880. The PSF will sum to 6.95167232825486
After setup_aper:	343.0 MiB.

[00;00mSetting up powfs 0 geom[00;00m

There are 26 points in each subaperture of 0.206m.
There are 1760 valid subaperture.

[00;00mSetting up powfs 1 geom[00;00m

There are 88 points in each subaperture of 5.5m.
There are 4 valid subaperture.

[00;00mSetting up powfs 2 geom[00;00m

There are 18 points in each subaperture of 0.563m.
There are 236 valid subaperture.
After setup_powfs_init:	414.4 MiB.

[00;00mSetting up reconstructor geometry.[00;00m

PLOC is 111x111, with sampling of 0.10m (square)
    DM 0: grid is 57 x 57
    DM 1: grid is 75 x 75
    DM 2: grid is 81 x 81
FLOC is 111x111, with sampling of 0.10m (not square)
Tomography grid is square:
    layer 0: xloc grid is 192 x 192, sampling is 0.103 m, 36864 points
    layer 1: xloc grid is 192 x 192, sampling is 0.103 m, 36864 points
    layer 2: xloc grid is 192 x 192, sampling is 0.103 m, 36864 points
    layer 3: xloc grid is 192 x 192, sampling is 0.103 m, 36864 points
    layer 4: xloc grid is 192 x 192, sampling is 0.103 m, 36864 points
    layer 5: xloc grid is 192 x 192, sampling is 0.103 m, 36864 points
    layer 6: xloc grid is 192 x 192, sampling is 0.103 m, 36864 points
    layer 7: xloc grid is 192 x 192, sampling is 0.103 m, 36864 points
    layer 8: xloc grid is 192 x 192, sampling is 0.102 m, 36864 points
    layer 9: xloc grid is 192 x 192, sampling is 0.102 m, 36864 points
    layer 10: xloc grid is 192 x 192, sampling is 0.098 m, 36864 points
    layer 11: xloc grid is 192 x 192, sampling is 0.093 m, 36864 points
    layer 12: xloc grid is 192 x 192, sampling is 0.089 m, 36864 points
Warning(map.c:195): ninx=192 is too small. need 193
Warning(map.c:200): niny=192 is too small. need 193
    layer 13: xloc grid is 192 x 192, sampling is 0.080 m, 36864 points

[00;00mSetting up powfs 0 PO WFS[00;00m

OTF dimension is 54x54 (calculated)
There is no bias
Uplink FWHM (illt 0, iwvl 0) is 0.577752"
Downlink FWHM (illt 0, iwvl 0) is 1.16464"
Generating matched filter for powfs 0
sa index   location       noise equivalent angle
     878: (  4.9,  -0.2) m, ( 94.49,  91.95) mas
     872: (  3.7,  -0.2) m, (101.97,  92.98) mas
     867: (  2.7,  -0.2) m, (110.02,  93.90) mas
     862: (  1.6,  -0.2) m, (118.97,  94.84) mas
     860: (  1.2,  -0.2) m, (122.88,  95.21) mas
     609: ( -0.6,  -1.4) m, (143.77,  98.97) mas
     858: ( -1.6,  -0.2) m, (155.97,  97.62) mas
     852: ( -2.9,  -0.2) m, (170.99,  98.53) mas
     847: ( -3.9,  -0.2) m, (184.63,  99.29) mas
     841: ( -5.1,  -0.2) m, (200.07, 100.15) mas
     840: ( -5.4,  -0.2) m, (202.89, 100.32) mas
sa index   location       noise equivalent angle
    1724: (  2.9,   4.3) m, ( 95.39,  92.17) mas
    1457: (  2.7,   2.7) m, ( 97.28,  97.28) mas
    1296: (  1.9,   1.9) m, (106.55, 106.29) mas
    1109: (  1.0,   1.0) m, (109.65, 109.65) mas
    1067: (  1.0,   0.8) m, (109.76, 111.38) mas
     657: (  0.6,  -1.2) m, (116.92, 133.52) mas
     652: ( -1.2,  -1.2) m, (130.64, 130.64) mas
     465: ( -2.1,  -2.1) m, (143.81, 143.77) mas
     343: ( -2.7,  -2.7) m, (146.11, 146.11) mas
     226: ( -3.3,  -3.3) m, (153.30, 153.30) mas
      67: ( -3.1,  -4.3) m, (150.67, 165.35) mas
sa index   location       noise equivalent angle
    1620: (  0.0,   3.7) m, ( 94.55, 103.62) mas
    1444: (  0.0,   2.7) m, ( 95.50, 111.83) mas
    1242: (  0.0,   1.6) m, ( 97.89, 122.02) mas
    1149: ( -0.2,   1.2) m, (101.28, 129.52) mas
     777: (  1.2,  -0.6) m, ( 98.97, 143.77) mas
     565: ( -0.2,  -1.6) m, (103.97, 164.76) mas
     317: ( -0.2,  -2.9) m, (105.00, 180.75) mas
     141: ( -0.2,  -3.9) m, (105.86, 195.31) mas
      51: ( -0.2,  -4.5) m, (106.46, 204.01) mas
       1: ( -2.5,  -4.9) m, (110.17, 206.13) mas
sa index   location       noise equivalent angle
    1695: ( -3.1,   4.3) m, ( 95.34,  92.12) mas
    1430: ( -2.9,   2.7) m, ( 97.28,  97.28) mas
    1277: ( -2.1,   1.9) m, (106.80, 106.85) mas
    1102: ( -1.2,   1.0) m, (109.65, 109.65) mas
    1103: ( -1.0,   1.0) m, (111.38, 109.76) mas
     654: ( -0.8,  -1.2) m, (118.03, 134.77) mas
     659: (  1.0,  -1.2) m, (130.64, 130.64) mas
     573: (  1.4,  -1.6) m, (149.49, 143.71) mas
     405: (  2.3,  -2.5) m, (159.15, 153.42) mas
     257: (  3.1,  -3.3) m, (153.30, 153.30) mas
      96: (  2.9,  -4.3) m, (150.67, 165.35) mas
sa index   location       noise equivalent angle
     841: ( -5.1,  -0.2) m, ( 94.49,  91.95) mas
     847: ( -3.9,  -0.2) m, (101.97,  92.98) mas
     852: ( -2.9,  -0.2) m, (110.02,  93.90) mas
     857: ( -1.9,  -0.2) m, (118.97,  94.84) mas
     859: ( -1.4,  -0.2) m, (124.20,  96.51) mas
     614: (  0.4,  -1.4) m, (143.77,  98.97) mas
     861: (  1.4,  -0.2) m, (155.97,  97.62) mas
     867: (  2.7,  -0.2) m, (170.99,  98.53) mas
     872: (  3.7,  -0.2) m, (184.63,  99.29) mas
     878: (  4.9,  -0.2) m, (200.07, 100.15) mas
     879: (  5.1,  -0.2) m, (202.89, 100.32) mas
sa index   location       noise equivalent angle
      37: ( -3.1,  -4.5) m, ( 95.33,  92.11) mas
     226: ( -3.3,  -3.3) m, ( 95.03,  95.03) mas
     343: ( -2.7,  -2.7) m, ( 98.37,  98.37) mas
     511: ( -1.9,  -1.9) m, (104.51, 104.52) mas
     653: ( -1.0,  -1.2) m, (111.38, 109.76) mas
    1104: ( -0.8,   1.0) m, (116.36, 132.94) mas
    1109: (  1.0,   1.0) m, (130.64, 130.64) mas
    1156: (  1.2,   1.2) m, (132.58, 132.58) mas
    1339: (  2.1,   2.1) m, (148.52, 150.00) mas
    1457: (  2.7,   2.7) m, (148.49, 148.49) mas
    1694: (  2.9,   4.1) m, (150.67, 165.35) mas
sa index   location       noise equivalent angle
     142: (  0.0,  -3.9) m, ( 94.55, 103.62) mas
     318: (  0.0,  -2.9) m, ( 95.50, 111.83) mas
     520: (  0.0,  -1.9) m, ( 97.37, 121.63) mas
     612: (  0.0,  -1.4) m, ( 98.09, 126.16) mas
     987: (  1.2,   0.4) m, ( 98.97, 143.77) mas
    1195: ( -0.2,   1.4) m, (103.97, 164.76) mas
    1443: ( -0.2,   2.7) m, (105.00, 180.74) mas
    1619: ( -0.2,   3.7) m, (105.86, 195.31) mas
    1709: ( -0.2,   4.3) m, (106.94, 204.71) mas
sa index   location       noise equivalent angle
      66: (  2.9,  -4.5) m, ( 95.34,  92.12) mas
     331: (  2.7,  -2.9) m, ( 97.28,  97.28) mas
     368: (  2.5,  -2.7) m, ( 98.37,  98.37) mas
     573: (  1.4,  -1.6) m, (118.79, 113.07) mas
     658: (  0.8,  -1.2) m, (111.38, 109.76) mas
    1107: (  0.6,   1.0) m, (115.58, 132.05) mas
    1102: ( -1.2,   1.0) m, (130.64, 130.64) mas
    1143: ( -1.4,   1.2) m, (132.58, 132.58) mas
    1318: ( -2.3,   2.1) m, (148.41, 149.89) mas
    1430: ( -2.9,   2.7) m, (148.49, 148.49) mas
    1665: ( -3.1,   4.1) m, (150.67, 165.35) mas

[00;00mSetting up powfs 2 PO WFS[00;00m

OTF dimension is 48x48 (calculated)
Generating matched filter for powfs 2
Use sanea to derive neasim
Use sanea to derive neasim

[00;00mSetting up reconstructor[00;00m

Recon NEA: cmf(127.14) cmf(126.98) cmf(127.18) cmf(127.00) cmf(127.17) cmf(126.92) cmf(127.06) cmf(126.90) geom(0.31) geom(0.31) geom(0.31) mf(0.14)  mas
Setup or update control matrix parameters.
RRtwfs svd threshold is 1e-10
Replacing HA by HA*fit->actextrap
Adding piston cr to fit matrix
Adding TT cr on upper DMs to fit matrix.
Before assembling fit matrix:	3556.9 MiB.
Building fit->FR
Building fit->FL
Adding tikhonov constraint of 1.0e-07 to FLM
The maximum eigen value is estimated to be around 3.2e-04
DM Fit number of Low rank terms: 16 in LHS
After assemble fit matrix:	4866.3 MiB.
After setup_recon:	4866.3 MiB.
GPU 0: mem used 1972 MB (wfs init)
GPU 0: mem used 2634 MB (recon init)
GPU 0: mem used 2666 MB (perf init)

*** Simulation started at 2025/02/11 18:39:29 in nid003517. ***

Running seed 1
GPU 0: mem used 2668 MB (wfs seeding)
Wind dir: 267.3 261.7 167.0 130.5 300.7  32.3 119.8 139.0 150.8 277.7 203.0 133.1  45.9 265.1 deg
Using /global/homes/b/bpeck/.aos/cache/atm/vonkarman_14_8192x8192_0.0078125_1115374592d.bin
After genatm:	4758.7 MiB.
Step     #  Open Loop  PR TT  On axis  PR TT  Field RMS PR TT     Timing 
Step     0: OL  884.6  248.3  OA  884.6 248.3 CL  884.6 248.3 nm  0.101 s
Step    23: OL  921.0  256.7  OA  116.2  24.1 CL  116.2  24.1 nm  0.051 s
Step    43: OL  952.0  260.8  OA  114.7   9.1 CL  114.7   9.1 nm  0.064 s
Step    63: OL  981.6  260.4  OA  114.5   2.5 CL  114.5   2.5 nm  0.051 s
Step    82: OL 1010.2  258.4  OA  118.4   3.3 CL  118.4   3.3 nm  0.055 s
Step   101: OL 1039.2  257.3  OA  115.3   2.6 CL  115.3   2.6 nm  0.052 s
Step   120: OL 1067.9  258.3  OA  111.5   3.7 CL  111.5   3.7 nm  0.050 s
Step   140: OL 1095.8  263.2  OA  118.4  14.9 CL  118.4  14.9 nm  0.050 s
Step   159: OL 1118.7  271.5  OA  118.9  21.6 CL  118.9  21.6 nm  0.050 s
Step   179: OL 1137.9  283.2  OA  121.0  23.1 CL  121.0  23.1 nm  0.057 s
Step   199: OL 1150.6  296.1  OA  114.5  13.7 CL  114.5  13.7 nm  0.050 s
Step   218: OL 1158.1  308.2  OA  113.2  23.7 CL  113.2  23.7 nm  0.060 s
Step   237: OL 1160.5  320.7  OA  114.9  22.6 CL  114.9  22.6 nm  0.051 s
Step   255 updated high order loop gain: 0.370
Step   256: OL 1156.6  334.1  OA  111.6  18.3 CL  111.6  18.3 nm  0.064 s
Step   276: OL 1143.8  348.5  OA  113.7  13.9 CL  113.7  13.9 nm  0.051 s
Step   295: OL 1125.6  363.6  OA  117.4  18.4 CL  117.4  18.4 nm  0.061 s
Step   314: OL 1104.3  380.8  OA  114.6  23.8 CL  114.6  23.8 nm  0.052 s
Step   334: OL 1078.8  401.5  OA  114.3  23.7 CL  114.3  23.7 nm  0.050 s
Step   353: OL 1054.6  424.9  OA  110.3  11.5 CL  110.3  11.5 nm  0.053 s
Step   373: OL 1030.8  452.8  OA  115.4   9.4 CL  115.4   9.4 nm  0.051 s
Step   392: OL 1010.1  480.3  OA  119.4  20.7 CL  119.4  20.7 nm  0.057 s
Step   412: OL  988.3  508.8  OA  114.4  16.2 CL  114.4  16.2 nm  0.051 s
Step   431: OL  967.1  534.2  OA  112.7  19.3 CL  112.7  19.3 nm  0.059 s
Step   450: OL  947.3  559.0  OA  115.4  22.3 CL  115.4  22.3 nm  0.051 s
Step   470: OL  932.8  585.2  OA  114.5  13.7 CL  114.5  13.7 nm  0.052 s
Step 487, DM 2: 1 actuators over ia limit. trials=2: success.
Step 488, DM 2: 1 actuators over ia limit. trials=2: success.
Step   489: OL  927.4  609.1  OA  113.3  11.0 CL  113.3  11.0 nm  0.051 s
Step 489, DM 2: 1 actuators over ia limit. trials=2: success.
Step 490, DM 2: 1 actuators over ia limit. trials=2: success.
Step 491, DM 2: 1 actuators over ia limit. trials=2: success.
Step 492, DM 2: 1 actuators over ia limit. trials=2: success.
Step 493, DM 2: 1 actuators over ia limit. trials=2: success.
Step 494, DM 2: 1 actuators over ia limit. trials=2: success.
Step 495, DM 2: 1 actuators over ia limit. trials=2: success.
Step 496, DM 2: 1 actuators over ia limit. trials=2: success.
Step 497, DM 2: 1 actuators over ia limit. trials=2: success.
Step 498, DM 2: 1 actuators over ia limit. trials=2: success.
Step 499, DM 2: 1 actuators over ia limit. trials=2: success.
Step 500, DM 2: 1 actuators over ia limit. trials=2: success.
Step 501, DM 2: 1 actuators over ia limit. trials=2: success.
Step 502, DM 2: 1 actuators over ia limit. trials=2: success.
Step 503, DM 2: 1 actuators over ia limit. trials=2: success.
Step 504, DM 2: 1 actuators over ia limit. trials=2: success.
Step 505, DM 2: 1 actuators over ia limit. trials=2: success.
Step 506, DM 2: 1 actuators over ia limit. trials=2: success.
Step 507, DM 2: 1 actuators over ia limit. trials=2: success.
Step   508: OL  928.7  631.0  OA  116.4  10.9 CL  116.4  10.9 nm  0.051 s
Step 508, DM 2: 1 actuators over ia limit. trials=2: success.
Step 509, DM 2: 1 actuators over ia limit. trials=2: success.
Step   511 updated high order loop gain: 0.371
Step   527: OL  934.5  649.0  OA  116.3   3.1 CL  116.3   3.1 nm  0.056 s
Step   546: OL  944.5  661.3  OA  113.5  13.8 CL  113.5  13.8 nm  0.051 s
Step   566: OL  959.9  668.4  OA  109.3  13.1 CL  109.3  13.1 nm  0.058 s
Step   586: OL  979.3  670.7  OA  109.6   3.3 CL  109.6   3.3 nm  0.050 s
Step   606: OL 1001.7  667.2  OA  113.1   5.6 CL  113.1   5.6 nm  0.056 s
Step   626: OL 1025.1  657.4  OA  111.6  16.3 CL  111.6  16.3 nm  0.052 s
Step   646: OL 1047.0  642.2  OA  111.9   7.6 CL  111.9   7.6 nm  0.057 s
Step   666: OL 1066.0  623.1  OA  113.1   1.8 CL  113.1   1.8 nm  0.050 s
Step   685: OL 1082.3  603.3  OA  117.4  29.5 CL  117.4  29.5 nm  0.058 s
Step   705: OL 1096.5  581.0  OA  112.5   8.4 CL  112.5   8.4 nm  0.051 s
Step   725: OL 1104.6  556.4  OA  113.4  16.1 CL  113.4  16.1 nm  0.062 s
Step   744: OL 1105.7  533.0  OA  117.1  23.8 CL  117.1  23.8 nm  0.052 s
Step   763: OL 1101.0  510.3  OA  117.0   4.1 CL  117.0   4.1 nm  0.051 s
Step   767 updated high order loop gain: 0.372
Step   782: OL 1089.9  488.7  OA  113.4  15.1 CL  113.4  15.1 nm  0.051 s
Step   802: OL 1070.9  466.3  OA  111.8   3.3 CL  111.8   3.3 nm  0.075 s
Step   821: OL 1047.8  445.2  OA  116.3  13.5 CL  116.3  13.5 nm  0.050 s
Step   840: OL 1019.6  424.7  OA  112.9  15.7 CL  112.9  15.7 nm  0.049 s
Step   859: OL  989.6  406.0  OA  113.2   1.1 CL  113.2   1.1 nm  0.064 s
Step   878: OL  960.3  390.0  OA  110.1  10.1 CL  110.1  10.1 nm  0.054 s
Step   898: OL  930.3  376.2  OA  110.4   9.7 CL  110.4   9.7 nm  0.050 s
Step   918: OL  898.1  365.4  OA  112.0  15.0 CL  112.0  15.0 nm  0.052 s
Step   938: OL  866.1  355.9  OA  109.5  19.3 CL  109.5  19.3 nm  0.050 s
Step   957: OL  837.8  346.5  OA  112.4  19.4 CL  112.4  19.4 nm  0.051 s
Step   977: OL  812.9  335.2  OA  111.4  11.1 CL  111.4  11.1 nm  0.053 s
Step   996: OL  793.7  322.6  OA  111.0   3.4 CL  111.0   3.4 nm  0.052 s
Step  1016: OL  776.3  307.5  OA  114.3   9.9 CL  114.3   9.9 nm  0.053 s
Step  1023 updated high order loop gain: 0.372
Step  1035: OL  763.5  292.6  OA  114.1   9.4 CL  114.1   9.4 nm  0.054 s
Step  1055: OL  752.4  274.9  OA  115.8   8.1 CL  115.8   8.1 nm  0.052 s
Step  1074: OL  743.3  255.2  OA  115.0   6.2 CL  115.0   6.2 nm  0.063 s
Step  1094: OL  738.6  232.1  OA  116.4  19.1 CL  116.4  19.1 nm  0.049 s
Step  1113: OL  737.6  212.1  OA  113.1  16.7 CL  113.1  16.7 nm  0.060 s
Step  1132: OL  738.3  195.5  OA  117.6  34.6 CL  117.6  34.6 nm  0.051 s
Step  1151: OL  740.0  182.9  OA  108.0  12.3 CL  108.0  12.3 nm  0.054 s
Step  1170: OL  741.0  174.4  OA  109.3  18.7 CL  109.3  18.7 nm  0.051 s
Step  1190: OL  744.0  169.3  OA  111.8  23.9 CL  111.8  23.9 nm  0.050 s
Step  1209: OL  748.0  165.6  OA  109.7   7.5 CL  109.7   7.5 nm  0.059 s
Step  1229: OL  751.9  163.8  OA  114.0  27.5 CL  114.0  27.5 nm  0.051 s
Step  1248: OL  753.7  165.9  OA  110.2  24.6 CL  110.2  24.6 nm  0.061 s
Step  1268: OL  756.4  173.1  OA  108.6  23.1 CL  108.6  23.1 nm  0.050 s
Step  1279 updated high order loop gain: 0.368
Step  1288: OL  760.7  184.1  OA  114.9  30.5 CL  114.9  30.5 nm  0.060 s
Step  1308: OL  766.3  197.7  OA  119.1  35.3 CL  119.1  35.3 nm  0.049 s
Step  1328: OL  771.9  213.7  OA  112.8  16.9 CL  112.8  16.9 nm  0.061 s
Step  1347: OL  780.0  230.8  OA  115.6  29.5 CL  115.6  29.5 nm  0.050 s
Step  1367: OL  792.5  247.8  OA  115.3  36.6 CL  115.3  36.6 nm  0.050 s
Step  1386: OL  806.6  259.8  OA  110.3  16.4 CL  110.3  16.4 nm  0.052 s
Step  1406: OL  824.9  268.6  OA  111.6  15.6 CL  111.6  15.6 nm  0.051 s
Step  1425: OL  844.8  273.8  OA  116.2  33.7 CL  116.2  33.7 nm  0.070 s
Step  1438: OL  858.2  276.5  OA  115.3  29.5 CL  115.3  29.5 nm  0.050 s
Step  1458: OL  877.4  279.3  OA  108.3  12.4 CL  108.3  12.4 nm  0.058 s
Step  1478: OL  892.1  278.5  OA  109.1  13.0 CL  109.1  13.0 nm  0.049 s
Step  1497: OL  898.8  273.9  OA  110.4  15.2 CL  110.4  15.2 nm  0.057 s
Step  1516: OL  899.2  265.9  OA  107.8   6.6 CL  107.8   6.6 nm  0.052 s
Step  1535 updated high order loop gain: 0.368
Step  1536: OL  893.6  255.0  OA  108.7   3.0 CL  108.7   3.0 nm  0.061 s
Step  1556: OL  883.7  241.8  OA  109.7  10.2 CL  109.7  10.2 nm  0.054 s
Step  1576: OL  872.7  229.6  OA  111.7   0.6 CL  111.7   0.6 nm  0.078 s
Step  1596: OL  859.5  220.4  OA  113.0   8.2 CL  113.0   8.2 nm  0.049 s
Step 1599: Output PSF
Step  1599: OL  857.4  219.2  OA  113.3  12.8 CL  113.3  12.8 nm  1.138 s
Mean: 112.87 16.24 111.69  nm.

*** Simulation Finished at 2025/02/11 18:41:03 in nid003517. ***

