Warning(sock.c:516): connect locally (/global/homes/b/bpeck/.aos/tmp/nid003517/scheduler) failed: Invalid argument. 
/global/u2/b/bpeck/work/vismcao/maos -o studies/reduced_ngs/8_lgs/8mag_lgs/1500count -c master_files/reduced_ngs/8_lgs/8mag_lgs/kola_1500act.conf -O 
Output folder is 'studies/reduced_ngs/8_lgs/8mag_lgs/1500count'.
SRC: /global/homes/b/bpeck/code/maos v2.9 4c88b7c2 2024-11-13 16:45:33 -0800
BUILT: /global/homes/b/bpeck/code/maos/optim by GCC (v12) on 2024/11/18 09:40:03 CPU(F64,+O3) with CUDA(v122,F32)
Launched at 2025/02/11 18:31:43 in nid003517 with PID 1943370.
The web based job monitor can be accessed at http://localhost:10300
Main config file is /global/u2/b/bpeck/work/vismcao/master_files/reduced_ngs/8_lgs/8mag_lgs/kola_1500act.conf
Warning(path.c:48): Path not found: path=/global/u2/b/bpeck/work/vismcao/master_files/reduced_ngs/8_lgs/8mag_lgs/bin; abspath=/global/u2/b/bpeck/work/vismcao/master_files/reduced_ngs/8_lgs/8mag_lgs/bin; Ignored.
Warning(path.c:48): Path not found: path=/global/u2/b/bpeck/work/vismcao/master_files/reduced_ngs/8_lgs/8mag_lgs/atm; abspath=/global/u2/b/bpeck/work/vismcao/master_files/reduced_ngs/8_lgs/8mag_lgs/atm; Ignored.
Warning(readcfg.c:399): sim.apfsm has been renamed to powfs.apfsm.
Warning(readcfg.c:399): sim.epfsm has been renamed to powfs.epfsm.
Warning(readcfg.c:399): sim.alfsm has been renamed to powfs.alfsm.
Warning(readcfg.c:399): sim.commonfsm has been renamed to powfs.commonfsm.
Warning(readcfg.c:399): sim.idealfsm has been renamed to powfs.idealfsm.
Warning(readcfg.c:399): sim.zetafsm has been renamed to powfs.zetafsm.
Warning(readcfg.c:399): sim.f0fsm has been renamed to powfs.f0fsm.
Warning(readcfg.c:399): tsurf has been renamed to ncpa.tsurf.
loaded 132 (132 new) records from '/global/u2/b/bpeck/work/vismcao/./keck_sim.conf'
loaded  19 ( 19 new) records from '/global/u2/b/bpeck/work/vismcao/./dm_none.conf'
loaded  19 (  0 new) records from '/global/u2/b/bpeck/work/vismcao/./keck_ASM.conf'
loaded  19 (  0 new) records from '/global/u2/b/bpeck/work/vismcao/./keck_DM2.conf'
loaded  19 (  0 new) records from '/global/u2/b/bpeck/work/vismcao/./keck_DM3.conf'
loaded   0 (  0 new) records from '/global/u2/b/bpeck/work/vismcao/./keck_dm_multiple.conf'
loaded   7 (  5 new) records from '/global/u2/b/bpeck/work/vismcao/./atm_mk13n50p_ground_detail.conf'
loaded  76 ( 69 new) records from '/global/homes/b/bpeck/code/maos/config/maos/powfs_common.conf'
loaded  44 ( 38 new) records from '/global/u2/b/bpeck/work/vismcao/./powfs_none.conf'
loaded  44 (  0 new) records from '/global/u2/b/bpeck/work/vismcao/./keck_shwfs_lgs.conf'
loaded  44 (  0 new) records from '/global/u2/b/bpeck/work/vismcao/./keck_shwfs_ttf_strap.conf'
loaded  44 (  0 new) records from '/global/u2/b/bpeck/work/vismcao/./keck_shwfs_twfs_lbwfs.conf'
loaded   0 (  0 new) records from '/global/u2/b/bpeck/work/vismcao/./keck_wfs_lgs_strap_lbwfs.conf'
loaded  71 ( 71 new) records from '/global/u2/b/bpeck/work/vismcao/./keck_recon.conf'
Warning(readcfg.c:399): dbg.na_smooth has been renamed to powfs0_llt.na_smooth.
Warning(readcfg.c:399): dbg.na_interp has been renamed to powfs0_llt.na_interp.
Warning(readcfg.c:399): dbg.na_thres has been renamed to powfs0_llt.na_thres.
Warning(readcfg.c:399): dbg.na_fit_maxit has been renamed to powfs0_llt.na_fit_maxit.
Warning(readcfg.c:399): dbg.na_fit_svdthres has been renamed to powfs0_llt.na_fit_svdthres.
Warning(readcfg.c:399): dbg.na_fit_dh has been renamed to powfs0_llt.na_fit_dh.
Warning(readcfg.c:399): dbg.ncpa_preload has been renamed to ncpa.preload.
Warning(readcfg.c:399): dbg.ncpa_rmsci has been renamed to ncpa.rmsci.
Warning(readcfg.c:399): dbg.draw_opdmax has been renamed to plot.opdmax.
Warning(readcfg.c:399): dbg.draw_gmax has been renamed to plot.gmax.
loaded  95 ( 93 new) records from '/global/u2/b/bpeck/work/vismcao/./keck_dbg.conf'
loaded   4 (  4 new) records from '/global/u2/b/bpeck/work/vismcao/./keck_fit_mcao.conf'
Warning(readcfg.c:399): surf has been renamed to ncpa.surf.
loaded  39 (  7 new) records from '/global/u2/b/bpeck/work/vismcao/master_files/reduced_ngs/8_lgs/8mag_lgs/kola_1500act.conf'
loaded   0 (  0 new) records from 'command line'
loaded  24 ( 18 new) records from '/global/u2/b/bpeck/work/vismcao/./keck_llt_CL.conf'
Adjust LGS range by telescope altitude 4145m.
Zenith angle is 30 degree.
    Scaling turbulence height and LGS hs by sec(za).
    Scaling r0 by cos(za)^(3/5).
    Scaling wind speed and LGS signal level by cos(za).
powfs0: Adjusting dx from 0.0078125 to 0.007875. 
powfs0.llt.fsm: f0=0 Hz, LPF ep=0
powfs0.epfsm is set to 0.517618 (auto)
powfs2: Adjusting dx from 0.03125 to 0.0312778. 
powfs2 is TWFS for powfs0
sim.ephi is set to 0.427717 (auto)
sim.eplo is set to 0.427717 (auto)
Warning(parms.c:2296): Layer 1 at 17.3205m is very close to layer 0 at 0m (OK).
Warning(parms.c:2296): Layer 2 at 34.641m is very close to layer 1 at 17.3205m (OK).
Warning(parms.c:2296): Layer 3 at 51.9615m is very close to layer 2 at 34.641m (OK).
dm 0: stroke=30 um is provided in micron.
dm 0: assume ia stroke=2 um is provided in micron.
dm 1: stroke=7 um is provided in micron.
dm 1: assume ia stroke=2 um is provided in micron.
dm 2: stroke=7 um is provided in micron.
dm 2: assume ia stroke=2 um is provided in micron.
Focus blending is not implemented yet for integrated tomography
parms->sim.mffocus is reset to 0
There are 1 valid simulation seeds:  1
Output PSF for 1 directions
Used 449 of 456 supplied keys
Warning(readcfg.c:158): key "dbg.pwfs_flate" is not recognized, value is 0
Warning(readcfg.c:158): key "dbg.pwfs_flatv" is not recognized, value is 0
Warning(readcfg.c:158): key "dbg.pwfs_psx" is not recognized, value is [0 0 0 0]
Warning(readcfg.c:158): key "dbg.pwfs_psy" is not recognized, value is [0 0 0 0]
Warning(readcfg.c:158): key "dbg.pwfs_pupelong" is not recognized, value is 0
Warning(readcfg.c:158): key "dbg.pwfs_raw" is not recognized, value is 0
Warning(readcfg.c:158): key "dbg.pwfs_side" is not recognized, value is 4
[00;00mAperture[00;00m is 11 m with sampling 1/128 m
[00;00mTurbulence at 30 degree zenith angle:[00;00m r0=0.128424m, L0=30m, 14 layers.
    Greenwood freq is 25.1Hz, anisoplanatic angle is 1.58 as
    Sampled 8192x8192 at 1/128m. wind dir is randomized.
    layer 0: ht=      0 m, wt= 0.302, ws=  4.8 m/s
    layer 1: ht=     17 m, wt= 0.154, ws=  5.0 m/s
    layer 2: ht=     35 m, wt= 0.041, ws=  5.4 m/s
    layer 3: ht=     52 m, wt= 0.002, ws=  6.6 m/s
    layer 4: ht=    139 m, wt= 0.021, ws=  6.1 m/s
    layer 5: ht=    231 m, wt= 0.010, ws=  6.1 m/s
    layer 6: ht=    323 m, wt= 0.008, ws=  6.1 m/s
    layer 7: ht=    416 m, wt= 0.005, ws=  6.1 m/s
    layer 8: ht=    508 m, wt= 0.001, ws=  6.1 m/s
    layer 9: ht=    932 m, wt= 0.107, ws=  5.6 m/s
    layer 10: ht=   5022 m, wt= 0.144, ws= 11.1 m/s
    layer 11: ht=   9238 m, wt= 0.093, ws= 19.1 m/s
    layer 12: ht=  13856 m, wt= 0.075, ws=  8.2 m/s
    layer 13: ht=  22518 m, wt= 0.036, ws=  4.8 m/s
[00;00mReconstruction[00;00m: r0=0.128424m L0=30m. 14 layers. use cone coordinate.
    layer 0: ht=      0 m, wt= 0.302
    layer 1: ht=     17 m, wt= 0.154
    layer 2: ht=     35 m, wt= 0.041
    layer 3: ht=     52 m, wt= 0.002
    layer 4: ht=    139 m, wt= 0.021
    layer 5: ht=    231 m, wt= 0.010
    layer 6: ht=    323 m, wt= 0.008
    layer 7: ht=    416 m, wt= 0.005
    layer 8: ht=    508 m, wt= 0.001
    layer 9: ht=    932 m, wt= 0.107
    layer 10: ht=   5022 m, wt= 0.144
    layer 11: ht=   9238 m, wt= 0.093
    layer 12: ht=  13856 m, wt= 0.075
    layer 13: ht=  22518 m, wt= 0.036
[00;00mThere are 3 powfs[00;00m
  powfs0: Order 44, LGS at 99.1 km. Sampling 1/126.984 m. Thres 30%. [00;00mT/T is removed in right hand side in tomography.[00;00m
    CCD image is 25x25 @ 500x500 mas, blur 27% (sigma), 1500Hz, wvl: [ 5.89e-07]
    Gtilt in reconstruction. Physical optics start at 0 with [00;00m'matched filter'[00;00m [00;00m(noisy)[00;00m
  powfs1: Order  2, NGS at inf km. Sampling 1/16 m. Thres 30%. 
    Ztilt in reconstruction. Geomtric optics start at 2 with ztilt [00;00m(noisy)[00;00m
  powfs2: Order 20, NGS at inf km. Sampling 1/31.9716 m. Thres 50%. 
    CCD image is 4x4 @ 1500x1500 mas, blur 0% (sigma), 0.015Hz, wvl: [ 7.2e-07]
    Gtilt in reconstruction. Geomtric optics start at 50 with gtilt Physical optics start at 0 with [00;00m'matched filter'[00;00m [00;00m(noisy)[00;00m
[00;00mThere are 12 wfs[00;00m
    wfs 0: type 0, at (  30.00,    0.00) arcsec,  99 km, siglev is 76.1436 bkgrnd is 0.1
    wfs 1: type 0, at (  21.21,   21.21) arcsec,  99 km, siglev is 76.1436 bkgrnd is 0.1
    wfs 2: type 0, at (   0.00,   30.00) arcsec,  99 km, siglev is 76.1436 bkgrnd is 0.1
    wfs 3: type 0, at ( -21.21,   21.21) arcsec,  99 km, siglev is 76.1436 bkgrnd is 0.1
    wfs 4: type 0, at ( -30.00,    0.00) arcsec,  99 km, siglev is 76.1436 bkgrnd is 0.1
    wfs 5: type 0, at ( -21.21,  -21.21) arcsec,  99 km, siglev is 76.1436 bkgrnd is 0.1
    wfs 6: type 0, at (   0.00,  -30.00) arcsec,  99 km, siglev is 76.1436 bkgrnd is 0.1
    wfs 7: type 0, at (  21.21,  -21.21) arcsec,  99 km, siglev is 76.1436 bkgrnd is 0.1
    wfs 8: type 1, at (   5.00,    8.66) arcsec, inf km, siglev is 42387.6 bkgrnd is 1.056
    wfs 9: type 1, at ( -10.00,    0.00) arcsec, inf km, siglev is 42387.6 bkgrnd is 1.056
    wfs 10: type 1, at (   5.00,   -8.66) arcsec, inf km, siglev is 42387.6 bkgrnd is 1.056
    wfs 11: type 2, at (   0.00,    0.00) arcsec, inf km, siglev is 4.1558e+06 bkgrnd is 0.001
[00;00mThere are 3 DMs[00;00m
  DM 0 at -0.1km, actuator pitch 0.252m, offset   0, with 30.000000 micron stroke.
    Normalized cubic influence function with inter-actuator coupling of 0.223
  DM 1 at    6km, actuator pitch 0.168m, offset   0, with 7.000000 micron stroke.
    Normalized cubic influence function with inter-actuator coupling of 0.223
  DM 2 at   10km, actuator pitch 0.168m, offset   0, with 7.000000 micron stroke.
    Normalized cubic influence function with inter-actuator coupling of 0.223
[00;00mTomography[00;00m is using CG, with [00;00mFourer Domain[00;00m preconditioner, [00;00m12[00;00m iterations, integrated tomo.
[00;00mDM Fitting [00;00mis using CG, with [00;00mNo[00;00m preconditioner, [00;00m10[00;00m iterations
[00;00mThere are 9 fit directions[00;00m
    Fit 0: weight is 0.444, at (   0.00,    0.00) arcsec
    Fit 1: weight is 0.111, at (  15.00,    0.00) arcsec
    Fit 2: weight is 0.111, at (   0.00,   15.00) arcsec
    Fit 3: weight is 0.111, at ( -15.00,    0.00) arcsec
    Fit 4: weight is 0.111, at (   0.00,  -15.00) arcsec
    Fit 5: weight is 0.028, at (  15.00,   15.00) arcsec
    Fit 6: weight is 0.028, at ( -15.00,   15.00) arcsec
    Fit 7: weight is 0.028, at ( -15.00,  -15.00) arcsec
    Fit 8: weight is 0.028, at (  15.00,  -15.00) arcsec
[00;00mThere are 1 evaluation directions[00;00m at sampling 1/128 m.
    Evl 0: weight is 1.000, at (   0.00,    0.00) arcsec
[00;00mSimulation[00;00m start at step 0, end at step 1600, with time step 1/1500s, [00;00mclose loop[00;00m.
After setup_parms:	120.5 MiB.
Warning(sock.c:516): connect locally (/global/homes/b/bpeck/.aos/tmp/nid003517/scheduler) failed: Invalid argument. 
CUDA: minimum memory requirement is 0.3GB
GPU 0 is NVIDIA A100-SXM4-40GB with arch 8.0, 38.9GB free, 39.3GB total device memory.
Using GPU 0
Use 1 GPUs for WFS Tomo Fit Evl

*** Preparation started at 2025/02/11 18:31:44 in nid003517. ***

Using OpenMP version 201511 with 128 threads
Reading aperture amplitude map from KECK.fits
Warning(accphi.c:477): 107921 points not covered by input screen
Warning(sock.c:516): connect locally (/global/homes/b/bpeck/.aos/tmp/nid003517/scheduler) failed: Invalid argument. 
 ->maos.c:447->setup.c:148->aper.c:74->utils.c:478->accphi.c:478
iwvl 0: Science PSF is using grid size of 2880. The PSF will sum to 6.95167232825486
iwvl 1: Science PSF is using grid size of 2880. The PSF will sum to 6.95167232825486
iwvl 2: Science PSF is using grid size of 2880. The PSF will sum to 6.95167232825486
iwvl 3: Science PSF is using grid size of 2880. The PSF will sum to 6.95167232825486
iwvl 4: Science PSF is using grid size of 2880. The PSF will sum to 6.95167232825486
iwvl 5: Science PSF is using grid size of 2880. The PSF will sum to 6.95167232825486
iwvl 6: Science PSF is using grid size of 2880. The PSF will sum to 6.95167232825486
iwvl 7: Science PSF is using grid size of 2880. The PSF will sum to 6.95167232825486
iwvl 8: Science PSF is using grid size of 2880. The PSF will sum to 6.95167232825486
After setup_aper:	344.8 MiB.

[00;00mSetting up powfs 0 geom[00;00m

There are 32 points in each subaperture of 0.252m.
There are 1201 valid subaperture.

[00;00mSetting up powfs 1 geom[00;00m

There are 88 points in each subaperture of 5.5m.
There are 4 valid subaperture.

[00;00mSetting up powfs 2 geom[00;00m

There are 18 points in each subaperture of 0.563m.
There are 236 valid subaperture.
After setup_powfs_init:	425.5 MiB.

[00;00mSetting up reconstructor geometry.[00;00m

PLOC is 91x91, with sampling of 0.13m (square)
    DM 0: grid is 47 x 47
    DM 1: grid is 75 x 75
    DM 2: grid is 81 x 81
FLOC is 91x91, with sampling of 0.13m (not square)
Tomography grid is square:
    layer 0: xloc grid is 160 x 160, sampling is 0.126 m, 25600 points
    layer 1: xloc grid is 160 x 160, sampling is 0.126 m, 25600 points
    layer 2: xloc grid is 160 x 160, sampling is 0.126 m, 25600 points
    layer 3: xloc grid is 160 x 160, sampling is 0.126 m, 25600 points
    layer 4: xloc grid is 160 x 160, sampling is 0.126 m, 25600 points
    layer 5: xloc grid is 160 x 160, sampling is 0.126 m, 25600 points
    layer 6: xloc grid is 160 x 160, sampling is 0.126 m, 25600 points
    layer 7: xloc grid is 160 x 160, sampling is 0.125 m, 25600 points
    layer 8: xloc grid is 160 x 160, sampling is 0.125 m, 25600 points
    layer 9: xloc grid is 160 x 160, sampling is 0.125 m, 25600 points
    layer 10: xloc grid is 160 x 160, sampling is 0.120 m, 25600 points
    layer 11: xloc grid is 160 x 160, sampling is 0.114 m, 25600 points
    layer 12: xloc grid is 160 x 160, sampling is 0.108 m, 25600 points
    layer 13: xloc grid is 160 x 160, sampling is 0.097 m, 25600 points

[00;00mSetting up powfs 0 PO WFS[00;00m

OTF dimension is 64x64 (calculated)
Uplink FWHM (illt 0, iwvl 0) is 0.579373"
Downlink FWHM (illt 0, iwvl 0) is 1.12518"
Generating matched filter for powfs 0
sa index   location       noise equivalent angle
     598: (  4.8,  -0.3) m, ( 74.61,  72.44) mas
     594: (  3.8,  -0.3) m, ( 78.79,  72.92) mas
     590: (  2.8,  -0.3) m, ( 84.76,  73.49) mas
     585: (  1.5,  -0.3) m, ( 93.97,  74.26) mas
     584: (  1.3,  -0.3) m, ( 95.73,  74.40) mas
     411: ( -0.5,  -1.5) m, (110.02,  76.32) mas
     582: ( -1.8,  -0.3) m, (120.74,  76.19) mas
     578: ( -2.8,  -0.3) m, (129.73,  76.76) mas
     573: ( -4.0,  -0.3) m, (141.31,  77.44) mas
     569: ( -5.0,  -0.3) m, (150.72,  77.97) mas
     568: ( -5.3,  -0.3) m, (153.22,  78.10) mas
sa index   location       noise equivalent angle
    1009: (  2.8,   2.8) m, ( 75.16,  75.16) mas
     909: (  2.0,   2.0) m, ( 81.33,  82.42) mas
     757: (  1.0,   1.0) m, ( 83.96,  83.96) mas
     721: (  1.0,   0.8) m, ( 83.92,  85.51) mas
     450: (  0.8,  -1.3) m, ( 85.75, 100.13) mas
     446: ( -1.3,  -1.3) m, ( 99.75,  99.75) mas
     330: ( -2.0,  -2.0) m, (108.00, 107.90) mas
     227: ( -2.8,  -2.8) m, (111.73, 111.73) mas
     161: ( -3.3,  -3.3) m, (115.90, 115.90) mas
      53: ( -3.0,  -4.3) m, (113.67, 124.69) mas
sa index   location       noise equivalent angle
    1113: (  0.0,   3.8) m, ( 73.80,  79.76) mas
     998: (  0.0,   2.8) m, ( 74.38,  85.81) mas
     829: (  0.0,   1.5) m, ( 75.16,  95.16) mas
     790: ( -0.3,   1.3) m, ( 77.82,  99.65) mas
     548: ( -1.5,  -0.5) m, ( 76.32, 110.02) mas
     374: ( -0.3,  -1.8) m, ( 79.75, 125.82) mas
     237: ( -0.3,  -2.8) m, ( 80.37, 135.22) mas
      90: ( -0.3,  -4.0) m, ( 81.11, 147.37) mas
      39: (  0.0,  -4.5) m, ( 78.78, 148.17) mas
sa index   location       noise equivalent angle
     986: ( -3.0,   2.8) m, ( 75.16,  75.16) mas
     892: ( -2.3,   2.0) m, ( 81.30,  82.27) mas
     785: ( -1.5,   1.3) m, ( 82.42,  82.42) mas
     718: ( -1.3,   0.8) m, ( 83.92,  85.51) mas
     447: ( -1.0,  -1.3) m, ( 85.75, 100.13) mas
     451: (  1.0,  -1.3) m, ( 99.75,  99.75) mas
     345: (  1.8,  -2.0) m, (107.78, 107.72) mas
     248: (  2.5,  -2.8) m, (111.73, 111.73) mas
     186: (  3.0,  -3.3) m, (115.90, 115.90) mas
      76: (  2.8,  -4.3) m, (113.67, 124.69) mas
sa index   location       noise equivalent angle
     569: ( -5.0,  -0.3) m, ( 74.61,  72.44) mas
     573: ( -4.0,  -0.3) m, ( 78.79,  72.92) mas
     577: ( -3.0,  -0.3) m, ( 84.76,  73.49) mas
     582: ( -1.8,  -0.3) m, ( 93.97,  74.26) mas
     583: ( -1.5,  -0.3) m, ( 95.73,  74.40) mas
     414: (  0.3,  -1.5) m, (110.02,  76.32) mas
     585: (  1.5,  -0.3) m, (120.74,  76.19) mas
     589: (  2.5,  -0.3) m, (129.73,  76.76) mas
     594: (  3.8,  -0.3) m, (141.31,  77.44) mas
     598: (  4.8,  -0.3) m, (150.72,  77.97) mas
     599: (  5.0,  -0.3) m, (153.22,  78.10) mas
sa index   location       noise equivalent angle
     161: ( -3.3,  -3.3) m, ( 74.34,  74.34) mas
     227: ( -2.8,  -2.8) m, ( 76.12,  76.12) mas
     330: ( -2.0,  -2.0) m, ( 81.25,  81.11) mas
     447: ( -1.0,  -1.3) m, ( 85.51,  83.92) mas
     483: (  1.0,  -1.0) m, (100.13,  85.75) mas
     757: (  1.0,   1.0) m, ( 99.75,  99.75) mas
     796: (  1.3,   1.3) m, (101.74, 101.74) mas
     909: (  2.0,   2.0) m, (111.75, 112.60) mas
    1009: (  2.8,   2.8) m, (113.82, 113.82) mas
    1150: (  2.8,   4.0) m, (113.67, 124.69) mas
sa index   location       noise equivalent angle
      91: (  0.0,  -4.0) m, ( 73.80,  79.76) mas
     206: (  0.0,  -3.0) m, ( 74.38,  85.81) mas
     375: (  0.0,  -1.8) m, ( 75.16,  95.16) mas
     412: ( -0.3,  -1.5) m, ( 77.82,  99.65) mas
     651: ( -1.5,   0.3) m, ( 76.32, 110.02) mas
     828: ( -0.3,   1.5) m, ( 79.75, 125.82) mas
     965: ( -0.3,   2.5) m, ( 80.37, 135.22) mas
    1112: ( -0.3,   3.8) m, ( 81.11, 147.37) mas
    1165: (  0.0,   4.3) m, ( 79.06, 148.59) mas
sa index   location       noise equivalent angle
     186: (  3.0,  -3.3) m, ( 74.34,  74.34) mas
     248: (  2.5,  -2.8) m, ( 76.12,  76.12) mas
     345: (  1.8,  -2.0) m, ( 81.07,  80.96) mas
     450: (  0.8,  -1.3) m, ( 85.51,  83.92) mas
     480: ( -1.3,  -1.0) m, (100.13,  85.75) mas
     750: ( -1.3,   1.0) m, ( 99.75,  99.75) mas
     785: ( -1.5,   1.3) m, (101.74, 101.74) mas
     892: ( -2.3,   2.0) m, (111.67, 112.44) mas
     986: ( -3.0,   2.8) m, (113.82, 113.82) mas
    1127: ( -3.0,   4.0) m, (113.67, 124.69) mas

[00;00mSetting up powfs 2 PO WFS[00;00m

OTF dimension is 48x48 (calculated)
Generating matched filter for powfs 2
Use sanea to derive neasim
Use sanea to derive neasim

[00;00mSetting up reconstructor[00;00m

Recon NEA: cmf(97.27) cmf(97.15) cmf(97.20) cmf(97.15) cmf(97.28) cmf(97.18) cmf(97.24) cmf(97.18) geom(0.31) geom(0.31) geom(0.31) mf(0.14)  mas
Setup or update control matrix parameters.
RRtwfs svd threshold is 1e-10
Replacing HA by HA*fit->actextrap
Adding piston cr to fit matrix
Adding TT cr on upper DMs to fit matrix.
Before assembling fit matrix:	2919.8 MiB.
Building fit->FR
Building fit->FL
Adding tikhonov constraint of 1.0e-07 to FLM
The maximum eigen value is estimated to be around 3.4e-04
DM Fit number of Low rank terms: 16 in LHS
After assemble fit matrix:	3665.8 MiB.
After setup_recon:	3665.8 MiB.
GPU 0: mem used 1746 MB (wfs init)
GPU 0: mem used 2234 MB (recon init)
GPU 0: mem used 2264 MB (perf init)

*** Simulation started at 2025/02/11 18:32:26 in nid003517. ***

Running seed 1
GPU 0: mem used 2264 MB (wfs seeding)
Wind dir: 267.3 261.7 167.0 130.5 300.7  32.3 119.8 139.0 150.8 277.7 203.0 133.1  45.9 265.1 deg
Using /global/homes/b/bpeck/.aos/cache/atm/vonkarman_14_8192x8192_0.0078125_1115374592d.bin
After genatm:	3696.7 MiB.
Step     #  Open Loop  PR TT  On axis  PR TT  Field RMS PR TT     Timing 
Step     0: OL  884.6  248.3  OA  884.6 248.3 CL  884.6 248.3 nm  0.108 s
Step    29: OL  930.7  258.4  OA  115.9  18.9 CL  115.9  18.9 nm  0.048 s
Step    54: OL  968.5  261.0  OA  116.5   7.4 CL  116.5   7.4 nm  0.039 s
Step    79: OL 1005.9  258.6  OA  115.8   9.0 CL  115.8   9.0 nm  0.039 s
Step   104: OL 1044.0  257.3  OA  116.8  11.7 CL  116.8  11.7 nm  0.040 s
Step   129: OL 1080.9  259.9  OA  111.7  16.8 CL  111.7  16.8 nm  0.040 s
Step   152: OL 1110.9  268.0  OA  114.4  13.7 CL  114.4  13.7 nm  0.084 s
Step   176: OL 1135.4  281.3  OA  116.4  19.1 CL  116.4  19.1 nm  0.040 s
Step   201: OL 1151.6  297.4  OA  111.8   8.1 CL  111.8   8.1 nm  0.048 s
Step   226: OL 1160.0  313.4  OA  108.1  20.2 CL  108.1  20.2 nm  0.040 s
Step   250: OL 1159.4  329.8  OA  109.4   4.8 CL  109.4   4.8 nm  0.040 s
Step   255 updated high order loop gain: 0.377
Step   275: OL 1145.9  347.9  OA  110.1  13.7 CL  110.1  13.7 nm  0.040 s
Step   300: OL 1122.4  368.1  OA  106.7  15.6 CL  106.7  15.6 nm  0.042 s
Step   324: OL 1094.7  390.8  OA  108.9   9.2 CL  108.9   9.2 nm  0.058 s
Step   348: OL 1064.6  418.5  OA  107.6   5.5 CL  107.6   5.5 nm  0.047 s
Step   373: OL 1035.7  453.0  OA  111.6  15.1 CL  111.6  15.1 nm  0.039 s
Step   397: OL 1010.9  487.7  OA  112.2   9.8 CL  112.2   9.8 nm  0.049 s
Step   422: OL  984.2  522.4  OA  108.3   4.1 CL  108.3   4.1 nm  0.041 s
Step   447: OL  957.8  555.3  OA  110.8  16.0 CL  110.8  16.0 nm  0.040 s
Step   472: OL  939.3  587.9  OA  109.1   4.2 CL  109.1   4.2 nm  0.040 s
Step   497: OL  934.5  618.8  OA  111.7   7.7 CL  111.7   7.7 nm  0.039 s
Step   511 updated high order loop gain: 0.358
Step   521: OL  938.4  644.1  OA  114.7   1.8 CL  114.7   1.8 nm  0.039 s
Step   546: OL  949.4  661.5  OA  110.5   8.3 CL  110.5   8.3 nm  0.039 s
Step   570: OL  967.4  669.3  OA  110.4   5.3 CL  110.4   5.3 nm  0.046 s
Step   594: OL  990.7  670.3  OA  108.4   4.2 CL  108.4   4.2 nm  0.040 s
Step   619: OL 1018.5  661.6  OA  110.1   4.0 CL  110.1   4.0 nm  0.041 s
Step   643: OL 1044.7  644.9  OA  109.8   7.4 CL  109.8   7.4 nm  0.040 s
Step   668: OL 1067.7  621.2  OA  108.1   6.4 CL  108.1   6.4 nm  0.039 s
Step   692: OL 1086.9  596.0  OA  109.9  11.1 CL  109.9  11.1 nm  0.039 s
Step   716: OL 1100.1  567.8  OA  113.3   4.0 CL  113.3   4.0 nm  0.039 s
Step   740: OL 1103.7  538.1  OA  110.9   6.5 CL  110.9   6.5 nm  0.047 s
Step   765: OL 1097.1  508.2  OA  111.2  16.6 CL  111.2  16.6 nm  0.040 s
Step   767 updated high order loop gain: 0.349
Step   790: OL 1079.3  479.9  OA  112.1   2.9 CL  112.1   2.9 nm  0.046 s
Step   815: OL 1051.5  452.0  OA  112.2   7.4 CL  112.2   7.4 nm  0.040 s
Step   840: OL 1015.5  424.9  OA  110.4   8.3 CL  110.4   8.3 nm  0.050 s
Step   865: OL  976.1  400.8  OA  108.4   3.9 CL  108.4   3.9 nm  0.040 s
Step   889: OL  940.5  382.3  OA  110.3  14.9 CL  110.3  14.9 nm  0.039 s
Step   913: OL  903.7  368.0  OA  107.9  14.3 CL  107.9  14.3 nm  0.043 s
Step   938: OL  864.8  356.0  OA  109.4  14.0 CL  109.4  14.0 nm  0.040 s
Step   963: OL  829.5  343.5  OA  109.7  17.0 CL  109.7  17.0 nm  0.047 s
Step   988: OL  802.3  328.2  OA  109.4   6.4 CL  109.4   6.4 nm  0.041 s
Step  1013: OL  780.3  309.9  OA  112.0   4.8 CL  112.0   4.8 nm  0.049 s
Step  1023 updated high order loop gain: 0.345
Step  1038: OL  764.0  290.1  OA  117.1  19.0 CL  117.1  19.0 nm  0.039 s
Step  1061: OL  751.1  269.2  OA  114.1  17.9 CL  114.1  17.9 nm  0.040 s
Step  1085: OL  742.0  242.5  OA  114.5   2.7 CL  114.5   2.7 nm  0.045 s
Step  1109: OL  739.8  216.2  OA  111.7  17.7 CL  111.7  17.7 nm  0.048 s
Step  1134: OL  740.7  194.0  OA  109.6  18.8 CL  109.6  18.8 nm  0.045 s
Step  1159: OL  742.5  178.8  OA  106.6  12.0 CL  106.6  12.0 nm  0.039 s
Step  1184: OL  744.9  170.7  OA  107.9  21.0 CL  107.9  21.0 nm  0.046 s
Step  1209: OL  749.7  165.7  OA  110.9  22.4 CL  110.9  22.4 nm  0.041 s
Step  1233: OL  753.6  163.9  OA  107.7   8.4 CL  107.7   8.4 nm  0.050 s
Step  1258: OL  755.6  168.9  OA  108.0  14.7 CL  108.0  14.7 nm  0.041 s
Step  1279 updated high order loop gain: 0.336
Step  1280: OL  758.8  179.4  OA  112.7  33.6 CL  112.7  33.6 nm  0.182 s
Step  1304: OL  765.1  194.8  OA  115.2  31.6 CL  115.2  31.6 nm  0.040 s
Step  1328: OL  771.4  213.7  OA  110.3  24.8 CL  110.3  24.8 nm  0.039 s
Step  1352: OL  781.7  235.4  OA  110.7  24.2 CL  110.7  24.2 nm  0.045 s
Step  1377: OL  798.2  254.6  OA  112.2  27.4 CL  112.2  27.4 nm  0.039 s
Step  1401: OL  818.1  266.8  OA  113.8  32.3 CL  113.8  32.3 nm  0.040 s
Step  1425: OL  841.9  273.9  OA  107.7  17.6 CL  107.7  17.6 nm  0.039 s
Step  1448: OL  864.5  278.3  OA  107.0  17.6 CL  107.0  17.6 nm  0.040 s
Step  1473: OL  885.1  279.2  OA  110.4  18.2 CL  110.4  18.2 nm  0.042 s
Step  1498: OL  894.0  273.6  OA  108.4  10.3 CL  108.4  10.3 nm  0.038 s
Step  1523: OL  892.5  262.6  OA  105.6   6.0 CL  105.6   6.0 nm  0.045 s
Step  1535 updated high order loop gain: 0.336
Step  1548: OL  882.9  247.3  OA  106.8   8.1 CL  106.8   8.1 nm  0.042 s
Step  1572: OL  871.1  231.9  OA  111.5  19.7 CL  111.5  19.7 nm  0.048 s
Step  1596: OL  856.0  220.5  OA  108.3   3.4 CL  108.3   3.4 nm  0.039 s
Step 1599: Output PSF
Step  1599: OL  854.0  219.3  OA  109.1   7.5 CL  109.1   7.5 nm  1.110 s
Mean: 110.25 15.66 109.13  nm.

*** Simulation Finished at 2025/02/11 18:33:44 in nid003517. ***

