Warning(sock.c:516): connect locally (/global/homes/b/bpeck/.aos/tmp/nid008236/scheduler) failed: Invalid argument. 
/global/u2/b/bpeck/work/vismcao/maos -o studies/reduced_ngs/7_lgs/8mag_lgs/4500count -c master_files/reduced_ngs/7_lgs/8mag_lgs/kola_4500act.conf -O 
Output folder is 'studies/reduced_ngs/7_lgs/8mag_lgs/4500count'.
SRC: /global/homes/b/bpeck/code/maos v2.9 4c88b7c2 2024-11-13 16:45:33 -0800
BUILT: /global/homes/b/bpeck/code/maos/optim by GCC (v12) on 2024/11/18 09:40:03 CPU(F64,+O3) with CUDA(v122,F32)
Launched at 2025/02/12 00:41:34 in nid008236 with PID 43097.
The web based job monitor can be accessed at http://localhost:10300
Main config file is /global/u2/b/bpeck/work/vismcao/master_files/reduced_ngs/7_lgs/8mag_lgs/kola_4500act.conf
Warning(path.c:48): Path not found: path=/global/u2/b/bpeck/work/vismcao/master_files/reduced_ngs/7_lgs/8mag_lgs/bin; abspath=/global/u2/b/bpeck/work/vismcao/master_files/reduced_ngs/7_lgs/8mag_lgs/bin; Ignored.
Warning(path.c:48): Path not found: path=/global/u2/b/bpeck/work/vismcao/master_files/reduced_ngs/7_lgs/8mag_lgs/atm; abspath=/global/u2/b/bpeck/work/vismcao/master_files/reduced_ngs/7_lgs/8mag_lgs/atm; Ignored.
Warning(readcfg.c:399): sim.apfsm has been renamed to powfs.apfsm.
Warning(readcfg.c:399): sim.epfsm has been renamed to powfs.epfsm.
Warning(readcfg.c:399): sim.alfsm has been renamed to powfs.alfsm.
Warning(readcfg.c:399): sim.commonfsm has been renamed to powfs.commonfsm.
Warning(readcfg.c:399): sim.idealfsm has been renamed to powfs.idealfsm.
Warning(readcfg.c:399): sim.zetafsm has been renamed to powfs.zetafsm.
Warning(readcfg.c:399): sim.f0fsm has been renamed to powfs.f0fsm.
Warning(readcfg.c:399): tsurf has been renamed to ncpa.tsurf.
loaded 132 (132 new) records from '/global/u2/b/bpeck/work/vismcao/./keck_sim.conf'
loaded  19 ( 19 new) records from '/global/u2/b/bpeck/work/vismcao/./dm_none.conf'
loaded  19 (  0 new) records from '/global/u2/b/bpeck/work/vismcao/./keck_ASM.conf'
loaded  19 (  0 new) records from '/global/u2/b/bpeck/work/vismcao/./keck_DM2.conf'
loaded  19 (  0 new) records from '/global/u2/b/bpeck/work/vismcao/./keck_DM3.conf'
loaded   0 (  0 new) records from '/global/u2/b/bpeck/work/vismcao/./keck_dm_multiple.conf'
loaded   7 (  5 new) records from '/global/u2/b/bpeck/work/vismcao/./atm_mk13n50p_ground_detail.conf'
loaded  76 ( 69 new) records from '/global/homes/b/bpeck/code/maos/config/maos/powfs_common.conf'
loaded  44 ( 38 new) records from '/global/u2/b/bpeck/work/vismcao/./powfs_none.conf'
loaded  44 (  0 new) records from '/global/u2/b/bpeck/work/vismcao/./keck_shwfs_lgs.conf'
loaded  44 (  0 new) records from '/global/u2/b/bpeck/work/vismcao/./keck_shwfs_ttf_strap.conf'
loaded  44 (  0 new) records from '/global/u2/b/bpeck/work/vismcao/./keck_shwfs_twfs_lbwfs.conf'
loaded   0 (  0 new) records from '/global/u2/b/bpeck/work/vismcao/./keck_wfs_lgs_strap_lbwfs.conf'
loaded  71 ( 71 new) records from '/global/u2/b/bpeck/work/vismcao/./keck_recon.conf'
Warning(readcfg.c:399): dbg.na_smooth has been renamed to powfs0_llt.na_smooth.
Warning(readcfg.c:399): dbg.na_interp has been renamed to powfs0_llt.na_interp.
Warning(readcfg.c:399): dbg.na_thres has been renamed to powfs0_llt.na_thres.
Warning(readcfg.c:399): dbg.na_fit_maxit has been renamed to powfs0_llt.na_fit_maxit.
Warning(readcfg.c:399): dbg.na_fit_svdthres has been renamed to powfs0_llt.na_fit_svdthres.
Warning(readcfg.c:399): dbg.na_fit_dh has been renamed to powfs0_llt.na_fit_dh.
Warning(readcfg.c:399): dbg.ncpa_preload has been renamed to ncpa.preload.
Warning(readcfg.c:399): dbg.ncpa_rmsci has been renamed to ncpa.rmsci.
Warning(readcfg.c:399): dbg.draw_opdmax has been renamed to plot.opdmax.
Warning(readcfg.c:399): dbg.draw_gmax has been renamed to plot.gmax.
loaded  95 ( 93 new) records from '/global/u2/b/bpeck/work/vismcao/./keck_dbg.conf'
loaded   4 (  4 new) records from '/global/u2/b/bpeck/work/vismcao/./keck_fit_mcao.conf'
Warning(readcfg.c:399): surf has been renamed to ncpa.surf.
loaded  39 (  7 new) records from '/global/u2/b/bpeck/work/vismcao/master_files/reduced_ngs/7_lgs/8mag_lgs/kola_4500act.conf'
loaded   0 (  0 new) records from 'command line'
loaded  24 ( 18 new) records from '/global/u2/b/bpeck/work/vismcao/./keck_llt_CL.conf'
Adjust LGS range by telescope altitude 4145m.
Zenith angle is 30 degree.
    Scaling turbulence height and LGS hs by sec(za).
    Scaling r0 by cos(za)^(3/5).
    Scaling wind speed and LGS signal level by cos(za).
powfs0: Adjusting dx from 0.0078125 to 0.00805556. 
powfs0.llt.fsm: f0=0 Hz, LPF ep=0
powfs0.epfsm is set to 0.517618 (auto)
powfs2: Adjusting dx from 0.03125 to 0.0312778. 
powfs2 is TWFS for powfs0
sim.ephi is set to 0.427717 (auto)
sim.eplo is set to 0.427717 (auto)
Warning(parms.c:2296): Layer 1 at 17.3205m is very close to layer 0 at 0m (OK).
Warning(parms.c:2296): Layer 2 at 34.641m is very close to layer 1 at 17.3205m (OK).
Warning(parms.c:2296): Layer 3 at 51.9615m is very close to layer 2 at 34.641m (OK).
dm 0: stroke=30 um is provided in micron.
dm 0: assume ia stroke=2 um is provided in micron.
dm 1: stroke=7 um is provided in micron.
dm 1: assume ia stroke=2 um is provided in micron.
dm 2: stroke=7 um is provided in micron.
dm 2: assume ia stroke=2 um is provided in micron.
Focus blending is not implemented yet for integrated tomography
parms->sim.mffocus is reset to 0
There are 1 valid simulation seeds:  1
Output PSF for 1 directions
Used 449 of 456 supplied keys
Warning(readcfg.c:158): key "dbg.pwfs_flate" is not recognized, value is 0
Warning(readcfg.c:158): key "dbg.pwfs_flatv" is not recognized, value is 0
Warning(readcfg.c:158): key "dbg.pwfs_psx" is not recognized, value is [0 0 0 0]
Warning(readcfg.c:158): key "dbg.pwfs_psy" is not recognized, value is [0 0 0 0]
Warning(readcfg.c:158): key "dbg.pwfs_pupelong" is not recognized, value is 0
Warning(readcfg.c:158): key "dbg.pwfs_raw" is not recognized, value is 0
Warning(readcfg.c:158): key "dbg.pwfs_side" is not recognized, value is 4
[00;00mAperture[00;00m is 11 m with sampling 1/128 m
[00;00mTurbulence at 30 degree zenith angle:[00;00m r0=0.128424m, L0=30m, 14 layers.
    Greenwood freq is 25.1Hz, anisoplanatic angle is 1.58 as
    Sampled 8192x8192 at 1/128m. wind dir is randomized.
    layer 0: ht=      0 m, wt= 0.302, ws=  4.8 m/s
    layer 1: ht=     17 m, wt= 0.154, ws=  5.0 m/s
    layer 2: ht=     35 m, wt= 0.041, ws=  5.4 m/s
    layer 3: ht=     52 m, wt= 0.002, ws=  6.6 m/s
    layer 4: ht=    139 m, wt= 0.021, ws=  6.1 m/s
    layer 5: ht=    231 m, wt= 0.010, ws=  6.1 m/s
    layer 6: ht=    323 m, wt= 0.008, ws=  6.1 m/s
    layer 7: ht=    416 m, wt= 0.005, ws=  6.1 m/s
    layer 8: ht=    508 m, wt= 0.001, ws=  6.1 m/s
    layer 9: ht=    932 m, wt= 0.107, ws=  5.6 m/s
    layer 10: ht=   5022 m, wt= 0.144, ws= 11.1 m/s
    layer 11: ht=   9238 m, wt= 0.093, ws= 19.1 m/s
    layer 12: ht=  13856 m, wt= 0.075, ws=  8.2 m/s
    layer 13: ht=  22518 m, wt= 0.036, ws=  4.8 m/s
[00;00mReconstruction[00;00m: r0=0.128424m L0=30m. 14 layers. use cone coordinate.
    layer 0: ht=      0 m, wt= 0.302
    layer 1: ht=     17 m, wt= 0.154
    layer 2: ht=     35 m, wt= 0.041
    layer 3: ht=     52 m, wt= 0.002
    layer 4: ht=    139 m, wt= 0.021
    layer 5: ht=    231 m, wt= 0.010
    layer 6: ht=    323 m, wt= 0.008
    layer 7: ht=    416 m, wt= 0.005
    layer 8: ht=    508 m, wt= 0.001
    layer 9: ht=    932 m, wt= 0.107
    layer 10: ht=   5022 m, wt= 0.144
    layer 11: ht=   9238 m, wt= 0.093
    layer 12: ht=  13856 m, wt= 0.075
    layer 13: ht=  22518 m, wt= 0.036
[00;00mThere are 3 powfs[00;00m
  powfs0: Order 76, LGS at 99.1 km. Sampling 1/124.138 m. Thres 30%. [00;00mT/T is removed in right hand side in tomography.[00;00m
    CCD image is 25x25 @ 500x500 mas, blur 27% (sigma), 1500Hz, wvl: [ 5.89e-07]
    Gtilt in reconstruction. Physical optics start at 0 with [00;00m'matched filter'[00;00m [00;00m(noisy)[00;00m
  powfs1: Order  2, NGS at inf km. Sampling 1/16 m. Thres 30%. 
    Ztilt in reconstruction. Geomtric optics start at 2 with ztilt [00;00m(noisy)[00;00m
  powfs2: Order 20, NGS at inf km. Sampling 1/31.9716 m. Thres 50%. 
    CCD image is 4x4 @ 1500x1500 mas, blur 0% (sigma), 0.015Hz, wvl: [ 7.2e-07]
    Gtilt in reconstruction. Geomtric optics start at 50 with gtilt Physical optics start at 0 with [00;00m'matched filter'[00;00m [00;00m(noisy)[00;00m
[00;00mThere are 11 wfs[00;00m
    wfs 0: type 0, at (  30.00,    0.00) arcsec,  99 km, siglev is 25.21 bkgrnd is 0.1
    wfs 1: type 0, at (  18.70,   23.45) arcsec,  99 km, siglev is 25.21 bkgrnd is 0.1
    wfs 2: type 0, at (  -6.68,   29.25) arcsec,  99 km, siglev is 25.21 bkgrnd is 0.1
    wfs 3: type 0, at ( -27.03,   13.02) arcsec,  99 km, siglev is 25.21 bkgrnd is 0.1
    wfs 4: type 0, at ( -27.03,  -13.02) arcsec,  99 km, siglev is 25.21 bkgrnd is 0.1
    wfs 5: type 0, at (  -6.68,  -29.25) arcsec,  99 km, siglev is 25.21 bkgrnd is 0.1
    wfs 6: type 0, at (  18.70,  -23.45) arcsec,  99 km, siglev is 25.21 bkgrnd is 0.1
    wfs 7: type 1, at (   5.00,    8.66) arcsec, inf km, siglev is 42387.6 bkgrnd is 1.056
    wfs 8: type 1, at ( -10.00,    0.00) arcsec, inf km, siglev is 42387.6 bkgrnd is 1.056
    wfs 9: type 1, at (   5.00,   -8.66) arcsec, inf km, siglev is 42387.6 bkgrnd is 1.056
    wfs 10: type 2, at (   0.00,    0.00) arcsec, inf km, siglev is 4.1558e+06 bkgrnd is 0.001
[00;00mThere are 3 DMs[00;00m
  DM 0 at -0.1km, actuator pitch 0.145m, offset   0, with 30.000000 micron stroke.
    Normalized cubic influence function with inter-actuator coupling of 0.223
  DM 1 at    6km, actuator pitch 0.168m, offset   0, with 7.000000 micron stroke.
    Normalized cubic influence function with inter-actuator coupling of 0.223
  DM 2 at   10km, actuator pitch 0.168m, offset   0, with 7.000000 micron stroke.
    Normalized cubic influence function with inter-actuator coupling of 0.223
[00;00mTomography[00;00m is using CG, with [00;00mFourer Domain[00;00m preconditioner, [00;00m12[00;00m iterations, integrated tomo.
[00;00mDM Fitting [00;00mis using CG, with [00;00mNo[00;00m preconditioner, [00;00m10[00;00m iterations
[00;00mThere are 9 fit directions[00;00m
    Fit 0: weight is 0.444, at (   0.00,    0.00) arcsec
    Fit 1: weight is 0.111, at (  15.00,    0.00) arcsec
    Fit 2: weight is 0.111, at (   0.00,   15.00) arcsec
    Fit 3: weight is 0.111, at ( -15.00,    0.00) arcsec
    Fit 4: weight is 0.111, at (   0.00,  -15.00) arcsec
    Fit 5: weight is 0.028, at (  15.00,   15.00) arcsec
    Fit 6: weight is 0.028, at ( -15.00,   15.00) arcsec
    Fit 7: weight is 0.028, at ( -15.00,  -15.00) arcsec
    Fit 8: weight is 0.028, at (  15.00,  -15.00) arcsec
[00;00mThere are 1 evaluation directions[00;00m at sampling 1/128 m.
    Evl 0: weight is 1.000, at (   0.00,    0.00) arcsec
[00;00mSimulation[00;00m start at step 0, end at step 1600, with time step 1/1500s, [00;00mclose loop[00;00m.
After setup_parms:	120.5 MiB.
Warning(sock.c:516): connect locally (/global/homes/b/bpeck/.aos/tmp/nid008236/scheduler) failed: Invalid argument. 
CUDA: minimum memory requirement is 0.3GB
GPU 0 is NVIDIA A100-SXM4-80GB with arch 8.0, 78.6GB free, 79.0GB total device memory.
Using GPU 0
Use 1 GPUs for WFS Tomo Fit Evl

*** Preparation started at 2025/02/12 00:41:35 in nid008236. ***

Using OpenMP version 201511 with 128 threads
Reading aperture amplitude map from KECK.fits
Warning(accphi.c:477): 108653 points not covered by input screen
Warning(sock.c:516): connect locally (/global/homes/b/bpeck/.aos/tmp/nid008236/scheduler) failed: Invalid argument. 
 ->maos.c:447->setup.c:148->aper.c:74->utils.c:478->accphi.c:478
iwvl 0: Science PSF is using grid size of 2880. The PSF will sum to 6.95167232825486
iwvl 1: Science PSF is using grid size of 2880. The PSF will sum to 6.95167232825486
iwvl 2: Science PSF is using grid size of 2880. The PSF will sum to 6.95167232825486
iwvl 3: Science PSF is using grid size of 2880. The PSF will sum to 6.95167232825486
iwvl 4: Science PSF is using grid size of 2880. The PSF will sum to 6.95167232825486
iwvl 5: Science PSF is using grid size of 2880. The PSF will sum to 6.95167232825486
iwvl 6: Science PSF is using grid size of 2880. The PSF will sum to 6.95167232825486
iwvl 7: Science PSF is using grid size of 2880. The PSF will sum to 6.95167232825486
iwvl 8: Science PSF is using grid size of 2880. The PSF will sum to 6.95167232825486
After setup_aper:	344.6 MiB.

[00;00mSetting up powfs 0 geom[00;00m

There are 18 points in each subaperture of 0.145m.
There are 3550 valid subaperture.

[00;00mSetting up powfs 1 geom[00;00m

There are 88 points in each subaperture of 5.5m.
There are 4 valid subaperture.

[00;00mSetting up powfs 2 geom[00;00m

There are 18 points in each subaperture of 0.563m.
There are 236 valid subaperture.
After setup_powfs_init:	420.2 MiB.

[00;00mSetting up reconstructor geometry.[00;00m

PLOC is 155x155, with sampling of 0.07m (square)
    DM 0: grid is 81 x 81
    DM 1: grid is 75 x 75
    DM 2: grid is 80 x 79
FLOC is 155x155, with sampling of 0.07m (not square)
Tomography grid is square:
    layer 0: xloc grid is 280 x 280, sampling is 0.072 m, 78400 points
    layer 1: xloc grid is 280 x 280, sampling is 0.072 m, 78400 points
    layer 2: xloc grid is 280 x 280, sampling is 0.072 m, 78400 points
    layer 3: xloc grid is 280 x 280, sampling is 0.072 m, 78400 points
    layer 4: xloc grid is 280 x 280, sampling is 0.072 m, 78400 points
    layer 5: xloc grid is 280 x 280, sampling is 0.072 m, 78400 points
    layer 6: xloc grid is 280 x 280, sampling is 0.072 m, 78400 points
    layer 7: xloc grid is 280 x 280, sampling is 0.072 m, 78400 points
    layer 8: xloc grid is 280 x 280, sampling is 0.072 m, 78400 points
    layer 9: xloc grid is 280 x 280, sampling is 0.072 m, 78400 points
    layer 10: xloc grid is 280 x 280, sampling is 0.069 m, 78400 points
    layer 11: xloc grid is 280 x 280, sampling is 0.066 m, 78400 points
    layer 12: xloc grid is 280 x 280, sampling is 0.062 m, 78400 points
    layer 13: xloc grid is 280 x 280, sampling is 0.056 m, 78400 points

[00;00mSetting up powfs 0 PO WFS[00;00m

OTF dimension is 36x36 (calculated)
There is no bias
Uplink FWHM (illt 0, iwvl 0) is 0.578619"
Downlink FWHM (illt 0, iwvl 0) is 1.36259"
Generating matched filter for powfs 0
sa index   location       noise equivalent angle
    1772: (  4.8,  -0.1) m, (163.86, 156.99) mas
    1765: (  3.8,  -0.1) m, (174.59, 158.80) mas
    1757: (  2.6,  -0.1) m, (189.93, 161.43) mas
    1750: (  1.6,  -0.1) m, (204.25, 163.92) mas
    1748: (  1.3,  -0.1) m, (208.45, 164.66) mas
    1277: ( -0.6,  -1.3) m, (237.65, 173.38) mas
    1743: ( -1.7,  -0.1) m, (254.72, 172.33) mas
    1735: ( -2.9,  -0.1) m, (274.79, 175.12) mas
    1728: ( -3.9,  -0.1) m, (294.01, 177.49) mas
    1720: ( -5.1,  -0.1) m, (318.65, 180.12) mas
    1718: ( -5.4,  -0.1) m, (324.60, 180.70) mas
sa index   location       noise equivalent angle
    3294: (  2.9,   3.8) m, (159.83, 160.83) mas
    3205: (  2.8,   3.5) m, (160.68, 162.62) mas
    2943: (  2.2,   2.8) m, (166.22, 170.17) mas
    2346: (  1.0,   1.3) m, (180.59, 189.15) mas
    2214: (  0.7,   1.0) m, (184.55, 193.46) mas
    1985: ( -1.3,   0.4) m, (214.12, 204.36) mas
    1208: ( -1.2,  -1.4) m, (213.75, 233.80) mas
     886: ( -1.7,  -2.2) m, (223.59, 246.95) mas
     610: ( -2.3,  -2.9) m, (233.76, 260.57) mas
     348: ( -2.9,  -3.6) m, (243.77, 273.92) mas
     170: ( -3.0,  -4.2) m, (247.40, 286.11) mas
sa index   location       noise equivalent angle
    3519: ( -1.2,   4.6) m, (167.56, 174.91) mas
    3355: ( -1.0,   4.1) m, (158.22, 167.75) mas
    3180: ( -0.9,   3.5) m, (160.00, 175.53) mas
    2708: ( -0.6,   2.2) m, (163.99, 192.67) mas
    2336: ( -0.4,   1.3) m, (166.91, 205.84) mas
    1451: ( -1.2,  -0.9) m, (170.12, 237.78) mas
    1088: (  0.3,  -1.7) m, (178.38, 254.01) mas
     845: (  0.4,  -2.3) m, (180.39, 263.12) mas
     373: (  0.7,  -3.6) m, (185.31, 289.26) mas
     197: (  0.9,  -4.2) m, (187.42, 300.67) mas
      34: (  2.0,  -4.8) m, (199.27, 317.32) mas
sa index   location       noise equivalent angle
    2567: ( -4.2,   1.9) m, (164.02, 158.89) mas
    2256: ( -2.6,   1.2) m, (183.23, 166.39) mas
    2095: ( -1.7,   0.7) m, (208.15, 183.41) mas
    2041: ( -1.4,   0.6) m, (199.70, 173.67) mas
    2158: (  0.9,   0.9) m, (234.93, 176.34) mas
    1512: (  1.3,  -0.7) m, (244.92, 192.37) mas
    1458: (  1.6,  -0.9) m, (265.00, 207.17) mas
    1235: (  2.8,  -1.4) m, (271.69, 203.28) mas
     986: (  4.1,  -2.0) m, (298.47, 212.94) mas
    1655: (  5.2,  -0.4) m, (318.90, 195.60) mas
sa index   location       noise equivalent angle
     989: ( -4.6,  -1.9) m, (172.35, 171.94) mas
     929: ( -4.2,  -2.0) m, (164.02, 158.89) mas
    1263: ( -2.6,  -1.3) m, (183.23, 166.39) mas
    1447: ( -1.7,  -0.9) m, (205.50, 180.08) mas
    1507: ( -1.4,  -0.7) m, (199.70, 173.66) mas
    1399: (  0.9,  -1.0) m, (235.49, 177.01) mas
    2046: (  1.3,   0.6) m, (244.92, 192.37) mas
    2106: (  1.6,   0.7) m, (267.88, 211.01) mas
    2358: (  2.8,   1.3) m, (271.69, 203.28) mas
    2624: (  4.1,   1.9) m, (298.47, 212.94) mas
    1955: (  5.2,   0.3) m, (318.90, 195.60) mas
sa index   location       noise equivalent angle
      20: ( -1.2,  -4.8) m, (162.23, 169.03) mas
     184: ( -1.0,  -4.2) m, (158.22, 167.75) mas
     362: ( -0.9,  -3.6) m, (160.00, 175.53) mas
     838: ( -0.6,  -2.3) m, (163.99, 192.67) mas
    1213: ( -0.4,  -1.4) m, (166.91, 205.84) mas
    2099: ( -1.2,   0.7) m, (170.06, 237.74) mas
    2471: (  0.3,   1.6) m, (178.38, 254.01) mas
    2715: (  0.4,   2.2) m, (180.39, 263.12) mas
    3191: (  0.7,   3.5) m, (185.31, 289.26) mas
    3368: (  0.9,   4.1) m, (187.42, 300.67) mas
    3533: (  2.0,   4.6) m, (199.70, 317.74) mas
sa index   location       noise equivalent angle
     299: (  2.9,  -3.9) m, (159.83, 160.83) mas
     387: (  2.8,  -3.6) m, (161.04, 162.97) mas
     641: (  2.2,  -2.9) m, (166.22, 170.17) mas
    1223: (  1.0,  -1.4) m, (180.59, 189.15) mas
    1343: (  0.7,  -1.2) m, (184.55, 193.47) mas
    1567: ( -1.3,  -0.6) m, (214.49, 204.67) mas
    2331: ( -1.2,   1.3) m, (213.75, 233.80) mas
    2644: ( -1.7,   2.0) m, (223.59, 246.95) mas
    2912: ( -2.3,   2.8) m, (233.76, 260.57) mas
    3166: ( -2.9,   3.5) m, (243.62, 273.77) mas
    3341: ( -3.0,   4.1) m, (247.40, 286.11) mas

[00;00mSetting up powfs 2 PO WFS[00;00m

OTF dimension is 48x48 (calculated)
Generating matched filter for powfs 2
Use sanea to derive neasim
Use sanea to derive neasim

[00;00mSetting up reconstructor[00;00m

Recon NEA: cmf(212.87) cmf(213.97) cmf(212.64) cmf(213.23) cmf(213.19) cmf(212.56) cmf(213.91) geom(0.31) geom(0.31) geom(0.31) mf(0.14)  mas
Setup or update control matrix parameters.
RRtwfs svd threshold is 1e-10
Replacing HA by HA*fit->actextrap
Adding piston cr to fit matrix
Adding TT cr on upper DMs to fit matrix.
Before assembling fit matrix:	4726.0 MiB.
Building fit->FR
Building fit->FL
Adding tikhonov constraint of 1.0e-07 to FLM
The maximum eigen value is estimated to be around 2.7e-04
DM Fit number of Low rank terms: 16 in LHS
After assemble fit matrix:	6646.8 MiB.
After setup_recon:	6646.8 MiB.
GPU 0: mem used 1496 MB (wfs init)
GPU 0: mem used 2708 MB (recon init)
GPU 0: mem used 2738 MB (perf init)
Warning(bin.c:410): evlpsfdl.fits: Unknown error
Warning(bin.c:516): write 2880 bytes to evlpsfdl.fits failed
Warning(bin.c:516): write 2880 bytes to evlpsfdl.fits failed
Warning(bin.c:516): write 2880 bytes to evlpsfdl.fits failed
Warning(bin.c:516): write 2880 bytes to evlpsfdl.fits failed
Warning(bin.c:516): write 2880 bytes to evlpsfdl.fits failed
Warning(bin.c:516): write 2880 bytes to evlpsfdl.fits failed
Warning(bin.c:516): write 2880 bytes to evlpsfdl.fits failed
Warning(bin.c:516): write 2880 bytes to evlpsfdl.fits failed
Warning(bin.c:516): write 2880 bytes to evlpsfdl.fits failed
Warning(bin.c:516): write 2880 bytes to evlpsfdl.fits failed
Warning(bin.c:516): write 2880 bytes to evlpsfdl.fits failed
Warning(bin.c:516): write 2880 bytes to evlpsfdl.fits failed
Warning(bin.c:516): write 2880 bytes to evlpsfdl.fits failed
Warning(bin.c:516): write 2880 bytes to evlpsfdl.fits failed
Warning(bin.c:516): write 2880 bytes to evlpsfdl.fits failed
Warning(bin.c:516): write 2880 bytes to evlpsfdl.fits failed
Warning(bin.c:516): write 2880 bytes to evlpsfdl.fits failed
Warning(bin.c:516): write 2880 bytes to evlpsfdl.fits failed

*** Simulation started at 2025/02/12 00:43:48 in nid008236. ***

Running seed 1
GPU 0: mem used 2740 MB (wfs seeding)
Warning(bin.c:410): extra/Resfsmerr_1.bin: Unknown error
Warning(bin.c:516): write 1 bytes to extra/Resfsmerr_1.bin failed
Warning(bin.c:516): write 4 bytes to extra/Resfsmerr_1.bin failed
Warning(bin.c:516): write 4 bytes to extra/Resfsmerr_1.bin failed
Warning(bin.c:516): write 8 bytes to extra/Resfsmerr_1.bin failed
Warning(bin.c:516): write 8 bytes to extra/Resfsmerr_1.bin failed
Warning(bin.c:516): write 1 bytes to extra/Resfsmerr_1.bin failed
Warning(bin.c:516): write 4 bytes to extra/Resfsmerr_1.bin failed
Warning(bin.c:516): write 4 bytes to extra/Resfsmerr_1.bin failed
Warning(bin.c:516): write 8 bytes to extra/Resfsmerr_1.bin failed
Warning(bin.c:516): write 8 bytes to extra/Resfsmerr_1.bin failed
Warning(bin.c:516): write 1 bytes to extra/Resfsmerr_1.bin failed
Warning(bin.c:516): write 4 bytes to extra/Resfsmerr_1.bin failed
Warning(bin.c:516): write 4 bytes to extra/Resfsmerr_1.bin failed
Warning(bin.c:516): write 8 bytes to extra/Resfsmerr_1.bin failed
Warning(bin.c:516): write 8 bytes to extra/Resfsmerr_1.bin failed
Warning(bin.c:516): write 1 bytes to extra/Resfsmerr_1.bin failed
Warning(bin.c:516): write 4 bytes to extra/Resfsmerr_1.bin failed
Warning(bin.c:516): write 4 bytes to extra/Resfsmerr_1.bin failed
Warning(bin.c:516): write 8 bytes to extra/Resfsmerr_1.bin failed
Warning(bin.c:516): write 8 bytes to extra/Resfsmerr_1.bin failed
Warning(bin.c:516): write 1 bytes to extra/Resfsmerr_1.bin failed
Warning(bin.c:516): write 4 bytes to extra/Resfsmerr_1.bin failed
Warning(bin.c:516): write 4 bytes to extra/Resfsmerr_1.bin failed
Warning(bin.c:516): write 8 bytes to extra/Resfsmerr_1.bin failed
Warning(bin.c:516): write 8 bytes to extra/Resfsmerr_1.bin failed
Warning(bin.c:516): write 1 bytes to extra/Resfsmerr_1.bin failed
Warning(bin.c:516): write 4 bytes to extra/Resfsmerr_1.bin failed
Warning(bin.c:516): write 4 bytes to extra/Resfsmerr_1.bin failed
Warning(bin.c:516): write 8 bytes to extra/Resfsmerr_1.bin failed
Warning(bin.c:516): write 8 bytes to extra/Resfsmerr_1.bin failed
Warning(bin.c:516): write 1 bytes to extra/Resfsmerr_1.bin failed
Warning(bin.c:516): write 4 bytes to extra/Resfsmerr_1.bin failed
Warning(bin.c:516): write 4 bytes to extra/Resfsmerr_1.bin failed
Warning(bin.c:516): write 8 bytes to extra/Resfsmerr_1.bin failed
Warning(bin.c:516): write 8 bytes to extra/Resfsmerr_1.bin failed
Warning(bin.c:516): write 4 bytes to extra/Resfsmerr_1.bin failed
Warning(bin.c:516): write 4 bytes to extra/Resfsmerr_1.bin failed
Warning(bin.c:516): write 8 bytes to extra/Resfsmerr_1.bin failed
Warning(bin.c:516): write 8 bytes to extra/Resfsmerr_1.bin failed
Warning(bin.c:516): write 4 bytes to extra/Resfsmerr_1.bin failed
Warning(bin.c:516): write 4 bytes to extra/Resfsmerr_1.bin failed
Warning(bin.c:516): write 8 bytes to extra/Resfsmerr_1.bin failed
Warning(bin.c:516): write 8 bytes to extra/Resfsmerr_1.bin failed
Warning(bin.c:516): write 4 bytes to extra/Resfsmerr_1.bin failed
Warning(bin.c:516): write 4 bytes to extra/Resfsmerr_1.bin failed
Warning(bin.c:516): write 8 bytes to extra/Resfsmerr_1.bin failed
Warning(bin.c:516): write 8 bytes to extra/Resfsmerr_1.bin failed
Warning(bin.c:410): extra/Resfsmcmd_1.bin: Unknown error
Warning(bin.c:516): write 1 bytes to extra/Resfsmcmd_1.bin failed
Warning(bin.c:516): write 4 bytes to extra/Resfsmcmd_1.bin failed
Warning(bin.c:516): write 4 bytes to extra/Resfsmcmd_1.bin failed
Warning(bin.c:516): write 8 bytes to extra/Resfsmcmd_1.bin failed
Warning(bin.c:516): write 8 bytes to extra/Resfsmcmd_1.bin failed
Warning(bin.c:516): write 1 bytes to extra/Resfsmcmd_1.bin failed
Warning(bin.c:516): write 4 bytes to extra/Resfsmcmd_1.bin failed
Warning(bin.c:516): write 4 bytes to extra/Resfsmcmd_1.bin failed
Warning(bin.c:516): write 8 bytes to extra/Resfsmcmd_1.bin failed
Warning(bin.c:516): write 8 bytes to extra/Resfsmcmd_1.bin failed
Warning(bin.c:516): write 1 bytes to extra/Resfsmcmd_1.bin failed
Warning(bin.c:516): write 4 bytes to extra/Resfsmcmd_1.bin failed
Warning(bin.c:516): write 4 bytes to extra/Resfsmcmd_1.bin failed
Warning(bin.c:516): write 8 bytes to extra/Resfsmcmd_1.bin failed
Warning(bin.c:516): write 8 bytes to extra/Resfsmcmd_1.bin failed
Warning(bin.c:516): write 1 bytes to extra/Resfsmcmd_1.bin failed
Warning(bin.c:516): write 4 bytes to extra/Resfsmcmd_1.bin failed
Warning(bin.c:516): write 4 bytes to extra/Resfsmcmd_1.bin failed
Warning(bin.c:516): write 8 bytes to extra/Resfsmcmd_1.bin failed
Warning(bin.c:516): write 8 bytes to extra/Resfsmcmd_1.bin failed
Warning(bin.c:516): write 1 bytes to extra/Resfsmcmd_1.bin failed
Warning(bin.c:516): write 4 bytes to extra/Resfsmcmd_1.bin failed
Warning(bin.c:516): write 4 bytes to extra/Resfsmcmd_1.bin failed
Warning(bin.c:516): write 8 bytes to extra/Resfsmcmd_1.bin failed
Warning(bin.c:516): write 8 bytes to extra/Resfsmcmd_1.bin failed
Warning(bin.c:516): write 1 bytes to extra/Resfsmcmd_1.bin failed
Warning(bin.c:516): write 4 bytes to extra/Resfsmcmd_1.bin failed
Warning(bin.c:516): write 4 bytes to extra/Resfsmcmd_1.bin failed
Warning(bin.c:516): write 8 bytes to extra/Resfsmcmd_1.bin failed
Warning(bin.c:516): write 8 bytes to extra/Resfsmcmd_1.bin failed
Warning(bin.c:516): write 1 bytes to extra/Resfsmcmd_1.bin failed
Warning(bin.c:516): write 4 bytes to extra/Resfsmcmd_1.bin failed
Warning(bin.c:516): write 4 bytes to extra/Resfsmcmd_1.bin failed
Warning(bin.c:516): write 8 bytes to extra/Resfsmcmd_1.bin failed
Warning(bin.c:516): write 8 bytes to extra/Resfsmcmd_1.bin failed
Warning(bin.c:516): write 4 bytes to extra/Resfsmcmd_1.bin failed
Warning(bin.c:516): write 4 bytes to extra/Resfsmcmd_1.bin failed
Warning(bin.c:516): write 8 bytes to extra/Resfsmcmd_1.bin failed
Warning(bin.c:516): write 8 bytes to extra/Resfsmcmd_1.bin failed
Warning(bin.c:516): write 4 bytes to extra/Resfsmcmd_1.bin failed
Warning(bin.c:516): write 4 bytes to extra/Resfsmcmd_1.bin failed
Warning(bin.c:516): write 8 bytes to extra/Resfsmcmd_1.bin failed
Warning(bin.c:516): write 8 bytes to extra/Resfsmcmd_1.bin failed
Warning(bin.c:516): write 4 bytes to extra/Resfsmcmd_1.bin failed
Warning(bin.c:516): write 4 bytes to extra/Resfsmcmd_1.bin failed
Warning(bin.c:516): write 8 bytes to extra/Resfsmcmd_1.bin failed
Warning(bin.c:516): write 8 bytes to extra/Resfsmcmd_1.bin failed

Signal caught: Segmentation fault (11)
Memory location: 0x1c
Warning(sock.c:516): connect locally (/global/homes/b/bpeck/.aos/tmp/nid008236/scheduler) failed: Invalid argument. 
 ->sim.c:268->sim.c:68->sim_utils.c:1111
maos_signal_handler: Segmentation fault (11)
