Warning(sock.c:516): connect locally (/global/homes/b/bpeck/.aos/tmp/nid008213/scheduler) failed: Invalid argument. 
/global/u2/b/bpeck/work/vismcao/maos -o studies/reduced_ngs/10_lgs/8mag_lgs/2750count -c master_files/reduced_ngs/10_lgs/8mag_lgs/kola_2750act.conf -O 
Output folder is 'studies/reduced_ngs/10_lgs/8mag_lgs/2750count'.
SRC: /global/homes/b/bpeck/code/maos v2.9 4c88b7c2 2024-11-13 16:45:33 -0800
BUILT: /global/homes/b/bpeck/code/maos/optim by GCC (v12) on 2024/11/18 09:40:03 CPU(F64,+O3) with CUDA(v122,F32)
Launched at 2025/02/12 00:36:31 in nid008213 with PID 714077.
The web based job monitor can be accessed at http://localhost:10300
Main config file is /global/u2/b/bpeck/work/vismcao/master_files/reduced_ngs/10_lgs/8mag_lgs/kola_2750act.conf
Warning(path.c:48): Path not found: path=/global/u2/b/bpeck/work/vismcao/master_files/reduced_ngs/10_lgs/8mag_lgs/bin; abspath=/global/u2/b/bpeck/work/vismcao/master_files/reduced_ngs/10_lgs/8mag_lgs/bin; Ignored.
Warning(path.c:48): Path not found: path=/global/u2/b/bpeck/work/vismcao/master_files/reduced_ngs/10_lgs/8mag_lgs/atm; abspath=/global/u2/b/bpeck/work/vismcao/master_files/reduced_ngs/10_lgs/8mag_lgs/atm; Ignored.
Warning(readcfg.c:399): sim.apfsm has been renamed to powfs.apfsm.
Warning(readcfg.c:399): sim.epfsm has been renamed to powfs.epfsm.
Warning(readcfg.c:399): sim.alfsm has been renamed to powfs.alfsm.
Warning(readcfg.c:399): sim.commonfsm has been renamed to powfs.commonfsm.
Warning(readcfg.c:399): sim.idealfsm has been renamed to powfs.idealfsm.
Warning(readcfg.c:399): sim.zetafsm has been renamed to powfs.zetafsm.
Warning(readcfg.c:399): sim.f0fsm has been renamed to powfs.f0fsm.
Warning(readcfg.c:399): tsurf has been renamed to ncpa.tsurf.
loaded 132 (132 new) records from '/global/u2/b/bpeck/work/vismcao/./keck_sim.conf'
loaded  19 ( 19 new) records from '/global/u2/b/bpeck/work/vismcao/./dm_none.conf'
loaded  19 (  0 new) records from '/global/u2/b/bpeck/work/vismcao/./keck_ASM.conf'
loaded  19 (  0 new) records from '/global/u2/b/bpeck/work/vismcao/./keck_DM2.conf'
loaded  19 (  0 new) records from '/global/u2/b/bpeck/work/vismcao/./keck_DM3.conf'
loaded   0 (  0 new) records from '/global/u2/b/bpeck/work/vismcao/./keck_dm_multiple.conf'
loaded   7 (  5 new) records from '/global/u2/b/bpeck/work/vismcao/./atm_mk13n50p_ground_detail.conf'
loaded  76 ( 69 new) records from '/global/homes/b/bpeck/code/maos/config/maos/powfs_common.conf'
loaded  44 ( 38 new) records from '/global/u2/b/bpeck/work/vismcao/./powfs_none.conf'
loaded  44 (  0 new) records from '/global/u2/b/bpeck/work/vismcao/./keck_shwfs_lgs.conf'
loaded  44 (  0 new) records from '/global/u2/b/bpeck/work/vismcao/./keck_shwfs_ttf_strap.conf'
loaded  44 (  0 new) records from '/global/u2/b/bpeck/work/vismcao/./keck_shwfs_twfs_lbwfs.conf'
loaded   0 (  0 new) records from '/global/u2/b/bpeck/work/vismcao/./keck_wfs_lgs_strap_lbwfs.conf'
loaded  71 ( 71 new) records from '/global/u2/b/bpeck/work/vismcao/./keck_recon.conf'
Warning(readcfg.c:399): dbg.na_smooth has been renamed to powfs0_llt.na_smooth.
Warning(readcfg.c:399): dbg.na_interp has been renamed to powfs0_llt.na_interp.
Warning(readcfg.c:399): dbg.na_thres has been renamed to powfs0_llt.na_thres.
Warning(readcfg.c:399): dbg.na_fit_maxit has been renamed to powfs0_llt.na_fit_maxit.
Warning(readcfg.c:399): dbg.na_fit_svdthres has been renamed to powfs0_llt.na_fit_svdthres.
Warning(readcfg.c:399): dbg.na_fit_dh has been renamed to powfs0_llt.na_fit_dh.
Warning(readcfg.c:399): dbg.ncpa_preload has been renamed to ncpa.preload.
Warning(readcfg.c:399): dbg.ncpa_rmsci has been renamed to ncpa.rmsci.
Warning(readcfg.c:399): dbg.draw_opdmax has been renamed to plot.opdmax.
Warning(readcfg.c:399): dbg.draw_gmax has been renamed to plot.gmax.
loaded  95 ( 93 new) records from '/global/u2/b/bpeck/work/vismcao/./keck_dbg.conf'
loaded   4 (  4 new) records from '/global/u2/b/bpeck/work/vismcao/./keck_fit_mcao.conf'
Warning(readcfg.c:399): surf has been renamed to ncpa.surf.
loaded  39 (  7 new) records from '/global/u2/b/bpeck/work/vismcao/master_files/reduced_ngs/10_lgs/8mag_lgs/kola_2750act.conf'
loaded   0 (  0 new) records from 'command line'
loaded  24 ( 18 new) records from '/global/u2/b/bpeck/work/vismcao/./keck_llt_CL.conf'
Adjust LGS range by telescope altitude 4145m.
Zenith angle is 30 degree.
    Scaling turbulence height and LGS hs by sec(za).
    Scaling r0 by cos(za)^(3/5).
    Scaling wind speed and LGS signal level by cos(za).
powfs0: Adjusting dx from 0.0078125 to 0.00775. 
powfs0.llt.fsm: f0=0 Hz, LPF ep=0
powfs0.epfsm is set to 0.517618 (auto)
powfs2: Adjusting dx from 0.03125 to 0.0312778. 
powfs2 is TWFS for powfs0
sim.ephi is set to 0.427717 (auto)
sim.eplo is set to 0.427717 (auto)
Warning(parms.c:2296): Layer 1 at 17.3205m is very close to layer 0 at 0m (OK).
Warning(parms.c:2296): Layer 2 at 34.641m is very close to layer 1 at 17.3205m (OK).
Warning(parms.c:2296): Layer 3 at 51.9615m is very close to layer 2 at 34.641m (OK).
dm 0: stroke=30 um is provided in micron.
dm 0: assume ia stroke=2 um is provided in micron.
dm 1: stroke=7 um is provided in micron.
dm 1: assume ia stroke=2 um is provided in micron.
dm 2: stroke=7 um is provided in micron.
dm 2: assume ia stroke=2 um is provided in micron.
Focus blending is not implemented yet for integrated tomography
parms->sim.mffocus is reset to 0
There are 1 valid simulation seeds:  1
Output PSF for 1 directions
Used 449 of 456 supplied keys
Warning(readcfg.c:158): key "dbg.pwfs_flate" is not recognized, value is 0
Warning(readcfg.c:158): key "dbg.pwfs_flatv" is not recognized, value is 0
Warning(readcfg.c:158): key "dbg.pwfs_psx" is not recognized, value is [0 0 0 0]
Warning(readcfg.c:158): key "dbg.pwfs_psy" is not recognized, value is [0 0 0 0]
Warning(readcfg.c:158): key "dbg.pwfs_pupelong" is not recognized, value is 0
Warning(readcfg.c:158): key "dbg.pwfs_raw" is not recognized, value is 0
Warning(readcfg.c:158): key "dbg.pwfs_side" is not recognized, value is 4
[00;00mAperture[00;00m is 11 m with sampling 1/128 m
[00;00mTurbulence at 30 degree zenith angle:[00;00m r0=0.128424m, L0=30m, 14 layers.
    Greenwood freq is 25.1Hz, anisoplanatic angle is 1.58 as
    Sampled 8192x8192 at 1/128m. wind dir is randomized.
    layer 0: ht=      0 m, wt= 0.302, ws=  4.8 m/s
    layer 1: ht=     17 m, wt= 0.154, ws=  5.0 m/s
    layer 2: ht=     35 m, wt= 0.041, ws=  5.4 m/s
    layer 3: ht=     52 m, wt= 0.002, ws=  6.6 m/s
    layer 4: ht=    139 m, wt= 0.021, ws=  6.1 m/s
    layer 5: ht=    231 m, wt= 0.010, ws=  6.1 m/s
    layer 6: ht=    323 m, wt= 0.008, ws=  6.1 m/s
    layer 7: ht=    416 m, wt= 0.005, ws=  6.1 m/s
    layer 8: ht=    508 m, wt= 0.001, ws=  6.1 m/s
    layer 9: ht=    932 m, wt= 0.107, ws=  5.6 m/s
    layer 10: ht=   5022 m, wt= 0.144, ws= 11.1 m/s
    layer 11: ht=   9238 m, wt= 0.093, ws= 19.1 m/s
    layer 12: ht=  13856 m, wt= 0.075, ws=  8.2 m/s
    layer 13: ht=  22518 m, wt= 0.036, ws=  4.8 m/s
[00;00mReconstruction[00;00m: r0=0.128424m L0=30m. 14 layers. use cone coordinate.
    layer 0: ht=      0 m, wt= 0.302
    layer 1: ht=     17 m, wt= 0.154
    layer 2: ht=     35 m, wt= 0.041
    layer 3: ht=     52 m, wt= 0.002
    layer 4: ht=    139 m, wt= 0.021
    layer 5: ht=    231 m, wt= 0.010
    layer 6: ht=    323 m, wt= 0.008
    layer 7: ht=    416 m, wt= 0.005
    layer 8: ht=    508 m, wt= 0.001
    layer 9: ht=    932 m, wt= 0.107
    layer 10: ht=   5022 m, wt= 0.144
    layer 11: ht=   9238 m, wt= 0.093
    layer 12: ht=  13856 m, wt= 0.075
    layer 13: ht=  22518 m, wt= 0.036
[00;00mThere are 3 powfs[00;00m
  powfs0: Order 60, LGS at 99.1 km. Sampling 1/129.032 m. Thres 30%. [00;00mT/T is removed in right hand side in tomography.[00;00m
    CCD image is 25x25 @ 500x500 mas, blur 27% (sigma), 1500Hz, wvl: [ 5.89e-07]
    Gtilt in reconstruction. Physical optics start at 0 with [00;00m'matched filter'[00;00m [00;00m(noisy)[00;00m
  powfs1: Order  2, NGS at inf km. Sampling 1/16 m. Thres 30%. 
    Ztilt in reconstruction. Geomtric optics start at 2 with ztilt [00;00m(noisy)[00;00m
  powfs2: Order 20, NGS at inf km. Sampling 1/31.9716 m. Thres 50%. 
    CCD image is 4x4 @ 1500x1500 mas, blur 0% (sigma), 0.015Hz, wvl: [ 7.2e-07]
    Gtilt in reconstruction. Geomtric optics start at 50 with gtilt Physical optics start at 0 with [00;00m'matched filter'[00;00m [00;00m(noisy)[00;00m
[00;00mThere are 14 wfs[00;00m
    wfs 0: type 0, at (  30.00,    0.00) arcsec,  99 km, siglev is 41.4818 bkgrnd is 0.1
    wfs 1: type 0, at (  24.27,   17.63) arcsec,  99 km, siglev is 41.4818 bkgrnd is 0.1
    wfs 2: type 0, at (   9.27,   28.53) arcsec,  99 km, siglev is 41.4818 bkgrnd is 0.1
    wfs 3: type 0, at (  -9.27,   28.53) arcsec,  99 km, siglev is 41.4818 bkgrnd is 0.1
    wfs 4: type 0, at ( -24.27,   17.63) arcsec,  99 km, siglev is 41.4818 bkgrnd is 0.1
    wfs 5: type 0, at ( -30.00,    0.00) arcsec,  99 km, siglev is 41.4818 bkgrnd is 0.1
    wfs 6: type 0, at ( -24.27,  -17.63) arcsec,  99 km, siglev is 41.4818 bkgrnd is 0.1
    wfs 7: type 0, at (  -9.27,  -28.53) arcsec,  99 km, siglev is 41.4818 bkgrnd is 0.1
    wfs 8: type 0, at (   9.27,  -28.53) arcsec,  99 km, siglev is 41.4818 bkgrnd is 0.1
    wfs 9: type 0, at (  24.27,  -17.63) arcsec,  99 km, siglev is 41.4818 bkgrnd is 0.1
    wfs 10: type 1, at (   5.00,    8.66) arcsec, inf km, siglev is 42387.6 bkgrnd is 1.056
    wfs 11: type 1, at ( -10.00,    0.00) arcsec, inf km, siglev is 42387.6 bkgrnd is 1.056
    wfs 12: type 1, at (   5.00,   -8.66) arcsec, inf km, siglev is 42387.6 bkgrnd is 1.056
    wfs 13: type 2, at (   0.00,    0.00) arcsec, inf km, siglev is 4.1558e+06 bkgrnd is 0.001
[00;00mThere are 3 DMs[00;00m
  DM 0 at -0.1km, actuator pitch 0.186m, offset   0, with 30.000000 micron stroke.
    Normalized cubic influence function with inter-actuator coupling of 0.223
  DM 1 at    6km, actuator pitch 0.168m, offset   0, with 7.000000 micron stroke.
    Normalized cubic influence function with inter-actuator coupling of 0.223
  DM 2 at   10km, actuator pitch 0.168m, offset   0, with 7.000000 micron stroke.
    Normalized cubic influence function with inter-actuator coupling of 0.223
[00;00mTomography[00;00m is using CG, with [00;00mFourer Domain[00;00m preconditioner, [00;00m12[00;00m iterations, integrated tomo.
[00;00mDM Fitting [00;00mis using CG, with [00;00mNo[00;00m preconditioner, [00;00m10[00;00m iterations
[00;00mThere are 9 fit directions[00;00m
    Fit 0: weight is 0.444, at (   0.00,    0.00) arcsec
    Fit 1: weight is 0.111, at (  15.00,    0.00) arcsec
    Fit 2: weight is 0.111, at (   0.00,   15.00) arcsec
    Fit 3: weight is 0.111, at ( -15.00,    0.00) arcsec
    Fit 4: weight is 0.111, at (   0.00,  -15.00) arcsec
    Fit 5: weight is 0.028, at (  15.00,   15.00) arcsec
    Fit 6: weight is 0.028, at ( -15.00,   15.00) arcsec
    Fit 7: weight is 0.028, at ( -15.00,  -15.00) arcsec
    Fit 8: weight is 0.028, at (  15.00,  -15.00) arcsec
[00;00mThere are 1 evaluation directions[00;00m at sampling 1/128 m.
    Evl 0: weight is 1.000, at (   0.00,    0.00) arcsec
[00;00mSimulation[00;00m start at step 0, end at step 1600, with time step 1/1500s, [00;00mclose loop[00;00m.
After setup_parms:	120.6 MiB.
Warning(sock.c:516): connect locally (/global/homes/b/bpeck/.aos/tmp/nid008213/scheduler) failed: Invalid argument. 
CUDA: minimum memory requirement is 0.4GB
GPU 0 is NVIDIA A100-SXM4-80GB with arch 8.0, 78.6GB free, 79.0GB total device memory.
Using GPU 0
Use 1 GPUs for WFS Tomo Fit Evl

*** Preparation started at 2025/02/12 00:36:32 in nid008213. ***

Using OpenMP version 201511 with 128 threads
Reading aperture amplitude map from KECK.fits
Warning(accphi.c:477): 108452 points not covered by input screen
Warning(sock.c:516): connect locally (/global/homes/b/bpeck/.aos/tmp/nid008213/scheduler) failed: Invalid argument. 
 ->maos.c:447->setup.c:148->aper.c:74->utils.c:478->accphi.c:478
iwvl 0: Science PSF is using grid size of 2880. The PSF will sum to 6.95167232825486
iwvl 1: Science PSF is using grid size of 2880. The PSF will sum to 6.95167232825486
iwvl 2: Science PSF is using grid size of 2880. The PSF will sum to 6.95167232825486
iwvl 3: Science PSF is using grid size of 2880. The PSF will sum to 6.95167232825486
iwvl 4: Science PSF is using grid size of 2880. The PSF will sum to 6.95167232825486
iwvl 5: Science PSF is using grid size of 2880. The PSF will sum to 6.95167232825486
iwvl 6: Science PSF is using grid size of 2880. The PSF will sum to 6.95167232825486
iwvl 7: Science PSF is using grid size of 2880. The PSF will sum to 6.95167232825486
iwvl 8: Science PSF is using grid size of 2880. The PSF will sum to 6.95167232825486
After setup_aper:	346.9 MiB.

[00;00mSetting up powfs 0 geom[00;00m

There are 24 points in each subaperture of 0.186m.
There are 2160 valid subaperture.

[00;00mSetting up powfs 1 geom[00;00m

There are 88 points in each subaperture of 5.5m.
There are 4 valid subaperture.

[00;00mSetting up powfs 2 geom[00;00m

There are 18 points in each subaperture of 0.563m.
There are 236 valid subaperture.
After setup_powfs_init:	441.5 MiB.

[00;00mSetting up reconstructor geometry.[00;00m

PLOC is 123x123, with sampling of 0.09m (square)
    DM 0: grid is 63 x 63
    DM 1: grid is 75 x 75
    DM 2: grid is 81 x 79
FLOC is 123x123, with sampling of 0.09m (not square)
Tomography grid is square:
    layer 0: xloc grid is 216 x 216, sampling is 0.093 m, 46656 points
    layer 1: xloc grid is 216 x 216, sampling is 0.093 m, 46656 points
    layer 2: xloc grid is 216 x 216, sampling is 0.093 m, 46656 points
    layer 3: xloc grid is 216 x 216, sampling is 0.093 m, 46656 points
    layer 4: xloc grid is 216 x 216, sampling is 0.093 m, 46656 points
    layer 5: xloc grid is 216 x 216, sampling is 0.093 m, 46656 points
    layer 6: xloc grid is 216 x 216, sampling is 0.093 m, 46656 points
    layer 7: xloc grid is 216 x 216, sampling is 0.093 m, 46656 points
    layer 8: xloc grid is 216 x 216, sampling is 0.093 m, 46656 points
    layer 9: xloc grid is 216 x 216, sampling is 0.092 m, 46656 points
    layer 10: xloc grid is 216 x 216, sampling is 0.088 m, 46656 points
    layer 11: xloc grid is 216 x 216, sampling is 0.084 m, 46656 points
    layer 12: xloc grid is 216 x 216, sampling is 0.080 m, 46656 points
    layer 13: xloc grid is 216 x 216, sampling is 0.072 m, 46656 points

[00;00mSetting up powfs 0 PO WFS[00;00m

OTF dimension is 48x48 (calculated)
There is no bias
Uplink FWHM (illt 0, iwvl 0) is 0.578423"
Downlink FWHM (illt 0, iwvl 0) is 1.19849"
Generating matched filter for powfs 0
sa index   location       noise equivalent angle
    1076: (  4.8,  -0.2) m, (107.20, 104.30) mas
    1070: (  3.7,  -0.2) m, (114.51, 105.49) mas
    1064: (  2.6,  -0.2) m, (126.83, 106.72) mas
    1058: (  1.5,  -0.2) m, (143.37, 107.77) mas
    1057: (  1.3,  -0.2) m, (145.72, 107.91) mas
     732: ( -0.6,  -1.5) m, (169.35, 112.11) mas
    1053: ( -1.7,  -0.2) m, (179.95, 110.22) mas
    1047: ( -2.8,  -0.2) m, (194.46, 111.10) mas
    1041: ( -3.9,  -0.2) m, (211.28, 111.98) mas
    1035: ( -5.0,  -0.2) m, (228.27, 112.89) mas
    1033: ( -5.4,  -0.2) m, (233.50, 113.17) mas
sa index   location       noise equivalent angle
    1854: (  3.7,   3.0) m, (107.65, 105.96) mas
    1726: (  3.3,   2.4) m, (109.34, 107.39) mas
    1591: (  2.6,   1.9) m, (117.38, 112.66) mas
    1335: (  1.3,   0.9) m, (129.56, 118.92) mas
    1289: (  1.1,   0.7) m, (132.39, 121.09) mas
    1287: ( -1.1,   0.7) m, (170.14, 127.96) mas
     826: ( -1.5,  -1.1) m, (164.41, 141.85) mas
     673: ( -2.2,  -1.7) m, (172.75, 148.66) mas
     571: ( -2.8,  -2.0) m, (181.74, 154.88) mas
     436: ( -3.5,  -2.6) m, (188.80, 159.94) mas
      60: ( -3.0,  -4.5) m, (181.20, 181.91) mas
sa index   location       noise equivalent angle
    2130: (  1.9,   4.5) m, (104.31, 107.34) mas
    1956: (  1.1,   3.5) m, (106.39, 113.66) mas
    1712: (  0.7,   2.4) m, (114.11, 133.17) mas
    1580: (  0.6,   1.9) m, (110.02, 133.39) mas
    1430: (  0.4,   1.3) m, (111.18, 141.56) mas
     873: (  0.9,  -0.9) m, (116.37, 176.21) mas
     732: ( -0.6,  -1.5) m, (118.50, 177.74) mas
     582: ( -0.7,  -2.0) m, (120.18, 184.07) mas
     323: ( -1.1,  -3.2) m, (124.18, 199.91) mas
     102: ( -1.5,  -4.3) m, (128.35, 216.84) mas
       8: ( -2.2,  -4.8) m, (141.49, 231.87) mas
sa index   location       noise equivalent angle
    2109: ( -2.0,   4.5) m, (104.31, 107.34) mas
    1943: ( -1.3,   3.5) m, (106.39, 113.66) mas
    1703: ( -0.9,   2.4) m, (116.48, 133.53) mas
    1573: ( -0.7,   1.9) m, (110.02, 133.39) mas
    1425: ( -0.6,   1.3) m, (111.18, 141.56) mas
     872: ( -1.1,  -0.9) m, (118.81, 179.54) mas
     737: (  0.4,  -1.5) m, (118.50, 177.74) mas
     589: (  0.6,  -2.0) m, (120.18, 184.07) mas
     334: (  0.9,  -3.2) m, (124.18, 199.91) mas
     117: (  1.3,  -4.3) m, (128.35, 216.84) mas
      21: (  2.0,  -4.8) m, (139.99, 229.62) mas
sa index   location       noise equivalent angle
    1813: ( -3.9,   3.0) m, (106.81, 105.06) mas
    1689: ( -3.5,   2.4) m, (109.34, 107.39) mas
    1562: ( -2.8,   1.9) m, (116.81, 112.27) mas
    1326: ( -1.5,   0.9) m, (129.56, 118.92) mas
    1286: ( -1.3,   0.7) m, (131.94, 120.68) mas
    1288: (  0.9,   0.7) m, (167.50, 125.82) mas
     834: (  1.3,  -1.1) m, (164.41, 141.85) mas
     696: (  2.0,  -1.7) m, (172.75, 148.66) mas
     600: (  2.6,  -2.0) m, (182.43, 155.42) mas
     473: (  3.3,  -2.6) m, (188.80, 159.94) mas
      91: (  2.8,  -4.5) m, (181.20, 181.91) mas
sa index   location       noise equivalent angle
    1035: ( -5.0,  -0.2) m, (107.20, 104.30) mas
    1041: ( -3.9,  -0.2) m, (114.51, 105.49) mas
    1047: ( -2.8,  -0.2) m, (126.83, 106.72) mas
    1053: ( -1.7,  -0.2) m, (143.37, 107.77) mas
    1054: ( -1.5,  -0.2) m, (145.72, 107.91) mas
     737: (  0.4,  -1.5) m, (169.35, 112.11) mas
    1058: (  1.5,  -0.2) m, (179.95, 110.22) mas
    1064: (  2.6,  -0.2) m, (194.46, 111.10) mas
    1070: (  3.7,  -0.2) m, (211.28, 111.98) mas
    1076: (  4.8,  -0.2) m, (228.27, 112.89) mas
    1078: (  5.2,  -0.2) m, (233.50, 113.17) mas
sa index   location       noise equivalent angle
     308: ( -3.9,  -3.2) m, (106.79, 105.04) mas
     436: ( -3.5,  -2.6) m, (109.34, 107.39) mas
     571: ( -2.8,  -2.0) m, (116.09, 111.93) mas
     826: ( -1.5,  -1.1) m, (129.56, 118.92) mas
     871: ( -1.3,  -0.9) m, (132.67, 121.41) mas
     873: (  0.9,  -0.9) m, (169.66, 127.58) mas
    1335: (  1.3,   0.9) m, (164.41, 141.85) mas
    1489: (  2.0,   1.5) m, (172.75, 148.66) mas
    1591: (  2.6,   1.9) m, (183.61, 156.33) mas
    1726: (  3.3,   2.4) m, (188.80, 159.94) mas
    2101: (  2.8,   4.3) m, (181.20, 181.91) mas
sa index   location       noise equivalent angle
      31: ( -2.0,  -4.7) m, (104.31, 107.34) mas
     205: ( -1.3,  -3.7) m, (106.39, 113.66) mas
     450: ( -0.9,  -2.6) m, (116.48, 133.53) mas
     582: ( -0.7,  -2.0) m, (110.02, 133.39) mas
     732: ( -0.6,  -1.5) m, (111.18, 141.56) mas
    1287: ( -1.1,   0.7) m, (116.71, 176.61) mas
    1430: (  0.4,   1.3) m, (118.50, 177.74) mas
    1580: (  0.6,   1.9) m, (120.18, 184.07) mas
    1839: (  0.9,   3.0) m, (124.18, 199.91) mas
    2059: (  1.3,   4.1) m, (128.35, 216.84) mas
    2152: (  2.0,   4.7) m, (142.93, 233.96) mas
sa index   location       noise equivalent angle
      52: (  1.9,  -4.7) m, (104.31, 107.34) mas
     218: (  1.1,  -3.7) m, (106.39, 113.66) mas
     459: (  0.7,  -2.6) m, (114.11, 133.17) mas
     589: (  0.6,  -2.0) m, (110.02, 133.39) mas
     737: (  0.4,  -1.5) m, (111.18, 141.56) mas
    1288: (  0.9,   0.7) m, (114.77, 173.98) mas
    1425: ( -0.6,   1.3) m, (118.50, 177.74) mas
    1573: ( -0.7,   1.9) m, (120.18, 184.07) mas
    1828: ( -1.1,   3.0) m, (124.18, 199.91) mas
    2044: ( -1.5,   4.1) m, (128.35, 216.84) mas
    2140: ( -2.2,   4.7) m, (144.98, 237.01) mas
sa index   location       noise equivalent angle
     349: (  3.7,  -3.2) m, (107.52, 105.83) mas
     473: (  3.3,  -2.6) m, (109.34, 107.39) mas
     600: (  2.6,  -2.0) m, (116.58, 112.21) mas
     834: (  1.3,  -1.1) m, (129.56, 118.92) mas
     874: (  1.1,  -0.9) m, (133.50, 122.14) mas
     872: ( -1.1,  -0.9) m, (172.99, 130.28) mas
    1326: ( -1.5,   0.9) m, (164.41, 141.85) mas
    1466: ( -2.2,   1.5) m, (172.75, 148.66) mas
    1562: ( -2.8,   1.9) m, (182.87, 155.64) mas
    1689: ( -3.5,   2.4) m, (188.80, 159.94) mas
    2070: ( -3.0,   4.3) m, (181.20, 181.91) mas

[00;00mSetting up powfs 2 PO WFS[00;00m

OTF dimension is 48x48 (calculated)
Generating matched filter for powfs 2
Use sanea to derive neasim
Use sanea to derive neasim

[00;00mSetting up reconstructor[00;00m

Recon NEA: cmf(146.64) cmf(146.91) cmf(146.58) cmf(146.55) cmf(146.83) cmf(146.56) cmf(146.78) cmf(146.45) cmf(146.48) cmf(146.84) geom(0.31) geom(0.31) geom(0.31) mf(0.14)  mas
Setup or update control matrix parameters.
RRtwfs svd threshold is 1e-10
Replacing HA by HA*fit->actextrap
Adding piston cr to fit matrix
Adding TT cr on upper DMs to fit matrix.
Before assembling fit matrix:	4360.1 MiB.
Building fit->FR
Building fit->FL
Adding tikhonov constraint of 1.0e-07 to FLM
The maximum eigen value is estimated to be around 3.1e-04
DM Fit number of Low rank terms: 16 in LHS
After assemble fit matrix:	5663.5 MiB.
After setup_recon:	5663.5 MiB.
GPU 0: mem used 1894 MB (wfs init)
GPU 0: mem used 2680 MB (recon init)
GPU 0: mem used 2710 MB (perf init)

*** Simulation started at 2025/02/12 00:38:22 in nid008213. ***

Running seed 1
GPU 0: mem used 2710 MB (wfs seeding)
Wind dir: 267.3 261.7 167.0 130.5 300.7  32.3 119.8 139.0 150.8 277.7 203.0 133.1  45.9 265.1 deg
Using /global/homes/b/bpeck/.aos/cache/atm/vonkarman_14_8192x8192_0.0078125_1115374592d.bin
After genatm:	5599.5 MiB.
Step     #  Open Loop  PR TT  On axis  PR TT  Field RMS PR TT     Timing 
Step     0: OL  884.6  248.3  OA  884.6 248.3 CL  884.6 248.3 nm  0.316 s
Step    16: OL  909.7  254.4  OA   99.8  22.7 CL   99.8  22.7 nm  0.056 s
Step    32: OL  935.1  259.1  OA   94.5   6.4 CL   94.5   6.4 nm  0.066 s
Step    48: OL  959.2  261.1  OA   99.0  13.3 CL   99.0  13.3 nm  0.063 s
Step    64: OL  982.9  260.4  OA  100.1  19.0 CL  100.1  19.0 nm  0.063 s
Step    80: OL 1007.1  258.6  OA   96.2   5.7 CL   96.2   5.7 nm  0.066 s
Step    96: OL 1031.5  257.5  OA   98.3   2.4 CL   98.3   2.4 nm  0.064 s
Step   112: OL 1055.9  257.6  OA   95.4  11.7 CL   95.4  11.7 nm  0.064 s
Step   128: OL 1079.3  259.7  OA   93.3   4.1 CL   93.3   4.1 nm  0.070 s
Step   144: OL 1101.0  264.7  OA   95.9   8.2 CL   95.9   8.2 nm  0.064 s
Step   157: OL 1116.5  270.4  OA   99.1   8.6 CL   99.1   8.6 nm  0.063 s
Step   172: OL 1131.9  278.9  OA  101.7  15.5 CL  101.7  15.5 nm  0.064 s
Step   187: OL 1143.7  288.3  OA   97.9   8.3 CL   97.9   8.3 nm  0.064 s
Step   203: OL 1152.6  298.7  OA  100.0  23.4 CL  100.0  23.4 nm  0.064 s
Step   216: OL 1157.7  306.9  OA   93.8  12.1 CL   93.8  12.1 nm  0.065 s
Step   232: OL 1160.5  317.3  OA   91.7   9.1 CL   91.7   9.1 nm  0.071 s
Step   248: OL 1159.4  328.4  OA   94.7   9.8 CL   94.7   9.8 nm  0.065 s
Step   255 updated high order loop gain: 0.373
Step   264: OL 1152.6  339.9  OA   91.7   7.3 CL   91.7   7.3 nm  0.063 s
Step   280: OL 1140.5  351.5  OA   93.4  18.0 CL   93.4  18.0 nm  0.062 s
Step   295: OL 1125.9  363.6  OA   92.5   4.5 CL   92.5   4.5 nm  0.065 s
Step   311: OL 1108.4  378.1  OA   91.2   8.8 CL   91.2   8.8 nm  0.071 s
Step   327: OL 1088.4  393.8  OA   94.6   7.7 CL   94.6   7.7 nm  0.063 s
Step   343: OL 1068.1  412.1  OA   93.4  18.9 CL   93.4  18.9 nm  0.065 s
Step   359: OL 1048.0  433.0  OA   92.8   5.2 CL   92.8   5.2 nm  0.062 s
Step   375: OL 1029.2  455.7  OA   97.4   7.9 CL   97.4   7.9 nm  0.063 s
Step   391: OL 1011.7  478.9  OA   95.7   5.7 CL   95.7   5.7 nm  0.063 s
Step   407: OL  994.8  501.8  OA   94.2  14.2 CL   94.2  14.2 nm  0.071 s
Step   423: OL  977.2  523.6  OA   93.8   3.5 CL   93.8   3.5 nm  0.065 s
Step   439: OL  959.6  544.8  OA   96.3  13.4 CL   96.3  13.4 nm  0.073 s
Step   454: OL  945.1  564.3  OA   97.4  18.6 CL   97.4  18.6 nm  0.065 s
Step   468: OL  935.2  582.6  OA   96.1  20.6 CL   96.1  20.6 nm  0.064 s
Step   484: OL  929.0  603.0  OA   95.4  12.9 CL   95.4  12.9 nm  0.069 s
Step   500: OL  928.6  622.1  OA   97.3   7.2 CL   97.3   7.2 nm  0.066 s
Step   511 updated high order loop gain: 0.347
Step   516: OL  931.7  639.2  OA   97.6  10.2 CL   97.6  10.2 nm  0.065 s
Step   532: OL  937.5  652.9  OA   97.7  12.8 CL   97.7  12.8 nm  0.064 s
Step   548: OL  946.4  662.3  OA   96.8   5.4 CL   96.8   5.4 nm  0.063 s
Step   563: OL  957.8  667.7  OA   95.7  13.6 CL   95.7  13.6 nm  0.066 s
Step   579: OL  972.4  670.4  OA   92.9   8.2 CL   92.9   8.2 nm  0.065 s
Step   595: OL  989.5  670.0  OA   94.1   2.4 CL   94.1   2.4 nm  0.063 s
Step   611: OL 1007.7  665.3  OA   92.4   5.5 CL   92.4   5.5 nm  0.071 s
Step   626: OL 1025.1  657.4  OA   92.7   8.2 CL   92.7   8.2 nm  0.064 s
Step   642: OL 1042.9  645.5  OA   96.7  11.1 CL   96.7  11.1 nm  0.064 s
Step   658: OL 1058.7  631.1  OA   95.1   5.7 CL   95.1   5.7 nm  0.072 s
Step   674: OL 1072.9  614.8  OA  100.3  16.1 CL  100.3  16.1 nm  0.064 s
Step   687: OL 1083.8  601.2  OA   97.8   8.0 CL   97.8   8.0 nm  0.070 s
Step   703: OL 1095.0  583.4  OA   96.3   4.6 CL   96.3   4.6 nm  0.064 s
Step   719: OL 1102.6  563.9  OA   95.0   9.3 CL   95.0   9.3 nm  0.066 s
Step   734: OL 1105.8  545.4  OA  100.6  19.2 CL  100.6  19.2 nm  0.083 s
Step   750: OL 1104.6  525.7  OA   96.1   9.8 CL   96.1   9.8 nm  0.064 s
Step   766: OL 1099.1  506.9  OA   96.7   6.1 CL   96.7   6.1 nm  0.070 s
Step   767 updated high order loop gain: 0.335
Step   781: OL 1090.1  489.9  OA   94.0   4.8 CL   94.0   4.8 nm  0.063 s
Step   797: OL 1075.5  472.0  OA   98.5  13.2 CL   98.5  13.2 nm  0.064 s
Step   813: OL 1057.4  454.1  OA   96.2   9.6 CL   96.2   9.6 nm  0.071 s
Step   829: OL 1035.7  436.4  OA   96.8   1.9 CL   96.8   1.9 nm  0.063 s
Step   845: OL 1011.4  419.6  OA   94.8   7.0 CL   94.8   7.0 nm  0.065 s
Step   861: OL  986.0  404.2  OA   97.4   7.4 CL   97.4   7.4 nm  0.065 s
Step   877: OL  961.3  390.8  OA   97.2   7.9 CL   97.2   7.9 nm  0.064 s
Step   893: OL  937.5  379.5  OA   95.4   7.3 CL   95.4   7.3 nm  0.063 s
Step   908: OL  913.9  370.4  OA   96.4  18.6 CL   96.4  18.6 nm  0.064 s
Step   924: OL  888.0  362.5  OA   96.0  14.3 CL   96.0  14.3 nm  0.062 s
Step   940: OL  862.8  354.9  OA   95.4   3.3 CL   95.4   3.3 nm  0.063 s
Step   956: OL  839.1  347.1  OA   95.6   8.9 CL   95.6   8.9 nm  0.070 s
Step   972: OL  818.6  338.2  OA   99.1  14.7 CL   99.1  14.7 nm  0.064 s
Step   988: OL  801.5  328.1  OA   99.5  18.6 CL   99.5  18.6 nm  0.064 s
Step  1004: OL  786.3  316.7  OA   97.3   3.5 CL   97.3   3.5 nm  0.062 s
Step  1020: OL  773.3  304.5  OA  101.9  17.6 CL  101.9  17.6 nm  0.070 s
Step  1023 updated high order loop gain: 0.330
Step  1036: OL  762.9  291.7  OA   96.4   2.2 CL   96.4   2.2 nm  0.064 s
Step  1052: OL  753.9  277.7  OA   94.9   8.1 CL   94.9   8.1 nm  0.065 s
Step  1067: OL  746.0  262.9  OA   94.5   6.5 CL   94.5   6.5 nm  0.063 s
Step  1083: OL  740.4  244.8  OA   95.6  10.0 CL   95.6  10.0 nm  0.070 s
Step  1099: OL  738.2  226.5  OA   94.2  15.4 CL   94.2  15.4 nm  0.064 s
Step  1115: OL  737.9  210.2  OA   95.7  19.2 CL   95.7  19.2 nm  0.064 s
Step  1131: OL  738.6  196.2  OA   94.2  15.5 CL   94.2  15.5 nm  0.062 s
Step  1147: OL  739.8  185.2  OA   96.1  15.3 CL   96.1  15.3 nm  0.071 s
Step  1163: OL  741.0  177.0  OA   95.8  16.5 CL   95.8  16.5 nm  0.064 s
Step  1179: OL  742.3  171.8  OA   97.5  19.3 CL   97.5  19.3 nm  0.067 s
Step  1194: OL  745.0  168.4  OA  100.0  29.0 CL  100.0  29.0 nm  0.064 s
Step  1207: OL  747.6  166.0  OA   96.4  17.8 CL   96.4  17.8 nm  0.072 s
Step  1223: OL  750.8  163.9  OA   94.1  17.0 CL   94.1  17.0 nm  0.064 s
Step  1239: OL  752.9  164.3  OA   94.8  16.8 CL   94.8  16.8 nm  0.070 s
Step  1255: OL  754.3  167.8  OA   95.6  23.8 CL   95.6  23.8 nm  0.062 s
Step  1271: OL  756.7  174.5  OA   96.4  22.6 CL   96.4  22.6 nm  0.068 s
Step  1279 updated high order loop gain: 0.325
Step  1287: OL  760.4  183.5  OA   98.0  29.2 CL   98.0  29.2 nm  0.064 s
Step  1303: OL  765.0  194.0  OA   99.2  31.1 CL   99.2  31.1 nm  0.065 s
Step  1319: OL  769.3  206.2  OA   95.9  13.2 CL   95.9  13.2 nm  0.066 s
Step  1335: OL  774.6  219.8  OA   95.4   9.6 CL   95.4   9.6 nm  0.065 s
Step  1351: OL  782.3  234.4  OA   95.3  15.6 CL   95.3  15.6 nm  0.063 s
Step  1366: OL  792.1  247.0  OA   94.4  16.2 CL   94.4  16.2 nm  0.068 s
Step  1382: OL  804.1  257.6  OA   98.6  19.8 CL   98.6  19.8 nm  0.065 s
Step  1398: OL  817.8  265.6  OA   98.3  25.2 CL   98.3  25.2 nm  0.064 s
Step  1414: OL  833.8  271.0  OA   97.0  16.7 CL   97.0  16.7 nm  0.070 s
Step  1430: OL  850.7  274.9  OA   95.2   8.8 CL   95.2   8.8 nm  0.063 s
Step  1446: OL  866.8  277.9  OA   94.8   1.1 CL   94.8   1.1 nm  0.076 s
Step  1462: OL  881.6  279.4  OA   94.8  18.1 CL   94.8  18.1 nm  0.064 s
Step  1477: OL  892.2  278.6  OA   90.4  10.9 CL   90.4  10.9 nm  0.065 s
Step  1493: OL  898.3  275.2  OA   92.2   9.2 CL   92.2   9.2 nm  0.072 s
Step  1509: OL  899.1  269.1  OA   91.1   9.2 CL   91.1   9.2 nm  0.062 s
Step  1520: OL  897.6  264.0  OA   92.4   9.1 CL   92.4   9.1 nm  0.063 s
Step  1535: OL  892.7  255.6  OA   96.6  16.6 CL   96.6  16.6 nm  0.066 s
Step  1535 updated high order loop gain: 0.322
Step  1551: OL  885.0  245.2  OA   95.9   2.9 CL   95.9   2.9 nm  0.062 s
Step  1567: OL  876.3  234.9  OA   96.0   4.3 CL   96.0   4.3 nm  0.062 s
Step  1583: OL  866.5  226.1  OA   95.7   3.3 CL   95.7   3.3 nm  0.069 s
Step 1599: Output PSF
Step  1599: OL  855.9  219.2  OA   99.9  14.8 CL   99.9  14.8 nm  5.436 s
Mean: 96.14 14.72 95.00  nm.

*** Simulation Finished at 2025/02/12 00:40:24 in nid008213. ***

