Warning(sock.c:516): connect locally (/global/homes/b/bpeck/.aos/tmp/nid008652/scheduler) failed: Invalid argument. 
/global/u2/b/bpeck/work/vismcao/maos -o studies/reduced_ngs/6_lgs/8mag_lgs/4000count -c master_files/reduced_ngs/6_lgs/8mag_lgs/kola_4000act.conf -O 
Output folder is 'studies/reduced_ngs/6_lgs/8mag_lgs/4000count'.
SRC: /global/homes/b/bpeck/code/maos v2.9 4c88b7c2 2024-11-13 16:45:33 -0800
BUILT: /global/homes/b/bpeck/code/maos/optim by GCC (v12) on 2024/11/18 09:40:03 CPU(F64,+O3) with CUDA(v122,F32)
Launched at 2025/02/12 00:26:32 in nid008652 with PID 777967.
The web based job monitor can be accessed at http://localhost:10300
Main config file is /global/u2/b/bpeck/work/vismcao/master_files/reduced_ngs/6_lgs/8mag_lgs/kola_4000act.conf
Warning(path.c:48): Path not found: path=/global/u2/b/bpeck/work/vismcao/master_files/reduced_ngs/6_lgs/8mag_lgs/bin; abspath=/global/u2/b/bpeck/work/vismcao/master_files/reduced_ngs/6_lgs/8mag_lgs/bin; Ignored.
Warning(path.c:48): Path not found: path=/global/u2/b/bpeck/work/vismcao/master_files/reduced_ngs/6_lgs/8mag_lgs/atm; abspath=/global/u2/b/bpeck/work/vismcao/master_files/reduced_ngs/6_lgs/8mag_lgs/atm; Ignored.
Warning(readcfg.c:399): sim.apfsm has been renamed to powfs.apfsm.
Warning(readcfg.c:399): sim.epfsm has been renamed to powfs.epfsm.
Warning(readcfg.c:399): sim.alfsm has been renamed to powfs.alfsm.
Warning(readcfg.c:399): sim.commonfsm has been renamed to powfs.commonfsm.
Warning(readcfg.c:399): sim.idealfsm has been renamed to powfs.idealfsm.
Warning(readcfg.c:399): sim.zetafsm has been renamed to powfs.zetafsm.
Warning(readcfg.c:399): sim.f0fsm has been renamed to powfs.f0fsm.
Warning(readcfg.c:399): tsurf has been renamed to ncpa.tsurf.
loaded 132 (132 new) records from '/global/u2/b/bpeck/work/vismcao/./keck_sim.conf'
loaded  19 ( 19 new) records from '/global/u2/b/bpeck/work/vismcao/./dm_none.conf'
loaded  19 (  0 new) records from '/global/u2/b/bpeck/work/vismcao/./keck_ASM.conf'
loaded  19 (  0 new) records from '/global/u2/b/bpeck/work/vismcao/./keck_DM2.conf'
loaded  19 (  0 new) records from '/global/u2/b/bpeck/work/vismcao/./keck_DM3.conf'
loaded   0 (  0 new) records from '/global/u2/b/bpeck/work/vismcao/./keck_dm_multiple.conf'
loaded   7 (  5 new) records from '/global/u2/b/bpeck/work/vismcao/./atm_mk13n50p_ground_detail.conf'
loaded  76 ( 69 new) records from '/global/homes/b/bpeck/code/maos/config/maos/powfs_common.conf'
loaded  44 ( 38 new) records from '/global/u2/b/bpeck/work/vismcao/./powfs_none.conf'
loaded  44 (  0 new) records from '/global/u2/b/bpeck/work/vismcao/./keck_shwfs_lgs.conf'
loaded  44 (  0 new) records from '/global/u2/b/bpeck/work/vismcao/./keck_shwfs_ttf_strap.conf'
loaded  44 (  0 new) records from '/global/u2/b/bpeck/work/vismcao/./keck_shwfs_twfs_lbwfs.conf'
loaded   0 (  0 new) records from '/global/u2/b/bpeck/work/vismcao/./keck_wfs_lgs_strap_lbwfs.conf'
loaded  71 ( 71 new) records from '/global/u2/b/bpeck/work/vismcao/./keck_recon.conf'
Warning(readcfg.c:399): dbg.na_smooth has been renamed to powfs0_llt.na_smooth.
Warning(readcfg.c:399): dbg.na_interp has been renamed to powfs0_llt.na_interp.
Warning(readcfg.c:399): dbg.na_thres has been renamed to powfs0_llt.na_thres.
Warning(readcfg.c:399): dbg.na_fit_maxit has been renamed to powfs0_llt.na_fit_maxit.
Warning(readcfg.c:399): dbg.na_fit_svdthres has been renamed to powfs0_llt.na_fit_svdthres.
Warning(readcfg.c:399): dbg.na_fit_dh has been renamed to powfs0_llt.na_fit_dh.
Warning(readcfg.c:399): dbg.ncpa_preload has been renamed to ncpa.preload.
Warning(readcfg.c:399): dbg.ncpa_rmsci has been renamed to ncpa.rmsci.
Warning(readcfg.c:399): dbg.draw_opdmax has been renamed to plot.opdmax.
Warning(readcfg.c:399): dbg.draw_gmax has been renamed to plot.gmax.
loaded  95 ( 93 new) records from '/global/u2/b/bpeck/work/vismcao/./keck_dbg.conf'
loaded   4 (  4 new) records from '/global/u2/b/bpeck/work/vismcao/./keck_fit_mcao.conf'
Warning(readcfg.c:399): surf has been renamed to ncpa.surf.
loaded  39 (  7 new) records from '/global/u2/b/bpeck/work/vismcao/master_files/reduced_ngs/6_lgs/8mag_lgs/kola_4000act.conf'
loaded   0 (  0 new) records from 'command line'
loaded  24 ( 18 new) records from '/global/u2/b/bpeck/work/vismcao/./keck_llt_CL.conf'
Adjust LGS range by telescope altitude 4145m.
Zenith angle is 30 degree.
    Scaling turbulence height and LGS hs by sec(za).
    Scaling r0 by cos(za)^(3/5).
    Scaling wind speed and LGS signal level by cos(za).
powfs0: Adjusting dx from 0.0078125 to 0.0077. 
powfs0.llt.fsm: f0=0 Hz, LPF ep=0
powfs0.epfsm is set to 0.517618 (auto)
powfs2: Adjusting dx from 0.03125 to 0.0312778. 
powfs2 is TWFS for powfs0
sim.ephi is set to 0.427717 (auto)
sim.eplo is set to 0.427717 (auto)
Warning(parms.c:2296): Layer 1 at 17.3205m is very close to layer 0 at 0m (OK).
Warning(parms.c:2296): Layer 2 at 34.641m is very close to layer 1 at 17.3205m (OK).
Warning(parms.c:2296): Layer 3 at 51.9615m is very close to layer 2 at 34.641m (OK).
dm 0: stroke=30 um is provided in micron.
dm 0: assume ia stroke=2 um is provided in micron.
dm 1: stroke=7 um is provided in micron.
dm 1: assume ia stroke=2 um is provided in micron.
dm 2: stroke=7 um is provided in micron.
dm 2: assume ia stroke=2 um is provided in micron.
Focus blending is not implemented yet for integrated tomography
parms->sim.mffocus is reset to 0
There are 1 valid simulation seeds:  1
Output PSF for 1 directions
Used 449 of 456 supplied keys
Warning(readcfg.c:158): key "dbg.pwfs_flate" is not recognized, value is 0
Warning(readcfg.c:158): key "dbg.pwfs_flatv" is not recognized, value is 0
Warning(readcfg.c:158): key "dbg.pwfs_psx" is not recognized, value is [0 0 0 0]
Warning(readcfg.c:158): key "dbg.pwfs_psy" is not recognized, value is [0 0 0 0]
Warning(readcfg.c:158): key "dbg.pwfs_pupelong" is not recognized, value is 0
Warning(readcfg.c:158): key "dbg.pwfs_raw" is not recognized, value is 0
Warning(readcfg.c:158): key "dbg.pwfs_side" is not recognized, value is 4
[00;00mAperture[00;00m is 11 m with sampling 1/128 m
[00;00mTurbulence at 30 degree zenith angle:[00;00m r0=0.128424m, L0=30m, 14 layers.
    Greenwood freq is 25.1Hz, anisoplanatic angle is 1.58 as
    Sampled 8192x8192 at 1/128m. wind dir is randomized.
    layer 0: ht=      0 m, wt= 0.302, ws=  4.8 m/s
    layer 1: ht=     17 m, wt= 0.154, ws=  5.0 m/s
    layer 2: ht=     35 m, wt= 0.041, ws=  5.4 m/s
    layer 3: ht=     52 m, wt= 0.002, ws=  6.6 m/s
    layer 4: ht=    139 m, wt= 0.021, ws=  6.1 m/s
    layer 5: ht=    231 m, wt= 0.010, ws=  6.1 m/s
    layer 6: ht=    323 m, wt= 0.008, ws=  6.1 m/s
    layer 7: ht=    416 m, wt= 0.005, ws=  6.1 m/s
    layer 8: ht=    508 m, wt= 0.001, ws=  6.1 m/s
    layer 9: ht=    932 m, wt= 0.107, ws=  5.6 m/s
    layer 10: ht=   5022 m, wt= 0.144, ws= 11.1 m/s
    layer 11: ht=   9238 m, wt= 0.093, ws= 19.1 m/s
    layer 12: ht=  13856 m, wt= 0.075, ws=  8.2 m/s
    layer 13: ht=  22518 m, wt= 0.036, ws=  4.8 m/s
[00;00mReconstruction[00;00m: r0=0.128424m L0=30m. 14 layers. use cone coordinate.
    layer 0: ht=      0 m, wt= 0.302
    layer 1: ht=     17 m, wt= 0.154
    layer 2: ht=     35 m, wt= 0.041
    layer 3: ht=     52 m, wt= 0.002
    layer 4: ht=    139 m, wt= 0.021
    layer 5: ht=    231 m, wt= 0.010
    layer 6: ht=    323 m, wt= 0.008
    layer 7: ht=    416 m, wt= 0.005
    layer 8: ht=    508 m, wt= 0.001
    layer 9: ht=    932 m, wt= 0.107
    layer 10: ht=   5022 m, wt= 0.144
    layer 11: ht=   9238 m, wt= 0.093
    layer 12: ht=  13856 m, wt= 0.075
    layer 13: ht=  22518 m, wt= 0.036
[00;00mThere are 3 powfs[00;00m
  powfs0: Order 72, LGS at 99.1 km. Sampling 1/129.87 m. Thres 30%. [00;00mT/T is removed in right hand side in tomography.[00;00m
    CCD image is 25x25 @ 500x500 mas, blur 27% (sigma), 1500Hz, wvl: [ 5.89e-07]
    Gtilt in reconstruction. Physical optics start at 0 with [00;00m'matched filter'[00;00m [00;00m(noisy)[00;00m
  powfs1: Order  2, NGS at inf km. Sampling 1/16 m. Thres 30%. 
    Ztilt in reconstruction. Geomtric optics start at 2 with ztilt [00;00m(noisy)[00;00m
  powfs2: Order 20, NGS at inf km. Sampling 1/31.9716 m. Thres 50%. 
    CCD image is 4x4 @ 1500x1500 mas, blur 0% (sigma), 0.015Hz, wvl: [ 7.2e-07]
    Gtilt in reconstruction. Geomtric optics start at 50 with gtilt Physical optics start at 0 with [00;00m'matched filter'[00;00m [00;00m(noisy)[00;00m
[00;00mThere are 10 wfs[00;00m
    wfs 0: type 0, at (  30.00,    0.00) arcsec,  99 km, siglev is 28.4359 bkgrnd is 0.1
    wfs 1: type 0, at (  15.00,   25.98) arcsec,  99 km, siglev is 28.4359 bkgrnd is 0.1
    wfs 2: type 0, at ( -15.00,   25.98) arcsec,  99 km, siglev is 28.4359 bkgrnd is 0.1
    wfs 3: type 0, at ( -30.00,    0.00) arcsec,  99 km, siglev is 28.4359 bkgrnd is 0.1
    wfs 4: type 0, at ( -15.00,  -25.98) arcsec,  99 km, siglev is 28.4359 bkgrnd is 0.1
    wfs 5: type 0, at (  15.00,  -25.98) arcsec,  99 km, siglev is 28.4359 bkgrnd is 0.1
    wfs 6: type 1, at (   5.00,    8.66) arcsec, inf km, siglev is 42387.6 bkgrnd is 1.056
    wfs 7: type 1, at ( -10.00,    0.00) arcsec, inf km, siglev is 42387.6 bkgrnd is 1.056
    wfs 8: type 1, at (   5.00,   -8.66) arcsec, inf km, siglev is 42387.6 bkgrnd is 1.056
    wfs 9: type 2, at (   0.00,    0.00) arcsec, inf km, siglev is 4.1558e+06 bkgrnd is 0.001
[00;00mThere are 3 DMs[00;00m
  DM 0 at -0.1km, actuator pitch 0.154m, offset   0, with 30.000000 micron stroke.
    Normalized cubic influence function with inter-actuator coupling of 0.223
  DM 1 at    6km, actuator pitch 0.168m, offset   0, with 7.000000 micron stroke.
    Normalized cubic influence function with inter-actuator coupling of 0.223
  DM 2 at   10km, actuator pitch 0.168m, offset   0, with 7.000000 micron stroke.
    Normalized cubic influence function with inter-actuator coupling of 0.223
[00;00mTomography[00;00m is using CG, with [00;00mFourer Domain[00;00m preconditioner, [00;00m12[00;00m iterations, integrated tomo.
[00;00mDM Fitting [00;00mis using CG, with [00;00mNo[00;00m preconditioner, [00;00m10[00;00m iterations
[00;00mThere are 9 fit directions[00;00m
    Fit 0: weight is 0.444, at (   0.00,    0.00) arcsec
    Fit 1: weight is 0.111, at (  15.00,    0.00) arcsec
    Fit 2: weight is 0.111, at (   0.00,   15.00) arcsec
    Fit 3: weight is 0.111, at ( -15.00,    0.00) arcsec
    Fit 4: weight is 0.111, at (   0.00,  -15.00) arcsec
    Fit 5: weight is 0.028, at (  15.00,   15.00) arcsec
    Fit 6: weight is 0.028, at ( -15.00,   15.00) arcsec
    Fit 7: weight is 0.028, at ( -15.00,  -15.00) arcsec
    Fit 8: weight is 0.028, at (  15.00,  -15.00) arcsec
[00;00mThere are 1 evaluation directions[00;00m at sampling 1/128 m.
    Evl 0: weight is 1.000, at (   0.00,    0.00) arcsec
[00;00mSimulation[00;00m start at step 0, end at step 1600, with time step 1/1500s, [00;00mclose loop[00;00m.
After setup_parms:	120.5 MiB.
Warning(sock.c:516): connect locally (/global/homes/b/bpeck/.aos/tmp/nid008652/scheduler) failed: Invalid argument. 
CUDA: minimum memory requirement is 0.3GB
GPU 0 is NVIDIA A100-SXM4-80GB with arch 8.0, 78.6GB free, 79.0GB total device memory.
Using GPU 0
Use 1 GPUs for WFS Tomo Fit Evl

*** Preparation started at 2025/02/12 00:26:33 in nid008652. ***

Using OpenMP version 201511 with 128 threads
Reading aperture amplitude map from KECK.fits
Warning(accphi.c:477): 108427 points not covered by input screen
Warning(sock.c:516): connect locally (/global/homes/b/bpeck/.aos/tmp/nid008652/scheduler) failed: Invalid argument. 
 ->maos.c:447->setup.c:148->aper.c:74->utils.c:478->accphi.c:478
iwvl 0: Science PSF is using grid size of 2880. The PSF will sum to 6.95167232825486
iwvl 1: Science PSF is using grid size of 2880. The PSF will sum to 6.95167232825486
iwvl 2: Science PSF is using grid size of 2880. The PSF will sum to 6.95167232825486
iwvl 3: Science PSF is using grid size of 2880. The PSF will sum to 6.95167232825486
iwvl 4: Science PSF is using grid size of 2880. The PSF will sum to 6.95167232825486
iwvl 5: Science PSF is using grid size of 2880. The PSF will sum to 6.95167232825486
iwvl 6: Science PSF is using grid size of 2880. The PSF will sum to 6.95167232825486
iwvl 7: Science PSF is using grid size of 2880. The PSF will sum to 6.95167232825486
iwvl 8: Science PSF is using grid size of 2880. The PSF will sum to 6.95167232825486
After setup_aper:	344.8 MiB.

[00;00mSetting up powfs 0 geom[00;00m

There are 20 points in each subaperture of 0.154m.
There are 3162 valid subaperture.

[00;00mSetting up powfs 1 geom[00;00m

There are 88 points in each subaperture of 5.5m.
There are 4 valid subaperture.

[00;00mSetting up powfs 2 geom[00;00m

There are 18 points in each subaperture of 0.563m.
There are 236 valid subaperture.
After setup_powfs_init:	441.4 MiB.

[00;00mSetting up reconstructor geometry.[00;00m

PLOC is 147x147, with sampling of 0.08m (square)
    DM 0: grid is 75 x 75
    DM 1: grid is 75 x 75
    DM 2: grid is 81 x 79
FLOC is 147x147, with sampling of 0.08m (not square)
Tomography grid is square:
    layer 0: xloc grid is 256 x 256, sampling is 0.077 m, 65536 points
    layer 1: xloc grid is 256 x 256, sampling is 0.077 m, 65536 points
    layer 2: xloc grid is 256 x 256, sampling is 0.077 m, 65536 points
    layer 3: xloc grid is 256 x 256, sampling is 0.077 m, 65536 points
    layer 4: xloc grid is 256 x 256, sampling is 0.077 m, 65536 points
    layer 5: xloc grid is 256 x 256, sampling is 0.077 m, 65536 points
    layer 6: xloc grid is 256 x 256, sampling is 0.077 m, 65536 points
    layer 7: xloc grid is 256 x 256, sampling is 0.077 m, 65536 points
    layer 8: xloc grid is 256 x 256, sampling is 0.077 m, 65536 points
    layer 9: xloc grid is 256 x 256, sampling is 0.076 m, 65536 points
    layer 10: xloc grid is 256 x 256, sampling is 0.073 m, 65536 points
    layer 11: xloc grid is 256 x 256, sampling is 0.070 m, 65536 points
    layer 12: xloc grid is 256 x 256, sampling is 0.066 m, 65536 points
Warning(map.c:195): ninx=256 is too small. need 257
Warning(map.c:200): niny=256 is too small. need 257
    layer 13: xloc grid is 256 x 256, sampling is 0.060 m, 65536 points

[00;00mSetting up powfs 0 PO WFS[00;00m

OTF dimension is 40x40 (calculated)
There is no bias
Uplink FWHM (illt 0, iwvl 0) is 0.580135"
Downlink FWHM (illt 0, iwvl 0) is 1.31876"
Generating matched filter for powfs 0
sa index   location       noise equivalent angle
    1577: (  4.9,  -0.2) m, (144.86, 140.48) mas
    1569: (  3.7,  -0.2) m, (154.59, 142.40) mas
    1562: (  2.6,  -0.2) m, (165.77, 144.60) mas
    1555: (  1.5,  -0.2) m, (178.53, 146.97) mas
    1553: (  1.2,  -0.2) m, (181.66, 147.53) mas
    1109: ( -0.5,  -1.4) m, (209.06, 154.45) mas
    1550: ( -1.7,  -0.2) m, (227.84, 153.78) mas
    1542: ( -2.9,  -0.2) m, (253.72, 156.07) mas
    1535: ( -4.0,  -0.2) m, (284.94, 158.05) mas
    1528: ( -5.1,  -0.2) m, (313.51, 159.87) mas
    1526: ( -5.4,  -0.2) m, (321.69, 160.41) mas
sa index   location       noise equivalent angle
    3081: (  2.5,   4.3) m, (141.45, 143.65) mas
    2872: (  2.0,   3.5) m, (144.24, 149.04) mas
    2523: (  1.4,   2.5) m, (149.91, 159.89) mas
    2121: (  0.8,   1.4) m, (156.72, 172.85) mas
    1996: (  0.6,   1.1) m, (158.32, 176.23) mas
    1227: (  0.8,  -1.1) m, (168.85, 216.03) mas
    1044: ( -0.9,  -1.5) m, (178.66, 219.57) mas
     919: ( -1.1,  -1.8) m, (181.09, 225.94) mas
     641: ( -1.5,  -2.6) m, (187.35, 240.60) mas
     292: ( -2.2,  -3.7) m, (196.22, 263.26) mas
      84: ( -2.6,  -4.5) m, (203.17, 280.12) mas
sa index   location       noise equivalent angle
    3048: ( -2.6,   4.3) m, (141.45, 143.65) mas
    2845: ( -2.2,   3.5) m, (144.24, 149.04) mas
    2504: ( -1.5,   2.5) m, (149.91, 159.89) mas
    2110: ( -0.9,   1.4) m, (156.72, 172.85) mas
    1991: ( -0.8,   1.1) m, (158.33, 176.25) mas
    1225: ( -0.9,  -1.1) m, (173.07, 220.55) mas
    1055: (  0.8,  -1.5) m, (178.66, 219.57) mas
     932: (  0.9,  -1.8) m, (181.09, 225.94) mas
     660: (  1.4,  -2.6) m, (187.35, 240.60) mas
     319: (  2.0,  -3.7) m, (196.22, 263.26) mas
     117: (  2.5,  -4.5) m, (203.17, 280.12) mas
sa index   location       noise equivalent angle
    1528: ( -5.1,  -0.2) m, (144.86, 140.48) mas
    1536: ( -3.9,  -0.2) m, (154.59, 142.40) mas
    1543: ( -2.8,  -0.2) m, (165.77, 144.60) mas
    1550: ( -1.7,  -0.2) m, (178.53, 146.97) mas
    1552: ( -1.4,  -0.2) m, (190.39, 153.90) mas
    1114: (  0.3,  -1.4) m, (209.06, 154.45) mas
    1555: (  1.5,  -0.2) m, (227.84, 153.78) mas
    1563: (  2.8,  -0.2) m, (253.72, 156.07) mas
    1570: (  3.9,  -0.2) m, (284.94, 158.05) mas
    1577: (  4.9,  -0.2) m, (313.51, 159.87) mas
    1579: (  5.2,  -0.2) m, (321.69, 160.41) mas
sa index   location       noise equivalent angle
      84: ( -2.6,  -4.5) m, (141.45, 143.65) mas
     292: ( -2.2,  -3.7) m, (144.24, 149.04) mas
     641: ( -1.5,  -2.6) m, (149.91, 159.89) mas
    1044: ( -0.9,  -1.5) m, (156.72, 172.85) mas
    1169: ( -0.8,  -1.2) m, (158.53, 176.55) mas
    1936: ( -0.9,   0.9) m, (168.57, 215.67) mas
    2121: (  0.8,   1.4) m, (178.66, 219.57) mas
    2246: (  0.9,   1.7) m, (181.09, 225.94) mas
    2523: (  1.4,   2.5) m, (187.35, 240.60) mas
    2872: (  2.0,   3.5) m, (196.22, 263.26) mas
    3081: (  2.5,   4.3) m, (203.17, 280.12) mas
sa index   location       noise equivalent angle
     117: (  2.5,  -4.5) m, (141.45, 143.65) mas
     319: (  2.0,  -3.7) m, (144.24, 149.04) mas
     660: (  1.4,  -2.6) m, (149.91, 159.89) mas
    1055: (  0.8,  -1.5) m, (156.72, 172.85) mas
    1173: (  0.6,  -1.2) m, (158.39, 176.34) mas
    1939: (  0.8,   0.9) m, (165.38, 212.33) mas
    2110: ( -0.9,   1.4) m, (178.66, 219.57) mas
    2233: ( -1.1,   1.7) m, (181.09, 225.94) mas
    2504: ( -1.5,   2.5) m, (187.35, 240.60) mas
    2845: ( -2.2,   3.5) m, (196.22, 263.26) mas
    3048: ( -2.6,   4.3) m, (203.17, 280.12) mas

[00;00mSetting up powfs 2 PO WFS[00;00m

OTF dimension is 48x48 (calculated)
Generating matched filter for powfs 2
Use sanea to derive neasim
Use sanea to derive neasim

[00;00mSetting up reconstructor[00;00m

Recon NEA: cmf(192.81) cmf(192.65) cmf(192.61) cmf(192.74) cmf(192.52) cmf(192.55) geom(0.31) geom(0.31) geom(0.31) mf(0.14)  mas
Setup or update control matrix parameters.
RRtwfs svd threshold is 1e-10
Replacing HA by HA*fit->actextrap
Adding piston cr to fit matrix
Adding TT cr on upper DMs to fit matrix.
Before assembling fit matrix:	4086.4 MiB.
Building fit->FR
Building fit->FL
Adding tikhonov constraint of 1.0e-07 to FLM
The maximum eigen value is estimated to be around 2.8e-04
DM Fit number of Low rank terms: 16 in LHS
After assemble fit matrix:	5856.8 MiB.
After setup_recon:	5856.8 MiB.
GPU 0: mem used 1422 MB (wfs init)
GPU 0: mem used 2488 MB (recon init)
GPU 0: mem used 2518 MB (perf init)

*** Simulation started at 2025/02/12 00:28:32 in nid008652. ***

Running seed 1
GPU 0: mem used 2520 MB (wfs seeding)
Wind dir: 267.3 261.7 167.0 130.5 300.7  32.3 119.8 139.0 150.8 277.7 203.0 133.1  45.9 265.1 deg
Using /global/homes/b/bpeck/.aos/cache/atm/vonkarman_14_8192x8192_0.0078125_1115374592d.bin
After genatm:	5775.6 MiB.
Step     #  Open Loop  PR TT  On axis  PR TT  Field RMS PR TT     Timing 
Step     0: OL  884.6  248.3  OA  884.6 248.3 CL  884.6 248.3 nm  0.617 s
Step    18: OL  912.5  255.1  OA  133.0   7.6 CL  133.0   7.6 nm  0.051 s
Step    35: OL  938.9  259.8  OA  126.5  11.9 CL  126.5  11.9 nm  0.057 s
Step    52: OL  964.2  261.2  OA  130.8   9.8 CL  130.8   9.8 nm  0.058 s
Step    69: OL  989.5  260.0  OA  131.9  10.8 CL  131.9  10.8 nm  0.056 s
Step    86: OL 1015.6  258.3  OA  134.1  23.7 CL  134.1  23.7 nm  0.061 s
Step   103: OL 1041.9  257.5  OA  129.0  12.0 CL  129.0  12.0 nm  0.058 s
Step   120: OL 1068.0  258.6  OA  130.2  14.4 CL  130.2  14.4 nm  0.081 s
Step   137: OL 1092.2  262.5  OA  130.4   9.1 CL  130.4   9.1 nm  0.058 s
Step   154: OL 1113.9  269.3  OA  129.9   2.9 CL  129.9   2.9 nm  0.062 s
Step   170: OL 1131.1  277.9  OA  131.7  22.6 CL  131.7  22.6 nm  0.058 s
Step   187: OL 1145.2  288.6  OA  129.8  20.4 CL  129.8  20.4 nm  0.060 s
Step   204: OL 1154.9  299.6  OA  127.3  23.2 CL  127.3  23.2 nm  0.060 s
Step   221: OL 1161.2  310.4  OA  132.0  11.9 CL  132.0  11.9 nm  0.060 s
Step   238: OL 1163.3  321.6  OA  129.7  13.4 CL  129.7  13.4 nm  0.059 s
Step   255: OL 1160.1  333.6  OA  138.3  19.5 CL  138.3  19.5 nm  0.060 s
Step   255 updated high order loop gain: 0.361
Step   271: OL 1150.9  345.1  OA  136.5  32.9 CL  136.5  32.9 nm  0.060 s
Step   288: OL 1135.9  357.9  OA  129.4  16.4 CL  129.4  16.4 nm  0.058 s
Step   305: OL 1117.8  372.7  OA  130.5  19.7 CL  130.5  19.7 nm  0.067 s
Step   322: OL 1096.7  388.7  OA  127.6  29.2 CL  127.6  29.2 nm  0.059 s
Step   338: OL 1075.6  406.1  OA  130.9  34.7 CL  130.9  34.7 nm  0.065 s
Step   355: OL 1053.1  427.6  OA  127.7  12.1 CL  127.7  12.1 nm  0.061 s
Step   371: OL 1033.0  450.0  OA  128.1  29.1 CL  128.1  29.1 nm  0.058 s
Step   388: OL 1013.0  474.5  OA  132.6  16.8 CL  132.6  16.8 nm  0.059 s
Step   405: OL  993.5  498.9  OA  130.1   9.4 CL  130.1   9.4 nm  0.058 s
Step   422: OL  973.6  522.1  OA  129.0  12.9 CL  129.0  12.9 nm  0.059 s
Step   439: OL  954.2  544.7  OA  127.4   1.3 CL  127.4   1.3 nm  0.059 s
Step   456: OL  937.3  566.7  OA  129.4  12.4 CL  129.4  12.4 nm  0.058 s
Step   473: OL  926.1  588.9  OA  128.6  19.5 CL  128.6  19.5 nm  0.057 s
Step   490: OL  922.3  610.1  OA  136.9  24.8 CL  136.9  24.8 nm  0.060 s
Step   507: OL  923.8  629.7  OA  133.4   8.5 CL  133.4   8.5 nm  0.060 s
Step   511 updated high order loop gain: 0.313
Step   524: OL  929.0  646.4  OA  132.2   6.5 CL  132.2   6.5 nm  0.060 s
Step   541: OL  937.5  658.4  OA  127.5   6.4 CL  127.5   6.4 nm  0.060 s
Step   558: OL  950.1  666.0  OA  134.5   4.3 CL  134.5   4.3 nm  0.059 s
Step   575: OL  965.8  669.7  OA  124.5   9.7 CL  124.5   9.7 nm  0.058 s
Step   592: OL  984.3  670.2  OA  124.6  21.6 CL  124.6  21.6 nm  0.068 s
Step   609: OL 1004.5  665.9  OA  124.3   9.0 CL  124.3   9.0 nm  0.059 s
Step   626: OL 1025.1  657.1  OA  127.1  27.0 CL  127.1  27.0 nm  0.057 s
Step   643: OL 1044.5  644.5  OA  125.9  19.4 CL  125.9  19.4 nm  0.067 s
Step   660: OL 1061.8  629.0  OA  128.8  19.9 CL  128.8  19.9 nm  0.059 s
Step   677: OL 1077.3  611.4  OA  131.9  25.7 CL  131.9  25.7 nm  0.062 s
Step   694: OL 1091.5  593.5  OA  135.8  28.7 CL  135.8  28.7 nm  0.057 s
Step   710: OL 1101.7  574.8  OA  133.9  20.7 CL  133.9  20.7 nm  0.065 s
Step   727: OL 1107.8  553.8  OA  133.2  19.1 CL  133.2  19.1 nm  0.060 s
Step   744: OL 1108.6  532.8  OA  127.6  12.9 CL  127.6  12.9 nm  0.058 s
Step   761: OL 1104.3  512.5  OA  129.9  14.8 CL  129.9  14.8 nm  0.059 s
Step   767 updated high order loop gain: 0.293
Step   778: OL 1095.1  493.1  OA  132.0  16.0 CL  132.0  16.0 nm  0.066 s
Step   795: OL 1080.1  474.1  OA  133.9  14.5 CL  133.9  14.5 nm  0.057 s
Step   812: OL 1060.9  455.1  OA  135.4  11.9 CL  135.4  11.9 nm  0.065 s
Step   829: OL 1037.6  436.4  OA  133.9  11.6 CL  133.9  11.6 nm  0.063 s
Step   846: OL 1011.3  418.5  OA  129.0  12.5 CL  129.0  12.5 nm  0.060 s
Step   862: OL  985.7  403.2  OA  131.5   1.6 CL  131.5   1.6 nm  0.065 s
Step   879: OL  959.4  389.2  OA  134.8  11.8 CL  134.8  11.8 nm  0.058 s
Step   896: OL  933.7  377.5  OA  131.0   4.5 CL  131.0   4.5 nm  0.062 s
Step   913: OL  906.6  367.8  OA  133.1   5.1 CL  133.1   5.1 nm  0.058 s
Step   930: OL  879.2  359.6  OA  130.8  23.4 CL  130.8  23.4 nm  0.058 s
Step   947: OL  852.7  351.5  OA  127.5   4.8 CL  127.5   4.8 nm  0.060 s
Step   964: OL  828.6  342.8  OA  125.8  17.7 CL  125.8  17.7 nm  0.065 s
Step   981: OL  808.5  332.7  OA  128.2  10.1 CL  128.2  10.1 nm  0.064 s
Step   998: OL  791.2  321.1  OA  127.2  11.4 CL  127.2  11.4 nm  0.059 s
Step  1015: OL  775.9  308.2  OA  133.8  18.8 CL  133.8  18.8 nm  0.059 s
Step  1023 updated high order loop gain: 0.284
Step  1032: OL  763.4  294.9  OA  131.5  11.8 CL  131.5  11.8 nm  0.059 s
Step  1049: OL  752.9  280.3  OA  130.2   2.8 CL  130.2   2.8 nm  0.059 s
Step  1066: OL  742.8  263.9  OA  130.6  12.4 CL  130.6  12.4 nm  0.059 s
Step  1083: OL  735.6  244.6  OA  129.7   5.8 CL  129.7   5.8 nm  0.057 s
Step  1100: OL  732.0  225.3  OA  126.5  15.2 CL  126.5  15.2 nm  0.066 s
Step  1117: OL  730.8  208.0  OA  128.6   8.7 CL  128.6   8.7 nm  0.064 s
Step  1134: OL  730.9  193.7  OA  125.8  15.7 CL  125.8  15.7 nm  0.078 s
Step  1151: OL  731.7  182.6  OA  123.8   7.1 CL  123.8   7.1 nm  0.058 s
Step  1167: OL  732.4  175.1  OA  122.0  14.4 CL  122.0  14.4 nm  0.060 s
Step  1184: OL  734.4  170.3  OA  126.7  20.1 CL  126.7  20.1 nm  0.059 s
Step  1200: OL  738.2  166.9  OA  125.0  12.0 CL  125.0  12.0 nm  0.063 s
Step  1217: OL  742.6  164.1  OA  126.0  10.7 CL  126.0  10.7 nm  0.059 s
Step  1234: OL  747.0  163.5  OA  121.2   9.5 CL  121.2   9.5 nm  0.063 s
Step  1251: OL  750.4  166.2  OA  125.7  16.4 CL  125.7  16.4 nm  0.056 s
Step  1268: OL  755.1  172.7  OA  131.4  30.4 CL  131.4  30.4 nm  0.070 s
Step  1279 updated high order loop gain: 0.277
Step  1285: OL  761.2  181.9  OA  128.0  18.2 CL  128.0  18.2 nm  0.058 s
Step  1302: OL  768.6  193.0  OA  136.2  20.7 CL  136.2  20.7 nm  0.058 s
Step  1319: OL  775.4  205.9  OA  135.6  35.6 CL  135.6  35.6 nm  0.057 s
Step  1336: OL  782.7  220.5  OA  134.9  14.1 CL  134.9  14.1 nm  0.060 s
Step  1352: OL  791.5  235.1  OA  134.4   9.1 CL  134.4   9.1 nm  0.058 s
Step  1369: OL  803.2  249.0  OA  131.2  19.9 CL  131.2  19.9 nm  0.061 s
Step  1386: OL  816.2  259.6  OA  132.4  19.6 CL  132.4  19.6 nm  0.057 s
Step  1403: OL  831.1  267.4  OA  130.4  24.8 CL  130.4  24.8 nm  0.062 s
Step  1420: OL  847.6  272.5  OA  130.1  22.5 CL  130.1  22.5 nm  0.060 s
Step  1437: OL  864.1  276.2  OA  126.7  21.1 CL  126.7  21.1 nm  0.058 s
Step  1454: OL  879.4  278.9  OA  125.0  23.8 CL  125.0  23.8 nm  0.058 s
Step  1471: OL  891.8  279.2  OA  125.8  25.8 CL  125.8  25.8 nm  0.060 s
Step  1488: OL  898.7  276.5  OA  126.6  10.5 CL  126.6  10.5 nm  0.060 s
Step  1504: OL  899.8  271.2  OA  130.2  23.7 CL  130.2  23.7 nm  0.065 s
Step  1521: OL  896.7  263.5  OA  125.9   2.8 CL  125.9   2.8 nm  0.058 s
Step  1535 updated high order loop gain: 0.273
Step  1538: OL  889.5  253.7  OA  130.0  18.6 CL  130.0  18.6 nm  0.073 s
Step  1555: OL  880.1  242.6  OA  127.3  10.3 CL  127.3  10.3 nm  0.058 s
Step  1572: OL  870.3  232.0  OA  131.8  11.7 CL  131.8  11.7 nm  0.065 s
Step  1589: OL  859.2  223.5  OA  134.5  10.4 CL  134.5  10.4 nm  0.059 s
Step 1599: Output PSF
Step  1599: OL  852.4  219.3  OA  138.1   4.9 CL  138.1   4.9 nm  2.117 s
Mean: 129.59 16.45 128.54  nm.

*** Simulation Finished at 2025/02/12 00:30:21 in nid008652. ***

