Warning(sock.c:516): connect locally (/global/homes/b/bpeck/.aos/tmp/nid003257/scheduler) failed: Invalid argument. 
/global/u2/b/bpeck/work/vismcao/maos -o studies/misreg/8_lgs/8mag_lgs/5000count -c master_files/misreg/8_lgs/8mag_lgs/kola_5000act.conf -O 
Output folder is 'studies/misreg/8_lgs/8mag_lgs/5000count'.
SRC: /global/homes/b/bpeck/code/maos v2.9 4c88b7c2 2024-11-13 16:45:33 -0800
BUILT: /global/homes/b/bpeck/code/maos/optim by GCC (v12) on 2024/11/18 09:40:03 CPU(F64,+O3) with CUDA(v122,F32)
Launched at 2025/02/09 17:30:50 in nid003257 with PID 992952.
The web based job monitor can be accessed at http://localhost:10300
Main config file is /global/u2/b/bpeck/work/vismcao/master_files/misreg/8_lgs/8mag_lgs/kola_5000act.conf
Warning(path.c:48): Path not found: path=/global/u2/b/bpeck/work/vismcao/master_files/misreg/8_lgs/8mag_lgs/bin; abspath=/global/u2/b/bpeck/work/vismcao/master_files/misreg/8_lgs/8mag_lgs/bin; Ignored.
Warning(path.c:48): Path not found: path=/global/u2/b/bpeck/work/vismcao/master_files/misreg/8_lgs/8mag_lgs/atm; abspath=/global/u2/b/bpeck/work/vismcao/master_files/misreg/8_lgs/8mag_lgs/atm; Ignored.
Warning(readcfg.c:399): sim.apfsm has been renamed to powfs.apfsm.
Warning(readcfg.c:399): sim.epfsm has been renamed to powfs.epfsm.
Warning(readcfg.c:399): sim.alfsm has been renamed to powfs.alfsm.
Warning(readcfg.c:399): sim.commonfsm has been renamed to powfs.commonfsm.
Warning(readcfg.c:399): sim.idealfsm has been renamed to powfs.idealfsm.
Warning(readcfg.c:399): sim.zetafsm has been renamed to powfs.zetafsm.
Warning(readcfg.c:399): sim.f0fsm has been renamed to powfs.f0fsm.
Warning(readcfg.c:399): tsurf has been renamed to ncpa.tsurf.
loaded 132 (132 new) records from '/global/u2/b/bpeck/work/vismcao/./keck_sim.conf'
loaded  19 ( 19 new) records from '/global/u2/b/bpeck/work/vismcao/./dm_none.conf'
loaded  19 (  0 new) records from '/global/u2/b/bpeck/work/vismcao/./keck_ASM.conf'
loaded  19 (  0 new) records from '/global/u2/b/bpeck/work/vismcao/./keck_DM2.conf'
loaded  19 (  0 new) records from '/global/u2/b/bpeck/work/vismcao/./keck_DM3.conf'
loaded   0 (  0 new) records from '/global/u2/b/bpeck/work/vismcao/./keck_dm_multiple.conf'
loaded   7 (  5 new) records from '/global/u2/b/bpeck/work/vismcao/./atm_mk13n50p_ground_detail.conf'
loaded  76 ( 69 new) records from '/global/homes/b/bpeck/code/maos/config/maos/powfs_common.conf'
loaded  44 ( 38 new) records from '/global/u2/b/bpeck/work/vismcao/./powfs_none.conf'
loaded  44 (  0 new) records from '/global/u2/b/bpeck/work/vismcao/./keck_shwfs_lgs.conf'
loaded  44 (  0 new) records from '/global/u2/b/bpeck/work/vismcao/./keck_shwfs_ttf_strap.conf'
loaded  44 (  0 new) records from '/global/u2/b/bpeck/work/vismcao/./keck_shwfs_twfs_lbwfs.conf'
loaded   0 (  0 new) records from '/global/u2/b/bpeck/work/vismcao/./keck_wfs_lgs_strap_lbwfs.conf'
loaded  71 ( 71 new) records from '/global/u2/b/bpeck/work/vismcao/./keck_recon.conf'
Warning(readcfg.c:399): dbg.na_smooth has been renamed to powfs0_llt.na_smooth.
Warning(readcfg.c:399): dbg.na_interp has been renamed to powfs0_llt.na_interp.
Warning(readcfg.c:399): dbg.na_thres has been renamed to powfs0_llt.na_thres.
Warning(readcfg.c:399): dbg.na_fit_maxit has been renamed to powfs0_llt.na_fit_maxit.
Warning(readcfg.c:399): dbg.na_fit_svdthres has been renamed to powfs0_llt.na_fit_svdthres.
Warning(readcfg.c:399): dbg.na_fit_dh has been renamed to powfs0_llt.na_fit_dh.
Warning(readcfg.c:399): dbg.ncpa_preload has been renamed to ncpa.preload.
Warning(readcfg.c:399): dbg.ncpa_rmsci has been renamed to ncpa.rmsci.
Warning(readcfg.c:399): dbg.draw_opdmax has been renamed to plot.opdmax.
Warning(readcfg.c:399): dbg.draw_gmax has been renamed to plot.gmax.
loaded  95 ( 93 new) records from '/global/u2/b/bpeck/work/vismcao/./keck_dbg.conf'
loaded   4 (  4 new) records from '/global/u2/b/bpeck/work/vismcao/./keck_fit_mcao.conf'
Warning(readcfg.c:399): surf has been renamed to ncpa.surf.
loaded  39 (  7 new) records from '/global/u2/b/bpeck/work/vismcao/master_files/misreg/8_lgs/8mag_lgs/kola_5000act.conf'
loaded   0 (  0 new) records from 'command line'
loaded  24 ( 18 new) records from '/global/u2/b/bpeck/work/vismcao/./keck_llt_CL.conf'
Adjust LGS range by telescope altitude 4145m.
Zenith angle is 30 degree.
    Scaling turbulence height and LGS hs by sec(za).
    Scaling r0 by cos(za)^(3/5).
    Scaling wind speed and LGS signal level by cos(za).
powfs0: Adjusting dx from 0.0078125 to 0.00766667. 
powfs0.llt.fsm: f0=0 Hz, LPF ep=0
powfs0.epfsm is set to 0.517618 (auto)
powfs2: Adjusting dx from 0.03125 to 0.0312778. 
powfs2 is TWFS for powfs0
sim.ephi is set to 0.427717 (auto)
sim.eplo is set to 0.427717 (auto)
Warning(parms.c:2296): Layer 1 at 17.3205m is very close to layer 0 at 0m (OK).
Warning(parms.c:2296): Layer 2 at 34.641m is very close to layer 1 at 17.3205m (OK).
Warning(parms.c:2296): Layer 3 at 51.9615m is very close to layer 2 at 34.641m (OK).
dm 0: stroke=30 um is provided in micron.
dm 0: assume ia stroke=2 um is provided in micron.
dm 1: stroke=7 um is provided in micron.
dm 1: assume ia stroke=2 um is provided in micron.
dm 2: stroke=7 um is provided in micron.
dm 2: assume ia stroke=2 um is provided in micron.
Focus blending is not implemented yet for integrated tomography
parms->sim.mffocus is reset to 0
There are 1 valid simulation seeds:  1
Output PSF for 1 directions
Used 449 of 456 supplied keys
Warning(readcfg.c:158): key "dbg.pwfs_flate" is not recognized, value is 0
Warning(readcfg.c:158): key "dbg.pwfs_flatv" is not recognized, value is 0
Warning(readcfg.c:158): key "dbg.pwfs_psx" is not recognized, value is [0 0 0 0]
Warning(readcfg.c:158): key "dbg.pwfs_psy" is not recognized, value is [0 0 0 0]
Warning(readcfg.c:158): key "dbg.pwfs_pupelong" is not recognized, value is 0
Warning(readcfg.c:158): key "dbg.pwfs_raw" is not recognized, value is 0
Warning(readcfg.c:158): key "dbg.pwfs_side" is not recognized, value is 4
[00;00mAperture[00;00m is 11 m with sampling 1/128 m
[00;00mTurbulence at 30 degree zenith angle:[00;00m r0=0.128424m, L0=30m, 14 layers.
    Greenwood freq is 25.1Hz, anisoplanatic angle is 1.58 as
    Sampled 8192x8192 at 1/128m. wind dir is randomized.
    layer 0: ht=      0 m, wt= 0.302, ws=  4.8 m/s
    layer 1: ht=     17 m, wt= 0.154, ws=  5.0 m/s
    layer 2: ht=     35 m, wt= 0.041, ws=  5.4 m/s
    layer 3: ht=     52 m, wt= 0.002, ws=  6.6 m/s
    layer 4: ht=    139 m, wt= 0.021, ws=  6.1 m/s
    layer 5: ht=    231 m, wt= 0.010, ws=  6.1 m/s
    layer 6: ht=    323 m, wt= 0.008, ws=  6.1 m/s
    layer 7: ht=    416 m, wt= 0.005, ws=  6.1 m/s
    layer 8: ht=    508 m, wt= 0.001, ws=  6.1 m/s
    layer 9: ht=    932 m, wt= 0.107, ws=  5.6 m/s
    layer 10: ht=   5022 m, wt= 0.144, ws= 11.1 m/s
    layer 11: ht=   9238 m, wt= 0.093, ws= 19.1 m/s
    layer 12: ht=  13856 m, wt= 0.075, ws=  8.2 m/s
    layer 13: ht=  22518 m, wt= 0.036, ws=  4.8 m/s
[00;00mReconstruction[00;00m: r0=0.128424m L0=30m. 14 layers. use cone coordinate.
    layer 0: ht=      0 m, wt= 0.302
    layer 1: ht=     17 m, wt= 0.154
    layer 2: ht=     35 m, wt= 0.041
    layer 3: ht=     52 m, wt= 0.002
    layer 4: ht=    139 m, wt= 0.021
    layer 5: ht=    231 m, wt= 0.010
    layer 6: ht=    323 m, wt= 0.008
    layer 7: ht=    416 m, wt= 0.005
    layer 8: ht=    508 m, wt= 0.001
    layer 9: ht=    932 m, wt= 0.107
    layer 10: ht=   5022 m, wt= 0.144
    layer 11: ht=   9238 m, wt= 0.093
    layer 12: ht=  13856 m, wt= 0.075
    layer 13: ht=  22518 m, wt= 0.036
[00;00mThere are 3 powfs[00;00m
  powfs0: Order 80, LGS at 99.1 km. Sampling 1/130.435 m. Thres 30%. [00;00mT/T is removed in right hand side in tomography.[00;00m
    CCD image is 25x25 @ 500x500 mas, blur 27% (sigma), 1500Hz, wvl: [ 5.89e-07]
    Gtilt in reconstruction. Physical optics start at 0 with [00;00m'matched filter'[00;00m [00;00m(noisy)[00;00m
  powfs1: Order  2, NGS at inf km. Sampling 1/16 m. Thres 30%. 
    Ztilt in reconstruction. Geomtric optics start at 2 with ztilt [00;00m(noisy)[00;00m
  powfs2: Order 20, NGS at inf km. Sampling 1/31.9716 m. Thres 50%. 
    CCD image is 4x4 @ 1500x1500 mas, blur 0% (sigma), 0.015Hz, wvl: [ 7.2e-07]
    Gtilt in reconstruction. Geomtric optics start at 50 with gtilt Physical optics start at 0 with [00;00m'matched filter'[00;00m [00;00m(noisy)[00;00m
[00;00mThere are 12 wfs[00;00m
    wfs 0: type 0, at (  30.00,    0.00) arcsec,  99 km, siglev is 22.8345 bkgrnd is 0.1
    wfs 1: type 0, at (  21.21,   21.21) arcsec,  99 km, siglev is 22.8345 bkgrnd is 0.1
    wfs 2: type 0, at (   0.00,   30.00) arcsec,  99 km, siglev is 22.8345 bkgrnd is 0.1
    wfs 3: type 0, at ( -21.21,   21.21) arcsec,  99 km, siglev is 22.8345 bkgrnd is 0.1
    wfs 4: type 0, at ( -30.00,    0.00) arcsec,  99 km, siglev is 22.8345 bkgrnd is 0.1
    wfs 5: type 0, at ( -21.21,  -21.21) arcsec,  99 km, siglev is 22.8345 bkgrnd is 0.1
    wfs 6: type 0, at (   0.00,  -30.00) arcsec,  99 km, siglev is 22.8345 bkgrnd is 0.1
    wfs 7: type 0, at (  21.21,  -21.21) arcsec,  99 km, siglev is 22.8345 bkgrnd is 0.1
    wfs 8: type 1, at (  15.00,   25.98) arcsec, inf km, siglev is 42387.6 bkgrnd is 1.056
    wfs 9: type 1, at ( -30.00,    0.00) arcsec, inf km, siglev is 42387.6 bkgrnd is 1.056
    wfs 10: type 1, at (  15.00,  -25.98) arcsec, inf km, siglev is 42387.6 bkgrnd is 1.056
    wfs 11: type 2, at (   0.00,    0.00) arcsec, inf km, siglev is 4.1558e+06 bkgrnd is 0.001
[00;00mThere are 3 DMs[00;00m
  DM 0 at -0.1km, actuator pitch 0.138m, offset   0, with 30.000000 micron stroke.
    Normalized cubic influence function with inter-actuator coupling of 0.223
  DM 1 at    6km, actuator pitch 0.168m, offset   0, with 7.000000 micron stroke.
    Normalized cubic influence function with inter-actuator coupling of 0.223
  DM 2 at   10km, actuator pitch 0.168m, offset   0, with 7.000000 micron stroke.
    Normalized cubic influence function with inter-actuator coupling of 0.223
[00;00mTomography[00;00m is using CG, with [00;00mFourer Domain[00;00m preconditioner, [00;00m12[00;00m iterations, integrated tomo.
[00;00mDM Fitting [00;00mis using CG, with [00;00mNo[00;00m preconditioner, [00;00m10[00;00m iterations
[00;00mThere are 9 fit directions[00;00m
    Fit 0: weight is 0.444, at (   0.00,    0.00) arcsec
    Fit 1: weight is 0.111, at (  15.00,    0.00) arcsec
    Fit 2: weight is 0.111, at (   0.00,   15.00) arcsec
    Fit 3: weight is 0.111, at ( -15.00,    0.00) arcsec
    Fit 4: weight is 0.111, at (   0.00,  -15.00) arcsec
    Fit 5: weight is 0.028, at (  15.00,   15.00) arcsec
    Fit 6: weight is 0.028, at ( -15.00,   15.00) arcsec
    Fit 7: weight is 0.028, at ( -15.00,  -15.00) arcsec
    Fit 8: weight is 0.028, at (  15.00,  -15.00) arcsec
[00;00mThere are 1 evaluation directions[00;00m at sampling 1/128 m.
    Evl 0: weight is 1.000, at (   0.00,    0.00) arcsec
[00;00mSimulation[00;00m start at step 0, end at step 1600, with time step 1/1500s, [00;00mclose loop[00;00m.
After setup_parms:	120.5 MiB.
Warning(sock.c:516): connect locally (/global/homes/b/bpeck/.aos/tmp/nid003257/scheduler) failed: Invalid argument. 
CUDA: minimum memory requirement is 0.4GB
GPU 0 is NVIDIA A100-SXM4-40GB with arch 8.0, 38.9GB free, 39.3GB total device memory.
Using GPU 0
Use 1 GPUs for WFS Tomo Fit Evl

*** Preparation started at 2025/02/09 17:30:51 in nid003257. ***

Using OpenMP version 201511 with 128 threads
Reading aperture amplitude map from KECK.fits
Warning(accphi.c:477): 108304 points not covered by input screen
Warning(sock.c:516): connect locally (/global/homes/b/bpeck/.aos/tmp/nid003257/scheduler) failed: Invalid argument. 
 ->maos.c:447->setup.c:148->aper.c:74->utils.c:478->accphi.c:478
iwvl 0: Science PSF is using grid size of 2880. The PSF will sum to 6.95167232825486
iwvl 1: Science PSF is using grid size of 2880. The PSF will sum to 6.95167232825486
iwvl 2: Science PSF is using grid size of 2880. The PSF will sum to 6.95167232825486
iwvl 3: Science PSF is using grid size of 2880. The PSF will sum to 6.95167232825486
iwvl 4: Science PSF is using grid size of 2880. The PSF will sum to 6.95167232825486
iwvl 5: Science PSF is using grid size of 2880. The PSF will sum to 6.95167232825486
iwvl 6: Science PSF is using grid size of 2880. The PSF will sum to 6.95167232825486
iwvl 7: Science PSF is using grid size of 2880. The PSF will sum to 6.95167232825486
iwvl 8: Science PSF is using grid size of 2880. The PSF will sum to 6.95167232825486
After setup_aper:	342.9 MiB.

[00;00mSetting up powfs 0 geom[00;00m

There are 18 points in each subaperture of 0.138m.
There are 3911 valid subaperture.

[00;00mSetting up powfs 1 geom[00;00m

There are 88 points in each subaperture of 5.5m.
There are 4 valid subaperture.

[00;00mSetting up powfs 2 geom[00;00m

There are 18 points in each subaperture of 0.563m.
There are 236 valid subaperture.
After setup_powfs_init:	443.1 MiB.

[00;00mSetting up reconstructor geometry.[00;00m

PLOC is 163x163, with sampling of 0.07m (square)
    DM 0: grid is 85 x 85
    DM 1: grid is 77 x 79
    DM 2: grid is 84 x 85
FLOC is 163x163, with sampling of 0.07m (not square)
Tomography grid is square:
    layer 0: xloc grid is 336 x 336, sampling is 0.069 m, 112896 points
    layer 1: xloc grid is 336 x 336, sampling is 0.069 m, 112896 points
    layer 2: xloc grid is 336 x 336, sampling is 0.069 m, 112896 points
    layer 3: xloc grid is 336 x 336, sampling is 0.069 m, 112896 points
    layer 4: xloc grid is 336 x 336, sampling is 0.069 m, 112896 points
    layer 5: xloc grid is 336 x 336, sampling is 0.069 m, 112896 points
    layer 6: xloc grid is 336 x 336, sampling is 0.069 m, 112896 points
    layer 7: xloc grid is 336 x 336, sampling is 0.069 m, 112896 points
    layer 8: xloc grid is 336 x 336, sampling is 0.069 m, 112896 points
    layer 9: xloc grid is 336 x 336, sampling is 0.068 m, 112896 points
    layer 10: xloc grid is 336 x 336, sampling is 0.066 m, 112896 points
    layer 11: xloc grid is 336 x 336, sampling is 0.063 m, 112896 points
    layer 12: xloc grid is 336 x 336, sampling is 0.059 m, 112896 points
    layer 13: xloc grid is 336 x 336, sampling is 0.053 m, 112896 points

[00;00mSetting up powfs 0 PO WFS[00;00m

OTF dimension is 36x36 (calculated)
There is no bias
Uplink FWHM (illt 0, iwvl 0) is 0.581315"
Downlink FWHM (illt 0, iwvl 0) is 1.4091"
Generating matched filter for powfs 0
sa index   location       noise equivalent angle
    1955: (  4.8,  -0.1) m, (178.17, 170.08) mas
    1947: (  3.7,  -0.1) m, (191.67, 172.08) mas
    1939: (  2.6,  -0.1) m, (209.53, 174.70) mas
    1931: (  1.5,  -0.1) m, (230.12, 177.67) mas
    1929: (  1.2,  -0.1) m, (235.47, 178.43) mas
    1375: ( -0.6,  -1.4) m, (268.96, 187.62) mas
    1925: ( -1.8,  -0.1) m, (292.61, 186.79) mas
    1917: ( -2.9,  -0.1) m, (313.00, 189.77) mas
    1909: ( -4.0,  -0.1) m, (332.30, 192.54) mas
    1901: ( -5.1,  -0.1) m, (353.90, 195.41) mas
    1899: ( -5.4,  -0.1) m, (361.42, 196.31) mas
sa index   location       noise equivalent angle
    3188: (  2.6,   2.6) m, (182.07, 182.07) mas
    2891: (  1.9,   1.9) m, (202.29, 201.35) mas
    2480: (  1.1,   1.1) m, (203.87, 203.87) mas
    2415: (  1.0,   1.0) m, (206.19, 206.19) mas
    1447: (  0.6,  -1.2) m, (214.80, 244.67) mas
    1438: ( -1.2,  -1.2) m, (244.51, 244.51) mas
    1093: ( -1.9,  -1.9) m, (257.23, 257.23) mas
     729: ( -2.8,  -2.8) m, (273.73, 273.73) mas
     442: ( -3.5,  -3.5) m, (291.78, 292.27) mas
     164: ( -3.0,  -4.3) m, (280.84, 305.79) mas
sa index   location       noise equivalent angle
    3592: (  0.0,   3.7) m, (178.58, 197.04) mas
    3169: (  0.0,   2.6) m, (181.37, 215.54) mas
    2676: (  0.0,   1.5) m, (184.54, 236.89) mas
    2540: (  0.0,   1.2) m, (185.34, 242.43) mas
    1742: (  1.2,  -0.6) m, (187.62, 268.96) mas
    1175: (  0.0,  -1.8) m, (194.28, 301.57) mas
     692: (  0.0,  -2.9) m, (197.47, 322.60) mas
     278: (  0.0,  -4.0) m, (200.44, 342.49) mas
     140: (  0.0,  -4.4) m, (201.83, 352.89) mas
sa index   location       noise equivalent angle
    3149: ( -2.8,   2.6) m, (182.07, 182.07) mas
    2862: ( -2.1,   1.9) m, (204.33, 204.19) mas
    2467: ( -1.2,   1.1) m, (203.87, 203.87) mas
    2410: ( -1.1,   1.0) m, (206.19, 206.19) mas
    1442: ( -0.7,  -1.2) m, (215.72, 245.69) mas
    1451: (  1.1,  -1.2) m, (244.51, 244.51) mas
    1187: (  1.7,  -1.8) m, (254.94, 254.94) mas
     768: (  2.6,  -2.8) m, (273.73, 273.73) mas
     491: (  3.3,  -3.5) m, (294.44, 295.33) mas
     207: (  2.9,  -4.3) m, (280.84, 305.79) mas
sa index   location       noise equivalent angle
    1902: ( -5.0,  -0.1) m, (178.17, 170.08) mas
    1910: ( -3.9,  -0.1) m, (191.67, 172.08) mas
    1918: ( -2.8,  -0.1) m, (209.53, 174.70) mas
    1926: ( -1.7,  -0.1) m, (230.12, 177.67) mas
    1928: ( -1.4,  -0.1) m, (235.69, 178.63) mas
    2543: (  0.4,   1.2) m, (268.96, 187.62) mas
    1932: (  1.7,  -0.1) m, (292.61, 186.79) mas
    1940: (  2.8,  -0.1) m, (313.00, 189.77) mas
    1948: (  3.9,  -0.1) m, (332.30, 192.54) mas
    1956: (  5.0,  -0.1) m, (353.90, 195.41) mas
    1958: (  5.2,  -0.1) m, (361.42, 196.31) mas
sa index   location       noise equivalent angle
     442: ( -3.5,  -3.5) m, (177.02, 177.34) mas
     787: ( -2.6,  -2.6) m, (183.64, 183.64) mas
    1093: ( -1.9,  -1.9) m, (193.31, 193.31) mas
    1503: ( -1.1,  -1.1) m, (206.19, 206.19) mas
    2471: ( -0.7,   1.1) m, (214.23, 244.07) mas
    2415: (  1.0,   1.0) m, (241.42, 241.42) mas
    2549: (  1.2,   1.2) m, (247.31, 247.31) mas
    2891: (  1.9,   1.9) m, (276.22, 275.41) mas
    3246: (  2.8,   2.8) m, (277.36, 277.36) mas
    3751: (  2.9,   4.1) m, (280.84, 305.79) mas
sa index   location       noise equivalent angle
     324: (  0.0,  -3.9) m, (178.58, 197.04) mas
     749: (  0.0,  -2.8) m, (181.37, 215.54) mas
    1243: (  0.0,  -1.7) m, (184.54, 236.89) mas
    1379: (  0.0,  -1.4) m, (185.55, 242.66) mas
    2180: (  1.2,   0.4) m, (187.62, 268.96) mas
    2744: (  0.0,   1.7) m, (194.28, 301.57) mas
    3226: (  0.0,   2.8) m, (197.47, 322.60) mas
    3638: (  0.0,   3.9) m, (200.44, 342.49) mas
    3776: (  0.0,   4.3) m, (201.83, 352.89) mas
sa index   location       noise equivalent angle
     491: (  3.3,  -3.5) m, (178.84, 179.48) mas
     824: (  2.5,  -2.6) m, (183.64, 183.64) mas
    1120: (  1.8,  -1.9) m, (193.31, 193.31) mas
    1508: (  1.0,  -1.1) m, (206.19, 206.19) mas
    2476: (  0.6,   1.1) m, (214.12, 243.97) mas
    2410: ( -1.1,   1.0) m, (241.42, 241.42) mas
    2530: ( -1.4,   1.2) m, (247.31, 247.31) mas
    2862: ( -2.1,   1.9) m, (279.05, 278.93) mas
    3205: ( -2.9,   2.8) m, (277.36, 277.36) mas
    3708: ( -3.0,   4.1) m, (280.84, 305.79) mas

[00;00mSetting up powfs 2 PO WFS[00;00m

OTF dimension is 48x48 (calculated)
Generating matched filter for powfs 2
Use sanea to derive neasim
Use sanea to derive neasim

[00;00mSetting up reconstructor[00;00m

Recon NEA: cmf(235.59) cmf(236.44) cmf(235.58) cmf(236.18) cmf(235.23) cmf(236.10) cmf(235.47) cmf(236.36) geom(0.31) geom(0.31) geom(0.31) mf(0.14)  mas
Setup or update control matrix parameters.
RRtwfs svd threshold is 1e-10
Replacing HA by HA*fit->actextrap
Adding piston cr to fit matrix
Adding TT cr on upper DMs to fit matrix.
Before assembling fit matrix:	5938.1 MiB.
Building fit->FR
Building fit->FL
Adding tikhonov constraint of 1.0e-07 to FLM
The maximum eigen value is estimated to be around 2.5e-04
DM Fit number of Low rank terms: 16 in LHS
After assemble fit matrix:	8071.7 MiB.
After setup_recon:	8071.7 MiB.
GPU 0: mem used 1656 MB (wfs init)
GPU 0: mem used 3088 MB (recon init)
GPU 0: mem used 3118 MB (perf init)

*** Simulation started at 2025/02/09 17:33:28 in nid003257. ***

Running seed 1
GPU 0: mem used 3118 MB (wfs seeding)
Wind dir: 267.3 261.7 167.0 130.5 300.7  32.3 119.8 139.0 150.8 277.7 203.0 133.1  45.9 265.1 deg
Using /global/homes/b/bpeck/.aos/cache/atm/vonkarman_14_8192x8192_0.0078125_1115374592d.bin
After genatm:	7969.4 MiB.
Step     #  Open Loop  PR TT  On axis  PR TT  Field RMS PR TT     Timing 
Step     0: OL  884.6  248.3  OA  884.6 248.3 CL  884.6 248.3 nm  0.112 s
Step    12: OL  903.3  253.0  OA  186.2 102.4 CL  186.2 102.4 nm  0.075 s
Step    25: OL  923.8  257.3  OA  143.8  69.7 CL  143.8  69.7 nm  0.083 s
Step    37: OL  942.3  260.1  OA  153.6  83.4 CL  153.6  83.4 nm  0.091 s
Step    49: OL  960.1  261.1  OA  139.9  61.8 CL  139.9  61.8 nm  0.084 s
Step    61: OL  977.8  260.7  OA  143.3  74.7 CL  143.3  74.7 nm  0.108 s
Step    72: OL  994.3  259.6  OA  135.2  58.3 CL  135.2  58.3 nm  0.089 s
Step    84: OL 1012.7  258.4  OA  133.5  56.7 CL  133.5  56.7 nm  0.083 s
Step    96: OL 1031.1  257.6  OA  137.3  50.4 CL  137.3  50.4 nm  0.085 s
Step   108: OL 1049.5  257.5  OA  129.3  48.3 CL  129.3  48.3 nm  0.086 s
Step   118: OL 1064.7  258.3  OA  127.0  52.5 CL  127.0  52.5 nm  0.091 s
Step   130: OL 1082.1  260.3  OA  130.2  53.5 CL  130.2  53.5 nm  0.086 s
Step   142: OL 1098.5  264.1  OA  125.0  34.8 CL  125.0  34.8 nm  0.086 s
Step   154: OL 1113.4  269.2  OA  136.2  45.9 CL  136.2  45.9 nm  0.091 s
Step   166: OL 1126.5  275.5  OA  128.2  47.0 CL  128.2  47.0 nm  0.086 s
Step   178: OL 1137.7  282.8  OA  136.5  59.8 CL  136.5  59.8 nm  0.106 s
Step   190: OL 1146.5  290.5  OA  135.3  55.7 CL  135.3  55.7 nm  0.085 s
Step   202: OL 1153.2  298.2  OA  125.6  43.8 CL  125.6  43.8 nm  0.089 s
Step   214: OL 1158.4  305.8  OA  122.1  29.4 CL  122.1  29.4 nm  0.083 s
Step   226: OL 1161.4  313.6  OA  123.6  33.7 CL  123.6  33.7 nm  0.089 s
Step   238: OL 1162.4  321.5  OA  121.6  46.3 CL  121.6  46.3 nm  0.084 s
Step   250: OL 1160.9  329.9  OA  132.9  47.7 CL  132.9  47.7 nm  0.083 s
Step   255 updated high order loop gain: 0.352
Step   262: OL 1155.9  338.6  OA  133.9  60.4 CL  133.9  60.4 nm  0.089 s
Step   274: OL 1147.8  347.2  OA  132.9  54.7 CL  132.9  54.7 nm  0.085 s
Step   286: OL 1137.2  356.3  OA  140.0  67.3 CL  140.0  67.3 nm  0.105 s
Step   298: OL 1125.2  366.4  OA  128.8  55.2 CL  128.8  55.2 nm  0.082 s
Step   310: OL 1112.1  377.2  OA  140.3  70.3 CL  140.3  70.3 nm  0.082 s
Step   322: OL 1097.2  388.7  OA  134.4  53.3 CL  134.4  53.3 nm  0.086 s
Step   334: OL 1081.7  401.5  OA  130.8  49.2 CL  130.8  49.2 nm  0.085 s
Step   346: OL 1066.1  415.9  OA  124.3  47.0 CL  124.3  47.0 nm  0.093 s
Step   358: OL 1050.7  431.7  OA  124.5  42.4 CL  124.5  42.4 nm  0.087 s
Step   370: OL 1036.0  448.6  OA  129.2  57.1 CL  129.2  57.1 nm  0.087 s
Step   382: OL 1022.0  465.9  OA  131.8  44.3 CL  131.8  44.3 nm  0.093 s
Step   394: OL 1008.6  483.2  OA  117.1  27.1 CL  117.1  27.1 nm  0.087 s
Step   406: OL  995.2  500.4  OA  125.4  43.5 CL  125.4  43.5 nm  0.097 s
Step   418: OL  981.4  516.9  OA  121.4  23.3 CL  121.4  23.3 nm  0.085 s
Step   430: OL  967.5  532.9  OA  114.8   9.3 CL  114.8   9.3 nm  0.086 s
Step   442: OL  954.2  548.6  OA  115.4  11.2 CL  115.4  11.2 nm  0.089 s
Step   454: OL  942.3  564.2  OA  120.2  23.8 CL  120.2  23.8 nm  0.089 s
Step   466: OL  933.4  580.0  OA  120.5  27.2 CL  120.5  27.2 nm  0.091 s
Step   478: OL  927.7  595.4  OA  127.8  36.0 CL  127.8  36.0 nm  0.086 s
Step   490: OL  925.7  610.2  OA  121.6  19.6 CL  121.6  19.6 nm  0.086 s
Step   502: OL  926.3  624.3  OA  123.1  21.5 CL  123.1  21.5 nm  0.085 s
Step   511 updated high order loop gain: 0.330
Step   514: OL  928.5  637.2  OA  123.8  28.2 CL  123.8  28.2 nm  0.085 s
Step   526: OL  932.7  648.2  OA  126.4  30.7 CL  126.4  30.7 nm  0.092 s
Step   538: OL  938.4  656.8  OA  122.8  34.2 CL  122.8  34.2 nm  0.092 s
Step   550: OL  946.1  663.1  OA  124.4  38.0 CL  124.4  38.0 nm  0.086 s
Step 560, DM 1: 1 actuators over ia limit. trials=2: success.
Step   562: OL  955.6  667.3  OA  122.9  23.9 CL  122.9  23.9 nm  0.087 s
Step 567, DM 1: 1 actuators over ia limit. trials=2: success.
Step 568, DM 1: 1 actuators over ia limit. trials=2: success.
Step 569, DM 1: 1 actuators over ia limit. trials=2: success.
Step 570, DM 1: 1 actuators over ia limit. trials=2: success.
Step 571, DM 1: 1 actuators over ia limit. trials=2: success.
Step 572, DM 1: 1 actuators over ia limit. trials=2: success.
Step   573: OL  965.4  669.6  OA  120.9  43.2 CL  120.9  43.2 nm  0.086 s
Step 573, DM 1: 1 actuators over ia limit. trials=2: success.
Step 574, DM 1: 1 actuators over ia limit. trials=2: success.
Step 575, DM 1: 1 actuators over ia limit. trials=2: success.
Step 576, DM 1: 1 actuators over ia limit. trials=2: success.
Step 577, DM 1: 1 actuators over ia limit. trials=2: success.
Step 578, DM 1: 1 actuators over ia limit. trials=2: success.
Step 579, DM 1: 1 actuators over ia limit. trials=2: success.
Step 580, DM 1: 1 actuators over ia limit. trials=2: success.
Step 581, DM 1: 1 actuators over ia limit. trials=2: success.
Step 582, DM 1: 1 actuators over ia limit. trials=2: success.
Step 583, DM 1: 1 actuators over ia limit. trials=2: success.
Step   584: OL  976.4  670.6  OA  129.3  53.4 CL  129.3  53.4 nm  0.095 s
Step 584, DM 1: 1 actuators over ia limit. trials=2: success.
Step 585, DM 1: 1 actuators over ia limit. trials=2: success.
Step 586, DM 1: 1 actuators over ia limit. trials=2: success.
Step 587, DM 1: 1 actuators over ia limit. trials=2: success.
Step 588, DM 1: 1 actuators over ia limit. trials=2: success.
Step 589, DM 1: 1 actuators over ia limit. trials=2: success.
Step 590, DM 1: 1 actuators over ia limit. trials=2: success.
Step 591, DM 1: 1 actuators over ia limit. trials=2: success.
Step 592, DM 1: 1 actuators over ia limit. trials=2: success.
Step 593, DM 1: 1 actuators over ia limit. trials=2: success.
Step 594, DM 1: 1 actuators over ia limit. trials=2: success.
Step   595: OL  988.6  669.9  OA  123.5  40.5 CL  123.5  40.5 nm  0.091 s
Step 595, DM 1: 1 actuators over ia limit. trials=2: success.
Step 596, DM 1: 1 actuators over ia limit. trials=2: success.
Step 597, DM 1: 1 actuators over ia limit. trials=2: success.
Step 598, DM 1: 1 actuators over ia limit. trials=2: success.
Step 599, DM 1: 1 actuators over ia limit. trials=2: success.
Step 600, DM 1: 1 actuators over ia limit. trials=2: success.
Step 601, DM 1: 1 actuators over ia limit. trials=2: success.
Step 602, DM 1: 1 actuators over ia limit. trials=2: success.
Step 603, DM 1: 1 actuators over ia limit. trials=2: success.
Step 604, DM 1: 1 actuators over ia limit. trials=2: success.
Step 605, DM 1: 1 actuators over ia limit. trials=2: success.
Step   606: OL 1001.3  667.1  OA  122.9  50.1 CL  122.9  50.1 nm  0.093 s
Step 606, DM 1: 1 actuators over ia limit. trials=2: success.
Step 607, DM 1: 1 actuators over ia limit. trials=2: success.
Step 608, DM 1: 1 actuators over ia limit. trials=2: success.
Step 609, DM 1: 1 actuators over ia limit. trials=2: success.
Step 610, DM 1: 1 actuators over ia limit. trials=2: success.
Step 611, DM 1: 1 actuators over ia limit. trials=2: success.
Step 612, DM 1: 1 actuators over ia limit. trials=2: success.
Step 613, DM 1: 1 actuators over ia limit. trials=2: success.
Step 614, DM 1: 1 actuators over ia limit. trials=2: success.
Step 615, DM 1: 1 actuators over ia limit. trials=2: success.
Step 616, DM 1: 1 actuators over ia limit. trials=2: success.
Step 617, DM 1: 1 actuators over ia limit. trials=2: success.
Step 617, DM 2: 1 actuators over ia limit. trials=2: success.
Step   618: OL 1015.5  661.9  OA  125.7  49.8 CL  125.7  49.8 nm  0.087 s
Step 618, DM 1: 1 actuators over ia limit. trials=2: success.
Step 618, DM 2: 1 actuators over ia limit. trials=2: success.
Step 619, DM 1: 1 actuators over ia limit. trials=2: success.
Step 619, DM 2: 1 actuators over ia limit. trials=2: success.
Step 620, DM 1: 1 actuators over ia limit. trials=2: success.
Step 620, DM 2: 1 actuators over ia limit. trials=2: success.
Step 621, DM 1: 1 actuators over ia limit. trials=2: success.
Step 621, DM 2: 1 actuators over ia limit. trials=2: success.
Step 622, DM 1: 1 actuators over ia limit. trials=2: success.
Step 622, DM 2: 1 actuators over ia limit. trials=2: success.
Step 623, DM 1: 1 actuators over ia limit. trials=2: success.
Step 623, DM 2: 1 actuators over ia limit. trials=2: success.
Step 624, DM 1: 1 actuators over ia limit. trials=2: success.
Step 624, DM 2: 1 actuators over ia limit. trials=2: success.
Step 625, DM 1: 1 actuators over ia limit. trials=2: success.
Step 625, DM 2: 1 actuators over ia limit. trials=2: success.
Step 626, DM 1: 1 actuators over ia limit. trials=2: success.
Step 626, DM 2: 1 actuators over ia limit. trials=2: success.
Step 627, DM 1: 1 actuators over ia limit. trials=2: success.
Step 628, DM 1: 1 actuators over ia limit. trials=2: success.
Step 629, DM 1: 1 actuators over ia limit. trials=2: success.
Step   630: OL 1029.5  654.7  OA  121.0  40.4 CL  121.0  40.4 nm  0.088 s
Step 630, DM 1: 1 actuators over ia limit. trials=2: success.
Step 631, DM 1: 1 actuators over ia limit. trials=2: success.
Step 632, DM 1: 1 actuators over ia limit. trials=2: success.
Step 633, DM 1: 1 actuators over ia limit. trials=2: success.
Step 634, DM 1: 1 actuators over ia limit. trials=2: success.
Step 634, DM 2: 1 actuators over ia limit. trials=2: success.
Step 635, DM 1: 1 actuators over ia limit. trials=2: success.
Step 635, DM 2: 1 actuators over ia limit. trials=2: success.
Step 636, DM 1: 1 actuators over ia limit. trials=2: success.
Step 636, DM 2: 1 actuators over ia limit. trials=2: success.
Step 637, DM 1: 1 actuators over ia limit. trials=2: success.
Step 637, DM 2: 1 actuators over ia limit. trials=2: success.
Step 638, DM 2: 1 actuators over ia limit. trials=2: success.
Step 639, DM 2: 1 actuators over ia limit. trials=2: success.
Step 640, DM 2: 1 actuators over ia limit. trials=2: success.
Step   641: OL 1041.7  646.3  OA  119.3  35.8 CL  119.3  35.8 nm  0.083 s
Step 641, DM 2: 1 actuators over ia limit. trials=2: success.
Step 642, DM 2: 1 actuators over ia limit. trials=2: success.
Step 643, DM 2: 1 actuators over ia limit. trials=2: success.
Step 644, DM 1: 1 actuators over ia limit. trials=2: success.
Step 644, DM 2: 1 actuators over ia limit. trials=2: success.
Step 645, DM 1: 1 actuators over ia limit. trials=2: success.
Step 645, DM 2: 1 actuators over ia limit. trials=2: success.
Step 646, DM 2: 1 actuators over ia limit. trials=2: success.
Step 647, DM 2: 1 actuators over ia limit. trials=2: success.
Step 648, DM 2: 1 actuators over ia limit. trials=2: success.
Step 649, DM 2: 1 actuators over ia limit. trials=2: success.
Step 650, DM 2: 1 actuators over ia limit. trials=2: success.
Step 651, DM 2: 1 actuators over ia limit. trials=2: success.
Step 652, DM 2: 1 actuators over ia limit. trials=2: success.
Step   653: OL 1054.0  635.8  OA  123.6  44.8 CL  123.6  44.8 nm  0.084 s
Step 653, DM 2: 1 actuators over ia limit. trials=2: success.
Step 654, DM 2: 1 actuators over ia limit. trials=2: success.
Step 655, DM 2: 1 actuators over ia limit. trials=2: success.
Step 656, DM 2: 1 actuators over ia limit. trials=2: success.
Step 657, DM 2: 1 actuators over ia limit. trials=2: success.
Step 658, DM 2: 1 actuators over ia limit. trials=2: success.
Step 659, DM 2: 1 actuators over ia limit. trials=2: success.
Step 660, DM 2: 1 actuators over ia limit. trials=2: success.
Step 661, DM 2: 1 actuators over ia limit. trials=2: success.
Step 662, DM 2: 1 actuators over ia limit. trials=2: success.
Step 663, DM 2: 1 actuators over ia limit. trials=2: success.
Step 664, DM 2: 1 actuators over ia limit. trials=2: success.
Step   665: OL 1065.2  624.1  OA  121.9  40.5 CL  121.9  40.5 nm  0.093 s
Step 665, DM 2: 1 actuators over ia limit. trials=2: success.
Step 666, DM 2: 1 actuators over ia limit. trials=2: success.
Step 667, DM 2: 1 actuators over ia limit. trials=2: success.
Step 668, DM 2: 1 actuators over ia limit. trials=2: success.
Step 669, DM 2: 1 actuators over ia limit. trials=2: success.
Step 670, DM 2: 1 actuators over ia limit. trials=2: success.
Step 671, DM 2: 1 actuators over ia limit. trials=2: success.
Step 672, DM 2: 1 actuators over ia limit. trials=2: success.
Step 673, DM 2: 1 actuators over ia limit. trials=2: success.
Step 674, DM 2: 1 actuators over ia limit. trials=2: success.
Step 675, DM 2: 1 actuators over ia limit. trials=2: success.
Step   676: OL 1074.8  612.6  OA  119.3  38.2 CL  119.3  38.2 nm  0.088 s
Step 676, DM 2: 1 actuators over ia limit. trials=2: success.
Step 677, DM 2: 1 actuators over ia limit. trials=2: success.
Step 678, DM 2: 1 actuators over ia limit. trials=2: success.
Step 679, DM 2: 1 actuators over ia limit. trials=2: success.
Step 680, DM 2: 1 actuators over ia limit. trials=2: success.
Step 681, DM 2: 1 actuators over ia limit. trials=2: success.
Step 682, DM 1: 1 actuators over ia limit. trials=2: success.
Step 682, DM 2: 1 actuators over ia limit. trials=2: success.
Step 683, DM 2: 1 actuators over ia limit. trials=2: success.
Step 684, DM 2: 1 actuators over ia limit. trials=2: success.
Step 685, DM 2: 1 actuators over ia limit. trials=2: success.
Step 686, DM 2: 1 actuators over ia limit. trials=2: success.
Step   687: OL 1084.0  601.2  OA  122.1  36.5 CL  122.1  36.5 nm  0.089 s
Step 687, DM 2: 1 actuators over ia limit. trials=2: success.
Step 688, DM 2: 1 actuators over ia limit. trials=2: success.
Step 689, DM 2: 1 actuators over ia limit. trials=2: success.
Step 690, DM 2: 1 actuators over ia limit. trials=2: success.
Step 691, DM 2: 1 actuators over ia limit. trials=2: success.
Step 692, DM 2: 1 actuators over ia limit. trials=2: success.
Step 693, DM 2: 1 actuators over ia limit. trials=2: success.
Step 694, DM 2: 1 actuators over ia limit. trials=2: success.
Step 695, DM 2: 1 actuators over ia limit. trials=2: success.
Step 696, DM 2: 1 actuators over ia limit. trials=2: success.
Step 697, DM 2: 1 actuators over ia limit. trials=2: success.
Step 698, DM 2: 1 actuators over ia limit. trials=2: success.
Step   699: OL 1092.8  588.0  OA  128.2  39.6 CL  128.2  39.6 nm  0.089 s
Step 699, DM 2: 1 actuators over ia limit. trials=2: success.
Step 700, DM 2: 1 actuators over ia limit. trials=2: success.
Step 701, DM 2: 1 actuators over ia limit. trials=2: success.
Step 702, DM 2: 1 actuators over ia limit. trials=2: success.
Step 703, DM 2: 1 actuators over ia limit. trials=2: success.
Step 704, DM 2: 1 actuators over ia limit. trials=2: success.
Step 705, DM 2: 1 actuators over ia limit. trials=2: success.
Step 706, DM 2: 1 actuators over ia limit. trials=2: success.
Step 707, DM 2: 1 actuators over ia limit. trials=2: success.
Step 708, DM 2: 1 actuators over ia limit. trials=2: success.
Step 709, DM 2: 1 actuators over ia limit. trials=2: success.
Step 710, DM 2: 1 actuators over ia limit. trials=2: success.
Step   711: OL 1099.7  573.8  OA  129.4  46.1 CL  129.4  46.1 nm  0.087 s
Step 711, DM 2: 1 actuators over ia limit. trials=2: success.
Step 712, DM 2: 1 actuators over ia limit. trials=2: success.
Step 713, DM 2: 1 actuators over ia limit. trials=2: success.
Step 714, DM 2: 1 actuators over ia limit. trials=2: success.
Step 715, DM 2: 1 actuators over ia limit. trials=2: success.
Step 716, DM 2: 1 actuators over ia limit. trials=2: success.
Step 717, DM 2: 1 actuators over ia limit. trials=2: success.
Step 718, DM 2: 1 actuators over ia limit. trials=2: success.
Step 719, DM 2: 1 actuators over ia limit. trials=2: success.
Step 720, DM 2: 1 actuators over ia limit. trials=2: success.
Step   721: OL 1103.4  561.4  OA  128.8  32.7 CL  128.8  32.7 nm  0.086 s
Step 721, DM 2: 1 actuators over ia limit. trials=2: success.
Step 722, DM 2: 1 actuators over ia limit. trials=2: success.
Step 723, DM 2: 1 actuators over ia limit. trials=2: success.
Step 724, DM 2: 1 actuators over ia limit. trials=2: success.
Step 725, DM 2: 1 actuators over ia limit. trials=2: success.
Step 726, DM 2: 1 actuators over ia limit. trials=2: success.
Step 727, DM 2: 1 actuators over ia limit. trials=2: success.
Step 728, DM 2: 1 actuators over ia limit. trials=2: success.
Step 729, DM 2: 1 actuators over ia limit. trials=2: success.
Step 730, DM 2: 1 actuators over ia limit. trials=2: success.
Step 731, DM 2: 1 actuators over ia limit. trials=2: success.
Step   732: OL 1105.6  547.8  OA  126.0  27.7 CL  126.0  27.7 nm  0.087 s
Step 732, DM 2: 1 actuators over ia limit. trials=2: success.
Step 733, DM 2: 1 actuators over ia limit. trials=2: success.
Step 734, DM 2: 1 actuators over ia limit. trials=2: success.
Step 735, DM 2: 1 actuators over ia limit. trials=2: success.
Step 736, DM 2: 1 actuators over ia limit. trials=2: success.
Step 737, DM 2: 1 actuators over ia limit. trials=2: success.
Step 738, DM 2: 1 actuators over ia limit. trials=2: success.
Step 739, DM 2: 1 actuators over ia limit. trials=2: success.
Step 740, DM 2: 1 actuators over ia limit. trials=2: success.
Step 741, DM 2: 1 actuators over ia limit. trials=2: success.
Step 742, DM 2: 1 actuators over ia limit. trials=2: success.
Step   743: OL 1105.5  534.2  OA  120.7  22.2 CL  120.7  22.2 nm  0.086 s
Step 743, DM 2: 1 actuators over ia limit. trials=2: success.
Step 744, DM 2: 1 actuators over ia limit. trials=2: success.
Step 745, DM 2: 1 actuators over ia limit. trials=2: success.
Step 746, DM 2: 1 actuators over ia limit. trials=2: success.
Step 747, DM 2: 1 actuators over ia limit. trials=2: success.
Step 748, DM 2: 1 actuators over ia limit. trials=2: success.
Step 749, DM 2: 1 actuators over ia limit. trials=2: success.
Step 750, DM 2: 1 actuators over ia limit. trials=2: success.
Step 751, DM 2: 1 actuators over ia limit. trials=2: success.
Step 752, DM 2: 1 actuators over ia limit. trials=2: success.
Step 753, DM 2: 1 actuators over ia limit. trials=2: success.
Step 754, DM 2: 1 actuators over ia limit. trials=2: success.
Step   755: OL 1103.0  519.8  OA  129.1   7.5 CL  129.1   7.5 nm  0.087 s
Step 755, DM 2: 1 actuators over ia limit. trials=2: success.
Step 756, DM 2: 1 actuators over ia limit. trials=2: success.
Step 757, DM 2: 1 actuators over ia limit. trials=2: success.
Step 758, DM 2: 1 actuators over ia limit. trials=2: success.
Step 759, DM 2: 1 actuators over ia limit. trials=2: success.
Step 760, DM 2: 1 actuators over ia limit. trials=2: success.
Step 761, DM 2: 1 actuators over ia limit. trials=2: success.
Step 762, DM 2: 1 actuators over ia limit. trials=2: success.
Step 763, DM 2: 1 actuators over ia limit. trials=2: success.
Step 764, DM 2: 1 actuators over ia limit. trials=2: success.
Step 765, DM 2: 1 actuators over ia limit. trials=2: success.
Step 766, DM 2: 1 actuators over ia limit. trials=2: success.
Step   767: OL 1098.1  505.7  OA  124.3  12.5 CL  124.3  12.5 nm  0.084 s
Step   767 updated high order loop gain: 0.315
Step 767, DM 2: 1 actuators over ia limit. trials=2: success.
Step 768, DM 2: 1 actuators over ia limit. trials=2: success.
Step 769, DM 2: 1 actuators over ia limit. trials=2: success.
Step 770, DM 2: 1 actuators over ia limit. trials=2: success.
Step 771, DM 2: 1 actuators over ia limit. trials=2: success.
Step 772, DM 2: 1 actuators over ia limit. trials=2: success.
Step 773, DM 2: 1 actuators over ia limit. trials=2: success.
Step 774, DM 2: 1 actuators over ia limit. trials=2: success.
Step 775, DM 2: 1 actuators over ia limit. trials=2: success.
Step 776, DM 2: 1 actuators over ia limit. trials=2: success.
Step 777, DM 2: 1 actuators over ia limit. trials=2: success.
Step 778, DM 2: 1 actuators over ia limit. trials=2: success.
Step   779: OL 1090.8  492.2  OA  125.5   3.3 CL  125.5   3.3 nm  0.089 s
Step 779, DM 2: 1 actuators over ia limit. trials=2: success.
Step 780, DM 2: 1 actuators over ia limit. trials=2: success.
Step 781, DM 2: 1 actuators over ia limit. trials=2: success.
Step 782, DM 2: 1 actuators over ia limit. trials=2: success.
Step 783, DM 2: 1 actuators over ia limit. trials=2: success.
Step 784, DM 2: 1 actuators over ia limit. trials=2: success.
Step 785, DM 2: 1 actuators over ia limit. trials=2: success.
Step 786, DM 2: 1 actuators over ia limit. trials=2: success.
Step 787, DM 2: 1 actuators over ia limit. trials=2: success.
Step 788, DM 2: 1 actuators over ia limit. trials=2: success.
Step 789, DM 2: 1 actuators over ia limit. trials=2: success.
Step   790: OL 1081.4  479.8  OA  128.2  14.6 CL  128.2  14.6 nm  0.088 s
Step 790, DM 2: 1 actuators over ia limit. trials=2: success.
Step 791, DM 2: 1 actuators over ia limit. trials=2: success.
Step 792, DM 2: 1 actuators over ia limit. trials=2: success.
Step 793, DM 2: 1 actuators over ia limit. trials=2: success.
Step 794, DM 2: 1 actuators over ia limit. trials=2: success.
Step 795, DM 2: 1 actuators over ia limit. trials=2: success.
Step 796, DM 2: 1 actuators over ia limit. trials=2: success.
Step 797, DM 2: 1 actuators over ia limit. trials=2: success.
Step 798, DM 2: 1 actuators over ia limit. trials=2: success.
Step 799, DM 2: 1 actuators over ia limit. trials=2: success.
Step 800, DM 2: 1 actuators over ia limit. trials=2: success.
Step 801, DM 2: 1 actuators over ia limit. trials=2: success.
Step   802: OL 1069.0  466.4  OA  123.7  17.9 CL  123.7  17.9 nm  0.085 s
Step 802, DM 2: 1 actuators over ia limit. trials=2: success.
Step 803, DM 2: 1 actuators over ia limit. trials=2: success.
Step 804, DM 2: 1 actuators over ia limit. trials=2: success.
Step 805, DM 2: 1 actuators over ia limit. trials=2: success.
Step 806, DM 2: 1 actuators over ia limit. trials=2: success.
Step 807, DM 2: 1 actuators over ia limit. trials=2: success.
Step 808, DM 2: 1 actuators over ia limit. trials=2: success.
Step 809, DM 2: 1 actuators over ia limit. trials=2: success.
Step 810, DM 2: 1 actuators over ia limit. trials=2: success.
Step 811, DM 2: 1 actuators over ia limit. trials=2: success.
Step 812, DM 2: 1 actuators over ia limit. trials=2: success.
Step   813: OL 1056.1  454.2  OA  127.5  25.0 CL  127.5  25.0 nm  0.091 s
Step 813, DM 2: 1 actuators over ia limit. trials=2: success.
Step 814, DM 2: 1 actuators over ia limit. trials=2: success.
Step 815, DM 2: 1 actuators over ia limit. trials=2: success.
Step 816, DM 2: 1 actuators over ia limit. trials=2: success.
Step 817, DM 2: 1 actuators over ia limit. trials=2: success.
Step 818, DM 2: 1 actuators over ia limit. trials=2: success.
Step 819, DM 2: 1 actuators over ia limit. trials=2: success.
Step 820, DM 2: 1 actuators over ia limit. trials=2: success.
Step 821, DM 2: 1 actuators over ia limit. trials=2: success.
Step 822, DM 2: 1 actuators over ia limit. trials=2: success.
Step 823, DM 2: 1 actuators over ia limit. trials=2: success.
Step   824: OL 1041.4  442.0  OA  130.8  41.1 CL  130.8  41.1 nm  0.087 s
Step 824, DM 2: 1 actuators over ia limit. trials=2: success.
Step 825, DM 2: 1 actuators over ia limit. trials=2: success.
Step 826, DM 2: 1 actuators over ia limit. trials=2: success.
Step 827, DM 2: 1 actuators over ia limit. trials=2: success.
Step 828, DM 2: 1 actuators over ia limit. trials=2: success.
Step 829, DM 2: 1 actuators over ia limit. trials=2: success.
Step 830, DM 2: 1 actuators over ia limit. trials=2: success.
Step 831, DM 2: 1 actuators over ia limit. trials=2: success.
Step 832, DM 2: 1 actuators over ia limit. trials=2: success.
Step   833: OL 1028.2  432.2  OA  133.5  21.1 CL  133.5  21.1 nm  0.095 s
Step 833, DM 2: 1 actuators over ia limit. trials=2: success.
Step 834, DM 2: 1 actuators over ia limit. trials=2: success.
Step 835, DM 2: 1 actuators over ia limit. trials=2: success.
Step 836, DM 2: 1 actuators over ia limit. trials=2: success.
Step 837, DM 2: 1 actuators over ia limit. trials=2: success.
Step 838, DM 2: 1 actuators over ia limit. trials=2: success.
Step 839, DM 2: 1 actuators over ia limit. trials=2: success.
Step 840, DM 2: 1 actuators over ia limit. trials=2: success.
Step 841, DM 2: 1 actuators over ia limit. trials=2: success.
Step 842, DM 2: 1 actuators over ia limit. trials=2: success.
Step 843, DM 2: 1 actuators over ia limit. trials=2: success.
Step 844, DM 2: 1 actuators over ia limit. trials=2: success.
Step   845: OL 1009.6  419.7  OA  129.5  16.9 CL  129.5  16.9 nm  0.087 s
Step 845, DM 2: 1 actuators over ia limit. trials=2: success.
Step 846, DM 2: 1 actuators over ia limit. trials=2: success.
Step 847, DM 2: 1 actuators over ia limit. trials=2: success.
Step 848, DM 2: 1 actuators over ia limit. trials=2: success.
Step 849, DM 2: 1 actuators over ia limit. trials=2: success.
Step 850, DM 2: 1 actuators over ia limit. trials=2: success.
Step 851, DM 2: 1 actuators over ia limit. trials=2: success.
Step 852, DM 2: 1 actuators over ia limit. trials=2: success.
Step 853, DM 2: 1 actuators over ia limit. trials=2: success.
Step 854, DM 2: 1 actuators over ia limit. trials=2: success.
Step 855, DM 2: 1 actuators over ia limit. trials=2: success.
Step 856, DM 2: 1 actuators over ia limit. trials=2: success.
Step   857: OL  990.7  407.9  OA  125.7  46.0 CL  125.7  46.0 nm  0.085 s
Step 857, DM 2: 1 actuators over ia limit. trials=2: success.
Step 858, DM 2: 1 actuators over ia limit. trials=2: success.
Step 859, DM 2: 1 actuators over ia limit. trials=2: success.
Step 860, DM 2: 1 actuators over ia limit. trials=2: success.
Step 861, DM 2: 1 actuators over ia limit. trials=2: success.
Step 862, DM 2: 1 actuators over ia limit. trials=2: success.
Step 863, DM 2: 1 actuators over ia limit. trials=2: success.
Step 864, DM 2: 1 actuators over ia limit. trials=2: success.
Step 865, DM 2: 1 actuators over ia limit. trials=2: success.
Step 866, DM 2: 1 actuators over ia limit. trials=2: success.
Step 867, DM 2: 1 actuators over ia limit. trials=2: success.
Step 868, DM 2: 1 actuators over ia limit. trials=2: success.
Step   869: OL  971.9  397.3  OA  123.6  38.4 CL  123.6  38.4 nm  0.086 s
Step 869, DM 2: 1 actuators over ia limit. trials=2: success.
Step 870, DM 2: 1 actuators over ia limit. trials=2: success.
Step 871, DM 2: 1 actuators over ia limit. trials=2: success.
Step 872, DM 2: 1 actuators over ia limit. trials=2: success.
Step 873, DM 2: 1 actuators over ia limit. trials=2: success.
Step 874, DM 2: 1 actuators over ia limit. trials=2: success.
Step 875, DM 2: 1 actuators over ia limit. trials=2: success.
Step   880: OL  955.6  388.6  OA  131.9  58.4 CL  131.9  58.4 nm  0.087 s
Step   892: OL  938.1  380.2  OA  130.4  62.6 CL  130.4  62.6 nm  0.092 s
Step   904: OL  919.7  372.6  OA  140.7  70.0 CL  140.7  70.0 nm  0.087 s
Step   916: OL  900.6  366.4  OA  143.7  83.6 CL  143.7  83.6 nm  0.086 s
Step   928: OL  881.5  360.6  OA  132.4  63.2 CL  132.4  63.2 nm  0.084 s
Step   940: OL  862.9  354.9  OA  136.7  70.1 CL  136.7  70.1 nm  0.086 s
Step   952: OL  845.0  349.1  OA  150.9  98.7 CL  150.9  98.7 nm  0.089 s
Step   964: OL  828.5  342.8  OA  145.4  89.2 CL  145.4  89.2 nm  0.083 s
Step   976: OL  814.0  335.8  OA  157.6 104.1 CL  157.6 104.1 nm  0.084 s
Step   988: OL  801.2  328.1  OA  141.3  81.9 CL  141.3  81.9 nm  0.094 s
Step  1000: OL  789.3  319.6  OA  142.7  76.9 CL  142.7  76.9 nm  0.084 s
Step  1012: OL  778.4  310.5  OA  146.6  87.3 CL  146.6  87.3 nm  0.093 s
Step  1023 updated high order loop gain: 0.306
Step  1024: OL  769.0  301.3  OA  154.7  97.5 CL  154.7  97.5 nm  0.087 s
Step  1036: OL  760.9  291.6  OA  162.1 107.6 CL  162.1 107.6 nm  0.086 s
Step  1048: OL  753.7  281.3  OA  159.5 107.5 CL  159.5 107.5 nm  0.084 s
Step  1060: OL  746.4  270.0  OA  157.7  97.4 CL  157.7  97.4 nm  0.086 s
Step  1071: OL  740.7  258.5  OA  162.7 107.5 CL  162.7 107.5 nm  0.086 s
Step  1083: OL  736.3  244.7  OA  151.1  89.6 CL  151.1  89.6 nm  0.087 s
Step  1095: OL  733.7  230.8  OA  154.7 100.3 CL  154.7 100.3 nm  0.086 s
Step  1107: OL  732.5  218.0  OA  165.0 106.7 CL  165.0 106.7 nm  0.093 s
Step  1119: OL  732.2  206.2  OA  156.9  97.1 CL  156.9  97.1 nm  0.087 s
Step  1131: OL  732.7  196.1  OA  144.5  79.4 CL  144.5  79.4 nm  0.086 s
Step  1143: OL  733.3  187.5  OA  144.6  88.0 CL  144.6  88.0 nm  0.095 s
Step  1155: OL  734.2  180.5  OA  142.8  83.1 CL  142.8  83.1 nm  0.084 s
Step  1167: OL  734.8  175.2  OA  148.9  87.2 CL  148.9  87.2 nm  0.085 s
Step  1179: OL  736.0  171.6  OA  128.7  55.2 CL  128.7  55.2 nm  0.084 s
Step  1191: OL  738.5  168.8  OA  142.7  72.5 CL  142.7  72.5 nm  0.085 s
Step  1203: OL  741.4  166.5  OA  131.2  55.8 CL  131.2  55.8 nm  0.086 s
Step  1215: OL  744.3  164.5  OA  131.6  33.1 CL  131.6  33.1 nm  0.083 s
Step  1227: OL  747.2  163.6  OA  133.8  48.6 CL  133.8  48.6 nm  0.091 s
Step  1239: OL  749.4  164.1  OA  132.6  50.3 CL  132.6  50.3 nm  0.085 s
Step  1251: OL  751.2  166.4  OA  137.1  62.6 CL  137.1  62.6 nm  0.085 s
Step  1263: OL  753.8  170.7  OA  124.7  28.4 CL  124.7  28.4 nm  0.090 s
Step  1275: OL  756.5  176.4  OA  133.4  61.0 CL  133.4  61.0 nm  0.084 s
Step  1279 updated high order loop gain: 0.299
Step  1287: OL  760.3  183.3  OA  130.5  51.3 CL  130.5  51.3 nm  0.091 s
Step  1299: OL  764.5  191.1  OA  124.2  36.0 CL  124.2  36.0 nm  0.086 s
Step  1311: OL  768.3  199.8  OA  126.8  38.0 CL  126.8  38.0 nm  0.086 s
Step  1323: OL  771.8  209.4  OA  130.8  53.3 CL  130.8  53.3 nm  0.090 s
Step  1335: OL  776.1  219.8  OA  127.2  45.9 CL  127.2  45.9 nm  0.085 s
Step  1347: OL  781.5  230.7  OA  121.0  34.1 CL  121.0  34.1 nm  0.096 s
Step  1358: OL  787.9  240.6  OA  122.7  44.2 CL  122.7  44.2 nm  0.085 s
Step  1370: OL  795.8  249.9  OA  130.2  53.3 CL  130.2  53.3 nm  0.084 s
Step  1382: OL  804.5  257.6  OA  125.3  52.2 CL  125.3  52.2 nm  0.094 s
Step  1394: OL  814.3  263.8  OA  129.7  49.7 CL  129.7  49.7 nm  0.087 s
Step  1406: OL  825.2  268.6  OA  131.4  48.4 CL  131.4  48.4 nm  0.084 s
Step  1417: OL  836.1  271.9  OA  134.6  59.9 CL  134.6  59.9 nm  0.094 s
Step  1429: OL  848.3  274.7  OA  136.0  63.8 CL  136.0  63.8 nm  0.086 s
Step  1441: OL  860.0  277.1  OA  132.6  70.5 CL  132.6  70.5 nm  0.085 s
Step  1453: OL  871.2  278.9  OA  128.3  59.9 CL  128.3  59.9 nm  0.088 s
Step  1465: OL  881.3  279.5  OA  124.0  48.5 CL  124.0  48.5 nm  0.087 s
Step  1477: OL  889.2  278.7  OA  131.1  61.4 CL  131.1  61.4 nm  0.092 s
Step  1489: OL  893.9  276.3  OA  128.5  62.7 CL  128.5  62.7 nm  0.085 s
Step  1501: OL  895.9  272.5  OA  133.3  65.0 CL  133.3  65.0 nm  0.085 s
Step  1513: OL  895.7  267.4  OA  135.7  74.5 CL  135.7  74.5 nm  0.086 s
Step  1525: OL  893.6  261.5  OA  129.1  58.8 CL  129.1  58.8 nm  0.088 s
Step  1535: OL  890.1  255.6  OA  142.3  88.4 CL  142.3  88.4 nm  0.094 s
Step  1535 updated high order loop gain: 0.299
Step  1546: OL  885.3  248.6  OA  156.5 111.8 CL  156.5 111.8 nm  0.083 s
Step  1558: OL  879.5  240.5  OA  142.7  86.7 CL  142.7  86.7 nm  0.086 s
Step  1570: OL  873.4  233.1  OA  145.8  90.2 CL  145.8  90.2 nm  0.090 s
Step  1582: OL  866.7  226.6  OA  150.0  97.9 CL  150.0  97.9 nm  0.085 s
Step  1594: OL  859.3  221.3  OA  152.0 101.6 CL  152.0 101.6 nm  0.096 s
Step 1599: Output PSF
Step  1599: OL  856.1  219.2  OA  136.9  76.9 CL  136.9  76.9 nm  1.422 s
Mean: 133.66 61.67 118.58  nm.

*** Simulation Finished at 2025/02/09 17:36:02 in nid003257. ***

