Warning(sock.c:516): connect locally (/global/homes/b/bpeck/.aos/tmp/nid008236/scheduler) failed: Invalid argument. 
/global/u2/b/bpeck/work/vismcao/maos -o studies/reduced_ngs/7_lgs/8mag_lgs/1750count -c master_files/reduced_ngs/7_lgs/8mag_lgs/kola_1750act.conf -O 
Output folder is 'studies/reduced_ngs/7_lgs/8mag_lgs/1750count'.
SRC: /global/homes/b/bpeck/code/maos v2.9 4c88b7c2 2024-11-13 16:45:33 -0800
BUILT: /global/homes/b/bpeck/code/maos/optim by GCC (v12) on 2024/11/18 09:40:03 CPU(F64,+O3) with CUDA(v122,F32)
Launched at 2025/02/12 00:01:27 in nid008236 with PID 33438.
The web based job monitor can be accessed at http://localhost:10300
Main config file is /global/u2/b/bpeck/work/vismcao/master_files/reduced_ngs/7_lgs/8mag_lgs/kola_1750act.conf
Warning(path.c:48): Path not found: path=/global/u2/b/bpeck/work/vismcao/master_files/reduced_ngs/7_lgs/8mag_lgs/bin; abspath=/global/u2/b/bpeck/work/vismcao/master_files/reduced_ngs/7_lgs/8mag_lgs/bin; Ignored.
Warning(path.c:48): Path not found: path=/global/u2/b/bpeck/work/vismcao/master_files/reduced_ngs/7_lgs/8mag_lgs/atm; abspath=/global/u2/b/bpeck/work/vismcao/master_files/reduced_ngs/7_lgs/8mag_lgs/atm; Ignored.
Warning(readcfg.c:399): sim.apfsm has been renamed to powfs.apfsm.
Warning(readcfg.c:399): sim.epfsm has been renamed to powfs.epfsm.
Warning(readcfg.c:399): sim.alfsm has been renamed to powfs.alfsm.
Warning(readcfg.c:399): sim.commonfsm has been renamed to powfs.commonfsm.
Warning(readcfg.c:399): sim.idealfsm has been renamed to powfs.idealfsm.
Warning(readcfg.c:399): sim.zetafsm has been renamed to powfs.zetafsm.
Warning(readcfg.c:399): sim.f0fsm has been renamed to powfs.f0fsm.
Warning(readcfg.c:399): tsurf has been renamed to ncpa.tsurf.
loaded 132 (132 new) records from '/global/u2/b/bpeck/work/vismcao/./keck_sim.conf'
loaded  19 ( 19 new) records from '/global/u2/b/bpeck/work/vismcao/./dm_none.conf'
loaded  19 (  0 new) records from '/global/u2/b/bpeck/work/vismcao/./keck_ASM.conf'
loaded  19 (  0 new) records from '/global/u2/b/bpeck/work/vismcao/./keck_DM2.conf'
loaded  19 (  0 new) records from '/global/u2/b/bpeck/work/vismcao/./keck_DM3.conf'
loaded   0 (  0 new) records from '/global/u2/b/bpeck/work/vismcao/./keck_dm_multiple.conf'
loaded   7 (  5 new) records from '/global/u2/b/bpeck/work/vismcao/./atm_mk13n50p_ground_detail.conf'
loaded  76 ( 69 new) records from '/global/homes/b/bpeck/code/maos/config/maos/powfs_common.conf'
loaded  44 ( 38 new) records from '/global/u2/b/bpeck/work/vismcao/./powfs_none.conf'
loaded  44 (  0 new) records from '/global/u2/b/bpeck/work/vismcao/./keck_shwfs_lgs.conf'
loaded  44 (  0 new) records from '/global/u2/b/bpeck/work/vismcao/./keck_shwfs_ttf_strap.conf'
loaded  44 (  0 new) records from '/global/u2/b/bpeck/work/vismcao/./keck_shwfs_twfs_lbwfs.conf'
loaded   0 (  0 new) records from '/global/u2/b/bpeck/work/vismcao/./keck_wfs_lgs_strap_lbwfs.conf'
loaded  71 ( 71 new) records from '/global/u2/b/bpeck/work/vismcao/./keck_recon.conf'
Warning(readcfg.c:399): dbg.na_smooth has been renamed to powfs0_llt.na_smooth.
Warning(readcfg.c:399): dbg.na_interp has been renamed to powfs0_llt.na_interp.
Warning(readcfg.c:399): dbg.na_thres has been renamed to powfs0_llt.na_thres.
Warning(readcfg.c:399): dbg.na_fit_maxit has been renamed to powfs0_llt.na_fit_maxit.
Warning(readcfg.c:399): dbg.na_fit_svdthres has been renamed to powfs0_llt.na_fit_svdthres.
Warning(readcfg.c:399): dbg.na_fit_dh has been renamed to powfs0_llt.na_fit_dh.
Warning(readcfg.c:399): dbg.ncpa_preload has been renamed to ncpa.preload.
Warning(readcfg.c:399): dbg.ncpa_rmsci has been renamed to ncpa.rmsci.
Warning(readcfg.c:399): dbg.draw_opdmax has been renamed to plot.opdmax.
Warning(readcfg.c:399): dbg.draw_gmax has been renamed to plot.gmax.
loaded  95 ( 93 new) records from '/global/u2/b/bpeck/work/vismcao/./keck_dbg.conf'
loaded   4 (  4 new) records from '/global/u2/b/bpeck/work/vismcao/./keck_fit_mcao.conf'
Warning(readcfg.c:399): surf has been renamed to ncpa.surf.
loaded  39 (  7 new) records from '/global/u2/b/bpeck/work/vismcao/master_files/reduced_ngs/7_lgs/8mag_lgs/kola_1750act.conf'
loaded   0 (  0 new) records from 'command line'
loaded  24 ( 18 new) records from '/global/u2/b/bpeck/work/vismcao/./keck_llt_CL.conf'
Adjust LGS range by telescope altitude 4145m.
Zenith angle is 30 degree.
    Scaling turbulence height and LGS hs by sec(za).
    Scaling r0 by cos(za)^(3/5).
    Scaling wind speed and LGS signal level by cos(za).
powfs0: Adjusting dx from 0.0078125 to 0.00776667. 
powfs0.llt.fsm: f0=0 Hz, LPF ep=0
powfs0.epfsm is set to 0.517618 (auto)
powfs2: Adjusting dx from 0.03125 to 0.0312778. 
powfs2 is TWFS for powfs0
sim.ephi is set to 0.427717 (auto)
sim.eplo is set to 0.427717 (auto)
Warning(parms.c:2296): Layer 1 at 17.3205m is very close to layer 0 at 0m (OK).
Warning(parms.c:2296): Layer 2 at 34.641m is very close to layer 1 at 17.3205m (OK).
Warning(parms.c:2296): Layer 3 at 51.9615m is very close to layer 2 at 34.641m (OK).
dm 0: stroke=30 um is provided in micron.
dm 0: assume ia stroke=2 um is provided in micron.
dm 1: stroke=7 um is provided in micron.
dm 1: assume ia stroke=2 um is provided in micron.
dm 2: stroke=7 um is provided in micron.
dm 2: assume ia stroke=2 um is provided in micron.
Focus blending is not implemented yet for integrated tomography
parms->sim.mffocus is reset to 0
There are 1 valid simulation seeds:  1
Output PSF for 1 directions
Used 449 of 456 supplied keys
Warning(readcfg.c:158): key "dbg.pwfs_flate" is not recognized, value is 0
Warning(readcfg.c:158): key "dbg.pwfs_flatv" is not recognized, value is 0
Warning(readcfg.c:158): key "dbg.pwfs_psx" is not recognized, value is [0 0 0 0]
Warning(readcfg.c:158): key "dbg.pwfs_psy" is not recognized, value is [0 0 0 0]
Warning(readcfg.c:158): key "dbg.pwfs_pupelong" is not recognized, value is 0
Warning(readcfg.c:158): key "dbg.pwfs_raw" is not recognized, value is 0
Warning(readcfg.c:158): key "dbg.pwfs_side" is not recognized, value is 4
[00;00mAperture[00;00m is 11 m with sampling 1/128 m
[00;00mTurbulence at 30 degree zenith angle:[00;00m r0=0.128424m, L0=30m, 14 layers.
    Greenwood freq is 25.1Hz, anisoplanatic angle is 1.58 as
    Sampled 8192x8192 at 1/128m. wind dir is randomized.
    layer 0: ht=      0 m, wt= 0.302, ws=  4.8 m/s
    layer 1: ht=     17 m, wt= 0.154, ws=  5.0 m/s
    layer 2: ht=     35 m, wt= 0.041, ws=  5.4 m/s
    layer 3: ht=     52 m, wt= 0.002, ws=  6.6 m/s
    layer 4: ht=    139 m, wt= 0.021, ws=  6.1 m/s
    layer 5: ht=    231 m, wt= 0.010, ws=  6.1 m/s
    layer 6: ht=    323 m, wt= 0.008, ws=  6.1 m/s
    layer 7: ht=    416 m, wt= 0.005, ws=  6.1 m/s
    layer 8: ht=    508 m, wt= 0.001, ws=  6.1 m/s
    layer 9: ht=    932 m, wt= 0.107, ws=  5.6 m/s
    layer 10: ht=   5022 m, wt= 0.144, ws= 11.1 m/s
    layer 11: ht=   9238 m, wt= 0.093, ws= 19.1 m/s
    layer 12: ht=  13856 m, wt= 0.075, ws=  8.2 m/s
    layer 13: ht=  22518 m, wt= 0.036, ws=  4.8 m/s
[00;00mReconstruction[00;00m: r0=0.128424m L0=30m. 14 layers. use cone coordinate.
    layer 0: ht=      0 m, wt= 0.302
    layer 1: ht=     17 m, wt= 0.154
    layer 2: ht=     35 m, wt= 0.041
    layer 3: ht=     52 m, wt= 0.002
    layer 4: ht=    139 m, wt= 0.021
    layer 5: ht=    231 m, wt= 0.010
    layer 6: ht=    323 m, wt= 0.008
    layer 7: ht=    416 m, wt= 0.005
    layer 8: ht=    508 m, wt= 0.001
    layer 9: ht=    932 m, wt= 0.107
    layer 10: ht=   5022 m, wt= 0.144
    layer 11: ht=   9238 m, wt= 0.093
    layer 12: ht=  13856 m, wt= 0.075
    layer 13: ht=  22518 m, wt= 0.036
[00;00mThere are 3 powfs[00;00m
  powfs0: Order 48, LGS at 99.1 km. Sampling 1/128.755 m. Thres 30%. [00;00mT/T is removed in right hand side in tomography.[00;00m
    CCD image is 25x25 @ 500x500 mas, blur 27% (sigma), 1500Hz, wvl: [ 5.89e-07]
    Gtilt in reconstruction. Physical optics start at 0 with [00;00m'matched filter'[00;00m [00;00m(noisy)[00;00m
  powfs1: Order  2, NGS at inf km. Sampling 1/16 m. Thres 30%. 
    Ztilt in reconstruction. Geomtric optics start at 2 with ztilt [00;00m(noisy)[00;00m
  powfs2: Order 20, NGS at inf km. Sampling 1/31.9716 m. Thres 50%. 
    CCD image is 4x4 @ 1500x1500 mas, blur 0% (sigma), 0.015Hz, wvl: [ 7.2e-07]
    Gtilt in reconstruction. Geomtric optics start at 50 with gtilt Physical optics start at 0 with [00;00m'matched filter'[00;00m [00;00m(noisy)[00;00m
[00;00mThere are 11 wfs[00;00m
    wfs 0: type 0, at (  30.00,    0.00) arcsec,  99 km, siglev is 65.0948 bkgrnd is 0.1
    wfs 1: type 0, at (  18.70,   23.45) arcsec,  99 km, siglev is 65.0948 bkgrnd is 0.1
    wfs 2: type 0, at (  -6.68,   29.25) arcsec,  99 km, siglev is 65.0948 bkgrnd is 0.1
    wfs 3: type 0, at ( -27.03,   13.02) arcsec,  99 km, siglev is 65.0948 bkgrnd is 0.1
    wfs 4: type 0, at ( -27.03,  -13.02) arcsec,  99 km, siglev is 65.0948 bkgrnd is 0.1
    wfs 5: type 0, at (  -6.68,  -29.25) arcsec,  99 km, siglev is 65.0948 bkgrnd is 0.1
    wfs 6: type 0, at (  18.70,  -23.45) arcsec,  99 km, siglev is 65.0948 bkgrnd is 0.1
    wfs 7: type 1, at (   5.00,    8.66) arcsec, inf km, siglev is 42387.6 bkgrnd is 1.056
    wfs 8: type 1, at ( -10.00,    0.00) arcsec, inf km, siglev is 42387.6 bkgrnd is 1.056
    wfs 9: type 1, at (   5.00,   -8.66) arcsec, inf km, siglev is 42387.6 bkgrnd is 1.056
    wfs 10: type 2, at (   0.00,    0.00) arcsec, inf km, siglev is 4.1558e+06 bkgrnd is 0.001
[00;00mThere are 3 DMs[00;00m
  DM 0 at -0.1km, actuator pitch 0.233m, offset   0, with 30.000000 micron stroke.
    Normalized cubic influence function with inter-actuator coupling of 0.223
  DM 1 at    6km, actuator pitch 0.168m, offset   0, with 7.000000 micron stroke.
    Normalized cubic influence function with inter-actuator coupling of 0.223
  DM 2 at   10km, actuator pitch 0.168m, offset   0, with 7.000000 micron stroke.
    Normalized cubic influence function with inter-actuator coupling of 0.223
[00;00mTomography[00;00m is using CG, with [00;00mFourer Domain[00;00m preconditioner, [00;00m12[00;00m iterations, integrated tomo.
[00;00mDM Fitting [00;00mis using CG, with [00;00mNo[00;00m preconditioner, [00;00m10[00;00m iterations
[00;00mThere are 9 fit directions[00;00m
    Fit 0: weight is 0.444, at (   0.00,    0.00) arcsec
    Fit 1: weight is 0.111, at (  15.00,    0.00) arcsec
    Fit 2: weight is 0.111, at (   0.00,   15.00) arcsec
    Fit 3: weight is 0.111, at ( -15.00,    0.00) arcsec
    Fit 4: weight is 0.111, at (   0.00,  -15.00) arcsec
    Fit 5: weight is 0.028, at (  15.00,   15.00) arcsec
    Fit 6: weight is 0.028, at ( -15.00,   15.00) arcsec
    Fit 7: weight is 0.028, at ( -15.00,  -15.00) arcsec
    Fit 8: weight is 0.028, at (  15.00,  -15.00) arcsec
[00;00mThere are 1 evaluation directions[00;00m at sampling 1/128 m.
    Evl 0: weight is 1.000, at (   0.00,    0.00) arcsec
[00;00mSimulation[00;00m start at step 0, end at step 1600, with time step 1/1500s, [00;00mclose loop[00;00m.
After setup_parms:	120.6 MiB.
Warning(sock.c:516): connect locally (/global/homes/b/bpeck/.aos/tmp/nid008236/scheduler) failed: Invalid argument. 
CUDA: minimum memory requirement is 0.3GB
GPU 0 is NVIDIA A100-SXM4-80GB with arch 8.0, 78.6GB free, 79.0GB total device memory.
Using GPU 0
Use 1 GPUs for WFS Tomo Fit Evl

*** Preparation started at 2025/02/12 00:01:30 in nid008236. ***

Using OpenMP version 201511 with 128 threads
Reading aperture amplitude map from KECK.fits
Warning(accphi.c:477): 108398 points not covered by input screen
Warning(sock.c:516): connect locally (/global/homes/b/bpeck/.aos/tmp/nid008236/scheduler) failed: Invalid argument. 
 ->maos.c:447->setup.c:148->aper.c:74->utils.c:478->accphi.c:478
iwvl 0: Science PSF is using grid size of 2880. The PSF will sum to 6.95167232825486
iwvl 1: Science PSF is using grid size of 2880. The PSF will sum to 6.95167232825486
iwvl 2: Science PSF is using grid size of 2880. The PSF will sum to 6.95167232825486
iwvl 3: Science PSF is using grid size of 2880. The PSF will sum to 6.95167232825486
iwvl 4: Science PSF is using grid size of 2880. The PSF will sum to 6.95167232825486
iwvl 5: Science PSF is using grid size of 2880. The PSF will sum to 6.95167232825486
iwvl 6: Science PSF is using grid size of 2880. The PSF will sum to 6.95167232825486
iwvl 7: Science PSF is using grid size of 2880. The PSF will sum to 6.95167232825486
iwvl 8: Science PSF is using grid size of 2880. The PSF will sum to 6.95167232825486
After setup_aper:	345.0 MiB.

[00;00mSetting up powfs 0 geom[00;00m

There are 30 points in each subaperture of 0.233m.
There are 1383 valid subaperture.

[00;00mSetting up powfs 1 geom[00;00m

There are 88 points in each subaperture of 5.5m.
There are 4 valid subaperture.

[00;00mSetting up powfs 2 geom[00;00m

There are 18 points in each subaperture of 0.563m.
There are 236 valid subaperture.
After setup_powfs_init:	435.5 MiB.

[00;00mSetting up reconstructor geometry.[00;00m

PLOC is 99x99, with sampling of 0.12m (square)
    DM 0: grid is 51 x 51
    DM 1: grid is 75 x 75
    DM 2: grid is 80 x 79
FLOC is 99x99, with sampling of 0.12m (not square)
Tomography grid is square:
    layer 0: xloc grid is 180 x 180, sampling is 0.117 m, 32400 points
    layer 1: xloc grid is 180 x 180, sampling is 0.116 m, 32400 points
    layer 2: xloc grid is 180 x 180, sampling is 0.116 m, 32400 points
    layer 3: xloc grid is 180 x 180, sampling is 0.116 m, 32400 points
    layer 4: xloc grid is 180 x 180, sampling is 0.116 m, 32400 points
    layer 5: xloc grid is 180 x 180, sampling is 0.116 m, 32400 points
    layer 6: xloc grid is 180 x 180, sampling is 0.116 m, 32400 points
    layer 7: xloc grid is 180 x 180, sampling is 0.116 m, 32400 points
    layer 8: xloc grid is 180 x 180, sampling is 0.116 m, 32400 points
    layer 9: xloc grid is 180 x 180, sampling is 0.115 m, 32400 points
    layer 10: xloc grid is 180 x 180, sampling is 0.111 m, 32400 points
    layer 11: xloc grid is 180 x 180, sampling is 0.106 m, 32400 points
    layer 12: xloc grid is 180 x 180, sampling is 0.100 m, 32400 points
    layer 13: xloc grid is 180 x 180, sampling is 0.090 m, 32400 points

[00;00mSetting up powfs 0 PO WFS[00;00m

OTF dimension is 60x60 (calculated)
There is no bias
Uplink FWHM (illt 0, iwvl 0) is 0.577825"
Downlink FWHM (illt 0, iwvl 0) is 1.13399"
Generating matched filter for powfs 0
sa index   location       noise equivalent angle
     688: (  4.9,  -0.2) m, ( 82.59,  80.49) mas
     683: (  3.7,  -0.2) m, ( 87.90,  81.14) mas
     678: (  2.6,  -0.2) m, ( 95.99,  81.93) mas
     674: (  1.6,  -0.2) m, (103.25,  82.56) mas
     673: (  1.4,  -0.2) m, (105.46,  82.75) mas
     493: (  0.5,  -1.4) m, (113.41,  84.30) mas
     669: ( -1.9,  -0.2) m, (135.02,  84.99) mas
     665: ( -2.8,  -0.2) m, (144.43,  85.63) mas
     660: ( -4.0,  -0.2) m, (156.30,  86.38) mas
     655: ( -5.1,  -0.2) m, (168.43,  87.12) mas
     654: ( -5.4,  -0.2) m, (170.95,  87.27) mas
sa index   location       noise equivalent angle
    1313: (  2.8,   4.0) m, ( 81.63,  81.38) mas
    1227: (  2.6,   3.3) m, ( 86.03,  88.11) mas
    1055: (  1.6,   2.1) m, ( 86.33,  89.32) mas
     897: (  0.9,   1.2) m, ( 90.14,  95.44) mas
     856: (  0.7,   0.9) m, ( 96.59, 102.67) mas
     784: ( -1.4,   0.5) m, (109.70, 103.22) mas
     486: ( -1.2,  -1.4) m, (105.34, 116.23) mas
     328: ( -1.9,  -2.3) m, (111.10, 124.81) mas
     293: ( -2.1,  -2.6) m, (112.99, 126.87) mas
     156: ( -2.8,  -3.5) m, (124.21, 142.46) mas
      41: ( -3.0,  -4.4) m, (121.08, 144.76) mas
sa index   location       noise equivalent angle
    1374: ( -0.9,   4.7) m, ( 81.02,  82.99) mas
    1351: ( -1.2,   4.4) m, ( 80.78,  83.71) mas
    1241: ( -0.9,   3.5) m, ( 81.47,  88.14) mas
     931: ( -0.5,   1.4) m, ( 83.31, 103.68) mas
     891: ( -0.5,   1.2) m, ( 88.46, 112.48) mas
     596: ( -1.4,  -0.7) m, ( 85.11, 123.68) mas
     452: (  0.2,  -1.6) m, ( 86.43, 131.18) mas
     270: (  0.5,  -2.8) m, ( 87.69, 142.60) mas
     141: (  0.7,  -3.7) m, ( 88.91, 151.97) mas
      31: (  0.9,  -4.7) m, ( 90.25, 161.72) mas
      11: (  2.1,  -4.9) m, (101.26, 171.20) mas
sa index   location       noise equivalent angle
     957: ( -3.7,   1.6) m, ( 85.73,  81.91) mas
     881: ( -2.8,   1.2) m, ( 91.18,  83.47) mas
     847: ( -2.3,   0.9) m, ( 94.30,  84.35) mas
     784: ( -1.4,   0.5) m, (103.88,  88.34) mas
     856: (  0.7,   0.9) m, (126.71,  91.06) mas
     597: (  1.2,  -0.7) m, (125.26,  94.34) mas
     534: (  2.1,  -1.2) m, (132.89,  96.61) mas
     502: (  2.6,  -1.4) m, (137.52,  98.35) mas
     426: (  3.5,  -1.9) m, (146.75, 101.84) mas
sa index   location       noise equivalent angle
     395: ( -3.7,  -1.9) m, ( 85.73,  81.91) mas
     479: ( -2.8,  -1.4) m, ( 91.18,  83.47) mas
     521: ( -2.3,  -1.2) m, ( 94.30,  84.35) mas
     596: ( -1.4,  -0.7) m, (102.97,  87.62) mas
     891: ( -0.5,   1.2) m, (116.21, 104.19) mas
     785: (  1.2,   0.5) m, (126.21,  95.05) mas
     862: (  2.1,   0.9) m, (132.89,  96.61) mas
     904: (  2.6,   1.2) m, (137.52,  98.35) mas
     988: (  3.5,   1.6) m, (146.75, 101.84) mas
sa index   location       noise equivalent angle
       5: ( -0.9,  -4.9) m, ( 80.91,  82.82) mas
      22: ( -1.2,  -4.7) m, ( 80.78,  83.71) mas
     134: ( -0.9,  -3.7) m, ( 81.47,  88.14) mas
     449: ( -0.5,  -1.6) m, ( 83.31, 103.68) mas
     450: ( -0.2,  -1.6) m, ( 88.15, 108.47) mas
     784: ( -1.4,   0.5) m, ( 85.88, 124.76) mas
     934: (  0.2,   1.4) m, ( 86.43, 131.18) mas
    1118: (  0.5,   2.6) m, ( 87.69, 142.60) mas
    1248: (  0.7,   3.5) m, ( 88.91, 151.97) mas
    1360: (  0.9,   4.4) m, ( 90.25, 161.72) mas
    1381: (  2.3,   4.7) m, (102.22, 171.13) mas
sa index   location       noise equivalent angle
      94: (  2.8,  -4.2) m, ( 81.63,  81.38) mas
     179: (  2.6,  -3.5) m, ( 86.00,  88.31) mas
     343: (  1.6,  -2.3) m, ( 86.33,  89.32) mas
     495: (  0.9,  -1.4) m, ( 90.14,  95.44) mas
     494: (  0.7,  -1.4) m, ( 91.67,  95.57) mas
     856: (  0.7,   0.9) m, ( 97.65, 121.25) mas
     888: ( -1.2,   1.2) m, (105.34, 116.23) mas
    1040: ( -1.9,   2.1) m, (111.10, 124.81) mas
    1073: ( -2.1,   2.3) m, (112.99, 126.87) mas
    1204: ( -2.8,   3.3) m, (124.21, 142.22) mas
    1316: ( -3.0,   4.2) m, (121.08, 144.76) mas

[00;00mSetting up powfs 2 PO WFS[00;00m

OTF dimension is 48x48 (calculated)
Generating matched filter for powfs 2
Use sanea to derive neasim
Use sanea to derive neasim

[00;00mSetting up reconstructor[00;00m

Recon NEA: cmf(108.25) cmf(107.93) cmf(108.08) cmf(108.10) cmf(108.08) cmf(108.03) cmf(107.89) geom(0.31) geom(0.31) geom(0.31) mf(0.14)  mas
Setup or update control matrix parameters.
RRtwfs svd threshold is 1e-10
Replacing HA by HA*fit->actextrap
Adding piston cr to fit matrix
Adding TT cr on upper DMs to fit matrix.
Before assembling fit matrix:	3168.0 MiB.
Building fit->FR
Building fit->FL
Adding tikhonov constraint of 1.0e-07 to FLM
The maximum eigen value is estimated to be around 3.4e-04
DM Fit number of Low rank terms: 16 in LHS
After assemble fit matrix:	4041.6 MiB.
After setup_recon:	4041.6 MiB.
GPU 0: mem used 1632 MB (wfs init)
GPU 0: mem used 2186 MB (recon init)
GPU 0: mem used 2216 MB (perf init)

*** Simulation started at 2025/02/12 00:03:08 in nid008236. ***

Running seed 1
GPU 0: mem used 2216 MB (wfs seeding)
Wind dir: 267.3 261.7 167.0 130.5 300.7  32.3 119.8 139.0 150.8 277.7 203.0 133.1  45.9 265.1 deg
Using /global/homes/b/bpeck/.aos/cache/atm/vonkarman_14_8192x8192_0.0078125_1115374592d.bin
After genatm:	4075.0 MiB.
Step     #  Open Loop  PR TT  On axis  PR TT  Field RMS PR TT     Timing 
Step     0: OL  884.6  248.3  OA  884.6 248.3 CL  884.6 248.3 nm  0.420 s
Step    12: OL  903.5  253.0  OA  137.2   6.1 CL  137.2   6.1 nm  0.029 s
Step    38: OL  944.5  260.2  OA  122.4  10.3 CL  122.4  10.3 nm  0.041 s
Step    63: OL  981.6  260.4  OA  130.9  15.1 CL  130.9  15.1 nm  0.049 s
Step    88: OL 1019.4  258.0  OA  121.9   7.9 CL  121.9   7.9 nm  0.038 s
Step   113: OL 1057.4  257.7  OA  123.8   2.3 CL  123.8   2.3 nm  0.039 s
Step   138: OL 1093.1  262.5  OA  122.7  15.1 CL  122.7  15.1 nm  0.042 s
Step   163: OL 1123.0  273.7  OA  121.6  11.9 CL  121.6  11.9 nm  0.039 s
Step   188: OL 1144.5  289.0  OA  119.5  19.4 CL  119.5  19.4 nm  0.039 s
Step   213: OL 1157.1  305.1  OA  117.0  14.2 CL  117.0  14.2 nm  0.046 s
Step   237: OL 1161.4  320.8  OA  117.9  23.7 CL  117.9  23.7 nm  0.040 s
Step   255 updated high order loop gain: 0.375
Step   261: OL 1155.3  337.8  OA  116.4  20.4 CL  116.4  20.4 nm  0.040 s
Step   286: OL 1136.5  356.2  OA  118.2  20.3 CL  118.2  20.3 nm  0.046 s
Step   310: OL 1111.5  377.2  OA  116.0  19.0 CL  116.0  19.0 nm  0.040 s
Step   335: OL 1080.3  402.7  OA  119.8  25.3 CL  119.8  25.3 nm  0.038 s
Step   359: OL 1050.2  433.1  OA  124.4  32.2 CL  124.4  32.2 nm  0.043 s
Step   383: OL 1023.2  467.4  OA  123.0  15.0 CL  123.0  15.0 nm  0.039 s
Step   408: OL  995.9  503.3  OA  121.7  21.1 CL  121.7  21.1 nm  0.039 s
Step   433: OL  968.5  537.0  OA  119.8  32.6 CL  119.8  32.6 nm  0.040 s
Step   457: OL  945.1  568.3  OA  123.2  34.4 CL  123.2  34.4 nm  0.040 s
Step   481: OL  932.3  599.3  OA  122.6  22.2 CL  122.6  22.2 nm  0.039 s
Step   506: OL  932.1  628.9  OA  121.1  17.2 CL  121.1  17.2 nm  0.038 s
Step   511 updated high order loop gain: 0.356
Step   531: OL  939.1  652.2  OA  120.8   2.6 CL  120.8   2.6 nm  0.039 s
Step   556: OL  953.9  665.6  OA  118.2  11.3 CL  118.2  11.3 nm  0.039 s
Step   581: OL  975.7  670.6  OA  113.3  12.1 CL  113.3  12.1 nm  0.046 s
Step   605: OL 1001.6  667.6  OA  116.9   3.8 CL  116.9   3.8 nm  0.039 s
Step   629: OL 1028.9  655.5  OA  119.6  14.9 CL  119.6  14.9 nm  0.038 s
Step   654: OL 1054.9  635.0  OA  118.9  12.1 CL  118.9  12.1 nm  0.038 s
Step   679: OL 1076.9  609.6  OA  119.4  14.7 CL  119.4  14.7 nm  0.044 s
Step   704: OL 1095.2  582.3  OA  118.9   6.1 CL  118.9   6.1 nm  0.038 s
Step   728: OL 1104.3  552.8  OA  117.6   6.0 CL  117.6   6.0 nm  0.038 s
Step   753: OL 1103.0  522.2  OA  121.8  14.5 CL  121.8  14.5 nm  0.040 s
Step   767 updated high order loop gain: 0.347
Step   778: OL 1091.1  493.3  OA  118.7   9.8 CL  118.7   9.8 nm  0.039 s
Step   803: OL 1067.8  465.3  OA  122.8   4.8 CL  122.8   4.8 nm  0.039 s
Step   828: OL 1035.6  437.6  OA  122.8  14.0 CL  122.8  14.0 nm  0.038 s
Step   853: OL  996.8  411.7  OA  119.4  13.6 CL  119.4  13.6 nm  0.038 s
Step   878: OL  958.0  390.1  OA  115.2   8.4 CL  115.2   8.4 nm  0.043 s
Step   903: OL  920.4  373.3  OA  114.5   7.4 CL  114.5   7.4 nm  0.039 s
Step   928: OL  880.5  360.7  OA  118.2   8.3 CL  118.2   8.3 nm  0.039 s
Step   953: OL  843.0  348.7  OA  121.9  15.5 CL  121.9  15.5 nm  0.046 s
Step   978: OL  812.1  334.6  OA  117.1   2.9 CL  117.1   2.9 nm  0.038 s
Step  1003: OL  788.1  317.5  OA  119.7   6.2 CL  119.7   6.2 nm  0.047 s
Step  1023 updated high order loop gain: 0.343
Step  1028: OL  769.4  298.3  OA  120.2   9.5 CL  120.2   9.5 nm  0.038 s
Step  1052: OL  755.7  277.8  OA  124.0  15.5 CL  124.0  15.5 nm  0.041 s
Step  1076: OL  744.6  253.0  OA  121.3  17.7 CL  121.3  17.7 nm  0.047 s
Step  1101: OL  740.2  224.4  OA  121.7  12.0 CL  121.7  12.0 nm  0.039 s
Step  1126: OL  740.4  200.3  OA  113.8  23.8 CL  113.8  23.8 nm  0.038 s
Step  1151: OL  742.2  182.9  OA  114.7  17.9 CL  114.7  17.9 nm  0.050 s
Step  1175: OL  743.6  172.9  OA  116.2  20.6 CL  116.2  20.6 nm  0.040 s
Step  1200: OL  748.1  167.3  OA  117.9  26.0 CL  117.9  26.0 nm  0.039 s
Step  1224: OL  752.3  163.9  OA  118.0  20.8 CL  118.0  20.8 nm  0.038 s
Step  1249: OL  754.6  166.2  OA  114.4  16.3 CL  114.4  16.3 nm  0.038 s
Step  1274: OL  757.6  176.1  OA  114.9  20.9 CL  114.9  20.9 nm  0.038 s
Step  1279 updated high order loop gain: 0.337
Step  1299: OL  763.8  191.3  OA  117.4  17.7 CL  117.4  17.7 nm  0.039 s
Step  1324: OL  770.1  210.3  OA  114.0   5.0 CL  114.0   5.0 nm  0.039 s
Step  1347: OL  778.8  230.8  OA  113.4   6.5 CL  113.4   6.5 nm  0.037 s
Step  1372: OL  793.9  251.4  OA  114.1   6.6 CL  114.1   6.6 nm  0.039 s
Step  1397: OL  813.5  265.2  OA  117.5  14.5 CL  117.5  14.5 nm  0.038 s
Step  1422: OL  837.9  273.2  OA  121.2   7.9 CL  121.2   7.9 nm  0.038 s
Step  1447: OL  861.7  278.2  OA  116.4   9.8 CL  116.4   9.8 nm  0.040 s
Step  1471: OL  881.4  279.4  OA  116.8   8.0 CL  116.8   8.0 nm  0.038 s
Step  1496: OL  890.8  274.4  OA  113.6   6.4 CL  113.6   6.4 nm  0.039 s
Step  1521: OL  889.2  263.7  OA  111.7   7.0 CL  111.7   7.0 nm  0.039 s
Step  1535 updated high order loop gain: 0.338
Step  1546: OL  879.5  248.7  OA  114.3  12.1 CL  114.3  12.1 nm  0.047 s
Step  1571: OL  867.2  232.6  OA  115.2   7.9 CL  115.2   7.9 nm  0.039 s
Step  1596: OL  852.6  220.6  OA  120.3   4.4 CL  120.3   4.4 nm  0.038 s
Step 1599: Output PSF
Step  1599: OL  850.7  219.4  OA  119.2   1.4 CL  119.2   1.4 nm  3.475 s
Mean: 118.05 15.27 117.06  nm.

*** Simulation Finished at 2025/02/12 00:04:26 in nid008236. ***

