Warning(sock.c:516): connect locally (/global/homes/b/bpeck/.aos/tmp/nid001972/scheduler) failed: Invalid argument. 
/global/cfs/cdirs/ulens/vismcao/maos -o studies/reduced_ngs/9_lgs/8mag_lgs/4000count -c master_files/reduced_ngs/9_lgs/8mag_lgs/kola_4000act.conf -O 
Output folder is 'studies/reduced_ngs/9_lgs/8mag_lgs/4000count'.
SRC: /global/homes/b/bpeck/code/maos v2.9 4c88b7c2 2024-11-13 16:45:33 -0800
BUILT: /global/homes/b/bpeck/code/maos/optim by GCC (v12) on 2024/11/18 09:40:03 CPU(F64,+O3) with CUDA(v122,F32)
Launched at 2025/02/17 15:17:10 in nid001972 with PID 1695880.
The web based job monitor can be accessed at http://localhost:10300
Main config file is /global/cfs/cdirs/ulens/vismcao/master_files/reduced_ngs/9_lgs/8mag_lgs/kola_4000act.conf
Warning(path.c:48): Path not found: path=/global/cfs/cdirs/ulens/vismcao/master_files/reduced_ngs/9_lgs/8mag_lgs/bin; abspath=/global/cfs/cdirs/ulens/vismcao/master_files/reduced_ngs/9_lgs/8mag_lgs/bin; Ignored.
Warning(path.c:48): Path not found: path=/global/cfs/cdirs/ulens/vismcao/master_files/reduced_ngs/9_lgs/8mag_lgs/atm; abspath=/global/cfs/cdirs/ulens/vismcao/master_files/reduced_ngs/9_lgs/8mag_lgs/atm; Ignored.
Warning(readcfg.c:399): sim.apfsm has been renamed to powfs.apfsm.
Warning(readcfg.c:399): sim.epfsm has been renamed to powfs.epfsm.
Warning(readcfg.c:399): sim.alfsm has been renamed to powfs.alfsm.
Warning(readcfg.c:399): sim.commonfsm has been renamed to powfs.commonfsm.
Warning(readcfg.c:399): sim.idealfsm has been renamed to powfs.idealfsm.
Warning(readcfg.c:399): sim.zetafsm has been renamed to powfs.zetafsm.
Warning(readcfg.c:399): sim.f0fsm has been renamed to powfs.f0fsm.
Warning(readcfg.c:399): tsurf has been renamed to ncpa.tsurf.
loaded 132 (132 new) records from '/global/cfs/cdirs/ulens/vismcao/./keck_sim.conf'
loaded  19 ( 19 new) records from '/global/cfs/cdirs/ulens/vismcao/./dm_none.conf'
loaded  19 (  0 new) records from '/global/cfs/cdirs/ulens/vismcao/./keck_ASM.conf'
loaded  19 (  0 new) records from '/global/cfs/cdirs/ulens/vismcao/./keck_DM2.conf'
loaded  19 (  0 new) records from '/global/cfs/cdirs/ulens/vismcao/./keck_DM3.conf'
loaded   0 (  0 new) records from '/global/cfs/cdirs/ulens/vismcao/./keck_dm_multiple.conf'
loaded   7 (  5 new) records from '/global/cfs/cdirs/ulens/vismcao/./atm_mk13n50p_ground_detail.conf'
loaded  76 ( 69 new) records from '/global/homes/b/bpeck/code/maos/config/maos/powfs_common.conf'
loaded  44 ( 38 new) records from '/global/cfs/cdirs/ulens/vismcao/./powfs_none.conf'
loaded  44 (  0 new) records from '/global/cfs/cdirs/ulens/vismcao/./keck_shwfs_lgs.conf'
loaded  44 (  0 new) records from '/global/cfs/cdirs/ulens/vismcao/./keck_shwfs_ttf_strap.conf'
loaded  44 (  0 new) records from '/global/cfs/cdirs/ulens/vismcao/./keck_shwfs_twfs_lbwfs.conf'
loaded   0 (  0 new) records from '/global/cfs/cdirs/ulens/vismcao/./keck_wfs_lgs_strap_lbwfs.conf'
loaded  71 ( 71 new) records from '/global/cfs/cdirs/ulens/vismcao/./keck_recon.conf'
Warning(readcfg.c:399): dbg.na_smooth has been renamed to powfs0_llt.na_smooth.
Warning(readcfg.c:399): dbg.na_interp has been renamed to powfs0_llt.na_interp.
Warning(readcfg.c:399): dbg.na_thres has been renamed to powfs0_llt.na_thres.
Warning(readcfg.c:399): dbg.na_fit_maxit has been renamed to powfs0_llt.na_fit_maxit.
Warning(readcfg.c:399): dbg.na_fit_svdthres has been renamed to powfs0_llt.na_fit_svdthres.
Warning(readcfg.c:399): dbg.na_fit_dh has been renamed to powfs0_llt.na_fit_dh.
Warning(readcfg.c:399): dbg.ncpa_preload has been renamed to ncpa.preload.
Warning(readcfg.c:399): dbg.ncpa_rmsci has been renamed to ncpa.rmsci.
Warning(readcfg.c:399): dbg.draw_opdmax has been renamed to plot.opdmax.
Warning(readcfg.c:399): dbg.draw_gmax has been renamed to plot.gmax.
loaded  95 ( 93 new) records from '/global/cfs/cdirs/ulens/vismcao/./keck_dbg.conf'
loaded   4 (  4 new) records from '/global/cfs/cdirs/ulens/vismcao/./keck_fit_mcao.conf'
Warning(readcfg.c:399): surf has been renamed to ncpa.surf.
loaded  39 (  7 new) records from '/global/cfs/cdirs/ulens/vismcao/master_files/reduced_ngs/9_lgs/8mag_lgs/kola_4000act.conf'
loaded   0 (  0 new) records from 'command line'
loaded  24 ( 18 new) records from '/global/cfs/cdirs/ulens/vismcao/./keck_llt_CL.conf'
Adjust LGS range by telescope altitude 4145m.
Zenith angle is 30 degree.
    Scaling turbulence height and LGS hs by sec(za).
    Scaling r0 by cos(za)^(3/5).
    Scaling wind speed and LGS signal level by cos(za).
powfs0: Adjusting dx from 0.0078125 to 0.0077. 
powfs0.llt.fsm: f0=0 Hz, LPF ep=0
powfs0.epfsm is set to 0.517618 (auto)
powfs2: Adjusting dx from 0.03125 to 0.0312778. 
powfs2 is TWFS for powfs0
sim.ephi is set to 0.427717 (auto)
sim.eplo is set to 0.427717 (auto)
Warning(parms.c:2296): Layer 1 at 17.3205m is very close to layer 0 at 0m (OK).
Warning(parms.c:2296): Layer 2 at 34.641m is very close to layer 1 at 17.3205m (OK).
Warning(parms.c:2296): Layer 3 at 51.9615m is very close to layer 2 at 34.641m (OK).
dm 0: stroke=30 um is provided in micron.
dm 0: assume ia stroke=2 um is provided in micron.
dm 1: stroke=7 um is provided in micron.
dm 1: assume ia stroke=2 um is provided in micron.
dm 2: stroke=7 um is provided in micron.
dm 2: assume ia stroke=2 um is provided in micron.
Focus blending is not implemented yet for integrated tomography
parms->sim.mffocus is reset to 0
There are 1 valid simulation seeds:  1
Output PSF for 1 directions
Used 449 of 456 supplied keys
Warning(readcfg.c:158): key "dbg.pwfs_flate" is not recognized, value is 0
Warning(readcfg.c:158): key "dbg.pwfs_flatv" is not recognized, value is 0
Warning(readcfg.c:158): key "dbg.pwfs_psx" is not recognized, value is [0 0 0 0]
Warning(readcfg.c:158): key "dbg.pwfs_psy" is not recognized, value is [0 0 0 0]
Warning(readcfg.c:158): key "dbg.pwfs_pupelong" is not recognized, value is 0
Warning(readcfg.c:158): key "dbg.pwfs_raw" is not recognized, value is 0
Warning(readcfg.c:158): key "dbg.pwfs_side" is not recognized, value is 4
[00;00mAperture[00;00m is 11 m with sampling 1/128 m
[00;00mTurbulence at 30 degree zenith angle:[00;00m r0=0.128424m, L0=30m, 14 layers.
    Greenwood freq is 25.1Hz, anisoplanatic angle is 1.58 as
    Sampled 8192x8192 at 1/128m. wind dir is randomized.
    layer 0: ht=      0 m, wt= 0.302, ws=  4.8 m/s
    layer 1: ht=     17 m, wt= 0.154, ws=  5.0 m/s
    layer 2: ht=     35 m, wt= 0.041, ws=  5.4 m/s
    layer 3: ht=     52 m, wt= 0.002, ws=  6.6 m/s
    layer 4: ht=    139 m, wt= 0.021, ws=  6.1 m/s
    layer 5: ht=    231 m, wt= 0.010, ws=  6.1 m/s
    layer 6: ht=    323 m, wt= 0.008, ws=  6.1 m/s
    layer 7: ht=    416 m, wt= 0.005, ws=  6.1 m/s
    layer 8: ht=    508 m, wt= 0.001, ws=  6.1 m/s
    layer 9: ht=    932 m, wt= 0.107, ws=  5.6 m/s
    layer 10: ht=   5022 m, wt= 0.144, ws= 11.1 m/s
    layer 11: ht=   9238 m, wt= 0.093, ws= 19.1 m/s
    layer 12: ht=  13856 m, wt= 0.075, ws=  8.2 m/s
    layer 13: ht=  22518 m, wt= 0.036, ws=  4.8 m/s
[00;00mReconstruction[00;00m: r0=0.128424m L0=30m. 14 layers. use cone coordinate.
    layer 0: ht=      0 m, wt= 0.302
    layer 1: ht=     17 m, wt= 0.154
    layer 2: ht=     35 m, wt= 0.041
    layer 3: ht=     52 m, wt= 0.002
    layer 4: ht=    139 m, wt= 0.021
    layer 5: ht=    231 m, wt= 0.010
    layer 6: ht=    323 m, wt= 0.008
    layer 7: ht=    416 m, wt= 0.005
    layer 8: ht=    508 m, wt= 0.001
    layer 9: ht=    932 m, wt= 0.107
    layer 10: ht=   5022 m, wt= 0.144
    layer 11: ht=   9238 m, wt= 0.093
    layer 12: ht=  13856 m, wt= 0.075
    layer 13: ht=  22518 m, wt= 0.036
[00;00mThere are 3 powfs[00;00m
  powfs0: Order 72, LGS at 99.1 km. Sampling 1/129.87 m. Thres 30%. [00;00mT/T is removed in right hand side in tomography.[00;00m
    CCD image is 25x25 @ 500x500 mas, blur 27% (sigma), 1500Hz, wvl: [ 5.89e-07]
    Gtilt in reconstruction. Physical optics start at 0 with [00;00m'matched filter'[00;00m [00;00m(noisy)[00;00m
  powfs1: Order  2, NGS at inf km. Sampling 1/16 m. Thres 30%. 
    Ztilt in reconstruction. Geomtric optics start at 2 with ztilt [00;00m(noisy)[00;00m
  powfs2: Order 20, NGS at inf km. Sampling 1/31.9716 m. Thres 50%. 
    CCD image is 4x4 @ 1500x1500 mas, blur 0% (sigma), 0.015Hz, wvl: [ 7.2e-07]
    Gtilt in reconstruction. Geomtric optics start at 50 with gtilt Physical optics start at 0 with [00;00m'matched filter'[00;00m [00;00m(noisy)[00;00m
[00;00mThere are 13 wfs[00;00m
    wfs 0: type 0, at (  30.00,    0.00) arcsec,  99 km, siglev is 28.4359 bkgrnd is 0.1
    wfs 1: type 0, at (  22.98,   19.28) arcsec,  99 km, siglev is 28.4359 bkgrnd is 0.1
    wfs 2: type 0, at (   5.21,   29.54) arcsec,  99 km, siglev is 28.4359 bkgrnd is 0.1
    wfs 3: type 0, at ( -15.00,   25.98) arcsec,  99 km, siglev is 28.4359 bkgrnd is 0.1
    wfs 4: type 0, at ( -28.19,   10.26) arcsec,  99 km, siglev is 28.4359 bkgrnd is 0.1
    wfs 5: type 0, at ( -28.19,  -10.26) arcsec,  99 km, siglev is 28.4359 bkgrnd is 0.1
    wfs 6: type 0, at ( -15.00,  -25.98) arcsec,  99 km, siglev is 28.4359 bkgrnd is 0.1
    wfs 7: type 0, at (   5.21,  -29.54) arcsec,  99 km, siglev is 28.4359 bkgrnd is 0.1
    wfs 8: type 0, at (  22.98,  -19.28) arcsec,  99 km, siglev is 28.4359 bkgrnd is 0.1
    wfs 9: type 1, at (   5.00,    8.66) arcsec, inf km, siglev is 42387.6 bkgrnd is 1.056
    wfs 10: type 1, at ( -10.00,    0.00) arcsec, inf km, siglev is 42387.6 bkgrnd is 1.056
    wfs 11: type 1, at (   5.00,   -8.66) arcsec, inf km, siglev is 42387.6 bkgrnd is 1.056
    wfs 12: type 2, at (   0.00,    0.00) arcsec, inf km, siglev is 4.1558e+06 bkgrnd is 0.001
[00;00mThere are 3 DMs[00;00m
  DM 0 at -0.1km, actuator pitch 0.154m, offset   0, with 30.000000 micron stroke.
    Normalized cubic influence function with inter-actuator coupling of 0.223
  DM 1 at    6km, actuator pitch 0.168m, offset   0, with 7.000000 micron stroke.
    Normalized cubic influence function with inter-actuator coupling of 0.223
  DM 2 at   10km, actuator pitch 0.168m, offset   0, with 7.000000 micron stroke.
    Normalized cubic influence function with inter-actuator coupling of 0.223
[00;00mTomography[00;00m is using CG, with [00;00mFourer Domain[00;00m preconditioner, [00;00m12[00;00m iterations, integrated tomo.
[00;00mDM Fitting [00;00mis using CG, with [00;00mNo[00;00m preconditioner, [00;00m10[00;00m iterations
[00;00mThere are 9 fit directions[00;00m
    Fit 0: weight is 0.444, at (   0.00,    0.00) arcsec
    Fit 1: weight is 0.111, at (  15.00,    0.00) arcsec
    Fit 2: weight is 0.111, at (   0.00,   15.00) arcsec
    Fit 3: weight is 0.111, at ( -15.00,    0.00) arcsec
    Fit 4: weight is 0.111, at (   0.00,  -15.00) arcsec
    Fit 5: weight is 0.028, at (  15.00,   15.00) arcsec
    Fit 6: weight is 0.028, at ( -15.00,   15.00) arcsec
    Fit 7: weight is 0.028, at ( -15.00,  -15.00) arcsec
    Fit 8: weight is 0.028, at (  15.00,  -15.00) arcsec
[00;00mThere are 1 evaluation directions[00;00m at sampling 1/128 m.
    Evl 0: weight is 1.000, at (   0.00,    0.00) arcsec
[00;00mSimulation[00;00m start at step 0, end at step 1600, with time step 1/1500s, [00;00mclose loop[00;00m.
After setup_parms:	120.5 MiB.
Warning(sock.c:516): connect locally (/global/homes/b/bpeck/.aos/tmp/nid001972/scheduler) failed: Invalid argument. 
CUDA: minimum memory requirement is 0.3GB
GPU 0 is NVIDIA A100-SXM4-40GB with arch 8.0, 38.9GB free, 39.3GB total device memory.
Using GPU 0
Use 1 GPUs for WFS Tomo Fit Evl

*** Preparation started at 2025/02/17 15:17:10 in nid001972. ***

Using OpenMP version 201511 with 128 threads
Reading aperture amplitude map from KECK.fits
Warning(accphi.c:477): 108139 points not covered by input screen
Warning(sock.c:516): connect locally (/global/homes/b/bpeck/.aos/tmp/nid001972/scheduler) failed: Invalid argument. 
 ->maos.c:447->setup.c:148->aper.c:74->utils.c:478->accphi.c:478
iwvl 0: Science PSF is using grid size of 2880. The PSF will sum to 6.95167232825486
iwvl 1: Science PSF is using grid size of 2880. The PSF will sum to 6.95167232825486
iwvl 2: Science PSF is using grid size of 2880. The PSF will sum to 6.95167232825486
iwvl 3: Science PSF is using grid size of 2880. The PSF will sum to 6.95167232825486
iwvl 4: Science PSF is using grid size of 2880. The PSF will sum to 6.95167232825486
iwvl 5: Science PSF is using grid size of 2880. The PSF will sum to 6.95167232825486
iwvl 6: Science PSF is using grid size of 2880. The PSF will sum to 6.95167232825486
iwvl 7: Science PSF is using grid size of 2880. The PSF will sum to 6.95167232825486
iwvl 8: Science PSF is using grid size of 2880. The PSF will sum to 6.95167232825486
After setup_aper:	344.7 MiB.

[00;00mSetting up powfs 0 geom[00;00m

There are 20 points in each subaperture of 0.154m.
There are 3162 valid subaperture.

[00;00mSetting up powfs 1 geom[00;00m

There are 88 points in each subaperture of 5.5m.
There are 4 valid subaperture.

[00;00mSetting up powfs 2 geom[00;00m

There are 18 points in each subaperture of 0.563m.
There are 236 valid subaperture.
After setup_powfs_init:	441.3 MiB.

[00;00mSetting up reconstructor geometry.[00;00m

PLOC is 147x147, with sampling of 0.08m (square)
    DM 0: grid is 75 x 75
    DM 1: grid is 75 x 75
    DM 2: grid is 80 x 79
FLOC is 147x147, with sampling of 0.08m (not square)
Tomography grid is square:
    layer 0: xloc grid is 256 x 256, sampling is 0.077 m, 65536 points
    layer 1: xloc grid is 256 x 256, sampling is 0.077 m, 65536 points
    layer 2: xloc grid is 256 x 256, sampling is 0.077 m, 65536 points
    layer 3: xloc grid is 256 x 256, sampling is 0.077 m, 65536 points
    layer 4: xloc grid is 256 x 256, sampling is 0.077 m, 65536 points
    layer 5: xloc grid is 256 x 256, sampling is 0.077 m, 65536 points
    layer 6: xloc grid is 256 x 256, sampling is 0.077 m, 65536 points
    layer 7: xloc grid is 256 x 256, sampling is 0.077 m, 65536 points
    layer 8: xloc grid is 256 x 256, sampling is 0.077 m, 65536 points
    layer 9: xloc grid is 256 x 256, sampling is 0.076 m, 65536 points
    layer 10: xloc grid is 256 x 256, sampling is 0.073 m, 65536 points
    layer 11: xloc grid is 256 x 256, sampling is 0.070 m, 65536 points
    layer 12: xloc grid is 256 x 256, sampling is 0.066 m, 65536 points
Warning(map.c:195): ninx=256 is too small. need 257
Warning(map.c:200): niny=256 is too small. need 257
    layer 13: xloc grid is 256 x 256, sampling is 0.060 m, 65536 points

[00;00mSetting up powfs 0 PO WFS[00;00m

OTF dimension is 40x40 (calculated)
There is no bias
Uplink FWHM (illt 0, iwvl 0) is 0.580135"
Downlink FWHM (illt 0, iwvl 0) is 1.31876"
Generating matched filter for powfs 0
sa index   location       noise equivalent angle
    1577: (  4.9,  -0.2) m, (144.86, 140.48) mas
    1569: (  3.7,  -0.2) m, (154.59, 142.40) mas
    1562: (  2.6,  -0.2) m, (165.77, 144.60) mas
    1555: (  1.5,  -0.2) m, (178.53, 146.97) mas
    1553: (  1.2,  -0.2) m, (181.66, 147.53) mas
    1109: ( -0.5,  -1.4) m, (209.06, 154.45) mas
    1550: ( -1.7,  -0.2) m, (227.84, 153.78) mas
    1542: ( -2.9,  -0.2) m, (253.72, 156.07) mas
    1535: ( -4.0,  -0.2) m, (284.94, 158.05) mas
    1528: ( -5.1,  -0.2) m, (313.51, 159.87) mas
    1526: ( -5.4,  -0.2) m, (321.69, 160.41) mas
sa index   location       noise equivalent angle
    2693: (  3.5,   2.9) m, (144.18, 143.17) mas
    2427: (  2.6,   2.2) m, (151.51, 149.01) mas
    2127: (  1.7,   1.4) m, (162.10, 157.55) mas
    1886: (  0.9,   0.8) m, (175.34, 168.58) mas
    1885: ( -1.1,   0.8) m, (208.53, 176.71) mas
    1277: ( -1.1,  -0.9) m, (216.36, 201.85) mas
    1038: ( -1.8,  -1.5) m, (216.65, 199.32) mas
     737: ( -2.8,  -2.3) m, (232.76, 211.29) mas
     471: ( -3.7,  -3.1) m, (249.56, 223.66) mas
     122: ( -3.1,  -4.3) m, (238.44, 245.46) mas
sa index   location       noise equivalent angle
    2946: (  0.6,   3.9) m, (142.26, 152.14) mas
    2724: (  0.5,   3.1) m, (143.99, 159.47) mas
    2412: (  0.3,   2.2) m, (146.34, 169.66) mas
    2055: (  0.2,   1.2) m, (148.76, 180.64) mas
    1496: ( -1.4,  -0.3) m, (161.53, 207.86) mas
    1110: ( -0.3,  -1.4) m, (156.38, 223.12) mas
     752: ( -0.5,  -2.3) m, (158.29, 240.69) mas
     440: ( -0.6,  -3.2) m, (160.43, 262.59) mas
       4: ( -0.9,  -4.9) m, (171.88, 321.72) mas
      18: ( -2.3,  -4.8) m, (174.53, 306.48) mas
sa index   location       noise equivalent angle
    3048: ( -2.6,   4.3) m, (141.45, 143.65) mas
    2845: ( -2.2,   3.5) m, (144.24, 149.04) mas
    2504: ( -1.5,   2.5) m, (149.91, 159.89) mas
    2110: ( -0.9,   1.4) m, (156.72, 172.85) mas
    1991: ( -0.8,   1.1) m, (158.33, 176.25) mas
    1225: ( -0.9,  -1.1) m, (173.07, 220.55) mas
    1055: (  0.8,  -1.5) m, (178.66, 219.57) mas
     932: (  0.9,  -1.8) m, (181.09, 225.94) mas
     660: (  1.4,  -2.6) m, (187.35, 240.60) mas
     319: (  2.0,  -3.7) m, (196.22, 263.26) mas
     117: (  2.5,  -4.5) m, (203.17, 280.12) mas
sa index   location       noise equivalent angle
    2210: ( -4.6,   1.7) m, (145.37, 141.27) mas
    2030: ( -3.7,   1.2) m, (152.74, 143.74) mas
    1975: ( -3.2,   1.1) m, (156.61, 144.99) mas
    1827: ( -2.0,   0.6) m, (183.79, 165.34) mas
    1777: ( -1.4,   0.5) m, (178.57, 152.15) mas
    1939: (  0.8,   0.9) m, (213.97, 158.30) mas
    1386: (  1.4,  -0.6) m, (224.50, 165.22) mas
    1335: (  1.8,  -0.8) m, (251.81, 184.92) mas
    1135: (  3.5,  -1.4) m, (270.87, 174.51) mas
    1076: (  4.0,  -1.5) m, (283.97, 176.81) mas
    1410: (  5.1,  -0.6) m, (317.44, 173.71) mas
sa index   location       noise equivalent angle
     896: ( -4.6,  -1.8) m, (145.17, 140.96) mas
    1088: ( -3.7,  -1.4) m, (152.74, 143.74) mas
    1153: ( -3.2,  -1.2) m, (156.61, 144.99) mas
    1323: ( -2.0,  -0.8) m, (183.80, 164.98) mas
    1382: ( -1.4,  -0.6) m, (178.57, 152.15) mas
    2054: (  0.0,   1.2) m, (208.26, 175.22) mas
    1781: (  1.4,   0.5) m, (224.50, 165.22) mas
    1840: (  1.8,   0.6) m, (251.72, 184.73) mas
    2077: (  3.5,   1.2) m, (270.87, 174.51) mas
    2142: (  4.0,   1.4) m, (283.97, 176.81) mas
    1805: (  5.1,   0.5) m, (324.16, 178.25) mas
sa index   location       noise equivalent angle
      84: ( -2.6,  -4.5) m, (141.45, 143.65) mas
     292: ( -2.2,  -3.7) m, (144.24, 149.04) mas
     641: ( -1.5,  -2.6) m, (149.91, 159.89) mas
    1044: ( -0.9,  -1.5) m, (156.72, 172.85) mas
    1169: ( -0.8,  -1.2) m, (158.53, 176.55) mas
    1936: ( -0.9,   0.9) m, (168.57, 215.67) mas
    2121: (  0.8,   1.4) m, (178.66, 219.57) mas
    2246: (  0.9,   1.7) m, (181.09, 225.94) mas
    2523: (  1.4,   2.5) m, (187.35, 240.60) mas
    2872: (  2.0,   3.5) m, (196.22, 263.26) mas
    3081: (  2.5,   4.3) m, (203.17, 280.12) mas
sa index   location       noise equivalent angle
       9: (  0.8,  -4.9) m, (148.88, 154.22) mas
     228: (  0.6,  -4.0) m, (142.26, 152.14) mas
     447: (  0.5,  -3.2) m, (143.99, 159.47) mas
     757: (  0.3,  -2.3) m, (146.34, 169.66) mas
    1113: (  0.2,  -1.4) m, (148.83, 180.71) mas
    1664: ( -1.4,   0.2) m, (161.18, 207.48) mas
    2052: ( -0.3,   1.2) m, (156.02, 222.58) mas
    2407: ( -0.5,   2.2) m, (158.29, 240.69) mas
    2717: ( -0.6,   3.1) m, (160.43, 262.59) mas
    2937: ( -0.8,   3.9) m, (162.30, 283.82) mas
    3129: ( -2.3,   4.6) m, (174.53, 306.48) mas
sa index   location       noise equivalent angle
     468: (  3.7,  -3.2) m, (149.45, 149.36) mas
     518: (  3.5,  -3.1) m, (144.18, 143.17) mas
     772: (  2.6,  -2.3) m, (151.51, 149.01) mas
    1061: (  1.7,  -1.5) m, (162.10, 157.55) mas
    1278: (  0.9,  -0.9) m, (178.15, 171.35) mas
    1277: ( -1.1,  -0.9) m, (212.97, 180.96) mas
    1885: ( -1.1,   0.8) m, (211.96, 197.64) mas
    2104: ( -1.8,   1.4) m, (216.65, 199.32) mas
    2392: ( -2.8,   2.2) m, (232.76, 211.29) mas
    2646: ( -3.7,   2.9) m, (249.56, 223.66) mas
    3004: ( -3.1,   4.2) m, (238.44, 245.46) mas

[00;00mSetting up powfs 2 PO WFS[00;00m

OTF dimension is 48x48 (calculated)
Generating matched filter for powfs 2
Use sanea to derive neasim
Use sanea to derive neasim

[00;00mSetting up reconstructor[00;00m

Recon NEA: cmf(192.81) cmf(192.45) cmf(192.42) cmf(192.61) cmf(192.50) cmf(192.46) cmf(192.52) cmf(192.31) cmf(192.38) geom(0.31) geom(0.31) geom(0.31) mf(0.14)  mas
Setup or update control matrix parameters.
RRtwfs svd threshold is 1e-10
Replacing HA by HA*fit->actextrap
Adding piston cr to fit matrix
Adding TT cr on upper DMs to fit matrix.
Before assembling fit matrix:	5052.6 MiB.
Building fit->FR
Building fit->FL
Adding tikhonov constraint of 1.0e-07 to FLM
The maximum eigen value is estimated to be around 2.8e-04
DM Fit number of Low rank terms: 16 in LHS
After assemble fit matrix:	6807.9 MiB.
After setup_recon:	6807.9 MiB.
GPU 0: mem used 1776 MB (wfs init)
GPU 0: mem used 2844 MB (recon init)
GPU 0: mem used 2874 MB (perf init)

*** Simulation started at 2025/02/17 15:19:20 in nid001972. ***

Running seed 1
GPU 0: mem used 2874 MB (wfs seeding)
Wind dir: 267.3 261.7 167.0 130.5 300.7  32.3 119.8 139.0 150.8 277.7 203.0 133.1  45.9 265.1 deg
Using /global/homes/b/bpeck/.aos/cache/atm/vonkarman_14_8192x8192_0.0078125_1115374592d.bin
After genatm:	6707.5 MiB.
Step     #  Open Loop  PR TT  On axis  PR TT  Field RMS PR TT     Timing 
Step     0: OL  884.6  248.3  OA  884.6 248.3 CL  884.6 248.3 nm  0.103 s
Step    15: OL  908.1  254.1  OA  136.8  71.0 CL  136.8  71.0 nm  0.069 s
Step    29: OL  930.4  258.4  OA  105.7   8.1 CL  105.7   8.1 nm  0.079 s
Step    42: OL  950.5  260.7  OA  105.1  11.9 CL  105.1  11.9 nm  0.078 s
Step    55: OL  969.7  261.0  OA  103.2  16.5 CL  103.2  16.5 nm  0.085 s
Step    68: OL  989.1  259.9  OA  103.8  15.7 CL  103.8  15.7 nm  0.077 s
Step    81: OL 1008.7  258.5  OA  108.7  17.7 CL  108.7  17.7 nm  0.078 s
Step    94: OL 1028.6  257.6  OA  104.0  15.9 CL  104.0  15.9 nm  0.085 s
Step   107: OL 1048.3  257.4  OA  108.1   4.6 CL  108.1   4.6 nm  0.077 s
Step   120: OL 1067.9  258.4  OA  102.1  16.3 CL  102.1  16.3 nm  0.084 s
Step   133: OL 1086.2  261.0  OA  103.1  10.2 CL  103.1  10.2 nm  0.078 s
Step   146: OL 1103.5  265.5  OA  106.1  14.9 CL  106.1  14.9 nm  0.079 s
Step   159: OL 1118.7  271.5  OA  102.7  10.1 CL  102.7  10.1 nm  0.083 s
Step   172: OL 1131.9  278.9  OA  103.3  20.0 CL  103.3  20.0 nm  0.078 s
Step   185: OL 1142.4  287.1  OA  103.5  14.5 CL  103.5  14.5 nm  0.082 s
Step   198: OL 1150.2  295.5  OA  106.5  15.4 CL  106.5  15.4 nm  0.078 s
Step   211: OL 1156.1  303.8  OA  105.9  26.8 CL  105.9  26.8 nm  0.080 s
Step   224: OL 1159.6  312.1  OA  101.1  18.1 CL  101.1  18.1 nm  0.087 s
Step   237: OL 1160.8  320.7  OA  106.4   3.0 CL  106.4   3.0 nm  0.077 s
Step   250: OL 1159.0  329.8  OA  103.7  14.5 CL  103.7  14.5 nm  0.079 s
Step   255 updated high order loop gain: 0.358
Step   263: OL 1153.5  339.2  OA  105.5  13.7 CL  105.5  13.7 nm  0.077 s
Step   276: OL 1144.2  348.5  OA  101.5  18.3 CL  101.5  18.3 nm  0.081 s
Step   288: OL 1133.2  357.8  OA   99.3  13.8 CL   99.3  13.8 nm  0.084 s
Step   301: OL 1120.0  369.0  OA  106.0  31.5 CL  106.0  31.5 nm  0.076 s
Step   314: OL 1105.1  380.9  OA  103.5  24.5 CL  103.5  24.5 nm  0.081 s
Step   327: OL 1088.7  393.8  OA  102.0  17.9 CL  102.0  17.9 nm  0.086 s
Step   340: OL 1071.9  408.5  OA  104.3  21.9 CL  104.3  21.9 nm  0.080 s
Step   353: OL 1055.0  424.9  OA  103.9  16.3 CL  103.9  16.3 nm  0.089 s
Step   366: OL 1038.9  442.8  OA  104.6  16.3 CL  104.6  16.3 nm  0.078 s
Step   379: OL 1023.8  461.5  OA  111.6  20.0 CL  111.6  20.0 nm  0.078 s
Step   392: OL 1009.4  480.3  OA  112.2   9.6 CL  112.2   9.6 nm  0.078 s
Step   405: OL  995.2  498.9  OA  104.5  15.3 CL  104.5  15.3 nm  0.081 s
Step   418: OL  980.4  516.9  OA  105.8  19.7 CL  105.8  19.7 nm  0.082 s
Step   431: OL  965.5  534.2  OA  106.7  23.3 CL  106.7  23.3 nm  0.079 s
Step   444: OL  951.4  551.2  OA  103.3   7.1 CL  103.3   7.1 nm  0.088 s
Step   457: OL  939.5  568.2  OA  104.3  13.4 CL  104.3  13.4 nm  0.077 s
Step   470: OL  930.8  585.1  OA  106.1  26.2 CL  106.1  26.2 nm  0.076 s
Step   483: OL  926.2  601.6  OA  107.5  24.1 CL  107.5  24.1 nm  0.080 s
Step   496: OL  925.8  617.4  OA  106.2  18.4 CL  106.2  18.4 nm  0.080 s
Step   509: OL  927.6  632.0  OA  102.9  11.9 CL  102.9  11.9 nm  0.097 s
Step   511 updated high order loop gain: 0.315
Step   522: OL  931.5  644.8  OA  107.4   7.2 CL  107.4   7.2 nm  0.076 s
Step   535: OL  937.1  654.9  OA  102.6   4.9 CL  102.6   4.9 nm  0.081 s
Step   548: OL  944.9  662.2  OA  105.9   8.2 CL  105.9   8.2 nm  0.080 s
Step   561: OL  954.9  667.1  OA  104.1  15.8 CL  104.1  15.8 nm  0.077 s
Step   574: OL  966.5  669.8  OA  101.8   1.3 CL  101.8   1.3 nm  0.087 s
Step   587: OL  979.8  670.7  OA  101.5   8.1 CL  101.5   8.1 nm  0.076 s
Step   600: OL  994.4  668.9  OA  102.7  10.2 CL  102.7  10.2 nm  0.081 s
Step   613: OL 1009.5  664.3  OA  103.6  11.2 CL  103.6  11.2 nm  0.081 s
Step   626: OL 1024.8  657.3  OA  101.0  10.7 CL  101.0  10.7 nm  0.078 s
Step   639: OL 1039.5  647.9  OA  102.9  11.7 CL  102.9  11.7 nm  0.087 s
Step   652: OL 1053.0  636.7  OA   98.4  13.8 CL   98.4  13.8 nm  0.085 s
Step   665: OL 1065.3  624.1  OA  100.4  11.6 CL  100.4  11.6 nm  0.088 s
Step   678: OL 1076.7  610.5  OA  103.6   5.9 CL  103.6   5.9 nm  0.080 s
Step   691: OL 1087.3  596.9  OA  108.2  18.0 CL  108.2  18.0 nm  0.078 s
Step   704: OL 1096.2  582.2  OA  103.5  12.0 CL  103.5  12.0 nm  0.080 s
Step   717: OL 1102.4  566.4  OA  108.5  18.5 CL  108.5  18.5 nm  0.078 s
Step   730: OL 1105.8  550.2  OA  104.1  21.2 CL  104.1  21.2 nm  0.088 s
Step   743: OL 1106.0  534.2  OA  105.2  17.7 CL  105.2  17.7 nm  0.083 s
Step   756: OL 1103.3  518.5  OA  109.2  19.2 CL  109.2  19.2 nm  0.090 s
Step   767 updated high order loop gain: 0.296
Step   769: OL 1097.7  503.4  OA  108.2  20.6 CL  108.2  20.6 nm  0.078 s
Step   782: OL 1089.1  488.8  OA  107.6   8.0 CL  107.6   8.0 nm  0.078 s
Step   795: OL 1077.1  474.2  OA  101.4   6.1 CL  101.4   6.1 nm  0.083 s
Step   808: OL 1062.7  459.7  OA  104.4  17.1 CL  104.4  17.1 nm  0.077 s
Step   821: OL 1046.0  445.2  OA  105.4  17.9 CL  105.4  17.9 nm  0.084 s
Step   834: OL 1026.9  431.1  OA  105.2  11.7 CL  105.2  11.7 nm  0.076 s
Step   846: OL 1008.2  418.7  OA  109.1  16.3 CL  109.1  16.3 nm  0.080 s
Step   859: OL  987.5  406.0  OA  103.3   5.8 CL  103.3   5.8 nm  0.079 s
Step   869: OL  971.8  397.3  OA  104.7  19.7 CL  104.7  19.7 nm  0.079 s
Step   882: OL  952.4  387.1  OA  105.3   9.2 CL  105.3   9.2 nm  0.085 s
Step   895: OL  933.1  378.2  OA  108.0  22.3 CL  108.0  22.3 nm  0.078 s
Step   908: OL  912.8  370.5  OA  106.0  15.9 CL  106.0  15.9 nm  0.076 s
Step   921: OL  892.0  364.0  OA  100.6   7.7 CL  100.6   7.7 nm  0.079 s
Step   934: OL  871.6  357.8  OA  109.1   3.6 CL  109.1   3.6 nm  0.081 s
Step   947: OL  851.8  351.6  OA  105.2   7.6 CL  105.2   7.6 nm  0.088 s
Step   960: OL  833.4  345.0  OA  106.2  21.8 CL  106.2  21.8 nm  0.074 s
Step   973: OL  817.5  337.6  OA  103.0  14.9 CL  103.0  14.9 nm  0.081 s
Step   986: OL  803.6  329.5  OA  103.1   8.8 CL  103.1   8.8 nm  0.078 s
Step   999: OL  791.1  320.4  OA  103.7  12.3 CL  103.7  12.3 nm  0.079 s
Step  1012: OL  779.7  310.6  OA  101.7  15.3 CL  101.7  15.3 nm  0.125 s
Step  1023 updated high order loop gain: 0.290
Step  1025: OL  769.9  300.6  OA  101.6  11.8 CL  101.6  11.8 nm  0.079 s
Step  1038: OL  761.6  290.0  OA  102.4   3.4 CL  102.4   3.4 nm  0.088 s
Step  1051: OL  753.9  278.6  OA  105.5   6.8 CL  105.5   6.8 nm  0.079 s
Step  1064: OL  746.4  266.0  OA  104.2  21.7 CL  104.2  21.7 nm  0.079 s
Step  1077: OL  740.5  251.8  OA  107.2  29.6 CL  107.2  29.6 nm  0.085 s
Step  1090: OL  736.9  236.6  OA  102.2   9.3 CL  102.2   9.3 nm  0.081 s
Step  1103: OL  735.1  222.2  OA  107.3  16.1 CL  107.3  16.1 nm  0.084 s
Step  1114: OL  734.5  211.0  OA  104.2  26.2 CL  104.2  26.2 nm  0.077 s
Step  1127: OL  734.6  199.3  OA  101.0  15.3 CL  101.0  15.3 nm  0.081 s
Step  1140: OL  735.1  189.6  OA  105.5  28.0 CL  105.5  28.0 nm  0.078 s
Step  1153: OL  736.0  181.6  OA   99.0  11.2 CL   99.0  11.2 nm  0.080 s
Step  1166: OL  736.5  175.7  OA   99.1  19.3 CL   99.1  19.3 nm  0.083 s
Step  1179: OL  737.6  171.7  OA   98.5  21.4 CL   98.5  21.4 nm  0.076 s
Step  1192: OL  740.1  168.7  OA  102.5   9.6 CL  102.5   9.6 nm  0.078 s
Step  1205: OL  743.1  166.2  OA  101.7  20.0 CL  101.7  20.0 nm  0.093 s
Step  1218: OL  746.1  164.2  OA  103.7  16.0 CL  103.7  16.0 nm  0.078 s
Step  1231: OL  748.8  163.6  OA  100.8  11.5 CL  100.8  11.5 nm  0.087 s
Step  1244: OL  750.6  164.9  OA   98.9   7.4 CL   98.9   7.4 nm  0.076 s
Step  1257: OL  752.8  168.4  OA  103.6  12.9 CL  103.6  12.9 nm  0.078 s
Step  1270: OL  755.4  173.9  OA  104.4  14.4 CL  104.4  14.4 nm  0.080 s
Step  1279 updated high order loop gain: 0.282
Step  1283: OL  758.9  180.9  OA   99.2   6.0 CL   99.2   6.0 nm  0.081 s
Step  1296: OL  763.3  189.1  OA   99.2   0.9 CL   99.2   0.9 nm  0.083 s
Step  1309: OL  767.6  198.3  OA  102.3  15.8 CL  102.3  15.8 nm  0.078 s
Step  1322: OL  771.4  208.5  OA  101.0   7.7 CL  101.0   7.7 nm  0.080 s
Step  1335: OL  776.1  219.8  OA  100.2   9.6 CL  100.2   9.6 nm  0.076 s
Step  1348: OL  782.0  231.7  OA   95.2   7.3 CL   95.2   7.3 nm  0.078 s
Step  1361: OL  789.7  243.1  OA   97.5  18.6 CL   97.5  18.6 nm  0.087 s
Step  1374: OL  798.4  252.6  OA   97.0   7.4 CL   97.0   7.4 nm  0.079 s
Step  1387: OL  808.0  260.4  OA   96.6   0.9 CL   96.6   0.9 nm  0.083 s
Step  1399: OL  818.1  266.0  OA  101.9  21.6 CL  101.9  21.6 nm  0.080 s
Step  1412: OL  830.3  270.5  OA   99.9   2.0 CL   99.9   2.0 nm  0.080 s
Step  1425: OL  843.2  273.8  OA  100.6   7.7 CL  100.6   7.7 nm  0.089 s
Step  1438: OL  855.7  276.6  OA  103.1  21.7 CL  103.1  21.7 nm  0.078 s
Step  1451: OL  867.9  278.7  OA  101.0  13.1 CL  101.0  13.1 nm  0.080 s
Step  1464: OL  879.0  279.5  OA   99.3  10.9 CL   99.3  10.9 nm  0.080 s
Step  1477: OL  887.4  278.7  OA   95.9   1.0 CL   95.9   1.0 nm  0.078 s
Step  1490: OL  892.2  276.1  OA  103.3   5.4 CL  103.3   5.4 nm  0.086 s
Step  1503: OL  893.5  271.7  OA   98.8  16.1 CL   98.8  16.1 nm  0.081 s
Step  1516: OL  892.2  266.0  OA  100.6   8.3 CL  100.6   8.3 nm  0.079 s
Step  1529: OL  889.0  259.3  OA  100.5   5.1 CL  100.5   5.1 nm  0.084 s
Step  1535 updated high order loop gain: 0.280
Step  1542: OL  883.4  251.2  OA   97.7   6.9 CL   97.7   6.9 nm  0.077 s
Step  1555: OL  877.1  242.6  OA  103.0  17.7 CL  103.0  17.7 nm  0.087 s
Step  1568: OL  870.7  234.4  OA  101.1  10.3 CL  101.1  10.3 nm  0.079 s
Step  1581: OL  863.3  227.2  OA   99.6   5.9 CL   99.6   5.9 nm  0.076 s
Step  1594: OL  855.5  221.4  OA  102.6   9.2 CL  102.6   9.2 nm  0.086 s
Step 1599: Output PSF
Step  1599: OL  852.2  219.3  OA  103.9   9.5 CL  103.9   9.5 nm  1.229 s
Mean: 103.01 13.90 102.07  nm.

*** Simulation Finished at 2025/02/17 15:21:37 in nid001972. ***

