Warning(sock.c:516): connect locally (/global/homes/b/bpeck/.aos/tmp/nid001972/scheduler) failed: Invalid argument. 
/global/cfs/cdirs/ulens/vismcao/maos -o studies/reduced_ngs/9_lgs/8mag_lgs/5000count -c master_files/reduced_ngs/9_lgs/8mag_lgs/kola_5000act.conf -O 
Output folder is 'studies/reduced_ngs/9_lgs/8mag_lgs/5000count'.
SRC: /global/homes/b/bpeck/code/maos v2.9 4c88b7c2 2024-11-13 16:45:33 -0800
BUILT: /global/homes/b/bpeck/code/maos/optim by GCC (v12) on 2024/11/18 09:40:03 CPU(F64,+O3) with CUDA(v122,F32)
Launched at 2025/02/17 15:34:42 in nid001972 with PID 1700720.
The web based job monitor can be accessed at http://localhost:10300
Main config file is /global/cfs/cdirs/ulens/vismcao/master_files/reduced_ngs/9_lgs/8mag_lgs/kola_5000act.conf
Warning(path.c:48): Path not found: path=/global/cfs/cdirs/ulens/vismcao/master_files/reduced_ngs/9_lgs/8mag_lgs/bin; abspath=/global/cfs/cdirs/ulens/vismcao/master_files/reduced_ngs/9_lgs/8mag_lgs/bin; Ignored.
Warning(path.c:48): Path not found: path=/global/cfs/cdirs/ulens/vismcao/master_files/reduced_ngs/9_lgs/8mag_lgs/atm; abspath=/global/cfs/cdirs/ulens/vismcao/master_files/reduced_ngs/9_lgs/8mag_lgs/atm; Ignored.
Warning(readcfg.c:399): sim.apfsm has been renamed to powfs.apfsm.
Warning(readcfg.c:399): sim.epfsm has been renamed to powfs.epfsm.
Warning(readcfg.c:399): sim.alfsm has been renamed to powfs.alfsm.
Warning(readcfg.c:399): sim.commonfsm has been renamed to powfs.commonfsm.
Warning(readcfg.c:399): sim.idealfsm has been renamed to powfs.idealfsm.
Warning(readcfg.c:399): sim.zetafsm has been renamed to powfs.zetafsm.
Warning(readcfg.c:399): sim.f0fsm has been renamed to powfs.f0fsm.
Warning(readcfg.c:399): tsurf has been renamed to ncpa.tsurf.
loaded 132 (132 new) records from '/global/cfs/cdirs/ulens/vismcao/./keck_sim.conf'
loaded  19 ( 19 new) records from '/global/cfs/cdirs/ulens/vismcao/./dm_none.conf'
loaded  19 (  0 new) records from '/global/cfs/cdirs/ulens/vismcao/./keck_ASM.conf'
loaded  19 (  0 new) records from '/global/cfs/cdirs/ulens/vismcao/./keck_DM2.conf'
loaded  19 (  0 new) records from '/global/cfs/cdirs/ulens/vismcao/./keck_DM3.conf'
loaded   0 (  0 new) records from '/global/cfs/cdirs/ulens/vismcao/./keck_dm_multiple.conf'
loaded   7 (  5 new) records from '/global/cfs/cdirs/ulens/vismcao/./atm_mk13n50p_ground_detail.conf'
loaded  76 ( 69 new) records from '/global/homes/b/bpeck/code/maos/config/maos/powfs_common.conf'
loaded  44 ( 38 new) records from '/global/cfs/cdirs/ulens/vismcao/./powfs_none.conf'
loaded  44 (  0 new) records from '/global/cfs/cdirs/ulens/vismcao/./keck_shwfs_lgs.conf'
loaded  44 (  0 new) records from '/global/cfs/cdirs/ulens/vismcao/./keck_shwfs_ttf_strap.conf'
loaded  44 (  0 new) records from '/global/cfs/cdirs/ulens/vismcao/./keck_shwfs_twfs_lbwfs.conf'
loaded   0 (  0 new) records from '/global/cfs/cdirs/ulens/vismcao/./keck_wfs_lgs_strap_lbwfs.conf'
loaded  71 ( 71 new) records from '/global/cfs/cdirs/ulens/vismcao/./keck_recon.conf'
Warning(readcfg.c:399): dbg.na_smooth has been renamed to powfs0_llt.na_smooth.
Warning(readcfg.c:399): dbg.na_interp has been renamed to powfs0_llt.na_interp.
Warning(readcfg.c:399): dbg.na_thres has been renamed to powfs0_llt.na_thres.
Warning(readcfg.c:399): dbg.na_fit_maxit has been renamed to powfs0_llt.na_fit_maxit.
Warning(readcfg.c:399): dbg.na_fit_svdthres has been renamed to powfs0_llt.na_fit_svdthres.
Warning(readcfg.c:399): dbg.na_fit_dh has been renamed to powfs0_llt.na_fit_dh.
Warning(readcfg.c:399): dbg.ncpa_preload has been renamed to ncpa.preload.
Warning(readcfg.c:399): dbg.ncpa_rmsci has been renamed to ncpa.rmsci.
Warning(readcfg.c:399): dbg.draw_opdmax has been renamed to plot.opdmax.
Warning(readcfg.c:399): dbg.draw_gmax has been renamed to plot.gmax.
loaded  95 ( 93 new) records from '/global/cfs/cdirs/ulens/vismcao/./keck_dbg.conf'
loaded   4 (  4 new) records from '/global/cfs/cdirs/ulens/vismcao/./keck_fit_mcao.conf'
Warning(readcfg.c:399): surf has been renamed to ncpa.surf.
loaded  39 (  7 new) records from '/global/cfs/cdirs/ulens/vismcao/master_files/reduced_ngs/9_lgs/8mag_lgs/kola_5000act.conf'
loaded   0 (  0 new) records from 'command line'
loaded  24 ( 18 new) records from '/global/cfs/cdirs/ulens/vismcao/./keck_llt_CL.conf'
Adjust LGS range by telescope altitude 4145m.
Zenith angle is 30 degree.
    Scaling turbulence height and LGS hs by sec(za).
    Scaling r0 by cos(za)^(3/5).
    Scaling wind speed and LGS signal level by cos(za).
powfs0: Adjusting dx from 0.0078125 to 0.00766667. 
powfs0.llt.fsm: f0=0 Hz, LPF ep=0
powfs0.epfsm is set to 0.517618 (auto)
powfs2: Adjusting dx from 0.03125 to 0.0312778. 
powfs2 is TWFS for powfs0
sim.ephi is set to 0.427717 (auto)
sim.eplo is set to 0.427717 (auto)
Warning(parms.c:2296): Layer 1 at 17.3205m is very close to layer 0 at 0m (OK).
Warning(parms.c:2296): Layer 2 at 34.641m is very close to layer 1 at 17.3205m (OK).
Warning(parms.c:2296): Layer 3 at 51.9615m is very close to layer 2 at 34.641m (OK).
dm 0: stroke=30 um is provided in micron.
dm 0: assume ia stroke=2 um is provided in micron.
dm 1: stroke=7 um is provided in micron.
dm 1: assume ia stroke=2 um is provided in micron.
dm 2: stroke=7 um is provided in micron.
dm 2: assume ia stroke=2 um is provided in micron.
Focus blending is not implemented yet for integrated tomography
parms->sim.mffocus is reset to 0
There are 1 valid simulation seeds:  1
Output PSF for 1 directions
Used 449 of 456 supplied keys
Warning(readcfg.c:158): key "dbg.pwfs_flate" is not recognized, value is 0
Warning(readcfg.c:158): key "dbg.pwfs_flatv" is not recognized, value is 0
Warning(readcfg.c:158): key "dbg.pwfs_psx" is not recognized, value is [0 0 0 0]
Warning(readcfg.c:158): key "dbg.pwfs_psy" is not recognized, value is [0 0 0 0]
Warning(readcfg.c:158): key "dbg.pwfs_pupelong" is not recognized, value is 0
Warning(readcfg.c:158): key "dbg.pwfs_raw" is not recognized, value is 0
Warning(readcfg.c:158): key "dbg.pwfs_side" is not recognized, value is 4
[00;00mAperture[00;00m is 11 m with sampling 1/128 m
[00;00mTurbulence at 30 degree zenith angle:[00;00m r0=0.128424m, L0=30m, 14 layers.
    Greenwood freq is 25.1Hz, anisoplanatic angle is 1.58 as
    Sampled 8192x8192 at 1/128m. wind dir is randomized.
    layer 0: ht=      0 m, wt= 0.302, ws=  4.8 m/s
    layer 1: ht=     17 m, wt= 0.154, ws=  5.0 m/s
    layer 2: ht=     35 m, wt= 0.041, ws=  5.4 m/s
    layer 3: ht=     52 m, wt= 0.002, ws=  6.6 m/s
    layer 4: ht=    139 m, wt= 0.021, ws=  6.1 m/s
    layer 5: ht=    231 m, wt= 0.010, ws=  6.1 m/s
    layer 6: ht=    323 m, wt= 0.008, ws=  6.1 m/s
    layer 7: ht=    416 m, wt= 0.005, ws=  6.1 m/s
    layer 8: ht=    508 m, wt= 0.001, ws=  6.1 m/s
    layer 9: ht=    932 m, wt= 0.107, ws=  5.6 m/s
    layer 10: ht=   5022 m, wt= 0.144, ws= 11.1 m/s
    layer 11: ht=   9238 m, wt= 0.093, ws= 19.1 m/s
    layer 12: ht=  13856 m, wt= 0.075, ws=  8.2 m/s
    layer 13: ht=  22518 m, wt= 0.036, ws=  4.8 m/s
[00;00mReconstruction[00;00m: r0=0.128424m L0=30m. 14 layers. use cone coordinate.
    layer 0: ht=      0 m, wt= 0.302
    layer 1: ht=     17 m, wt= 0.154
    layer 2: ht=     35 m, wt= 0.041
    layer 3: ht=     52 m, wt= 0.002
    layer 4: ht=    139 m, wt= 0.021
    layer 5: ht=    231 m, wt= 0.010
    layer 6: ht=    323 m, wt= 0.008
    layer 7: ht=    416 m, wt= 0.005
    layer 8: ht=    508 m, wt= 0.001
    layer 9: ht=    932 m, wt= 0.107
    layer 10: ht=   5022 m, wt= 0.144
    layer 11: ht=   9238 m, wt= 0.093
    layer 12: ht=  13856 m, wt= 0.075
    layer 13: ht=  22518 m, wt= 0.036
[00;00mThere are 3 powfs[00;00m
  powfs0: Order 80, LGS at 99.1 km. Sampling 1/130.435 m. Thres 30%. [00;00mT/T is removed in right hand side in tomography.[00;00m
    CCD image is 25x25 @ 500x500 mas, blur 27% (sigma), 1500Hz, wvl: [ 5.89e-07]
    Gtilt in reconstruction. Physical optics start at 0 with [00;00m'matched filter'[00;00m [00;00m(noisy)[00;00m
  powfs1: Order  2, NGS at inf km. Sampling 1/16 m. Thres 30%. 
    Ztilt in reconstruction. Geomtric optics start at 2 with ztilt [00;00m(noisy)[00;00m
  powfs2: Order 20, NGS at inf km. Sampling 1/31.9716 m. Thres 50%. 
    CCD image is 4x4 @ 1500x1500 mas, blur 0% (sigma), 0.015Hz, wvl: [ 7.2e-07]
    Gtilt in reconstruction. Geomtric optics start at 50 with gtilt Physical optics start at 0 with [00;00m'matched filter'[00;00m [00;00m(noisy)[00;00m
[00;00mThere are 13 wfs[00;00m
    wfs 0: type 0, at (  30.00,    0.00) arcsec,  99 km, siglev is 22.8345 bkgrnd is 0.1
    wfs 1: type 0, at (  22.98,   19.28) arcsec,  99 km, siglev is 22.8345 bkgrnd is 0.1
    wfs 2: type 0, at (   5.21,   29.54) arcsec,  99 km, siglev is 22.8345 bkgrnd is 0.1
    wfs 3: type 0, at ( -15.00,   25.98) arcsec,  99 km, siglev is 22.8345 bkgrnd is 0.1
    wfs 4: type 0, at ( -28.19,   10.26) arcsec,  99 km, siglev is 22.8345 bkgrnd is 0.1
    wfs 5: type 0, at ( -28.19,  -10.26) arcsec,  99 km, siglev is 22.8345 bkgrnd is 0.1
    wfs 6: type 0, at ( -15.00,  -25.98) arcsec,  99 km, siglev is 22.8345 bkgrnd is 0.1
    wfs 7: type 0, at (   5.21,  -29.54) arcsec,  99 km, siglev is 22.8345 bkgrnd is 0.1
    wfs 8: type 0, at (  22.98,  -19.28) arcsec,  99 km, siglev is 22.8345 bkgrnd is 0.1
    wfs 9: type 1, at (   5.00,    8.66) arcsec, inf km, siglev is 42387.6 bkgrnd is 1.056
    wfs 10: type 1, at ( -10.00,    0.00) arcsec, inf km, siglev is 42387.6 bkgrnd is 1.056
    wfs 11: type 1, at (   5.00,   -8.66) arcsec, inf km, siglev is 42387.6 bkgrnd is 1.056
    wfs 12: type 2, at (   0.00,    0.00) arcsec, inf km, siglev is 4.1558e+06 bkgrnd is 0.001
[00;00mThere are 3 DMs[00;00m
  DM 0 at -0.1km, actuator pitch 0.138m, offset   0, with 30.000000 micron stroke.
    Normalized cubic influence function with inter-actuator coupling of 0.223
  DM 1 at    6km, actuator pitch 0.168m, offset   0, with 7.000000 micron stroke.
    Normalized cubic influence function with inter-actuator coupling of 0.223
  DM 2 at   10km, actuator pitch 0.168m, offset   0, with 7.000000 micron stroke.
    Normalized cubic influence function with inter-actuator coupling of 0.223
[00;00mTomography[00;00m is using CG, with [00;00mFourer Domain[00;00m preconditioner, [00;00m12[00;00m iterations, integrated tomo.
[00;00mDM Fitting [00;00mis using CG, with [00;00mNo[00;00m preconditioner, [00;00m10[00;00m iterations
[00;00mThere are 9 fit directions[00;00m
    Fit 0: weight is 0.444, at (   0.00,    0.00) arcsec
    Fit 1: weight is 0.111, at (  15.00,    0.00) arcsec
    Fit 2: weight is 0.111, at (   0.00,   15.00) arcsec
    Fit 3: weight is 0.111, at ( -15.00,    0.00) arcsec
    Fit 4: weight is 0.111, at (   0.00,  -15.00) arcsec
    Fit 5: weight is 0.028, at (  15.00,   15.00) arcsec
    Fit 6: weight is 0.028, at ( -15.00,   15.00) arcsec
    Fit 7: weight is 0.028, at ( -15.00,  -15.00) arcsec
    Fit 8: weight is 0.028, at (  15.00,  -15.00) arcsec
[00;00mThere are 1 evaluation directions[00;00m at sampling 1/128 m.
    Evl 0: weight is 1.000, at (   0.00,    0.00) arcsec
[00;00mSimulation[00;00m start at step 0, end at step 1600, with time step 1/1500s, [00;00mclose loop[00;00m.
After setup_parms:	120.5 MiB.
Warning(sock.c:516): connect locally (/global/homes/b/bpeck/.aos/tmp/nid001972/scheduler) failed: Invalid argument. 
CUDA: minimum memory requirement is 0.4GB
GPU 0 is NVIDIA A100-SXM4-40GB with arch 8.0, 38.9GB free, 39.3GB total device memory.
Using GPU 0
Use 1 GPUs for WFS Tomo Fit Evl

*** Preparation started at 2025/02/17 15:34:43 in nid001972. ***

Using OpenMP version 201511 with 128 threads
Reading aperture amplitude map from KECK.fits
Warning(accphi.c:477): 108520 points not covered by input screen
Warning(sock.c:516): connect locally (/global/homes/b/bpeck/.aos/tmp/nid001972/scheduler) failed: Invalid argument. 
 ->maos.c:447->setup.c:148->aper.c:74->utils.c:478->accphi.c:478
iwvl 0: Science PSF is using grid size of 2880. The PSF will sum to 6.95167232825486
iwvl 1: Science PSF is using grid size of 2880. The PSF will sum to 6.95167232825486
iwvl 2: Science PSF is using grid size of 2880. The PSF will sum to 6.95167232825486
iwvl 3: Science PSF is using grid size of 2880. The PSF will sum to 6.95167232825486
iwvl 4: Science PSF is using grid size of 2880. The PSF will sum to 6.95167232825486
iwvl 5: Science PSF is using grid size of 2880. The PSF will sum to 6.95167232825486
iwvl 6: Science PSF is using grid size of 2880. The PSF will sum to 6.95167232825486
iwvl 7: Science PSF is using grid size of 2880. The PSF will sum to 6.95167232825486
iwvl 8: Science PSF is using grid size of 2880. The PSF will sum to 6.95167232825486
After setup_aper:	344.8 MiB.

[00;00mSetting up powfs 0 geom[00;00m

There are 18 points in each subaperture of 0.138m.
There are 3911 valid subaperture.

[00;00mSetting up powfs 1 geom[00;00m

There are 88 points in each subaperture of 5.5m.
There are 4 valid subaperture.

[00;00mSetting up powfs 2 geom[00;00m

There are 18 points in each subaperture of 0.563m.
There are 236 valid subaperture.
After setup_powfs_init:	445.0 MiB.

[00;00mSetting up reconstructor geometry.[00;00m

PLOC is 163x163, with sampling of 0.07m (square)
    DM 0: grid is 84 x 83
    DM 1: grid is 75 x 75
    DM 2: grid is 80 x 79
FLOC is 163x163, with sampling of 0.07m (not square)
Tomography grid is square:
    layer 0: xloc grid is 288 x 288, sampling is 0.069 m, 82944 points
    layer 1: xloc grid is 288 x 288, sampling is 0.069 m, 82944 points
    layer 2: xloc grid is 288 x 288, sampling is 0.069 m, 82944 points
    layer 3: xloc grid is 288 x 288, sampling is 0.069 m, 82944 points
    layer 4: xloc grid is 288 x 288, sampling is 0.069 m, 82944 points
    layer 5: xloc grid is 288 x 288, sampling is 0.069 m, 82944 points
    layer 6: xloc grid is 288 x 288, sampling is 0.069 m, 82944 points
    layer 7: xloc grid is 288 x 288, sampling is 0.069 m, 82944 points
    layer 8: xloc grid is 288 x 288, sampling is 0.069 m, 82944 points
    layer 9: xloc grid is 288 x 288, sampling is 0.068 m, 82944 points
    layer 10: xloc grid is 288 x 288, sampling is 0.066 m, 82944 points
    layer 11: xloc grid is 288 x 288, sampling is 0.063 m, 82944 points
    layer 12: xloc grid is 288 x 288, sampling is 0.059 m, 82944 points
    layer 13: xloc grid is 288 x 288, sampling is 0.053 m, 82944 points

[00;00mSetting up powfs 0 PO WFS[00;00m

OTF dimension is 36x36 (calculated)
There is no bias
Uplink FWHM (illt 0, iwvl 0) is 0.581315"
Downlink FWHM (illt 0, iwvl 0) is 1.4091"
Generating matched filter for powfs 0
sa index   location       noise equivalent angle
    1955: (  4.8,  -0.1) m, (178.16, 170.08) mas
    1947: (  3.7,  -0.1) m, (191.70, 172.09) mas
    1939: (  2.6,  -0.1) m, (209.51, 174.70) mas
    1931: (  1.5,  -0.1) m, (230.10, 177.67) mas
    1929: (  1.2,  -0.1) m, (235.48, 178.43) mas
    1375: ( -0.6,  -1.4) m, (268.94, 187.62) mas
    1925: ( -1.8,  -0.1) m, (292.53, 186.78) mas
    1917: ( -2.9,  -0.1) m, (312.94, 189.77) mas
    1909: ( -4.0,  -0.1) m, (332.26, 192.54) mas
    1901: ( -5.1,  -0.1) m, (353.75, 195.40) mas
    1899: ( -5.4,  -0.1) m, (361.19, 196.29) mas
sa index   location       noise equivalent angle
    3367: (  3.7,   3.0) m, (174.74, 173.65) mas
    3192: (  3.2,   2.6) m, (178.23, 175.98) mas
    2894: (  2.3,   1.9) m, (189.41, 184.61) mas
    2620: (  1.7,   1.4) m, (200.42, 192.95) mas
    2357: (  1.0,   0.8) m, (212.19, 201.83) mas
    1382: (  0.4,  -1.4) m, (222.01, 238.07) mas
    1561: ( -1.1,  -1.0) m, (248.83, 231.41) mas
    1298: ( -1.8,  -1.5) m, (262.48, 241.81) mas
    1023: ( -2.5,  -2.1) m, (276.51, 252.55) mas
     725: ( -3.3,  -2.8) m, (293.80, 266.33) mas
     164: ( -3.0,  -4.3) m, (287.43, 295.31) mas
sa index   location       noise equivalent angle
    3894: (  0.7,   4.7) m, (170.50, 178.22) mas
    3781: (  0.7,   4.3) m, (170.90, 181.43) mas
    3229: (  0.4,   2.8) m, (175.03, 204.23) mas
    2879: (  0.3,   1.9) m, (196.13, 247.16) mas
    2541: (  0.1,   1.2) m, (180.30, 232.79) mas
    1802: ( -1.4,  -0.4) m, (196.15, 263.21) mas
    1377: ( -0.3,  -1.4) m, (189.50, 282.51) mas
    1038: ( -0.4,  -2.1) m, (213.32, 333.05) mas
     412: ( -0.7,  -3.6) m, (197.77, 324.94) mas
     134: ( -0.8,  -4.4) m, (200.89, 342.41) mas
      13: ( -2.2,  -4.8) m, (219.22, 357.61) mas
sa index   location       noise equivalent angle
    3803: ( -2.6,   4.4) m, (170.91, 173.39) mas
    3712: ( -2.5,   4.1) m, (172.32, 176.64) mas
    3382: ( -1.9,   3.2) m, (177.41, 187.68) mas
    2988: ( -1.4,   2.2) m, (184.31, 202.20) mas
    2534: ( -0.8,   1.2) m, (192.30, 218.61) mas
    2053: (  1.2,   0.1) m, (222.63, 237.65) mas
    1384: (  0.7,  -1.4) m, (215.78, 266.72) mas
     929: (  1.2,  -2.3) m, (225.41, 286.32) mas
     534: (  1.8,  -3.3) m, (235.48, 306.54) mas
     203: (  2.3,  -4.3) m, (246.03, 327.39) mas
     112: (  2.5,  -4.6) m, (249.07, 334.04) mas
sa index   location       noise equivalent angle
    2710: ( -4.7,   1.7) m, (181.01, 173.91) mas
    2513: ( -3.7,   1.2) m, (188.12, 174.08) mas
    2452: ( -3.3,   1.1) m, (193.84, 175.63) mas
    2235: ( -1.8,   0.6) m, (218.63, 182.91) mas
    2177: ( -1.4,   0.4) m, (227.31, 185.37) mas
    1379: (  0.0,  -1.4) m, (259.93, 214.28) mas
    1742: (  1.2,  -0.6) m, (276.85, 200.53) mas
    1683: (  1.7,  -0.7) m, (285.73, 203.07) mas
    1466: (  3.2,  -1.2) m, (316.38, 212.31) mas
    1274: (  4.3,  -1.7) m, (339.91, 219.55) mas
    1770: (  5.1,  -0.6) m, (353.44, 208.71) mas
sa index   location       noise equivalent angle
    1141: ( -4.7,  -1.8) m, (181.01, 173.91) mas
    1352: ( -3.7,  -1.4) m, (188.12, 174.08) mas
    1423: ( -3.3,  -1.2) m, (193.84, 175.63) mas
    1674: ( -1.8,  -0.7) m, (218.63, 182.91) mas
    1739: ( -1.4,  -0.6) m, (227.31, 185.37) mas
    2540: (  0.0,   1.2) m, (259.61, 214.03) mas
    2180: (  1.2,   0.4) m, (276.85, 200.53) mas
    2244: (  1.7,   0.6) m, (285.73, 203.07) mas
    2495: (  3.2,   1.1) m, (316.38, 212.31) mas
    2707: (  4.3,   1.5) m, (339.91, 219.55) mas
    2208: (  5.1,   0.4) m, (353.44, 208.71) mas
sa index   location       noise equivalent angle
      75: ( -2.6,  -4.6) m, (170.91, 173.39) mas
     168: ( -2.5,  -4.3) m, (172.32, 176.64) mas
     507: ( -1.9,  -3.3) m, (177.41, 187.68) mas
     910: ( -1.4,  -2.3) m, (184.31, 202.20) mas
    1373: ( -0.8,  -1.4) m, (192.30, 218.61) mas
    1867: (  1.2,  -0.3) m, (222.63, 237.65) mas
    2545: (  0.7,   1.2) m, (215.78, 266.72) mas
    3007: (  1.2,   2.2) m, (225.41, 286.32) mas
    3409: (  1.8,   3.2) m, (235.48, 306.54) mas
    3747: (  2.3,   4.1) m, (246.03, 327.39) mas
    3840: (  2.5,   4.4) m, (249.07, 334.04) mas
sa index   location       noise equivalent angle
      23: (  0.7,  -4.8) m, (170.50, 178.22) mas
     145: (  0.7,  -4.4) m, (170.90, 181.43) mas
     695: (  0.4,  -2.9) m, (175.03, 204.23) mas
    1043: (  0.3,  -2.1) m, (195.66, 245.23) mas
    1380: (  0.1,  -1.4) m, (180.31, 232.82) mas
    2114: ( -1.4,   0.3) m, (196.15, 263.21) mas
    2538: ( -0.3,   1.2) m, (189.48, 282.46) mas
    2874: ( -0.4,   1.9) m, (213.30, 333.30) mas
    3494: ( -0.7,   3.5) m, (197.77, 324.94) mas
    3770: ( -0.8,   4.3) m, (200.89, 342.41) mas
    3885: ( -2.2,   4.7) m, (226.57, 366.85) mas
sa index   location       noise equivalent angle
     605: (  3.7,  -3.2) m, (174.70, 173.59) mas
     772: (  3.2,  -2.8) m, (178.23, 175.98) mas
    1058: (  2.3,  -2.1) m, (189.41, 184.61) mas
    1323: (  1.7,  -1.5) m, (200.42, 192.95) mas
    1564: (  1.0,  -1.0) m, (212.19, 201.83) mas
    2543: (  0.4,   1.2) m, (222.01, 238.07) mas
    2354: ( -1.1,   0.8) m, (248.83, 231.41) mas
    2595: ( -1.8,   1.4) m, (262.48, 241.81) mas
    2859: ( -2.5,   1.9) m, (276.51, 252.55) mas
    3145: ( -3.3,   2.6) m, (293.80, 266.33) mas
    3708: ( -3.0,   4.1) m, (287.43, 295.31) mas

[00;00mSetting up powfs 2 PO WFS[00;00m

OTF dimension is 48x48 (calculated)
Generating matched filter for powfs 2
Use sanea to derive neasim
Use sanea to derive neasim

[00;00mSetting up reconstructor[00;00m

Recon NEA: cmf(235.57) cmf(236.18) cmf(235.21) cmf(236.02) cmf(235.42) cmf(235.38) cmf(235.92) cmf(235.10) cmf(236.11) geom(0.31) geom(0.31) geom(0.31) mf(0.14)  mas
Setup or update control matrix parameters.
RRtwfs svd threshold is 1e-10
Replacing HA by HA*fit->actextrap
Adding piston cr to fit matrix
Adding TT cr on upper DMs to fit matrix.
Before assembling fit matrix:	5788.9 MiB.
Building fit->FR
Building fit->FL
Adding tikhonov constraint of 1.0e-07 to FLM
The maximum eigen value is estimated to be around 2.6e-04
DM Fit number of Low rank terms: 16 in LHS
After assemble fit matrix:	7924.5 MiB.
After setup_recon:	7924.5 MiB.
GPU 0: mem used 1776 MB (wfs init)
GPU 0: mem used 3086 MB (recon init)
GPU 0: mem used 3116 MB (perf init)

*** Simulation started at 2025/02/17 15:37:00 in nid001972. ***

Running seed 1
GPU 0: mem used 3116 MB (wfs seeding)
Wind dir: 267.3 261.7 167.0 130.5 300.7  32.3 119.8 139.0 150.8 277.7 203.0 133.1  45.9 265.1 deg
Using /global/homes/b/bpeck/.aos/cache/atm/vonkarman_14_8192x8192_0.0078125_1115374592d.bin
After genatm:	7714.4 MiB.
Step     #  Open Loop  PR TT  On axis  PR TT  Field RMS PR TT     Timing 
Step     0: OL  884.6  248.3  OA  884.6 248.3 CL  884.6 248.3 nm  0.110 s
Step    12: OL  903.2  253.0  OA  132.7  17.9 CL  132.7  17.9 nm  0.082 s
Step    24: OL  922.1  257.1  OA  120.5  37.7 CL  120.5  37.7 nm  0.098 s
Step    35: OL  939.2  259.7  OA  115.8  15.4 CL  115.8  15.4 nm  0.089 s
Step    46: OL  955.7  261.0  OA  113.9  25.7 CL  113.9  25.7 nm  0.091 s
Step    57: OL  971.9  261.0  OA  118.2  12.1 CL  118.2  12.1 nm  0.099 s
Step    68: OL  988.3  260.0  OA  109.2  28.7 CL  109.2  28.7 nm  0.090 s
Step    79: OL 1005.0  258.8  OA  122.2  39.5 CL  122.2  39.5 nm  0.092 s
Step    90: OL 1021.9  258.0  OA  115.6  15.7 CL  115.6  15.7 nm  0.093 s
Step   101: OL 1038.8  257.4  OA  125.7  11.0 CL  125.7  11.0 nm  0.090 s
Step   112: OL 1055.6  257.8  OA  110.9  15.3 CL  110.9  15.3 nm  0.089 s
Step   123: OL 1072.1  258.9  OA  118.0  19.2 CL  118.0  19.2 nm  0.102 s
Step   134: OL 1087.6  261.4  OA  115.7  31.2 CL  115.7  31.2 nm  0.090 s
Step   145: OL 1102.4  265.3  OA  110.9  19.3 CL  110.9  19.3 nm  0.089 s
Step   156: OL 1115.6  270.1  OA  109.4   9.2 CL  109.4   9.2 nm  0.091 s
Step   167: OL 1127.4  276.1  OA  105.0   9.6 CL  105.0   9.6 nm  0.092 s
Step   178: OL 1137.6  282.7  OA  110.3  19.3 CL  110.3  19.3 nm  0.092 s
Step   189: OL 1145.8  289.8  OA  104.8  11.7 CL  104.8  11.7 nm  0.092 s
Step   200: OL 1152.1  296.9  OA  115.1  36.1 CL  115.1  36.1 nm  0.097 s
Step   211: OL 1157.2  303.9  OA  107.0   8.8 CL  107.0   8.8 nm  0.094 s
Step   222: OL 1160.6  311.0  OA  109.5   9.9 CL  109.5   9.9 nm  0.091 s
Step   233: OL 1162.2  318.2  OA  110.0   7.0 CL  110.0   7.0 nm  0.090 s
Step   244: OL 1162.0  325.7  OA  107.2  12.5 CL  107.2  12.5 nm  0.092 s
Step   255: OL 1159.2  333.5  OA  109.0  13.6 CL  109.0  13.6 nm  0.093 s
Step   255 updated high order loop gain: 0.341
Step   266: OL 1153.4  341.4  OA  114.9  31.1 CL  114.9  31.1 nm  0.093 s
Step   277: OL 1145.1  349.4  OA  102.5  20.2 CL  102.5  20.2 nm  0.098 s
Step   288: OL 1135.0  357.9  OA  107.3  30.5 CL  107.3  30.5 nm  0.090 s
Step   299: OL 1123.7  367.2  OA  116.5  37.2 CL  116.5  37.2 nm  0.092 s
Step   310: OL 1111.4  377.2  OA  109.0  24.8 CL  109.0  24.8 nm  0.097 s
Step   321: OL 1097.6  387.7  OA  113.6  32.9 CL  113.6  32.9 nm  0.090 s
Step   332: OL 1083.2  399.3  OA  108.8  21.4 CL  108.8  21.4 nm  0.090 s
Step   343: OL 1068.6  412.1  OA  107.7  27.6 CL  107.7  27.6 nm  0.100 s
Step   354: OL 1054.0  426.2  OA  106.3  21.7 CL  106.3  21.7 nm  0.090 s
Step   365: OL 1040.1  441.4  OA  112.6  28.6 CL  112.6  28.6 nm  0.091 s
Step   376: OL 1026.9  457.1  OA  114.9  23.1 CL  114.9  23.1 nm  0.096 s
Step   387: OL 1014.2  473.1  OA  122.4  42.6 CL  122.4  42.6 nm  0.091 s
Step   398: OL 1001.8  488.9  OA  116.6  36.6 CL  116.6  36.6 nm  0.090 s
Step   409: OL  989.3  504.5  OA  110.1  25.2 CL  110.1  25.2 nm  0.092 s
Step   420: OL  976.5  519.5  OA  114.7  29.3 CL  114.7  29.3 nm  0.090 s
Step   431: OL  963.8  534.1  OA  110.1  30.7 CL  110.1  30.7 nm  0.089 s
Step   442: OL  951.7  548.6  OA  112.1  23.4 CL  112.1  23.4 nm  0.092 s
Step   453: OL  940.8  562.8  OA  113.2  29.2 CL  113.2  29.2 nm  0.091 s
Step   464: OL  932.2  577.3  OA  111.1  19.5 CL  111.1  19.5 nm  0.092 s
Step   475: OL  926.3  591.5  OA  108.4  21.6 CL  108.4  21.6 nm  0.091 s
Step   486: OL  923.6  605.3  OA  120.2  43.8 CL  120.2  43.8 nm  0.091 s
Step 491, DM 2: 1 actuators over ia limit. trials=2: success.
Step 492, DM 2: 1 actuators over ia limit. trials=2: success.
Step 493, DM 2: 1 actuators over ia limit. trials=2: success.
Step 494, DM 2: 1 actuators over ia limit. trials=2: success.
Step 495, DM 2: 1 actuators over ia limit. trials=2: success.
Step 496, DM 2: 1 actuators over ia limit. trials=2: success.
Step   497: OL  923.5  618.5  OA  114.6  36.6 CL  114.6  36.6 nm  0.092 s
Step 497, DM 2: 1 actuators over ia limit. trials=2: success.
Step 499, DM 2: 1 actuators over ia limit. trials=2: success.
Step 500, DM 2: 1 actuators over ia limit. trials=2: success.
Step 501, DM 2: 1 actuators over ia limit. trials=2: success.
Step 502, DM 2: 1 actuators over ia limit. trials=2: success.
Step 503, DM 2: 1 actuators over ia limit. trials=2: success.
Step 504, DM 2: 1 actuators over ia limit. trials=2: success.
Step 505, DM 2: 1 actuators over ia limit. trials=2: success.
Step 506, DM 2: 1 actuators over ia limit. trials=2: success.
Step 507, DM 2: 1 actuators over ia limit. trials=2: success.
Step   508: OL  924.9  630.8  OA  116.4  27.5 CL  116.4  27.5 nm  0.090 s
Step 508, DM 2: 1 actuators over ia limit. trials=2: success.
Step 509, DM 2: 1 actuators over ia limit. trials=2: success.
Step 510, DM 2: 1 actuators over ia limit. trials=2: success.
Step   511 updated high order loop gain: 0.294
Step 511, DM 2: 1 actuators over ia limit. trials=2: success.
Step 512, DM 2: 1 actuators over ia limit. trials=2: success.
Step 513, DM 2: 1 actuators over ia limit. trials=2: success.
Step 514, DM 2: 1 actuators over ia limit. trials=2: success.
Step 515, DM 2: 1 actuators over ia limit. trials=2: success.
Step 516, DM 2: 1 actuators over ia limit. trials=2: success.
Step 517, DM 2: 1 actuators over ia limit. trials=2: success.
Step 518, DM 2: 1 actuators over ia limit. trials=2: success.
Step   519: OL  928.2  641.9  OA  124.5  38.8 CL  124.5  38.8 nm  0.092 s
Step 519, DM 2: 1 actuators over ia limit. trials=2: success.
Step 520, DM 2: 1 actuators over ia limit. trials=2: success.
Step 521, DM 2: 1 actuators over ia limit. trials=2: success.
Step 522, DM 2: 1 actuators over ia limit. trials=2: success.
Step 523, DM 2: 1 actuators over ia limit. trials=2: success.
Step 524, DM 2: 1 actuators over ia limit. trials=2: success.
Step 525, DM 2: 1 actuators over ia limit. trials=2: success.
Step 526, DM 2: 1 actuators over ia limit. trials=2: success.
Step 527, DM 2: 1 actuators over ia limit. trials=2: success.
Step 528, DM 2: 1 actuators over ia limit. trials=2: success.
Step 529, DM 2: 1 actuators over ia limit. trials=2: success.
Step   530: OL  932.5  651.2  OA  112.9  18.2 CL  112.9  18.2 nm  0.103 s
Step 530, DM 2: 1 actuators over ia limit. trials=2: success.
Step 531, DM 2: 1 actuators over ia limit. trials=2: success.
Step 532, DM 2: 1 actuators over ia limit. trials=2: success.
Step 533, DM 2: 1 actuators over ia limit. trials=2: success.
Step 534, DM 2: 1 actuators over ia limit. trials=2: success.
Step 535, DM 2: 1 actuators over ia limit. trials=2: success.
Step 536, DM 2: 1 actuators over ia limit. trials=2: success.
Step 537, DM 2: 1 actuators over ia limit. trials=2: success.
Step 538, DM 2: 1 actuators over ia limit. trials=2: success.
Step 539, DM 2: 1 actuators over ia limit. trials=2: success.
Step 540, DM 2: 1 actuators over ia limit. trials=2: success.
Step   541: OL  938.4  658.5  OA  117.5  32.9 CL  117.5  32.9 nm  0.091 s
Step 541, DM 2: 1 actuators over ia limit. trials=2: success.
Step 542, DM 2: 1 actuators over ia limit. trials=2: success.
Step 543, DM 2: 1 actuators over ia limit. trials=2: success.
Step 544, DM 2: 1 actuators over ia limit. trials=2: success.
Step 545, DM 2: 1 actuators over ia limit. trials=2: success.
Step 546, DM 2: 1 actuators over ia limit. trials=2: success.
Step 547, DM 2: 1 actuators over ia limit. trials=2: success.
Step 548, DM 2: 1 actuators over ia limit. trials=2: success.
Step 549, DM 2: 1 actuators over ia limit. trials=2: success.
Step 550, DM 2: 1 actuators over ia limit. trials=2: success.
Step 551, DM 2: 1 actuators over ia limit. trials=2: success.
Step   552: OL  946.0  663.9  OA  114.8  15.3 CL  114.8  15.3 nm  0.090 s
Step 552, DM 2: 1 actuators over ia limit. trials=2: success.
Step 553, DM 2: 1 actuators over ia limit. trials=2: success.
Step 554, DM 2: 1 actuators over ia limit. trials=2: success.
Step 555, DM 2: 1 actuators over ia limit. trials=2: success.
Step 556, DM 2: 1 actuators over ia limit. trials=2: success.
Step 557, DM 2: 1 actuators over ia limit. trials=2: success.
Step 558, DM 2: 1 actuators over ia limit. trials=2: success.
Step 559, DM 2: 1 actuators over ia limit. trials=2: success.
Step 560, DM 2: 1 actuators over ia limit. trials=2: success.
Step 561, DM 2: 1 actuators over ia limit. trials=2: success.
Step 562, DM 2: 1 actuators over ia limit. trials=2: success.
Step   563: OL  955.2  667.5  OA  111.5  25.2 CL  111.5  25.2 nm  0.112 s
Step 563, DM 2: 1 actuators over ia limit. trials=2: success.
Step 564, DM 2: 1 actuators over ia limit. trials=2: success.
Step 565, DM 2: 1 actuators over ia limit. trials=2: success.
Step 566, DM 2: 1 actuators over ia limit. trials=2: success.
Step 567, DM 2: 1 actuators over ia limit. trials=2: success.
Step 568, DM 2: 1 actuators over ia limit. trials=2: success.
Step 569, DM 2: 1 actuators over ia limit. trials=2: success.
Step 570, DM 2: 1 actuators over ia limit. trials=2: success.
Step 571, DM 2: 1 actuators over ia limit. trials=2: success.
Step 572, DM 2: 1 actuators over ia limit. trials=2: success.
Step 573, DM 2: 1 actuators over ia limit. trials=2: success.
Step   574: OL  965.4  669.7  OA  109.6  23.0 CL  109.6  23.0 nm  0.092 s
Step 574, DM 2: 1 actuators over ia limit. trials=2: success.
Step 575, DM 2: 1 actuators over ia limit. trials=2: success.
Step 576, DM 2: 1 actuators over ia limit. trials=2: success.
Step 577, DM 2: 1 actuators over ia limit. trials=2: success.
Step 578, DM 2: 1 actuators over ia limit. trials=2: success.
Step 579, DM 2: 1 actuators over ia limit. trials=2: success.
Step 580, DM 2: 1 actuators over ia limit. trials=2: success.
Step 581, DM 2: 1 actuators over ia limit. trials=2: success.
Step 582, DM 2: 1 actuators over ia limit. trials=2: success.
Step 583, DM 2: 1 actuators over ia limit. trials=2: success.
Step 584, DM 2: 1 actuators over ia limit. trials=2: success.
Step   585: OL  976.7  670.6  OA  111.4  17.5 CL  111.4  17.5 nm  0.091 s
Step 585, DM 2: 1 actuators over ia limit. trials=2: success.
Step 586, DM 2: 1 actuators over ia limit. trials=2: success.
Step 587, DM 2: 1 actuators over ia limit. trials=2: success.
Step 588, DM 2: 1 actuators over ia limit. trials=2: success.
Step 589, DM 2: 1 actuators over ia limit. trials=2: success.
Step 590, DM 2: 1 actuators over ia limit. trials=2: success.
Step 591, DM 2: 1 actuators over ia limit. trials=2: success.
Step 592, DM 2: 1 actuators over ia limit. trials=2: success.
Step 593, DM 2: 1 actuators over ia limit. trials=2: success.
Step 594, DM 2: 1 actuators over ia limit. trials=2: success.
Step 595, DM 2: 1 actuators over ia limit. trials=2: success.
Step   596: OL  989.2  669.7  OA  117.8  19.9 CL  117.8  19.9 nm  0.098 s
Step 596, DM 2: 1 actuators over ia limit. trials=2: success.
Step 597, DM 2: 1 actuators over ia limit. trials=2: success.
Step 598, DM 2: 1 actuators over ia limit. trials=2: success.
Step 599, DM 2: 1 actuators over ia limit. trials=2: success.
Step 600, DM 2: 1 actuators over ia limit. trials=2: success.
Step 601, DM 2: 1 actuators over ia limit. trials=2: success.
Step 602, DM 2: 1 actuators over ia limit. trials=2: success.
Step 603, DM 2: 1 actuators over ia limit. trials=2: success.
Step 604, DM 2: 1 actuators over ia limit. trials=2: success.
Step 605, DM 2: 1 actuators over ia limit. trials=2: success.
Step 606, DM 2: 1 actuators over ia limit. trials=2: success.
Step   607: OL 1002.1  666.7  OA  112.0  11.7 CL  112.0  11.7 nm  0.093 s
Step 607, DM 2: 1 actuators over ia limit. trials=2: success.
Step 608, DM 2: 1 actuators over ia limit. trials=2: success.
Step 609, DM 2: 1 actuators over ia limit. trials=2: success.
Step 610, DM 2: 1 actuators over ia limit. trials=2: success.
Step 611, DM 2: 1 actuators over ia limit. trials=2: success.
Step 612, DM 2: 1 actuators over ia limit. trials=2: success.
Step 613, DM 2: 1 actuators over ia limit. trials=2: success.
Step 614, DM 2: 1 actuators over ia limit. trials=2: success.
Step 615, DM 2: 1 actuators over ia limit. trials=2: success.
Step   618: OL 1015.3  661.8  OA  111.3  23.4 CL  111.3  23.4 nm  0.092 s
Step   629: OL 1028.3  655.3  OA  111.3  18.9 CL  111.3  18.9 nm  0.089 s
Step   640: OL 1040.8  647.0  OA  108.7  14.7 CL  108.7  14.7 nm  0.092 s
Step   651: OL 1052.3  637.6  OA  109.1   6.8 CL  109.1   6.8 nm  0.093 s
Step   662: OL 1062.9  627.1  OA  108.4  12.6 CL  108.4  12.6 nm  0.099 s
Step   667: OL 1067.5  622.0  OA  108.5  16.5 CL  108.5  16.5 nm  0.091 s
Step   678: OL 1077.2  610.5  OA  105.5   4.2 CL  105.5   4.2 nm  0.094 s
Step   689: OL 1086.5  599.0  OA  109.2  19.0 CL  109.2  19.0 nm  0.090 s
Step   700: OL 1094.5  586.8  OA  113.5   4.2 CL  113.5   4.2 nm  0.090 s
Step   711: OL 1100.9  573.7  OA  114.4   5.2 CL  114.4   5.2 nm  0.096 s
Step   722: OL 1105.0  560.1  OA  108.4  11.3 CL  108.4  11.3 nm  0.099 s
Step   733: OL 1107.1  546.5  OA  109.9  19.1 CL  109.9  19.1 nm  0.093 s
Step   744: OL 1106.9  532.9  OA  110.1  15.8 CL  110.1  15.8 nm  0.090 s
Step   755: OL 1104.7  519.7  OA  109.4   4.1 CL  109.4   4.1 nm  0.090 s
Step   766: OL 1100.4  506.8  OA  104.6  10.6 CL  104.6  10.6 nm  0.092 s
Step   767 updated high order loop gain: 0.275
Step   775: OL 1095.3  496.6  OA  108.9  19.4 CL  108.9  19.4 nm  0.098 s
Step   786: OL 1086.8  484.2  OA  106.4  16.9 CL  106.4  16.9 nm  0.089 s
Step   797: OL 1076.2  472.0  OA  105.4   8.2 CL  105.4   8.2 nm  0.090 s
Step   808: OL 1064.1  459.7  OA  109.1  13.3 CL  109.1  13.3 nm  0.097 s
Step   819: OL 1050.1  447.4  OA  108.9  15.0 CL  108.9  15.0 nm  0.090 s
Step   830: OL 1034.6  435.3  OA  105.4   6.8 CL  105.4   6.8 nm  0.092 s
Step   841: OL 1017.7  423.7  OA  106.6   3.5 CL  106.6   3.5 nm  0.094 s
Step   852: OL 1000.3  412.6  OA  110.1  18.4 CL  110.1  18.4 nm  0.093 s
Step   863: OL  982.8  402.4  OA  109.6  21.2 CL  109.6  21.2 nm  0.092 s
Step   874: OL  965.7  393.1  OA  103.7   6.0 CL  103.7   6.0 nm  0.094 s
Step   885: OL  949.5  384.9  OA  106.3   2.8 CL  106.3   2.8 nm  0.090 s
Step   896: OL  932.8  377.5  OA  105.7  11.0 CL  105.7  11.0 nm  0.096 s
Step   907: OL  915.5  370.9  OA  109.8  13.7 CL  109.8  13.7 nm  0.092 s
Step   918: OL  897.8  365.4  OA  104.7   9.0 CL  104.7   9.0 nm  0.090 s
Step   929: OL  880.2  360.1  OA  106.0   9.4 CL  106.0   9.4 nm  0.099 s
Step   940: OL  863.0  354.9  OA  108.8   9.9 CL  108.8   9.9 nm  0.090 s
Step   951: OL  846.5  349.6  OA  109.9   6.8 CL  109.9   6.8 nm  0.091 s
Step   961: OL  832.4  344.4  OA  105.6   7.4 CL  105.6   7.4 nm  0.091 s
Step   972: OL  818.7  338.2  OA  107.9   9.3 CL  107.9   9.3 nm  0.097 s
Step   983: OL  806.4  331.4  OA  109.8  33.0 CL  109.8  33.0 nm  0.089 s
Step   994: OL  795.3  323.9  OA  104.1  10.9 CL  104.1  10.9 nm  0.099 s
Step  1005: OL  784.8  315.9  OA  107.9  12.9 CL  107.9  12.9 nm  0.090 s
Step  1016: OL  775.4  307.5  OA  107.8  15.7 CL  107.8  15.7 nm  0.098 s
Step  1023 updated high order loop gain: 0.265
Step  1027: OL  767.2  299.0  OA  111.8  24.9 CL  111.8  24.9 nm  0.091 s
Step  1038: OL  760.0  290.0  OA  116.3  20.7 CL  116.3  20.7 nm  0.094 s
Step  1049: OL  753.4  280.4  OA  110.6  26.9 CL  110.6  26.9 nm  0.090 s
Step  1060: OL  746.7  270.0  OA  107.1  17.7 CL  107.1  17.7 nm  0.090 s
Step  1071: OL  740.9  258.5  OA  112.7  39.3 CL  112.7  39.3 nm  0.094 s
Step  1082: OL  736.6  245.8  OA  107.8  20.2 CL  107.8  20.2 nm  0.090 s
Step  1093: OL  733.9  233.1  OA  112.8  31.8 CL  112.8  31.8 nm  0.093 s
Step  1104: OL  732.3  221.1  OA  116.2  38.0 CL  116.2  38.0 nm  0.097 s
Step  1115: OL  731.7  210.0  OA  109.8  33.6 CL  109.8  33.6 nm  0.090 s
Step  1126: OL  731.6  200.0  OA  108.1  25.5 CL  108.1  25.5 nm  0.093 s
Step  1137: OL  731.8  191.6  OA  102.1  18.5 CL  102.1  18.5 nm  0.099 s
Step  1148: OL  732.3  184.4  OA  107.1  24.3 CL  107.1  24.3 nm  0.090 s
Step  1159: OL  732.7  178.5  OA  107.1  32.1 CL  107.1  32.1 nm  0.091 s
Step  1170: OL  733.1  174.1  OA  106.3  19.3 CL  106.3  19.3 nm  0.098 s
Step  1181: OL  734.3  171.0  OA  104.3  19.5 CL  104.3  19.5 nm  0.091 s
Step  1192: OL  736.5  168.5  OA  100.9  13.9 CL  100.9  13.9 nm  0.089 s
Step  1203: OL  739.2  166.3  OA  104.8  14.9 CL  104.8  14.9 nm  0.097 s
Step  1214: OL  742.0  164.5  OA  107.4   5.2 CL  107.4   5.2 nm  0.092 s
Step  1225: OL  744.9  163.5  OA  105.4   7.5 CL  105.4   7.5 nm  0.090 s
Step  1236: OL  747.4  163.6  OA  106.0  10.4 CL  106.0  10.4 nm  0.092 s
Step  1247: OL  749.5  165.3  OA  103.6  19.5 CL  103.6  19.5 nm  0.092 s
Step  1258: OL  752.2  168.5  OA  106.1  22.3 CL  106.1  22.3 nm  0.091 s
Step  1269: OL  755.3  173.2  OA  103.8  13.6 CL  103.8  13.6 nm  0.098 s
Step  1279 updated high order loop gain: 0.254
Step  1280: OL  759.1  179.0  OA  103.7  13.2 CL  103.7  13.2 nm  0.096 s
Step  1291: OL  763.8  185.6  OA  106.0   9.1 CL  106.0   9.1 nm  0.091 s
Step  1302: OL  768.5  193.0  OA  106.7  15.3 CL  106.7  15.3 nm  0.100 s
Step  1313: OL  773.0  201.1  OA  106.4  10.2 CL  106.4  10.2 nm  0.089 s
Step  1324: OL  777.3  210.0  OA  103.8  20.4 CL  103.8  20.4 nm  0.091 s
Step  1335: OL  782.2  219.6  OA  109.9  27.5 CL  109.9  27.5 nm  0.091 s
Step  1346: OL  788.1  229.6  OA   99.9  10.9 CL   99.9  10.9 nm  0.092 s
Step  1357: OL  795.2  239.5  OA  102.9  16.9 CL  102.9  16.9 nm  0.099 s
Step  1368: OL  803.0  248.3  OA  105.4  29.6 CL  105.4  29.6 nm  0.091 s
Step  1379: OL  811.3  255.6  OA  103.4  31.7 CL  103.4  31.7 nm  0.090 s
Step  1390: OL  820.2  261.7  OA  107.0  14.3 CL  107.0  14.3 nm  0.099 s
Step  1401: OL  830.0  266.6  OA  106.7  20.8 CL  106.7  20.8 nm  0.090 s
Step  1412: OL  840.5  270.3  OA  102.8  13.9 CL  102.8  13.9 nm  0.090 s
Step  1423: OL  851.4  273.2  OA  108.0  35.6 CL  108.0  35.6 nm  0.097 s
Step  1434: OL  862.1  275.6  OA  100.5  16.7 CL  100.5  16.7 nm  0.091 s
Step  1445: OL  872.1  277.7  OA  105.7  24.5 CL  105.7  24.5 nm  0.088 s
Step  1456: OL  881.6  279.0  OA  100.1  17.4 CL  100.1  17.4 nm  0.097 s
Step  1467: OL  889.8  279.4  OA  107.2  21.9 CL  107.2  21.9 nm  0.091 s
Step  1478: OL  895.7  278.5  OA  104.8  15.1 CL  104.8  15.1 nm  0.092 s
Step  1489: OL  898.9  276.3  OA  102.4  10.8 CL  102.4  10.8 nm  0.090 s
Step  1500: OL  899.6  272.8  OA  102.1   7.5 CL  102.1   7.5 nm  0.091 s
Step  1511: OL  898.4  268.3  OA  101.5   3.1 CL  101.5   3.1 nm  0.094 s
Step  1522: OL  895.8  263.0  OA  102.8   5.1 CL  102.8   5.1 nm  0.089 s
Step  1533: OL  891.3  256.9  OA  103.5   9.9 CL  103.5   9.9 nm  0.090 s
Step  1535 updated high order loop gain: 0.253
Step  1544: OL  885.5  249.9  OA  104.6  15.3 CL  104.6  15.3 nm  0.098 s
Step  1555: OL  879.4  242.6  OA  103.7  13.3 CL  103.7  13.3 nm  0.088 s
Step  1566: OL  873.3  235.5  OA  104.7  11.6 CL  104.7  11.6 nm  0.118 s
Step  1577: OL  866.8  229.2  OA  106.5   7.1 CL  106.5   7.1 nm  0.096 s
Step  1588: OL  859.5  223.9  OA  111.7  19.8 CL  111.7  19.8 nm  0.090 s
Step 1599: Output PSF
Step  1599: OL  852.1  219.3  OA  110.7  22.3 CL  110.7  22.3 nm  1.329 s
Mean: 108.61 21.32 106.50  nm.

*** Simulation Finished at 2025/02/17 15:39:38 in nid001972. ***

