Warning(sock.c:516): connect locally (/global/homes/b/bpeck/.aos/tmp/nid008236/scheduler) failed: Invalid argument. 
/global/u2/b/bpeck/work/vismcao/maos -o studies/reduced_ngs/7_lgs/8mag_lgs/4000count -c master_files/reduced_ngs/7_lgs/8mag_lgs/kola_4000act.conf -O 
Output folder is 'studies/reduced_ngs/7_lgs/8mag_lgs/4000count'.
SRC: /global/homes/b/bpeck/code/maos v2.9 4c88b7c2 2024-11-13 16:45:33 -0800
BUILT: /global/homes/b/bpeck/code/maos/optim by GCC (v12) on 2024/11/18 09:40:03 CPU(F64,+O3) with CUDA(v122,F32)
Launched at 2025/02/12 00:32:47 in nid008236 with PID 41170.
The web based job monitor can be accessed at http://localhost:10300
Main config file is /global/u2/b/bpeck/work/vismcao/master_files/reduced_ngs/7_lgs/8mag_lgs/kola_4000act.conf
Warning(path.c:48): Path not found: path=/global/u2/b/bpeck/work/vismcao/master_files/reduced_ngs/7_lgs/8mag_lgs/bin; abspath=/global/u2/b/bpeck/work/vismcao/master_files/reduced_ngs/7_lgs/8mag_lgs/bin; Ignored.
Warning(path.c:48): Path not found: path=/global/u2/b/bpeck/work/vismcao/master_files/reduced_ngs/7_lgs/8mag_lgs/atm; abspath=/global/u2/b/bpeck/work/vismcao/master_files/reduced_ngs/7_lgs/8mag_lgs/atm; Ignored.
Warning(readcfg.c:399): sim.apfsm has been renamed to powfs.apfsm.
Warning(readcfg.c:399): sim.epfsm has been renamed to powfs.epfsm.
Warning(readcfg.c:399): sim.alfsm has been renamed to powfs.alfsm.
Warning(readcfg.c:399): sim.commonfsm has been renamed to powfs.commonfsm.
Warning(readcfg.c:399): sim.idealfsm has been renamed to powfs.idealfsm.
Warning(readcfg.c:399): sim.zetafsm has been renamed to powfs.zetafsm.
Warning(readcfg.c:399): sim.f0fsm has been renamed to powfs.f0fsm.
Warning(readcfg.c:399): tsurf has been renamed to ncpa.tsurf.
loaded 132 (132 new) records from '/global/u2/b/bpeck/work/vismcao/./keck_sim.conf'
loaded  19 ( 19 new) records from '/global/u2/b/bpeck/work/vismcao/./dm_none.conf'
loaded  19 (  0 new) records from '/global/u2/b/bpeck/work/vismcao/./keck_ASM.conf'
loaded  19 (  0 new) records from '/global/u2/b/bpeck/work/vismcao/./keck_DM2.conf'
loaded  19 (  0 new) records from '/global/u2/b/bpeck/work/vismcao/./keck_DM3.conf'
loaded   0 (  0 new) records from '/global/u2/b/bpeck/work/vismcao/./keck_dm_multiple.conf'
loaded   7 (  5 new) records from '/global/u2/b/bpeck/work/vismcao/./atm_mk13n50p_ground_detail.conf'
loaded  76 ( 69 new) records from '/global/homes/b/bpeck/code/maos/config/maos/powfs_common.conf'
loaded  44 ( 38 new) records from '/global/u2/b/bpeck/work/vismcao/./powfs_none.conf'
loaded  44 (  0 new) records from '/global/u2/b/bpeck/work/vismcao/./keck_shwfs_lgs.conf'
loaded  44 (  0 new) records from '/global/u2/b/bpeck/work/vismcao/./keck_shwfs_ttf_strap.conf'
loaded  44 (  0 new) records from '/global/u2/b/bpeck/work/vismcao/./keck_shwfs_twfs_lbwfs.conf'
loaded   0 (  0 new) records from '/global/u2/b/bpeck/work/vismcao/./keck_wfs_lgs_strap_lbwfs.conf'
loaded  71 ( 71 new) records from '/global/u2/b/bpeck/work/vismcao/./keck_recon.conf'
Warning(readcfg.c:399): dbg.na_smooth has been renamed to powfs0_llt.na_smooth.
Warning(readcfg.c:399): dbg.na_interp has been renamed to powfs0_llt.na_interp.
Warning(readcfg.c:399): dbg.na_thres has been renamed to powfs0_llt.na_thres.
Warning(readcfg.c:399): dbg.na_fit_maxit has been renamed to powfs0_llt.na_fit_maxit.
Warning(readcfg.c:399): dbg.na_fit_svdthres has been renamed to powfs0_llt.na_fit_svdthres.
Warning(readcfg.c:399): dbg.na_fit_dh has been renamed to powfs0_llt.na_fit_dh.
Warning(readcfg.c:399): dbg.ncpa_preload has been renamed to ncpa.preload.
Warning(readcfg.c:399): dbg.ncpa_rmsci has been renamed to ncpa.rmsci.
Warning(readcfg.c:399): dbg.draw_opdmax has been renamed to plot.opdmax.
Warning(readcfg.c:399): dbg.draw_gmax has been renamed to plot.gmax.
loaded  95 ( 93 new) records from '/global/u2/b/bpeck/work/vismcao/./keck_dbg.conf'
loaded   4 (  4 new) records from '/global/u2/b/bpeck/work/vismcao/./keck_fit_mcao.conf'
Warning(readcfg.c:399): surf has been renamed to ncpa.surf.
loaded  39 (  7 new) records from '/global/u2/b/bpeck/work/vismcao/master_files/reduced_ngs/7_lgs/8mag_lgs/kola_4000act.conf'
loaded   0 (  0 new) records from 'command line'
loaded  24 ( 18 new) records from '/global/u2/b/bpeck/work/vismcao/./keck_llt_CL.conf'
Adjust LGS range by telescope altitude 4145m.
Zenith angle is 30 degree.
    Scaling turbulence height and LGS hs by sec(za).
    Scaling r0 by cos(za)^(3/5).
    Scaling wind speed and LGS signal level by cos(za).
powfs0: Adjusting dx from 0.0078125 to 0.0077. 
powfs0.llt.fsm: f0=0 Hz, LPF ep=0
powfs0.epfsm is set to 0.517618 (auto)
powfs2: Adjusting dx from 0.03125 to 0.0312778. 
powfs2 is TWFS for powfs0
sim.ephi is set to 0.427717 (auto)
sim.eplo is set to 0.427717 (auto)
Warning(parms.c:2296): Layer 1 at 17.3205m is very close to layer 0 at 0m (OK).
Warning(parms.c:2296): Layer 2 at 34.641m is very close to layer 1 at 17.3205m (OK).
Warning(parms.c:2296): Layer 3 at 51.9615m is very close to layer 2 at 34.641m (OK).
dm 0: stroke=30 um is provided in micron.
dm 0: assume ia stroke=2 um is provided in micron.
dm 1: stroke=7 um is provided in micron.
dm 1: assume ia stroke=2 um is provided in micron.
dm 2: stroke=7 um is provided in micron.
dm 2: assume ia stroke=2 um is provided in micron.
Focus blending is not implemented yet for integrated tomography
parms->sim.mffocus is reset to 0
There are 1 valid simulation seeds:  1
Output PSF for 1 directions
Used 449 of 456 supplied keys
Warning(readcfg.c:158): key "dbg.pwfs_flate" is not recognized, value is 0
Warning(readcfg.c:158): key "dbg.pwfs_flatv" is not recognized, value is 0
Warning(readcfg.c:158): key "dbg.pwfs_psx" is not recognized, value is [0 0 0 0]
Warning(readcfg.c:158): key "dbg.pwfs_psy" is not recognized, value is [0 0 0 0]
Warning(readcfg.c:158): key "dbg.pwfs_pupelong" is not recognized, value is 0
Warning(readcfg.c:158): key "dbg.pwfs_raw" is not recognized, value is 0
Warning(readcfg.c:158): key "dbg.pwfs_side" is not recognized, value is 4
[00;00mAperture[00;00m is 11 m with sampling 1/128 m
[00;00mTurbulence at 30 degree zenith angle:[00;00m r0=0.128424m, L0=30m, 14 layers.
    Greenwood freq is 25.1Hz, anisoplanatic angle is 1.58 as
    Sampled 8192x8192 at 1/128m. wind dir is randomized.
    layer 0: ht=      0 m, wt= 0.302, ws=  4.8 m/s
    layer 1: ht=     17 m, wt= 0.154, ws=  5.0 m/s
    layer 2: ht=     35 m, wt= 0.041, ws=  5.4 m/s
    layer 3: ht=     52 m, wt= 0.002, ws=  6.6 m/s
    layer 4: ht=    139 m, wt= 0.021, ws=  6.1 m/s
    layer 5: ht=    231 m, wt= 0.010, ws=  6.1 m/s
    layer 6: ht=    323 m, wt= 0.008, ws=  6.1 m/s
    layer 7: ht=    416 m, wt= 0.005, ws=  6.1 m/s
    layer 8: ht=    508 m, wt= 0.001, ws=  6.1 m/s
    layer 9: ht=    932 m, wt= 0.107, ws=  5.6 m/s
    layer 10: ht=   5022 m, wt= 0.144, ws= 11.1 m/s
    layer 11: ht=   9238 m, wt= 0.093, ws= 19.1 m/s
    layer 12: ht=  13856 m, wt= 0.075, ws=  8.2 m/s
    layer 13: ht=  22518 m, wt= 0.036, ws=  4.8 m/s
[00;00mReconstruction[00;00m: r0=0.128424m L0=30m. 14 layers. use cone coordinate.
    layer 0: ht=      0 m, wt= 0.302
    layer 1: ht=     17 m, wt= 0.154
    layer 2: ht=     35 m, wt= 0.041
    layer 3: ht=     52 m, wt= 0.002
    layer 4: ht=    139 m, wt= 0.021
    layer 5: ht=    231 m, wt= 0.010
    layer 6: ht=    323 m, wt= 0.008
    layer 7: ht=    416 m, wt= 0.005
    layer 8: ht=    508 m, wt= 0.001
    layer 9: ht=    932 m, wt= 0.107
    layer 10: ht=   5022 m, wt= 0.144
    layer 11: ht=   9238 m, wt= 0.093
    layer 12: ht=  13856 m, wt= 0.075
    layer 13: ht=  22518 m, wt= 0.036
[00;00mThere are 3 powfs[00;00m
  powfs0: Order 72, LGS at 99.1 km. Sampling 1/129.87 m. Thres 30%. [00;00mT/T is removed in right hand side in tomography.[00;00m
    CCD image is 25x25 @ 500x500 mas, blur 27% (sigma), 1500Hz, wvl: [ 5.89e-07]
    Gtilt in reconstruction. Physical optics start at 0 with [00;00m'matched filter'[00;00m [00;00m(noisy)[00;00m
  powfs1: Order  2, NGS at inf km. Sampling 1/16 m. Thres 30%. 
    Ztilt in reconstruction. Geomtric optics start at 2 with ztilt [00;00m(noisy)[00;00m
  powfs2: Order 20, NGS at inf km. Sampling 1/31.9716 m. Thres 50%. 
    CCD image is 4x4 @ 1500x1500 mas, blur 0% (sigma), 0.015Hz, wvl: [ 7.2e-07]
    Gtilt in reconstruction. Geomtric optics start at 50 with gtilt Physical optics start at 0 with [00;00m'matched filter'[00;00m [00;00m(noisy)[00;00m
[00;00mThere are 11 wfs[00;00m
    wfs 0: type 0, at (  30.00,    0.00) arcsec,  99 km, siglev is 28.4359 bkgrnd is 0.1
    wfs 1: type 0, at (  18.70,   23.45) arcsec,  99 km, siglev is 28.4359 bkgrnd is 0.1
    wfs 2: type 0, at (  -6.68,   29.25) arcsec,  99 km, siglev is 28.4359 bkgrnd is 0.1
    wfs 3: type 0, at ( -27.03,   13.02) arcsec,  99 km, siglev is 28.4359 bkgrnd is 0.1
    wfs 4: type 0, at ( -27.03,  -13.02) arcsec,  99 km, siglev is 28.4359 bkgrnd is 0.1
    wfs 5: type 0, at (  -6.68,  -29.25) arcsec,  99 km, siglev is 28.4359 bkgrnd is 0.1
    wfs 6: type 0, at (  18.70,  -23.45) arcsec,  99 km, siglev is 28.4359 bkgrnd is 0.1
    wfs 7: type 1, at (   5.00,    8.66) arcsec, inf km, siglev is 42387.6 bkgrnd is 1.056
    wfs 8: type 1, at ( -10.00,    0.00) arcsec, inf km, siglev is 42387.6 bkgrnd is 1.056
    wfs 9: type 1, at (   5.00,   -8.66) arcsec, inf km, siglev is 42387.6 bkgrnd is 1.056
    wfs 10: type 2, at (   0.00,    0.00) arcsec, inf km, siglev is 4.1558e+06 bkgrnd is 0.001
[00;00mThere are 3 DMs[00;00m
  DM 0 at -0.1km, actuator pitch 0.154m, offset   0, with 30.000000 micron stroke.
    Normalized cubic influence function with inter-actuator coupling of 0.223
  DM 1 at    6km, actuator pitch 0.168m, offset   0, with 7.000000 micron stroke.
    Normalized cubic influence function with inter-actuator coupling of 0.223
  DM 2 at   10km, actuator pitch 0.168m, offset   0, with 7.000000 micron stroke.
    Normalized cubic influence function with inter-actuator coupling of 0.223
[00;00mTomography[00;00m is using CG, with [00;00mFourer Domain[00;00m preconditioner, [00;00m12[00;00m iterations, integrated tomo.
[00;00mDM Fitting [00;00mis using CG, with [00;00mNo[00;00m preconditioner, [00;00m10[00;00m iterations
[00;00mThere are 9 fit directions[00;00m
    Fit 0: weight is 0.444, at (   0.00,    0.00) arcsec
    Fit 1: weight is 0.111, at (  15.00,    0.00) arcsec
    Fit 2: weight is 0.111, at (   0.00,   15.00) arcsec
    Fit 3: weight is 0.111, at ( -15.00,    0.00) arcsec
    Fit 4: weight is 0.111, at (   0.00,  -15.00) arcsec
    Fit 5: weight is 0.028, at (  15.00,   15.00) arcsec
    Fit 6: weight is 0.028, at ( -15.00,   15.00) arcsec
    Fit 7: weight is 0.028, at ( -15.00,  -15.00) arcsec
    Fit 8: weight is 0.028, at (  15.00,  -15.00) arcsec
[00;00mThere are 1 evaluation directions[00;00m at sampling 1/128 m.
    Evl 0: weight is 1.000, at (   0.00,    0.00) arcsec
[00;00mSimulation[00;00m start at step 0, end at step 1600, with time step 1/1500s, [00;00mclose loop[00;00m.
After setup_parms:	120.5 MiB.
Warning(sock.c:516): connect locally (/global/homes/b/bpeck/.aos/tmp/nid008236/scheduler) failed: Invalid argument. 
CUDA: minimum memory requirement is 0.3GB
GPU 0 is NVIDIA A100-SXM4-80GB with arch 8.0, 78.6GB free, 79.0GB total device memory.
Using GPU 0
Use 1 GPUs for WFS Tomo Fit Evl

*** Preparation started at 2025/02/12 00:32:48 in nid008236. ***

Using OpenMP version 201511 with 128 threads
Reading aperture amplitude map from KECK.fits
Warning(accphi.c:477): 108398 points not covered by input screen
Warning(sock.c:516): connect locally (/global/homes/b/bpeck/.aos/tmp/nid008236/scheduler) failed: Invalid argument. 
 ->maos.c:447->setup.c:148->aper.c:74->utils.c:478->accphi.c:478
iwvl 0: Science PSF is using grid size of 2880. The PSF will sum to 6.95167232825486
iwvl 1: Science PSF is using grid size of 2880. The PSF will sum to 6.95167232825486
iwvl 2: Science PSF is using grid size of 2880. The PSF will sum to 6.95167232825486
iwvl 3: Science PSF is using grid size of 2880. The PSF will sum to 6.95167232825486
iwvl 4: Science PSF is using grid size of 2880. The PSF will sum to 6.95167232825486
iwvl 5: Science PSF is using grid size of 2880. The PSF will sum to 6.95167232825486
iwvl 6: Science PSF is using grid size of 2880. The PSF will sum to 6.95167232825486
iwvl 7: Science PSF is using grid size of 2880. The PSF will sum to 6.95167232825486
iwvl 8: Science PSF is using grid size of 2880. The PSF will sum to 6.95167232825486
After setup_aper:	344.8 MiB.

[00;00mSetting up powfs 0 geom[00;00m

There are 20 points in each subaperture of 0.154m.
There are 3162 valid subaperture.

[00;00mSetting up powfs 1 geom[00;00m

There are 88 points in each subaperture of 5.5m.
There are 4 valid subaperture.

[00;00mSetting up powfs 2 geom[00;00m

There are 18 points in each subaperture of 0.563m.
There are 236 valid subaperture.
After setup_powfs_init:	441.6 MiB.

[00;00mSetting up reconstructor geometry.[00;00m

PLOC is 147x147, with sampling of 0.08m (square)
    DM 0: grid is 75 x 75
    DM 1: grid is 75 x 75
    DM 2: grid is 80 x 79
FLOC is 147x147, with sampling of 0.08m (not square)
Tomography grid is square:
    layer 0: xloc grid is 256 x 256, sampling is 0.077 m, 65536 points
    layer 1: xloc grid is 256 x 256, sampling is 0.077 m, 65536 points
    layer 2: xloc grid is 256 x 256, sampling is 0.077 m, 65536 points
    layer 3: xloc grid is 256 x 256, sampling is 0.077 m, 65536 points
    layer 4: xloc grid is 256 x 256, sampling is 0.077 m, 65536 points
    layer 5: xloc grid is 256 x 256, sampling is 0.077 m, 65536 points
    layer 6: xloc grid is 256 x 256, sampling is 0.077 m, 65536 points
    layer 7: xloc grid is 256 x 256, sampling is 0.077 m, 65536 points
    layer 8: xloc grid is 256 x 256, sampling is 0.077 m, 65536 points
    layer 9: xloc grid is 256 x 256, sampling is 0.076 m, 65536 points
    layer 10: xloc grid is 256 x 256, sampling is 0.073 m, 65536 points
    layer 11: xloc grid is 256 x 256, sampling is 0.070 m, 65536 points
    layer 12: xloc grid is 256 x 256, sampling is 0.066 m, 65536 points
Warning(map.c:195): ninx=256 is too small. need 257
Warning(map.c:200): niny=256 is too small. need 257
    layer 13: xloc grid is 256 x 256, sampling is 0.060 m, 65536 points

[00;00mSetting up powfs 0 PO WFS[00;00m

OTF dimension is 40x40 (calculated)
There is no bias
Uplink FWHM (illt 0, iwvl 0) is 0.580135"
Downlink FWHM (illt 0, iwvl 0) is 1.31876"
Generating matched filter for powfs 0
sa index   location       noise equivalent angle
    1577: (  4.9,  -0.2) m, (144.85, 140.48) mas
    1569: (  3.7,  -0.2) m, (154.61, 142.41) mas
    1562: (  2.6,  -0.2) m, (165.79, 144.61) mas
    1555: (  1.5,  -0.2) m, (178.53, 146.97) mas
    1553: (  1.2,  -0.2) m, (181.70, 147.54) mas
    1109: ( -0.5,  -1.4) m, (209.06, 154.45) mas
    1550: ( -1.7,  -0.2) m, (227.90, 153.79) mas
    1542: ( -2.9,  -0.2) m, (253.73, 156.07) mas
    1535: ( -4.0,  -0.2) m, (285.05, 158.05) mas
    1528: ( -5.1,  -0.2) m, (313.79, 159.87) mas
    1526: ( -5.4,  -0.2) m, (321.87, 160.41) mas
sa index   location       noise equivalent angle
    2961: (  2.9,   3.9) m, (142.59, 143.08) mas
    2685: (  2.3,   2.9) m, (159.45, 161.61) mas
    2421: (  1.7,   2.2) m, (153.15, 157.65) mas
    2123: (  1.1,   1.4) m, (160.31, 166.99) mas
    1939: (  0.8,   0.9) m, (167.36, 175.98) mas
    1720: ( -1.4,   0.3) m, (192.66, 184.44) mas
    1105: ( -1.1,  -1.4) m, (190.28, 209.10) mas
     743: ( -1.8,  -2.3) m, (201.74, 225.02) mas
     479: ( -2.5,  -3.1) m, (242.62, 263.48) mas
     245: ( -3.1,  -3.9) m, (221.39, 253.55) mas
     122: ( -3.1,  -4.3) m, (222.04, 263.61) mas
sa index   location       noise equivalent angle
    3058: ( -1.1,   4.3) m, (141.22, 146.87) mas
    2665: ( -0.8,   2.9) m, (144.74, 160.86) mas
    2458: ( -0.6,   2.3) m, (146.42, 167.11) mas
    2113: ( -0.5,   1.4) m, (149.03, 178.55) mas
    1497: (  1.2,  -0.3) m, (163.79, 207.03) mas
     990: (  0.3,  -1.7) m, (158.86, 227.77) mas
     706: (  0.5,  -2.5) m, (161.00, 243.83) mas
     270: (  0.8,  -3.9) m, (164.68, 277.89) mas
     107: (  0.9,  -4.5) m, (166.69, 296.17) mas
      35: (  2.2,  -4.8) m, (177.66, 304.98) mas
sa index   location       noise equivalent angle
    2272: ( -4.2,   1.8) m, (146.02, 142.19) mas
    1980: ( -2.5,   1.1) m, (163.12, 149.43) mas
    1880: ( -1.8,   0.8) m, (179.37, 159.02) mas
    1777: ( -1.4,   0.5) m, (176.39, 155.91) mas
    1886: (  0.9,   0.8) m, (214.00, 162.25) mas
    1332: (  1.4,  -0.8) m, (221.87, 172.10) mas
    1283: (  1.7,  -0.9) m, (239.55, 182.59) mas
    1129: (  2.6,  -1.4) m, (246.47, 180.16) mas
     892: (  4.0,  -2.0) m, (277.84, 188.69) mas
    1467: (  5.2,  -0.5) m, (309.37, 173.26) mas
sa index   location       noise equivalent angle
     839: ( -4.2,  -2.0) m, (146.02, 142.19) mas
    1158: ( -2.5,  -1.2) m, (163.12, 149.43) mas
    1272: ( -1.8,  -0.9) m, (181.45, 161.40) mas
    1382: ( -1.4,  -0.6) m, (176.39, 155.91) mas
    1278: (  0.9,  -0.9) m, (217.35, 165.42) mas
    1837: (  1.4,   0.6) m, (221.87, 172.10) mas
    1891: (  1.7,   0.8) m, (237.02, 180.04) mas
    2071: (  2.6,   1.2) m, (246.47, 180.16) mas
    2325: (  4.0,   1.8) m, (277.84, 188.69) mas
    1749: (  5.2,   0.3) m, (309.37, 173.26) mas
sa index   location       noise equivalent angle
       4: ( -0.9,  -4.9) m, (146.92, 151.17) mas
      94: ( -1.1,  -4.5) m, (141.22, 146.87) mas
     490: ( -0.8,  -3.1) m, (144.74, 160.86) mas
     699: ( -0.6,  -2.5) m, (146.42, 167.11) mas
    1047: ( -0.5,  -1.5) m, (149.03, 178.55) mas
    1665: (  1.2,   0.2) m, (163.79, 207.03) mas
    2180: (  0.3,   1.5) m, (158.86, 227.77) mas
    2465: (  0.5,   2.3) m, (161.00, 243.83) mas
    2906: (  0.8,   3.7) m, (164.68, 277.89) mas
    3071: (  0.9,   4.3) m, (166.69, 296.17) mas
    3146: (  2.2,   4.6) m, (177.66, 304.98) mas
sa index   location       noise equivalent angle
     243: (  2.9,  -4.0) m, (142.59, 143.08) mas
     510: (  2.3,  -3.1) m, (159.45, 161.61) mas
     766: (  1.7,  -2.3) m, (153.15, 157.65) mas
    1057: (  1.1,  -1.5) m, (160.31, 166.99) mas
    1227: (  0.8,  -1.1) m, (170.33, 179.26) mas
    1439: ( -1.4,  -0.5) m, (192.66, 184.44) mas
    2047: ( -1.1,   1.2) m, (190.28, 209.10) mas
    2398: ( -1.8,   2.2) m, (201.74, 225.02) mas
    2654: ( -2.5,   2.9) m, (242.62, 263.48) mas
    2881: ( -3.1,   3.7) m, (221.39, 253.55) mas
    3004: ( -3.1,   4.2) m, (222.04, 263.61) mas

[00;00mSetting up powfs 2 PO WFS[00;00m

OTF dimension is 48x48 (calculated)
Generating matched filter for powfs 2
Use sanea to derive neasim
Use sanea to derive neasim

[00;00mSetting up reconstructor[00;00m

Recon NEA: cmf(192.83) cmf(192.13) cmf(192.37) cmf(192.27) cmf(192.22) cmf(192.26) cmf(192.05) geom(0.31) geom(0.31) geom(0.31) mf(0.14)  mas
Setup or update control matrix parameters.
RRtwfs svd threshold is 1e-10
Replacing HA by HA*fit->actextrap
Adding piston cr to fit matrix
Adding TT cr on upper DMs to fit matrix.
Before assembling fit matrix:	4389.3 MiB.
Building fit->FR
Building fit->FL
Adding tikhonov constraint of 1.0e-07 to FLM
The maximum eigen value is estimated to be around 2.8e-04
DM Fit number of Low rank terms: 16 in LHS
After assemble fit matrix:	6152.0 MiB.
After setup_recon:	6152.0 MiB.
GPU 0: mem used 1538 MB (wfs init)
GPU 0: mem used 2606 MB (recon init)
GPU 0: mem used 2636 MB (perf init)

*** Simulation started at 2025/02/12 00:35:00 in nid008236. ***

Running seed 1
GPU 0: mem used 2636 MB (wfs seeding)
Wind dir: 267.3 261.7 167.0 130.5 300.7  32.3 119.8 139.0 150.8 277.7 203.0 133.1  45.9 265.1 deg
Using /global/homes/b/bpeck/.aos/cache/atm/vonkarman_14_8192x8192_0.0078125_1115374592d.bin
After genatm:	6099.1 MiB.
Step     #  Open Loop  PR TT  On axis  PR TT  Field RMS PR TT     Timing 
Step     0: OL  884.6  248.3  OA  884.6 248.3 CL  884.6 248.3 nm  0.197 s
Step    12: OL  903.4  253.0  OA  138.2  12.0 CL  138.2  12.0 nm  0.054 s
Step    28: OL  928.8  258.2  OA  121.2   5.0 CL  121.2   5.0 nm  0.063 s
Step    44: OL  953.3  260.9  OA  129.6  15.2 CL  129.6  15.2 nm  0.063 s
Step    59: OL  975.5  260.8  OA  131.2  13.9 CL  131.2  13.9 nm  0.064 s
Step    75: OL  999.4  259.1  OA  126.5  20.0 CL  126.5  20.0 nm  0.064 s
Step    91: OL 1023.8  257.8  OA  124.6  17.0 CL  124.6  17.0 nm  0.071 s
Step   106: OL 1046.7  257.4  OA  123.7  13.4 CL  123.7  13.4 nm  0.064 s
Step   122: OL 1070.7  258.6  OA  119.9   7.8 CL  119.9   7.8 nm  0.063 s
Step   138: OL 1093.0  262.6  OA  118.2   8.0 CL  118.2   8.0 nm  0.063 s
Step   153: OL 1111.9  268.6  OA  126.6  11.0 CL  126.6  11.0 nm  0.067 s
Step   168: OL 1128.1  276.6  OA  119.8  12.9 CL  119.8  12.9 nm  0.067 s
Step   184: OL 1141.8  286.5  OA  120.8  11.2 CL  120.8  11.2 nm  0.063 s
Step   200: OL 1151.5  296.8  OA  122.9  13.0 CL  122.9  13.0 nm  0.070 s
Step   216: OL 1158.2  307.0  OA  114.9   5.9 CL  114.9   5.9 nm  0.064 s
Step   232: OL 1161.3  317.4  OA  122.2  29.7 CL  122.2  29.7 nm  0.063 s
Step   247: OL 1160.6  327.7  OA  122.2  22.2 CL  122.2  22.2 nm  0.066 s
Step   255 updated high order loop gain: 0.361
Step   257: OL 1157.4  334.9  OA  121.6  24.0 CL  121.6  24.0 nm  0.065 s
Step   273: OL 1147.7  346.4  OA  125.7  34.7 CL  125.7  34.7 nm  0.070 s
Step   289: OL 1133.5  358.7  OA  125.5  35.3 CL  125.5  35.3 nm  0.065 s
Step   305: OL 1117.0  372.6  OA  117.9  32.3 CL  117.9  32.3 nm  0.065 s
Step   321: OL 1097.8  387.7  OA  136.0  54.9 CL  136.0  54.9 nm  0.072 s
Step   337: OL 1077.3  405.0  OA  122.7  41.0 CL  122.7  41.0 nm  0.063 s
Step   353: OL 1056.7  424.9  OA  129.2  39.1 CL  129.2  39.1 nm  0.068 s
Step   368: OL 1038.2  445.7  OA  122.7  27.7 CL  122.7  27.7 nm  0.064 s
Step   384: OL 1019.7  468.8  OA  128.7  28.5 CL  128.7  28.5 nm  0.071 s
Step   399: OL 1003.0  490.4  OA  132.6  49.0 CL  132.6  49.0 nm  0.064 s
Step   415: OL  984.8  512.9  OA  122.1  31.2 CL  122.1  31.2 nm  0.065 s
Step   431: OL  966.5  534.2  OA  126.0  38.6 CL  126.0  38.6 nm  0.070 s
Step   446: OL  950.4  553.8  OA  119.0  25.1 CL  119.0  25.1 nm  0.062 s
Step   462: OL  936.6  574.8  OA  124.0  27.1 CL  124.0  27.1 nm  0.065 s
Step   477: OL  928.5  594.1  OA  126.6  26.9 CL  126.6  26.9 nm  0.063 s
Step   493: OL  926.1  613.9  OA  120.5  30.0 CL  120.5  30.0 nm  0.065 s
Step   509: OL  928.0  632.0  OA  126.3  42.3 CL  126.3  42.3 nm  0.071 s
Step   511 updated high order loop gain: 0.315
Step   524: OL  932.3  646.5  OA  128.0  36.5 CL  128.0  36.5 nm  0.064 s
Step 527, DM 2: 1 actuators over ia limit. trials=2: success.
Step 528, DM 2: 1 actuators over ia limit. trials=2: success.
Step 529, DM 2: 1 actuators over ia limit. trials=2: success.
Step 530, DM 2: 1 actuators over ia limit. trials=2: success.
Step 531, DM 2: 1 actuators over ia limit. trials=2: success.
Step   540: OL  939.7  658.0  OA  122.7  25.9 CL  122.7  25.9 nm  0.066 s
Step   555: OL  949.8  665.1  OA  122.2  19.0 CL  122.2  19.0 nm  0.063 s
Step   571: OL  963.5  669.3  OA  117.0  10.4 CL  117.0  10.4 nm  0.062 s
Step   587: OL  979.6  670.6  OA  117.6  18.3 CL  117.6  18.3 nm  0.072 s
Step   602: OL  996.6  668.4  OA  119.9  19.1 CL  119.9  19.1 nm  0.063 s
Step   618: OL 1015.4  661.9  OA  119.0  18.1 CL  119.0  18.1 nm  0.063 s
Step   630: OL 1029.4  654.7  OA  122.5   4.7 CL  122.5   4.7 nm  0.070 s
Step   646: OL 1047.0  642.1  OA  120.7  12.6 CL  120.7  12.6 nm  0.065 s
Step   662: OL 1062.6  627.1  OA  118.4   4.5 CL  118.4   4.5 nm  0.073 s
Step   678: OL 1076.8  610.5  OA  119.3  12.8 CL  119.3  12.8 nm  0.064 s
Step   694: OL 1089.7  593.6  OA  119.2  14.2 CL  119.2  14.2 nm  0.069 s
Step   710: OL 1099.7  575.0  OA  116.0   8.8 CL  116.0   8.8 nm  0.065 s
Step   726: OL 1105.5  555.2  OA  120.3  21.3 CL  120.3  21.3 nm  0.068 s
Step   741: OL 1106.7  536.6  OA  120.0  21.4 CL  120.0  21.4 nm  0.064 s
Step   757: OL 1103.6  517.3  OA  119.6  22.3 CL  119.6  22.3 nm  0.062 s
Step   767 updated high order loop gain: 0.292
Step   772: OL 1096.8  500.0  OA  120.0  22.0 CL  120.0  22.0 nm  0.071 s
Step   788: OL 1084.6  482.0  OA  123.3  20.6 CL  123.3  20.6 nm  0.067 s
Step   804: OL 1067.8  464.1  OA  121.4  23.6 CL  121.4  23.6 nm  0.072 s
Step   819: OL 1049.1  447.4  OA  121.6  24.6 CL  121.6  24.6 nm  0.066 s
Step   835: OL 1025.9  430.0  OA  123.2  24.2 CL  123.2  24.2 nm  0.066 s
Step   850: OL 1002.2  414.6  OA  120.8  17.9 CL  120.8  17.9 nm  0.066 s
Step   866: OL  976.8  399.8  OA  117.8  14.7 CL  117.8  14.7 nm  0.071 s
Step   882: OL  952.7  387.1  OA  118.7   8.6 CL  118.7   8.6 nm  0.065 s
Step   898: OL  928.6  376.3  OA  113.3  15.8 CL  113.3  15.8 nm  0.062 s
Step   913: OL  904.9  367.9  OA  116.8  24.3 CL  116.8  24.3 nm  0.070 s
Step   928: OL  881.0  360.7  OA  115.8   4.5 CL  115.8   4.5 nm  0.062 s
Step   944: OL  856.4  353.1  OA  120.8  16.4 CL  120.8  16.4 nm  0.063 s
Step   959: OL  834.8  345.5  OA  121.0  11.8 CL  121.0  11.8 nm  0.071 s
Step   975: OL  815.2  336.4  OA  116.0   6.4 CL  116.0   6.4 nm  0.063 s
Step   991: OL  798.6  326.1  OA  123.2  21.0 CL  123.2  21.0 nm  0.074 s
Step  1007: OL  783.6  314.4  OA  120.7  12.4 CL  120.7  12.4 nm  0.064 s
Step  1023: OL  771.0  302.2  OA  122.2   2.8 CL  122.2   2.8 nm  0.065 s
Step  1023 updated high order loop gain: 0.283
Step  1035: OL  763.1  292.5  OA  124.4  14.8 CL  124.4  14.8 nm  0.063 s
Step  1050: OL  754.4  279.5  OA  122.5  14.8 CL  122.5  14.8 nm  0.065 s
Step  1066: OL  745.3  263.9  OA  123.6  13.6 CL  123.6  13.6 nm  0.077 s
Step  1081: OL  739.3  247.1  OA  123.1  13.5 CL  123.1  13.5 nm  0.066 s
Step  1097: OL  736.1  228.7  OA  123.1   7.7 CL  123.1   7.7 nm  0.062 s
Step  1112: OL  735.2  213.0  OA  120.8  29.3 CL  120.8  29.3 nm  0.073 s
Step  1128: OL  735.4  198.5  OA  115.0  32.1 CL  115.0  32.1 nm  0.065 s
Step  1143: OL  736.0  187.6  OA  115.4  29.2 CL  115.4  29.2 nm  0.073 s
Step  1159: OL  736.9  178.6  OA  112.8  13.3 CL  112.8  13.3 nm  0.063 s
Step  1175: OL  737.7  172.7  OA  113.6   9.1 CL  113.6   9.1 nm  0.070 s
Step  1191: OL  740.6  168.9  OA  116.2   6.4 CL  116.2   6.4 nm  0.063 s
Step  1206: OL  744.1  166.0  OA  115.7  12.9 CL  115.7  12.9 nm  0.066 s
Step  1221: OL  747.4  164.0  OA  116.2  18.1 CL  116.2  18.1 nm  0.071 s
Step  1237: OL  750.4  164.0  OA  114.1   6.6 CL  114.1   6.6 nm  0.065 s
Step  1253: OL  752.4  167.1  OA  113.1  17.6 CL  113.1  17.6 nm  0.071 s
Step  1268: OL  755.2  173.0  OA  115.6  22.6 CL  115.6  22.6 nm  0.065 s
Step  1279 updated high order loop gain: 0.270
Step  1283: OL  758.9  181.0  OA  112.1  13.9 CL  112.1  13.9 nm  0.063 s
Step  1298: OL  763.8  190.5  OA  117.0   9.0 CL  117.0   9.0 nm  0.062 s
Step  1314: OL  768.6  202.1  OA  116.3  13.4 CL  116.3  13.4 nm  0.070 s
Step  1330: OL  773.4  215.4  OA  116.4  10.2 CL  116.4  10.2 nm  0.063 s
Step  1343: OL  778.7  227.1  OA  114.6   6.6 CL  114.6   6.6 nm  0.064 s
Step  1359: OL  787.4  241.4  OA  114.5   2.7 CL  114.5   2.7 nm  0.065 s
Step  1374: OL  797.3  252.7  OA  113.3   6.8 CL  113.3   6.8 nm  0.065 s
Step  1390: OL  809.2  261.9  OA  115.6   8.4 CL  115.6   8.4 nm  0.069 s
Step  1405: OL  822.3  268.3  OA  115.3   9.0 CL  115.3   9.0 nm  0.065 s
Step  1421: OL  837.6  272.9  OA  119.4  11.1 CL  119.4  11.1 nm  0.066 s
Step  1437: OL  853.2  276.4  OA  119.6   5.5 CL  119.6   5.5 nm  0.068 s
Step  1453: OL  868.0  278.9  OA  117.3  14.4 CL  117.3  14.4 nm  0.064 s
Step  1469: OL  880.7  279.5  OA  115.5   1.7 CL  115.5   1.7 nm  0.073 s
Step  1484: OL  888.7  277.5  OA  114.4  17.1 CL  114.4  17.1 nm  0.063 s
Step  1499: OL  892.0  273.3  OA  113.4  10.9 CL  113.4  10.9 nm  0.066 s
Step  1515: OL  891.2  266.5  OA  109.5   5.6 CL  109.5   5.6 nm  0.068 s
Step  1531: OL  887.1  258.1  OA  113.5  18.6 CL  113.5  18.6 nm  0.063 s
Step  1535 updated high order loop gain: 0.265
Step  1546: OL  880.5  248.6  OA  109.9  10.9 CL  109.9  10.9 nm  0.062 s
Step  1561: OL  872.9  238.7  OA  114.0   7.6 CL  114.0   7.6 nm  0.070 s
Step  1577: OL  864.5  229.2  OA  120.0  16.7 CL  120.0  16.7 nm  0.064 s
Step  1592: OL  855.5  222.2  OA  120.4   8.0 CL  120.4   8.0 nm  0.074 s
Step 1599: Output PSF
Step  1599: OL  851.0  219.4  OA  117.7  11.0 CL  117.7  11.0 nm 14.476 s
Mean: 119.29 20.65 117.49  nm.

*** Simulation Finished at 2025/02/12 00:37:12 in nid008236. ***

