Warning(sock.c:516): connect locally (/global/homes/b/bpeck/.aos/tmp/nid008652/scheduler) failed: Invalid argument. 
/global/u2/b/bpeck/work/vismcao/maos -o studies/reduced_ngs/6_lgs/8mag_lgs/4500count -c master_files/reduced_ngs/6_lgs/8mag_lgs/kola_4500act.conf -O 
Output folder is 'studies/reduced_ngs/6_lgs/8mag_lgs/4500count'.
SRC: /global/homes/b/bpeck/code/maos v2.9 4c88b7c2 2024-11-13 16:45:33 -0800
BUILT: /global/homes/b/bpeck/code/maos/optim by GCC (v12) on 2024/11/18 09:40:03 CPU(F64,+O3) with CUDA(v122,F32)
Launched at 2025/02/12 00:35:55 in nid008652 with PID 779316.
The web based job monitor can be accessed at http://localhost:10300
Main config file is /global/u2/b/bpeck/work/vismcao/master_files/reduced_ngs/6_lgs/8mag_lgs/kola_4500act.conf
Warning(path.c:48): Path not found: path=/global/u2/b/bpeck/work/vismcao/master_files/reduced_ngs/6_lgs/8mag_lgs/bin; abspath=/global/u2/b/bpeck/work/vismcao/master_files/reduced_ngs/6_lgs/8mag_lgs/bin; Ignored.
Warning(path.c:48): Path not found: path=/global/u2/b/bpeck/work/vismcao/master_files/reduced_ngs/6_lgs/8mag_lgs/atm; abspath=/global/u2/b/bpeck/work/vismcao/master_files/reduced_ngs/6_lgs/8mag_lgs/atm; Ignored.
Warning(readcfg.c:399): sim.apfsm has been renamed to powfs.apfsm.
Warning(readcfg.c:399): sim.epfsm has been renamed to powfs.epfsm.
Warning(readcfg.c:399): sim.alfsm has been renamed to powfs.alfsm.
Warning(readcfg.c:399): sim.commonfsm has been renamed to powfs.commonfsm.
Warning(readcfg.c:399): sim.idealfsm has been renamed to powfs.idealfsm.
Warning(readcfg.c:399): sim.zetafsm has been renamed to powfs.zetafsm.
Warning(readcfg.c:399): sim.f0fsm has been renamed to powfs.f0fsm.
Warning(readcfg.c:399): tsurf has been renamed to ncpa.tsurf.
loaded 132 (132 new) records from '/global/u2/b/bpeck/work/vismcao/./keck_sim.conf'
loaded  19 ( 19 new) records from '/global/u2/b/bpeck/work/vismcao/./dm_none.conf'
loaded  19 (  0 new) records from '/global/u2/b/bpeck/work/vismcao/./keck_ASM.conf'
loaded  19 (  0 new) records from '/global/u2/b/bpeck/work/vismcao/./keck_DM2.conf'
loaded  19 (  0 new) records from '/global/u2/b/bpeck/work/vismcao/./keck_DM3.conf'
loaded   0 (  0 new) records from '/global/u2/b/bpeck/work/vismcao/./keck_dm_multiple.conf'
loaded   7 (  5 new) records from '/global/u2/b/bpeck/work/vismcao/./atm_mk13n50p_ground_detail.conf'
loaded  76 ( 69 new) records from '/global/homes/b/bpeck/code/maos/config/maos/powfs_common.conf'
loaded  44 ( 38 new) records from '/global/u2/b/bpeck/work/vismcao/./powfs_none.conf'
loaded  44 (  0 new) records from '/global/u2/b/bpeck/work/vismcao/./keck_shwfs_lgs.conf'
loaded  44 (  0 new) records from '/global/u2/b/bpeck/work/vismcao/./keck_shwfs_ttf_strap.conf'
loaded  44 (  0 new) records from '/global/u2/b/bpeck/work/vismcao/./keck_shwfs_twfs_lbwfs.conf'
loaded   0 (  0 new) records from '/global/u2/b/bpeck/work/vismcao/./keck_wfs_lgs_strap_lbwfs.conf'
loaded  71 ( 71 new) records from '/global/u2/b/bpeck/work/vismcao/./keck_recon.conf'
Warning(readcfg.c:399): dbg.na_smooth has been renamed to powfs0_llt.na_smooth.
Warning(readcfg.c:399): dbg.na_interp has been renamed to powfs0_llt.na_interp.
Warning(readcfg.c:399): dbg.na_thres has been renamed to powfs0_llt.na_thres.
Warning(readcfg.c:399): dbg.na_fit_maxit has been renamed to powfs0_llt.na_fit_maxit.
Warning(readcfg.c:399): dbg.na_fit_svdthres has been renamed to powfs0_llt.na_fit_svdthres.
Warning(readcfg.c:399): dbg.na_fit_dh has been renamed to powfs0_llt.na_fit_dh.
Warning(readcfg.c:399): dbg.ncpa_preload has been renamed to ncpa.preload.
Warning(readcfg.c:399): dbg.ncpa_rmsci has been renamed to ncpa.rmsci.
Warning(readcfg.c:399): dbg.draw_opdmax has been renamed to plot.opdmax.
Warning(readcfg.c:399): dbg.draw_gmax has been renamed to plot.gmax.
loaded  95 ( 93 new) records from '/global/u2/b/bpeck/work/vismcao/./keck_dbg.conf'
loaded   4 (  4 new) records from '/global/u2/b/bpeck/work/vismcao/./keck_fit_mcao.conf'
Warning(readcfg.c:399): surf has been renamed to ncpa.surf.
loaded  39 (  7 new) records from '/global/u2/b/bpeck/work/vismcao/master_files/reduced_ngs/6_lgs/8mag_lgs/kola_4500act.conf'
loaded   0 (  0 new) records from 'command line'
loaded  24 ( 18 new) records from '/global/u2/b/bpeck/work/vismcao/./keck_llt_CL.conf'
Adjust LGS range by telescope altitude 4145m.
Zenith angle is 30 degree.
    Scaling turbulence height and LGS hs by sec(za).
    Scaling r0 by cos(za)^(3/5).
    Scaling wind speed and LGS signal level by cos(za).
powfs0: Adjusting dx from 0.0078125 to 0.00805556. 
powfs0.llt.fsm: f0=0 Hz, LPF ep=0
powfs0.epfsm is set to 0.517618 (auto)
powfs2: Adjusting dx from 0.03125 to 0.0312778. 
powfs2 is TWFS for powfs0
sim.ephi is set to 0.427717 (auto)
sim.eplo is set to 0.427717 (auto)
Warning(parms.c:2296): Layer 1 at 17.3205m is very close to layer 0 at 0m (OK).
Warning(parms.c:2296): Layer 2 at 34.641m is very close to layer 1 at 17.3205m (OK).
Warning(parms.c:2296): Layer 3 at 51.9615m is very close to layer 2 at 34.641m (OK).
dm 0: stroke=30 um is provided in micron.
dm 0: assume ia stroke=2 um is provided in micron.
dm 1: stroke=7 um is provided in micron.
dm 1: assume ia stroke=2 um is provided in micron.
dm 2: stroke=7 um is provided in micron.
dm 2: assume ia stroke=2 um is provided in micron.
Focus blending is not implemented yet for integrated tomography
parms->sim.mffocus is reset to 0
There are 1 valid simulation seeds:  1
Output PSF for 1 directions
Used 449 of 456 supplied keys
Warning(readcfg.c:158): key "dbg.pwfs_flate" is not recognized, value is 0
Warning(readcfg.c:158): key "dbg.pwfs_flatv" is not recognized, value is 0
Warning(readcfg.c:158): key "dbg.pwfs_psx" is not recognized, value is [0 0 0 0]
Warning(readcfg.c:158): key "dbg.pwfs_psy" is not recognized, value is [0 0 0 0]
Warning(readcfg.c:158): key "dbg.pwfs_pupelong" is not recognized, value is 0
Warning(readcfg.c:158): key "dbg.pwfs_raw" is not recognized, value is 0
Warning(readcfg.c:158): key "dbg.pwfs_side" is not recognized, value is 4
[00;00mAperture[00;00m is 11 m with sampling 1/128 m
[00;00mTurbulence at 30 degree zenith angle:[00;00m r0=0.128424m, L0=30m, 14 layers.
    Greenwood freq is 25.1Hz, anisoplanatic angle is 1.58 as
    Sampled 8192x8192 at 1/128m. wind dir is randomized.
    layer 0: ht=      0 m, wt= 0.302, ws=  4.8 m/s
    layer 1: ht=     17 m, wt= 0.154, ws=  5.0 m/s
    layer 2: ht=     35 m, wt= 0.041, ws=  5.4 m/s
    layer 3: ht=     52 m, wt= 0.002, ws=  6.6 m/s
    layer 4: ht=    139 m, wt= 0.021, ws=  6.1 m/s
    layer 5: ht=    231 m, wt= 0.010, ws=  6.1 m/s
    layer 6: ht=    323 m, wt= 0.008, ws=  6.1 m/s
    layer 7: ht=    416 m, wt= 0.005, ws=  6.1 m/s
    layer 8: ht=    508 m, wt= 0.001, ws=  6.1 m/s
    layer 9: ht=    932 m, wt= 0.107, ws=  5.6 m/s
    layer 10: ht=   5022 m, wt= 0.144, ws= 11.1 m/s
    layer 11: ht=   9238 m, wt= 0.093, ws= 19.1 m/s
    layer 12: ht=  13856 m, wt= 0.075, ws=  8.2 m/s
    layer 13: ht=  22518 m, wt= 0.036, ws=  4.8 m/s
[00;00mReconstruction[00;00m: r0=0.128424m L0=30m. 14 layers. use cone coordinate.
    layer 0: ht=      0 m, wt= 0.302
    layer 1: ht=     17 m, wt= 0.154
    layer 2: ht=     35 m, wt= 0.041
    layer 3: ht=     52 m, wt= 0.002
    layer 4: ht=    139 m, wt= 0.021
    layer 5: ht=    231 m, wt= 0.010
    layer 6: ht=    323 m, wt= 0.008
    layer 7: ht=    416 m, wt= 0.005
    layer 8: ht=    508 m, wt= 0.001
    layer 9: ht=    932 m, wt= 0.107
    layer 10: ht=   5022 m, wt= 0.144
    layer 11: ht=   9238 m, wt= 0.093
    layer 12: ht=  13856 m, wt= 0.075
    layer 13: ht=  22518 m, wt= 0.036
[00;00mThere are 3 powfs[00;00m
  powfs0: Order 76, LGS at 99.1 km. Sampling 1/124.138 m. Thres 30%. [00;00mT/T is removed in right hand side in tomography.[00;00m
    CCD image is 25x25 @ 500x500 mas, blur 27% (sigma), 1500Hz, wvl: [ 5.89e-07]
    Gtilt in reconstruction. Physical optics start at 0 with [00;00m'matched filter'[00;00m [00;00m(noisy)[00;00m
  powfs1: Order  2, NGS at inf km. Sampling 1/16 m. Thres 30%. 
    Ztilt in reconstruction. Geomtric optics start at 2 with ztilt [00;00m(noisy)[00;00m
  powfs2: Order 20, NGS at inf km. Sampling 1/31.9716 m. Thres 50%. 
    CCD image is 4x4 @ 1500x1500 mas, blur 0% (sigma), 0.015Hz, wvl: [ 7.2e-07]
    Gtilt in reconstruction. Geomtric optics start at 50 with gtilt Physical optics start at 0 with [00;00m'matched filter'[00;00m [00;00m(noisy)[00;00m
[00;00mThere are 10 wfs[00;00m
    wfs 0: type 0, at (  30.00,    0.00) arcsec,  99 km, siglev is 25.21 bkgrnd is 0.1
    wfs 1: type 0, at (  15.00,   25.98) arcsec,  99 km, siglev is 25.21 bkgrnd is 0.1
    wfs 2: type 0, at ( -15.00,   25.98) arcsec,  99 km, siglev is 25.21 bkgrnd is 0.1
    wfs 3: type 0, at ( -30.00,    0.00) arcsec,  99 km, siglev is 25.21 bkgrnd is 0.1
    wfs 4: type 0, at ( -15.00,  -25.98) arcsec,  99 km, siglev is 25.21 bkgrnd is 0.1
    wfs 5: type 0, at (  15.00,  -25.98) arcsec,  99 km, siglev is 25.21 bkgrnd is 0.1
    wfs 6: type 1, at (   5.00,    8.66) arcsec, inf km, siglev is 42387.6 bkgrnd is 1.056
    wfs 7: type 1, at ( -10.00,    0.00) arcsec, inf km, siglev is 42387.6 bkgrnd is 1.056
    wfs 8: type 1, at (   5.00,   -8.66) arcsec, inf km, siglev is 42387.6 bkgrnd is 1.056
    wfs 9: type 2, at (   0.00,    0.00) arcsec, inf km, siglev is 4.1558e+06 bkgrnd is 0.001
[00;00mThere are 3 DMs[00;00m
  DM 0 at -0.1km, actuator pitch 0.145m, offset   0, with 30.000000 micron stroke.
    Normalized cubic influence function with inter-actuator coupling of 0.223
  DM 1 at    6km, actuator pitch 0.168m, offset   0, with 7.000000 micron stroke.
    Normalized cubic influence function with inter-actuator coupling of 0.223
  DM 2 at   10km, actuator pitch 0.168m, offset   0, with 7.000000 micron stroke.
    Normalized cubic influence function with inter-actuator coupling of 0.223
[00;00mTomography[00;00m is using CG, with [00;00mFourer Domain[00;00m preconditioner, [00;00m12[00;00m iterations, integrated tomo.
[00;00mDM Fitting [00;00mis using CG, with [00;00mNo[00;00m preconditioner, [00;00m10[00;00m iterations
[00;00mThere are 9 fit directions[00;00m
    Fit 0: weight is 0.444, at (   0.00,    0.00) arcsec
    Fit 1: weight is 0.111, at (  15.00,    0.00) arcsec
    Fit 2: weight is 0.111, at (   0.00,   15.00) arcsec
    Fit 3: weight is 0.111, at ( -15.00,    0.00) arcsec
    Fit 4: weight is 0.111, at (   0.00,  -15.00) arcsec
    Fit 5: weight is 0.028, at (  15.00,   15.00) arcsec
    Fit 6: weight is 0.028, at ( -15.00,   15.00) arcsec
    Fit 7: weight is 0.028, at ( -15.00,  -15.00) arcsec
    Fit 8: weight is 0.028, at (  15.00,  -15.00) arcsec
[00;00mThere are 1 evaluation directions[00;00m at sampling 1/128 m.
    Evl 0: weight is 1.000, at (   0.00,    0.00) arcsec
[00;00mSimulation[00;00m start at step 0, end at step 1600, with time step 1/1500s, [00;00mclose loop[00;00m.
After setup_parms:	120.6 MiB.
Warning(sock.c:516): connect locally (/global/homes/b/bpeck/.aos/tmp/nid008652/scheduler) failed: Invalid argument. 
CUDA: minimum memory requirement is 0.3GB
GPU 0 is NVIDIA A100-SXM4-80GB with arch 8.0, 78.6GB free, 79.0GB total device memory.
Using GPU 0
Use 1 GPUs for WFS Tomo Fit Evl

*** Preparation started at 2025/02/12 00:35:57 in nid008652. ***

Using OpenMP version 201511 with 128 threads
Reading aperture amplitude map from KECK.fits
Warning(accphi.c:477): 108261 points not covered by input screen
Warning(sock.c:516): connect locally (/global/homes/b/bpeck/.aos/tmp/nid008652/scheduler) failed: Invalid argument. 
 ->maos.c:447->setup.c:148->aper.c:74->utils.c:478->accphi.c:478
iwvl 0: Science PSF is using grid size of 2880. The PSF will sum to 6.95167232825486
iwvl 1: Science PSF is using grid size of 2880. The PSF will sum to 6.95167232825486
iwvl 2: Science PSF is using grid size of 2880. The PSF will sum to 6.95167232825486
iwvl 3: Science PSF is using grid size of 2880. The PSF will sum to 6.95167232825486
iwvl 4: Science PSF is using grid size of 2880. The PSF will sum to 6.95167232825486
iwvl 5: Science PSF is using grid size of 2880. The PSF will sum to 6.95167232825486
iwvl 6: Science PSF is using grid size of 2880. The PSF will sum to 6.95167232825486
iwvl 7: Science PSF is using grid size of 2880. The PSF will sum to 6.95167232825486
iwvl 8: Science PSF is using grid size of 2880. The PSF will sum to 6.95167232825486
After setup_aper:	343.2 MiB.

[00;00mSetting up powfs 0 geom[00;00m

There are 18 points in each subaperture of 0.145m.
There are 3550 valid subaperture.

[00;00mSetting up powfs 1 geom[00;00m

There are 88 points in each subaperture of 5.5m.
There are 4 valid subaperture.

[00;00mSetting up powfs 2 geom[00;00m

There are 18 points in each subaperture of 0.563m.
There are 236 valid subaperture.
After setup_powfs_init:	418.8 MiB.

[00;00mSetting up reconstructor geometry.[00;00m

PLOC is 155x155, with sampling of 0.07m (square)
    DM 0: grid is 81 x 81
    DM 1: grid is 75 x 75
    DM 2: grid is 81 x 79
FLOC is 155x155, with sampling of 0.07m (not square)
Tomography grid is square:
    layer 0: xloc grid is 280 x 280, sampling is 0.072 m, 78400 points
    layer 1: xloc grid is 280 x 280, sampling is 0.072 m, 78400 points
    layer 2: xloc grid is 280 x 280, sampling is 0.072 m, 78400 points
    layer 3: xloc grid is 280 x 280, sampling is 0.072 m, 78400 points
    layer 4: xloc grid is 280 x 280, sampling is 0.072 m, 78400 points
    layer 5: xloc grid is 280 x 280, sampling is 0.072 m, 78400 points
    layer 6: xloc grid is 280 x 280, sampling is 0.072 m, 78400 points
    layer 7: xloc grid is 280 x 280, sampling is 0.072 m, 78400 points
    layer 8: xloc grid is 280 x 280, sampling is 0.072 m, 78400 points
    layer 9: xloc grid is 280 x 280, sampling is 0.072 m, 78400 points
    layer 10: xloc grid is 280 x 280, sampling is 0.069 m, 78400 points
    layer 11: xloc grid is 280 x 280, sampling is 0.066 m, 78400 points
    layer 12: xloc grid is 280 x 280, sampling is 0.062 m, 78400 points
    layer 13: xloc grid is 280 x 280, sampling is 0.056 m, 78400 points

[00;00mSetting up powfs 0 PO WFS[00;00m

OTF dimension is 36x36 (calculated)
There is no bias
Uplink FWHM (illt 0, iwvl 0) is 0.578619"
Downlink FWHM (illt 0, iwvl 0) is 1.36259"
Generating matched filter for powfs 0
sa index   location       noise equivalent angle
    1772: (  4.8,  -0.1) m, (163.81, 156.98) mas
    1765: (  3.8,  -0.1) m, (174.57, 158.80) mas
    1757: (  2.6,  -0.1) m, (189.91, 161.43) mas
    1750: (  1.6,  -0.1) m, (204.17, 163.91) mas
    1748: (  1.3,  -0.1) m, (208.37, 164.65) mas
    1277: ( -0.6,  -1.3) m, (237.66, 173.39) mas
    1743: ( -1.7,  -0.1) m, (254.66, 172.33) mas
    1735: ( -2.9,  -0.1) m, (274.69, 175.11) mas
    1728: ( -3.9,  -0.1) m, (293.99, 177.49) mas
    1720: ( -5.1,  -0.1) m, (318.58, 180.11) mas
    1718: ( -5.4,  -0.1) m, (324.67, 180.71) mas
sa index   location       noise equivalent angle
    3467: (  2.5,   4.3) m, (157.99, 160.64) mas
    3152: (  1.9,   3.3) m, (174.96, 184.78) mas
    2775: (  1.3,   2.3) m, (168.89, 182.82) mas
    2344: (  0.7,   1.3) m, (176.24, 196.98) mas
    2278: (  0.6,   1.2) m, (177.98, 199.11) mas
    1865: ( -1.4,   0.1) m, (205.15, 216.53) mas
    1210: ( -0.9,  -1.4) m, (199.37, 242.49) mas
     778: ( -1.4,  -2.5) m, (208.55, 261.26) mas
     669: ( -1.6,  -2.8) m, (210.80, 266.45) mas
     401: ( -2.0,  -3.5) m, (236.15, 309.03) mas
      85: ( -2.6,  -4.5) m, (228.18, 302.26) mas
sa index   location       noise equivalent angle
    3432: ( -2.6,   4.3) m, (157.99, 160.64) mas
    3125: ( -2.0,   3.3) m, (174.92, 185.21) mas
    2756: ( -1.4,   2.3) m, (168.89, 182.82) mas
    2333: ( -0.9,   1.3) m, (176.24, 196.98) mas
    2269: ( -0.7,   1.2) m, (177.98, 199.11) mas
    1868: (  1.3,   0.1) m, (205.15, 216.53) mas
    1221: (  0.7,  -1.4) m, (199.37, 242.49) mas
     797: (  1.3,  -2.5) m, (208.55, 261.26) mas
     690: (  1.4,  -2.8) m, (210.80, 266.45) mas
     428: (  1.9,  -3.5) m, (236.73, 309.03) mas
     120: (  2.5,  -4.5) m, (228.18, 302.26) mas
sa index   location       noise equivalent angle
    1721: ( -4.9,  -0.1) m, (163.81, 156.98) mas
    1728: ( -3.9,  -0.1) m, (174.57, 158.80) mas
    1736: ( -2.8,  -0.1) m, (189.91, 161.43) mas
    1743: ( -1.7,  -0.1) m, (204.17, 163.91) mas
    1745: ( -1.4,  -0.1) m, (208.37, 164.65) mas
    1284: (  0.4,  -1.3) m, (237.44, 173.03) mas
    1750: (  1.6,  -0.1) m, (254.66, 172.33) mas
    1758: (  2.8,  -0.1) m, (274.69, 175.11) mas
    1765: (  3.8,  -0.1) m, (293.99, 177.49) mas
    1773: (  4.9,  -0.1) m, (318.58, 180.11) mas
    1775: (  5.2,  -0.1) m, (324.67, 180.71) mas
sa index   location       noise equivalent angle
      85: ( -2.6,  -4.5) m, (157.99, 160.64) mas
     401: ( -2.0,  -3.5) m, (175.17, 187.15) mas
     778: ( -1.4,  -2.5) m, (168.89, 182.82) mas
    1210: ( -0.9,  -1.4) m, (176.24, 196.98) mas
    1276: ( -0.7,  -1.3) m, (177.98, 199.11) mas
    1688: (  1.3,  -0.3) m, (205.15, 216.53) mas
    2344: (  0.7,   1.3) m, (199.37, 242.49) mas
    2775: (  1.3,   2.3) m, (208.55, 261.26) mas
    2884: (  1.4,   2.6) m, (210.80, 266.45) mas
    3152: (  1.9,   3.3) m, (236.02, 306.17) mas
    3467: (  2.5,   4.3) m, (228.18, 302.26) mas
sa index   location       noise equivalent angle
     120: (  2.5,  -4.5) m, (157.99, 160.64) mas
     428: (  1.9,  -3.5) m, (175.67, 186.97) mas
     797: (  1.3,  -2.5) m, (168.89, 182.82) mas
    1221: (  0.7,  -1.4) m, (176.24, 196.98) mas
    1285: (  0.6,  -1.3) m, (177.98, 199.11) mas
    1685: ( -1.4,  -0.3) m, (205.15, 216.53) mas
    2333: ( -0.9,   1.3) m, (199.37, 242.49) mas
    2756: ( -1.4,   2.3) m, (208.55, 261.26) mas
    2863: ( -1.6,   2.6) m, (210.80, 266.45) mas
    3125: ( -2.0,   3.3) m, (236.08, 306.78) mas
    3432: ( -2.6,   4.3) m, (228.18, 302.26) mas

[00;00mSetting up powfs 2 PO WFS[00;00m

OTF dimension is 48x48 (calculated)
Generating matched filter for powfs 2
Use sanea to derive neasim
Use sanea to derive neasim

[00;00mSetting up reconstructor[00;00m

Recon NEA: cmf(212.83) cmf(214.09) cmf(213.90) cmf(212.50) cmf(213.83) cmf(214.02) geom(0.31) geom(0.31) geom(0.31) mf(0.14)  mas
Setup or update control matrix parameters.
RRtwfs svd threshold is 1e-10
Replacing HA by HA*fit->actextrap
Adding piston cr to fit matrix
Adding TT cr on upper DMs to fit matrix.
Before assembling fit matrix:	4399.4 MiB.
Building fit->FR
Building fit->FL
Adding tikhonov constraint of 1.0e-07 to FLM
The maximum eigen value is estimated to be around 2.7e-04
DM Fit number of Low rank terms: 16 in LHS
After assemble fit matrix:	6340.8 MiB.
After setup_recon:	6340.8 MiB.
GPU 0: mem used 1386 MB (wfs init)
GPU 0: mem used 2598 MB (recon init)
GPU 0: mem used 2628 MB (perf init)

*** Simulation started at 2025/02/12 00:38:08 in nid008652. ***

Running seed 1
GPU 0: mem used 2628 MB (wfs seeding)
Wind dir: 267.3 261.7 167.0 130.5 300.7  32.3 119.8 139.0 150.8 277.7 203.0 133.1  45.9 265.1 deg
Using /global/homes/b/bpeck/.aos/cache/atm/vonkarman_14_8192x8192_0.0078125_1115374592d.bin
After genatm:	6249.3 MiB.
Step     #  Open Loop  PR TT  On axis  PR TT  Field RMS PR TT     Timing 
Step     0: OL  884.6  248.3  OA  884.6 248.3 CL  884.6 248.3 nm  0.344 s
Step    17: OL  911.0  254.8  OA  151.9  33.5 CL  151.9  33.5 nm  0.053 s
Step    33: OL  935.9  259.4  OA  134.4  17.1 CL  134.4  17.1 nm  0.067 s
Step    49: OL  959.8  261.2  OA  128.7  21.6 CL  128.7  21.6 nm  0.062 s
Step    65: OL  983.6  260.4  OA  129.0   7.4 CL  129.0   7.4 nm  0.069 s
Step    81: OL 1007.9  258.7  OA  134.0  11.4 CL  134.0  11.4 nm  0.072 s
Step    97: OL 1032.6  257.6  OA  128.3  17.1 CL  128.3  17.1 nm  0.064 s
Step   113: OL 1057.3  257.9  OA  125.2  30.0 CL  125.2  30.0 nm  0.073 s
Step   129: OL 1080.9  260.1  OA  133.2  20.9 CL  133.2  20.9 nm  0.063 s
Step   143: OL 1100.1  264.6  OA  132.4   3.5 CL  132.4   3.5 nm  0.076 s
Step   158: OL 1118.2  271.2  OA  130.6  19.5 CL  130.6  19.5 nm  0.061 s
Step   174: OL 1134.6  280.3  OA  133.1  18.7 CL  133.1  18.7 nm  0.066 s
Step   190: OL 1146.8  290.5  OA  131.1  20.9 CL  131.1  20.9 nm  0.064 s
Step   206: OL 1155.5  300.8  OA  129.3   1.9 CL  129.3   1.9 nm  0.065 s
Step   222: OL 1161.1  311.0  OA  136.8  17.9 CL  136.8  17.9 nm  0.062 s
Step   238: OL 1162.9  321.6  OA  131.6  33.0 CL  131.6  33.0 nm  0.068 s
Step   254: OL 1159.9  332.8  OA  134.0  22.7 CL  134.0  22.7 nm  0.065 s
Step   255 updated high order loop gain: 0.355
Step   270: OL 1151.0  344.3  OA  137.4  29.4 CL  137.4  29.4 nm  0.065 s
Step   286: OL 1137.0  356.2  OA  129.6  26.9 CL  129.6  26.9 nm  0.062 s
Step   302: OL 1120.3  369.9  OA  132.0  17.8 CL  132.0  17.8 nm  0.063 s
Step   318: OL 1101.1  384.7  OA  129.2  14.4 CL  129.2  14.4 nm  0.072 s
Step   334: OL 1079.9  401.5  OA  126.1   9.6 CL  126.1   9.6 nm  0.061 s
Step   350: OL 1058.6  421.0  OA  131.9  33.4 CL  131.9  33.4 nm  0.070 s
Step   366: OL 1037.9  442.8  OA  121.9   5.3 CL  121.9   5.3 nm  0.062 s
Step   382: OL 1018.6  465.8  OA  129.2  12.9 CL  129.2  12.9 nm  0.070 s
Step   398: OL 1000.4  488.9  OA  125.7  14.6 CL  125.7  14.6 nm  0.062 s
Step   414: OL  982.0  511.4  OA  128.7   7.1 CL  128.7   7.1 nm  0.067 s
Step   430: OL  963.3  532.7  OA  121.2  13.6 CL  121.2  13.6 nm  0.064 s
Step   446: OL  945.8  553.7  OA  126.3   9.1 CL  126.3   9.1 nm  0.075 s
Step   461: OL  932.7  573.3  OA  126.2   7.6 CL  126.2   7.6 nm  0.065 s
Step   477: OL  924.0  594.0  OA  126.5  17.9 CL  126.5  17.9 nm  0.062 s
Step   493: OL  921.9  613.7  OA  129.7  13.1 CL  129.7  13.1 nm  0.063 s
Step   509: OL  923.9  631.9  OA  129.7   6.5 CL  129.7   6.5 nm  0.064 s
Step   511 updated high order loop gain: 0.304
Step   525: OL  929.2  647.2  OA  129.0  12.6 CL  129.0  12.6 nm  0.064 s
Step   541: OL  937.5  658.4  OA  129.5   3.1 CL  129.5   3.1 nm  0.062 s
Step   557: OL  949.3  665.7  OA  135.1  17.2 CL  135.1  17.2 nm  0.062 s
Step   572: OL  962.9  669.3  OA  126.3   9.7 CL  126.3   9.7 nm  0.061 s
Step   588: OL  979.8  670.5  OA  124.0   8.6 CL  124.0   8.6 nm  0.080 s
Step   604: OL  998.5  667.6  OA  125.0  20.7 CL  125.0  20.7 nm  0.062 s
Step   620: OL 1017.9  660.6  OA  127.2   0.4 CL  127.2   0.4 nm  0.074 s
Step   636: OL 1036.6  650.1  OA  126.2   4.2 CL  126.2   4.2 nm  0.064 s
Step   652: OL 1053.9  636.6  OA  128.6   5.2 CL  128.6   5.2 nm  0.073 s
Step   668: OL 1069.2  620.8  OA  133.6  35.9 CL  133.6  35.9 nm  0.061 s
Step   684: OL 1083.3  604.2  OA  132.8  20.5 CL  132.8  20.5 nm  0.066 s
Step   700: OL 1095.6  586.7  OA  131.9  11.2 CL  131.9  11.2 nm  0.062 s
Step   715: OL 1103.9  568.7  OA  133.8  15.1 CL  133.8  15.1 nm  0.064 s
Step   731: OL 1108.4  548.9  OA  131.9  18.1 CL  131.9  18.1 nm  0.061 s
Step   747: OL 1108.1  529.2  OA  128.4   6.6 CL  128.4   6.6 nm  0.063 s
Step   763: OL 1103.4  510.2  OA  131.8   1.4 CL  131.8   1.4 nm  0.063 s
Step   767 updated high order loop gain: 0.283
Step   779: OL 1094.3  492.0  OA  136.7  14.5 CL  136.7  14.5 nm  0.063 s
Step   795: OL 1080.2  474.1  OA  131.6  11.0 CL  131.6  11.0 nm  0.063 s
Step   811: OL 1062.3  456.2  OA  134.8  11.1 CL  134.8  11.1 nm  0.064 s
Step   827: OL 1040.7  438.5  OA  135.8  10.0 CL  135.8  10.0 nm  0.064 s
Step   843: OL 1016.1  421.6  OA  132.3   1.1 CL  132.3   1.1 nm  0.064 s
Step   858: OL  992.2  406.9  OA  139.2   8.9 CL  139.2   8.9 nm  0.066 s
Step   874: OL  966.9  393.1  OA  135.6  18.6 CL  135.6  18.6 nm  0.064 s
Step   890: OL  942.9  381.4  OA  138.7  12.6 CL  138.7  12.6 nm  0.064 s
Step   906: OL  917.9  371.5  OA  138.6   5.5 CL  138.6   5.5 nm  0.064 s
Step   922: OL  891.9  363.4  OA  142.8  15.7 CL  142.8  15.7 nm  0.066 s
Step   936: OL  869.6  356.8  OA  135.6  13.1 CL  135.6  13.1 nm  0.064 s
Step   952: OL  845.2  349.1  OA  130.3  13.3 CL  130.3  13.3 nm  0.071 s
Step   968: OL  823.5  340.5  OA  133.5  15.9 CL  133.5  15.9 nm  0.062 s
Step   984: OL  805.3  330.7  OA  127.7  14.8 CL  127.7  14.8 nm  0.071 s
Step  1000: OL  789.4  319.6  OA  134.6   4.2 CL  134.6   4.2 nm  0.063 s
Step  1016: OL  775.2  307.5  OA  127.9   2.5 CL  127.9   2.5 nm  0.069 s
Step  1023 updated high order loop gain: 0.271
Step  1031: OL  764.2  295.8  OA  131.5   7.4 CL  131.5   7.4 nm  0.062 s
Step  1047: OL  754.4  282.1  OA  133.5   9.5 CL  133.5   9.5 nm  0.063 s
Step  1063: OL  744.7  267.0  OA  133.5  17.7 CL  133.5  17.7 nm  0.060 s
Step  1075: OL  738.8  254.0  OA  134.8  11.3 CL  134.8  11.3 nm  0.062 s
Step  1091: OL  733.9  235.3  OA  131.5  14.9 CL  131.5  14.9 nm  0.064 s
Step  1107: OL  731.7  218.0  OA  130.7  21.7 CL  130.7  21.7 nm  0.062 s
Step  1123: OL  731.1  202.6  OA  129.7  15.1 CL  129.7  15.1 nm  0.062 s
Step  1139: OL  731.4  190.2  OA  129.0  26.7 CL  129.0  26.7 nm  0.063 s
Step  1155: OL  732.2  180.4  OA  126.1  21.0 CL  126.1  21.0 nm  0.063 s
Step  1170: OL  732.9  174.1  OA  124.7  15.3 CL  124.7  15.3 nm  0.072 s
Step  1186: OL  735.1  169.8  OA  126.3  15.9 CL  126.3  15.9 nm  0.060 s
Step  1199: OL  738.3  167.1  OA  130.7   5.9 CL  130.7   5.9 nm  0.068 s
Step  1210: OL  741.1  165.1  OA  129.0  20.8 CL  129.0  20.8 nm  0.063 s
Step  1226: OL  745.4  163.5  OA  122.8  19.4 CL  122.8  19.4 nm  0.062 s
Step  1242: OL  748.7  164.4  OA  123.5  25.6 CL  123.5  25.6 nm  0.065 s
Step  1258: OL  752.2  168.5  OA  127.7  25.4 CL  127.7  25.4 nm  0.064 s
Step  1274: OL  756.8  175.7  OA  129.3  31.2 CL  129.3  31.2 nm  0.063 s
Step  1279 updated high order loop gain: 0.261
Step  1289: OL  762.7  184.4  OA  133.8  22.6 CL  133.8  22.6 nm  0.064 s
Step  1305: OL  769.7  195.2  OA  133.1  17.2 CL  133.1  17.2 nm  0.071 s
Step  1321: OL  775.9  207.5  OA  138.6  32.4 CL  138.6  32.4 nm  0.061 s
Step  1337: OL  783.0  221.4  OA  138.1  21.3 CL  138.1  21.3 nm  0.069 s
Step  1353: OL  791.9  236.0  OA  136.1  23.2 CL  136.1  23.2 nm  0.062 s
Step  1369: OL  803.0  249.0  OA  135.7  30.0 CL  135.7  30.0 nm  0.064 s
Step  1381: OL  811.9  256.8  OA  134.4  13.6 CL  134.4  13.6 nm  0.062 s
Step  1397: OL  825.3  265.0  OA  132.6  21.7 CL  132.6  21.7 nm  0.070 s
Step  1413: OL  840.5  270.6  OA  132.2  13.4 CL  132.2  13.4 nm  0.061 s
Step  1429: OL  856.4  274.6  OA  134.2  16.0 CL  134.2  16.0 nm  0.073 s
Step  1445: OL  871.4  277.7  OA  129.1   5.5 CL  129.1   5.5 nm  0.065 s
Step  1461: OL  885.0  279.3  OA  124.0  10.5 CL  124.0  10.5 nm  0.066 s
Step  1477: OL  895.1  278.6  OA  130.9  14.8 CL  130.9  14.8 nm  0.060 s
Step  1493: OL  900.0  275.2  OA  132.4   6.0 CL  132.4   6.0 nm  0.061 s
Step  1509: OL  899.7  269.1  OA  134.6  15.1 CL  134.6  15.1 nm  0.062 s
Step  1524: OL  896.2  262.0  OA  126.1   5.2 CL  126.1   5.2 nm  0.064 s
Step  1535 updated high order loop gain: 0.259
Step  1540: OL  889.2  252.4  OA  130.5   2.9 CL  130.5   2.9 nm  0.063 s
Step  1556: OL  880.2  241.9  OA  131.5   3.7 CL  131.5   3.7 nm  0.065 s
Step  1572: OL  871.1  231.9  OA  134.1   9.7 CL  134.1   9.7 nm  0.063 s
Step  1588: OL  860.9  223.9  OA  134.3   6.8 CL  134.3   6.8 nm  0.062 s
Step 1599: Output PSF
Step  1599: OL  853.4  219.3  OA  138.6   2.3 CL  138.6   2.3 nm  4.342 s
Mean: 131.15 16.42 130.11  nm.

*** Simulation Finished at 2025/02/12 00:40:07 in nid008652. ***

