Warning(sock.c:516): connect locally (/global/homes/b/bpeck/.aos/tmp/nid003257/scheduler) failed: Invalid argument. 
/global/u2/b/bpeck/work/vismcao/maos -o studies/misreg/8_lgs/8mag_lgs/5750count -c master_files/misreg/8_lgs/8mag_lgs/kola_5750act.conf -O 
Output folder is 'studies/misreg/8_lgs/8mag_lgs/5750count'.
SRC: /global/homes/b/bpeck/code/maos v2.9 4c88b7c2 2024-11-13 16:45:33 -0800
BUILT: /global/homes/b/bpeck/code/maos/optim by GCC (v12) on 2024/11/18 09:40:03 CPU(F64,+O3) with CUDA(v122,F32)
Launched at 2025/02/09 17:47:08 in nid003257 with PID 996790.
The web based job monitor can be accessed at http://localhost:10300
Main config file is /global/u2/b/bpeck/work/vismcao/master_files/misreg/8_lgs/8mag_lgs/kola_5750act.conf
Warning(path.c:48): Path not found: path=/global/u2/b/bpeck/work/vismcao/master_files/misreg/8_lgs/8mag_lgs/bin; abspath=/global/u2/b/bpeck/work/vismcao/master_files/misreg/8_lgs/8mag_lgs/bin; Ignored.
Warning(path.c:48): Path not found: path=/global/u2/b/bpeck/work/vismcao/master_files/misreg/8_lgs/8mag_lgs/atm; abspath=/global/u2/b/bpeck/work/vismcao/master_files/misreg/8_lgs/8mag_lgs/atm; Ignored.
Warning(readcfg.c:399): sim.apfsm has been renamed to powfs.apfsm.
Warning(readcfg.c:399): sim.epfsm has been renamed to powfs.epfsm.
Warning(readcfg.c:399): sim.alfsm has been renamed to powfs.alfsm.
Warning(readcfg.c:399): sim.commonfsm has been renamed to powfs.commonfsm.
Warning(readcfg.c:399): sim.idealfsm has been renamed to powfs.idealfsm.
Warning(readcfg.c:399): sim.zetafsm has been renamed to powfs.zetafsm.
Warning(readcfg.c:399): sim.f0fsm has been renamed to powfs.f0fsm.
Warning(readcfg.c:399): tsurf has been renamed to ncpa.tsurf.
loaded 132 (132 new) records from '/global/u2/b/bpeck/work/vismcao/./keck_sim.conf'
loaded  19 ( 19 new) records from '/global/u2/b/bpeck/work/vismcao/./dm_none.conf'
loaded  19 (  0 new) records from '/global/u2/b/bpeck/work/vismcao/./keck_ASM.conf'
loaded  19 (  0 new) records from '/global/u2/b/bpeck/work/vismcao/./keck_DM2.conf'
loaded  19 (  0 new) records from '/global/u2/b/bpeck/work/vismcao/./keck_DM3.conf'
loaded   0 (  0 new) records from '/global/u2/b/bpeck/work/vismcao/./keck_dm_multiple.conf'
loaded   7 (  5 new) records from '/global/u2/b/bpeck/work/vismcao/./atm_mk13n50p_ground_detail.conf'
loaded  76 ( 69 new) records from '/global/homes/b/bpeck/code/maos/config/maos/powfs_common.conf'
loaded  44 ( 38 new) records from '/global/u2/b/bpeck/work/vismcao/./powfs_none.conf'
loaded  44 (  0 new) records from '/global/u2/b/bpeck/work/vismcao/./keck_shwfs_lgs.conf'
loaded  44 (  0 new) records from '/global/u2/b/bpeck/work/vismcao/./keck_shwfs_ttf_strap.conf'
loaded  44 (  0 new) records from '/global/u2/b/bpeck/work/vismcao/./keck_shwfs_twfs_lbwfs.conf'
loaded   0 (  0 new) records from '/global/u2/b/bpeck/work/vismcao/./keck_wfs_lgs_strap_lbwfs.conf'
loaded  71 ( 71 new) records from '/global/u2/b/bpeck/work/vismcao/./keck_recon.conf'
Warning(readcfg.c:399): dbg.na_smooth has been renamed to powfs0_llt.na_smooth.
Warning(readcfg.c:399): dbg.na_interp has been renamed to powfs0_llt.na_interp.
Warning(readcfg.c:399): dbg.na_thres has been renamed to powfs0_llt.na_thres.
Warning(readcfg.c:399): dbg.na_fit_maxit has been renamed to powfs0_llt.na_fit_maxit.
Warning(readcfg.c:399): dbg.na_fit_svdthres has been renamed to powfs0_llt.na_fit_svdthres.
Warning(readcfg.c:399): dbg.na_fit_dh has been renamed to powfs0_llt.na_fit_dh.
Warning(readcfg.c:399): dbg.ncpa_preload has been renamed to ncpa.preload.
Warning(readcfg.c:399): dbg.ncpa_rmsci has been renamed to ncpa.rmsci.
Warning(readcfg.c:399): dbg.draw_opdmax has been renamed to plot.opdmax.
Warning(readcfg.c:399): dbg.draw_gmax has been renamed to plot.gmax.
loaded  95 ( 93 new) records from '/global/u2/b/bpeck/work/vismcao/./keck_dbg.conf'
loaded   4 (  4 new) records from '/global/u2/b/bpeck/work/vismcao/./keck_fit_mcao.conf'
Warning(readcfg.c:399): surf has been renamed to ncpa.surf.
loaded  39 (  7 new) records from '/global/u2/b/bpeck/work/vismcao/master_files/misreg/8_lgs/8mag_lgs/kola_5750act.conf'
loaded   0 (  0 new) records from 'command line'
loaded  24 ( 18 new) records from '/global/u2/b/bpeck/work/vismcao/./keck_llt_CL.conf'
Adjust LGS range by telescope altitude 4145m.
Zenith angle is 30 degree.
    Scaling turbulence height and LGS hs by sec(za).
    Scaling r0 by cos(za)^(3/5).
    Scaling wind speed and LGS signal level by cos(za).
powfs0: Adjusting dx from 0.0078125 to 0.0080625. 
powfs0.llt.fsm: f0=0 Hz, LPF ep=0
powfs0.epfsm is set to 0.517618 (auto)
powfs2: Adjusting dx from 0.03125 to 0.0312778. 
powfs2 is TWFS for powfs0
sim.ephi is set to 0.427717 (auto)
sim.eplo is set to 0.427717 (auto)
Warning(parms.c:2296): Layer 1 at 17.3205m is very close to layer 0 at 0m (OK).
Warning(parms.c:2296): Layer 2 at 34.641m is very close to layer 1 at 17.3205m (OK).
Warning(parms.c:2296): Layer 3 at 51.9615m is very close to layer 2 at 34.641m (OK).
dm 0: stroke=30 um is provided in micron.
dm 0: assume ia stroke=2 um is provided in micron.
dm 1: stroke=7 um is provided in micron.
dm 1: assume ia stroke=2 um is provided in micron.
dm 2: stroke=7 um is provided in micron.
dm 2: assume ia stroke=2 um is provided in micron.
Focus blending is not implemented yet for integrated tomography
parms->sim.mffocus is reset to 0
There are 1 valid simulation seeds:  1
Output PSF for 1 directions
Used 449 of 456 supplied keys
Warning(readcfg.c:158): key "dbg.pwfs_flate" is not recognized, value is 0
Warning(readcfg.c:158): key "dbg.pwfs_flatv" is not recognized, value is 0
Warning(readcfg.c:158): key "dbg.pwfs_psx" is not recognized, value is [0 0 0 0]
Warning(readcfg.c:158): key "dbg.pwfs_psy" is not recognized, value is [0 0 0 0]
Warning(readcfg.c:158): key "dbg.pwfs_pupelong" is not recognized, value is 0
Warning(readcfg.c:158): key "dbg.pwfs_raw" is not recognized, value is 0
Warning(readcfg.c:158): key "dbg.pwfs_side" is not recognized, value is 4
[00;00mAperture[00;00m is 11 m with sampling 1/128 m
[00;00mTurbulence at 30 degree zenith angle:[00;00m r0=0.128424m, L0=30m, 14 layers.
    Greenwood freq is 25.1Hz, anisoplanatic angle is 1.58 as
    Sampled 8192x8192 at 1/128m. wind dir is randomized.
    layer 0: ht=      0 m, wt= 0.302, ws=  4.8 m/s
    layer 1: ht=     17 m, wt= 0.154, ws=  5.0 m/s
    layer 2: ht=     35 m, wt= 0.041, ws=  5.4 m/s
    layer 3: ht=     52 m, wt= 0.002, ws=  6.6 m/s
    layer 4: ht=    139 m, wt= 0.021, ws=  6.1 m/s
    layer 5: ht=    231 m, wt= 0.010, ws=  6.1 m/s
    layer 6: ht=    323 m, wt= 0.008, ws=  6.1 m/s
    layer 7: ht=    416 m, wt= 0.005, ws=  6.1 m/s
    layer 8: ht=    508 m, wt= 0.001, ws=  6.1 m/s
    layer 9: ht=    932 m, wt= 0.107, ws=  5.6 m/s
    layer 10: ht=   5022 m, wt= 0.144, ws= 11.1 m/s
    layer 11: ht=   9238 m, wt= 0.093, ws= 19.1 m/s
    layer 12: ht=  13856 m, wt= 0.075, ws=  8.2 m/s
    layer 13: ht=  22518 m, wt= 0.036, ws=  4.8 m/s
[00;00mReconstruction[00;00m: r0=0.128424m L0=30m. 14 layers. use cone coordinate.
    layer 0: ht=      0 m, wt= 0.302
    layer 1: ht=     17 m, wt= 0.154
    layer 2: ht=     35 m, wt= 0.041
    layer 3: ht=     52 m, wt= 0.002
    layer 4: ht=    139 m, wt= 0.021
    layer 5: ht=    231 m, wt= 0.010
    layer 6: ht=    323 m, wt= 0.008
    layer 7: ht=    416 m, wt= 0.005
    layer 8: ht=    508 m, wt= 0.001
    layer 9: ht=    932 m, wt= 0.107
    layer 10: ht=   5022 m, wt= 0.144
    layer 11: ht=   9238 m, wt= 0.093
    layer 12: ht=  13856 m, wt= 0.075
    layer 13: ht=  22518 m, wt= 0.036
[00;00mThere are 3 powfs[00;00m
  powfs0: Order 86, LGS at 99.1 km. Sampling 1/124.031 m. Thres 30%. [00;00mT/T is removed in right hand side in tomography.[00;00m
    CCD image is 25x25 @ 500x500 mas, blur 27% (sigma), 1500Hz, wvl: [ 5.89e-07]
    Gtilt in reconstruction. Physical optics start at 0 with [00;00m'matched filter'[00;00m [00;00m(noisy)[00;00m
  powfs1: Order  2, NGS at inf km. Sampling 1/16 m. Thres 30%. 
    Ztilt in reconstruction. Geomtric optics start at 2 with ztilt [00;00m(noisy)[00;00m
  powfs2: Order 20, NGS at inf km. Sampling 1/31.9716 m. Thres 50%. 
    CCD image is 4x4 @ 1500x1500 mas, blur 0% (sigma), 0.015Hz, wvl: [ 7.2e-07]
    Gtilt in reconstruction. Geomtric optics start at 50 with gtilt Physical optics start at 0 with [00;00m'matched filter'[00;00m [00;00m(noisy)[00;00m
[00;00mThere are 12 wfs[00;00m
    wfs 0: type 0, at (  30.00,    0.00) arcsec,  99 km, siglev is 19.9532 bkgrnd is 0.1
    wfs 1: type 0, at (  21.21,   21.21) arcsec,  99 km, siglev is 19.9532 bkgrnd is 0.1
    wfs 2: type 0, at (   0.00,   30.00) arcsec,  99 km, siglev is 19.9532 bkgrnd is 0.1
    wfs 3: type 0, at ( -21.21,   21.21) arcsec,  99 km, siglev is 19.9532 bkgrnd is 0.1
    wfs 4: type 0, at ( -30.00,    0.00) arcsec,  99 km, siglev is 19.9532 bkgrnd is 0.1
    wfs 5: type 0, at ( -21.21,  -21.21) arcsec,  99 km, siglev is 19.9532 bkgrnd is 0.1
    wfs 6: type 0, at (   0.00,  -30.00) arcsec,  99 km, siglev is 19.9532 bkgrnd is 0.1
    wfs 7: type 0, at (  21.21,  -21.21) arcsec,  99 km, siglev is 19.9532 bkgrnd is 0.1
    wfs 8: type 1, at (  15.00,   25.98) arcsec, inf km, siglev is 42387.6 bkgrnd is 1.056
    wfs 9: type 1, at ( -30.00,    0.00) arcsec, inf km, siglev is 42387.6 bkgrnd is 1.056
    wfs 10: type 1, at (  15.00,  -25.98) arcsec, inf km, siglev is 42387.6 bkgrnd is 1.056
    wfs 11: type 2, at (   0.00,    0.00) arcsec, inf km, siglev is 4.1558e+06 bkgrnd is 0.001
[00;00mThere are 3 DMs[00;00m
  DM 0 at -0.1km, actuator pitch 0.129m, offset   0, with 30.000000 micron stroke.
    Normalized cubic influence function with inter-actuator coupling of 0.223
  DM 1 at    6km, actuator pitch 0.168m, offset   0, with 7.000000 micron stroke.
    Normalized cubic influence function with inter-actuator coupling of 0.223
  DM 2 at   10km, actuator pitch 0.168m, offset   0, with 7.000000 micron stroke.
    Normalized cubic influence function with inter-actuator coupling of 0.223
[00;00mTomography[00;00m is using CG, with [00;00mFourer Domain[00;00m preconditioner, [00;00m12[00;00m iterations, integrated tomo.
[00;00mDM Fitting [00;00mis using CG, with [00;00mNo[00;00m preconditioner, [00;00m10[00;00m iterations
[00;00mThere are 9 fit directions[00;00m
    Fit 0: weight is 0.444, at (   0.00,    0.00) arcsec
    Fit 1: weight is 0.111, at (  15.00,    0.00) arcsec
    Fit 2: weight is 0.111, at (   0.00,   15.00) arcsec
    Fit 3: weight is 0.111, at ( -15.00,    0.00) arcsec
    Fit 4: weight is 0.111, at (   0.00,  -15.00) arcsec
    Fit 5: weight is 0.028, at (  15.00,   15.00) arcsec
    Fit 6: weight is 0.028, at ( -15.00,   15.00) arcsec
    Fit 7: weight is 0.028, at ( -15.00,  -15.00) arcsec
    Fit 8: weight is 0.028, at (  15.00,  -15.00) arcsec
[00;00mThere are 1 evaluation directions[00;00m at sampling 1/128 m.
    Evl 0: weight is 1.000, at (   0.00,    0.00) arcsec
[00;00mSimulation[00;00m start at step 0, end at step 1600, with time step 1/1500s, [00;00mclose loop[00;00m.
After setup_parms:	120.5 MiB.
Warning(sock.c:516): connect locally (/global/homes/b/bpeck/.aos/tmp/nid003257/scheduler) failed: Invalid argument. 
CUDA: minimum memory requirement is 0.4GB
GPU 0 is NVIDIA A100-SXM4-40GB with arch 8.0, 38.9GB free, 39.3GB total device memory.
Using GPU 0
Use 1 GPUs for WFS Tomo Fit Evl

*** Preparation started at 2025/02/09 17:47:09 in nid003257. ***

Using OpenMP version 201511 with 128 threads
Reading aperture amplitude map from KECK.fits
Warning(accphi.c:477): 108571 points not covered by input screen
Warning(sock.c:516): connect locally (/global/homes/b/bpeck/.aos/tmp/nid003257/scheduler) failed: Invalid argument. 
 ->maos.c:447->setup.c:148->aper.c:74->utils.c:478->accphi.c:478
iwvl 0: Science PSF is using grid size of 2880. The PSF will sum to 6.95167232825486
iwvl 1: Science PSF is using grid size of 2880. The PSF will sum to 6.95167232825486
iwvl 2: Science PSF is using grid size of 2880. The PSF will sum to 6.95167232825486
iwvl 3: Science PSF is using grid size of 2880. The PSF will sum to 6.95167232825486
iwvl 4: Science PSF is using grid size of 2880. The PSF will sum to 6.95167232825486
iwvl 5: Science PSF is using grid size of 2880. The PSF will sum to 6.95167232825486
iwvl 6: Science PSF is using grid size of 2880. The PSF will sum to 6.95167232825486
iwvl 7: Science PSF is using grid size of 2880. The PSF will sum to 6.95167232825486
iwvl 8: Science PSF is using grid size of 2880. The PSF will sum to 6.95167232825486
After setup_aper:	344.6 MiB.

[00;00mSetting up powfs 0 geom[00;00m

There are 16 points in each subaperture of 0.129m.
There are 4460 valid subaperture.

[00;00mSetting up powfs 1 geom[00;00m

There are 88 points in each subaperture of 5.5m.
There are 4 valid subaperture.

[00;00mSetting up powfs 2 geom[00;00m

There are 18 points in each subaperture of 0.563m.
There are 236 valid subaperture.
After setup_powfs_init:	418.8 MiB.

[00;00mSetting up reconstructor geometry.[00;00m

PLOC is 175x175, with sampling of 0.06m (square)
    DM 0: grid is 89 x 89
    DM 1: grid is 77 x 79
    DM 2: grid is 84 x 85
FLOC is 175x175, with sampling of 0.06m (not square)
Tomography grid is square:
    layer 0: xloc grid is 360 x 360, sampling is 0.065 m, 129600 points
    layer 1: xloc grid is 360 x 360, sampling is 0.064 m, 129600 points
    layer 2: xloc grid is 360 x 360, sampling is 0.064 m, 129600 points
    layer 3: xloc grid is 360 x 360, sampling is 0.064 m, 129600 points
    layer 4: xloc grid is 360 x 360, sampling is 0.064 m, 129600 points
    layer 5: xloc grid is 360 x 360, sampling is 0.064 m, 129600 points
    layer 6: xloc grid is 360 x 360, sampling is 0.064 m, 129600 points
    layer 7: xloc grid is 360 x 360, sampling is 0.064 m, 129600 points
    layer 8: xloc grid is 360 x 360, sampling is 0.064 m, 129600 points
    layer 9: xloc grid is 360 x 360, sampling is 0.064 m, 129600 points
    layer 10: xloc grid is 360 x 360, sampling is 0.061 m, 129600 points
    layer 11: xloc grid is 360 x 360, sampling is 0.058 m, 129600 points
    layer 12: xloc grid is 360 x 360, sampling is 0.055 m, 129600 points
    layer 13: xloc grid is 360 x 360, sampling is 0.050 m, 129600 points

[00;00mSetting up powfs 0 PO WFS[00;00m

OTF dimension is 32x32 (calculated)
There is no bias
Uplink FWHM (illt 0, iwvl 0) is 0.578379"
Downlink FWHM (illt 0, iwvl 0) is 1.49255"
Generating matched filter for powfs 0
sa index   location       noise equivalent angle
    2228: (  4.9,  -0.1) m, (195.24, 187.03) mas
    2219: (  3.7,  -0.1) m, (210.90, 189.13) mas
    2211: (  2.7,  -0.1) m, (229.14, 191.54) mas
    2202: (  1.5,  -0.1) m, (253.77, 194.69) mas
    2200: (  1.3,  -0.1) m, (261.72, 195.67) mas
    1607: ( -0.5,  -1.3) m, (317.46, 216.61) mas
    2194: ( -1.8,  -0.1) m, (340.29, 205.00) mas
    2186: ( -2.8,  -0.1) m, (368.18, 208.19) mas
    2177: ( -4.0,  -0.1) m, (398.23, 211.66) mas
    2169: ( -5.0,  -0.1) m, (426.36, 214.77) mas
    2166: ( -5.4,  -0.1) m, (435.42, 215.85) mas
sa index   location       noise equivalent angle
    4275: (  3.0,   4.1) m, (196.17, 187.85) mas
    3683: (  2.7,   2.7) m, (198.99, 198.99) mas
    3303: (  1.9,   1.9) m, (221.95, 220.69) mas
    2863: (  1.2,   1.2) m, (223.42, 223.42) mas
    2723: (  0.9,   0.9) m, (228.65, 228.65) mas
    1615: (  0.5,  -1.3) m, (237.22, 273.45) mas
    1675: ( -1.2,  -1.2) m, (270.21, 270.21) mas
    1231: ( -1.9,  -1.9) m, (287.55, 287.55) mas
     781: ( -2.8,  -2.8) m, (308.40, 308.40) mas
     535: ( -3.4,  -3.4) m, (320.89, 320.89) mas
     236: ( -3.1,  -4.1) m, (315.32, 340.53) mas
sa index   location       noise equivalent angle
    4108: (  0.0,   3.7) m, (197.59, 217.53) mas
    3662: (  0.0,   2.7) m, (200.20, 236.50) mas
    3073: (  0.0,   1.5) m, (203.61, 262.16) mas
    2927: (  0.0,   1.3) m, (204.66, 270.43) mas
    1996: (  1.2,  -0.5) m, (208.84, 309.17) mas
    1319: (  0.0,  -1.8) m, (214.79, 352.29) mas
     803: (  0.0,  -2.8) m, (218.25, 381.33) mas
     308: (  0.0,  -4.0) m, (222.03, 412.57) mas
     116: (  0.0,  -4.5) m, (223.53, 424.53) mas
       2: ( -2.3,  -4.9) m, (236.21, 436.81) mas
sa index   location       noise equivalent angle
    4228: ( -3.1,   4.1) m, (196.17, 187.85) mas
    3640: ( -2.8,   2.7) m, (198.99, 198.99) mas
    3272: ( -2.1,   1.9) m, (224.48, 224.24) mas
    2844: ( -1.3,   1.2) m, (223.42, 223.42) mas
    2720: ( -1.0,   0.9) m, (228.65, 228.65) mas
    2537: (  1.2,   0.5) m, (273.45, 237.22) mas
    1684: (  1.0,  -1.2) m, (270.21, 270.21) mas
    1260: (  1.8,  -1.9) m, (287.55, 287.55) mas
     824: (  2.7,  -2.8) m, (308.40, 308.40) mas
     586: (  3.2,  -3.4) m, (320.89, 320.89) mas
     283: (  3.0,  -4.1) m, (315.32, 340.53) mas
sa index   location       noise equivalent angle
    2169: ( -5.0,  -0.1) m, (195.24, 187.03) mas
    2178: ( -3.9,  -0.1) m, (210.90, 189.13) mas
    2186: ( -2.8,  -0.1) m, (229.14, 191.54) mas
    2195: ( -1.7,  -0.1) m, (253.77, 194.69) mas
    2197: ( -1.4,  -0.1) m, (261.72, 195.67) mas
    1614: (  0.4,  -1.3) m, (313.31, 212.60) mas
    2203: (  1.7,  -0.1) m, (340.29, 205.00) mas
    2211: (  2.7,  -0.1) m, (368.18, 208.19) mas
    2220: (  3.9,  -0.1) m, (398.23, 211.66) mas
    2228: (  4.9,  -0.1) m, (426.36, 214.77) mas
    2231: (  5.3,  -0.1) m, (435.42, 215.85) mas
sa index   location       noise equivalent angle
     188: ( -3.1,  -4.3) m, (196.17, 187.85) mas
     535: ( -3.4,  -3.4) m, (193.51, 193.51) mas
     843: ( -2.7,  -2.7) m, (201.22, 201.22) mas
    1231: ( -1.9,  -1.9) m, (212.84, 212.84) mas
    1675: ( -1.2,  -1.2) m, (226.04, 226.04) mas
    1931: (  1.2,  -0.6) m, (273.45, 237.22) mas
    2723: (  0.9,   0.9) m, (267.68, 267.68) mas
    2863: (  1.2,   1.2) m, (272.76, 272.76) mas
    3303: (  1.9,   1.9) m, (308.65, 307.50) mas
    3745: (  2.8,   2.8) m, (311.24, 311.24) mas
    4227: (  3.0,   4.0) m, (315.32, 340.53) mas
sa index   location       noise equivalent angle
     356: (  0.0,  -3.9) m, (197.59, 217.53) mas
     803: (  0.0,  -2.8) m, (200.20, 236.50) mas
    1392: (  0.0,  -1.7) m, (203.61, 262.16) mas
    1538: (  0.0,  -1.4) m, (204.66, 270.43) mas
    2470: (  1.2,   0.4) m, (206.97, 307.48) mas
    3146: (  0.0,   1.7) m, (214.79, 352.29) mas
    3662: (  0.0,   2.7) m, (218.25, 381.33) mas
    4156: (  0.0,   3.9) m, (222.03, 412.57) mas
    4348: (  0.0,   4.4) m, (223.53, 424.53) mas
    4446: ( -2.3,   4.8) m, (246.23, 452.21) mas
sa index   location       noise equivalent angle
     235: (  3.0,  -4.3) m, (196.17, 187.85) mas
     764: (  2.8,  -3.0) m, (196.27, 196.27) mas
     884: (  2.6,  -2.7) m, (201.22, 201.22) mas
    1260: (  1.8,  -1.9) m, (212.84, 212.84) mas
    1684: (  1.0,  -1.2) m, (226.04, 226.04) mas
    1928: ( -1.3,  -0.6) m, (273.45, 237.22) mas
    2720: ( -1.0,   0.9) m, (267.68, 267.68) mas
    2844: ( -1.3,   1.2) m, (272.76, 272.76) mas
    3272: ( -2.1,   1.9) m, (312.16, 312.09) mas
    3700: ( -3.0,   2.8) m, (311.24, 311.24) mas
    4180: ( -3.1,   4.0) m, (315.32, 340.53) mas

[00;00mSetting up powfs 2 PO WFS[00;00m

OTF dimension is 48x48 (calculated)
Generating matched filter for powfs 2
Use sanea to derive neasim
Use sanea to derive neasim

[00;00mSetting up reconstructor[00;00m

Recon NEA: cmf(265.62) cmf(264.01) cmf(265.82) cmf(264.08) cmf(265.73) cmf(263.96) cmf(265.63) cmf(263.88) geom(0.31) geom(0.31) geom(0.31) mf(0.14)  mas
Setup or update control matrix parameters.
RRtwfs svd threshold is 1e-10
Replacing HA by HA*fit->actextrap
Adding piston cr to fit matrix
Adding TT cr on upper DMs to fit matrix.
Before assembling fit matrix:	6391.4 MiB.
Building fit->FR
Building fit->FL
Adding tikhonov constraint of 1.0e-07 to FLM
The maximum eigen value is estimated to be around 2.4e-04
DM Fit number of Low rank terms: 16 in LHS
After assemble fit matrix:	8803.2 MiB.
After setup_recon:	8803.2 MiB.
GPU 0: mem used 1624 MB (wfs init)
GPU 0: mem used 3234 MB (recon init)
GPU 0: mem used 3264 MB (perf init)

*** Simulation started at 2025/02/09 17:49:54 in nid003257. ***

Running seed 1
GPU 0: mem used 3266 MB (wfs seeding)
Wind dir: 267.3 261.7 167.0 130.5 300.7  32.3 119.8 139.0 150.8 277.7 203.0 133.1  45.9 265.1 deg
Using /global/homes/b/bpeck/.aos/cache/atm/vonkarman_14_8192x8192_0.0078125_1115374592d.bin
After genatm:	8639.2 MiB.
Step     #  Open Loop  PR TT  On axis  PR TT  Field RMS PR TT     Timing 
Step     0: OL  884.6  248.3  OA  884.6 248.3 CL  884.6 248.3 nm  0.106 s
Step    12: OL  903.1  253.0  OA  189.3 100.6 CL  189.3 100.6 nm  0.082 s
Step    24: OL  921.9  257.1  OA  176.1 103.0 CL  176.1 103.0 nm  0.107 s
Step    35: OL  938.9  259.8  OA  171.3  98.9 CL  171.3  98.9 nm  0.095 s
Step    46: OL  955.4  261.1  OA  159.0  64.6 CL  159.0  64.6 nm  0.102 s
Step    57: OL  971.5  261.0  OA  169.2  92.9 CL  169.2  92.9 nm  0.093 s
Step    68: OL  988.0  260.1  OA  168.3 101.4 CL  168.3 101.4 nm  0.105 s
Step    79: OL 1004.7  258.9  OA  170.8 103.6 CL  170.8 103.6 nm  0.094 s
Step    90: OL 1021.8  258.0  OA  155.8  58.2 CL  155.8  58.2 nm  0.099 s
Step   101: OL 1038.8  257.5  OA  148.8  68.1 CL  148.8  68.1 nm  0.094 s
Step   112: OL 1055.9  257.9  OA  153.2  73.1 CL  153.2  73.1 nm  0.098 s
Step   122: OL 1071.0  258.9  OA  154.3  78.7 CL  154.3  78.7 nm  0.117 s
Step   133: OL 1086.8  261.2  OA  149.4  58.9 CL  149.4  58.9 nm  0.096 s
Step   144: OL 1101.8  265.0  OA  156.8  77.2 CL  156.8  77.2 nm  0.098 s
Step   155: OL 1115.3  269.8  OA  150.7  70.7 CL  150.7  70.7 nm  0.093 s
Step   166: OL 1127.4  275.7  OA  151.3  71.1 CL  151.3  71.1 nm  0.103 s
Step   177: OL 1138.0  282.3  OA  149.2  49.6 CL  149.2  49.6 nm  0.095 s
Step   188: OL 1146.5  289.3  OA  146.5  56.7 CL  146.5  56.7 nm  0.091 s
Step   199: OL 1153.1  296.4  OA  142.6  40.0 CL  142.6  40.0 nm  0.093 s
Step   210: OL 1158.5  303.4  OA  139.4  37.7 CL  139.4  37.7 nm  0.095 s
Step   221: OL 1162.2  310.5  OA  154.5  70.1 CL  154.5  70.1 nm  0.093 s
Step   232: OL 1164.2  317.6  OA  154.3  72.4 CL  154.3  72.4 nm  0.097 s
Step   243: OL 1164.4  325.1  OA  146.1  28.8 CL  146.1  28.8 nm  0.101 s
Step   254: OL 1162.1  332.9  OA  142.2  35.3 CL  142.2  35.3 nm  0.094 s
Step   255 updated high order loop gain: 0.355
Step   265: OL 1156.8  340.8  OA  138.7  31.8 CL  138.7  31.8 nm  0.104 s
Step   276: OL 1149.0  348.8  OA  138.0  25.8 CL  138.0  25.8 nm  0.093 s
Step   287: OL 1139.1  357.2  OA  138.3  23.0 CL  138.3  23.0 nm  0.092 s
Step   298: OL 1128.0  366.5  OA  137.9  30.8 CL  137.9  30.8 nm  0.093 s
Step   309: OL 1115.9  376.4  OA  137.6  56.0 CL  137.6  56.0 nm  0.091 s
Step   320: OL 1102.4  386.8  OA  135.8  38.2 CL  135.8  38.2 nm  0.091 s
Step   331: OL 1087.9  398.3  OA  126.1  24.3 CL  126.1  24.3 nm  0.093 s
Step   342: OL 1073.4  411.0  OA  138.1  44.9 CL  138.1  44.9 nm  0.106 s
Step   353: OL 1058.7  425.0  OA  132.4  51.3 CL  132.4  51.3 nm  0.092 s
Step   364: OL 1044.6  440.1  OA  135.1  48.2 CL  135.1  48.2 nm  0.101 s
Step   375: OL 1031.1  455.8  OA  124.5  28.5 CL  124.5  28.5 nm  0.093 s
Step   386: OL 1018.2  471.7  OA  127.6  21.1 CL  127.6  21.1 nm  0.097 s
Step   397: OL 1005.6  487.6  OA  130.9  40.5 CL  130.9  40.5 nm  0.094 s
Step   408: OL  992.8  503.2  OA  123.8  17.9 CL  123.8  17.9 nm  0.095 s
Step   419: OL  979.7  518.2  OA  121.3  25.7 CL  121.3  25.7 nm  0.093 s
Step   429: OL  967.8  531.5  OA  126.4  46.1 CL  126.4  46.1 nm  0.095 s
Step 433, DM 2: 1 actuators over ia limit. trials=2: success.
Step 434, DM 2: 1 actuators over ia limit. trials=2: success.
Step 435, DM 2: 1 actuators over ia limit. trials=2: success.
Step 436, DM 2: 1 actuators over ia limit. trials=2: success.
Step 437, DM 2: 1 actuators over ia limit. trials=2: success.
Step 438, DM 2: 1 actuators over ia limit. trials=2: success.
Step 439, DM 2: 1 actuators over ia limit. trials=2: success.
Step   440: OL  955.2  546.0  OA  120.2  24.2 CL  120.2  24.2 nm  0.102 s
Step 440, DM 2: 1 actuators over ia limit. trials=2: success.
Step 441, DM 2: 1 actuators over ia limit. trials=2: success.
Step 442, DM 2: 1 actuators over ia limit. trials=2: success.
Step 443, DM 2: 1 actuators over ia limit. trials=2: success.
Step 444, DM 2: 1 actuators over ia limit. trials=2: success.
Step 445, DM 2: 1 actuators over ia limit. trials=2: success.
Step 446, DM 2: 1 actuators over ia limit. trials=2: success.
Step 447, DM 2: 1 actuators over ia limit. trials=2: success.
Step 448, DM 2: 1 actuators over ia limit. trials=2: success.
Step 449, DM 2: 1 actuators over ia limit. trials=2: success.
Step 450, DM 2: 1 actuators over ia limit. trials=2: success.
Step   451: OL  943.6  560.2  OA  122.3  27.6 CL  122.3  27.6 nm  0.090 s
Step 451, DM 2: 1 actuators over ia limit. trials=2: success.
Step 452, DM 2: 1 actuators over ia limit. trials=2: success.
Step 453, DM 2: 1 actuators over ia limit. trials=2: success.
Step 454, DM 2: 1 actuators over ia limit. trials=2: success.
Step 455, DM 2: 1 actuators over ia limit. trials=2: success.
Step 456, DM 2: 1 actuators over ia limit. trials=2: success.
Step 457, DM 2: 1 actuators over ia limit. trials=2: success.
Step 458, DM 2: 1 actuators over ia limit. trials=2: success.
Step 459, DM 2: 1 actuators over ia limit. trials=2: success.
Step 460, DM 2: 1 actuators over ia limit. trials=2: success.
Step 461, DM 2: 1 actuators over ia limit. trials=2: success.
Step   462: OL  934.4  574.7  OA  118.8  15.4 CL  118.8  15.4 nm  0.095 s
Step 462, DM 2: 1 actuators over ia limit. trials=2: success.
Step 463, DM 2: 1 actuators over ia limit. trials=2: success.
Step 464, DM 2: 1 actuators over ia limit. trials=2: success.
Step 465, DM 2: 1 actuators over ia limit. trials=2: success.
Step 466, DM 2: 1 actuators over ia limit. trials=2: success.
Step 467, DM 2: 1 actuators over ia limit. trials=2: success.
Step 468, DM 2: 1 actuators over ia limit. trials=2: success.
Step 469, DM 2: 1 actuators over ia limit. trials=2: success.
Step 470, DM 2: 1 actuators over ia limit. trials=2: success.
Step 471, DM 2: 1 actuators over ia limit. trials=2: success.
Step 472, DM 2: 1 actuators over ia limit. trials=2: success.
Step   473: OL  927.6  588.9  OA  123.6  31.1 CL  123.6  31.1 nm  0.092 s
Step 473, DM 2: 1 actuators over ia limit. trials=2: success.
Step 474, DM 2: 1 actuators over ia limit. trials=2: success.
Step 475, DM 2: 1 actuators over ia limit. trials=2: success.
Step 476, DM 2: 1 actuators over ia limit. trials=2: success.
Step 477, DM 2: 1 actuators over ia limit. trials=2: success.
Step 478, DM 2: 1 actuators over ia limit. trials=2: success.
Step 479, DM 2: 1 actuators over ia limit. trials=2: success.
Step 480, DM 2: 1 actuators over ia limit. trials=2: success.
Step 481, DM 2: 1 actuators over ia limit. trials=2: success.
Step 482, DM 2: 1 actuators over ia limit. trials=2: success.
Step 483, DM 2: 1 actuators over ia limit. trials=2: success.
Step   484: OL  924.1  602.8  OA  120.0  33.6 CL  120.0  33.6 nm  0.098 s
Step 484, DM 2: 1 actuators over ia limit. trials=2: success.
Step 485, DM 2: 1 actuators over ia limit. trials=2: success.
Step 486, DM 2: 1 actuators over ia limit. trials=2: success.
Step 487, DM 2: 1 actuators over ia limit. trials=2: success.
Step 488, DM 2: 1 actuators over ia limit. trials=2: success.
Step 489, DM 1: 1 actuators over ia limit. trials=2: success.
Step 489, DM 2: 1 actuators over ia limit. trials=2: success.
Step 490, DM 1: 1 actuators over ia limit. trials=2: success.
Step 490, DM 2: 1 actuators over ia limit. trials=2: success.
Step 491, DM 1: 1 actuators over ia limit. trials=2: success.
Step 491, DM 2: 1 actuators over ia limit. trials=2: success.
Step 492, DM 1: 1 actuators over ia limit. trials=2: success.
Step 492, DM 2: 1 actuators over ia limit. trials=2: success.
Step 493, DM 1: 1 actuators over ia limit. trials=2: success.
Step 493, DM 2: 1 actuators over ia limit. trials=2: success.
Step 494, DM 1: 1 actuators over ia limit. trials=2: success.
Step 494, DM 2: 1 actuators over ia limit. trials=2: success.
Step   495: OL  923.5  616.2  OA  123.3  22.8 CL  123.3  22.8 nm  0.106 s
Step 495, DM 1: 1 actuators over ia limit. trials=2: success.
Step 495, DM 2: 1 actuators over ia limit. trials=2: success.
Step 496, DM 1: 1 actuators over ia limit. trials=2: success.
Step 496, DM 2: 1 actuators over ia limit. trials=2: success.
Step 497, DM 2: 1 actuators over ia limit. trials=2: success.
Step 498, DM 2: 1 actuators over ia limit. trials=2: success.
Step 499, DM 2: 1 actuators over ia limit. trials=2: success.
Step 500, DM 2: 1 actuators over ia limit. trials=2: success.
Step 501, DM 1: 1 actuators over ia limit. trials=2: success.
Step 501, DM 2: 1 actuators over ia limit. trials=2: success.
Step 502, DM 1: 1 actuators over ia limit. trials=2: success.
Step 502, DM 2: 1 actuators over ia limit. trials=2: success.
Step 503, DM 1: 1 actuators over ia limit. trials=2: success.
Step 503, DM 2: 1 actuators over ia limit. trials=2: success.
Step 504, DM 1: 1 actuators over ia limit. trials=2: success.
Step 504, DM 2: 1 actuators over ia limit. trials=2: success.
Step 505, DM 1: 1 actuators over ia limit. trials=2: success.
Step 505, DM 2: 1 actuators over ia limit. trials=2: success.
Step   506: OL  924.6  628.7  OA  123.6  10.0 CL  123.6  10.0 nm  0.094 s
Step 506, DM 1: 1 actuators over ia limit. trials=2: success.
Step 506, DM 2: 1 actuators over ia limit. trials=2: success.
Step 507, DM 1: 1 actuators over ia limit. trials=2: success.
Step 507, DM 2: 1 actuators over ia limit. trials=2: success.
Step 508, DM 1: 1 actuators over ia limit. trials=2: success.
Step 508, DM 2: 1 actuators over ia limit. trials=2: success.
Step 509, DM 1: 1 actuators over ia limit. trials=2: success.
Step 509, DM 2: 1 actuators over ia limit. trials=2: success.
Step 510, DM 1: 1 actuators over ia limit. trials=2: success.
Step 510, DM 2: 1 actuators over ia limit. trials=2: success.
Step   511 updated high order loop gain: 0.323
Step 511, DM 2: 1 actuators over ia limit. trials=2: success.
Step 512, DM 2: 1 actuators over ia limit. trials=2: success.
Step 513, DM 2: 1 actuators over ia limit. trials=2: success.
Step 514, DM 2: 1 actuators over ia limit. trials=2: success.
Step 515, DM 2: 1 actuators over ia limit. trials=2: success.
Step   516: OL  927.0  639.1  OA  122.7  11.3 CL  122.7  11.3 nm  0.104 s
Step 516, DM 2: 1 actuators over ia limit. trials=2: success.
Step 517, DM 2: 1 actuators over ia limit. trials=2: success.
Step 518, DM 2: 1 actuators over ia limit. trials=2: success.
Step 519, DM 2: 1 actuators over ia limit. trials=2: success.
Step 520, DM 2: 1 actuators over ia limit. trials=2: success.
Step 521, DM 2: 1 actuators over ia limit. trials=2: success.
Step 524, DM 1: 1 actuators over ia limit. trials=2: success.
Step 525, DM 1: 1 actuators over ia limit. trials=2: success.
Step   527: OL  931.0  648.9  OA  122.3  20.3 CL  122.3  20.3 nm  0.093 s
Step   538: OL  936.4  656.7  OA  122.2  24.6 CL  122.2  24.6 nm  0.094 s
Step   549: OL  943.6  662.6  OA  125.5  15.1 CL  125.5  15.1 nm  0.091 s
Step   560: OL  952.3  666.6  OA  120.3  21.8 CL  120.3  21.8 nm  0.095 s
Step   571: OL  962.3  669.2  OA  116.9  24.6 CL  116.9  24.6 nm  0.098 s
Step   582: OL  973.3  670.4  OA  120.9  29.2 CL  120.9  29.2 nm  0.095 s
Step   593: OL  985.6  670.1  OA  118.8   4.9 CL  118.8   4.9 nm  0.104 s
Step   604: OL  998.5  667.7  OA  117.8  13.5 CL  117.8  13.5 nm  0.095 s
Step   615: OL 1011.7  663.3  OA  119.4  20.4 CL  119.4  20.4 nm  0.098 s
Step   626: OL 1024.9  657.2  OA  123.0  18.1 CL  123.0  18.1 nm  0.095 s
Step   637: OL 1037.5  649.4  OA  126.0  41.1 CL  126.0  41.1 nm  0.100 s
Step   648: OL 1049.4  640.3  OA  121.8  40.1 CL  121.8  40.1 nm  0.094 s
Step   659: OL 1060.3  630.0  OA  125.3  23.7 CL  125.3  23.7 nm  0.091 s
Step   670: OL 1070.4  618.8  OA  139.6  49.2 CL  139.6  49.2 nm  0.105 s
Step   681: OL 1080.0  607.4  OA  126.1  20.6 CL  126.1  20.6 nm  0.093 s
Step   692: OL 1088.9  595.7  OA  129.9  21.1 CL  129.9  21.1 nm  0.100 s
Step   703: OL 1096.4  583.3  OA  131.2  33.0 CL  131.2  33.0 nm  0.094 s
Step   714: OL 1102.1  570.0  OA  129.3  33.9 CL  129.3  33.9 nm  0.091 s
Step   725: OL 1105.5  556.4  OA  130.3  29.2 CL  130.3  29.2 nm  0.104 s
Step   735: OL 1106.8  544.1  OA  132.2  12.2 CL  132.2  12.2 nm  0.149 s
Step   746: OL 1106.0  530.5  OA  129.3   6.3 CL  129.3   6.3 nm  0.091 s
Step   757: OL 1103.3  517.3  OA  134.3  13.9 CL  134.3  13.9 nm  0.091 s
Step   767 updated high order loop gain: 0.311
Step   768: OL 1098.3  504.6  OA  131.0  13.8 CL  131.0  13.8 nm  0.103 s
Step   779: OL 1091.2  492.1  OA  132.0  10.2 CL  132.0  10.2 nm  0.106 s
Step   790: OL 1081.7  479.8  OA  133.2  14.2 CL  133.2  14.2 nm  0.092 s
Step   801: OL 1070.2  467.5  OA  134.8  16.5 CL  134.8  16.5 nm  0.110 s
Step   812: OL 1057.2  455.3  OA  130.5  11.2 CL  130.5  11.2 nm  0.092 s
Step   823: OL 1042.4  443.1  OA  129.4   4.4 CL  129.4   4.4 nm  0.096 s
Step   834: OL 1026.0  431.1  OA  129.9  14.7 CL  129.9  14.7 nm  0.094 s
Step   845: OL 1008.7  419.7  OA  133.1  25.1 CL  133.1  25.1 nm  0.093 s
Step   856: OL  991.1  408.9  OA  130.3  24.7 CL  130.3  24.7 nm  0.098 s
Step   867: OL  973.6  399.0  OA  139.0  38.9 CL  139.0  38.9 nm  0.093 s
Step   878: OL  956.9  390.1  OA  132.5  39.2 CL  132.5  39.2 nm  0.112 s
Step   889: OL  940.8  382.3  OA  122.3  25.0 CL  122.3  25.0 nm  0.092 s
Step   900: OL  924.1  375.1  OA  135.5  51.3 CL  135.5  51.3 nm  0.095 s
Step   911: OL  906.9  369.0  OA  125.7  49.2 CL  125.7  49.2 nm  0.092 s
Step   922: OL  889.5  363.6  OA  132.1  56.8 CL  132.1  56.8 nm  0.093 s
Step   933: OL  872.5  358.3  OA  132.0  64.3 CL  132.0  64.3 nm  0.114 s
Step   944: OL  856.0  353.1  OA  140.9  74.2 CL  140.9  74.2 nm  0.092 s
Step   955: OL  840.1  347.7  OA  143.9  77.1 CL  143.9  77.1 nm  0.104 s
Step   966: OL  825.8  341.8  OA  139.2  67.1 CL  139.2  67.1 nm  0.097 s
Step   977: OL  813.2  335.3  OA  142.9  77.5 CL  142.9  77.5 nm  0.097 s
Step   988: OL  802.0  328.2  OA  142.3  70.1 CL  142.3  70.1 nm  0.090 s
Step   999: OL  791.6  320.4  OA  139.7  63.0 CL  139.7  63.0 nm  0.096 s
Step  1010: OL  781.9  312.1  OA  148.2  77.8 CL  148.2  77.8 nm  0.105 s
Step  1021: OL  773.4  303.7  OA  158.1  93.5 CL  158.1  93.5 nm  0.121 s
Step  1023 updated high order loop gain: 0.305
Step  1032: OL  765.8  295.0  OA  146.9  77.0 CL  146.9  77.0 nm  0.106 s
Step  1043: OL  759.2  285.8  OA  152.5  88.7 CL  152.5  88.7 nm  0.093 s
Step  1053: OL  753.2  276.8  OA  157.5 100.1 CL  157.5 100.1 nm  0.094 s
Step  1064: OL  746.7  266.0  OA  147.0  75.8 CL  147.0  75.8 nm  0.104 s
Step  1075: OL  741.3  254.1  OA  157.2  97.4 CL  157.2  97.4 nm  0.094 s
Step  1086: OL  737.5  241.2  OA  169.2 113.3 CL  169.2 113.3 nm  0.106 s
Step  1097: OL  735.1  228.6  OA  154.6  91.0 CL  154.6  91.0 nm  0.095 s
Step  1108: OL  733.7  217.0  OA  171.7 115.5 CL  171.7 115.5 nm  0.093 s
Step  1119: OL  733.1  206.2  OA  157.1  97.2 CL  157.1  97.2 nm  0.093 s
Step  1130: OL  733.0  196.9  OA  161.1 107.8 CL  161.1 107.8 nm  0.092 s
Step  1141: OL  733.2  188.9  OA  156.5 100.2 CL  156.5 100.2 nm  0.102 s
Step  1152: OL  733.6  182.1  OA  159.4 105.4 CL  159.4 105.4 nm  0.099 s
Step  1163: OL  733.8  176.8  OA  149.4  87.6 CL  149.4  87.6 nm  0.103 s
Step  1174: OL  734.3  172.9  OA  158.8 101.7 CL  158.8 101.7 nm  0.093 s
Step  1185: OL  735.9  170.1  OA  162.1 105.0 CL  162.1 105.0 nm  0.095 s
Step  1196: OL  738.3  167.7  OA  155.2  95.0 CL  155.2  95.0 nm  0.091 s
Step  1207: OL  740.9  165.6  OA  146.7  71.3 CL  146.7  71.3 nm  0.094 s
Step  1218: OL  743.6  164.1  OA  155.1  89.3 CL  155.1  89.3 nm  0.105 s
Step  1229: OL  746.4  163.4  OA  154.9  85.6 CL  154.9  85.6 nm  0.093 s
Step  1240: OL  748.4  164.1  OA  162.8 101.8 CL  162.8 101.8 nm  0.093 s
Step  1251: OL  750.5  166.3  OA  151.3  84.0 CL  151.3  84.0 nm  0.091 s
Step  1262: OL  753.2  170.1  OA  149.6  75.8 CL  149.6  75.8 nm  0.091 s
Step  1273: OL  756.3  175.2  OA  156.5  87.8 CL  156.5  87.8 nm  0.103 s
Step  1279 updated high order loop gain: 0.297
Step  1284: OL  760.2  181.3  OA  149.1  78.0 CL  149.1  78.0 nm  0.095 s
Step  1295: OL  764.8  188.3  OA  166.9 108.9 CL  166.9 108.9 nm  0.102 s
Step  1306: OL  769.1  196.0  OA  160.4  82.6 CL  160.4  82.6 nm  0.095 s
Step  1317: OL  773.1  204.3  OA  150.7  70.1 CL  150.7  70.1 nm  0.095 s
Step  1328: OL  777.1  213.5  OA  150.3  78.0 CL  150.3  78.0 nm  0.102 s
Step  1339: OL  781.9  223.3  OA  156.7  92.1 CL  156.7  92.1 nm  0.091 s
Step  1350: OL  787.7  233.4  OA  157.7  92.4 CL  157.7  92.4 nm  0.096 s
Step  1360: OL  794.0  242.1  OA  146.6  74.7 CL  146.6  74.7 nm  0.118 s
Step  1371: OL  801.5  250.5  OA  146.2  81.9 CL  146.2  81.9 nm  0.092 s
Step  1382: OL  809.7  257.5  OA  156.5  93.4 CL  156.5  93.4 nm  0.096 s
Step  1393: OL  818.6  263.3  OA  153.7  88.3 CL  153.7  88.3 nm  0.091 s
Step  1404: OL  828.3  267.8  OA  155.1  87.9 CL  155.1  87.9 nm  0.094 s
Step  1415: OL  838.8  271.2  OA  143.5  73.1 CL  143.5  73.1 nm  0.095 s
Step  1426: OL  849.5  274.0  OA  155.8  98.6 CL  155.8  98.6 nm  0.092 s
Step  1437: OL  860.0  276.3  OA  157.9 101.9 CL  157.9 101.9 nm  0.096 s
Step  1448: OL  869.9  278.2  OA  140.7  75.3 CL  140.7  75.3 nm  0.093 s
Step  1459: OL  879.1  279.3  OA  140.8  77.8 CL  140.8  77.8 nm  0.106 s
Step  1470: OL  886.9  279.3  OA  133.9  68.0 CL  133.9  68.0 nm  0.096 s
Step  1481: OL  892.4  278.0  OA  136.3  74.1 CL  136.3  74.1 nm  0.091 s
Step  1492: OL  895.4  275.5  OA  141.0  84.2 CL  141.0  84.2 nm  0.094 s
Step  1503: OL  896.1  271.7  OA  138.7  76.3 CL  138.7  76.3 nm  0.093 s
Step  1514: OL  895.1  266.9  OA  135.7  70.1 CL  135.7  70.1 nm  0.100 s
Step  1525: OL  892.5  261.5  OA  141.6  83.8 CL  141.6  83.8 nm  0.093 s
Step  1535 updated high order loop gain: 0.294
Step  1536: OL  888.2  255.0  OA  137.0  79.2 CL  137.0  79.2 nm  0.346 s
Step  1547: OL  882.8  247.9  OA  152.3  98.2 CL  152.3  98.2 nm  0.105 s
Step  1558: OL  877.1  240.6  OA  146.5  92.8 CL  146.5  92.8 nm  0.090 s
Step  1569: OL  871.3  233.7  OA  146.4  89.9 CL  146.4  89.9 nm  0.090 s
Step  1580: OL  864.9  227.7  OA  142.8  84.5 CL  142.8  84.5 nm  0.094 s
Step  1591: OL  858.0  222.6  OA  156.6 100.8 CL  156.6 100.8 nm  0.093 s
Step 1599: Output PSF
Step  1599: OL  852.8  219.3  OA  157.7 107.0 CL  157.7 107.0 nm  1.120 s
Mean: 140.46 66.50 123.72  nm.

*** Simulation Finished at 2025/02/09 17:52:39 in nid003257. ***

