Warning(sock.c:516): connect locally (/global/homes/b/bpeck/.aos/tmp/nid003257/scheduler) failed: Invalid argument. 
/global/u2/b/bpeck/work/vismcao/maos -o studies/misreg/8_lgs/8mag_lgs/4750count -c master_files/misreg/8_lgs/8mag_lgs/kola_4750act.conf -O 
Output folder is 'studies/misreg/8_lgs/8mag_lgs/4750count'.
SRC: /global/homes/b/bpeck/code/maos v2.9 4c88b7c2 2024-11-13 16:45:33 -0800
BUILT: /global/homes/b/bpeck/code/maos/optim by GCC (v12) on 2024/11/18 09:40:03 CPU(F64,+O3) with CUDA(v122,F32)
Launched at 2025/02/09 17:25:43 in nid003257 with PID 991464.
The web based job monitor can be accessed at http://localhost:10300
Main config file is /global/u2/b/bpeck/work/vismcao/master_files/misreg/8_lgs/8mag_lgs/kola_4750act.conf
Warning(path.c:48): Path not found: path=/global/u2/b/bpeck/work/vismcao/master_files/misreg/8_lgs/8mag_lgs/bin; abspath=/global/u2/b/bpeck/work/vismcao/master_files/misreg/8_lgs/8mag_lgs/bin; Ignored.
Warning(path.c:48): Path not found: path=/global/u2/b/bpeck/work/vismcao/master_files/misreg/8_lgs/8mag_lgs/atm; abspath=/global/u2/b/bpeck/work/vismcao/master_files/misreg/8_lgs/8mag_lgs/atm; Ignored.
Warning(readcfg.c:399): sim.apfsm has been renamed to powfs.apfsm.
Warning(readcfg.c:399): sim.epfsm has been renamed to powfs.epfsm.
Warning(readcfg.c:399): sim.alfsm has been renamed to powfs.alfsm.
Warning(readcfg.c:399): sim.commonfsm has been renamed to powfs.commonfsm.
Warning(readcfg.c:399): sim.idealfsm has been renamed to powfs.idealfsm.
Warning(readcfg.c:399): sim.zetafsm has been renamed to powfs.zetafsm.
Warning(readcfg.c:399): sim.f0fsm has been renamed to powfs.f0fsm.
Warning(readcfg.c:399): tsurf has been renamed to ncpa.tsurf.
loaded 132 (132 new) records from '/global/u2/b/bpeck/work/vismcao/./keck_sim.conf'
loaded  19 ( 19 new) records from '/global/u2/b/bpeck/work/vismcao/./dm_none.conf'
loaded  19 (  0 new) records from '/global/u2/b/bpeck/work/vismcao/./keck_ASM.conf'
loaded  19 (  0 new) records from '/global/u2/b/bpeck/work/vismcao/./keck_DM2.conf'
loaded  19 (  0 new) records from '/global/u2/b/bpeck/work/vismcao/./keck_DM3.conf'
loaded   0 (  0 new) records from '/global/u2/b/bpeck/work/vismcao/./keck_dm_multiple.conf'
loaded   7 (  5 new) records from '/global/u2/b/bpeck/work/vismcao/./atm_mk13n50p_ground_detail.conf'
loaded  76 ( 69 new) records from '/global/homes/b/bpeck/code/maos/config/maos/powfs_common.conf'
loaded  44 ( 38 new) records from '/global/u2/b/bpeck/work/vismcao/./powfs_none.conf'
loaded  44 (  0 new) records from '/global/u2/b/bpeck/work/vismcao/./keck_shwfs_lgs.conf'
loaded  44 (  0 new) records from '/global/u2/b/bpeck/work/vismcao/./keck_shwfs_ttf_strap.conf'
loaded  44 (  0 new) records from '/global/u2/b/bpeck/work/vismcao/./keck_shwfs_twfs_lbwfs.conf'
loaded   0 (  0 new) records from '/global/u2/b/bpeck/work/vismcao/./keck_wfs_lgs_strap_lbwfs.conf'
loaded  71 ( 71 new) records from '/global/u2/b/bpeck/work/vismcao/./keck_recon.conf'
Warning(readcfg.c:399): dbg.na_smooth has been renamed to powfs0_llt.na_smooth.
Warning(readcfg.c:399): dbg.na_interp has been renamed to powfs0_llt.na_interp.
Warning(readcfg.c:399): dbg.na_thres has been renamed to powfs0_llt.na_thres.
Warning(readcfg.c:399): dbg.na_fit_maxit has been renamed to powfs0_llt.na_fit_maxit.
Warning(readcfg.c:399): dbg.na_fit_svdthres has been renamed to powfs0_llt.na_fit_svdthres.
Warning(readcfg.c:399): dbg.na_fit_dh has been renamed to powfs0_llt.na_fit_dh.
Warning(readcfg.c:399): dbg.ncpa_preload has been renamed to ncpa.preload.
Warning(readcfg.c:399): dbg.ncpa_rmsci has been renamed to ncpa.rmsci.
Warning(readcfg.c:399): dbg.draw_opdmax has been renamed to plot.opdmax.
Warning(readcfg.c:399): dbg.draw_gmax has been renamed to plot.gmax.
loaded  95 ( 93 new) records from '/global/u2/b/bpeck/work/vismcao/./keck_dbg.conf'
loaded   4 (  4 new) records from '/global/u2/b/bpeck/work/vismcao/./keck_fit_mcao.conf'
Warning(readcfg.c:399): surf has been renamed to ncpa.surf.
loaded  39 (  7 new) records from '/global/u2/b/bpeck/work/vismcao/master_files/misreg/8_lgs/8mag_lgs/kola_4750act.conf'
loaded   0 (  0 new) records from 'command line'
loaded  24 ( 18 new) records from '/global/u2/b/bpeck/work/vismcao/./keck_llt_CL.conf'
Adjust LGS range by telescope altitude 4145m.
Zenith angle is 30 degree.
    Scaling turbulence height and LGS hs by sec(za).
    Scaling r0 by cos(za)^(3/5).
    Scaling wind speed and LGS signal level by cos(za).
powfs0: Adjusting dx from 0.0078125 to 0.00783333. 
powfs0.llt.fsm: f0=0 Hz, LPF ep=0
powfs0.epfsm is set to 0.517618 (auto)
powfs2: Adjusting dx from 0.03125 to 0.0312778. 
powfs2 is TWFS for powfs0
sim.ephi is set to 0.427717 (auto)
sim.eplo is set to 0.427717 (auto)
Warning(parms.c:2296): Layer 1 at 17.3205m is very close to layer 0 at 0m (OK).
Warning(parms.c:2296): Layer 2 at 34.641m is very close to layer 1 at 17.3205m (OK).
Warning(parms.c:2296): Layer 3 at 51.9615m is very close to layer 2 at 34.641m (OK).
dm 0: stroke=30 um is provided in micron.
dm 0: assume ia stroke=2 um is provided in micron.
dm 1: stroke=7 um is provided in micron.
dm 1: assume ia stroke=2 um is provided in micron.
dm 2: stroke=7 um is provided in micron.
dm 2: assume ia stroke=2 um is provided in micron.
Focus blending is not implemented yet for integrated tomography
parms->sim.mffocus is reset to 0
There are 1 valid simulation seeds:  1
Output PSF for 1 directions
Used 449 of 456 supplied keys
Warning(readcfg.c:158): key "dbg.pwfs_flate" is not recognized, value is 0
Warning(readcfg.c:158): key "dbg.pwfs_flatv" is not recognized, value is 0
Warning(readcfg.c:158): key "dbg.pwfs_psx" is not recognized, value is [0 0 0 0]
Warning(readcfg.c:158): key "dbg.pwfs_psy" is not recognized, value is [0 0 0 0]
Warning(readcfg.c:158): key "dbg.pwfs_pupelong" is not recognized, value is 0
Warning(readcfg.c:158): key "dbg.pwfs_raw" is not recognized, value is 0
Warning(readcfg.c:158): key "dbg.pwfs_side" is not recognized, value is 4
[00;00mAperture[00;00m is 11 m with sampling 1/128 m
[00;00mTurbulence at 30 degree zenith angle:[00;00m r0=0.128424m, L0=30m, 14 layers.
    Greenwood freq is 25.1Hz, anisoplanatic angle is 1.58 as
    Sampled 8192x8192 at 1/128m. wind dir is randomized.
    layer 0: ht=      0 m, wt= 0.302, ws=  4.8 m/s
    layer 1: ht=     17 m, wt= 0.154, ws=  5.0 m/s
    layer 2: ht=     35 m, wt= 0.041, ws=  5.4 m/s
    layer 3: ht=     52 m, wt= 0.002, ws=  6.6 m/s
    layer 4: ht=    139 m, wt= 0.021, ws=  6.1 m/s
    layer 5: ht=    231 m, wt= 0.010, ws=  6.1 m/s
    layer 6: ht=    323 m, wt= 0.008, ws=  6.1 m/s
    layer 7: ht=    416 m, wt= 0.005, ws=  6.1 m/s
    layer 8: ht=    508 m, wt= 0.001, ws=  6.1 m/s
    layer 9: ht=    932 m, wt= 0.107, ws=  5.6 m/s
    layer 10: ht=   5022 m, wt= 0.144, ws= 11.1 m/s
    layer 11: ht=   9238 m, wt= 0.093, ws= 19.1 m/s
    layer 12: ht=  13856 m, wt= 0.075, ws=  8.2 m/s
    layer 13: ht=  22518 m, wt= 0.036, ws=  4.8 m/s
[00;00mReconstruction[00;00m: r0=0.128424m L0=30m. 14 layers. use cone coordinate.
    layer 0: ht=      0 m, wt= 0.302
    layer 1: ht=     17 m, wt= 0.154
    layer 2: ht=     35 m, wt= 0.041
    layer 3: ht=     52 m, wt= 0.002
    layer 4: ht=    139 m, wt= 0.021
    layer 5: ht=    231 m, wt= 0.010
    layer 6: ht=    323 m, wt= 0.008
    layer 7: ht=    416 m, wt= 0.005
    layer 8: ht=    508 m, wt= 0.001
    layer 9: ht=    932 m, wt= 0.107
    layer 10: ht=   5022 m, wt= 0.144
    layer 11: ht=   9238 m, wt= 0.093
    layer 12: ht=  13856 m, wt= 0.075
    layer 13: ht=  22518 m, wt= 0.036
[00;00mThere are 3 powfs[00;00m
  powfs0: Order 79, LGS at 99.1 km. Sampling 1/127.66 m. Thres 30%. [00;00mT/T is removed in right hand side in tomography.[00;00m
    CCD image is 25x25 @ 500x500 mas, blur 27% (sigma), 1500Hz, wvl: [ 5.89e-07]
    Gtilt in reconstruction. Physical optics start at 0 with [00;00m'matched filter'[00;00m [00;00m(noisy)[00;00m
  powfs1: Order  2, NGS at inf km. Sampling 1/16 m. Thres 30%. 
    Ztilt in reconstruction. Geomtric optics start at 2 with ztilt [00;00m(noisy)[00;00m
  powfs2: Order 20, NGS at inf km. Sampling 1/31.9716 m. Thres 50%. 
    CCD image is 4x4 @ 1500x1500 mas, blur 0% (sigma), 0.015Hz, wvl: [ 7.2e-07]
    Gtilt in reconstruction. Geomtric optics start at 50 with gtilt Physical optics start at 0 with [00;00m'matched filter'[00;00m [00;00m(noisy)[00;00m
[00;00mThere are 12 wfs[00;00m
    wfs 0: type 0, at (  30.00,    0.00) arcsec,  99 km, siglev is 23.8382 bkgrnd is 0.1
    wfs 1: type 0, at (  21.21,   21.21) arcsec,  99 km, siglev is 23.8382 bkgrnd is 0.1
    wfs 2: type 0, at (   0.00,   30.00) arcsec,  99 km, siglev is 23.8382 bkgrnd is 0.1
    wfs 3: type 0, at ( -21.21,   21.21) arcsec,  99 km, siglev is 23.8382 bkgrnd is 0.1
    wfs 4: type 0, at ( -30.00,    0.00) arcsec,  99 km, siglev is 23.8382 bkgrnd is 0.1
    wfs 5: type 0, at ( -21.21,  -21.21) arcsec,  99 km, siglev is 23.8382 bkgrnd is 0.1
    wfs 6: type 0, at (   0.00,  -30.00) arcsec,  99 km, siglev is 23.8382 bkgrnd is 0.1
    wfs 7: type 0, at (  21.21,  -21.21) arcsec,  99 km, siglev is 23.8382 bkgrnd is 0.1
    wfs 8: type 1, at (  15.00,   25.98) arcsec, inf km, siglev is 42387.6 bkgrnd is 1.056
    wfs 9: type 1, at ( -30.00,    0.00) arcsec, inf km, siglev is 42387.6 bkgrnd is 1.056
    wfs 10: type 1, at (  15.00,  -25.98) arcsec, inf km, siglev is 42387.6 bkgrnd is 1.056
    wfs 11: type 2, at (   0.00,    0.00) arcsec, inf km, siglev is 4.1558e+06 bkgrnd is 0.001
[00;00mThere are 3 DMs[00;00m
  DM 0 at -0.1km, actuator pitch 0.141m, offset   0, with 30.000000 micron stroke.
    Normalized cubic influence function with inter-actuator coupling of 0.223
  DM 1 at    6km, actuator pitch 0.168m, offset   0, with 7.000000 micron stroke.
    Normalized cubic influence function with inter-actuator coupling of 0.223
  DM 2 at   10km, actuator pitch 0.168m, offset   0, with 7.000000 micron stroke.
    Normalized cubic influence function with inter-actuator coupling of 0.223
[00;00mTomography[00;00m is using CG, with [00;00mFourer Domain[00;00m preconditioner, [00;00m12[00;00m iterations, integrated tomo.
[00;00mDM Fitting [00;00mis using CG, with [00;00mNo[00;00m preconditioner, [00;00m10[00;00m iterations
[00;00mThere are 9 fit directions[00;00m
    Fit 0: weight is 0.444, at (   0.00,    0.00) arcsec
    Fit 1: weight is 0.111, at (  15.00,    0.00) arcsec
    Fit 2: weight is 0.111, at (   0.00,   15.00) arcsec
    Fit 3: weight is 0.111, at ( -15.00,    0.00) arcsec
    Fit 4: weight is 0.111, at (   0.00,  -15.00) arcsec
    Fit 5: weight is 0.028, at (  15.00,   15.00) arcsec
    Fit 6: weight is 0.028, at ( -15.00,   15.00) arcsec
    Fit 7: weight is 0.028, at ( -15.00,  -15.00) arcsec
    Fit 8: weight is 0.028, at (  15.00,  -15.00) arcsec
[00;00mThere are 1 evaluation directions[00;00m at sampling 1/128 m.
    Evl 0: weight is 1.000, at (   0.00,    0.00) arcsec
[00;00mSimulation[00;00m start at step 0, end at step 1600, with time step 1/1500s, [00;00mclose loop[00;00m.
After setup_parms:	120.5 MiB.
Warning(sock.c:516): connect locally (/global/homes/b/bpeck/.aos/tmp/nid003257/scheduler) failed: Invalid argument. 
CUDA: minimum memory requirement is 0.4GB
GPU 0 is NVIDIA A100-SXM4-40GB with arch 8.0, 38.9GB free, 39.3GB total device memory.
Using GPU 0
Use 1 GPUs for WFS Tomo Fit Evl

*** Preparation started at 2025/02/09 17:25:43 in nid003257. ***

Using OpenMP version 201511 with 128 threads
Reading aperture amplitude map from KECK.fits
Warning(accphi.c:477): 108520 points not covered by input screen
Warning(sock.c:516): connect locally (/global/homes/b/bpeck/.aos/tmp/nid003257/scheduler) failed: Invalid argument. 
 ->maos.c:447->setup.c:148->aper.c:74->utils.c:478->accphi.c:478
iwvl 0: Science PSF is using grid size of 2880. The PSF will sum to 6.95167232825486
iwvl 1: Science PSF is using grid size of 2880. The PSF will sum to 6.95167232825486
iwvl 2: Science PSF is using grid size of 2880. The PSF will sum to 6.95167232825486
iwvl 3: Science PSF is using grid size of 2880. The PSF will sum to 6.95167232825486
iwvl 4: Science PSF is using grid size of 2880. The PSF will sum to 6.95167232825486
iwvl 5: Science PSF is using grid size of 2880. The PSF will sum to 6.95167232825486
iwvl 6: Science PSF is using grid size of 2880. The PSF will sum to 6.95167232825486
iwvl 7: Science PSF is using grid size of 2880. The PSF will sum to 6.95167232825486
iwvl 8: Science PSF is using grid size of 2880. The PSF will sum to 6.95167232825486
After setup_aper:	340.9 MiB.

[00;00mSetting up powfs 0 geom[00;00m

There are 18 points in each subaperture of 0.141m.
There are 3737 valid subaperture.

[00;00mSetting up powfs 1 geom[00;00m

There are 88 points in each subaperture of 5.5m.
There are 4 valid subaperture.

[00;00mSetting up powfs 2 geom[00;00m

There are 18 points in each subaperture of 0.563m.
There are 236 valid subaperture.
After setup_powfs_init:	437.8 MiB.

[00;00mSetting up reconstructor geometry.[00;00m

PLOC is 161x161, with sampling of 0.07m (square)
    DM 0: grid is 82 x 82
    DM 1: grid is 77 x 79
    DM 2: grid is 84 x 85
FLOC is 161x161, with sampling of 0.07m (not square)
Tomography grid is square:
    layer 0: xloc grid is 336 x 336, sampling is 0.070 m, 112896 points
    layer 1: xloc grid is 336 x 336, sampling is 0.070 m, 112896 points
    layer 2: xloc grid is 336 x 336, sampling is 0.070 m, 112896 points
    layer 3: xloc grid is 336 x 336, sampling is 0.070 m, 112896 points
    layer 4: xloc grid is 336 x 336, sampling is 0.070 m, 112896 points
    layer 5: xloc grid is 336 x 336, sampling is 0.070 m, 112896 points
    layer 6: xloc grid is 336 x 336, sampling is 0.070 m, 112896 points
    layer 7: xloc grid is 336 x 336, sampling is 0.070 m, 112896 points
    layer 8: xloc grid is 336 x 336, sampling is 0.070 m, 112896 points
    layer 9: xloc grid is 336 x 336, sampling is 0.070 m, 112896 points
    layer 10: xloc grid is 336 x 336, sampling is 0.067 m, 112896 points
    layer 11: xloc grid is 336 x 336, sampling is 0.064 m, 112896 points
    layer 12: xloc grid is 336 x 336, sampling is 0.061 m, 112896 points
    layer 13: xloc grid is 336 x 336, sampling is 0.054 m, 112896 points

[00;00mSetting up powfs 0 PO WFS[00;00m

OTF dimension is 36x36 (calculated)
There is no bias
Uplink FWHM (illt 0, iwvl 0) is 0.580741"
Downlink FWHM (illt 0, iwvl 0) is 1.39318"
Generating matched filter for powfs 0
sa index   location       noise equivalent angle
    1838: (  4.9,  -0.2) m, (171.58, 164.44) mas
    1830: (  3.7,  -0.2) m, (184.57, 166.46) mas
    1822: (  2.6,  -0.2) m, (201.52, 169.12) mas
    1815: (  1.6,  -0.2) m, (217.71, 171.66) mas
    1813: (  1.3,  -0.2) m, (222.81, 172.45) mas
    1334: ( -0.5,  -1.3) m, (253.63, 181.08) mas
    1808: ( -1.8,  -0.2) m, (274.68, 180.73) mas
    1800: ( -2.9,  -0.2) m, (294.26, 183.67) mas
    1792: ( -4.0,  -0.2) m, (314.80, 186.52) mas
    1785: ( -5.0,  -0.2) m, (333.93, 188.95) mas
    1782: ( -5.4,  -0.2) m, (342.22, 189.96) mas
sa index   location       noise equivalent angle
    3044: (  2.6,   2.6) m, (175.95, 175.95) mas
    2755: (  1.9,   1.9) m, (192.30, 191.26) mas
    2349: (  1.1,   1.1) m, (197.19, 197.19) mas
    2288: (  0.9,   0.9) m, (199.35, 199.35) mas
    1341: (  0.5,  -1.3) m, (207.69, 236.01) mas
    1396: ( -1.2,  -1.2) m, (234.58, 234.58) mas
     990: ( -2.0,  -2.0) m, (259.61, 257.76) mas
     700: ( -2.7,  -2.7) m, (263.62, 263.62) mas
     422: ( -3.5,  -3.5) m, (282.81, 283.65) mas
     150: ( -3.0,  -4.3) m, (270.34, 294.20) mas
sa index   location       noise equivalent angle
    3435: ( -0.2,   3.7) m, (166.46, 184.57) mas
    3026: (  0.1,   2.6) m, (169.12, 201.52) mas
    2610: (  0.1,   1.6) m, (171.66, 217.71) mas
    2476: (  0.1,   1.3) m, (172.45, 222.81) mas
    1689: ( -1.3,  -0.5) m, (181.08, 253.63) mas
    1137: (  0.1,  -1.8) m, (180.73, 274.68) mas
     665: (  0.1,  -2.9) m, (183.67, 294.26) mas
     262: (  0.1,  -4.0) m, (186.52, 314.80) mas
      80: ( -0.2,  -4.6) m, (194.03, 333.01) mas
sa index   location       noise equivalent angle
    3006: ( -2.7,   2.6) m, (175.95, 175.95) mas
    2727: ( -2.0,   1.9) m, (193.69, 192.13) mas
    2340: ( -1.2,   1.1) m, (197.19, 197.19) mas
    2284: ( -1.1,   0.9) m, (199.35, 199.35) mas
    1333: ( -0.6,  -1.3) m, (207.69, 236.01) mas
    1405: (  1.1,  -1.2) m, (234.58, 234.58) mas
    1018: (  1.9,  -2.0) m, (258.03, 256.51) mas
     738: (  2.6,  -2.7) m, (263.62, 263.62) mas
     470: (  3.3,  -3.5) m, (286.58, 287.70) mas
     192: (  2.9,  -4.3) m, (270.34, 294.20) mas
sa index   location       noise equivalent angle
    1843: ( -5.4,  -0.1) m, (164.71, 163.27) mas
    1847: ( -4.9,  -0.1) m, (172.80, 164.55) mas
    1855: ( -3.7,  -0.1) m, (186.25, 166.63) mas
    1863: ( -2.6,  -0.1) m, (203.64, 169.33) mas
    1871: ( -1.5,  -0.1) m, (222.79, 172.30) mas
    1340: (  0.4,  -1.3) m, (253.60, 181.06) mas
    1874: (  1.3,  -0.1) m, (268.51, 179.59) mas
    1877: (  1.8,  -0.1) m, (277.03, 180.86) mas
    1885: (  2.9,  -0.1) m, (296.66, 183.75) mas
    1893: (  4.0,  -0.1) m, (317.49, 186.58) mas
    1900: (  5.0,  -0.1) m, (336.71, 188.97) mas
sa index   location       noise equivalent angle
     422: ( -3.5,  -3.5) m, (172.48, 173.07) mas
     756: ( -2.6,  -2.6) m, (177.26, 177.26) mas
    1056: ( -1.9,  -1.9) m, (186.86, 186.86) mas
    1457: ( -1.1,  -1.1) m, (199.35, 199.35) mas
    1631: (  1.2,  -0.6) m, (236.01, 207.69) mas
    2288: (  0.9,   0.9) m, (231.21, 231.21) mas
    2417: (  1.2,   1.2) m, (237.18, 237.18) mas
    2817: (  2.0,   2.0) m, (274.10, 278.80) mas
    3100: (  2.7,   2.7) m, (266.61, 266.61) mas
    3592: (  2.9,   4.2) m, (270.34, 294.20) mas
sa index   location       noise equivalent angle
     305: ( -0.2,  -3.9) m, (166.46, 184.57) mas
     720: (  0.1,  -2.7) m, (169.12, 201.52) mas
    1137: (  0.1,  -1.8) m, (171.66, 217.71) mas
    1271: (  0.1,  -1.5) m, (172.45, 222.81) mas
    2054: ( -1.3,   0.4) m, (181.06, 253.60) mas
    2610: (  0.1,   1.6) m, (180.73, 274.68) mas
    3081: (  0.1,   2.7) m, (183.67, 294.26) mas
    3482: (  0.1,   3.9) m, (186.52, 314.80) mas
    3660: ( -0.2,   4.4) m, (200.66, 341.26) mas
sa index   location       noise equivalent angle
     470: (  3.3,  -3.5) m, (175.10, 175.91) mas
     792: (  2.5,  -2.6) m, (177.26, 177.26) mas
    1082: (  1.8,  -1.9) m, (186.86, 186.86) mas
    1460: (  0.9,  -1.1) m, (199.35, 199.35) mas
    1628: ( -1.3,  -0.6) m, (236.01, 207.69) mas
    2284: ( -1.1,   0.9) m, (231.21, 231.21) mas
    2399: ( -1.3,   1.2) m, (237.18, 237.18) mas
    2787: ( -2.2,   2.0) m, (273.20, 278.03) mas
    3060: ( -2.9,   2.7) m, (266.61, 266.61) mas
    3550: ( -3.0,   4.2) m, (270.34, 294.20) mas

[00;00mSetting up powfs 2 PO WFS[00;00m

OTF dimension is 48x48 (calculated)
Generating matched filter for powfs 2
Use sanea to derive neasim
Use sanea to derive neasim

[00;00mSetting up reconstructor[00;00m

Recon NEA: cmf(224.82) cmf(226.41) cmf(225.17) cmf(226.83) cmf(225.37) cmf(226.81) cmf(225.13) cmf(226.39) geom(0.31) geom(0.31) geom(0.31) mf(0.14)  mas
Setup or update control matrix parameters.
RRtwfs svd threshold is 1e-10
Replacing HA by HA*fit->actextrap
Adding piston cr to fit matrix
Adding TT cr on upper DMs to fit matrix.
Before assembling fit matrix:	5865.0 MiB.
Building fit->FR
Building fit->FL
Adding tikhonov constraint of 1.0e-07 to FLM
The maximum eigen value is estimated to be around 2.5e-04
DM Fit number of Low rank terms: 16 in LHS
After assemble fit matrix:	7915.0 MiB.
After setup_recon:	7915.0 MiB.
GPU 0: mem used 1624 MB (wfs init)
GPU 0: mem used 3020 MB (recon init)
GPU 0: mem used 3050 MB (perf init)

*** Simulation started at 2025/02/09 17:28:22 in nid003257. ***

Running seed 1
GPU 0: mem used 3050 MB (wfs seeding)
Wind dir: 267.3 261.7 167.0 130.5 300.7  32.3 119.8 139.0 150.8 277.7 203.0 133.1  45.9 265.1 deg
Using /global/homes/b/bpeck/.aos/cache/atm/vonkarman_14_8192x8192_0.0078125_1115374592d.bin
After genatm:	7809.7 MiB.
Step     #  Open Loop  PR TT  On axis  PR TT  Field RMS PR TT     Timing 
Step     0: OL  884.6  248.3  OA  884.6 248.3 CL  884.6 248.3 nm  0.292 s
Step    13: OL  904.8  253.4  OA  195.4 131.2 CL  195.4 131.2 nm  0.072 s
Step    26: OL  925.3  257.6  OA  163.5  95.2 CL  163.5  95.2 nm  0.083 s
Step    38: OL  943.8  260.2  OA  139.0  55.8 CL  139.0  55.8 nm  0.079 s
Step    50: OL  961.5  261.2  OA  140.1  67.3 CL  140.1  67.3 nm  0.084 s
Step    62: OL  979.3  260.6  OA  142.8  61.5 CL  142.8  61.5 nm  0.082 s
Step    74: OL  997.3  259.3  OA  138.3  64.7 CL  138.3  64.7 nm  0.081 s
Step    87: OL 1017.3  258.2  OA  133.9  48.7 CL  133.9  48.7 nm  0.092 s
Step    99: OL 1035.7  257.5  OA  150.5  82.1 CL  150.5  82.1 nm  0.082 s
Step   111: OL 1054.1  257.7  OA  130.5  49.9 CL  130.5  49.9 nm  0.084 s
Step   123: OL 1072.1  258.9  OA  117.9  25.5 CL  117.9  25.5 nm  0.079 s
Step   135: OL 1089.0  261.7  OA  129.0  60.5 CL  129.0  60.5 nm  0.082 s
Step   147: OL 1104.9  266.1  OA  142.6  72.4 CL  142.6  72.4 nm  0.086 s
Step   159: OL 1119.0  271.7  OA  141.3  68.4 CL  141.3  68.4 nm  0.081 s
Step   171: OL 1131.3  278.4  OA  132.5  35.6 CL  132.5  35.6 nm  0.082 s
Step   184: OL 1142.3  286.6  OA  131.5  55.4 CL  131.5  55.4 nm  0.092 s
Step   197: OL 1150.4  295.0  OA  127.7  57.7 CL  127.7  57.7 nm  0.083 s
Step   210: OL 1156.6  303.3  OA  117.1  30.9 CL  117.1  30.9 nm  0.093 s
Step   222: OL 1160.3  311.0  OA  134.4  59.3 CL  134.4  59.3 nm  0.083 s
Step   234: OL 1161.9  318.8  OA  140.5  70.6 CL  140.5  70.6 nm  0.081 s
Step   246: OL 1161.3  327.1  OA  127.1  45.5 CL  127.1  45.5 nm  0.082 s
Step   255 updated high order loop gain: 0.352
Step   258: OL 1157.5  335.6  OA  135.4  53.2 CL  135.4  53.2 nm  0.080 s
Step   270: OL 1150.3  344.3  OA  132.4  54.3 CL  132.4  54.3 nm  0.083 s
Step   282: OL 1140.4  353.1  OA  129.2  52.8 CL  129.2  52.8 nm  0.082 s
Step   294: OL 1128.7  362.9  OA  127.3  53.3 CL  127.3  53.3 nm  0.082 s
Step   307: OL 1114.8  374.5  OA  130.1  56.0 CL  130.1  56.0 nm  0.094 s
Step   319: OL 1100.3  385.7  OA  140.9  69.8 CL  140.9  69.8 nm  0.082 s
Step   331: OL 1084.7  398.2  OA  126.8  47.8 CL  126.8  47.8 nm  0.086 s
Step   343: OL 1069.1  412.2  OA  126.4  59.6 CL  126.4  59.6 nm  0.086 s
Step   355: OL 1053.6  427.6  OA  130.3  56.7 CL  130.3  56.7 nm  0.082 s
Step   367: OL 1038.8  444.3  OA  133.5  60.8 CL  133.5  60.8 nm  0.080 s
Step   379: OL 1024.7  461.5  OA  127.3  52.6 CL  127.3  52.6 nm  0.090 s
Step   391: OL 1011.3  478.9  OA  124.0  34.4 CL  124.0  34.4 nm  0.084 s
Step   403: OL  997.9  496.1  OA  119.0  22.7 CL  119.0  22.7 nm  0.081 s
Step   415: OL  984.3  512.9  OA  116.4  13.5 CL  116.4  13.5 nm  0.090 s
Step   427: OL  970.4  528.8  OA  116.0  21.8 CL  116.0  21.8 nm  0.085 s
Step   440: OL  955.7  546.0  OA  112.3  21.6 CL  112.3  21.6 nm  0.081 s
Step   452: OL  943.6  561.6  OA  119.4  28.5 CL  119.4  28.5 nm  0.090 s
Step 463, DM 2: 1 actuators over ia limit. trials=2: success.
Step   464: OL  934.1  577.4  OA  118.6  34.3 CL  118.6  34.3 nm  0.082 s
Step 464, DM 2: 1 actuators over ia limit. trials=2: success.
Step 465, DM 2: 1 actuators over ia limit. trials=2: success.
Step 466, DM 2: 1 actuators over ia limit. trials=2: success.
Step 467, DM 2: 1 actuators over ia limit. trials=2: success.
Step 468, DM 2: 1 actuators over ia limit. trials=2: success.
Step 469, DM 2: 1 actuators over ia limit. trials=2: success.
Step 470, DM 2: 1 actuators over ia limit. trials=2: success.
Step 471, DM 2: 1 actuators over ia limit. trials=2: success.
Step 472, DM 2: 1 actuators over ia limit. trials=2: success.
Step 473, DM 2: 1 actuators over ia limit. trials=2: success.
Step 474, DM 2: 1 actuators over ia limit. trials=2: success.
Step 475, DM 2: 1 actuators over ia limit. trials=2: success.
Step   476: OL  927.9  592.8  OA  120.7  10.7 CL  120.7  10.7 nm  0.085 s
Step 476, DM 2: 1 actuators over ia limit. trials=2: success.
Step 477, DM 2: 1 actuators over ia limit. trials=2: success.
Step 478, DM 2: 1 actuators over ia limit. trials=2: success.
Step 479, DM 2: 1 actuators over ia limit. trials=2: success.
Step 480, DM 2: 1 actuators over ia limit. trials=2: success.
Step 481, DM 2: 1 actuators over ia limit. trials=2: success.
Step 482, DM 2: 1 actuators over ia limit. trials=2: success.
Step 483, DM 2: 1 actuators over ia limit. trials=2: success.
Step 484, DM 2: 1 actuators over ia limit. trials=2: success.
Step 485, DM 2: 1 actuators over ia limit. trials=2: success.
Step 486, DM 2: 1 actuators over ia limit. trials=2: success.
Step 487, DM 2: 1 actuators over ia limit. trials=2: success.
Step   488: OL  925.5  607.8  OA  116.1  12.7 CL  116.1  12.7 nm  0.082 s
Step 488, DM 2: 1 actuators over ia limit. trials=2: success.
Step 489, DM 2: 1 actuators over ia limit. trials=2: success.
Step 490, DM 2: 1 actuators over ia limit. trials=2: success.
Step 491, DM 2: 1 actuators over ia limit. trials=2: success.
Step 492, DM 2: 1 actuators over ia limit. trials=2: success.
Step 493, DM 2: 1 actuators over ia limit. trials=2: success.
Step 494, DM 2: 1 actuators over ia limit. trials=2: success.
Step 495, DM 2: 1 actuators over ia limit. trials=2: success.
Step 496, DM 2: 1 actuators over ia limit. trials=2: success.
Step 497, DM 2: 1 actuators over ia limit. trials=2: success.
Step 498, DM 2: 1 actuators over ia limit. trials=2: success.
Step   499: OL  925.8  620.9  OA  119.3  16.9 CL  119.3  16.9 nm  0.083 s
Step 499, DM 2: 1 actuators over ia limit. trials=2: success.
Step 500, DM 2: 1 actuators over ia limit. trials=2: success.
Step 501, DM 2: 1 actuators over ia limit. trials=2: success.
Step 502, DM 2: 1 actuators over ia limit. trials=2: success.
Step 503, DM 2: 1 actuators over ia limit. trials=2: success.
Step 504, DM 2: 1 actuators over ia limit. trials=2: success.
Step 505, DM 2: 1 actuators over ia limit. trials=2: success.
Step 506, DM 2: 1 actuators over ia limit. trials=2: success.
Step 507, DM 2: 1 actuators over ia limit. trials=2: success.
Step 508, DM 2: 1 actuators over ia limit. trials=2: success.
Step 509, DM 2: 1 actuators over ia limit. trials=2: success.
Step 510, DM 2: 1 actuators over ia limit. trials=2: success.
Step   511: OL  927.8  634.1  OA  118.5  14.2 CL  118.5  14.2 nm  0.084 s
Step   511 updated high order loop gain: 0.328
Step 511, DM 2: 1 actuators over ia limit. trials=2: success.
Step 512, DM 2: 1 actuators over ia limit. trials=2: success.
Step 513, DM 2: 1 actuators over ia limit. trials=2: success.
Step 514, DM 2: 1 actuators over ia limit. trials=2: success.
Step 515, DM 2: 1 actuators over ia limit. trials=2: success.
Step 516, DM 2: 1 actuators over ia limit. trials=2: success.
Step 517, DM 2: 1 actuators over ia limit. trials=2: success.
Step 518, DM 2: 1 actuators over ia limit. trials=2: success.
Step 519, DM 2: 1 actuators over ia limit. trials=2: success.
Step 520, DM 2: 1 actuators over ia limit. trials=2: success.
Step 521, DM 2: 1 actuators over ia limit. trials=2: success.
Step 522, DM 2: 1 actuators over ia limit. trials=2: success.
Step   523: OL  931.6  645.6  OA  123.4  27.1 CL  123.4  27.1 nm  0.086 s
Step 523, DM 2: 1 actuators over ia limit. trials=2: success.
Step 524, DM 2: 1 actuators over ia limit. trials=2: success.
Step 525, DM 2: 1 actuators over ia limit. trials=2: success.
Step 526, DM 2: 1 actuators over ia limit. trials=2: success.
Step 527, DM 2: 1 actuators over ia limit. trials=2: success.
Step 528, DM 2: 1 actuators over ia limit. trials=2: success.
Step 529, DM 2: 1 actuators over ia limit. trials=2: success.
Step 530, DM 2: 1 actuators over ia limit. trials=2: success.
Step 531, DM 2: 1 actuators over ia limit. trials=2: success.
Step 532, DM 2: 1 actuators over ia limit. trials=2: success.
Step 533, DM 2: 1 actuators over ia limit. trials=2: success.
Step 534, DM 2: 1 actuators over ia limit. trials=2: success.
Step   535: OL  936.9  654.9  OA  117.6  15.3 CL  117.6  15.3 nm  0.082 s
Step 535, DM 2: 1 actuators over ia limit. trials=2: success.
Step 536, DM 2: 1 actuators over ia limit. trials=2: success.
Step 537, DM 2: 1 actuators over ia limit. trials=2: success.
Step 538, DM 2: 1 actuators over ia limit. trials=2: success.
Step 539, DM 2: 1 actuators over ia limit. trials=2: success.
Step 540, DM 2: 1 actuators over ia limit. trials=2: success.
Step 541, DM 2: 1 actuators over ia limit. trials=2: success.
Step 542, DM 2: 1 actuators over ia limit. trials=2: success.
Step 543, DM 2: 1 actuators over ia limit. trials=2: success.
Step 544, DM 2: 1 actuators over ia limit. trials=2: success.
Step 545, DM 2: 1 actuators over ia limit. trials=2: success.
Step 546, DM 2: 1 actuators over ia limit. trials=2: success.
Step   547: OL  944.0  661.7  OA  117.7  16.3 CL  117.7  16.3 nm  0.082 s
Step 547, DM 2: 1 actuators over ia limit. trials=2: success.
Step 548, DM 2: 1 actuators over ia limit. trials=2: success.
Step 549, DM 2: 1 actuators over ia limit. trials=2: success.
Step 550, DM 2: 1 actuators over ia limit. trials=2: success.
Step 551, DM 2: 1 actuators over ia limit. trials=2: success.
Step 552, DM 2: 1 actuators over ia limit. trials=2: success.
Step 553, DM 2: 1 actuators over ia limit. trials=2: success.
Step 554, DM 2: 1 actuators over ia limit. trials=2: success.
Step   559: OL  953.2  666.5  OA  120.4  38.9 CL  120.4  38.9 nm  0.081 s
Step   571: OL  963.7  669.3  OA  116.6  29.3 CL  116.6  29.3 nm  0.094 s
Step 580, DM 2: 1 actuators over ia limit. trials=2: success.
Step   583: OL  975.5  670.6  OA  127.8  59.5 CL  127.8  59.5 nm  0.084 s
Step 586, DM 2: 1 actuators over ia limit. trials=2: success.
Step 587, DM 2: 1 actuators over ia limit. trials=2: success.
Step 588, DM 2: 1 actuators over ia limit. trials=2: success.
Step 589, DM 2: 2 actuators over ia limit. trials=2: success.
Step 590, DM 2: 2 actuators over ia limit. trials=2: success.
Step 591, DM 2: 2 actuators over ia limit. trials=2: success.
Step 592, DM 2: 2 actuators over ia limit. trials=2: success.
Step 593, DM 2: 2 actuators over ia limit. trials=2: success.
Step 594, DM 2: 2 actuators over ia limit. trials=2: success.
Step   595: OL  988.7  669.9  OA  120.3  38.7 CL  120.3  38.7 nm  0.091 s
Step 595, DM 2: 1 actuators over ia limit. trials=2: success.
Step 596, DM 2: 1 actuators over ia limit. trials=2: success.
Step 597, DM 2: 1 actuators over ia limit. trials=2: success.
Step 598, DM 2: 1 actuators over ia limit. trials=2: success.
Step 599, DM 2: 1 actuators over ia limit. trials=2: success.
Step 600, DM 2: 1 actuators over ia limit. trials=2: success.
Step 601, DM 2: 1 actuators over ia limit. trials=2: success.
Step 602, DM 2: 1 actuators over ia limit. trials=2: success.
Step 603, DM 2: 1 actuators over ia limit. trials=2: success.
Step 604, DM 2: 1 actuators over ia limit. trials=2: success.
Step 605, DM 2: 1 actuators over ia limit. trials=2: success.
Step 606, DM 2: 1 actuators over ia limit. trials=2: success.
Step   607: OL 1002.5  666.8  OA  119.9  41.5 CL  119.9  41.5 nm  0.083 s
Step 607, DM 2: 1 actuators over ia limit. trials=2: success.
Step 608, DM 2: 1 actuators over ia limit. trials=2: success.
Step 609, DM 2: 1 actuators over ia limit. trials=2: success.
Step 610, DM 2: 1 actuators over ia limit. trials=2: success.
Step 611, DM 2: 1 actuators over ia limit. trials=2: success.
Step 612, DM 2: 1 actuators over ia limit. trials=2: success.
Step 615, DM 2: 1 actuators over ia limit. trials=2: success.
Step 616, DM 2: 1 actuators over ia limit. trials=2: success.
Step 617, DM 2: 1 actuators over ia limit. trials=2: success.
Step 618, DM 2: 1 actuators over ia limit. trials=2: success.
Step   619: OL 1016.7  661.4  OA  124.9  54.5 CL  124.9  54.5 nm  0.084 s
Step 619, DM 2: 1 actuators over ia limit. trials=2: success.
Step 620, DM 2: 1 actuators over ia limit. trials=2: success.
Step 630, DM 2: 1 actuators over ia limit. trials=2: success.
Step   631: OL 1030.6  654.0  OA  121.2  42.8 CL  121.2  42.8 nm  0.090 s
Step 631, DM 2: 1 actuators over ia limit. trials=2: success.
Step 632, DM 2: 1 actuators over ia limit. trials=2: success.
Step 633, DM 2: 1 actuators over ia limit. trials=2: success.
Step 634, DM 2: 1 actuators over ia limit. trials=2: success.
Step 635, DM 2: 1 actuators over ia limit. trials=2: success.
Step 636, DM 2: 1 actuators over ia limit. trials=2: success.
Step   643: OL 1043.9  644.7  OA  117.4  40.2 CL  117.4  40.2 nm  0.083 s
Step   655: OL 1055.9  634.0  OA  119.5  29.3 CL  119.5  29.3 nm  0.082 s
Step   667: OL 1067.0  622.1  OA  113.9  30.0 CL  113.9  30.0 nm  0.088 s
Step   679: OL 1077.3  609.5  OA  117.7  30.9 CL  117.7  30.9 nm  0.083 s
Step   691: OL 1087.1  596.9  OA  122.8  25.2 CL  122.8  25.2 nm  0.083 s
Step   703: OL 1095.3  583.4  OA  124.5  18.6 CL  124.5  18.6 nm  0.081 s
Step   715: OL 1101.4  568.9  OA  119.4  21.2 CL  119.4  21.2 nm  0.082 s
Step   727: OL 1104.9  554.0  OA  121.6  30.0 CL  121.6  30.0 nm  0.092 s
Step   739: OL 1105.8  539.2  OA  118.5  19.7 CL  118.5  19.7 nm  0.081 s
Step   752: OL 1104.1  523.3  OA  118.2   9.0 CL  118.2   9.0 nm  0.082 s
Step   764: OL 1099.8  509.2  OA  124.1  13.3 CL  124.1  13.3 nm  0.091 s
Step   767 updated high order loop gain: 0.311
Step   776: OL 1093.0  495.5  OA  122.0   4.8 CL  122.0   4.8 nm  0.082 s
Step   789: OL 1082.5  480.9  OA  128.0  30.7 CL  128.0  30.7 nm  0.090 s
Step   801: OL 1070.3  467.5  OA  119.5  13.5 CL  119.5  13.5 nm  0.081 s
Step   813: OL 1056.4  454.1  OA  125.5  27.9 CL  125.5  27.9 nm  0.080 s
Step 814, DM 2: 1 actuators over ia limit. trials=2: success.
Step 815, DM 2: 1 actuators over ia limit. trials=2: success.
Step 816, DM 2: 1 actuators over ia limit. trials=2: success.
Step 817, DM 2: 1 actuators over ia limit. trials=2: success.
Step 818, DM 2: 1 actuators over ia limit. trials=2: success.
Step 819, DM 2: 1 actuators over ia limit. trials=2: success.
Step 820, DM 2: 1 actuators over ia limit. trials=2: success.
Step 821, DM 2: 1 actuators over ia limit. trials=2: success.
Step 822, DM 2: 1 actuators over ia limit. trials=2: success.
Step 823, DM 2: 1 actuators over ia limit. trials=2: success.
Step 824, DM 2: 1 actuators over ia limit. trials=2: success.
Step   825: OL 1040.3  440.8  OA  126.2  28.2 CL  126.2  28.2 nm  0.082 s
Step 825, DM 2: 1 actuators over ia limit. trials=2: success.
Step 826, DM 2: 1 actuators over ia limit. trials=2: success.
Step 827, DM 2: 1 actuators over ia limit. trials=2: success.
Step 828, DM 2: 1 actuators over ia limit. trials=2: success.
Step 829, DM 2: 1 actuators over ia limit. trials=2: success.
Step 830, DM 2: 1 actuators over ia limit. trials=2: success.
Step 831, DM 2: 1 actuators over ia limit. trials=2: success.
Step 832, DM 2: 1 actuators over ia limit. trials=2: success.
Step 833, DM 2: 1 actuators over ia limit. trials=2: success.
Step 834, DM 2: 1 actuators over ia limit. trials=2: success.
Step 835, DM 2: 1 actuators over ia limit. trials=2: success.
Step 836, DM 2: 1 actuators over ia limit. trials=2: success.
Step   837: OL 1022.4  427.9  OA  128.8  37.7 CL  128.8  37.7 nm  0.081 s
Step 837, DM 2: 1 actuators over ia limit. trials=2: success.
Step 838, DM 2: 1 actuators over ia limit. trials=2: success.
Step 839, DM 2: 1 actuators over ia limit. trials=2: success.
Step 840, DM 2: 1 actuators over ia limit. trials=2: success.
Step 841, DM 2: 1 actuators over ia limit. trials=2: success.
Step 842, DM 2: 1 actuators over ia limit. trials=2: success.
Step 843, DM 2: 1 actuators over ia limit. trials=2: success.
Step 844, DM 2: 1 actuators over ia limit. trials=2: success.
Step   849: OL 1003.6  415.6  OA  121.7  40.6 CL  121.7  40.6 nm  0.081 s
Step   861: OL  984.7  404.2  OA  132.4  61.0 CL  132.4  61.0 nm  0.084 s
Step   873: OL  966.2  394.0  OA  130.8  51.0 CL  130.8  51.0 nm  0.081 s
Step   886: OL  947.3  384.2  OA  131.1  60.8 CL  131.1  60.8 nm  0.083 s
Step   898: OL  929.4  376.2  OA  130.9  62.5 CL  130.9  62.5 nm  0.089 s
Step   911: OL  908.9  368.9  OA  127.5  60.3 CL  127.5  60.3 nm  0.082 s
Step   923: OL  889.8  363.0  OA  134.8  71.9 CL  134.8  71.9 nm  0.081 s
Step   935: OL  870.8  357.3  OA  132.1  67.1 CL  132.1  67.1 nm  0.082 s
Step   948: OL  851.0  351.1  OA  145.9  83.4 CL  145.9  83.4 nm  0.083 s
Step   960: OL  833.8  344.9  OA  158.1 101.1 CL  158.1 101.1 nm  0.083 s
Step   973: OL  817.5  337.6  OA  133.1  71.4 CL  133.1  71.4 nm  0.081 s
Step   985: OL  804.3  330.1  OA  147.4  89.6 CL  147.4  89.6 nm  0.090 s
Step   998: OL  791.2  321.1  OA  143.7  89.1 CL  143.7  89.1 nm  0.082 s
Step  1011: OL  779.3  311.3  OA  149.3  86.9 CL  149.3  86.9 nm  0.088 s
Step  1023: OL  769.8  302.1  OA  158.1 106.5 CL  158.1 106.5 nm  0.080 s
Step  1023 updated high order loop gain: 0.306
Step  1035: OL  761.7  292.5  OA  157.3 101.9 CL  157.3 101.9 nm  0.082 s
Step  1047: OL  754.5  282.2  OA  141.7  77.8 CL  141.7  77.8 nm  0.086 s
Step  1059: OL  747.3  271.0  OA  157.1 101.0 CL  157.1 101.0 nm  0.079 s
Step  1072: OL  740.7  257.4  OA  150.6  90.8 CL  150.6  90.8 nm  0.091 s
Step  1084: OL  736.5  243.5  OA  155.4  97.1 CL  155.4  97.1 nm  0.084 s
Step  1096: OL  734.2  229.7  OA  151.1  88.2 CL  151.1  88.2 nm  0.085 s
Step  1109: OL  733.0  216.0  OA  153.6  94.6 CL  153.6  94.6 nm  0.081 s
Step  1121: OL  732.9  204.4  OA  145.0  90.0 CL  145.0  90.0 nm  0.084 s
Step  1133: OL  733.4  194.6  OA  134.4  70.5 CL  134.4  70.5 nm  0.090 s
Step  1145: OL  734.1  186.3  OA  145.4  86.0 CL  145.4  86.0 nm  0.080 s
Step  1157: OL  735.0  179.5  OA  137.2  74.5 CL  137.2  74.5 nm  0.084 s
Step  1169: OL  735.6  174.6  OA  138.5  78.9 CL  138.5  78.9 nm  0.087 s
Step  1181: OL  737.1  171.1  OA  130.3  63.2 CL  130.3  63.2 nm  0.082 s
Step  1193: OL  739.7  168.5  OA  130.7  56.4 CL  130.7  56.4 nm  0.082 s
Step  1205: OL  742.5  166.1  OA  124.9  45.4 CL  124.9  45.4 nm  0.100 s
Step  1217: OL  745.3  164.3  OA  129.8  39.9 CL  129.8  39.9 nm  0.082 s
Step  1229: OL  748.1  163.6  OA  130.0  34.4 CL  130.0  34.4 nm  0.085 s
Step  1241: OL  750.1  164.4  OA  129.5  47.9 CL  129.5  47.9 nm  0.088 s
Step  1253: OL  751.9  167.0  OA  125.8  44.4 CL  125.8  44.4 nm  0.080 s
Step  1266: OL  754.5  172.0  OA  134.4  65.9 CL  134.4  65.9 nm  0.082 s
Step  1278: OL  757.4  178.1  OA  124.2  47.1 CL  124.2  47.1 nm  0.095 s
Step  1279 updated high order loop gain: 0.301
Step  1290: OL  761.3  185.2  OA  127.4  45.6 CL  127.4  45.6 nm  0.085 s
Step  1302: OL  765.3  193.2  OA  126.1  50.5 CL  126.1  50.5 nm  0.082 s
Step  1314: OL  769.0  202.1  OA  124.8  40.4 CL  124.8  40.4 nm  0.085 s
Step  1326: OL  772.5  211.9  OA  125.4  38.6 CL  125.4  38.6 nm  0.082 s
Step  1339: OL  777.4  223.4  OA  131.5  61.4 CL  131.5  61.4 nm  0.083 s
Step  1351: OL  783.2  234.4  OA  125.0  31.7 CL  125.0  31.7 nm  0.090 s
Step  1364: OL  791.4  245.5  OA  128.9  63.4 CL  128.9  63.4 nm  0.080 s
Step  1376: OL  799.7  253.9  OA  128.0  56.2 CL  128.0  56.2 nm  0.087 s
Step  1388: OL  808.8  260.9  OA  139.1  72.7 CL  139.1  72.7 nm  0.084 s
Step  1400: OL  819.1  266.4  OA  128.1  44.4 CL  128.1  44.4 nm  0.085 s
Step  1412: OL  830.5  270.5  OA  125.4  44.1 CL  125.4  44.1 nm  0.083 s
Step  1424: OL  842.6  273.6  OA  134.8  68.9 CL  134.8  68.9 nm  0.087 s
Step  1436: OL  854.6  276.2  OA  136.1  72.4 CL  136.1  72.4 nm  0.083 s
Step  1448: OL  866.1  278.3  OA  120.2  42.1 CL  120.2  42.1 nm  0.082 s
Step  1460: OL  876.9  279.4  OA  129.0  68.1 CL  129.0  68.1 nm  0.087 s
Step  1473: OL  886.6  279.2  OA  139.0  84.0 CL  139.0  84.0 nm  0.082 s
Step  1485: OL  892.5  277.3  OA  134.9  75.1 CL  134.9  75.1 nm  0.083 s
Step  1497: OL  895.4  273.9  OA  136.8  73.2 CL  136.8  73.2 nm  0.083 s
Step  1509: OL  895.9  269.2  OA  132.4  72.8 CL  132.4  72.8 nm  0.084 s
Step  1521: OL  894.4  263.6  OA  136.7  75.8 CL  136.7  75.8 nm  0.081 s
Step  1533: OL  890.8  256.9  OA  134.8  81.0 CL  134.8  81.0 nm  0.087 s
Step  1535 updated high order loop gain: 0.297
Step  1545: OL  885.6  249.2  OA  150.0 102.4 CL  150.0 102.4 nm  0.081 s
Step  1557: OL  879.9  241.2  OA  145.8  93.9 CL  145.8  93.9 nm  0.082 s
Step  1569: OL  874.0  233.7  OA  147.8  94.4 CL  147.8  94.4 nm  0.090 s
Step  1582: OL  866.9  226.6  OA  150.2  99.5 CL  150.2  99.5 nm  0.081 s
Step  1594: OL  859.4  221.3  OA  138.0  79.4 CL  138.0  79.4 nm  0.082 s
Step 1599: Output PSF
Step  1599: OL  856.1  219.2  OA  146.0  85.2 CL  146.0  85.2 nm  1.165 s
Mean: 131.51 59.76 117.15  nm.

*** Simulation Finished at 2025/02/09 17:30:49 in nid003257. ***

