Warning(sock.c:516): connect locally (/global/homes/b/bpeck/.aos/tmp/nid008213/scheduler) failed: No such file or directory. 
Warning(daemonize.c:230): Error redirect stdout
Warning(daemonize.c:231): Error redirect stderr
Warning(sock.c:516): connect locally (/global/homes/b/bpeck/.aos/tmp/nid008213/scheduler) failed: Invalid argument. 
/global/u2/b/bpeck/work/vismcao/maos -o studies/reduced_ngs/10_lgs/8mag_lgs/1000count -c master_files/reduced_ngs/10_lgs/8mag_lgs/kola_1000act.conf -O 
Output folder is 'studies/reduced_ngs/10_lgs/8mag_lgs/1000count'.
SRC: /global/homes/b/bpeck/code/maos v2.9 4c88b7c2 2024-11-13 16:45:33 -0800
BUILT: /global/homes/b/bpeck/code/maos/optim by GCC (v12) on 2024/11/18 09:40:03 CPU(F64,+O3) with CUDA(v122,F32)
Launched at 2025/02/12 00:12:33 in nid008213 with PID 707290.
The web based job monitor can be accessed at http://localhost:10300
Main config file is /global/u2/b/bpeck/work/vismcao/master_files/reduced_ngs/10_lgs/8mag_lgs/kola_1000act.conf
Warning(path.c:48): Path not found: path=/global/u2/b/bpeck/work/vismcao/master_files/reduced_ngs/10_lgs/8mag_lgs/bin; abspath=/global/u2/b/bpeck/work/vismcao/master_files/reduced_ngs/10_lgs/8mag_lgs/bin; Ignored.
Warning(path.c:48): Path not found: path=/global/u2/b/bpeck/work/vismcao/master_files/reduced_ngs/10_lgs/8mag_lgs/atm; abspath=/global/u2/b/bpeck/work/vismcao/master_files/reduced_ngs/10_lgs/8mag_lgs/atm; Ignored.
Warning(readcfg.c:399): sim.apfsm has been renamed to powfs.apfsm.
Warning(readcfg.c:399): sim.epfsm has been renamed to powfs.epfsm.
Warning(readcfg.c:399): sim.alfsm has been renamed to powfs.alfsm.
Warning(readcfg.c:399): sim.commonfsm has been renamed to powfs.commonfsm.
Warning(readcfg.c:399): sim.idealfsm has been renamed to powfs.idealfsm.
Warning(readcfg.c:399): sim.zetafsm has been renamed to powfs.zetafsm.
Warning(readcfg.c:399): sim.f0fsm has been renamed to powfs.f0fsm.
Warning(readcfg.c:399): tsurf has been renamed to ncpa.tsurf.
loaded 132 (132 new) records from '/global/u2/b/bpeck/work/vismcao/./keck_sim.conf'
loaded  19 ( 19 new) records from '/global/u2/b/bpeck/work/vismcao/./dm_none.conf'
loaded  19 (  0 new) records from '/global/u2/b/bpeck/work/vismcao/./keck_ASM.conf'
loaded  19 (  0 new) records from '/global/u2/b/bpeck/work/vismcao/./keck_DM2.conf'
loaded  19 (  0 new) records from '/global/u2/b/bpeck/work/vismcao/./keck_DM3.conf'
loaded   0 (  0 new) records from '/global/u2/b/bpeck/work/vismcao/./keck_dm_multiple.conf'
loaded   7 (  5 new) records from '/global/u2/b/bpeck/work/vismcao/./atm_mk13n50p_ground_detail.conf'
loaded  76 ( 69 new) records from '/global/homes/b/bpeck/code/maos/config/maos/powfs_common.conf'
loaded  44 ( 38 new) records from '/global/u2/b/bpeck/work/vismcao/./powfs_none.conf'
loaded  44 (  0 new) records from '/global/u2/b/bpeck/work/vismcao/./keck_shwfs_lgs.conf'
loaded  44 (  0 new) records from '/global/u2/b/bpeck/work/vismcao/./keck_shwfs_ttf_strap.conf'
loaded  44 (  0 new) records from '/global/u2/b/bpeck/work/vismcao/./keck_shwfs_twfs_lbwfs.conf'
loaded   0 (  0 new) records from '/global/u2/b/bpeck/work/vismcao/./keck_wfs_lgs_strap_lbwfs.conf'
loaded  71 ( 71 new) records from '/global/u2/b/bpeck/work/vismcao/./keck_recon.conf'
Warning(readcfg.c:399): dbg.na_smooth has been renamed to powfs0_llt.na_smooth.
Warning(readcfg.c:399): dbg.na_interp has been renamed to powfs0_llt.na_interp.
Warning(readcfg.c:399): dbg.na_thres has been renamed to powfs0_llt.na_thres.
Warning(readcfg.c:399): dbg.na_fit_maxit has been renamed to powfs0_llt.na_fit_maxit.
Warning(readcfg.c:399): dbg.na_fit_svdthres has been renamed to powfs0_llt.na_fit_svdthres.
Warning(readcfg.c:399): dbg.na_fit_dh has been renamed to powfs0_llt.na_fit_dh.
Warning(readcfg.c:399): dbg.ncpa_preload has been renamed to ncpa.preload.
Warning(readcfg.c:399): dbg.ncpa_rmsci has been renamed to ncpa.rmsci.
Warning(readcfg.c:399): dbg.draw_opdmax has been renamed to plot.opdmax.
Warning(readcfg.c:399): dbg.draw_gmax has been renamed to plot.gmax.
loaded  95 ( 93 new) records from '/global/u2/b/bpeck/work/vismcao/./keck_dbg.conf'
loaded   4 (  4 new) records from '/global/u2/b/bpeck/work/vismcao/./keck_fit_mcao.conf'
Warning(readcfg.c:399): surf has been renamed to ncpa.surf.
loaded  39 (  7 new) records from '/global/u2/b/bpeck/work/vismcao/master_files/reduced_ngs/10_lgs/8mag_lgs/kola_1000act.conf'
loaded   0 (  0 new) records from 'command line'
loaded  24 ( 18 new) records from '/global/u2/b/bpeck/work/vismcao/./keck_llt_CL.conf'
Adjust LGS range by telescope altitude 4145m.
Zenith angle is 30 degree.
    Scaling turbulence height and LGS hs by sec(za).
    Scaling r0 by cos(za)^(3/5).
    Scaling wind speed and LGS signal level by cos(za).
powfs0: Adjusting dx from 0.0078125 to 0.0077. 
powfs0.llt.fsm: f0=0 Hz, LPF ep=0
powfs0.epfsm is set to 0.517618 (auto)
powfs2: Adjusting dx from 0.03125 to 0.0312778. 
powfs2 is TWFS for powfs0
sim.ephi is set to 0.427717 (auto)
sim.eplo is set to 0.427717 (auto)
Warning(parms.c:2296): Layer 1 at 17.3205m is very close to layer 0 at 0m (OK).
Warning(parms.c:2296): Layer 2 at 34.641m is very close to layer 1 at 17.3205m (OK).
Warning(parms.c:2296): Layer 3 at 51.9615m is very close to layer 2 at 34.641m (OK).
dm 0: stroke=30 um is provided in micron.
dm 0: assume ia stroke=2 um is provided in micron.
dm 1: stroke=7 um is provided in micron.
dm 1: assume ia stroke=2 um is provided in micron.
dm 2: stroke=7 um is provided in micron.
dm 2: assume ia stroke=2 um is provided in micron.
Focus blending is not implemented yet for integrated tomography
parms->sim.mffocus is reset to 0
There are 1 valid simulation seeds:  1
Output PSF for 1 directions
Used 449 of 456 supplied keys
Warning(readcfg.c:158): key "dbg.pwfs_flate" is not recognized, value is 0
Warning(readcfg.c:158): key "dbg.pwfs_flatv" is not recognized, value is 0
Warning(readcfg.c:158): key "dbg.pwfs_psx" is not recognized, value is [0 0 0 0]
Warning(readcfg.c:158): key "dbg.pwfs_psy" is not recognized, value is [0 0 0 0]
Warning(readcfg.c:158): key "dbg.pwfs_pupelong" is not recognized, value is 0
Warning(readcfg.c:158): key "dbg.pwfs_raw" is not recognized, value is 0
Warning(readcfg.c:158): key "dbg.pwfs_side" is not recognized, value is 4
[00;00mAperture[00;00m is 11 m with sampling 1/128 m
[00;00mTurbulence at 30 degree zenith angle:[00;00m r0=0.128424m, L0=30m, 14 layers.
    Greenwood freq is 25.1Hz, anisoplanatic angle is 1.58 as
    Sampled 8192x8192 at 1/128m. wind dir is randomized.
    layer 0: ht=      0 m, wt= 0.302, ws=  4.8 m/s
    layer 1: ht=     17 m, wt= 0.154, ws=  5.0 m/s
    layer 2: ht=     35 m, wt= 0.041, ws=  5.4 m/s
    layer 3: ht=     52 m, wt= 0.002, ws=  6.6 m/s
    layer 4: ht=    139 m, wt= 0.021, ws=  6.1 m/s
    layer 5: ht=    231 m, wt= 0.010, ws=  6.1 m/s
    layer 6: ht=    323 m, wt= 0.008, ws=  6.1 m/s
    layer 7: ht=    416 m, wt= 0.005, ws=  6.1 m/s
    layer 8: ht=    508 m, wt= 0.001, ws=  6.1 m/s
    layer 9: ht=    932 m, wt= 0.107, ws=  5.6 m/s
    layer 10: ht=   5022 m, wt= 0.144, ws= 11.1 m/s
    layer 11: ht=   9238 m, wt= 0.093, ws= 19.1 m/s
    layer 12: ht=  13856 m, wt= 0.075, ws=  8.2 m/s
    layer 13: ht=  22518 m, wt= 0.036, ws=  4.8 m/s
[00;00mReconstruction[00;00m: r0=0.128424m L0=30m. 14 layers. use cone coordinate.
    layer 0: ht=      0 m, wt= 0.302
    layer 1: ht=     17 m, wt= 0.154
    layer 2: ht=     35 m, wt= 0.041
    layer 3: ht=     52 m, wt= 0.002
    layer 4: ht=    139 m, wt= 0.021
    layer 5: ht=    231 m, wt= 0.010
    layer 6: ht=    323 m, wt= 0.008
    layer 7: ht=    416 m, wt= 0.005
    layer 8: ht=    508 m, wt= 0.001
    layer 9: ht=    932 m, wt= 0.107
    layer 10: ht=   5022 m, wt= 0.144
    layer 11: ht=   9238 m, wt= 0.093
    layer 12: ht=  13856 m, wt= 0.075
    layer 13: ht=  22518 m, wt= 0.036
[00;00mThere are 3 powfs[00;00m
  powfs0: Order 36, LGS at 99.1 km. Sampling 1/129.87 m. Thres 30%. [00;00mT/T is removed in right hand side in tomography.[00;00m
    CCD image is 25x25 @ 500x500 mas, blur 27% (sigma), 1500Hz, wvl: [ 5.89e-07]
    Gtilt in reconstruction. Physical optics start at 0 with [00;00m'matched filter'[00;00m [00;00m(noisy)[00;00m
  powfs1: Order  2, NGS at inf km. Sampling 1/16 m. Thres 30%. 
    Ztilt in reconstruction. Geomtric optics start at 2 with ztilt [00;00m(noisy)[00;00m
  powfs2: Order 20, NGS at inf km. Sampling 1/31.9716 m. Thres 50%. 
    CCD image is 4x4 @ 1500x1500 mas, blur 0% (sigma), 0.015Hz, wvl: [ 7.2e-07]
    Gtilt in reconstruction. Geomtric optics start at 50 with gtilt Physical optics start at 0 with [00;00m'matched filter'[00;00m [00;00m(noisy)[00;00m
[00;00mThere are 14 wfs[00;00m
    wfs 0: type 0, at (  30.00,    0.00) arcsec,  99 km, siglev is 113.746 bkgrnd is 0.1
    wfs 1: type 0, at (  24.27,   17.63) arcsec,  99 km, siglev is 113.746 bkgrnd is 0.1
    wfs 2: type 0, at (   9.27,   28.53) arcsec,  99 km, siglev is 113.746 bkgrnd is 0.1
    wfs 3: type 0, at (  -9.27,   28.53) arcsec,  99 km, siglev is 113.746 bkgrnd is 0.1
    wfs 4: type 0, at ( -24.27,   17.63) arcsec,  99 km, siglev is 113.746 bkgrnd is 0.1
    wfs 5: type 0, at ( -30.00,    0.00) arcsec,  99 km, siglev is 113.746 bkgrnd is 0.1
    wfs 6: type 0, at ( -24.27,  -17.63) arcsec,  99 km, siglev is 113.746 bkgrnd is 0.1
    wfs 7: type 0, at (  -9.27,  -28.53) arcsec,  99 km, siglev is 113.746 bkgrnd is 0.1
    wfs 8: type 0, at (   9.27,  -28.53) arcsec,  99 km, siglev is 113.746 bkgrnd is 0.1
    wfs 9: type 0, at (  24.27,  -17.63) arcsec,  99 km, siglev is 113.746 bkgrnd is 0.1
    wfs 10: type 1, at (   5.00,    8.66) arcsec, inf km, siglev is 42387.6 bkgrnd is 1.056
    wfs 11: type 1, at ( -10.00,    0.00) arcsec, inf km, siglev is 42387.6 bkgrnd is 1.056
    wfs 12: type 1, at (   5.00,   -8.66) arcsec, inf km, siglev is 42387.6 bkgrnd is 1.056
    wfs 13: type 2, at (   0.00,    0.00) arcsec, inf km, siglev is 4.1558e+06 bkgrnd is 0.001
[00;00mThere are 3 DMs[00;00m
  DM 0 at -0.1km, actuator pitch 0.308m, offset   0, with 30.000000 micron stroke.
    Normalized cubic influence function with inter-actuator coupling of 0.223
  DM 1 at    6km, actuator pitch 0.168m, offset   0, with 7.000000 micron stroke.
    Normalized cubic influence function with inter-actuator coupling of 0.223
  DM 2 at   10km, actuator pitch 0.168m, offset   0, with 7.000000 micron stroke.
    Normalized cubic influence function with inter-actuator coupling of 0.223
[00;00mTomography[00;00m is using CG, with [00;00mFourer Domain[00;00m preconditioner, [00;00m12[00;00m iterations, integrated tomo.
[00;00mDM Fitting [00;00mis using CG, with [00;00mNo[00;00m preconditioner, [00;00m10[00;00m iterations
[00;00mThere are 9 fit directions[00;00m
    Fit 0: weight is 0.444, at (   0.00,    0.00) arcsec
    Fit 1: weight is 0.111, at (  15.00,    0.00) arcsec
    Fit 2: weight is 0.111, at (   0.00,   15.00) arcsec
    Fit 3: weight is 0.111, at ( -15.00,    0.00) arcsec
    Fit 4: weight is 0.111, at (   0.00,  -15.00) arcsec
    Fit 5: weight is 0.028, at (  15.00,   15.00) arcsec
    Fit 6: weight is 0.028, at ( -15.00,   15.00) arcsec
    Fit 7: weight is 0.028, at ( -15.00,  -15.00) arcsec
    Fit 8: weight is 0.028, at (  15.00,  -15.00) arcsec
[00;00mThere are 1 evaluation directions[00;00m at sampling 1/128 m.
    Evl 0: weight is 1.000, at (   0.00,    0.00) arcsec
[00;00mSimulation[00;00m start at step 0, end at step 1600, with time step 1/1500s, [00;00mclose loop[00;00m.
After setup_parms:	120.5 MiB.
Warning(sock.c:516): connect locally (/global/homes/b/bpeck/.aos/tmp/nid008213/scheduler) failed: Invalid argument. 
CUDA: minimum memory requirement is 0.4GB
GPU 0 is NVIDIA A100-SXM4-80GB with arch 8.0, 78.6GB free, 79.0GB total device memory.
Using GPU 0
Use 1 GPUs for WFS Tomo Fit Evl

*** Preparation started at 2025/02/12 00:12:35 in nid008213. ***

Using OpenMP version 201511 with 128 threads
Reading aperture amplitude map from KECK.fits
Warning(accphi.c:477): 108390 points not covered by input screen
Warning(sock.c:516): connect locally (/global/homes/b/bpeck/.aos/tmp/nid008213/scheduler) failed: Invalid argument. 
 ->maos.c:447->setup.c:148->aper.c:74->utils.c:478->accphi.c:478
iwvl 0: Science PSF is using grid size of 2880. The PSF will sum to 6.95167232825486
iwvl 1: Science PSF is using grid size of 2880. The PSF will sum to 6.95167232825486
iwvl 2: Science PSF is using grid size of 2880. The PSF will sum to 6.95167232825486
iwvl 3: Science PSF is using grid size of 2880. The PSF will sum to 6.95167232825486
iwvl 4: Science PSF is using grid size of 2880. The PSF will sum to 6.95167232825486
iwvl 5: Science PSF is using grid size of 2880. The PSF will sum to 6.95167232825486
iwvl 6: Science PSF is using grid size of 2880. The PSF will sum to 6.95167232825486
iwvl 7: Science PSF is using grid size of 2880. The PSF will sum to 6.95167232825486
iwvl 8: Science PSF is using grid size of 2880. The PSF will sum to 6.95167232825486
After setup_aper:	346.7 MiB.

[00;00mSetting up powfs 0 geom[00;00m

There are 40 points in each subaperture of 0.308m.
There are 787 valid subaperture.

[00;00mSetting up powfs 1 geom[00;00m

There are 88 points in each subaperture of 5.5m.
There are 4 valid subaperture.

[00;00mSetting up powfs 2 geom[00;00m

There are 18 points in each subaperture of 0.563m.
There are 236 valid subaperture.
After setup_powfs_init:	417.4 MiB.

[00;00mSetting up reconstructor geometry.[00;00m

PLOC is 75x75, with sampling of 0.15m (square)
    DM 0: grid is 39 x 39
    DM 1: grid is 75 x 75
    DM 2: grid is 81 x 79
FLOC is 75x75, with sampling of 0.15m (not square)
Tomography grid is square:
    layer 0: xloc grid is 140 x 140, sampling is 0.154 m, 19600 points
    layer 1: xloc grid is 140 x 140, sampling is 0.154 m, 19600 points
    layer 2: xloc grid is 140 x 140, sampling is 0.154 m, 19600 points
    layer 3: xloc grid is 140 x 140, sampling is 0.154 m, 19600 points
    layer 4: xloc grid is 140 x 140, sampling is 0.154 m, 19600 points
    layer 5: xloc grid is 140 x 140, sampling is 0.154 m, 19600 points
    layer 6: xloc grid is 140 x 140, sampling is 0.153 m, 19600 points
    layer 7: xloc grid is 140 x 140, sampling is 0.153 m, 19600 points
    layer 8: xloc grid is 140 x 140, sampling is 0.153 m, 19600 points
    layer 9: xloc grid is 140 x 140, sampling is 0.153 m, 19600 points
    layer 10: xloc grid is 140 x 140, sampling is 0.146 m, 19600 points
    layer 11: xloc grid is 140 x 140, sampling is 0.140 m, 19600 points
    layer 12: xloc grid is 140 x 140, sampling is 0.132 m, 19600 points
    layer 13: xloc grid is 140 x 140, sampling is 0.119 m, 19600 points

[00;00mSetting up powfs 0 PO WFS[00;00m

OTF dimension is 80x80 (calculated)
There is no bias
Uplink FWHM (illt 0, iwvl 0) is 0.580135"
Downlink FWHM (illt 0, iwvl 0) is 1.07529"
Generating matched filter for powfs 0
sa index   location       noise equivalent angle
     392: (  4.9,  -0.3) m, ( 57.13,  55.63) mas
     388: (  3.7,  -0.3) m, ( 61.17,  56.13) mas
     385: (  2.8,  -0.3) m, ( 65.41,  56.54) mas
     381: (  1.5,  -0.3) m, ( 72.76,  57.07) mas
     380: (  1.2,  -0.3) m, ( 74.62,  57.19) mas
     269: ( -0.6,  -1.5) m, ( 86.29,  59.01) mas
     378: ( -1.8,  -0.3) m, ( 93.81,  58.20) mas
     375: ( -2.8,  -0.3) m, ( 99.94,  58.50) mas
     371: ( -4.0,  -0.3) m, (108.66,  58.88) mas
     368: ( -4.9,  -0.3) m, (115.37,  59.15) mas
     367: ( -5.2,  -0.3) m, (117.68,  59.24) mas
sa index   location       noise equivalent angle
     613: (  3.1,   2.2) m, ( 59.07,  57.77) mas
     554: (  2.2,   1.5) m, ( 62.82,  59.88) mas
     491: (  1.2,   0.9) m, ( 67.60,  62.42) mas
     490: (  0.9,   0.9) m, ( 69.38,  62.50) mas
     272: (  0.3,  -1.5) m, ( 72.76,  75.24) mas
     297: ( -1.2,  -1.2) m, ( 82.02,  73.34) mas
     264: ( -2.2,  -1.5) m, ( 87.97,  75.27) mas
     233: ( -2.5,  -1.8) m, ( 89.52,  76.71) mas
     147: ( -3.7,  -2.8) m, ( 97.21,  81.99) mas
      12: ( -3.1,  -4.6) m, ( 95.56,  96.62) mas
sa index   location       noise equivalent angle
     785: (  2.2,   4.6) m, ( 57.67,  59.30) mas
     749: (  1.2,   4.0) m, ( 56.17,  58.85) mas
     684: (  0.9,   3.1) m, ( 58.52,  64.22) mas
     605: (  0.6,   2.2) m, ( 62.69,  71.32) mas
     518: (  0.3,   1.2) m, ( 58.79,  72.83) mas
     407: ( -1.5,   0.0) m, ( 66.07,  81.25) mas
     269: ( -0.6,  -1.5) m, ( 62.05,  90.41) mas
     182: ( -0.9,  -2.5) m, ( 67.93, 102.08) mas
     103: ( -1.2,  -3.4) m, ( 66.51, 105.35) mas
      37: ( -1.5,  -4.3) m, ( 66.13, 109.25) mas
       1: ( -2.5,  -4.9) m, ( 72.82, 116.85) mas
sa index   location       noise equivalent angle
     776: ( -2.5,   4.6) m, ( 57.87,  59.52) mas
     740: ( -1.5,   4.0) m, ( 56.17,  58.85) mas
     677: ( -1.2,   3.1) m, ( 58.63,  64.29) mas
     600: ( -0.9,   2.2) m, ( 62.23,  71.10) mas
     515: ( -0.6,   1.2) m, ( 58.79,  72.83) mas
     408: (  1.2,   0.0) m, ( 65.50,  80.48) mas
     272: (  0.3,  -1.5) m, ( 62.05,  90.41) mas
     187: (  0.6,  -2.5) m, ( 68.38, 102.49) mas
     110: (  0.9,  -3.4) m, ( 66.39, 105.25) mas
      46: (  1.2,  -4.3) m, ( 66.13, 109.25) mas
      10: (  2.2,  -4.9) m, ( 72.59, 116.48) mas
sa index   location       noise equivalent angle
     592: ( -3.4,   2.2) m, ( 59.07,  57.77) mas
     539: ( -2.5,   1.5) m, ( 62.82,  59.88) mas
     486: ( -1.5,   0.9) m, ( 67.60,  62.42) mas
     487: ( -1.2,   0.9) m, ( 69.38,  62.50) mas
     269: ( -0.6,  -1.5) m, ( 72.76,  75.24) mas
     300: (  0.9,  -1.2) m, ( 82.02,  73.34) mas
     277: (  1.8,  -1.5) m, ( 88.15,  75.42) mas
     248: (  2.2,  -1.8) m, ( 89.52,  76.71) mas
     170: (  3.4,  -2.8) m, ( 97.21,  81.99) mas
      31: (  2.8,  -4.6) m, ( 96.06,  97.16) mas
sa index   location       noise equivalent angle
     367: ( -5.2,  -0.3) m, ( 57.13,  55.63) mas
     371: ( -4.0,  -0.3) m, ( 61.17,  56.13) mas
     374: ( -3.1,  -0.3) m, ( 65.41,  56.54) mas
     378: ( -1.8,  -0.3) m, ( 72.76,  57.07) mas
     379: ( -1.5,  -0.3) m, ( 75.27,  57.77) mas
     518: (  0.3,   1.2) m, ( 86.29,  59.01) mas
     381: (  1.5,  -0.3) m, ( 93.81,  58.20) mas
     384: (  2.5,  -0.3) m, ( 99.94,  58.50) mas
     388: (  3.7,  -0.3) m, (108.66,  58.88) mas
     391: (  4.6,  -0.3) m, (115.37,  59.15) mas
     392: (  4.9,  -0.3) m, (117.68,  59.24) mas
sa index   location       noise equivalent angle
     174: ( -3.4,  -2.5) m, ( 59.07,  57.77) mas
     233: ( -2.5,  -1.8) m, ( 62.82,  59.88) mas
     296: ( -1.5,  -1.2) m, ( 67.60,  62.42) mas
     297: ( -1.2,  -1.2) m, ( 69.38,  62.50) mas
     515: ( -0.6,   1.2) m, ( 72.76,  75.24) mas
     490: (  0.9,   0.9) m, ( 82.02,  73.34) mas
     523: (  1.8,   1.2) m, ( 87.89,  75.19) mas
     554: (  2.2,   1.5) m, ( 89.52,  76.71) mas
     640: (  3.4,   2.5) m, ( 97.21,  81.99) mas
     774: (  2.8,   4.3) m, ( 97.14,  98.29) mas
sa index   location       noise equivalent angle
       1: ( -2.5,  -4.9) m, ( 57.17,  58.77) mas
      37: ( -1.5,  -4.3) m, ( 56.17,  58.85) mas
     103: ( -1.2,  -3.4) m, ( 58.50,  64.14) mas
     182: ( -0.9,  -2.5) m, ( 62.08,  71.18) mas
     269: ( -0.6,  -1.5) m, ( 58.79,  72.83) mas
     380: (  1.2,  -0.3) m, ( 65.50,  80.48) mas
     518: (  0.3,   1.2) m, ( 62.05,  90.41) mas
     605: (  0.6,   2.2) m, ( 68.57, 102.42) mas
     684: (  0.9,   3.1) m, ( 66.55, 105.44) mas
     749: (  1.2,   4.0) m, ( 66.13, 109.25) mas
     785: (  2.2,   4.6) m, ( 73.60, 118.03) mas
sa index   location       noise equivalent angle
      10: (  2.2,  -4.9) m, ( 56.98,  58.57) mas
      46: (  1.2,  -4.3) m, ( 56.17,  58.85) mas
     110: (  0.9,  -3.4) m, ( 58.39,  64.07) mas
     187: (  0.6,  -2.5) m, ( 62.51,  71.44) mas
     272: (  0.3,  -1.5) m, ( 58.79,  72.83) mas
     379: ( -1.5,  -0.3) m, ( 66.11,  81.31) mas
     515: ( -0.6,   1.2) m, ( 62.05,  90.41) mas
     600: ( -0.9,   2.2) m, ( 68.08, 102.07) mas
     677: ( -1.2,   3.1) m, ( 66.66, 105.56) mas
     740: ( -1.5,   4.0) m, ( 66.13, 109.25) mas
     776: ( -2.5,   4.6) m, ( 73.85, 118.41) mas
sa index   location       noise equivalent angle
     195: (  3.1,  -2.5) m, ( 59.07,  57.77) mas
     248: (  2.2,  -1.8) m, ( 62.82,  59.88) mas
     301: (  1.2,  -1.2) m, ( 67.60,  62.42) mas
     300: (  0.9,  -1.2) m, ( 69.38,  62.50) mas
     518: (  0.3,   1.2) m, ( 72.76,  75.24) mas
     487: ( -1.2,   0.9) m, ( 82.02,  73.34) mas
     510: ( -2.2,   1.2) m, ( 87.79,  75.09) mas
     539: ( -2.5,   1.5) m, ( 89.52,  76.71) mas
     617: ( -3.7,   2.5) m, ( 97.21,  81.99) mas
     755: ( -3.1,   4.3) m, ( 96.54,  97.65) mas

[00;00mSetting up powfs 2 PO WFS[00;00m

OTF dimension is 48x48 (calculated)
Generating matched filter for powfs 2
Use sanea to derive neasim
Use sanea to derive neasim

[00;00mSetting up reconstructor[00;00m

Recon NEA: cmf(75.72) cmf(75.78) cmf(75.69) cmf(75.67) cmf(75.74) cmf(75.67) cmf(75.68) cmf(75.58) cmf(75.60) cmf(75.72) geom(0.31) geom(0.31) geom(0.31) mf(0.14)  mas
Setup or update control matrix parameters.
RRtwfs svd threshold is 1e-10
Replacing HA by HA*fit->actextrap
Adding piston cr to fit matrix
Adding TT cr on upper DMs to fit matrix.
Before assembling fit matrix:	4079.3 MiB.
Building fit->FR
Building fit->FL
Adding tikhonov constraint of 1.0e-07 to FLM
The maximum eigen value is estimated to be around 3.6e-04
DM Fit number of Low rank terms: 16 in LHS
After assemble fit matrix:	4670.9 MiB.
After setup_recon:	4670.9 MiB.
GPU 0: mem used 2028 MB (wfs init)
GPU 0: mem used 2404 MB (recon init)
GPU 0: mem used 2434 MB (perf init)

*** Simulation started at 2025/02/12 00:14:13 in nid008213. ***

Running seed 1
GPU 0: mem used 2434 MB (wfs seeding)
Wind dir: 267.3 261.7 167.0 130.5 300.7  32.3 119.8 139.0 150.8 277.7 203.0 133.1  45.9 265.1 deg
Using /global/homes/b/bpeck/.aos/cache/atm/vonkarman_14_8192x8192_0.0078125_1115374592d.bin
After genatm:	4679.7 MiB.
Step     #  Open Loop  PR TT  On axis  PR TT  Field RMS PR TT     Timing 
Step     0: OL  884.6  248.3  OA  884.6 248.3 CL  884.6 248.3 nm  0.153 s
Step     8: OL  897.0  251.5  OA  182.6 111.1 CL  182.6 111.1 nm  0.036 s
Step    31: OL  933.7  258.9  OA  104.8  12.3 CL  104.8  12.3 nm  0.043 s
Step    53: OL  966.8  261.1  OA  101.7   3.7 CL  101.7   3.7 nm  0.043 s
Step    75: OL  999.6  259.1  OA  104.1   4.2 CL  104.1   4.2 nm  0.043 s
Step    97: OL 1033.2  257.4  OA  106.5   7.8 CL  106.5   7.8 nm  0.046 s
Step   119: OL 1066.5  258.2  OA  101.5   5.1 CL  101.5   5.1 nm  0.045 s
Step   142: OL 1098.4  263.9  OA  104.7  14.5 CL  104.7  14.5 nm  0.044 s
Step   164: OL 1124.0  274.2  OA  107.7  17.0 CL  107.7  17.0 nm  0.050 s
Step   186: OL 1143.1  287.7  OA  105.3   9.9 CL  105.3   9.9 nm  0.042 s
Step   208: OL 1155.1  301.9  OA  102.5  15.4 CL  102.5  15.4 nm  0.048 s
Step   230: OL 1161.0  316.1  OA  100.1  11.6 CL  100.1  11.6 nm  0.044 s
Step   253: OL 1159.2  332.0  OA   98.3   6.4 CL   98.3   6.4 nm  0.042 s
Step   255 updated high order loop gain: 0.374
Step   274: OL 1147.4  347.2  OA  101.2   8.1 CL  101.2   8.1 nm  0.047 s
Step   296: OL 1127.3  364.6  OA   99.7  11.9 CL   99.7  11.9 nm  0.042 s
Step   319: OL 1101.9  385.8  OA  100.1   4.3 CL  100.1   4.3 nm  0.044 s
Step   341: OL 1074.4  409.8  OA  101.8   6.9 CL  101.8   6.9 nm  0.067 s
Step   363: OL 1047.8  438.7  OA  101.3  14.6 CL  101.3  14.6 nm  0.047 s
Step   381: OL 1027.9  464.5  OA  101.5   9.2 CL  101.5   9.2 nm  0.041 s
Step   402: OL 1005.9  494.8  OA  103.3  18.0 CL  103.3  18.0 nm  0.047 s
Step   424: OL  982.2  525.1  OA  103.5   3.4 CL  103.5   3.4 nm  0.043 s
Step   446: OL  959.2  554.0  OA  103.1   6.0 CL  103.1   6.0 nm  0.044 s
Step   468: OL  941.6  582.8  OA  102.1   5.1 CL  102.1   5.1 nm  0.049 s
Step   490: OL  934.8  610.5  OA  103.5  17.4 CL  103.5  17.4 nm  0.043 s
Step   511 updated high order loop gain: 0.362
Step   512: OL  936.5  635.4  OA  107.0  18.5 CL  107.0  18.5 nm  0.053 s
Step   534: OL  943.2  654.4  OA  104.6   9.3 CL  104.6   9.3 nm  0.049 s
Step   556: OL  956.2  665.7  OA  103.8  14.1 CL  103.8  14.1 nm  0.044 s
Step   578: OL  974.4  670.5  OA  103.7  14.3 CL  103.7  14.3 nm  0.044 s
Step   600: OL  997.1  669.1  OA  103.2  12.1 CL  103.2  12.1 nm  0.049 s
Step   621: OL 1020.7  660.5  OA  105.1  10.8 CL  105.1  10.8 nm  0.048 s
Step   641: OL 1042.5  646.5  OA  103.5   6.6 CL  103.5   6.6 nm  0.045 s
Step   663: OL 1063.3  626.3  OA  105.1   8.7 CL  105.1   8.7 nm  0.053 s
Step   685: OL 1081.7  603.4  OA  105.4   8.3 CL  105.4   8.3 nm  0.041 s
Step   707: OL 1096.3  578.8  OA  106.3   9.9 CL  106.3   9.9 nm  0.045 s
Step   729: OL 1103.7  551.6  OA  105.7  15.8 CL  105.7  15.8 nm  0.053 s
Step   751: OL 1102.6  524.6  OA  107.5  10.4 CL  107.5  10.4 nm  0.042 s
Step   767 updated high order loop gain: 0.356
Step   768: OL 1096.2  504.7  OA  107.0   2.1 CL  107.0   2.1 nm  0.074 s
Step   790: OL 1080.1  479.9  OA  106.7  11.3 CL  106.7  11.3 nm  0.047 s
Step   812: OL 1056.1  455.3  OA  106.5   5.0 CL  106.5   5.0 nm  0.042 s
Step   834: OL 1025.6  431.1  OA  109.4   7.5 CL  109.4   7.5 nm  0.045 s
Step   856: OL  991.4  408.9  OA  107.0   5.3 CL  107.0   5.3 nm  0.041 s
Step   879: OL  956.1  389.4  OA  103.2  11.5 CL  103.2  11.5 nm  0.044 s
Step   901: OL  923.3  374.5  OA  106.5  12.7 CL  106.5  12.7 nm  0.050 s
Step   923: OL  888.5  363.1  OA  104.0   7.7 CL  104.0   7.7 nm  0.048 s
Step   941: OL  860.7  354.5  OA  105.0   9.4 CL  105.0   9.4 nm  0.044 s
Step   963: OL  829.5  343.4  OA  104.1   9.8 CL  104.1   9.8 nm  0.046 s
Step   985: OL  804.8  330.2  OA  110.0  25.4 CL  110.0  25.4 nm  0.045 s
Step  1007: OL  784.2  314.4  OA  105.6  11.0 CL  105.6  11.0 nm  0.046 s
Step  1023 updated high order loop gain: 0.356
Step  1028: OL  768.5  298.3  OA  109.8   9.0 CL  109.8   9.0 nm  0.057 s
Step  1050: OL  755.6  279.6  OA  105.6  20.3 CL  105.6  20.3 nm  0.045 s
Step  1070: OL  745.1  259.7  OA  102.5  11.6 CL  102.5  11.6 nm  0.059 s
Step  1092: OL  739.1  234.3  OA  106.1  17.9 CL  106.1  17.9 nm  0.045 s
Step  1115: OL  738.0  210.2  OA  108.1  26.3 CL  108.1  26.3 nm  0.046 s
Step  1137: OL  739.4  191.8  OA  101.7   7.4 CL  101.7   7.4 nm  0.049 s
Step  1159: OL  741.1  178.7  OA  101.8   8.4 CL  101.8   8.4 nm  0.047 s
Step  1181: OL  743.2  171.3  OA  103.9  20.6 CL  103.9  20.6 nm  0.046 s
Step  1203: OL  747.8  166.7  OA  106.6  24.9 CL  106.6  24.9 nm  0.046 s
Step  1226: OL  752.2  163.8  OA  104.0  22.1 CL  104.0  22.1 nm  0.044 s
Step  1248: OL  754.3  165.9  OA  102.2  11.2 CL  102.2  11.2 nm  0.051 s
Step  1270: OL  757.1  174.1  OA  104.5  18.9 CL  104.5  18.9 nm  0.043 s
Step  1279 updated high order loop gain: 0.353
Step  1292: OL  762.0  186.7  OA  104.5  22.3 CL  104.5  22.3 nm  0.047 s
Step  1314: OL  767.5  202.3  OA  107.3  26.5 CL  107.3  26.5 nm  0.046 s
Step  1336: OL  773.7  220.8  OA  109.7  28.9 CL  109.7  28.9 nm  0.045 s
Step  1358: OL  784.6  240.7  OA  107.1  20.6 CL  107.1  20.6 nm  0.049 s
Step  1380: OL  799.7  256.5  OA  105.9  18.2 CL  105.9  18.2 nm  0.042 s
Step  1403: OL  819.3  267.6  OA  108.6  27.0 CL  108.6  27.0 nm  0.044 s
Step  1425: OL  841.3  273.9  OA  105.4  12.5 CL  105.4  12.5 nm  0.045 s
Step  1447: OL  862.9  278.1  OA  102.0   8.0 CL  102.0   8.0 nm  0.043 s
Step  1470: OL  881.6  279.4  OA  103.8   1.2 CL  103.8   1.2 nm  0.049 s
Step  1492: OL  890.5  275.6  OA  102.8   3.3 CL  102.8   3.3 nm  0.046 s
Step  1514: OL  890.8  267.0  OA  102.5   9.2 CL  102.5   9.2 nm  0.055 s
Step  1535 updated high order loop gain: 0.355
Step  1536: OL  884.7  255.1  OA  104.2   6.5 CL  104.2   6.5 nm  0.073 s
Step  1558: OL  875.1  240.6  OA  106.7   8.5 CL  106.7   8.5 nm  0.044 s
Step  1576: OL  865.9  229.8  OA  108.4  12.7 CL  108.4  12.7 nm  0.044 s
Step  1598: OL  852.4  219.7  OA  108.1   9.7 CL  108.1   9.7 nm  0.045 s
Step 1599: Output PSF
Step  1599: OL  851.7  219.3  OA  107.7   9.5 CL  107.7   9.5 nm  2.969 s
Mean: 105.23 14.85 104.18  nm.

*** Simulation Finished at 2025/02/12 00:15:38 in nid008213. ***

