Warning(sock.c:516): connect locally (/global/homes/b/bpeck/.aos/tmp/nid008213/scheduler) failed: Invalid argument. 
/global/u2/b/bpeck/work/vismcao/maos -o studies/reduced_ngs/10_lgs/8mag_lgs/2500count -c master_files/reduced_ngs/10_lgs/8mag_lgs/kola_2500act.conf -O 
Output folder is 'studies/reduced_ngs/10_lgs/8mag_lgs/2500count'.
SRC: /global/homes/b/bpeck/code/maos v2.9 4c88b7c2 2024-11-13 16:45:33 -0800
BUILT: /global/homes/b/bpeck/code/maos/optim by GCC (v12) on 2024/11/18 09:40:03 CPU(F64,+O3) with CUDA(v122,F32)
Launched at 2025/02/12 00:32:12 in nid008213 with PID 713601.
The web based job monitor can be accessed at http://localhost:10300
Main config file is /global/u2/b/bpeck/work/vismcao/master_files/reduced_ngs/10_lgs/8mag_lgs/kola_2500act.conf
Warning(path.c:48): Path not found: path=/global/u2/b/bpeck/work/vismcao/master_files/reduced_ngs/10_lgs/8mag_lgs/bin; abspath=/global/u2/b/bpeck/work/vismcao/master_files/reduced_ngs/10_lgs/8mag_lgs/bin; Ignored.
Warning(path.c:48): Path not found: path=/global/u2/b/bpeck/work/vismcao/master_files/reduced_ngs/10_lgs/8mag_lgs/atm; abspath=/global/u2/b/bpeck/work/vismcao/master_files/reduced_ngs/10_lgs/8mag_lgs/atm; Ignored.
Warning(readcfg.c:399): sim.apfsm has been renamed to powfs.apfsm.
Warning(readcfg.c:399): sim.epfsm has been renamed to powfs.epfsm.
Warning(readcfg.c:399): sim.alfsm has been renamed to powfs.alfsm.
Warning(readcfg.c:399): sim.commonfsm has been renamed to powfs.commonfsm.
Warning(readcfg.c:399): sim.idealfsm has been renamed to powfs.idealfsm.
Warning(readcfg.c:399): sim.zetafsm has been renamed to powfs.zetafsm.
Warning(readcfg.c:399): sim.f0fsm has been renamed to powfs.f0fsm.
Warning(readcfg.c:399): tsurf has been renamed to ncpa.tsurf.
loaded 132 (132 new) records from '/global/u2/b/bpeck/work/vismcao/./keck_sim.conf'
loaded  19 ( 19 new) records from '/global/u2/b/bpeck/work/vismcao/./dm_none.conf'
loaded  19 (  0 new) records from '/global/u2/b/bpeck/work/vismcao/./keck_ASM.conf'
loaded  19 (  0 new) records from '/global/u2/b/bpeck/work/vismcao/./keck_DM2.conf'
loaded  19 (  0 new) records from '/global/u2/b/bpeck/work/vismcao/./keck_DM3.conf'
loaded   0 (  0 new) records from '/global/u2/b/bpeck/work/vismcao/./keck_dm_multiple.conf'
loaded   7 (  5 new) records from '/global/u2/b/bpeck/work/vismcao/./atm_mk13n50p_ground_detail.conf'
loaded  76 ( 69 new) records from '/global/homes/b/bpeck/code/maos/config/maos/powfs_common.conf'
loaded  44 ( 38 new) records from '/global/u2/b/bpeck/work/vismcao/./powfs_none.conf'
loaded  44 (  0 new) records from '/global/u2/b/bpeck/work/vismcao/./keck_shwfs_lgs.conf'
loaded  44 (  0 new) records from '/global/u2/b/bpeck/work/vismcao/./keck_shwfs_ttf_strap.conf'
loaded  44 (  0 new) records from '/global/u2/b/bpeck/work/vismcao/./keck_shwfs_twfs_lbwfs.conf'
loaded   0 (  0 new) records from '/global/u2/b/bpeck/work/vismcao/./keck_wfs_lgs_strap_lbwfs.conf'
loaded  71 ( 71 new) records from '/global/u2/b/bpeck/work/vismcao/./keck_recon.conf'
Warning(readcfg.c:399): dbg.na_smooth has been renamed to powfs0_llt.na_smooth.
Warning(readcfg.c:399): dbg.na_interp has been renamed to powfs0_llt.na_interp.
Warning(readcfg.c:399): dbg.na_thres has been renamed to powfs0_llt.na_thres.
Warning(readcfg.c:399): dbg.na_fit_maxit has been renamed to powfs0_llt.na_fit_maxit.
Warning(readcfg.c:399): dbg.na_fit_svdthres has been renamed to powfs0_llt.na_fit_svdthres.
Warning(readcfg.c:399): dbg.na_fit_dh has been renamed to powfs0_llt.na_fit_dh.
Warning(readcfg.c:399): dbg.ncpa_preload has been renamed to ncpa.preload.
Warning(readcfg.c:399): dbg.ncpa_rmsci has been renamed to ncpa.rmsci.
Warning(readcfg.c:399): dbg.draw_opdmax has been renamed to plot.opdmax.
Warning(readcfg.c:399): dbg.draw_gmax has been renamed to plot.gmax.
loaded  95 ( 93 new) records from '/global/u2/b/bpeck/work/vismcao/./keck_dbg.conf'
loaded   4 (  4 new) records from '/global/u2/b/bpeck/work/vismcao/./keck_fit_mcao.conf'
Warning(readcfg.c:399): surf has been renamed to ncpa.surf.
loaded  39 (  7 new) records from '/global/u2/b/bpeck/work/vismcao/master_files/reduced_ngs/10_lgs/8mag_lgs/kola_2500act.conf'
loaded   0 (  0 new) records from 'command line'
loaded  24 ( 18 new) records from '/global/u2/b/bpeck/work/vismcao/./keck_llt_CL.conf'
Adjust LGS range by telescope altitude 4145m.
Zenith angle is 30 degree.
    Scaling turbulence height and LGS hs by sec(za).
    Scaling r0 by cos(za)^(3/5).
    Scaling wind speed and LGS signal level by cos(za).
powfs0: Adjusting dx from 0.0078125 to 0.008125. 
powfs0.llt.fsm: f0=0 Hz, LPF ep=0
powfs0.epfsm is set to 0.517618 (auto)
powfs2: Adjusting dx from 0.03125 to 0.0312778. 
powfs2 is TWFS for powfs0
sim.ephi is set to 0.427717 (auto)
sim.eplo is set to 0.427717 (auto)
Warning(parms.c:2296): Layer 1 at 17.3205m is very close to layer 0 at 0m (OK).
Warning(parms.c:2296): Layer 2 at 34.641m is very close to layer 1 at 17.3205m (OK).
Warning(parms.c:2296): Layer 3 at 51.9615m is very close to layer 2 at 34.641m (OK).
dm 0: stroke=30 um is provided in micron.
dm 0: assume ia stroke=2 um is provided in micron.
dm 1: stroke=7 um is provided in micron.
dm 1: assume ia stroke=2 um is provided in micron.
dm 2: stroke=7 um is provided in micron.
dm 2: assume ia stroke=2 um is provided in micron.
Focus blending is not implemented yet for integrated tomography
parms->sim.mffocus is reset to 0
There are 1 valid simulation seeds:  1
Output PSF for 1 directions
Used 449 of 456 supplied keys
Warning(readcfg.c:158): key "dbg.pwfs_flate" is not recognized, value is 0
Warning(readcfg.c:158): key "dbg.pwfs_flatv" is not recognized, value is 0
Warning(readcfg.c:158): key "dbg.pwfs_psx" is not recognized, value is [0 0 0 0]
Warning(readcfg.c:158): key "dbg.pwfs_psy" is not recognized, value is [0 0 0 0]
Warning(readcfg.c:158): key "dbg.pwfs_pupelong" is not recognized, value is 0
Warning(readcfg.c:158): key "dbg.pwfs_raw" is not recognized, value is 0
Warning(readcfg.c:158): key "dbg.pwfs_side" is not recognized, value is 4
[00;00mAperture[00;00m is 11 m with sampling 1/128 m
[00;00mTurbulence at 30 degree zenith angle:[00;00m r0=0.128424m, L0=30m, 14 layers.
    Greenwood freq is 25.1Hz, anisoplanatic angle is 1.58 as
    Sampled 8192x8192 at 1/128m. wind dir is randomized.
    layer 0: ht=      0 m, wt= 0.302, ws=  4.8 m/s
    layer 1: ht=     17 m, wt= 0.154, ws=  5.0 m/s
    layer 2: ht=     35 m, wt= 0.041, ws=  5.4 m/s
    layer 3: ht=     52 m, wt= 0.002, ws=  6.6 m/s
    layer 4: ht=    139 m, wt= 0.021, ws=  6.1 m/s
    layer 5: ht=    231 m, wt= 0.010, ws=  6.1 m/s
    layer 6: ht=    323 m, wt= 0.008, ws=  6.1 m/s
    layer 7: ht=    416 m, wt= 0.005, ws=  6.1 m/s
    layer 8: ht=    508 m, wt= 0.001, ws=  6.1 m/s
    layer 9: ht=    932 m, wt= 0.107, ws=  5.6 m/s
    layer 10: ht=   5022 m, wt= 0.144, ws= 11.1 m/s
    layer 11: ht=   9238 m, wt= 0.093, ws= 19.1 m/s
    layer 12: ht=  13856 m, wt= 0.075, ws=  8.2 m/s
    layer 13: ht=  22518 m, wt= 0.036, ws=  4.8 m/s
[00;00mReconstruction[00;00m: r0=0.128424m L0=30m. 14 layers. use cone coordinate.
    layer 0: ht=      0 m, wt= 0.302
    layer 1: ht=     17 m, wt= 0.154
    layer 2: ht=     35 m, wt= 0.041
    layer 3: ht=     52 m, wt= 0.002
    layer 4: ht=    139 m, wt= 0.021
    layer 5: ht=    231 m, wt= 0.010
    layer 6: ht=    323 m, wt= 0.008
    layer 7: ht=    416 m, wt= 0.005
    layer 8: ht=    508 m, wt= 0.001
    layer 9: ht=    932 m, wt= 0.107
    layer 10: ht=   5022 m, wt= 0.144
    layer 11: ht=   9238 m, wt= 0.093
    layer 12: ht=  13856 m, wt= 0.075
    layer 13: ht=  22518 m, wt= 0.036
[00;00mThere are 3 powfs[00;00m
  powfs0: Order 57, LGS at 99.1 km. Sampling 1/123.077 m. Thres 30%. [00;00mT/T is removed in right hand side in tomography.[00;00m
    CCD image is 25x25 @ 500x500 mas, blur 27% (sigma), 1500Hz, wvl: [ 5.89e-07]
    Gtilt in reconstruction. Physical optics start at 0 with [00;00m'matched filter'[00;00m [00;00m(noisy)[00;00m
  powfs1: Order  2, NGS at inf km. Sampling 1/16 m. Thres 30%. 
    Ztilt in reconstruction. Geomtric optics start at 2 with ztilt [00;00m(noisy)[00;00m
  powfs2: Order 20, NGS at inf km. Sampling 1/31.9716 m. Thres 50%. 
    CCD image is 4x4 @ 1500x1500 mas, blur 0% (sigma), 0.015Hz, wvl: [ 7.2e-07]
    Gtilt in reconstruction. Geomtric optics start at 50 with gtilt Physical optics start at 0 with [00;00m'matched filter'[00;00m [00;00m(noisy)[00;00m
[00;00mThere are 14 wfs[00;00m
    wfs 0: type 0, at (  30.00,    0.00) arcsec,  99 km, siglev is 45.5936 bkgrnd is 0.1
    wfs 1: type 0, at (  24.27,   17.63) arcsec,  99 km, siglev is 45.5936 bkgrnd is 0.1
    wfs 2: type 0, at (   9.27,   28.53) arcsec,  99 km, siglev is 45.5936 bkgrnd is 0.1
    wfs 3: type 0, at (  -9.27,   28.53) arcsec,  99 km, siglev is 45.5936 bkgrnd is 0.1
    wfs 4: type 0, at ( -24.27,   17.63) arcsec,  99 km, siglev is 45.5936 bkgrnd is 0.1
    wfs 5: type 0, at ( -30.00,    0.00) arcsec,  99 km, siglev is 45.5936 bkgrnd is 0.1
    wfs 6: type 0, at ( -24.27,  -17.63) arcsec,  99 km, siglev is 45.5936 bkgrnd is 0.1
    wfs 7: type 0, at (  -9.27,  -28.53) arcsec,  99 km, siglev is 45.5936 bkgrnd is 0.1
    wfs 8: type 0, at (   9.27,  -28.53) arcsec,  99 km, siglev is 45.5936 bkgrnd is 0.1
    wfs 9: type 0, at (  24.27,  -17.63) arcsec,  99 km, siglev is 45.5936 bkgrnd is 0.1
    wfs 10: type 1, at (   5.00,    8.66) arcsec, inf km, siglev is 42387.6 bkgrnd is 1.056
    wfs 11: type 1, at ( -10.00,    0.00) arcsec, inf km, siglev is 42387.6 bkgrnd is 1.056
    wfs 12: type 1, at (   5.00,   -8.66) arcsec, inf km, siglev is 42387.6 bkgrnd is 1.056
    wfs 13: type 2, at (   0.00,    0.00) arcsec, inf km, siglev is 4.1558e+06 bkgrnd is 0.001
[00;00mThere are 3 DMs[00;00m
  DM 0 at -0.1km, actuator pitch 0.195m, offset   0, with 30.000000 micron stroke.
    Normalized cubic influence function with inter-actuator coupling of 0.223
  DM 1 at    6km, actuator pitch 0.168m, offset   0, with 7.000000 micron stroke.
    Normalized cubic influence function with inter-actuator coupling of 0.223
  DM 2 at   10km, actuator pitch 0.168m, offset   0, with 7.000000 micron stroke.
    Normalized cubic influence function with inter-actuator coupling of 0.223
[00;00mTomography[00;00m is using CG, with [00;00mFourer Domain[00;00m preconditioner, [00;00m12[00;00m iterations, integrated tomo.
[00;00mDM Fitting [00;00mis using CG, with [00;00mNo[00;00m preconditioner, [00;00m10[00;00m iterations
[00;00mThere are 9 fit directions[00;00m
    Fit 0: weight is 0.444, at (   0.00,    0.00) arcsec
    Fit 1: weight is 0.111, at (  15.00,    0.00) arcsec
    Fit 2: weight is 0.111, at (   0.00,   15.00) arcsec
    Fit 3: weight is 0.111, at ( -15.00,    0.00) arcsec
    Fit 4: weight is 0.111, at (   0.00,  -15.00) arcsec
    Fit 5: weight is 0.028, at (  15.00,   15.00) arcsec
    Fit 6: weight is 0.028, at ( -15.00,   15.00) arcsec
    Fit 7: weight is 0.028, at ( -15.00,  -15.00) arcsec
    Fit 8: weight is 0.028, at (  15.00,  -15.00) arcsec
[00;00mThere are 1 evaluation directions[00;00m at sampling 1/128 m.
    Evl 0: weight is 1.000, at (   0.00,    0.00) arcsec
[00;00mSimulation[00;00m start at step 0, end at step 1600, with time step 1/1500s, [00;00mclose loop[00;00m.
After setup_parms:	120.5 MiB.
Warning(sock.c:516): connect locally (/global/homes/b/bpeck/.aos/tmp/nid008213/scheduler) failed: Invalid argument. 
CUDA: minimum memory requirement is 0.4GB
GPU 0 is NVIDIA A100-SXM4-80GB with arch 8.0, 78.6GB free, 79.0GB total device memory.
Using GPU 0
Use 1 GPUs for WFS Tomo Fit Evl

*** Preparation started at 2025/02/12 00:32:14 in nid008213. ***

Using OpenMP version 201511 with 128 threads
Reading aperture amplitude map from KECK.fits
Warning(accphi.c:477): 108260 points not covered by input screen
Warning(sock.c:516): connect locally (/global/homes/b/bpeck/.aos/tmp/nid008213/scheduler) failed: Invalid argument. 
 ->maos.c:447->setup.c:148->aper.c:74->utils.c:478->accphi.c:478
iwvl 0: Science PSF is using grid size of 2880. The PSF will sum to 6.95167232825486
iwvl 1: Science PSF is using grid size of 2880. The PSF will sum to 6.95167232825486
iwvl 2: Science PSF is using grid size of 2880. The PSF will sum to 6.95167232825486
iwvl 3: Science PSF is using grid size of 2880. The PSF will sum to 6.95167232825486
iwvl 4: Science PSF is using grid size of 2880. The PSF will sum to 6.95167232825486
iwvl 5: Science PSF is using grid size of 2880. The PSF will sum to 6.95167232825486
iwvl 6: Science PSF is using grid size of 2880. The PSF will sum to 6.95167232825486
iwvl 7: Science PSF is using grid size of 2880. The PSF will sum to 6.95167232825486
iwvl 8: Science PSF is using grid size of 2880. The PSF will sum to 6.95167232825486
After setup_aper:	344.7 MiB.

[00;00mSetting up powfs 0 geom[00;00m

There are 24 points in each subaperture of 0.195m.
There are 1993 valid subaperture.

[00;00mSetting up powfs 1 geom[00;00m

There are 88 points in each subaperture of 5.5m.
There are 4 valid subaperture.

[00;00mSetting up powfs 2 geom[00;00m

There are 18 points in each subaperture of 0.563m.
There are 236 valid subaperture.
After setup_powfs_init:	414.2 MiB.

[00;00mSetting up reconstructor geometry.[00;00m

PLOC is 117x117, with sampling of 0.10m (square)
    DM 0: grid is 60 x 60
    DM 1: grid is 75 x 75
    DM 2: grid is 81 x 79
FLOC is 117x117, with sampling of 0.10m (not square)
Tomography grid is square:
    layer 0: xloc grid is 216 x 216, sampling is 0.098 m, 46656 points
    layer 1: xloc grid is 216 x 216, sampling is 0.097 m, 46656 points
    layer 2: xloc grid is 216 x 216, sampling is 0.097 m, 46656 points
    layer 3: xloc grid is 216 x 216, sampling is 0.097 m, 46656 points
    layer 4: xloc grid is 216 x 216, sampling is 0.097 m, 46656 points
    layer 5: xloc grid is 216 x 216, sampling is 0.097 m, 46656 points
    layer 6: xloc grid is 216 x 216, sampling is 0.097 m, 46656 points
    layer 7: xloc grid is 216 x 216, sampling is 0.097 m, 46656 points
    layer 8: xloc grid is 216 x 216, sampling is 0.097 m, 46656 points
    layer 9: xloc grid is 216 x 216, sampling is 0.097 m, 46656 points
    layer 10: xloc grid is 216 x 216, sampling is 0.093 m, 46656 points
    layer 11: xloc grid is 216 x 216, sampling is 0.088 m, 46656 points
    layer 12: xloc grid is 216 x 216, sampling is 0.084 m, 46656 points
    layer 13: xloc grid is 216 x 216, sampling is 0.075 m, 46656 points

[00;00mSetting up powfs 0 PO WFS[00;00m

OTF dimension is 48x48 (calculated)
There is no bias
Uplink FWHM (illt 0, iwvl 0) is 0.581676"
Downlink FWHM (illt 0, iwvl 0) is 1.18278"
Generating matched filter for powfs 0
sa index   location       noise equivalent angle
     972: (  4.8,  -0.3) m, (101.14,  98.17) mas
     967: (  3.8,  -0.3) m, (107.97,  99.18) mas
     961: (  2.6,  -0.3) m, (119.39, 100.36) mas
     955: (  1.5,  -0.3) m, (132.08, 101.44) mas
     954: (  1.3,  -0.3) m, (134.36, 101.63) mas
     685: ( -0.5,  -1.5) m, (155.21, 105.57) mas
     952: ( -1.7,  -0.3) m, (168.29, 104.03) mas
     946: ( -2.8,  -0.3) m, (183.04, 104.98) mas
     940: ( -4.0,  -0.3) m, (196.89, 105.89) mas
     935: ( -5.0,  -0.3) m, (209.05, 106.64) mas
     933: ( -5.4,  -0.3) m, (214.70, 106.95) mas
sa index   location       noise equivalent angle
    1599: (  3.4,   2.4) m, (102.75, 100.97) mas
    1513: (  2.8,   2.0) m, (106.80, 103.35) mas
    1368: (  2.0,   1.5) m, (113.79, 107.59) mas
    1176: (  1.1,   0.7) m, (131.16, 120.66) mas
    1173: ( -1.3,   0.7) m, (156.73, 121.04) mas
     775: ( -1.5,  -1.1) m, (151.84, 131.98) mas
     627: ( -2.2,  -1.7) m, (161.40, 138.35) mas
     481: ( -3.0,  -2.2) m, (171.10, 144.75) mas
     395: ( -3.6,  -2.6) m, (178.40, 149.10) mas
      33: ( -3.0,  -4.6) m, (170.60, 172.22) mas
sa index   location       noise equivalent angle
    1978: (  2.0,   4.6) m, ( 98.10, 100.82) mas
    1886: (  1.3,   4.0) m, ( 99.26, 104.28) mas
    1668: (  0.9,   2.8) m, (101.46, 114.15) mas
    1409: (  0.5,   1.7) m, (103.94, 127.16) mas
    1310: (  0.3,   1.3) m, (105.10, 131.62) mas
     997: ( -1.5,  -0.1) m, (118.15, 147.53) mas
     685: ( -0.5,  -1.5) m, (111.44, 164.32) mas
     586: ( -0.7,  -1.9) m, (113.03, 169.48) mas
     326: ( -1.1,  -3.0) m, (116.68, 184.55) mas
     107: ( -1.5,  -4.2) m, (120.64, 199.17) mas
      15: ( -2.2,  -4.8) m, (127.97, 206.10) mas
sa index   location       noise equivalent angle
    1965: ( -2.2,   4.6) m, ( 98.10, 100.82) mas
    1872: ( -1.5,   4.0) m, ( 99.26, 104.28) mas
    1658: ( -1.1,   2.8) m, (101.46, 114.15) mas
    1403: ( -0.7,   1.7) m, (103.94, 127.16) mas
    1306: ( -0.5,   1.3) m, (105.10, 131.62) mas
     998: (  1.3,  -0.1) m, (118.15, 147.53) mas
     689: (  0.3,  -1.5) m, (111.44, 164.32) mas
     592: (  0.5,  -1.9) m, (113.03, 169.48) mas
     336: (  0.9,  -3.0) m, (116.68, 184.55) mas
     121: (  1.3,  -4.2) m, (120.64, 199.17) mas
      28: (  2.0,  -4.8) m, (127.97, 206.10) mas
sa index   location       noise equivalent angle
    1563: ( -3.6,   2.4) m, (102.75, 100.97) mas
    1483: ( -3.0,   2.0) m, (106.80, 103.35) mas
    1346: ( -2.2,   1.5) m, (113.79, 107.59) mas
    1173: ( -1.3,   0.7) m, (129.73, 119.26) mas
    1176: (  1.1,   0.7) m, (158.38, 122.61) mas
     782: (  1.3,  -1.1) m, (151.84, 131.98) mas
     649: (  2.0,  -1.7) m, (161.40, 138.35) mas
     511: (  2.8,  -2.2) m, (171.10, 144.75) mas
     431: (  3.4,  -2.6) m, (178.40, 149.10) mas
      63: (  2.8,  -4.6) m, (170.89, 172.51) mas
sa index   location       noise equivalent angle
     977: ( -5.4,  -0.1) m, (100.08,  97.95) mas
     980: ( -4.8,  -0.1) m, (102.54,  98.34) mas
     985: ( -3.8,  -0.1) m, (109.59,  99.29) mas
     991: ( -2.6,  -0.1) m, (121.14, 100.42) mas
     997: ( -1.5,  -0.1) m, (134.33, 101.50) mas
    1310: (  0.3,   1.3) m, (155.21, 105.57) mas
     998: (  1.3,  -0.1) m, (166.06, 103.70) mas
    1000: (  1.7,  -0.1) m, (170.84, 104.00) mas
    1006: (  2.8,  -0.1) m, (185.34, 104.91) mas
    1012: (  4.0,  -0.1) m, (198.90, 105.78) mas
    1017: (  5.0,  -0.1) m, (211.90, 106.53) mas
sa index   location       noise equivalent angle
     395: ( -3.6,  -2.6) m, (102.75, 100.97) mas
     481: ( -3.0,  -2.2) m, (106.80, 103.35) mas
     627: ( -2.2,  -1.7) m, (113.79, 107.59) mas
     819: ( -1.3,  -0.9) m, (132.18, 121.53) mas
     822: (  1.1,  -0.9) m, (161.44, 125.69) mas
    1220: (  1.3,   0.9) m, (151.84, 131.98) mas
    1368: (  2.0,   1.5) m, (161.40, 138.35) mas
    1513: (  2.8,   2.0) m, (171.10, 144.75) mas
    1599: (  3.4,   2.4) m, (178.40, 149.10) mas
    1960: (  2.8,   4.4) m, (171.49, 173.15) mas
sa index   location       noise equivalent angle
      15: ( -2.2,  -4.8) m, ( 98.10, 100.82) mas
     107: ( -1.5,  -4.2) m, ( 99.26, 104.28) mas
     326: ( -1.1,  -3.0) m, (101.46, 114.15) mas
     586: ( -0.7,  -1.9) m, (103.94, 127.16) mas
     685: ( -0.5,  -1.5) m, (105.10, 131.62) mas
     998: (  1.3,  -0.1) m, (118.15, 147.53) mas
    1310: (  0.3,   1.3) m, (111.44, 164.32) mas
    1409: (  0.5,   1.7) m, (113.03, 169.48) mas
    1668: (  0.9,   2.8) m, (116.68, 184.55) mas
    1886: (  1.3,   4.0) m, (120.64, 199.17) mas
    1978: (  2.0,   4.6) m, (127.97, 206.10) mas
sa index   location       noise equivalent angle
      28: (  2.0,  -4.8) m, ( 98.10, 100.82) mas
     121: (  1.3,  -4.2) m, ( 99.26, 104.28) mas
     336: (  0.9,  -3.0) m, (101.46, 114.15) mas
     592: (  0.5,  -1.9) m, (103.94, 127.16) mas
     689: (  0.3,  -1.5) m, (105.10, 131.62) mas
     997: ( -1.5,  -0.1) m, (118.15, 147.53) mas
    1306: ( -0.5,   1.3) m, (111.44, 164.32) mas
    1403: ( -0.7,   1.7) m, (113.03, 169.48) mas
    1658: ( -1.1,   2.8) m, (116.68, 184.55) mas
    1872: ( -1.5,   4.0) m, (120.64, 199.17) mas
    1965: ( -2.2,   4.6) m, (127.97, 206.10) mas
sa index   location       noise equivalent angle
     431: (  3.4,  -2.6) m, (102.75, 100.97) mas
     511: (  2.8,  -2.2) m, (106.80, 103.35) mas
     649: (  2.0,  -1.7) m, (113.79, 107.59) mas
     822: (  1.1,  -0.9) m, (133.84, 123.32) mas
     819: ( -1.3,  -0.9) m, (159.56, 123.65) mas
    1213: ( -1.5,   0.9) m, (151.84, 131.98) mas
    1346: ( -2.2,   1.5) m, (161.40, 138.35) mas
    1483: ( -3.0,   2.0) m, (171.10, 144.75) mas
    1563: ( -3.6,   2.4) m, (178.40, 149.10) mas
    1930: ( -3.0,   4.4) m, (170.91, 172.56) mas

[00;00mSetting up powfs 2 PO WFS[00;00m

OTF dimension is 48x48 (calculated)
Generating matched filter for powfs 2
Use sanea to derive neasim
Use sanea to derive neasim

[00;00mSetting up reconstructor[00;00m

Recon NEA: cmf(136.76) cmf(137.04) cmf(136.73) cmf(136.70) cmf(136.95) cmf(136.66) cmf(136.87) cmf(136.58) cmf(136.61) cmf(136.96) geom(0.31) geom(0.31) geom(0.31) mf(0.14)  mas
Setup or update control matrix parameters.
RRtwfs svd threshold is 1e-10
Replacing HA by HA*fit->actextrap
Adding piston cr to fit matrix
Adding TT cr on upper DMs to fit matrix.
Before assembling fit matrix:	4135.1 MiB.
Building fit->FR
Building fit->FL
Adding tikhonov constraint of 1.0e-07 to FLM
The maximum eigen value is estimated to be around 3.1e-04
DM Fit number of Low rank terms: 16 in LHS
After assemble fit matrix:	5286.2 MiB.
After setup_recon:	5286.2 MiB.
GPU 0: mem used 1830 MB (wfs init)
GPU 0: mem used 2576 MB (recon init)
GPU 0: mem used 2606 MB (perf init)

*** Simulation started at 2025/02/12 00:34:41 in nid008213. ***

Running seed 1
GPU 0: mem used 2606 MB (wfs seeding)
Wind dir: 267.3 261.7 167.0 130.5 300.7  32.3 119.8 139.0 150.8 277.7 203.0 133.1  45.9 265.1 deg
Using /global/homes/b/bpeck/.aos/cache/atm/vonkarman_14_8192x8192_0.0078125_1115374592d.bin
After genatm:	5261.4 MiB.
Step     #  Open Loop  PR TT  On axis  PR TT  Field RMS PR TT     Timing 
Step     0: OL  884.6  248.3  OA  884.6 248.3 CL  884.6 248.3 nm  0.431 s
Step    19: OL  914.6  255.4  OA  104.9  26.8 CL  104.9  26.8 nm  0.049 s
Step    36: OL  941.4  259.9  OA   97.0   6.9 CL   97.0   6.9 nm  0.058 s
Step    53: OL  966.7  261.1  OA   96.0   5.2 CL   96.0   5.2 nm  0.060 s
Step    67: OL  987.6  260.0  OA   96.4   6.9 CL   96.4   6.9 nm  0.068 s
Step    84: OL 1013.4  258.2  OA   93.0   4.7 CL   93.0   4.7 nm  0.058 s
Step   101: OL 1039.2  257.3  OA   98.2  10.9 CL   98.2  10.9 nm  0.058 s
Step   118: OL 1065.0  258.1  OA   96.8   1.0 CL   96.8   1.0 nm  0.058 s
Step   135: OL 1089.1  261.5  OA   97.4  14.9 CL   97.4  14.9 nm  0.059 s
Step   152: OL 1110.9  268.0  OA   99.2  13.9 CL   99.2  13.9 nm  0.058 s
Step   168: OL 1128.1  276.5  OA   99.5  10.5 CL   99.5  10.5 nm  0.058 s
Step   185: OL 1142.4  287.0  OA  100.8  23.3 CL  100.8  23.3 nm  0.058 s
Step   202: OL 1152.1  298.0  OA   96.0  10.8 CL   96.0  10.8 nm  0.059 s
Step   219: OL 1158.4  308.9  OA   96.4  19.8 CL   96.4  19.8 nm  0.063 s
Step   236: OL 1160.6  320.0  OA   93.1  14.6 CL   93.1  14.6 nm  0.058 s
Step   253: OL 1157.9  331.9  OA   91.7   8.9 CL   91.7   8.9 nm  0.058 s
Step   255 updated high order loop gain: 0.373
Step   268: OL 1150.1  342.7  OA   92.3   7.4 CL   92.3   7.4 nm  0.066 s
Step   285: OL 1135.9  355.3  OA   94.7   3.8 CL   94.7   3.8 nm  0.058 s
Step   302: OL 1118.8  369.9  OA   94.5   9.4 CL   94.5   9.4 nm  0.058 s
Step   319: OL 1099.1  385.7  OA   93.9   5.4 CL   93.9   5.4 nm  0.058 s
Step   335: OL 1078.9  402.6  OA   95.1  10.4 CL   95.1  10.4 nm  0.067 s
Step   351: OL 1058.6  422.3  OA   93.9   5.6 CL   93.9   5.6 nm  0.058 s
Step   368: OL 1038.2  445.7  OA   97.5  16.9 CL   97.5  16.9 nm  0.059 s
Step   385: OL 1019.3  470.2  OA   97.0  18.6 CL   97.0  18.6 nm  0.059 s
Step   402: OL 1001.0  494.7  OA   94.8  14.0 CL   94.8  14.0 nm  0.059 s
Step   419: OL  982.2  518.3  OA   94.1   5.8 CL   94.1   5.8 nm  0.066 s
Step   436: OL  963.4  540.9  OA   96.7  18.5 CL   96.7  18.5 nm  0.058 s
Step   453: OL  946.4  563.0  OA   96.7   3.6 CL   96.7   3.6 nm  0.059 s
Step   470: OL  934.4  585.2  OA   97.7  24.5 CL   97.7  24.5 nm  0.057 s
Step   487: OL  928.9  606.7  OA   98.1  15.2 CL   98.1  15.2 nm  0.059 s
Step   500: OL  929.0  622.2  OA   98.3  14.8 CL   98.3  14.8 nm  0.064 s
Step   511 updated high order loop gain: 0.352
Step   517: OL  932.2  640.2  OA   97.6   3.0 CL   97.6   3.0 nm  0.058 s
Step   533: OL  938.0  653.6  OA   95.8   9.6 CL   95.8   9.6 nm  0.059 s
Step   550: OL  947.7  663.2  OA   96.3  10.6 CL   96.3  10.6 nm  0.066 s
Step   567: OL  961.2  668.6  OA   93.6   2.4 CL   93.6   2.4 nm  0.058 s
Step   584: OL  977.3  670.7  OA   94.7  16.4 CL   94.7  16.4 nm  0.059 s
Step   601: OL  996.0  668.7  OA   94.0   7.9 CL   94.0   7.9 nm  0.065 s
Step   618: OL 1015.7  661.9  OA   95.5  10.9 CL   95.5  10.9 nm  0.058 s
Step   635: OL 1035.2  651.1  OA   92.6   5.3 CL   92.6   5.3 nm  0.058 s
Step   652: OL 1053.0  636.8  OA   94.9   5.6 CL   94.9   5.6 nm  0.067 s
Step   669: OL 1068.6  620.0  OA   95.4   5.2 CL   95.4   5.2 nm  0.057 s
Step   686: OL 1083.0  602.3  OA   97.8   9.9 CL   97.8   9.9 nm  0.060 s
Step   703: OL 1095.1  583.4  OA   97.8  12.7 CL   97.8  12.7 nm  0.059 s
Step   720: OL 1102.9  562.7  OA   94.5   0.6 CL   94.5   0.6 nm  0.058 s
Step   737: OL 1105.8  541.7  OA   95.2   4.1 CL   95.2   4.1 nm  0.065 s
Step   754: OL 1103.5  520.9  OA   97.7   7.9 CL   97.7   7.9 nm  0.059 s
Step   767 updated high order loop gain: 0.345
Step   771: OL 1096.4  501.2  OA   96.5   6.9 CL   96.5   6.9 nm  0.065 s
Step   788: OL 1083.8  482.0  OA   95.3   9.2 CL   95.3   9.2 nm  0.058 s
Step   805: OL 1066.2  463.1  OA   97.0  10.4 CL   97.0  10.4 nm  0.058 s
Step   821: OL 1046.3  445.2  OA   99.1   6.7 CL   99.1   6.7 nm  0.063 s
Step   838: OL 1021.3  426.8  OA   98.4   9.4 CL   98.4   9.4 nm  0.064 s
Step   855: OL  994.4  409.8  OA   97.7   9.4 CL   97.7   9.4 nm  0.059 s
Step   872: OL  967.8  394.8  OA   97.9  12.0 CL   97.9  12.0 nm  0.059 s
Step   885: OL  948.6  384.9  OA   96.7   4.0 CL   96.7   4.0 nm  0.065 s
Step   902: OL  922.7  373.8  OA   95.8  16.1 CL   95.8  16.1 nm  0.059 s
Step   919: OL  895.4  365.0  OA   96.5   8.7 CL   96.5   8.7 nm  0.062 s
Step   936: OL  868.6  356.9  OA   95.8  16.6 CL   95.8  16.6 nm  0.061 s
Step   953: OL  843.2  348.6  OA   96.4  15.0 CL   96.4  15.0 nm  0.066 s
Step   970: OL  821.0  339.4  OA   99.5  20.2 CL   99.5  20.2 nm  0.058 s
Step   986: OL  803.6  329.5  OA   98.8   9.3 CL   98.8   9.3 nm  0.058 s
Step  1003: OL  787.5  317.4  OA  101.2   1.0 CL  101.2   1.0 nm  0.058 s
Step  1020: OL  773.7  304.5  OA  100.8  18.6 CL  100.8  18.6 nm  0.058 s
Step  1023 updated high order loop gain: 0.339
Step  1037: OL  762.7  290.9  OA   99.5  14.2 CL   99.5  14.2 nm  0.066 s
Step  1054: OL  753.2  275.9  OA   96.4   6.9 CL   96.4   6.9 nm  0.058 s
Step  1071: OL  744.7  258.6  OA   96.6  12.8 CL   96.6  12.8 nm  0.059 s
Step  1088: OL  739.7  239.0  OA   99.1  19.6 CL   99.1  19.6 nm  0.059 s
Step  1105: OL  737.8  220.2  OA   97.1  15.9 CL   97.1  15.9 nm  0.059 s
Step  1118: OL  737.6  207.3  OA   97.0  23.8 CL   97.0  23.8 nm  0.066 s
Step  1135: OL  738.4  193.2  OA   94.2  12.7 CL   94.2  12.7 nm  0.058 s
Step  1151: OL  739.4  182.8  OA   97.0  19.2 CL   97.0  19.2 nm  0.061 s
Step  1168: OL  740.2  175.1  OA   96.3  15.4 CL   96.3  15.4 nm  0.059 s
Step  1185: OL  742.1  170.4  OA   97.4  13.0 CL   97.4  13.0 nm  0.058 s
Step  1202: OL  745.7  166.8  OA   96.3  14.5 CL   96.3  14.5 nm  0.066 s
Step  1219: OL  749.1  164.2  OA   95.1  11.0 CL   95.1  11.0 nm  0.058 s
Step  1236: OL  751.8  164.0  OA   92.6   2.3 CL   92.6   2.3 nm  0.058 s
Step  1253: OL  753.6  167.2  OA   97.9  26.6 CL   97.9  26.6 nm  0.062 s
Step  1270: OL  756.3  174.0  OA   97.6  26.6 CL   97.6  26.6 nm  0.058 s
Step  1279 updated high order loop gain: 0.334
Step  1287: OL  760.3  183.4  OA  100.0  33.9 CL  100.0  33.9 nm  0.059 s
Step  1304: OL  765.3  194.7  OA   96.8  16.2 CL   96.8  16.2 nm  0.058 s
Step  1320: OL  769.7  207.0  OA   99.4  16.1 CL   99.4  16.1 nm  0.059 s
Step  1337: OL  775.5  221.7  OA  100.8  31.9 CL  100.8  31.9 nm  0.059 s
Step  1354: OL  784.0  237.1  OA   95.1  14.7 CL   95.1  14.7 nm  0.060 s
Step  1371: OL  795.4  250.6  OA   97.6  20.7 CL   97.6  20.7 nm  0.059 s
Step  1388: OL  808.6  260.9  OA  102.5  28.7 CL  102.5  28.7 nm  0.064 s
Step  1405: OL  824.0  268.2  OA   97.8  19.5 CL   97.8  19.5 nm  0.059 s
Step  1422: OL  841.5  273.1  OA   97.7  11.9 CL   97.7  11.9 nm  0.058 s
Step  1439: OL  859.1  276.7  OA  105.8  25.4 CL  105.8  25.4 nm  0.058 s
Step  1456: OL  875.2  279.1  OA   94.7   9.5 CL   94.7   9.5 nm  0.064 s
Step  1472: OL  887.9  279.2  OA   94.2   6.8 CL   94.2   6.8 nm  0.058 s
Step  1489: OL  896.0  276.3  OA   96.3   6.3 CL   96.3   6.3 nm  0.058 s
Step  1506: OL  898.0  270.4  OA   93.0   2.8 CL   93.0   2.8 nm  0.057 s
Step  1523: OL  895.7  262.5  OA   96.1  12.3 CL   96.1  12.3 nm  0.058 s
Step  1535 updated high order loop gain: 0.334
Step  1539: OL  890.0  253.1  OA   95.3   5.4 CL   95.3   5.4 nm  0.066 s
Step  1556: OL  881.7  241.9  OA   96.1   8.3 CL   96.1   8.3 nm  0.059 s
Step  1573: OL  872.5  231.3  OA   98.3   9.5 CL   98.3   9.5 nm  0.057 s
Step  1590: OL  861.7  223.0  OA   97.9  12.5 CL   97.9  12.5 nm  0.058 s
Step 1599: Output PSF
Step  1599: OL  855.6  219.2  OA   99.9  13.9 CL   99.9  13.9 nm  2.752 s
Mean: 97.09 15.59 95.83  nm.

*** Simulation Finished at 2025/02/12 00:36:29 in nid008213. ***

