Warning(sock.c:516): connect locally (/global/homes/b/bpeck/.aos/tmp/nid008236/scheduler) failed: No such file or directory. 
Warning(daemonize.c:230): Error redirect stdout
Warning(daemonize.c:231): Error redirect stderr
Warning(sock.c:516): connect locally (/global/homes/b/bpeck/.aos/tmp/nid008236/scheduler) failed: Invalid argument. 
/global/u2/b/bpeck/work/vismcao/maos -o studies/reduced_ngs/7_lgs/8mag_lgs/1000count -c master_files/reduced_ngs/7_lgs/8mag_lgs/kola_1000act.conf -O 
Output folder is 'studies/reduced_ngs/7_lgs/8mag_lgs/1000count'.
SRC: /global/homes/b/bpeck/code/maos v2.9 4c88b7c2 2024-11-13 16:45:33 -0800
BUILT: /global/homes/b/bpeck/code/maos/optim by GCC (v12) on 2024/11/18 09:40:03 CPU(F64,+O3) with CUDA(v122,F32)
Launched at 2025/02/11 23:52:22 in nid008236 with PID 31564.
The web based job monitor can be accessed at http://localhost:10300
Main config file is /global/u2/b/bpeck/work/vismcao/master_files/reduced_ngs/7_lgs/8mag_lgs/kola_1000act.conf
Warning(path.c:48): Path not found: path=/global/u2/b/bpeck/work/vismcao/master_files/reduced_ngs/7_lgs/8mag_lgs/bin; abspath=/global/u2/b/bpeck/work/vismcao/master_files/reduced_ngs/7_lgs/8mag_lgs/bin; Ignored.
Warning(path.c:48): Path not found: path=/global/u2/b/bpeck/work/vismcao/master_files/reduced_ngs/7_lgs/8mag_lgs/atm; abspath=/global/u2/b/bpeck/work/vismcao/master_files/reduced_ngs/7_lgs/8mag_lgs/atm; Ignored.
Warning(readcfg.c:399): sim.apfsm has been renamed to powfs.apfsm.
Warning(readcfg.c:399): sim.epfsm has been renamed to powfs.epfsm.
Warning(readcfg.c:399): sim.alfsm has been renamed to powfs.alfsm.
Warning(readcfg.c:399): sim.commonfsm has been renamed to powfs.commonfsm.
Warning(readcfg.c:399): sim.idealfsm has been renamed to powfs.idealfsm.
Warning(readcfg.c:399): sim.zetafsm has been renamed to powfs.zetafsm.
Warning(readcfg.c:399): sim.f0fsm has been renamed to powfs.f0fsm.
Warning(readcfg.c:399): tsurf has been renamed to ncpa.tsurf.
loaded 132 (132 new) records from '/global/u2/b/bpeck/work/vismcao/./keck_sim.conf'
loaded  19 ( 19 new) records from '/global/u2/b/bpeck/work/vismcao/./dm_none.conf'
loaded  19 (  0 new) records from '/global/u2/b/bpeck/work/vismcao/./keck_ASM.conf'
loaded  19 (  0 new) records from '/global/u2/b/bpeck/work/vismcao/./keck_DM2.conf'
loaded  19 (  0 new) records from '/global/u2/b/bpeck/work/vismcao/./keck_DM3.conf'
loaded   0 (  0 new) records from '/global/u2/b/bpeck/work/vismcao/./keck_dm_multiple.conf'
loaded   7 (  5 new) records from '/global/u2/b/bpeck/work/vismcao/./atm_mk13n50p_ground_detail.conf'
loaded  76 ( 69 new) records from '/global/homes/b/bpeck/code/maos/config/maos/powfs_common.conf'
loaded  44 ( 38 new) records from '/global/u2/b/bpeck/work/vismcao/./powfs_none.conf'
loaded  44 (  0 new) records from '/global/u2/b/bpeck/work/vismcao/./keck_shwfs_lgs.conf'
loaded  44 (  0 new) records from '/global/u2/b/bpeck/work/vismcao/./keck_shwfs_ttf_strap.conf'
loaded  44 (  0 new) records from '/global/u2/b/bpeck/work/vismcao/./keck_shwfs_twfs_lbwfs.conf'
loaded   0 (  0 new) records from '/global/u2/b/bpeck/work/vismcao/./keck_wfs_lgs_strap_lbwfs.conf'
loaded  71 ( 71 new) records from '/global/u2/b/bpeck/work/vismcao/./keck_recon.conf'
Warning(readcfg.c:399): dbg.na_smooth has been renamed to powfs0_llt.na_smooth.
Warning(readcfg.c:399): dbg.na_interp has been renamed to powfs0_llt.na_interp.
Warning(readcfg.c:399): dbg.na_thres has been renamed to powfs0_llt.na_thres.
Warning(readcfg.c:399): dbg.na_fit_maxit has been renamed to powfs0_llt.na_fit_maxit.
Warning(readcfg.c:399): dbg.na_fit_svdthres has been renamed to powfs0_llt.na_fit_svdthres.
Warning(readcfg.c:399): dbg.na_fit_dh has been renamed to powfs0_llt.na_fit_dh.
Warning(readcfg.c:399): dbg.ncpa_preload has been renamed to ncpa.preload.
Warning(readcfg.c:399): dbg.ncpa_rmsci has been renamed to ncpa.rmsci.
Warning(readcfg.c:399): dbg.draw_opdmax has been renamed to plot.opdmax.
Warning(readcfg.c:399): dbg.draw_gmax has been renamed to plot.gmax.
loaded  95 ( 93 new) records from '/global/u2/b/bpeck/work/vismcao/./keck_dbg.conf'
loaded   4 (  4 new) records from '/global/u2/b/bpeck/work/vismcao/./keck_fit_mcao.conf'
Warning(readcfg.c:399): surf has been renamed to ncpa.surf.
loaded  39 (  7 new) records from '/global/u2/b/bpeck/work/vismcao/master_files/reduced_ngs/7_lgs/8mag_lgs/kola_1000act.conf'
loaded   0 (  0 new) records from 'command line'
loaded  24 ( 18 new) records from '/global/u2/b/bpeck/work/vismcao/./keck_llt_CL.conf'
Adjust LGS range by telescope altitude 4145m.
Zenith angle is 30 degree.
    Scaling turbulence height and LGS hs by sec(za).
    Scaling r0 by cos(za)^(3/5).
    Scaling wind speed and LGS signal level by cos(za).
powfs0: Adjusting dx from 0.0078125 to 0.0077. 
powfs0.llt.fsm: f0=0 Hz, LPF ep=0
powfs0.epfsm is set to 0.517618 (auto)
powfs2: Adjusting dx from 0.03125 to 0.0312778. 
powfs2 is TWFS for powfs0
sim.ephi is set to 0.427717 (auto)
sim.eplo is set to 0.427717 (auto)
Warning(parms.c:2296): Layer 1 at 17.3205m is very close to layer 0 at 0m (OK).
Warning(parms.c:2296): Layer 2 at 34.641m is very close to layer 1 at 17.3205m (OK).
Warning(parms.c:2296): Layer 3 at 51.9615m is very close to layer 2 at 34.641m (OK).
dm 0: stroke=30 um is provided in micron.
dm 0: assume ia stroke=2 um is provided in micron.
dm 1: stroke=7 um is provided in micron.
dm 1: assume ia stroke=2 um is provided in micron.
dm 2: stroke=7 um is provided in micron.
dm 2: assume ia stroke=2 um is provided in micron.
Focus blending is not implemented yet for integrated tomography
parms->sim.mffocus is reset to 0
There are 1 valid simulation seeds:  1
Output PSF for 1 directions
Used 449 of 456 supplied keys
Warning(readcfg.c:158): key "dbg.pwfs_flate" is not recognized, value is 0
Warning(readcfg.c:158): key "dbg.pwfs_flatv" is not recognized, value is 0
Warning(readcfg.c:158): key "dbg.pwfs_psx" is not recognized, value is [0 0 0 0]
Warning(readcfg.c:158): key "dbg.pwfs_psy" is not recognized, value is [0 0 0 0]
Warning(readcfg.c:158): key "dbg.pwfs_pupelong" is not recognized, value is 0
Warning(readcfg.c:158): key "dbg.pwfs_raw" is not recognized, value is 0
Warning(readcfg.c:158): key "dbg.pwfs_side" is not recognized, value is 4
[00;00mAperture[00;00m is 11 m with sampling 1/128 m
[00;00mTurbulence at 30 degree zenith angle:[00;00m r0=0.128424m, L0=30m, 14 layers.
    Greenwood freq is 25.1Hz, anisoplanatic angle is 1.58 as
    Sampled 8192x8192 at 1/128m. wind dir is randomized.
    layer 0: ht=      0 m, wt= 0.302, ws=  4.8 m/s
    layer 1: ht=     17 m, wt= 0.154, ws=  5.0 m/s
    layer 2: ht=     35 m, wt= 0.041, ws=  5.4 m/s
    layer 3: ht=     52 m, wt= 0.002, ws=  6.6 m/s
    layer 4: ht=    139 m, wt= 0.021, ws=  6.1 m/s
    layer 5: ht=    231 m, wt= 0.010, ws=  6.1 m/s
    layer 6: ht=    323 m, wt= 0.008, ws=  6.1 m/s
    layer 7: ht=    416 m, wt= 0.005, ws=  6.1 m/s
    layer 8: ht=    508 m, wt= 0.001, ws=  6.1 m/s
    layer 9: ht=    932 m, wt= 0.107, ws=  5.6 m/s
    layer 10: ht=   5022 m, wt= 0.144, ws= 11.1 m/s
    layer 11: ht=   9238 m, wt= 0.093, ws= 19.1 m/s
    layer 12: ht=  13856 m, wt= 0.075, ws=  8.2 m/s
    layer 13: ht=  22518 m, wt= 0.036, ws=  4.8 m/s
[00;00mReconstruction[00;00m: r0=0.128424m L0=30m. 14 layers. use cone coordinate.
    layer 0: ht=      0 m, wt= 0.302
    layer 1: ht=     17 m, wt= 0.154
    layer 2: ht=     35 m, wt= 0.041
    layer 3: ht=     52 m, wt= 0.002
    layer 4: ht=    139 m, wt= 0.021
    layer 5: ht=    231 m, wt= 0.010
    layer 6: ht=    323 m, wt= 0.008
    layer 7: ht=    416 m, wt= 0.005
    layer 8: ht=    508 m, wt= 0.001
    layer 9: ht=    932 m, wt= 0.107
    layer 10: ht=   5022 m, wt= 0.144
    layer 11: ht=   9238 m, wt= 0.093
    layer 12: ht=  13856 m, wt= 0.075
    layer 13: ht=  22518 m, wt= 0.036
[00;00mThere are 3 powfs[00;00m
  powfs0: Order 36, LGS at 99.1 km. Sampling 1/129.87 m. Thres 30%. [00;00mT/T is removed in right hand side in tomography.[00;00m
    CCD image is 25x25 @ 500x500 mas, blur 27% (sigma), 1500Hz, wvl: [ 5.89e-07]
    Gtilt in reconstruction. Physical optics start at 0 with [00;00m'matched filter'[00;00m [00;00m(noisy)[00;00m
  powfs1: Order  2, NGS at inf km. Sampling 1/16 m. Thres 30%. 
    Ztilt in reconstruction. Geomtric optics start at 2 with ztilt [00;00m(noisy)[00;00m
  powfs2: Order 20, NGS at inf km. Sampling 1/31.9716 m. Thres 50%. 
    CCD image is 4x4 @ 1500x1500 mas, blur 0% (sigma), 0.015Hz, wvl: [ 7.2e-07]
    Gtilt in reconstruction. Geomtric optics start at 50 with gtilt Physical optics start at 0 with [00;00m'matched filter'[00;00m [00;00m(noisy)[00;00m
[00;00mThere are 11 wfs[00;00m
    wfs 0: type 0, at (  30.00,    0.00) arcsec,  99 km, siglev is 113.746 bkgrnd is 0.1
    wfs 1: type 0, at (  18.70,   23.45) arcsec,  99 km, siglev is 113.746 bkgrnd is 0.1
    wfs 2: type 0, at (  -6.68,   29.25) arcsec,  99 km, siglev is 113.746 bkgrnd is 0.1
    wfs 3: type 0, at ( -27.03,   13.02) arcsec,  99 km, siglev is 113.746 bkgrnd is 0.1
    wfs 4: type 0, at ( -27.03,  -13.02) arcsec,  99 km, siglev is 113.746 bkgrnd is 0.1
    wfs 5: type 0, at (  -6.68,  -29.25) arcsec,  99 km, siglev is 113.746 bkgrnd is 0.1
    wfs 6: type 0, at (  18.70,  -23.45) arcsec,  99 km, siglev is 113.746 bkgrnd is 0.1
    wfs 7: type 1, at (   5.00,    8.66) arcsec, inf km, siglev is 42387.6 bkgrnd is 1.056
    wfs 8: type 1, at ( -10.00,    0.00) arcsec, inf km, siglev is 42387.6 bkgrnd is 1.056
    wfs 9: type 1, at (   5.00,   -8.66) arcsec, inf km, siglev is 42387.6 bkgrnd is 1.056
    wfs 10: type 2, at (   0.00,    0.00) arcsec, inf km, siglev is 4.1558e+06 bkgrnd is 0.001
[00;00mThere are 3 DMs[00;00m
  DM 0 at -0.1km, actuator pitch 0.308m, offset   0, with 30.000000 micron stroke.
    Normalized cubic influence function with inter-actuator coupling of 0.223
  DM 1 at    6km, actuator pitch 0.168m, offset   0, with 7.000000 micron stroke.
    Normalized cubic influence function with inter-actuator coupling of 0.223
  DM 2 at   10km, actuator pitch 0.168m, offset   0, with 7.000000 micron stroke.
    Normalized cubic influence function with inter-actuator coupling of 0.223
[00;00mTomography[00;00m is using CG, with [00;00mFourer Domain[00;00m preconditioner, [00;00m12[00;00m iterations, integrated tomo.
[00;00mDM Fitting [00;00mis using CG, with [00;00mNo[00;00m preconditioner, [00;00m10[00;00m iterations
[00;00mThere are 9 fit directions[00;00m
    Fit 0: weight is 0.444, at (   0.00,    0.00) arcsec
    Fit 1: weight is 0.111, at (  15.00,    0.00) arcsec
    Fit 2: weight is 0.111, at (   0.00,   15.00) arcsec
    Fit 3: weight is 0.111, at ( -15.00,    0.00) arcsec
    Fit 4: weight is 0.111, at (   0.00,  -15.00) arcsec
    Fit 5: weight is 0.028, at (  15.00,   15.00) arcsec
    Fit 6: weight is 0.028, at ( -15.00,   15.00) arcsec
    Fit 7: weight is 0.028, at ( -15.00,  -15.00) arcsec
    Fit 8: weight is 0.028, at (  15.00,  -15.00) arcsec
[00;00mThere are 1 evaluation directions[00;00m at sampling 1/128 m.
    Evl 0: weight is 1.000, at (   0.00,    0.00) arcsec
[00;00mSimulation[00;00m start at step 0, end at step 1600, with time step 1/1500s, [00;00mclose loop[00;00m.
After setup_parms:	120.6 MiB.
Warning(sock.c:516): connect locally (/global/homes/b/bpeck/.aos/tmp/nid008236/scheduler) failed: Invalid argument. 
CUDA: minimum memory requirement is 0.3GB
GPU 0 is NVIDIA A100-SXM4-80GB with arch 8.0, 78.6GB free, 79.0GB total device memory.
Using GPU 0
Use 1 GPUs for WFS Tomo Fit Evl

*** Preparation started at 2025/02/11 23:52:23 in nid008236. ***

Using OpenMP version 201511 with 128 threads
Reading aperture amplitude map from KECK.fits
Warning(accphi.c:477): 108651 points not covered by input screen
Warning(sock.c:516): connect locally (/global/homes/b/bpeck/.aos/tmp/nid008236/scheduler) failed: Invalid argument. 
 ->maos.c:447->setup.c:148->aper.c:74->utils.c:478->accphi.c:478
iwvl 0: Science PSF is using grid size of 2880. The PSF will sum to 6.95167232825486
iwvl 1: Science PSF is using grid size of 2880. The PSF will sum to 6.95167232825486
iwvl 2: Science PSF is using grid size of 2880. The PSF will sum to 6.95167232825486
iwvl 3: Science PSF is using grid size of 2880. The PSF will sum to 6.95167232825486
iwvl 4: Science PSF is using grid size of 2880. The PSF will sum to 6.95167232825486
iwvl 5: Science PSF is using grid size of 2880. The PSF will sum to 6.95167232825486
iwvl 6: Science PSF is using grid size of 2880. The PSF will sum to 6.95167232825486
iwvl 7: Science PSF is using grid size of 2880. The PSF will sum to 6.95167232825486
iwvl 8: Science PSF is using grid size of 2880. The PSF will sum to 6.95167232825486
After setup_aper:	344.8 MiB.

[00;00mSetting up powfs 0 geom[00;00m

There are 40 points in each subaperture of 0.308m.
There are 787 valid subaperture.

[00;00mSetting up powfs 1 geom[00;00m

There are 88 points in each subaperture of 5.5m.
There are 4 valid subaperture.

[00;00mSetting up powfs 2 geom[00;00m

There are 18 points in each subaperture of 0.563m.
There are 236 valid subaperture.
After setup_powfs_init:	415.5 MiB.

[00;00mSetting up reconstructor geometry.[00;00m

PLOC is 75x75, with sampling of 0.15m (square)
    DM 0: grid is 39 x 39
    DM 1: grid is 75 x 75
    DM 2: grid is 80 x 79
FLOC is 75x75, with sampling of 0.15m (not square)
Tomography grid is square:
    layer 0: xloc grid is 140 x 140, sampling is 0.154 m, 19600 points
    layer 1: xloc grid is 140 x 140, sampling is 0.154 m, 19600 points
    layer 2: xloc grid is 140 x 140, sampling is 0.154 m, 19600 points
    layer 3: xloc grid is 140 x 140, sampling is 0.154 m, 19600 points
    layer 4: xloc grid is 140 x 140, sampling is 0.154 m, 19600 points
    layer 5: xloc grid is 140 x 140, sampling is 0.154 m, 19600 points
    layer 6: xloc grid is 140 x 140, sampling is 0.153 m, 19600 points
    layer 7: xloc grid is 140 x 140, sampling is 0.153 m, 19600 points
    layer 8: xloc grid is 140 x 140, sampling is 0.153 m, 19600 points
    layer 9: xloc grid is 140 x 140, sampling is 0.153 m, 19600 points
    layer 10: xloc grid is 140 x 140, sampling is 0.146 m, 19600 points
    layer 11: xloc grid is 140 x 140, sampling is 0.140 m, 19600 points
    layer 12: xloc grid is 140 x 140, sampling is 0.132 m, 19600 points
    layer 13: xloc grid is 140 x 140, sampling is 0.119 m, 19600 points

[00;00mSetting up powfs 0 PO WFS[00;00m

OTF dimension is 80x80 (calculated)
There is no bias
Uplink FWHM (illt 0, iwvl 0) is 0.580135"
Downlink FWHM (illt 0, iwvl 0) is 1.07529"
Generating matched filter for powfs 0
sa index   location       noise equivalent angle
     392: (  4.9,  -0.3) m, ( 57.13,  55.63) mas
     388: (  3.7,  -0.3) m, ( 61.17,  56.13) mas
     385: (  2.8,  -0.3) m, ( 65.41,  56.54) mas
     381: (  1.5,  -0.3) m, ( 72.76,  57.07) mas
     380: (  1.2,  -0.3) m, ( 74.62,  57.19) mas
     269: ( -0.6,  -1.5) m, ( 86.29,  59.01) mas
     378: ( -1.8,  -0.3) m, ( 93.81,  58.20) mas
     375: ( -2.8,  -0.3) m, ( 99.94,  58.50) mas
     371: ( -4.0,  -0.3) m, (108.66,  58.88) mas
     368: ( -4.9,  -0.3) m, (115.37,  59.15) mas
     367: ( -5.2,  -0.3) m, (117.68,  59.24) mas
sa index   location       noise equivalent angle
     734: (  2.8,   3.7) m, ( 56.58,  56.78) mas
     662: (  2.2,   2.8) m, ( 61.85,  61.49) mas
     635: (  1.8,   2.5) m, ( 59.38,  60.75) mas
     520: (  0.9,   1.2) m, ( 63.18,  66.56) mas
     490: (  0.9,   0.9) m, ( 63.29,  68.30) mas
     435: ( -1.5,   0.3) m, ( 76.43,  71.66) mas
     267: ( -1.2,  -1.5) m, ( 74.37,  82.58) mas
     236: ( -1.5,  -1.8) m, ( 76.16,  84.51) mas
     125: ( -2.5,  -3.1) m, ( 86.62,  95.65) mas
      98: ( -2.8,  -3.4) m, ( 85.45,  96.44) mas
      32: ( -3.1,  -4.3) m, ( 85.00,  99.97) mas
sa index   location       noise equivalent angle
     761: ( -1.2,   4.3) m, ( 55.86,  58.24) mas
     678: ( -0.9,   3.1) m, ( 59.05,  65.89) mas
     574: ( -0.6,   1.8) m, ( 59.28,  72.28) mas
     515: ( -0.6,   1.2) m, ( 57.74,  73.55) mas
     380: (  1.2,  -0.3) m, ( 63.06,  83.27) mas
     242: (  0.3,  -1.8) m, ( 60.40,  93.05) mas
     213: (  0.3,  -2.2) m, ( 62.27,  98.02) mas
      85: (  0.6,  -3.7) m, ( 61.69, 105.71) mas
      25: (  0.9,  -4.6) m, ( 62.84, 112.55) mas
      10: (  2.2,  -4.9) m, ( 69.77, 117.76) mas
sa index   location       noise equivalent angle
     535: ( -3.7,   1.5) m, ( 59.93,  56.96) mas
     507: ( -3.1,   1.2) m, ( 62.58,  57.85) mas
     483: ( -2.5,   0.9) m, ( 65.64,  58.84) mas
     435: ( -1.5,   0.3) m, ( 70.96,  60.96) mas
     270: ( -0.3,  -1.5) m, ( 81.64,  72.16) mas
     352: (  1.2,  -0.6) m, ( 88.27,  65.04) mas
     304: (  2.2,  -1.2) m, ( 94.08,  68.02) mas
     252: (  3.4,  -1.8) m, (102.12,  71.24) mas
     253: (  3.7,  -1.8) m, (104.25,  71.26) mas
sa index   location       noise equivalent angle
     229: ( -3.7,  -1.8) m, ( 59.93,  56.96) mas
     261: ( -3.1,  -1.5) m, ( 62.58,  57.85) mas
     293: ( -2.5,  -1.2) m, ( 65.62,  58.83) mas
     351: ( -1.5,  -0.6) m, ( 70.96,  60.96) mas
     516: ( -0.3,   1.2) m, ( 80.85,  71.53) mas
     436: (  1.2,   0.3) m, ( 88.27,  65.04) mas
     494: (  2.2,   0.9) m, ( 94.08,  68.02) mas
     558: (  3.4,   1.5) m, (102.12,  71.24) mas
     559: (  3.7,   1.5) m, (104.25,  71.26) mas
sa index   location       noise equivalent angle
      18: ( -1.2,  -4.6) m, ( 55.86,  58.24) mas
     104: ( -0.9,  -3.4) m, ( 59.20,  66.02) mas
     210: ( -0.6,  -2.2) m, ( 59.22,  72.09) mas
     269: ( -0.6,  -1.5) m, ( 57.74,  73.55) mas
     408: (  1.2,   0.0) m, ( 63.06,  83.27) mas
     548: (  0.3,   1.5) m, ( 60.40,  93.05) mas
     577: (  0.3,   1.8) m, ( 62.34,  98.27) mas
     706: (  0.6,   3.4) m, ( 61.69, 105.71) mas
     768: (  0.9,   4.3) m, ( 62.84, 112.55) mas
     785: (  2.2,   4.6) m, ( 70.75, 119.31) mas
sa index   location       noise equivalent angle
      71: (  2.8,  -4.0) m, ( 56.58,  56.78) mas
     140: (  2.2,  -3.1) m, ( 61.85,  61.49) mas
     165: (  1.8,  -2.8) m, ( 59.38,  60.75) mas
     274: (  0.9,  -1.5) m, ( 63.18,  66.56) mas
     300: (  0.9,  -1.2) m, ( 63.29,  68.30) mas
     351: ( -1.5,  -0.6) m, ( 76.43,  71.66) mas
     513: ( -1.2,   1.2) m, ( 74.37,  82.58) mas
     542: ( -1.5,   1.5) m, ( 76.28,  84.59) mas
     647: ( -2.5,   2.8) m, ( 86.62,  95.65) mas
     672: ( -2.8,   3.1) m, ( 85.53,  96.65) mas
     735: ( -3.1,   4.0) m, ( 85.00,  99.97) mas

[00;00mSetting up powfs 2 PO WFS[00;00m

OTF dimension is 48x48 (calculated)
Generating matched filter for powfs 2
Use sanea to derive neasim
Use sanea to derive neasim

[00;00mSetting up reconstructor[00;00m

Recon NEA: cmf(75.72) cmf(75.64) cmf(75.57) cmf(75.61) cmf(75.57) cmf(75.48) cmf(75.57) geom(0.31) geom(0.31) geom(0.31) mf(0.14)  mas
Setup or update control matrix parameters.
RRtwfs svd threshold is 1e-10
Replacing HA by HA*fit->actextrap
Adding piston cr to fit matrix
Adding TT cr on upper DMs to fit matrix.
Before assembling fit matrix:	3482.5 MiB.
Building fit->FR
Building fit->FL
Adding tikhonov constraint of 1.0e-07 to FLM
The maximum eigen value is estimated to be around 3.6e-04
DM Fit number of Low rank terms: 16 in LHS
After assemble fit matrix:	4104.5 MiB.
After setup_recon:	4104.5 MiB.
GPU 0: mem used 1632 MB (wfs init)
GPU 0: mem used 2008 MB (recon init)
GPU 0: mem used 2038 MB (perf init)

*** Simulation started at 2025/02/11 23:54:03 in nid008236. ***

Running seed 1
GPU 0: mem used 2038 MB (wfs seeding)
Wind dir: 267.3 261.7 167.0 130.5 300.7  32.3 119.8 139.0 150.8 277.7 203.0 133.1  45.9 265.1 deg
Using /global/homes/b/bpeck/.aos/cache/atm/vonkarman_14_8192x8192_0.0078125_1115374592d.bin
After genatm:	4159.5 MiB.
Step     #  Open Loop  PR TT  On axis  PR TT  Field RMS PR TT     Timing 
Step     0: OL  884.6  248.3  OA  884.6 248.3 CL  884.6 248.3 nm  0.252 s
Step    22: OL  919.5  256.4  OA  127.3  23.2 CL  127.3  23.2 nm  0.038 s
Step    49: OL  960.9  261.1  OA  129.5  22.1 CL  129.5  22.1 nm  0.037 s
Step    76: OL 1001.1  259.0  OA  129.6  16.2 CL  129.6  16.2 nm  0.046 s
Step   103: OL 1042.2  257.3  OA  129.0   9.8 CL  129.0   9.8 nm  0.036 s
Step   130: OL 1082.2  260.1  OA  124.5   9.6 CL  124.5   9.6 nm  0.044 s
Step   157: OL 1116.5  270.5  OA  129.1   9.1 CL  129.1   9.1 nm  0.035 s
Step   184: OL 1141.8  286.5  OA  124.1  15.5 CL  124.1  15.5 nm  0.036 s
Step   210: OL 1156.1  303.2  OA  124.2  16.7 CL  124.2  16.7 nm  0.039 s
Step   237: OL 1161.6  320.8  OA  118.6   4.7 CL  118.6   4.7 nm  0.038 s
Step   255 updated high order loop gain: 0.378
Step   262: OL 1155.4  338.5  OA  120.5   6.2 CL  120.5   6.2 nm  0.036 s
Step   288: OL 1135.5  357.9  OA  123.9  21.6 CL  123.9  21.6 nm  0.043 s
Step   315: OL 1107.0  381.9  OA  122.4  26.8 CL  122.4  26.8 nm  0.037 s
Step   342: OL 1073.2  411.0  OA  124.1   8.8 CL  124.1   8.8 nm  0.037 s
Step   368: OL 1041.7  445.8  OA  124.0  11.2 CL  124.0  11.2 nm  0.037 s
Step   395: OL 1012.7  484.8  OA  127.0  24.5 CL  127.0  24.5 nm  0.037 s
Step   421: OL  984.1  521.0  OA  123.4  18.2 CL  123.4  18.2 nm  0.037 s
Step   448: OL  955.6  556.6  OA  123.9  21.2 CL  123.9  21.2 nm  0.034 s
Step   474: OL  937.0  590.4  OA  123.8  13.2 CL  123.8  13.2 nm  0.038 s
Step   501: OL  933.6  623.4  OA  126.1  19.2 CL  126.1  19.2 nm  0.035 s
Step   511 updated high order loop gain: 0.362
Step   521: OL  937.5  644.1  OA  127.3  23.7 CL  127.3  23.7 nm  0.036 s
Step   548: OL  949.9  662.4  OA  123.4  10.3 CL  123.4  10.3 nm  0.038 s
Step   569: OL  965.9  669.1  OA  121.0   6.1 CL  121.0   6.1 nm  0.034 s
Step   596: OL  992.4  670.0  OA  124.8   7.6 CL  124.8   7.6 nm  0.037 s
Step   621: OL 1020.4  660.4  OA  126.0  11.7 CL  126.0  11.7 nm  0.037 s
Step   648: OL 1049.4  640.5  OA  127.4   5.8 CL  127.4   5.8 nm  0.039 s
Step   674: OL 1072.7  614.9  OA  125.1   8.2 CL  125.1   8.2 nm  0.040 s
Step   701: OL 1093.0  585.8  OA  125.1  16.0 CL  125.1  16.0 nm  0.037 s
Step   707: OL 1096.4  578.7  OA  124.3   7.7 CL  124.3   7.7 nm  0.037 s
Step   730: OL 1103.9  550.4  OA  127.1  13.6 CL  127.1  13.6 nm  0.038 s
Step   756: OL 1101.4  518.6  OA  126.8  19.0 CL  126.8  19.0 nm  0.034 s
Step   767 updated high order loop gain: 0.356
Step   779: OL 1089.8  492.2  OA  122.9   3.0 CL  122.9   3.0 nm  0.037 s
Step   806: OL 1063.7  462.0  OA  123.1   7.5 CL  123.1   7.5 nm  0.045 s
Step   833: OL 1027.7  432.2  OA  125.3   9.5 CL  125.3   9.5 nm  0.037 s
Step   859: OL  987.1  406.1  OA  121.7  10.2 CL  121.7  10.2 nm  0.037 s
Step   885: OL  947.7  385.0  OA  120.0   8.4 CL  120.0   8.4 nm  0.047 s
Step   911: OL  907.8  368.9  OA  119.3  12.1 CL  119.3  12.1 nm  0.037 s
Step   938: OL  865.3  355.9  OA  125.2   8.5 CL  125.2   8.5 nm  0.036 s
Step   965: OL  827.0  342.3  OA  124.2   2.2 CL  124.2   2.2 nm  0.046 s
Step   992: OL  798.0  325.4  OA  124.9   9.4 CL  124.9   9.4 nm  0.036 s
Step  1018: OL  775.7  306.0  OA  127.3  13.7 CL  127.3  13.7 nm  0.036 s
Step  1023 updated high order loop gain: 0.352
Step  1044: OL  759.6  284.9  OA  128.0  14.9 CL  128.0  14.9 nm  0.044 s
Step  1071: OL  745.8  258.6  OA  130.1  26.8 CL  130.1  26.8 nm  0.035 s
Step  1098: OL  740.2  227.7  OA  131.7  34.0 CL  131.7  34.0 nm  0.036 s
Step  1124: OL  740.5  202.0  OA  120.9  20.9 CL  120.9  20.9 nm  0.036 s
Step  1151: OL  743.4  182.9  OA  120.0  21.6 CL  120.0  21.6 nm  0.037 s
Step  1178: OL  745.5  172.2  OA  122.4  22.0 CL  122.4  22.0 nm  0.036 s
Step  1204: OL  750.3  166.6  OA  125.4  30.6 CL  125.4  30.6 nm  0.036 s
Step  1230: OL  754.6  163.9  OA  123.2  16.9 CL  123.2  16.9 nm  0.034 s
Step  1257: OL  756.5  168.6  OA  120.3  18.2 CL  120.3  18.2 nm  0.035 s
Step  1279 updated high order loop gain: 0.344
Step  1282: OL  759.8  180.6  OA  123.3  25.8 CL  123.3  25.8 nm  0.036 s
Step  1309: OL  766.2  198.5  OA  125.3  21.8 CL  125.3  21.8 nm  0.034 s
Step  1335: OL  773.1  219.9  OA  120.6  20.5 CL  120.6  20.5 nm  0.043 s
Step  1360: OL  785.3  242.4  OA  120.1  19.9 CL  120.1  19.9 nm  0.042 s
Step  1387: OL  803.9  260.4  OA  122.8   8.0 CL  122.8   8.0 nm  0.038 s
Step  1414: OL  828.3  271.1  OA  126.5  20.8 CL  126.5  20.8 nm  0.037 s
Step  1441: OL  855.1  277.2  OA  125.1   8.7 CL  125.1   8.7 nm  0.039 s
Step  1468: OL  878.4  279.5  OA  123.9   1.3 CL  123.9   1.3 nm  0.034 s
Step  1495: OL  889.3  274.7  OA  122.7  10.1 CL  122.7  10.1 nm  0.037 s
Step  1521: OL  888.4  263.7  OA  117.1   4.8 CL  117.1   4.8 nm  0.035 s
Step  1535 updated high order loop gain: 0.347
Step  1546: OL  879.6  248.7  OA  119.7   8.0 CL  119.7   8.0 nm  0.034 s
Step  1572: OL  867.2  232.0  OA  122.8   6.4 CL  122.8   6.4 nm  0.044 s
Step 1599: Output PSF
Step  1599: OL  851.0  219.3  OA  127.2  12.4 CL  127.2  12.4 nm  2.558 s
Mean: 124.14 16.39 123.06  nm.

*** Simulation Finished at 2025/02/11 23:55:17 in nid008236. ***

