Warning(sock.c:516): connect locally (/global/homes/b/bpeck/.aos/tmp/nid008652/scheduler) failed: Invalid argument. 
/global/u2/b/bpeck/work/vismcao/maos -o studies/reduced_ngs/6_lgs/8mag_lgs/2500count -c master_files/reduced_ngs/6_lgs/8mag_lgs/kola_2500act.conf -O 
Output folder is 'studies/reduced_ngs/6_lgs/8mag_lgs/2500count'.
SRC: /global/homes/b/bpeck/code/maos v2.9 4c88b7c2 2024-11-13 16:45:33 -0800
BUILT: /global/homes/b/bpeck/code/maos/optim by GCC (v12) on 2024/11/18 09:40:03 CPU(F64,+O3) with CUDA(v122,F32)
Launched at 2025/02/12 00:05:24 in nid008652 with PID 771978.
The web based job monitor can be accessed at http://localhost:10300
Main config file is /global/u2/b/bpeck/work/vismcao/master_files/reduced_ngs/6_lgs/8mag_lgs/kola_2500act.conf
Warning(path.c:48): Path not found: path=/global/u2/b/bpeck/work/vismcao/master_files/reduced_ngs/6_lgs/8mag_lgs/bin; abspath=/global/u2/b/bpeck/work/vismcao/master_files/reduced_ngs/6_lgs/8mag_lgs/bin; Ignored.
Warning(path.c:48): Path not found: path=/global/u2/b/bpeck/work/vismcao/master_files/reduced_ngs/6_lgs/8mag_lgs/atm; abspath=/global/u2/b/bpeck/work/vismcao/master_files/reduced_ngs/6_lgs/8mag_lgs/atm; Ignored.
Warning(readcfg.c:399): sim.apfsm has been renamed to powfs.apfsm.
Warning(readcfg.c:399): sim.epfsm has been renamed to powfs.epfsm.
Warning(readcfg.c:399): sim.alfsm has been renamed to powfs.alfsm.
Warning(readcfg.c:399): sim.commonfsm has been renamed to powfs.commonfsm.
Warning(readcfg.c:399): sim.idealfsm has been renamed to powfs.idealfsm.
Warning(readcfg.c:399): sim.zetafsm has been renamed to powfs.zetafsm.
Warning(readcfg.c:399): sim.f0fsm has been renamed to powfs.f0fsm.
Warning(readcfg.c:399): tsurf has been renamed to ncpa.tsurf.
loaded 132 (132 new) records from '/global/u2/b/bpeck/work/vismcao/./keck_sim.conf'
loaded  19 ( 19 new) records from '/global/u2/b/bpeck/work/vismcao/./dm_none.conf'
loaded  19 (  0 new) records from '/global/u2/b/bpeck/work/vismcao/./keck_ASM.conf'
loaded  19 (  0 new) records from '/global/u2/b/bpeck/work/vismcao/./keck_DM2.conf'
loaded  19 (  0 new) records from '/global/u2/b/bpeck/work/vismcao/./keck_DM3.conf'
loaded   0 (  0 new) records from '/global/u2/b/bpeck/work/vismcao/./keck_dm_multiple.conf'
loaded   7 (  5 new) records from '/global/u2/b/bpeck/work/vismcao/./atm_mk13n50p_ground_detail.conf'
loaded  76 ( 69 new) records from '/global/homes/b/bpeck/code/maos/config/maos/powfs_common.conf'
loaded  44 ( 38 new) records from '/global/u2/b/bpeck/work/vismcao/./powfs_none.conf'
loaded  44 (  0 new) records from '/global/u2/b/bpeck/work/vismcao/./keck_shwfs_lgs.conf'
loaded  44 (  0 new) records from '/global/u2/b/bpeck/work/vismcao/./keck_shwfs_ttf_strap.conf'
loaded  44 (  0 new) records from '/global/u2/b/bpeck/work/vismcao/./keck_shwfs_twfs_lbwfs.conf'
loaded   0 (  0 new) records from '/global/u2/b/bpeck/work/vismcao/./keck_wfs_lgs_strap_lbwfs.conf'
loaded  71 ( 71 new) records from '/global/u2/b/bpeck/work/vismcao/./keck_recon.conf'
Warning(readcfg.c:399): dbg.na_smooth has been renamed to powfs0_llt.na_smooth.
Warning(readcfg.c:399): dbg.na_interp has been renamed to powfs0_llt.na_interp.
Warning(readcfg.c:399): dbg.na_thres has been renamed to powfs0_llt.na_thres.
Warning(readcfg.c:399): dbg.na_fit_maxit has been renamed to powfs0_llt.na_fit_maxit.
Warning(readcfg.c:399): dbg.na_fit_svdthres has been renamed to powfs0_llt.na_fit_svdthres.
Warning(readcfg.c:399): dbg.na_fit_dh has been renamed to powfs0_llt.na_fit_dh.
Warning(readcfg.c:399): dbg.ncpa_preload has been renamed to ncpa.preload.
Warning(readcfg.c:399): dbg.ncpa_rmsci has been renamed to ncpa.rmsci.
Warning(readcfg.c:399): dbg.draw_opdmax has been renamed to plot.opdmax.
Warning(readcfg.c:399): dbg.draw_gmax has been renamed to plot.gmax.
loaded  95 ( 93 new) records from '/global/u2/b/bpeck/work/vismcao/./keck_dbg.conf'
loaded   4 (  4 new) records from '/global/u2/b/bpeck/work/vismcao/./keck_fit_mcao.conf'
Warning(readcfg.c:399): surf has been renamed to ncpa.surf.
loaded  39 (  7 new) records from '/global/u2/b/bpeck/work/vismcao/master_files/reduced_ngs/6_lgs/8mag_lgs/kola_2500act.conf'
loaded   0 (  0 new) records from 'command line'
loaded  24 ( 18 new) records from '/global/u2/b/bpeck/work/vismcao/./keck_llt_CL.conf'
Adjust LGS range by telescope altitude 4145m.
Zenith angle is 30 degree.
    Scaling turbulence height and LGS hs by sec(za).
    Scaling r0 by cos(za)^(3/5).
    Scaling wind speed and LGS signal level by cos(za).
powfs0: Adjusting dx from 0.0078125 to 0.008125. 
powfs0.llt.fsm: f0=0 Hz, LPF ep=0
powfs0.epfsm is set to 0.517618 (auto)
powfs2: Adjusting dx from 0.03125 to 0.0312778. 
powfs2 is TWFS for powfs0
sim.ephi is set to 0.427717 (auto)
sim.eplo is set to 0.427717 (auto)
Warning(parms.c:2296): Layer 1 at 17.3205m is very close to layer 0 at 0m (OK).
Warning(parms.c:2296): Layer 2 at 34.641m is very close to layer 1 at 17.3205m (OK).
Warning(parms.c:2296): Layer 3 at 51.9615m is very close to layer 2 at 34.641m (OK).
dm 0: stroke=30 um is provided in micron.
dm 0: assume ia stroke=2 um is provided in micron.
dm 1: stroke=7 um is provided in micron.
dm 1: assume ia stroke=2 um is provided in micron.
dm 2: stroke=7 um is provided in micron.
dm 2: assume ia stroke=2 um is provided in micron.
Focus blending is not implemented yet for integrated tomography
parms->sim.mffocus is reset to 0
There are 1 valid simulation seeds:  1
Output PSF for 1 directions
Used 449 of 456 supplied keys
Warning(readcfg.c:158): key "dbg.pwfs_flate" is not recognized, value is 0
Warning(readcfg.c:158): key "dbg.pwfs_flatv" is not recognized, value is 0
Warning(readcfg.c:158): key "dbg.pwfs_psx" is not recognized, value is [0 0 0 0]
Warning(readcfg.c:158): key "dbg.pwfs_psy" is not recognized, value is [0 0 0 0]
Warning(readcfg.c:158): key "dbg.pwfs_pupelong" is not recognized, value is 0
Warning(readcfg.c:158): key "dbg.pwfs_raw" is not recognized, value is 0
Warning(readcfg.c:158): key "dbg.pwfs_side" is not recognized, value is 4
[00;00mAperture[00;00m is 11 m with sampling 1/128 m
[00;00mTurbulence at 30 degree zenith angle:[00;00m r0=0.128424m, L0=30m, 14 layers.
    Greenwood freq is 25.1Hz, anisoplanatic angle is 1.58 as
    Sampled 8192x8192 at 1/128m. wind dir is randomized.
    layer 0: ht=      0 m, wt= 0.302, ws=  4.8 m/s
    layer 1: ht=     17 m, wt= 0.154, ws=  5.0 m/s
    layer 2: ht=     35 m, wt= 0.041, ws=  5.4 m/s
    layer 3: ht=     52 m, wt= 0.002, ws=  6.6 m/s
    layer 4: ht=    139 m, wt= 0.021, ws=  6.1 m/s
    layer 5: ht=    231 m, wt= 0.010, ws=  6.1 m/s
    layer 6: ht=    323 m, wt= 0.008, ws=  6.1 m/s
    layer 7: ht=    416 m, wt= 0.005, ws=  6.1 m/s
    layer 8: ht=    508 m, wt= 0.001, ws=  6.1 m/s
    layer 9: ht=    932 m, wt= 0.107, ws=  5.6 m/s
    layer 10: ht=   5022 m, wt= 0.144, ws= 11.1 m/s
    layer 11: ht=   9238 m, wt= 0.093, ws= 19.1 m/s
    layer 12: ht=  13856 m, wt= 0.075, ws=  8.2 m/s
    layer 13: ht=  22518 m, wt= 0.036, ws=  4.8 m/s
[00;00mReconstruction[00;00m: r0=0.128424m L0=30m. 14 layers. use cone coordinate.
    layer 0: ht=      0 m, wt= 0.302
    layer 1: ht=     17 m, wt= 0.154
    layer 2: ht=     35 m, wt= 0.041
    layer 3: ht=     52 m, wt= 0.002
    layer 4: ht=    139 m, wt= 0.021
    layer 5: ht=    231 m, wt= 0.010
    layer 6: ht=    323 m, wt= 0.008
    layer 7: ht=    416 m, wt= 0.005
    layer 8: ht=    508 m, wt= 0.001
    layer 9: ht=    932 m, wt= 0.107
    layer 10: ht=   5022 m, wt= 0.144
    layer 11: ht=   9238 m, wt= 0.093
    layer 12: ht=  13856 m, wt= 0.075
    layer 13: ht=  22518 m, wt= 0.036
[00;00mThere are 3 powfs[00;00m
  powfs0: Order 57, LGS at 99.1 km. Sampling 1/123.077 m. Thres 30%. [00;00mT/T is removed in right hand side in tomography.[00;00m
    CCD image is 25x25 @ 500x500 mas, blur 27% (sigma), 1500Hz, wvl: [ 5.89e-07]
    Gtilt in reconstruction. Physical optics start at 0 with [00;00m'matched filter'[00;00m [00;00m(noisy)[00;00m
  powfs1: Order  2, NGS at inf km. Sampling 1/16 m. Thres 30%. 
    Ztilt in reconstruction. Geomtric optics start at 2 with ztilt [00;00m(noisy)[00;00m
  powfs2: Order 20, NGS at inf km. Sampling 1/31.9716 m. Thres 50%. 
    CCD image is 4x4 @ 1500x1500 mas, blur 0% (sigma), 0.015Hz, wvl: [ 7.2e-07]
    Gtilt in reconstruction. Geomtric optics start at 50 with gtilt Physical optics start at 0 with [00;00m'matched filter'[00;00m [00;00m(noisy)[00;00m
[00;00mThere are 10 wfs[00;00m
    wfs 0: type 0, at (  30.00,    0.00) arcsec,  99 km, siglev is 45.5936 bkgrnd is 0.1
    wfs 1: type 0, at (  15.00,   25.98) arcsec,  99 km, siglev is 45.5936 bkgrnd is 0.1
    wfs 2: type 0, at ( -15.00,   25.98) arcsec,  99 km, siglev is 45.5936 bkgrnd is 0.1
    wfs 3: type 0, at ( -30.00,    0.00) arcsec,  99 km, siglev is 45.5936 bkgrnd is 0.1
    wfs 4: type 0, at ( -15.00,  -25.98) arcsec,  99 km, siglev is 45.5936 bkgrnd is 0.1
    wfs 5: type 0, at (  15.00,  -25.98) arcsec,  99 km, siglev is 45.5936 bkgrnd is 0.1
    wfs 6: type 1, at (   5.00,    8.66) arcsec, inf km, siglev is 42387.6 bkgrnd is 1.056
    wfs 7: type 1, at ( -10.00,    0.00) arcsec, inf km, siglev is 42387.6 bkgrnd is 1.056
    wfs 8: type 1, at (   5.00,   -8.66) arcsec, inf km, siglev is 42387.6 bkgrnd is 1.056
    wfs 9: type 2, at (   0.00,    0.00) arcsec, inf km, siglev is 4.1558e+06 bkgrnd is 0.001
[00;00mThere are 3 DMs[00;00m
  DM 0 at -0.1km, actuator pitch 0.195m, offset   0, with 30.000000 micron stroke.
    Normalized cubic influence function with inter-actuator coupling of 0.223
  DM 1 at    6km, actuator pitch 0.168m, offset   0, with 7.000000 micron stroke.
    Normalized cubic influence function with inter-actuator coupling of 0.223
  DM 2 at   10km, actuator pitch 0.168m, offset   0, with 7.000000 micron stroke.
    Normalized cubic influence function with inter-actuator coupling of 0.223
[00;00mTomography[00;00m is using CG, with [00;00mFourer Domain[00;00m preconditioner, [00;00m12[00;00m iterations, integrated tomo.
[00;00mDM Fitting [00;00mis using CG, with [00;00mNo[00;00m preconditioner, [00;00m10[00;00m iterations
[00;00mThere are 9 fit directions[00;00m
    Fit 0: weight is 0.444, at (   0.00,    0.00) arcsec
    Fit 1: weight is 0.111, at (  15.00,    0.00) arcsec
    Fit 2: weight is 0.111, at (   0.00,   15.00) arcsec
    Fit 3: weight is 0.111, at ( -15.00,    0.00) arcsec
    Fit 4: weight is 0.111, at (   0.00,  -15.00) arcsec
    Fit 5: weight is 0.028, at (  15.00,   15.00) arcsec
    Fit 6: weight is 0.028, at ( -15.00,   15.00) arcsec
    Fit 7: weight is 0.028, at ( -15.00,  -15.00) arcsec
    Fit 8: weight is 0.028, at (  15.00,  -15.00) arcsec
[00;00mThere are 1 evaluation directions[00;00m at sampling 1/128 m.
    Evl 0: weight is 1.000, at (   0.00,    0.00) arcsec
[00;00mSimulation[00;00m start at step 0, end at step 1600, with time step 1/1500s, [00;00mclose loop[00;00m.
After setup_parms:	120.5 MiB.
Warning(sock.c:516): connect locally (/global/homes/b/bpeck/.aos/tmp/nid008652/scheduler) failed: Invalid argument. 
CUDA: minimum memory requirement is 0.3GB
GPU 0 is NVIDIA A100-SXM4-80GB with arch 8.0, 78.6GB free, 79.0GB total device memory.
Using GPU 0
Use 1 GPUs for WFS Tomo Fit Evl

*** Preparation started at 2025/02/12 00:05:26 in nid008652. ***

Using OpenMP version 201511 with 128 threads
Reading aperture amplitude map from KECK.fits
Warning(accphi.c:477): 108390 points not covered by input screen
Warning(sock.c:516): connect locally (/global/homes/b/bpeck/.aos/tmp/nid008652/scheduler) failed: Invalid argument. 
 ->maos.c:447->setup.c:148->aper.c:74->utils.c:478->accphi.c:478
iwvl 0: Science PSF is using grid size of 2880. The PSF will sum to 6.95167232825486
iwvl 1: Science PSF is using grid size of 2880. The PSF will sum to 6.95167232825486
iwvl 2: Science PSF is using grid size of 2880. The PSF will sum to 6.95167232825486
iwvl 3: Science PSF is using grid size of 2880. The PSF will sum to 6.95167232825486
iwvl 4: Science PSF is using grid size of 2880. The PSF will sum to 6.95167232825486
iwvl 5: Science PSF is using grid size of 2880. The PSF will sum to 6.95167232825486
iwvl 6: Science PSF is using grid size of 2880. The PSF will sum to 6.95167232825486
iwvl 7: Science PSF is using grid size of 2880. The PSF will sum to 6.95167232825486
iwvl 8: Science PSF is using grid size of 2880. The PSF will sum to 6.95167232825486
After setup_aper:	343.0 MiB.

[00;00mSetting up powfs 0 geom[00;00m

There are 24 points in each subaperture of 0.195m.
There are 1993 valid subaperture.

[00;00mSetting up powfs 1 geom[00;00m

There are 88 points in each subaperture of 5.5m.
There are 4 valid subaperture.

[00;00mSetting up powfs 2 geom[00;00m

There are 18 points in each subaperture of 0.563m.
There are 236 valid subaperture.
After setup_powfs_init:	412.5 MiB.

[00;00mSetting up reconstructor geometry.[00;00m

PLOC is 117x117, with sampling of 0.10m (square)
    DM 0: grid is 60 x 60
    DM 1: grid is 75 x 75
    DM 2: grid is 81 x 79
FLOC is 117x117, with sampling of 0.10m (not square)
Tomography grid is square:
    layer 0: xloc grid is 216 x 216, sampling is 0.098 m, 46656 points
    layer 1: xloc grid is 216 x 216, sampling is 0.097 m, 46656 points
    layer 2: xloc grid is 216 x 216, sampling is 0.097 m, 46656 points
    layer 3: xloc grid is 216 x 216, sampling is 0.097 m, 46656 points
    layer 4: xloc grid is 216 x 216, sampling is 0.097 m, 46656 points
    layer 5: xloc grid is 216 x 216, sampling is 0.097 m, 46656 points
    layer 6: xloc grid is 216 x 216, sampling is 0.097 m, 46656 points
    layer 7: xloc grid is 216 x 216, sampling is 0.097 m, 46656 points
    layer 8: xloc grid is 216 x 216, sampling is 0.097 m, 46656 points
    layer 9: xloc grid is 216 x 216, sampling is 0.097 m, 46656 points
    layer 10: xloc grid is 216 x 216, sampling is 0.093 m, 46656 points
    layer 11: xloc grid is 216 x 216, sampling is 0.088 m, 46656 points
    layer 12: xloc grid is 216 x 216, sampling is 0.084 m, 46656 points
    layer 13: xloc grid is 216 x 216, sampling is 0.075 m, 46656 points

[00;00mSetting up powfs 0 PO WFS[00;00m

OTF dimension is 48x48 (calculated)
There is no bias
Uplink FWHM (illt 0, iwvl 0) is 0.581676"
Downlink FWHM (illt 0, iwvl 0) is 1.18278"
Generating matched filter for powfs 0
sa index   location       noise equivalent angle
     972: (  4.8,  -0.3) m, (101.14,  98.17) mas
     967: (  3.8,  -0.3) m, (107.98,  99.18) mas
     961: (  2.6,  -0.3) m, (119.39, 100.36) mas
     955: (  1.5,  -0.3) m, (132.08, 101.44) mas
     954: (  1.3,  -0.3) m, (134.38, 101.63) mas
     685: ( -0.5,  -1.5) m, (155.21, 105.57) mas
     952: ( -1.7,  -0.3) m, (168.27, 104.03) mas
     946: ( -2.8,  -0.3) m, (182.99, 104.98) mas
     940: ( -4.0,  -0.3) m, (196.88, 105.89) mas
     935: ( -5.0,  -0.3) m, (209.03, 106.64) mas
     933: ( -5.4,  -0.3) m, (214.71, 106.95) mas
sa index   location       noise equivalent angle
    1958: (  2.4,   4.4) m, ( 98.72,  99.84) mas
    1824: (  2.0,   3.6) m, (100.40, 103.72) mas
    1630: (  1.5,   2.6) m, (103.87, 111.48) mas
    1411: (  0.9,   1.7) m, (108.19, 121.87) mas
    1312: (  0.7,   1.3) m, (109.71, 126.12) mas
    1041: ( -1.5,   0.1) m, (129.81, 138.80) mas
     683: ( -0.9,  -1.5) m, (124.51, 157.14) mas
     447: ( -1.5,  -2.4) m, (130.70, 169.32) mas
     364: ( -1.7,  -2.8) m, (132.72, 174.08) mas
     102: ( -2.4,  -4.2) m, (141.15, 191.27) mas
      35: ( -2.6,  -4.6) m, (143.36, 196.19) mas
sa index   location       noise equivalent angle
    1932: ( -2.6,   4.4) m, ( 98.72,  99.84) mas
    1802: ( -2.2,   3.6) m, (100.40, 103.72) mas
    1614: ( -1.7,   2.6) m, (103.87, 111.48) mas
    1401: ( -1.1,   1.7) m, (108.19, 121.87) mas
    1304: ( -0.9,   1.3) m, (109.71, 126.12) mas
    1042: (  1.3,   0.1) m, (129.81, 138.80) mas
     691: (  0.7,  -1.5) m, (124.51, 157.14) mas
     461: (  1.3,  -2.4) m, (130.70, 169.32) mas
     380: (  1.5,  -2.8) m, (132.72, 174.08) mas
     126: (  2.2,  -4.2) m, (141.15, 191.27) mas
      61: (  2.4,  -4.6) m, (143.36, 196.19) mas
sa index   location       noise equivalent angle
     977: ( -5.4,  -0.1) m, (100.09,  97.95) mas
     980: ( -4.8,  -0.1) m, (102.53,  98.34) mas
     985: ( -3.8,  -0.1) m, (109.57,  99.29) mas
     991: ( -2.6,  -0.1) m, (121.12, 100.42) mas
     997: ( -1.5,  -0.1) m, (134.36, 101.50) mas
    1310: (  0.3,   1.3) m, (155.21, 105.57) mas
     998: (  1.3,  -0.1) m, (166.04, 103.70) mas
    1000: (  1.7,  -0.1) m, (170.81, 104.00) mas
    1006: (  2.8,  -0.1) m, (185.33, 104.91) mas
    1012: (  4.0,  -0.1) m, (198.89, 105.78) mas
    1017: (  5.0,  -0.1) m, (211.91, 106.53) mas
sa index   location       noise equivalent angle
      35: ( -2.6,  -4.6) m, ( 98.72,  99.84) mas
     169: ( -2.2,  -3.8) m, (100.40, 103.72) mas
     364: ( -1.7,  -2.8) m, (103.87, 111.48) mas
     584: ( -1.1,  -1.9) m, (108.19, 121.87) mas
     683: ( -0.9,  -1.5) m, (109.71, 126.12) mas
     954: (  1.3,  -0.3) m, (129.81, 138.80) mas
    1312: (  0.7,   1.3) m, (124.51, 157.14) mas
    1547: (  1.3,   2.2) m, (130.70, 169.32) mas
    1630: (  1.5,   2.6) m, (132.72, 174.08) mas
    1891: (  2.2,   4.0) m, (141.15, 191.27) mas
    1958: (  2.4,   4.4) m, (143.36, 196.19) mas
sa index   location       noise equivalent angle
      61: (  2.4,  -4.6) m, ( 98.72,  99.84) mas
     191: (  2.0,  -3.8) m, (100.40, 103.72) mas
     380: (  1.5,  -2.8) m, (103.87, 111.48) mas
     594: (  0.9,  -1.9) m, (108.19, 121.87) mas
     691: (  0.7,  -1.5) m, (109.71, 126.12) mas
     953: ( -1.5,  -0.3) m, (129.81, 138.80) mas
    1304: ( -0.9,   1.3) m, (124.51, 157.14) mas
    1533: ( -1.5,   2.2) m, (130.70, 169.32) mas
    1614: ( -1.7,   2.6) m, (132.72, 174.08) mas
    1867: ( -2.4,   4.0) m, (141.15, 191.27) mas
    1932: ( -2.6,   4.4) m, (143.36, 196.19) mas

[00;00mSetting up powfs 2 PO WFS[00;00m

OTF dimension is 48x48 (calculated)
Generating matched filter for powfs 2
Use sanea to derive neasim
Use sanea to derive neasim

[00;00mSetting up reconstructor[00;00m

Recon NEA: cmf(136.75) cmf(137.01) cmf(136.96) cmf(136.65) cmf(136.85) cmf(136.90) geom(0.31) geom(0.31) geom(0.31) mf(0.14)  mas
Setup or update control matrix parameters.
RRtwfs svd threshold is 1e-10
Replacing HA by HA*fit->actextrap
Adding piston cr to fit matrix
Adding TT cr on upper DMs to fit matrix.
Before assembling fit matrix:	3167.3 MiB.
Building fit->FR
Building fit->FL
Adding tikhonov constraint of 1.0e-07 to FLM
The maximum eigen value is estimated to be around 3.1e-04
DM Fit number of Low rank terms: 16 in LHS
After assemble fit matrix:	4414.7 MiB.
After setup_recon:	4414.7 MiB.
GPU 0: mem used 1382 MB (wfs init)
GPU 0: mem used 2128 MB (recon init)
GPU 0: mem used 2158 MB (perf init)

*** Simulation started at 2025/02/12 00:07:00 in nid008652. ***

Running seed 1
GPU 0: mem used 2158 MB (wfs seeding)
Wind dir: 267.3 261.7 167.0 130.5 300.7  32.3 119.8 139.0 150.8 277.7 203.0 133.1  45.9 265.1 deg
Using /global/homes/b/bpeck/.aos/cache/atm/vonkarman_14_8192x8192_0.0078125_1115374592d.bin
After genatm:	4333.7 MiB.
Step     #  Open Loop  PR TT  On axis  PR TT  Field RMS PR TT     Timing 
Step     0: OL  884.6  248.3  OA  884.6 248.3 CL  884.6 248.3 nm  0.201 s
Step    23: OL  920.8  256.7  OA  132.0  14.1 CL  132.0  14.1 nm  0.043 s
Step    46: OL  956.0  261.0  OA  128.8  25.2 CL  128.8  25.2 nm  0.042 s
Step    69: OL  990.1  259.9  OA  124.3  13.6 CL  124.3  13.6 nm  0.047 s
Step    92: OL 1025.2  257.8  OA  126.8   8.6 CL  126.8   8.6 nm  0.043 s
Step   115: OL 1060.3  257.9  OA  120.7  11.8 CL  120.7  11.8 nm  0.042 s
Step   138: OL 1093.0  262.6  OA  127.1  20.9 CL  127.1  20.9 nm  0.042 s
Step   161: OL 1120.9  272.6  OA  127.9  21.3 CL  127.9  21.3 nm  0.042 s
Step   184: OL 1141.8  286.5  OA  127.4  25.1 CL  127.4  25.1 nm  0.042 s
Step   206: OL 1154.2  300.6  OA  125.6  18.9 CL  125.6  18.9 nm  0.062 s
Step   228: OL 1160.5  314.8  OA  122.9  11.7 CL  122.9  11.7 nm  0.041 s
Step   251: OL 1159.0  330.5  OA  125.4  12.1 CL  125.4  12.1 nm  0.052 s
Step   255 updated high order loop gain: 0.380
Step   274: OL 1146.0  347.1  OA  127.1  22.9 CL  127.1  22.9 nm  0.043 s
Step   292: OL 1129.1  361.1  OA  125.1  11.1 CL  125.1  11.1 nm  0.054 s
Step   313: OL 1105.9  379.9  OA  123.5  11.6 CL  123.5  11.6 nm  0.053 s
Step   326: OL 1089.3  392.7  OA  127.0  26.8 CL  127.0  26.8 nm  0.043 s
Step   349: OL 1059.4  419.7  OA  126.7  27.4 CL  126.7  27.4 nm  0.043 s
Step   372: OL 1031.2  451.4  OA  125.7   7.8 CL  125.7   7.8 nm  0.042 s
Step   395: OL 1005.4  484.6  OA  121.7   9.9 CL  121.7   9.9 nm  0.045 s
Step   418: OL  979.6  516.9  OA  126.7   8.8 CL  126.7   8.8 nm  0.042 s
Step   440: OL  955.0  546.0  OA  122.3   6.9 CL  122.3   6.9 nm  0.041 s
Step   463: OL  934.5  576.0  OA  119.7  14.1 CL  119.7  14.1 nm  0.049 s
Step   486: OL  924.9  605.3  OA  131.0  22.4 CL  131.0  22.4 nm  0.042 s
Step   507: OL  926.0  629.8  OA  128.9  13.4 CL  128.9  13.4 nm  0.044 s
Step   511 updated high order loop gain: 0.349
Step   529: OL  932.8  650.5  OA  127.6  12.1 CL  127.6  12.1 nm  0.044 s
Step   552: OL  946.5  663.9  OA  127.7  17.2 CL  127.7  17.2 nm  0.042 s
Step   575: OL  966.5  669.8  OA  121.0  11.4 CL  121.0  11.4 nm  0.043 s
Step   598: OL  991.6  669.3  OA  123.1   5.1 CL  123.1   5.1 nm  0.043 s
Step   621: OL 1018.9  660.2  OA  120.6   8.0 CL  120.6   8.0 nm  0.052 s
Step   644: OL 1045.2  643.7  OA  127.1  12.6 CL  127.1  12.6 nm  0.043 s
Step   666: OL 1067.0  623.0  OA  125.6  13.0 CL  125.6  13.0 nm  0.049 s
Step   689: OL 1087.0  598.9  OA  133.0  18.7 CL  133.0  18.7 nm  0.042 s
Step   712: OL 1102.3  572.4  OA  129.4   1.0 CL  129.4   1.0 nm  0.057 s
Step   735: OL 1108.7  544.0  OA  124.5   8.6 CL  124.5   8.6 nm  0.043 s
Step   758: OL 1105.6  516.1  OA  129.4  11.4 CL  129.4  11.4 nm  0.042 s
Step   767 updated high order loop gain: 0.334
Step   781: OL 1093.4  489.7  OA  126.6   3.1 CL  126.6   3.1 nm  0.050 s
Step   804: OL 1071.6  464.0  OA  125.9   8.0 CL  125.9   8.0 nm  0.041 s
Step   827: OL 1042.2  438.5  OA  129.8   3.6 CL  129.8   3.6 nm  0.057 s
Step   849: OL 1008.2  415.5  OA  125.7  15.1 CL  125.7  15.1 nm  0.043 s
Step   872: OL  971.5  394.6  OA  128.8  24.5 CL  128.8  24.5 nm  0.043 s
Step   893: OL  939.6  379.4  OA  127.9  20.2 CL  127.9  20.2 nm  0.044 s
Step   916: OL  902.4  366.3  OA  128.6  13.4 CL  128.6  13.4 nm  0.044 s
Step   939: OL  865.1  355.4  OA  121.6  15.7 CL  121.6  15.7 nm  0.045 s
Step   961: OL  832.5  344.4  OA  129.8  35.9 CL  129.8  35.9 nm  0.042 s
Step   984: OL  805.4  330.8  OA  124.8   8.1 CL  124.8   8.1 nm  0.042 s
Step  1007: OL  783.5  314.4  OA  130.2  19.7 CL  130.2  19.7 nm  0.042 s
Step  1023 updated high order loop gain: 0.325
Step  1029: OL  767.0  297.4  OA  126.3  13.2 CL  126.3  13.2 nm  0.042 s
Step  1052: OL  753.7  277.7  OA  134.0  28.0 CL  134.0  28.0 nm  0.041 s
Step  1075: OL  742.5  254.1  OA  129.5  13.7 CL  129.5  13.7 nm  0.051 s
Step  1098: OL  737.8  227.6  OA  126.2  20.5 CL  126.2  20.5 nm  0.044 s
Step  1121: OL  737.4  204.5  OA  127.0  18.3 CL  127.0  18.3 nm  0.046 s
Step  1144: OL  738.9  187.1  OA  123.2  27.1 CL  123.2  27.1 nm  0.042 s
Step  1161: OL  740.1  177.8  OA  121.2  12.5 CL  121.2  12.5 nm  0.045 s
Step  1184: OL  742.3  170.6  OA  124.6   6.2 CL  124.6   6.2 nm  0.043 s
Step  1207: OL  747.0  165.9  OA  123.0  20.7 CL  123.0  20.7 nm  0.043 s
Step  1230: OL  751.4  163.8  OA  121.1  14.1 CL  121.1  14.1 nm  0.043 s
Step  1253: OL  753.9  167.2  OA  119.6  13.1 CL  119.6  13.1 nm  0.043 s
Step  1276: OL  757.5  177.1  OA  124.3  20.6 CL  124.3  20.6 nm  0.042 s
Step  1279 updated high order loop gain: 0.317
Step  1291: OL  761.5  186.0  OA  124.6  24.0 CL  124.6  24.0 nm  0.050 s
Step  1313: OL  767.7  201.4  OA  131.9  16.5 CL  131.9  16.5 nm  0.044 s
Step  1335: OL  774.6  219.8  OA  130.3  15.9 CL  130.3  15.9 nm  0.053 s
Step  1358: OL  786.4  240.6  OA  130.0  13.8 CL  130.0  13.8 nm  0.042 s
Step  1381: OL  802.7  257.0  OA  129.0  38.2 CL  129.0  38.2 nm  0.043 s
Step  1404: OL  823.0  267.9  OA  128.5  22.9 CL  128.5  22.9 nm  0.044 s
Step  1427: OL  847.2  274.3  OA  126.9   8.4 CL  126.9   8.4 nm  0.042 s
Step  1450: OL  870.6  278.5  OA  126.8  20.8 CL  126.8  20.8 nm  0.042 s
Step  1473: OL  890.0  279.1  OA  124.2  15.3 CL  124.2  15.3 nm  0.043 s
Step  1496: OL  899.4  274.2  OA  130.1  17.7 CL  130.1  17.7 nm  0.042 s
Step  1519: OL  899.1  264.5  OA  130.3  13.8 CL  130.3  13.8 nm  0.043 s
Step  1535 updated high order loop gain: 0.314
Step  1541: OL  891.5  251.8  OA  125.0   6.0 CL  125.0   6.0 nm  0.042 s
Step  1564: OL  879.9  236.7  OA  129.3   8.5 CL  129.3   8.5 nm  0.051 s
Step  1587: OL  866.1  224.2  OA  130.2   5.2 CL  130.2   5.2 nm  0.041 s
Step 1599: Output PSF
Step  1599: OL  857.8  219.2  OA  134.4   9.3 CL  134.4   9.3 nm  3.337 s
Mean: 126.17 16.01 125.15  nm.

*** Simulation Finished at 2025/02/12 00:08:27 in nid008652. ***

