Warning(sock.c:516): connect locally (/global/homes/b/bpeck/.aos/tmp/nid008652/scheduler) failed: Invalid argument. 
/global/u2/b/bpeck/work/vismcao/maos -o studies/reduced_ngs/6_lgs/8mag_lgs/2250count -c master_files/reduced_ngs/6_lgs/8mag_lgs/kola_2250act.conf -O 
Output folder is 'studies/reduced_ngs/6_lgs/8mag_lgs/2250count'.
SRC: /global/homes/b/bpeck/code/maos v2.9 4c88b7c2 2024-11-13 16:45:33 -0800
BUILT: /global/homes/b/bpeck/code/maos/optim by GCC (v12) on 2024/11/18 09:40:03 CPU(F64,+O3) with CUDA(v122,F32)
Launched at 2025/02/12 00:02:21 in nid008652 with PID 771592.
The web based job monitor can be accessed at http://localhost:10300
Main config file is /global/u2/b/bpeck/work/vismcao/master_files/reduced_ngs/6_lgs/8mag_lgs/kola_2250act.conf
Warning(path.c:48): Path not found: path=/global/u2/b/bpeck/work/vismcao/master_files/reduced_ngs/6_lgs/8mag_lgs/bin; abspath=/global/u2/b/bpeck/work/vismcao/master_files/reduced_ngs/6_lgs/8mag_lgs/bin; Ignored.
Warning(path.c:48): Path not found: path=/global/u2/b/bpeck/work/vismcao/master_files/reduced_ngs/6_lgs/8mag_lgs/atm; abspath=/global/u2/b/bpeck/work/vismcao/master_files/reduced_ngs/6_lgs/8mag_lgs/atm; Ignored.
Warning(readcfg.c:399): sim.apfsm has been renamed to powfs.apfsm.
Warning(readcfg.c:399): sim.epfsm has been renamed to powfs.epfsm.
Warning(readcfg.c:399): sim.alfsm has been renamed to powfs.alfsm.
Warning(readcfg.c:399): sim.commonfsm has been renamed to powfs.commonfsm.
Warning(readcfg.c:399): sim.idealfsm has been renamed to powfs.idealfsm.
Warning(readcfg.c:399): sim.zetafsm has been renamed to powfs.zetafsm.
Warning(readcfg.c:399): sim.f0fsm has been renamed to powfs.f0fsm.
Warning(readcfg.c:399): tsurf has been renamed to ncpa.tsurf.
loaded 132 (132 new) records from '/global/u2/b/bpeck/work/vismcao/./keck_sim.conf'
loaded  19 ( 19 new) records from '/global/u2/b/bpeck/work/vismcao/./dm_none.conf'
loaded  19 (  0 new) records from '/global/u2/b/bpeck/work/vismcao/./keck_ASM.conf'
loaded  19 (  0 new) records from '/global/u2/b/bpeck/work/vismcao/./keck_DM2.conf'
loaded  19 (  0 new) records from '/global/u2/b/bpeck/work/vismcao/./keck_DM3.conf'
loaded   0 (  0 new) records from '/global/u2/b/bpeck/work/vismcao/./keck_dm_multiple.conf'
loaded   7 (  5 new) records from '/global/u2/b/bpeck/work/vismcao/./atm_mk13n50p_ground_detail.conf'
loaded  76 ( 69 new) records from '/global/homes/b/bpeck/code/maos/config/maos/powfs_common.conf'
loaded  44 ( 38 new) records from '/global/u2/b/bpeck/work/vismcao/./powfs_none.conf'
loaded  44 (  0 new) records from '/global/u2/b/bpeck/work/vismcao/./keck_shwfs_lgs.conf'
loaded  44 (  0 new) records from '/global/u2/b/bpeck/work/vismcao/./keck_shwfs_ttf_strap.conf'
loaded  44 (  0 new) records from '/global/u2/b/bpeck/work/vismcao/./keck_shwfs_twfs_lbwfs.conf'
loaded   0 (  0 new) records from '/global/u2/b/bpeck/work/vismcao/./keck_wfs_lgs_strap_lbwfs.conf'
loaded  71 ( 71 new) records from '/global/u2/b/bpeck/work/vismcao/./keck_recon.conf'
Warning(readcfg.c:399): dbg.na_smooth has been renamed to powfs0_llt.na_smooth.
Warning(readcfg.c:399): dbg.na_interp has been renamed to powfs0_llt.na_interp.
Warning(readcfg.c:399): dbg.na_thres has been renamed to powfs0_llt.na_thres.
Warning(readcfg.c:399): dbg.na_fit_maxit has been renamed to powfs0_llt.na_fit_maxit.
Warning(readcfg.c:399): dbg.na_fit_svdthres has been renamed to powfs0_llt.na_fit_svdthres.
Warning(readcfg.c:399): dbg.na_fit_dh has been renamed to powfs0_llt.na_fit_dh.
Warning(readcfg.c:399): dbg.ncpa_preload has been renamed to ncpa.preload.
Warning(readcfg.c:399): dbg.ncpa_rmsci has been renamed to ncpa.rmsci.
Warning(readcfg.c:399): dbg.draw_opdmax has been renamed to plot.opdmax.
Warning(readcfg.c:399): dbg.draw_gmax has been renamed to plot.gmax.
loaded  95 ( 93 new) records from '/global/u2/b/bpeck/work/vismcao/./keck_dbg.conf'
loaded   4 (  4 new) records from '/global/u2/b/bpeck/work/vismcao/./keck_fit_mcao.conf'
Warning(readcfg.c:399): surf has been renamed to ncpa.surf.
loaded  39 (  7 new) records from '/global/u2/b/bpeck/work/vismcao/master_files/reduced_ngs/6_lgs/8mag_lgs/kola_2250act.conf'
loaded   0 (  0 new) records from 'command line'
loaded  24 ( 18 new) records from '/global/u2/b/bpeck/work/vismcao/./keck_llt_CL.conf'
Adjust LGS range by telescope altitude 4145m.
Zenith angle is 30 degree.
    Scaling turbulence height and LGS hs by sec(za).
    Scaling r0 by cos(za)^(3/5).
    Scaling wind speed and LGS signal level by cos(za).
powfs0: Adjusting dx from 0.0078125 to 0.00792308. 
powfs0.llt.fsm: f0=0 Hz, LPF ep=0
powfs0.epfsm is set to 0.517618 (auto)
powfs2: Adjusting dx from 0.03125 to 0.0312778. 
powfs2 is TWFS for powfs0
sim.ephi is set to 0.427717 (auto)
sim.eplo is set to 0.427717 (auto)
Warning(parms.c:2296): Layer 1 at 17.3205m is very close to layer 0 at 0m (OK).
Warning(parms.c:2296): Layer 2 at 34.641m is very close to layer 1 at 17.3205m (OK).
Warning(parms.c:2296): Layer 3 at 51.9615m is very close to layer 2 at 34.641m (OK).
dm 0: stroke=30 um is provided in micron.
dm 0: assume ia stroke=2 um is provided in micron.
dm 1: stroke=7 um is provided in micron.
dm 1: assume ia stroke=2 um is provided in micron.
dm 2: stroke=7 um is provided in micron.
dm 2: assume ia stroke=2 um is provided in micron.
Focus blending is not implemented yet for integrated tomography
parms->sim.mffocus is reset to 0
There are 1 valid simulation seeds:  1
Output PSF for 1 directions
Used 449 of 456 supplied keys
Warning(readcfg.c:158): key "dbg.pwfs_flate" is not recognized, value is 0
Warning(readcfg.c:158): key "dbg.pwfs_flatv" is not recognized, value is 0
Warning(readcfg.c:158): key "dbg.pwfs_psx" is not recognized, value is [0 0 0 0]
Warning(readcfg.c:158): key "dbg.pwfs_psy" is not recognized, value is [0 0 0 0]
Warning(readcfg.c:158): key "dbg.pwfs_pupelong" is not recognized, value is 0
Warning(readcfg.c:158): key "dbg.pwfs_raw" is not recognized, value is 0
Warning(readcfg.c:158): key "dbg.pwfs_side" is not recognized, value is 4
[00;00mAperture[00;00m is 11 m with sampling 1/128 m
[00;00mTurbulence at 30 degree zenith angle:[00;00m r0=0.128424m, L0=30m, 14 layers.
    Greenwood freq is 25.1Hz, anisoplanatic angle is 1.58 as
    Sampled 8192x8192 at 1/128m. wind dir is randomized.
    layer 0: ht=      0 m, wt= 0.302, ws=  4.8 m/s
    layer 1: ht=     17 m, wt= 0.154, ws=  5.0 m/s
    layer 2: ht=     35 m, wt= 0.041, ws=  5.4 m/s
    layer 3: ht=     52 m, wt= 0.002, ws=  6.6 m/s
    layer 4: ht=    139 m, wt= 0.021, ws=  6.1 m/s
    layer 5: ht=    231 m, wt= 0.010, ws=  6.1 m/s
    layer 6: ht=    323 m, wt= 0.008, ws=  6.1 m/s
    layer 7: ht=    416 m, wt= 0.005, ws=  6.1 m/s
    layer 8: ht=    508 m, wt= 0.001, ws=  6.1 m/s
    layer 9: ht=    932 m, wt= 0.107, ws=  5.6 m/s
    layer 10: ht=   5022 m, wt= 0.144, ws= 11.1 m/s
    layer 11: ht=   9238 m, wt= 0.093, ws= 19.1 m/s
    layer 12: ht=  13856 m, wt= 0.075, ws=  8.2 m/s
    layer 13: ht=  22518 m, wt= 0.036, ws=  4.8 m/s
[00;00mReconstruction[00;00m: r0=0.128424m L0=30m. 14 layers. use cone coordinate.
    layer 0: ht=      0 m, wt= 0.302
    layer 1: ht=     17 m, wt= 0.154
    layer 2: ht=     35 m, wt= 0.041
    layer 3: ht=     52 m, wt= 0.002
    layer 4: ht=    139 m, wt= 0.021
    layer 5: ht=    231 m, wt= 0.010
    layer 6: ht=    323 m, wt= 0.008
    layer 7: ht=    416 m, wt= 0.005
    layer 8: ht=    508 m, wt= 0.001
    layer 9: ht=    932 m, wt= 0.107
    layer 10: ht=   5022 m, wt= 0.144
    layer 11: ht=   9238 m, wt= 0.093
    layer 12: ht=  13856 m, wt= 0.075
    layer 13: ht=  22518 m, wt= 0.036
[00;00mThere are 3 powfs[00;00m
  powfs0: Order 54, LGS at 99.1 km. Sampling 1/126.214 m. Thres 30%. [00;00mT/T is removed in right hand side in tomography.[00;00m
    CCD image is 25x25 @ 500x500 mas, blur 27% (sigma), 1500Hz, wvl: [ 5.89e-07]
    Gtilt in reconstruction. Physical optics start at 0 with [00;00m'matched filter'[00;00m [00;00m(noisy)[00;00m
  powfs1: Order  2, NGS at inf km. Sampling 1/16 m. Thres 30%. 
    Ztilt in reconstruction. Geomtric optics start at 2 with ztilt [00;00m(noisy)[00;00m
  powfs2: Order 20, NGS at inf km. Sampling 1/31.9716 m. Thres 50%. 
    CCD image is 4x4 @ 1500x1500 mas, blur 0% (sigma), 0.015Hz, wvl: [ 7.2e-07]
    Gtilt in reconstruction. Geomtric optics start at 50 with gtilt Physical optics start at 0 with [00;00m'matched filter'[00;00m [00;00m(noisy)[00;00m
[00;00mThere are 10 wfs[00;00m
    wfs 0: type 0, at (  30.00,    0.00) arcsec,  99 km, siglev is 50.8825 bkgrnd is 0.1
    wfs 1: type 0, at (  15.00,   25.98) arcsec,  99 km, siglev is 50.8825 bkgrnd is 0.1
    wfs 2: type 0, at ( -15.00,   25.98) arcsec,  99 km, siglev is 50.8825 bkgrnd is 0.1
    wfs 3: type 0, at ( -30.00,    0.00) arcsec,  99 km, siglev is 50.8825 bkgrnd is 0.1
    wfs 4: type 0, at ( -15.00,  -25.98) arcsec,  99 km, siglev is 50.8825 bkgrnd is 0.1
    wfs 5: type 0, at (  15.00,  -25.98) arcsec,  99 km, siglev is 50.8825 bkgrnd is 0.1
    wfs 6: type 1, at (   5.00,    8.66) arcsec, inf km, siglev is 42387.6 bkgrnd is 1.056
    wfs 7: type 1, at ( -10.00,    0.00) arcsec, inf km, siglev is 42387.6 bkgrnd is 1.056
    wfs 8: type 1, at (   5.00,   -8.66) arcsec, inf km, siglev is 42387.6 bkgrnd is 1.056
    wfs 9: type 2, at (   0.00,    0.00) arcsec, inf km, siglev is 4.1558e+06 bkgrnd is 0.001
[00;00mThere are 3 DMs[00;00m
  DM 0 at -0.1km, actuator pitch 0.206m, offset   0, with 30.000000 micron stroke.
    Normalized cubic influence function with inter-actuator coupling of 0.223
  DM 1 at    6km, actuator pitch 0.168m, offset   0, with 7.000000 micron stroke.
    Normalized cubic influence function with inter-actuator coupling of 0.223
  DM 2 at   10km, actuator pitch 0.168m, offset   0, with 7.000000 micron stroke.
    Normalized cubic influence function with inter-actuator coupling of 0.223
[00;00mTomography[00;00m is using CG, with [00;00mFourer Domain[00;00m preconditioner, [00;00m12[00;00m iterations, integrated tomo.
[00;00mDM Fitting [00;00mis using CG, with [00;00mNo[00;00m preconditioner, [00;00m10[00;00m iterations
[00;00mThere are 9 fit directions[00;00m
    Fit 0: weight is 0.444, at (   0.00,    0.00) arcsec
    Fit 1: weight is 0.111, at (  15.00,    0.00) arcsec
    Fit 2: weight is 0.111, at (   0.00,   15.00) arcsec
    Fit 3: weight is 0.111, at ( -15.00,    0.00) arcsec
    Fit 4: weight is 0.111, at (   0.00,  -15.00) arcsec
    Fit 5: weight is 0.028, at (  15.00,   15.00) arcsec
    Fit 6: weight is 0.028, at ( -15.00,   15.00) arcsec
    Fit 7: weight is 0.028, at ( -15.00,  -15.00) arcsec
    Fit 8: weight is 0.028, at (  15.00,  -15.00) arcsec
[00;00mThere are 1 evaluation directions[00;00m at sampling 1/128 m.
    Evl 0: weight is 1.000, at (   0.00,    0.00) arcsec
[00;00mSimulation[00;00m start at step 0, end at step 1600, with time step 1/1500s, [00;00mclose loop[00;00m.
After setup_parms:	120.5 MiB.
Warning(sock.c:516): connect locally (/global/homes/b/bpeck/.aos/tmp/nid008652/scheduler) failed: Invalid argument. 
CUDA: minimum memory requirement is 0.3GB
GPU 0 is NVIDIA A100-SXM4-80GB with arch 8.0, 78.6GB free, 79.0GB total device memory.
Using GPU 0
Use 1 GPUs for WFS Tomo Fit Evl

*** Preparation started at 2025/02/12 00:02:22 in nid008652. ***

Using OpenMP version 201511 with 128 threads
Reading aperture amplitude map from KECK.fits
Warning(accphi.c:477): 108447 points not covered by input screen
Warning(sock.c:516): connect locally (/global/homes/b/bpeck/.aos/tmp/nid008652/scheduler) failed: Invalid argument. 
 ->maos.c:447->setup.c:148->aper.c:74->utils.c:478->accphi.c:478
iwvl 0: Science PSF is using grid size of 2880. The PSF will sum to 6.95167232825486
iwvl 1: Science PSF is using grid size of 2880. The PSF will sum to 6.95167232825486
iwvl 2: Science PSF is using grid size of 2880. The PSF will sum to 6.95167232825486
iwvl 3: Science PSF is using grid size of 2880. The PSF will sum to 6.95167232825486
iwvl 4: Science PSF is using grid size of 2880. The PSF will sum to 6.95167232825486
iwvl 5: Science PSF is using grid size of 2880. The PSF will sum to 6.95167232825486
iwvl 6: Science PSF is using grid size of 2880. The PSF will sum to 6.95167232825486
iwvl 7: Science PSF is using grid size of 2880. The PSF will sum to 6.95167232825486
iwvl 8: Science PSF is using grid size of 2880. The PSF will sum to 6.95167232825486
After setup_aper:	344.7 MiB.

[00;00mSetting up powfs 0 geom[00;00m

There are 26 points in each subaperture of 0.206m.
There are 1760 valid subaperture.

[00;00mSetting up powfs 1 geom[00;00m

There are 88 points in each subaperture of 5.5m.
There are 4 valid subaperture.

[00;00mSetting up powfs 2 geom[00;00m

There are 18 points in each subaperture of 0.563m.
There are 236 valid subaperture.
After setup_powfs_init:	416.3 MiB.

[00;00mSetting up reconstructor geometry.[00;00m

PLOC is 111x111, with sampling of 0.10m (square)
    DM 0: grid is 57 x 57
    DM 1: grid is 75 x 75
    DM 2: grid is 81 x 79
FLOC is 111x111, with sampling of 0.10m (not square)
Tomography grid is square:
    layer 0: xloc grid is 192 x 192, sampling is 0.103 m, 36864 points
    layer 1: xloc grid is 192 x 192, sampling is 0.103 m, 36864 points
    layer 2: xloc grid is 192 x 192, sampling is 0.103 m, 36864 points
    layer 3: xloc grid is 192 x 192, sampling is 0.103 m, 36864 points
    layer 4: xloc grid is 192 x 192, sampling is 0.103 m, 36864 points
    layer 5: xloc grid is 192 x 192, sampling is 0.103 m, 36864 points
    layer 6: xloc grid is 192 x 192, sampling is 0.103 m, 36864 points
    layer 7: xloc grid is 192 x 192, sampling is 0.103 m, 36864 points
    layer 8: xloc grid is 192 x 192, sampling is 0.102 m, 36864 points
    layer 9: xloc grid is 192 x 192, sampling is 0.102 m, 36864 points
    layer 10: xloc grid is 192 x 192, sampling is 0.098 m, 36864 points
    layer 11: xloc grid is 192 x 192, sampling is 0.093 m, 36864 points
    layer 12: xloc grid is 192 x 192, sampling is 0.089 m, 36864 points
Warning(map.c:195): ninx=192 is too small. need 193
Warning(map.c:200): niny=192 is too small. need 193
    layer 13: xloc grid is 192 x 192, sampling is 0.080 m, 36864 points

[00;00mSetting up powfs 0 PO WFS[00;00m

OTF dimension is 54x54 (calculated)
There is no bias
Uplink FWHM (illt 0, iwvl 0) is 0.577752"
Downlink FWHM (illt 0, iwvl 0) is 1.16464"
Generating matched filter for powfs 0
sa index   location       noise equivalent angle
     878: (  4.9,  -0.2) m, ( 94.49,  91.95) mas
     872: (  3.7,  -0.2) m, (101.97,  92.98) mas
     867: (  2.7,  -0.2) m, (110.02,  93.90) mas
     862: (  1.6,  -0.2) m, (118.98,  94.84) mas
     860: (  1.2,  -0.2) m, (122.87,  95.21) mas
     609: ( -0.6,  -1.4) m, (143.75,  98.96) mas
     858: ( -1.6,  -0.2) m, (155.92,  97.61) mas
     852: ( -2.9,  -0.2) m, (170.94,  98.53) mas
     847: ( -3.9,  -0.2) m, (184.57,  99.29) mas
     841: ( -5.1,  -0.2) m, (199.99, 100.15) mas
     840: ( -5.4,  -0.2) m, (202.80, 100.31) mas
sa index   location       noise equivalent angle
    1722: (  2.5,   4.3) m, ( 92.50,  93.81) mas
    1565: (  1.9,   3.3) m, ( 99.76, 105.71) mas
    1374: (  1.2,   2.3) m, ( 98.53, 106.99) mas
    1292: (  1.0,   1.9) m, (102.96, 113.78) mas
    1153: (  0.6,   1.2) m, (103.00, 116.47) mas
     943: ( -1.4,   0.2) m, (119.67, 126.43) mas
     608: ( -0.8,  -1.4) m, (114.99, 144.25) mas
     469: ( -1.2,  -2.1) m, (120.66, 154.65) mas
     196: ( -2.1,  -3.5) m, (132.72, 180.29) mas
     131: ( -2.3,  -3.9) m, (128.06, 174.35) mas
      39: ( -2.7,  -4.5) m, (132.01, 181.68) mas
sa index   location       noise equivalent angle
    1697: ( -2.7,   4.3) m, ( 92.50,  93.81) mas
    1546: ( -2.1,   3.3) m, ( 99.84, 105.95) mas
    1361: ( -1.4,   2.3) m, ( 98.53, 106.99) mas
    1281: ( -1.2,   1.9) m, (102.48, 113.48) mas
    1146: ( -0.8,   1.2) m, (103.00, 116.47) mas
     944: (  1.2,   0.2) m, (119.67, 126.43) mas
     615: (  0.6,  -1.4) m, (114.99, 144.25) mas
     480: (  1.0,  -2.1) m, (121.14, 155.00) mas
     215: (  1.9,  -3.5) m, (132.70, 180.33) mas
     152: (  2.1,  -3.9) m, (128.06, 174.35) mas
      64: (  2.5,  -4.5) m, (132.01, 181.68) mas
sa index   location       noise equivalent angle
     841: ( -5.1,  -0.2) m, ( 94.49,  91.95) mas
     847: ( -3.9,  -0.2) m, (101.97,  92.98) mas
     852: ( -2.9,  -0.2) m, (110.02,  93.90) mas
     857: ( -1.9,  -0.2) m, (118.98,  94.84) mas
     859: ( -1.4,  -0.2) m, (124.19,  96.51) mas
     614: (  0.4,  -1.4) m, (143.75,  98.96) mas
     861: (  1.4,  -0.2) m, (155.92,  97.61) mas
     867: (  2.7,  -0.2) m, (170.94,  98.53) mas
     872: (  3.7,  -0.2) m, (184.56,  99.29) mas
     878: (  4.9,  -0.2) m, (199.99, 100.15) mas
     879: (  5.1,  -0.2) m, (202.80, 100.31) mas
sa index   location       noise equivalent angle
      39: ( -2.7,  -4.5) m, ( 92.50,  93.81) mas
     196: ( -2.1,  -3.5) m, ( 99.84, 106.23) mas
     387: ( -1.4,  -2.5) m, ( 98.53, 106.99) mas
     469: ( -1.2,  -2.1) m, (101.73, 112.68) mas
     608: ( -0.8,  -1.4) m, (103.00, 116.47) mas
     818: (  1.2,  -0.4) m, (119.67, 126.43) mas
    1153: (  0.6,   1.2) m, (114.99, 144.25) mas
    1292: (  1.0,   1.9) m, (122.10, 156.08) mas
    1565: (  1.9,   3.3) m, (132.69, 180.13) mas
    1630: (  2.1,   3.7) m, (128.06, 174.35) mas
    1722: (  2.5,   4.3) m, (132.01, 181.68) mas
sa index   location       noise equivalent angle
      64: (  2.5,  -4.5) m, ( 92.50,  93.81) mas
     215: (  1.9,  -3.5) m, ( 99.77, 106.14) mas
     400: (  1.2,  -2.5) m, ( 98.53, 106.99) mas
     480: (  1.0,  -2.1) m, (102.15, 112.94) mas
     615: (  0.6,  -1.4) m, (103.00, 116.47) mas
     817: ( -1.4,  -0.4) m, (119.67, 126.43) mas
    1146: ( -0.8,   1.2) m, (114.99, 144.25) mas
    1281: ( -1.2,   1.9) m, (121.57, 155.68) mas
    1546: ( -2.1,   3.3) m, (132.73, 180.26) mas
    1609: ( -2.3,   3.7) m, (128.06, 174.35) mas
    1697: ( -2.7,   4.3) m, (132.01, 181.68) mas

[00;00mSetting up powfs 2 PO WFS[00;00m

OTF dimension is 48x48 (calculated)
Generating matched filter for powfs 2
Use sanea to derive neasim
Use sanea to derive neasim

[00;00mSetting up reconstructor[00;00m

Recon NEA: cmf(127.13) cmf(127.00) cmf(127.02) cmf(127.16) cmf(126.91) cmf(126.90) geom(0.31) geom(0.31) geom(0.31) mf(0.14)  mas
Setup or update control matrix parameters.
RRtwfs svd threshold is 1e-10
Replacing HA by HA*fit->actextrap
Adding piston cr to fit matrix
Adding TT cr on upper DMs to fit matrix.
Before assembling fit matrix:	3057.9 MiB.
Building fit->FR
Building fit->FL
Adding tikhonov constraint of 1.0e-07 to FLM
The maximum eigen value is estimated to be around 3.2e-04
DM Fit number of Low rank terms: 16 in LHS
After assemble fit matrix:	4331.4 MiB.
After setup_recon:	4331.4 MiB.
GPU 0: mem used 1658 MB (wfs init)
GPU 0: mem used 2316 MB (recon init)
GPU 0: mem used 2346 MB (perf init)

*** Simulation started at 2025/02/12 00:03:51 in nid008652. ***

Running seed 1
GPU 0: mem used 2348 MB (wfs seeding)
Wind dir: 267.3 261.7 167.0 130.5 300.7  32.3 119.8 139.0 150.8 277.7 203.0 133.1  45.9 265.1 deg
Using /global/homes/b/bpeck/.aos/cache/atm/vonkarman_14_8192x8192_0.0078125_1115374592d.bin
After genatm:	4235.2 MiB.
Step     #  Open Loop  PR TT  On axis  PR TT  Field RMS PR TT     Timing 
Step     0: OL  884.6  248.3  OA  884.6 248.3 CL  884.6 248.3 nm  0.187 s
Step    20: OL  916.1  255.8  OA  136.6  16.3 CL  136.6  16.3 nm  0.049 s
Step    43: OL  951.6  260.8  OA  132.6  11.5 CL  132.6  11.5 nm  0.043 s
Step    66: OL  985.6  260.2  OA  133.5   9.3 CL  133.5   9.3 nm  0.041 s
Step    89: OL 1020.5  258.0  OA  131.5  26.5 CL  131.5  26.5 nm  0.043 s
Step   111: OL 1054.2  257.6  OA  127.4   8.0 CL  127.4   8.0 nm  0.044 s
Step   135: OL 1088.9  261.6  OA  128.8  11.6 CL  128.8  11.6 nm  0.042 s
Step   158: OL 1117.6  271.0  OA  132.4   8.4 CL  132.4   8.4 nm  0.040 s
Step   181: OL 1139.6  284.5  OA  135.0  19.4 CL  135.0  19.4 nm  0.044 s
Step   204: OL 1153.4  299.4  OA  129.7  10.2 CL  129.7  10.2 nm  0.043 s
Step   226: OL 1160.3  313.5  OA  130.3  10.3 CL  130.3  10.3 nm  0.040 s
Step   249: OL 1159.7  329.1  OA  129.7  10.5 CL  129.7  10.5 nm  0.048 s
Step   255 updated high order loop gain: 0.377
Step   272: OL 1147.5  345.7  OA  129.0  12.2 CL  129.0  12.2 nm  0.041 s
Step   295: OL 1125.8  363.6  OA  132.4  20.4 CL  132.4  20.4 nm  0.046 s
Step   318: OL 1098.9  384.6  OA  130.1   9.9 CL  130.1   9.9 nm  0.041 s
Step   341: OL 1068.7  409.6  OA  131.1  17.4 CL  131.1  17.4 nm  0.041 s
Step   365: OL 1038.3  441.4  OA  123.4  15.8 CL  123.4  15.8 nm  0.042 s
Step   388: OL 1012.0  474.5  OA  127.8  19.3 CL  127.8  19.3 nm  0.051 s
Step   411: OL  986.5  507.3  OA  133.0  23.2 CL  133.0  23.2 nm  0.042 s
Step   434: OL  960.5  538.1  OA  129.2  27.2 CL  129.2  27.2 nm  0.042 s
Step   456: OL  938.6  566.8  OA  123.7  17.2 CL  123.7  17.2 nm  0.043 s
Step   480: OL  925.6  597.8  OA  135.0  21.4 CL  135.0  21.4 nm  0.042 s
Step   503: OL  925.1  625.4  OA  134.6  13.9 CL  134.6  13.9 nm  0.041 s
Step   511 updated high order loop gain: 0.357
Step   526: OL  931.5  648.1  OA  135.7  12.9 CL  135.7  12.9 nm  0.049 s
Step   549: OL  944.1  662.6  OA  134.2   2.8 CL  134.2   2.8 nm  0.042 s
Step   571: OL  962.6  669.2  OA  130.6   4.6 CL  130.6   4.6 nm  0.042 s
Step   595: OL  988.0  669.8  OA  126.7   8.6 CL  126.7   8.6 nm  0.039 s
Step   618: OL 1015.3  661.8  OA  126.1   6.4 CL  126.1   6.4 nm  0.041 s
Step   642: OL 1043.1  645.4  OA  130.7  13.5 CL  130.7  13.5 nm  0.045 s
Step   665: OL 1066.1  624.0  OA  130.3  16.1 CL  130.3  16.1 nm  0.041 s
Step   688: OL 1086.6  600.0  OA  133.3  21.3 CL  133.3  21.3 nm  0.041 s
Step   712: OL 1102.9  572.4  OA  133.8   7.6 CL  133.8   7.6 nm  0.042 s
Step   736: OL 1109.7  542.7  OA  132.2  12.6 CL  132.2  12.6 nm  0.040 s
Step   759: OL 1106.6  514.8  OA  131.0   5.7 CL  131.0   5.7 nm  0.041 s
Step   767 updated high order loop gain: 0.348
Step   780: OL 1095.6  490.8  OA  131.2   9.3 CL  131.2   9.3 nm  0.041 s
Step   803: OL 1074.3  465.1  OA  131.4   4.8 CL  131.4   4.8 nm  0.041 s
Step   827: OL 1043.8  438.4  OA  131.6  16.8 CL  131.6  16.8 nm  0.040 s
Step   850: OL 1008.2  414.4  OA  130.9  27.6 CL  130.9  27.6 nm  0.049 s
Step   874: OL  969.9  393.0  OA  129.5  15.3 CL  129.5  15.3 nm  0.042 s
Step   898: OL  933.1  376.1  OA  128.2  16.9 CL  128.2  16.9 nm  0.047 s
Step   921: OL  894.9  363.8  OA  131.1  15.0 CL  131.1  15.0 nm  0.044 s
Step   945: OL  856.2  352.5  OA  128.4  18.9 CL  128.4  18.9 nm  0.063 s
Step   968: OL  823.5  340.5  OA  128.5  17.6 CL  128.5  17.6 nm  0.041 s
Step   992: OL  797.4  325.4  OA  129.2  18.9 CL  129.2  18.9 nm  0.041 s
Step  1015: OL  776.9  308.3  OA  130.2   4.9 CL  130.2   4.9 nm  0.043 s
Step  1023 updated high order loop gain: 0.347
Step  1036: OL  762.9  291.7  OA  135.2  11.8 CL  135.2  11.8 nm  0.042 s
Step  1059: OL  750.3  271.1  OA  136.1  25.7 CL  136.1  25.7 nm  0.049 s
Step  1083: OL  740.9  244.8  OA  134.9  24.8 CL  134.9  24.8 nm  0.041 s
Step  1106: OL  738.0  219.2  OA  140.1  42.2 CL  140.1  42.2 nm  0.049 s
Step  1129: OL  738.6  197.8  OA  135.7  36.8 CL  135.7  36.8 nm  0.041 s
Step  1152: OL  740.6  182.3  OA  129.9  32.1 CL  129.9  32.1 nm  0.042 s
Step  1175: OL  742.0  172.9  OA  129.2  28.2 CL  129.2  28.2 nm  0.042 s
Step  1198: OL  745.9  167.6  OA  130.5  25.4 CL  130.5  25.4 nm  0.041 s
Step  1222: OL  750.5  164.0  OA  132.4  39.1 CL  132.4  39.1 nm  0.047 s
Step  1246: OL  753.2  165.4  OA  122.9  17.5 CL  122.9  17.5 nm  0.056 s
Step  1269: OL  756.2  173.6  OA  126.9  19.0 CL  126.9  19.0 nm  0.049 s
Step  1279 updated high order loop gain: 0.342
Step  1288: OL  760.5  184.0  OA  132.8  31.6 CL  132.8  31.6 nm  0.040 s
Step  1312: OL  767.7  200.6  OA  139.9  27.8 CL  139.9  27.8 nm  0.053 s
Step  1336: OL  775.6  220.7  OA  138.0  29.3 CL  138.0  29.3 nm  0.041 s
Step  1357: OL  786.9  239.7  OA  133.6  22.1 CL  133.6  22.1 nm  0.047 s
Step  1381: OL  804.4  257.0  OA  127.8  17.6 CL  127.8  17.6 nm  0.042 s
Step  1405: OL  826.2  268.2  OA  132.2  19.9 CL  132.2  19.9 nm  0.049 s
Step  1429: OL  852.1  274.6  OA  138.6  31.5 CL  138.6  31.5 nm  0.042 s
Step  1451: OL  875.1  278.6  OA  132.4  18.5 CL  132.4  18.5 nm  0.097 s
Step  1474: OL  894.6  278.9  OA  128.1  13.9 CL  128.1  13.9 nm  0.041 s
Step  1498: OL  904.2  273.5  OA  131.7   1.9 CL  131.7   1.9 nm  0.045 s
Step  1522: OL  903.4  262.9  OA  133.5  14.8 CL  133.5  14.8 nm  0.040 s
Step  1535 updated high order loop gain: 0.337
Step  1546: OL  893.7  248.4  OA  135.2  18.8 CL  135.2  18.8 nm  0.049 s
Step  1570: OL  880.7  233.0  OA  137.7  18.7 CL  137.7  18.7 nm  0.041 s
Step  1593: OL  865.4  221.6  OA  137.4   6.2 CL  137.4   6.2 nm  0.046 s
Step 1599: Output PSF
Step  1599: OL  860.9  219.1  OA  137.7   5.4 CL  137.7   5.4 nm 13.413 s
Mean: 131.66 19.84 130.16  nm.

*** Simulation Finished at 2025/02/12 00:05:23 in nid008652. ***

