Warning(sock.c:516): connect locally (/global/homes/b/bpeck/.aos/tmp/nid008213/scheduler) failed: Invalid argument. 
/global/u2/b/bpeck/work/vismcao/maos -o studies/reduced_ngs/10_lgs/8mag_lgs/1250count -c master_files/reduced_ngs/10_lgs/8mag_lgs/kola_1250act.conf -O 
Output folder is 'studies/reduced_ngs/10_lgs/8mag_lgs/1250count'.
SRC: /global/homes/b/bpeck/code/maos v2.9 4c88b7c2 2024-11-13 16:45:33 -0800
BUILT: /global/homes/b/bpeck/code/maos/optim by GCC (v12) on 2024/11/18 09:40:03 CPU(F64,+O3) with CUDA(v122,F32)
Launched at 2025/02/12 00:15:39 in nid008213 with PID 708646.
The web based job monitor can be accessed at http://localhost:10300
Main config file is /global/u2/b/bpeck/work/vismcao/master_files/reduced_ngs/10_lgs/8mag_lgs/kola_1250act.conf
Warning(path.c:48): Path not found: path=/global/u2/b/bpeck/work/vismcao/master_files/reduced_ngs/10_lgs/8mag_lgs/bin; abspath=/global/u2/b/bpeck/work/vismcao/master_files/reduced_ngs/10_lgs/8mag_lgs/bin; Ignored.
Warning(path.c:48): Path not found: path=/global/u2/b/bpeck/work/vismcao/master_files/reduced_ngs/10_lgs/8mag_lgs/atm; abspath=/global/u2/b/bpeck/work/vismcao/master_files/reduced_ngs/10_lgs/8mag_lgs/atm; Ignored.
Warning(readcfg.c:399): sim.apfsm has been renamed to powfs.apfsm.
Warning(readcfg.c:399): sim.epfsm has been renamed to powfs.epfsm.
Warning(readcfg.c:399): sim.alfsm has been renamed to powfs.alfsm.
Warning(readcfg.c:399): sim.commonfsm has been renamed to powfs.commonfsm.
Warning(readcfg.c:399): sim.idealfsm has been renamed to powfs.idealfsm.
Warning(readcfg.c:399): sim.zetafsm has been renamed to powfs.zetafsm.
Warning(readcfg.c:399): sim.f0fsm has been renamed to powfs.f0fsm.
Warning(readcfg.c:399): tsurf has been renamed to ncpa.tsurf.
loaded 132 (132 new) records from '/global/u2/b/bpeck/work/vismcao/./keck_sim.conf'
loaded  19 ( 19 new) records from '/global/u2/b/bpeck/work/vismcao/./dm_none.conf'
loaded  19 (  0 new) records from '/global/u2/b/bpeck/work/vismcao/./keck_ASM.conf'
loaded  19 (  0 new) records from '/global/u2/b/bpeck/work/vismcao/./keck_DM2.conf'
loaded  19 (  0 new) records from '/global/u2/b/bpeck/work/vismcao/./keck_DM3.conf'
loaded   0 (  0 new) records from '/global/u2/b/bpeck/work/vismcao/./keck_dm_multiple.conf'
loaded   7 (  5 new) records from '/global/u2/b/bpeck/work/vismcao/./atm_mk13n50p_ground_detail.conf'
loaded  76 ( 69 new) records from '/global/homes/b/bpeck/code/maos/config/maos/powfs_common.conf'
loaded  44 ( 38 new) records from '/global/u2/b/bpeck/work/vismcao/./powfs_none.conf'
loaded  44 (  0 new) records from '/global/u2/b/bpeck/work/vismcao/./keck_shwfs_lgs.conf'
loaded  44 (  0 new) records from '/global/u2/b/bpeck/work/vismcao/./keck_shwfs_ttf_strap.conf'
loaded  44 (  0 new) records from '/global/u2/b/bpeck/work/vismcao/./keck_shwfs_twfs_lbwfs.conf'
loaded   0 (  0 new) records from '/global/u2/b/bpeck/work/vismcao/./keck_wfs_lgs_strap_lbwfs.conf'
loaded  71 ( 71 new) records from '/global/u2/b/bpeck/work/vismcao/./keck_recon.conf'
Warning(readcfg.c:399): dbg.na_smooth has been renamed to powfs0_llt.na_smooth.
Warning(readcfg.c:399): dbg.na_interp has been renamed to powfs0_llt.na_interp.
Warning(readcfg.c:399): dbg.na_thres has been renamed to powfs0_llt.na_thres.
Warning(readcfg.c:399): dbg.na_fit_maxit has been renamed to powfs0_llt.na_fit_maxit.
Warning(readcfg.c:399): dbg.na_fit_svdthres has been renamed to powfs0_llt.na_fit_svdthres.
Warning(readcfg.c:399): dbg.na_fit_dh has been renamed to powfs0_llt.na_fit_dh.
Warning(readcfg.c:399): dbg.ncpa_preload has been renamed to ncpa.preload.
Warning(readcfg.c:399): dbg.ncpa_rmsci has been renamed to ncpa.rmsci.
Warning(readcfg.c:399): dbg.draw_opdmax has been renamed to plot.opdmax.
Warning(readcfg.c:399): dbg.draw_gmax has been renamed to plot.gmax.
loaded  95 ( 93 new) records from '/global/u2/b/bpeck/work/vismcao/./keck_dbg.conf'
loaded   4 (  4 new) records from '/global/u2/b/bpeck/work/vismcao/./keck_fit_mcao.conf'
Warning(readcfg.c:399): surf has been renamed to ncpa.surf.
loaded  39 (  7 new) records from '/global/u2/b/bpeck/work/vismcao/master_files/reduced_ngs/10_lgs/8mag_lgs/kola_1250act.conf'
loaded   0 (  0 new) records from 'command line'
loaded  24 ( 18 new) records from '/global/u2/b/bpeck/work/vismcao/./keck_llt_CL.conf'
Adjust LGS range by telescope altitude 4145m.
Zenith angle is 30 degree.
    Scaling turbulence height and LGS hs by sec(za).
    Scaling r0 by cos(za)^(3/5).
    Scaling wind speed and LGS signal level by cos(za).
powfs0: Adjusting dx from 0.0078125 to 0.00766667. 
powfs0.llt.fsm: f0=0 Hz, LPF ep=0
powfs0.epfsm is set to 0.517618 (auto)
powfs2: Adjusting dx from 0.03125 to 0.0312778. 
powfs2 is TWFS for powfs0
sim.ephi is set to 0.427717 (auto)
sim.eplo is set to 0.427717 (auto)
Warning(parms.c:2296): Layer 1 at 17.3205m is very close to layer 0 at 0m (OK).
Warning(parms.c:2296): Layer 2 at 34.641m is very close to layer 1 at 17.3205m (OK).
Warning(parms.c:2296): Layer 3 at 51.9615m is very close to layer 2 at 34.641m (OK).
dm 0: stroke=30 um is provided in micron.
dm 0: assume ia stroke=2 um is provided in micron.
dm 1: stroke=7 um is provided in micron.
dm 1: assume ia stroke=2 um is provided in micron.
dm 2: stroke=7 um is provided in micron.
dm 2: assume ia stroke=2 um is provided in micron.
Focus blending is not implemented yet for integrated tomography
parms->sim.mffocus is reset to 0
There are 1 valid simulation seeds:  1
Output PSF for 1 directions
Used 449 of 456 supplied keys
Warning(readcfg.c:158): key "dbg.pwfs_flate" is not recognized, value is 0
Warning(readcfg.c:158): key "dbg.pwfs_flatv" is not recognized, value is 0
Warning(readcfg.c:158): key "dbg.pwfs_psx" is not recognized, value is [0 0 0 0]
Warning(readcfg.c:158): key "dbg.pwfs_psy" is not recognized, value is [0 0 0 0]
Warning(readcfg.c:158): key "dbg.pwfs_pupelong" is not recognized, value is 0
Warning(readcfg.c:158): key "dbg.pwfs_raw" is not recognized, value is 0
Warning(readcfg.c:158): key "dbg.pwfs_side" is not recognized, value is 4
[00;00mAperture[00;00m is 11 m with sampling 1/128 m
[00;00mTurbulence at 30 degree zenith angle:[00;00m r0=0.128424m, L0=30m, 14 layers.
    Greenwood freq is 25.1Hz, anisoplanatic angle is 1.58 as
    Sampled 8192x8192 at 1/128m. wind dir is randomized.
    layer 0: ht=      0 m, wt= 0.302, ws=  4.8 m/s
    layer 1: ht=     17 m, wt= 0.154, ws=  5.0 m/s
    layer 2: ht=     35 m, wt= 0.041, ws=  5.4 m/s
    layer 3: ht=     52 m, wt= 0.002, ws=  6.6 m/s
    layer 4: ht=    139 m, wt= 0.021, ws=  6.1 m/s
    layer 5: ht=    231 m, wt= 0.010, ws=  6.1 m/s
    layer 6: ht=    323 m, wt= 0.008, ws=  6.1 m/s
    layer 7: ht=    416 m, wt= 0.005, ws=  6.1 m/s
    layer 8: ht=    508 m, wt= 0.001, ws=  6.1 m/s
    layer 9: ht=    932 m, wt= 0.107, ws=  5.6 m/s
    layer 10: ht=   5022 m, wt= 0.144, ws= 11.1 m/s
    layer 11: ht=   9238 m, wt= 0.093, ws= 19.1 m/s
    layer 12: ht=  13856 m, wt= 0.075, ws=  8.2 m/s
    layer 13: ht=  22518 m, wt= 0.036, ws=  4.8 m/s
[00;00mReconstruction[00;00m: r0=0.128424m L0=30m. 14 layers. use cone coordinate.
    layer 0: ht=      0 m, wt= 0.302
    layer 1: ht=     17 m, wt= 0.154
    layer 2: ht=     35 m, wt= 0.041
    layer 3: ht=     52 m, wt= 0.002
    layer 4: ht=    139 m, wt= 0.021
    layer 5: ht=    231 m, wt= 0.010
    layer 6: ht=    323 m, wt= 0.008
    layer 7: ht=    416 m, wt= 0.005
    layer 8: ht=    508 m, wt= 0.001
    layer 9: ht=    932 m, wt= 0.107
    layer 10: ht=   5022 m, wt= 0.144
    layer 11: ht=   9238 m, wt= 0.093
    layer 12: ht=  13856 m, wt= 0.075
    layer 13: ht=  22518 m, wt= 0.036
[00;00mThere are 3 powfs[00;00m
  powfs0: Order 40, LGS at 99.1 km. Sampling 1/130.435 m. Thres 30%. [00;00mT/T is removed in right hand side in tomography.[00;00m
    CCD image is 25x25 @ 500x500 mas, blur 27% (sigma), 1500Hz, wvl: [ 5.89e-07]
    Gtilt in reconstruction. Physical optics start at 0 with [00;00m'matched filter'[00;00m [00;00m(noisy)[00;00m
  powfs1: Order  2, NGS at inf km. Sampling 1/16 m. Thres 30%. 
    Ztilt in reconstruction. Geomtric optics start at 2 with ztilt [00;00m(noisy)[00;00m
  powfs2: Order 20, NGS at inf km. Sampling 1/31.9716 m. Thres 50%. 
    CCD image is 4x4 @ 1500x1500 mas, blur 0% (sigma), 0.015Hz, wvl: [ 7.2e-07]
    Gtilt in reconstruction. Geomtric optics start at 50 with gtilt Physical optics start at 0 with [00;00m'matched filter'[00;00m [00;00m(noisy)[00;00m
[00;00mThere are 14 wfs[00;00m
    wfs 0: type 0, at (  30.00,    0.00) arcsec,  99 km, siglev is 91.338 bkgrnd is 0.1
    wfs 1: type 0, at (  24.27,   17.63) arcsec,  99 km, siglev is 91.338 bkgrnd is 0.1
    wfs 2: type 0, at (   9.27,   28.53) arcsec,  99 km, siglev is 91.338 bkgrnd is 0.1
    wfs 3: type 0, at (  -9.27,   28.53) arcsec,  99 km, siglev is 91.338 bkgrnd is 0.1
    wfs 4: type 0, at ( -24.27,   17.63) arcsec,  99 km, siglev is 91.338 bkgrnd is 0.1
    wfs 5: type 0, at ( -30.00,    0.00) arcsec,  99 km, siglev is 91.338 bkgrnd is 0.1
    wfs 6: type 0, at ( -24.27,  -17.63) arcsec,  99 km, siglev is 91.338 bkgrnd is 0.1
    wfs 7: type 0, at (  -9.27,  -28.53) arcsec,  99 km, siglev is 91.338 bkgrnd is 0.1
    wfs 8: type 0, at (   9.27,  -28.53) arcsec,  99 km, siglev is 91.338 bkgrnd is 0.1
    wfs 9: type 0, at (  24.27,  -17.63) arcsec,  99 km, siglev is 91.338 bkgrnd is 0.1
    wfs 10: type 1, at (   5.00,    8.66) arcsec, inf km, siglev is 42387.6 bkgrnd is 1.056
    wfs 11: type 1, at ( -10.00,    0.00) arcsec, inf km, siglev is 42387.6 bkgrnd is 1.056
    wfs 12: type 1, at (   5.00,   -8.66) arcsec, inf km, siglev is 42387.6 bkgrnd is 1.056
    wfs 13: type 2, at (   0.00,    0.00) arcsec, inf km, siglev is 4.1558e+06 bkgrnd is 0.001
[00;00mThere are 3 DMs[00;00m
  DM 0 at -0.1km, actuator pitch 0.276m, offset   0, with 30.000000 micron stroke.
    Normalized cubic influence function with inter-actuator coupling of 0.223
  DM 1 at    6km, actuator pitch 0.168m, offset   0, with 7.000000 micron stroke.
    Normalized cubic influence function with inter-actuator coupling of 0.223
  DM 2 at   10km, actuator pitch 0.168m, offset   0, with 7.000000 micron stroke.
    Normalized cubic influence function with inter-actuator coupling of 0.223
[00;00mTomography[00;00m is using CG, with [00;00mFourer Domain[00;00m preconditioner, [00;00m12[00;00m iterations, integrated tomo.
[00;00mDM Fitting [00;00mis using CG, with [00;00mNo[00;00m preconditioner, [00;00m10[00;00m iterations
[00;00mThere are 9 fit directions[00;00m
    Fit 0: weight is 0.444, at (   0.00,    0.00) arcsec
    Fit 1: weight is 0.111, at (  15.00,    0.00) arcsec
    Fit 2: weight is 0.111, at (   0.00,   15.00) arcsec
    Fit 3: weight is 0.111, at ( -15.00,    0.00) arcsec
    Fit 4: weight is 0.111, at (   0.00,  -15.00) arcsec
    Fit 5: weight is 0.028, at (  15.00,   15.00) arcsec
    Fit 6: weight is 0.028, at ( -15.00,   15.00) arcsec
    Fit 7: weight is 0.028, at ( -15.00,  -15.00) arcsec
    Fit 8: weight is 0.028, at (  15.00,  -15.00) arcsec
[00;00mThere are 1 evaluation directions[00;00m at sampling 1/128 m.
    Evl 0: weight is 1.000, at (   0.00,    0.00) arcsec
[00;00mSimulation[00;00m start at step 0, end at step 1600, with time step 1/1500s, [00;00mclose loop[00;00m.
After setup_parms:	120.5 MiB.
Warning(sock.c:516): connect locally (/global/homes/b/bpeck/.aos/tmp/nid008213/scheduler) failed: Invalid argument. 
CUDA: minimum memory requirement is 0.4GB
GPU 0 is NVIDIA A100-SXM4-80GB with arch 8.0, 78.6GB free, 79.0GB total device memory.
Using GPU 0
Use 1 GPUs for WFS Tomo Fit Evl

*** Preparation started at 2025/02/12 00:15:40 in nid008213. ***

Using OpenMP version 201511 with 128 threads
Reading aperture amplitude map from KECK.fits
Warning(accphi.c:477): 108409 points not covered by input screen
Warning(sock.c:516): connect locally (/global/homes/b/bpeck/.aos/tmp/nid008213/scheduler) failed: Invalid argument. 
 ->maos.c:447->setup.c:148->aper.c:74->utils.c:478->accphi.c:478
iwvl 0: Science PSF is using grid size of 2880. The PSF will sum to 6.95167232825486
iwvl 1: Science PSF is using grid size of 2880. The PSF will sum to 6.95167232825486
iwvl 2: Science PSF is using grid size of 2880. The PSF will sum to 6.95167232825486
iwvl 3: Science PSF is using grid size of 2880. The PSF will sum to 6.95167232825486
iwvl 4: Science PSF is using grid size of 2880. The PSF will sum to 6.95167232825486
iwvl 5: Science PSF is using grid size of 2880. The PSF will sum to 6.95167232825486
iwvl 6: Science PSF is using grid size of 2880. The PSF will sum to 6.95167232825486
iwvl 7: Science PSF is using grid size of 2880. The PSF will sum to 6.95167232825486
iwvl 8: Science PSF is using grid size of 2880. The PSF will sum to 6.95167232825486
After setup_aper:	343.0 MiB.

[00;00mSetting up powfs 0 geom[00;00m

There are 36 points in each subaperture of 0.276m.
There are 995 valid subaperture.

[00;00mSetting up powfs 1 geom[00;00m

There are 88 points in each subaperture of 5.5m.
There are 4 valid subaperture.

[00;00mSetting up powfs 2 geom[00;00m

There are 18 points in each subaperture of 0.563m.
There are 236 valid subaperture.
After setup_powfs_init:	429.1 MiB.

[00;00mSetting up reconstructor geometry.[00;00m

PLOC is 83x83, with sampling of 0.14m (square)
    DM 0: grid is 45 x 43
    DM 1: grid is 75 x 75
    DM 2: grid is 81 x 79
FLOC is 83x83, with sampling of 0.14m (not square)
Tomography grid is square:
    layer 0: xloc grid is 144 x 144, sampling is 0.138 m, 20736 points
    layer 1: xloc grid is 144 x 144, sampling is 0.138 m, 20736 points
    layer 2: xloc grid is 144 x 144, sampling is 0.138 m, 20736 points
    layer 3: xloc grid is 144 x 144, sampling is 0.138 m, 20736 points
    layer 4: xloc grid is 144 x 144, sampling is 0.138 m, 20736 points
    layer 5: xloc grid is 144 x 144, sampling is 0.138 m, 20736 points
    layer 6: xloc grid is 144 x 144, sampling is 0.138 m, 20736 points
    layer 7: xloc grid is 144 x 144, sampling is 0.137 m, 20736 points
    layer 8: xloc grid is 144 x 144, sampling is 0.137 m, 20736 points
    layer 9: xloc grid is 144 x 144, sampling is 0.137 m, 20736 points
    layer 10: xloc grid is 144 x 144, sampling is 0.131 m, 20736 points
    layer 11: xloc grid is 144 x 144, sampling is 0.125 m, 20736 points
    layer 12: xloc grid is 144 x 144, sampling is 0.119 m, 20736 points
Warning(map.c:195): ninx=144 is too small. need 145
Warning(map.c:200): niny=144 is too small. need 145
    layer 13: xloc grid is 144 x 144, sampling is 0.107 m, 20736 points

[00;00mSetting up powfs 0 PO WFS[00;00m

OTF dimension is 72x72 (calculated)
There is no bias
Uplink FWHM (illt 0, iwvl 0) is 0.581315"
Downlink FWHM (illt 0, iwvl 0) is 1.09963"
Generating matched filter for powfs 0
sa index   location       noise equivalent angle
     495: (  5.0,  -0.3) m, ( 65.70,  64.15) mas
     491: (  3.9,  -0.3) m, ( 69.58,  64.67) mas
     487: (  2.8,  -0.3) m, ( 75.25,  65.29) mas
     483: (  1.7,  -0.3) m, ( 81.83,  65.91) mas
     482: (  1.4,  -0.3) m, ( 83.63,  66.07) mas
     322: ( -0.6,  -1.7) m, ( 97.19,  68.45) mas
     479: ( -1.7,  -0.3) m, (105.06,  67.62) mas
     475: ( -2.8,  -0.3) m, (113.83,  68.13) mas
     471: ( -3.9,  -0.3) m, (123.28,  68.61) mas
     467: ( -5.0,  -0.3) m, (132.88,  69.05) mas
     466: ( -5.2,  -0.3) m, (135.36,  69.16) mas
sa index   location       noise equivalent angle
     779: (  3.0,   2.2) m, ( 68.08,  66.36) mas
     748: (  2.8,   1.9) m, ( 70.22,  68.03) mas
     678: (  1.9,   1.4) m, ( 73.23,  69.45) mas
     606: (  0.8,   0.8) m, ( 81.98,  74.33) mas
     604: ( -1.1,   0.8) m, ( 95.93,  75.68) mas
     387: ( -1.4,  -1.1) m, ( 94.44,  83.13) mas
     316: ( -2.2,  -1.7) m, (100.59,  86.64) mas
     246: ( -3.0,  -2.2) m, (108.80,  91.98) mas
     215: ( -3.3,  -2.5) m, (108.86,  92.01) mas
sa index   location       noise equivalent angle
     981: (  1.9,   4.4) m, ( 64.24,  66.36) mas
     908: (  1.1,   3.6) m, ( 65.11,  69.38) mas
     827: (  0.8,   2.8) m, ( 65.91,  73.37) mas
     740: (  0.6,   1.9) m, ( 68.13,  79.65) mas
     639: (  0.6,   1.1) m, ( 67.21,  83.44) mas
     511: ( -1.7,   0.0) m, ( 75.90,  91.22) mas
     322: ( -0.6,  -1.7) m, ( 71.31, 103.14) mas
     254: ( -0.8,  -2.2) m, ( 73.83, 109.26) mas
     167: ( -1.1,  -3.0) m, ( 73.87, 114.21) mas
      63: ( -1.4,  -4.1) m, ( 75.32, 123.49) mas
      12: ( -2.5,  -4.7) m, ( 80.99, 128.17) mas
sa index   location       noise equivalent angle
     966: ( -2.2,   4.4) m, ( 64.24,  66.36) mas
     899: ( -1.4,   3.6) m, ( 65.11,  69.38) mas
     820: ( -1.1,   2.8) m, ( 65.91,  73.37) mas
     735: ( -0.8,   1.9) m, ( 68.23,  79.79) mas
     634: ( -0.8,   1.1) m, ( 67.22,  83.44) mas
     514: (  1.4,   0.0) m, ( 75.90,  91.22) mas
     325: (  0.3,  -1.7) m, ( 71.31, 103.14) mas
     259: (  0.6,  -2.2) m, ( 73.70, 109.05) mas
     174: (  0.8,  -3.0) m, ( 73.87, 114.21) mas
      72: (  1.1,  -4.1) m, ( 75.32, 123.49) mas
      29: (  2.2,  -4.7) m, ( 80.99, 128.17) mas
sa index   location       noise equivalent angle
     756: ( -3.3,   2.2) m, ( 68.08,  66.36) mas
     727: ( -3.0,   1.9) m, ( 70.38,  68.17) mas
     663: ( -2.2,   1.4) m, ( 73.23,  69.45) mas
     604: ( -1.1,   0.8) m, ( 82.63,  74.99) mas
     606: (  0.8,   0.8) m, ( 95.14,  75.01) mas
     390: (  1.1,  -1.1) m, ( 94.44,  83.13) mas
     331: (  1.9,  -1.7) m, (100.59,  86.64) mas
     267: (  2.8,  -2.2) m, (108.61,  91.77) mas
     238: (  3.0,  -2.5) m, (108.86,  92.01) mas
sa index   location       noise equivalent angle
     466: ( -5.2,  -0.3) m, ( 65.70,  64.15) mas
     470: ( -4.1,  -0.3) m, ( 69.58,  64.67) mas
     474: ( -3.0,  -0.3) m, ( 75.25,  65.29) mas
     478: ( -1.9,  -0.3) m, ( 81.83,  65.91) mas
     479: ( -1.7,  -0.3) m, ( 83.63,  66.07) mas
     325: (  0.3,  -1.7) m, ( 97.19,  68.45) mas
     482: (  1.4,  -0.3) m, (105.06,  67.62) mas
     486: (  2.5,  -0.3) m, (113.83,  68.13) mas
     490: (  3.6,  -0.3) m, (123.28,  68.61) mas
     494: (  4.7,  -0.3) m, (132.88,  69.05) mas
     495: (  5.0,  -0.3) m, (135.36,  69.16) mas
sa index   location       noise equivalent angle
     215: ( -3.3,  -2.5) m, ( 68.08,  66.36) mas
     246: ( -3.0,  -2.2) m, ( 70.55,  68.39) mas
     316: ( -2.2,  -1.7) m, ( 73.23,  69.45) mas
     388: ( -1.1,  -1.1) m, ( 83.46,  75.73) mas
     389: (  0.8,  -1.1) m, ( 95.94,  75.67) mas
     607: (  1.1,   0.8) m, ( 94.44,  83.13) mas
     678: (  1.9,   1.4) m, (100.59,  86.64) mas
     748: (  2.8,   1.9) m, (108.37,  91.50) mas
     779: (  3.0,   2.2) m, (108.86,  92.01) mas
sa index   location       noise equivalent angle
      13: ( -2.2,  -4.7) m, ( 64.24,  66.36) mas
      87: ( -1.4,  -3.9) m, ( 65.11,  69.38) mas
     167: ( -1.1,  -3.0) m, ( 65.91,  73.37) mas
     254: ( -0.8,  -2.2) m, ( 68.03,  79.58) mas
     355: ( -0.8,  -1.4) m, ( 67.26,  83.52) mas
     482: (  1.4,  -0.3) m, ( 75.90,  91.22) mas
     672: (  0.3,   1.4) m, ( 71.31, 103.14) mas
     740: (  0.6,   1.9) m, ( 73.93, 109.33) mas
     827: (  0.8,   2.8) m, ( 73.87, 114.21) mas
     931: (  1.1,   3.9) m, ( 75.32, 123.49) mas
     982: (  2.2,   4.4) m, ( 80.99, 128.17) mas
sa index   location       noise equivalent angle
      28: (  1.9,  -4.7) m, ( 64.24,  66.36) mas
      96: (  1.1,  -3.9) m, ( 65.11,  69.38) mas
     174: (  0.8,  -3.0) m, ( 65.91,  73.37) mas
     259: (  0.6,  -2.2) m, ( 67.91,  79.42) mas
     360: (  0.6,  -1.4) m, ( 67.24,  83.47) mas
     479: ( -1.7,  -0.3) m, ( 75.90,  91.22) mas
     669: ( -0.6,   1.4) m, ( 71.31, 103.14) mas
     735: ( -0.8,   1.9) m, ( 74.04, 109.50) mas
     820: ( -1.1,   2.8) m, ( 73.87, 114.21) mas
     922: ( -1.4,   3.9) m, ( 75.32, 123.49) mas
     965: ( -2.5,   4.4) m, ( 80.99, 128.17) mas
sa index   location       noise equivalent angle
     238: (  3.0,  -2.5) m, ( 68.08,  66.36) mas
     267: (  2.8,  -2.2) m, ( 70.39,  68.23) mas
     331: (  1.9,  -1.7) m, ( 73.23,  69.45) mas
     389: (  0.8,  -1.1) m, ( 82.67,  74.95) mas
     388: ( -1.1,  -1.1) m, ( 96.88,  76.47) mas
     603: ( -1.4,   0.8) m, ( 94.44,  83.13) mas
     663: ( -2.2,   1.4) m, (100.59,  86.64) mas
     727: ( -3.0,   1.9) m, (108.56,  91.70) mas
     756: ( -3.3,   2.2) m, (108.86,  92.01) mas

[00;00mSetting up powfs 2 PO WFS[00;00m

OTF dimension is 48x48 (calculated)
Generating matched filter for powfs 2
Use sanea to derive neasim
Use sanea to derive neasim

[00;00mSetting up reconstructor[00;00m

Recon NEA: cmf(86.57) cmf(86.60) cmf(86.52) cmf(86.48) cmf(86.51) cmf(86.46) cmf(86.47) cmf(86.41) cmf(86.44) cmf(86.56) geom(0.31) geom(0.31) geom(0.31) mf(0.14)  mas
Setup or update control matrix parameters.
RRtwfs svd threshold is 1e-10
Replacing HA by HA*fit->actextrap
Adding piston cr to fit matrix
Adding TT cr on upper DMs to fit matrix.
Before assembling fit matrix:	3850.3 MiB.
Building fit->FR
Building fit->FL
Adding tikhonov constraint of 1.0e-07 to FLM
The maximum eigen value is estimated to be around 3.5e-04
DM Fit number of Low rank terms: 16 in LHS
After assemble fit matrix:	4570.3 MiB.
After setup_recon:	4570.3 MiB.
GPU 0: mem used 2048 MB (wfs init)
GPU 0: mem used 2466 MB (recon init)
GPU 0: mem used 2496 MB (perf init)

*** Simulation started at 2025/02/12 00:17:48 in nid008213. ***

Running seed 1
GPU 0: mem used 2496 MB (wfs seeding)
Wind dir: 267.3 261.7 167.0 130.5 300.7  32.3 119.8 139.0 150.8 277.7 203.0 133.1  45.9 265.1 deg
Using /global/homes/b/bpeck/.aos/cache/atm/vonkarman_14_8192x8192_0.0078125_1115374592d.bin
After genatm:	4522.7 MiB.
Step     #  Open Loop  PR TT  On axis  PR TT  Field RMS PR TT     Timing 
Step     0: OL  884.6  248.3  OA  884.6 248.3 CL  884.6 248.3 nm  0.201 s
Step    11: OL  901.8  252.6  OA  139.4  50.0 CL  139.4  50.0 nm  0.040 s
Step    33: OL  937.1  259.3  OA  103.6   9.5 CL  103.6   9.5 nm  0.050 s
Step    53: OL  967.1  261.0  OA   98.0   4.5 CL   98.0   4.5 nm  0.050 s
Step    73: OL  996.9  259.3  OA  102.9  14.7 CL  102.9  14.7 nm  0.049 s
Step    93: OL 1027.3  257.6  OA   99.7   8.1 CL   99.7   8.1 nm  0.055 s
Step   113: OL 1057.7  257.6  OA  100.1   3.4 CL  100.1   3.4 nm  0.046 s
Step   133: OL 1086.5  260.9  OA  101.1  17.9 CL  101.1  17.9 nm  0.050 s
Step   153: OL 1112.1  268.4  OA  104.3  17.3 CL  104.3  17.3 nm  0.050 s
Step   173: OL 1132.8  279.4  OA  101.5   8.8 CL  101.5   8.8 nm  0.047 s
Step   193: OL 1147.4  292.2  OA  100.8  11.1 CL  100.8  11.1 nm  0.057 s
Step   214: OL 1157.0  305.6  OA   98.0   8.8 CL   98.0   8.8 nm  0.046 s
Step   235: OL 1160.6  319.3  OA   98.7  10.0 CL   98.7  10.0 nm  0.046 s
Step   255: OL 1157.2  333.4  OA   96.5   7.6 CL   96.5   7.6 nm  0.047 s
Step   255 updated high order loop gain: 0.378
Step   275: OL 1144.8  347.8  OA  100.0  12.2 CL  100.0  12.2 nm  0.048 s
Step   296: OL 1125.2  364.5  OA   95.3   3.2 CL   95.3   3.2 nm  0.049 s
Step   316: OL 1103.2  382.8  OA  100.3  14.8 CL  100.3  14.8 nm  0.048 s
Step   336: OL 1078.3  403.8  OA   98.8  17.4 CL   98.8  17.4 nm  0.057 s
Step   356: OL 1053.4  429.0  OA   97.2   9.8 CL   97.2   9.8 nm  0.048 s
Step   376: OL 1030.1  457.2  OA   99.7  17.1 CL   99.7  17.1 nm  0.049 s
Step   396: OL 1008.9  486.2  OA   99.6  13.9 CL   99.6  13.9 nm  0.052 s
Step   417: OL  986.5  515.7  OA  100.1  15.2 CL  100.1  15.2 nm  0.047 s
Step   438: OL  964.0  543.6  OA   99.3  10.0 CL   99.3  10.0 nm  0.079 s
Step   458: OL  945.4  569.6  OA  101.8  16.3 CL  101.8  16.3 nm  0.048 s
Step   478: OL  933.9  595.5  OA  100.3  10.7 CL  100.3  10.7 nm  0.049 s
Step   497: OL  931.8  618.8  OA  102.2   9.9 CL  102.2   9.9 nm  0.077 s
Step   511 updated high order loop gain: 0.361
Step   517: OL  935.0  640.3  OA  103.3   4.5 CL  103.3   4.5 nm  0.049 s
Step   538: OL  943.0  657.0  OA  102.6  11.8 CL  102.6  11.8 nm  0.051 s
Step   558: OL  956.0  666.3  OA   99.8   7.8 CL   99.8   7.8 nm  0.048 s
Step   579: OL  974.1  670.5  OA  100.3  20.9 CL  100.3  20.9 nm  0.053 s
Step   598: OL  993.9  669.5  OA   99.2   4.3 CL   99.2   4.3 nm  0.055 s
Step   618: OL 1016.6  662.0  OA  101.8   7.3 CL  101.8   7.3 nm  0.047 s
Step   638: OL 1039.0  648.8  OA  101.7   4.2 CL  101.7   4.2 nm  0.047 s
Step   658: OL 1058.7  631.2  OA  100.7   4.7 CL  100.7   4.7 nm  0.056 s
Step   678: OL 1076.1  610.7  OA  104.2   2.1 CL  104.2   2.1 nm  0.045 s
Step   698: OL 1091.3  589.2  OA  104.8  20.3 CL  104.8  20.3 nm  0.045 s
Step   718: OL 1101.4  565.2  OA  100.6   5.5 CL  100.6   5.5 nm  0.046 s
Step   739: OL 1104.6  539.3  OA  104.8  21.4 CL  104.8  21.4 nm  0.058 s
Step   760: OL 1100.2  513.9  OA  102.8   2.7 CL  102.8   2.7 nm  0.047 s
Step   767 updated high order loop gain: 0.354
Step   776: OL 1091.8  495.6  OA  102.4   2.8 CL  102.4   2.8 nm  0.048 s
Step   795: OL 1075.5  474.3  OA  100.3  14.2 CL  100.3  14.2 nm  0.053 s
Step   815: OL 1052.6  452.0  OA  101.9   9.1 CL  101.9   9.1 nm  0.047 s
Step   836: OL 1022.8  429.0  OA  102.2   2.2 CL  102.2   2.2 nm  0.052 s
Step   856: OL  991.7  408.9  OA  101.3   6.3 CL  101.3   6.3 nm  0.054 s
Step   876: OL  960.9  391.6  OA  103.0  11.6 CL  103.0  11.6 nm  0.046 s
Step   896: OL  931.3  377.6  OA  102.8  14.6 CL  102.8  14.6 nm  0.054 s
Step   917: OL  898.1  366.0  OA  100.0  13.5 CL  100.0  13.5 nm  0.049 s
Step   937: OL  866.7  356.4  OA  101.8  14.1 CL  101.8  14.1 nm  0.046 s
Step   957: OL  837.4  346.6  OA  103.9  20.6 CL  103.9  20.6 nm  0.047 s
Step   978: OL  812.0  334.6  OA  103.8  23.3 CL  103.8  23.3 nm  0.049 s
Step   998: OL  792.3  321.2  OA  100.9   3.6 CL  100.9   3.6 nm  0.048 s
Step  1018: OL  775.7  306.0  OA  106.3   2.8 CL  106.3   2.8 nm  0.051 s
Step  1023 updated high order loop gain: 0.350
Step  1038: OL  763.0  290.1  OA  103.9  12.0 CL  103.9  12.0 nm  0.049 s
Step  1059: OL  751.4  271.1  OA   99.5   7.3 CL   99.5   7.3 nm  0.059 s
Step  1079: OL  743.2  249.5  OA  100.5   9.9 CL  100.5   9.9 nm  0.052 s
Step  1099: OL  739.9  226.6  OA  103.3  16.9 CL  103.3  16.9 nm  0.048 s
Step  1119: OL  739.7  206.4  OA  103.7  25.5 CL  103.7  25.5 nm  0.056 s
Step  1139: OL  740.5  190.4  OA  101.9  23.6 CL  101.9  23.6 nm  0.049 s
Step  1159: OL  741.5  178.8  OA  103.3  22.1 CL  103.3  22.1 nm  0.049 s
Step  1179: OL  742.9  171.8  OA  101.6  19.2 CL  101.6  19.2 nm  0.056 s
Step  1200: OL  746.8  167.3  OA  107.5  32.4 CL  107.5  32.4 nm  0.047 s
Step  1220: OL  750.4  164.2  OA  102.2  25.3 CL  102.2  25.3 nm  0.049 s
Step  1240: OL  753.1  164.5  OA  101.2  20.9 CL  101.2  20.9 nm  0.057 s
Step  1261: OL  755.4  170.1  OA  100.7  18.8 CL  100.7  18.8 nm  0.045 s
Step  1279 updated high order loop gain: 0.343
Step  1282: OL  759.0  180.5  OA  103.9  32.7 CL  103.9  32.7 nm  0.050 s
Step  1302: OL  764.6  193.4  OA  105.5  30.6 CL  105.5  30.6 nm  0.048 s
Step  1322: OL  769.8  208.6  OA  106.0  28.4 CL  106.0  28.4 nm  0.048 s
Step  1343: OL  777.5  227.2  OA  103.7  22.1 CL  103.7  22.1 nm  0.050 s
Step  1363: OL  789.0  244.7  OA  101.1  15.8 CL  101.1  15.8 nm  0.046 s
Step  1383: OL  803.4  258.2  OA  104.7  28.6 CL  104.7  28.6 nm  0.051 s
Step  1403: OL  820.9  267.6  OA  103.8  21.0 CL  103.8  21.0 nm  0.054 s
Step  1423: OL  841.2  273.4  OA  105.4  22.0 CL  105.4  22.0 nm  0.050 s
Step  1444: OL  861.8  277.6  OA  100.8  10.8 CL  100.8  10.8 nm  0.055 s
Step  1464: OL  879.5  279.5  OA  101.3  19.6 CL  101.3  19.6 nm  0.055 s
Step  1484: OL  891.3  277.5  OA  100.2  10.7 CL  100.2  10.7 nm  0.049 s
Step  1505: OL  894.8  270.9  OA   99.1   2.1 CL   99.1   2.1 nm  0.048 s
Step  1525: OL  891.9  261.5  OA   97.2   7.0 CL   97.2   7.0 nm  0.057 s
Step  1535 updated high order loop gain: 0.345
Step  1544: OL  884.3  249.9  OA   99.9   7.4 CL   99.9   7.4 nm  0.049 s
Step  1564: OL  874.5  236.8  OA  102.0   2.1 CL  102.0   2.1 nm  0.048 s
Step  1584: OL  863.0  225.7  OA  104.1   8.4 CL  104.1   8.4 nm  0.058 s
Step 1599: Output PSF
Step  1599: OL  853.5  219.3  OA  102.6   8.4 CL  102.6   8.4 nm  1.724 s
Mean: 101.92 15.66 100.71  nm.

*** Simulation Finished at 2025/02/12 00:19:19 in nid008213. ***

