Warning(sock.c:516): connect locally (/global/homes/b/bpeck/.aos/tmp/nid008236/scheduler) failed: Invalid argument. 
/global/u2/b/bpeck/work/vismcao/maos -o studies/reduced_ngs/7_lgs/8mag_lgs/1250count -c master_files/reduced_ngs/7_lgs/8mag_lgs/kola_1250act.conf -O 
Output folder is 'studies/reduced_ngs/7_lgs/8mag_lgs/1250count'.
SRC: /global/homes/b/bpeck/code/maos v2.9 4c88b7c2 2024-11-13 16:45:33 -0800
BUILT: /global/homes/b/bpeck/code/maos/optim by GCC (v12) on 2024/11/18 09:40:03 CPU(F64,+O3) with CUDA(v122,F32)
Launched at 2025/02/11 23:55:18 in nid008236 with PID 31921.
The web based job monitor can be accessed at http://localhost:10300
Main config file is /global/u2/b/bpeck/work/vismcao/master_files/reduced_ngs/7_lgs/8mag_lgs/kola_1250act.conf
Warning(path.c:48): Path not found: path=/global/u2/b/bpeck/work/vismcao/master_files/reduced_ngs/7_lgs/8mag_lgs/bin; abspath=/global/u2/b/bpeck/work/vismcao/master_files/reduced_ngs/7_lgs/8mag_lgs/bin; Ignored.
Warning(path.c:48): Path not found: path=/global/u2/b/bpeck/work/vismcao/master_files/reduced_ngs/7_lgs/8mag_lgs/atm; abspath=/global/u2/b/bpeck/work/vismcao/master_files/reduced_ngs/7_lgs/8mag_lgs/atm; Ignored.
Warning(readcfg.c:399): sim.apfsm has been renamed to powfs.apfsm.
Warning(readcfg.c:399): sim.epfsm has been renamed to powfs.epfsm.
Warning(readcfg.c:399): sim.alfsm has been renamed to powfs.alfsm.
Warning(readcfg.c:399): sim.commonfsm has been renamed to powfs.commonfsm.
Warning(readcfg.c:399): sim.idealfsm has been renamed to powfs.idealfsm.
Warning(readcfg.c:399): sim.zetafsm has been renamed to powfs.zetafsm.
Warning(readcfg.c:399): sim.f0fsm has been renamed to powfs.f0fsm.
Warning(readcfg.c:399): tsurf has been renamed to ncpa.tsurf.
loaded 132 (132 new) records from '/global/u2/b/bpeck/work/vismcao/./keck_sim.conf'
loaded  19 ( 19 new) records from '/global/u2/b/bpeck/work/vismcao/./dm_none.conf'
loaded  19 (  0 new) records from '/global/u2/b/bpeck/work/vismcao/./keck_ASM.conf'
loaded  19 (  0 new) records from '/global/u2/b/bpeck/work/vismcao/./keck_DM2.conf'
loaded  19 (  0 new) records from '/global/u2/b/bpeck/work/vismcao/./keck_DM3.conf'
loaded   0 (  0 new) records from '/global/u2/b/bpeck/work/vismcao/./keck_dm_multiple.conf'
loaded   7 (  5 new) records from '/global/u2/b/bpeck/work/vismcao/./atm_mk13n50p_ground_detail.conf'
loaded  76 ( 69 new) records from '/global/homes/b/bpeck/code/maos/config/maos/powfs_common.conf'
loaded  44 ( 38 new) records from '/global/u2/b/bpeck/work/vismcao/./powfs_none.conf'
loaded  44 (  0 new) records from '/global/u2/b/bpeck/work/vismcao/./keck_shwfs_lgs.conf'
loaded  44 (  0 new) records from '/global/u2/b/bpeck/work/vismcao/./keck_shwfs_ttf_strap.conf'
loaded  44 (  0 new) records from '/global/u2/b/bpeck/work/vismcao/./keck_shwfs_twfs_lbwfs.conf'
loaded   0 (  0 new) records from '/global/u2/b/bpeck/work/vismcao/./keck_wfs_lgs_strap_lbwfs.conf'
loaded  71 ( 71 new) records from '/global/u2/b/bpeck/work/vismcao/./keck_recon.conf'
Warning(readcfg.c:399): dbg.na_smooth has been renamed to powfs0_llt.na_smooth.
Warning(readcfg.c:399): dbg.na_interp has been renamed to powfs0_llt.na_interp.
Warning(readcfg.c:399): dbg.na_thres has been renamed to powfs0_llt.na_thres.
Warning(readcfg.c:399): dbg.na_fit_maxit has been renamed to powfs0_llt.na_fit_maxit.
Warning(readcfg.c:399): dbg.na_fit_svdthres has been renamed to powfs0_llt.na_fit_svdthres.
Warning(readcfg.c:399): dbg.na_fit_dh has been renamed to powfs0_llt.na_fit_dh.
Warning(readcfg.c:399): dbg.ncpa_preload has been renamed to ncpa.preload.
Warning(readcfg.c:399): dbg.ncpa_rmsci has been renamed to ncpa.rmsci.
Warning(readcfg.c:399): dbg.draw_opdmax has been renamed to plot.opdmax.
Warning(readcfg.c:399): dbg.draw_gmax has been renamed to plot.gmax.
loaded  95 ( 93 new) records from '/global/u2/b/bpeck/work/vismcao/./keck_dbg.conf'
loaded   4 (  4 new) records from '/global/u2/b/bpeck/work/vismcao/./keck_fit_mcao.conf'
Warning(readcfg.c:399): surf has been renamed to ncpa.surf.
loaded  39 (  7 new) records from '/global/u2/b/bpeck/work/vismcao/master_files/reduced_ngs/7_lgs/8mag_lgs/kola_1250act.conf'
loaded   0 (  0 new) records from 'command line'
loaded  24 ( 18 new) records from '/global/u2/b/bpeck/work/vismcao/./keck_llt_CL.conf'
Adjust LGS range by telescope altitude 4145m.
Zenith angle is 30 degree.
    Scaling turbulence height and LGS hs by sec(za).
    Scaling r0 by cos(za)^(3/5).
    Scaling wind speed and LGS signal level by cos(za).
powfs0: Adjusting dx from 0.0078125 to 0.00766667. 
powfs0.llt.fsm: f0=0 Hz, LPF ep=0
powfs0.epfsm is set to 0.517618 (auto)
powfs2: Adjusting dx from 0.03125 to 0.0312778. 
powfs2 is TWFS for powfs0
sim.ephi is set to 0.427717 (auto)
sim.eplo is set to 0.427717 (auto)
Warning(parms.c:2296): Layer 1 at 17.3205m is very close to layer 0 at 0m (OK).
Warning(parms.c:2296): Layer 2 at 34.641m is very close to layer 1 at 17.3205m (OK).
Warning(parms.c:2296): Layer 3 at 51.9615m is very close to layer 2 at 34.641m (OK).
dm 0: stroke=30 um is provided in micron.
dm 0: assume ia stroke=2 um is provided in micron.
dm 1: stroke=7 um is provided in micron.
dm 1: assume ia stroke=2 um is provided in micron.
dm 2: stroke=7 um is provided in micron.
dm 2: assume ia stroke=2 um is provided in micron.
Focus blending is not implemented yet for integrated tomography
parms->sim.mffocus is reset to 0
There are 1 valid simulation seeds:  1
Output PSF for 1 directions
Used 449 of 456 supplied keys
Warning(readcfg.c:158): key "dbg.pwfs_flate" is not recognized, value is 0
Warning(readcfg.c:158): key "dbg.pwfs_flatv" is not recognized, value is 0
Warning(readcfg.c:158): key "dbg.pwfs_psx" is not recognized, value is [0 0 0 0]
Warning(readcfg.c:158): key "dbg.pwfs_psy" is not recognized, value is [0 0 0 0]
Warning(readcfg.c:158): key "dbg.pwfs_pupelong" is not recognized, value is 0
Warning(readcfg.c:158): key "dbg.pwfs_raw" is not recognized, value is 0
Warning(readcfg.c:158): key "dbg.pwfs_side" is not recognized, value is 4
[00;00mAperture[00;00m is 11 m with sampling 1/128 m
[00;00mTurbulence at 30 degree zenith angle:[00;00m r0=0.128424m, L0=30m, 14 layers.
    Greenwood freq is 25.1Hz, anisoplanatic angle is 1.58 as
    Sampled 8192x8192 at 1/128m. wind dir is randomized.
    layer 0: ht=      0 m, wt= 0.302, ws=  4.8 m/s
    layer 1: ht=     17 m, wt= 0.154, ws=  5.0 m/s
    layer 2: ht=     35 m, wt= 0.041, ws=  5.4 m/s
    layer 3: ht=     52 m, wt= 0.002, ws=  6.6 m/s
    layer 4: ht=    139 m, wt= 0.021, ws=  6.1 m/s
    layer 5: ht=    231 m, wt= 0.010, ws=  6.1 m/s
    layer 6: ht=    323 m, wt= 0.008, ws=  6.1 m/s
    layer 7: ht=    416 m, wt= 0.005, ws=  6.1 m/s
    layer 8: ht=    508 m, wt= 0.001, ws=  6.1 m/s
    layer 9: ht=    932 m, wt= 0.107, ws=  5.6 m/s
    layer 10: ht=   5022 m, wt= 0.144, ws= 11.1 m/s
    layer 11: ht=   9238 m, wt= 0.093, ws= 19.1 m/s
    layer 12: ht=  13856 m, wt= 0.075, ws=  8.2 m/s
    layer 13: ht=  22518 m, wt= 0.036, ws=  4.8 m/s
[00;00mReconstruction[00;00m: r0=0.128424m L0=30m. 14 layers. use cone coordinate.
    layer 0: ht=      0 m, wt= 0.302
    layer 1: ht=     17 m, wt= 0.154
    layer 2: ht=     35 m, wt= 0.041
    layer 3: ht=     52 m, wt= 0.002
    layer 4: ht=    139 m, wt= 0.021
    layer 5: ht=    231 m, wt= 0.010
    layer 6: ht=    323 m, wt= 0.008
    layer 7: ht=    416 m, wt= 0.005
    layer 8: ht=    508 m, wt= 0.001
    layer 9: ht=    932 m, wt= 0.107
    layer 10: ht=   5022 m, wt= 0.144
    layer 11: ht=   9238 m, wt= 0.093
    layer 12: ht=  13856 m, wt= 0.075
    layer 13: ht=  22518 m, wt= 0.036
[00;00mThere are 3 powfs[00;00m
  powfs0: Order 40, LGS at 99.1 km. Sampling 1/130.435 m. Thres 30%. [00;00mT/T is removed in right hand side in tomography.[00;00m
    CCD image is 25x25 @ 500x500 mas, blur 27% (sigma), 1500Hz, wvl: [ 5.89e-07]
    Gtilt in reconstruction. Physical optics start at 0 with [00;00m'matched filter'[00;00m [00;00m(noisy)[00;00m
  powfs1: Order  2, NGS at inf km. Sampling 1/16 m. Thres 30%. 
    Ztilt in reconstruction. Geomtric optics start at 2 with ztilt [00;00m(noisy)[00;00m
  powfs2: Order 20, NGS at inf km. Sampling 1/31.9716 m. Thres 50%. 
    CCD image is 4x4 @ 1500x1500 mas, blur 0% (sigma), 0.015Hz, wvl: [ 7.2e-07]
    Gtilt in reconstruction. Geomtric optics start at 50 with gtilt Physical optics start at 0 with [00;00m'matched filter'[00;00m [00;00m(noisy)[00;00m
[00;00mThere are 11 wfs[00;00m
    wfs 0: type 0, at (  30.00,    0.00) arcsec,  99 km, siglev is 91.338 bkgrnd is 0.1
    wfs 1: type 0, at (  18.70,   23.45) arcsec,  99 km, siglev is 91.338 bkgrnd is 0.1
    wfs 2: type 0, at (  -6.68,   29.25) arcsec,  99 km, siglev is 91.338 bkgrnd is 0.1
    wfs 3: type 0, at ( -27.03,   13.02) arcsec,  99 km, siglev is 91.338 bkgrnd is 0.1
    wfs 4: type 0, at ( -27.03,  -13.02) arcsec,  99 km, siglev is 91.338 bkgrnd is 0.1
    wfs 5: type 0, at (  -6.68,  -29.25) arcsec,  99 km, siglev is 91.338 bkgrnd is 0.1
    wfs 6: type 0, at (  18.70,  -23.45) arcsec,  99 km, siglev is 91.338 bkgrnd is 0.1
    wfs 7: type 1, at (   5.00,    8.66) arcsec, inf km, siglev is 42387.6 bkgrnd is 1.056
    wfs 8: type 1, at ( -10.00,    0.00) arcsec, inf km, siglev is 42387.6 bkgrnd is 1.056
    wfs 9: type 1, at (   5.00,   -8.66) arcsec, inf km, siglev is 42387.6 bkgrnd is 1.056
    wfs 10: type 2, at (   0.00,    0.00) arcsec, inf km, siglev is 4.1558e+06 bkgrnd is 0.001
[00;00mThere are 3 DMs[00;00m
  DM 0 at -0.1km, actuator pitch 0.276m, offset   0, with 30.000000 micron stroke.
    Normalized cubic influence function with inter-actuator coupling of 0.223
  DM 1 at    6km, actuator pitch 0.168m, offset   0, with 7.000000 micron stroke.
    Normalized cubic influence function with inter-actuator coupling of 0.223
  DM 2 at   10km, actuator pitch 0.168m, offset   0, with 7.000000 micron stroke.
    Normalized cubic influence function with inter-actuator coupling of 0.223
[00;00mTomography[00;00m is using CG, with [00;00mFourer Domain[00;00m preconditioner, [00;00m12[00;00m iterations, integrated tomo.
[00;00mDM Fitting [00;00mis using CG, with [00;00mNo[00;00m preconditioner, [00;00m10[00;00m iterations
[00;00mThere are 9 fit directions[00;00m
    Fit 0: weight is 0.444, at (   0.00,    0.00) arcsec
    Fit 1: weight is 0.111, at (  15.00,    0.00) arcsec
    Fit 2: weight is 0.111, at (   0.00,   15.00) arcsec
    Fit 3: weight is 0.111, at ( -15.00,    0.00) arcsec
    Fit 4: weight is 0.111, at (   0.00,  -15.00) arcsec
    Fit 5: weight is 0.028, at (  15.00,   15.00) arcsec
    Fit 6: weight is 0.028, at ( -15.00,   15.00) arcsec
    Fit 7: weight is 0.028, at ( -15.00,  -15.00) arcsec
    Fit 8: weight is 0.028, at (  15.00,  -15.00) arcsec
[00;00mThere are 1 evaluation directions[00;00m at sampling 1/128 m.
    Evl 0: weight is 1.000, at (   0.00,    0.00) arcsec
[00;00mSimulation[00;00m start at step 0, end at step 1600, with time step 1/1500s, [00;00mclose loop[00;00m.
After setup_parms:	120.4 MiB.
Warning(sock.c:516): connect locally (/global/homes/b/bpeck/.aos/tmp/nid008236/scheduler) failed: Invalid argument. 
CUDA: minimum memory requirement is 0.3GB
GPU 0 is NVIDIA A100-SXM4-80GB with arch 8.0, 78.6GB free, 79.0GB total device memory.
Using GPU 0
Use 1 GPUs for WFS Tomo Fit Evl

*** Preparation started at 2025/02/11 23:55:19 in nid008236. ***

Using OpenMP version 201511 with 128 threads
Reading aperture amplitude map from KECK.fits
Warning(accphi.c:477): 108390 points not covered by input screen
Warning(sock.c:516): connect locally (/global/homes/b/bpeck/.aos/tmp/nid008236/scheduler) failed: Invalid argument. 
 ->maos.c:447->setup.c:148->aper.c:74->utils.c:478->accphi.c:478
iwvl 0: Science PSF is using grid size of 2880. The PSF will sum to 6.95167232825486
iwvl 1: Science PSF is using grid size of 2880. The PSF will sum to 6.95167232825486
iwvl 2: Science PSF is using grid size of 2880. The PSF will sum to 6.95167232825486
iwvl 3: Science PSF is using grid size of 2880. The PSF will sum to 6.95167232825486
iwvl 4: Science PSF is using grid size of 2880. The PSF will sum to 6.95167232825486
iwvl 5: Science PSF is using grid size of 2880. The PSF will sum to 6.95167232825486
iwvl 6: Science PSF is using grid size of 2880. The PSF will sum to 6.95167232825486
iwvl 7: Science PSF is using grid size of 2880. The PSF will sum to 6.95167232825486
iwvl 8: Science PSF is using grid size of 2880. The PSF will sum to 6.95167232825486
After setup_aper:	340.9 MiB.

[00;00mSetting up powfs 0 geom[00;00m

There are 36 points in each subaperture of 0.276m.
There are 995 valid subaperture.

[00;00mSetting up powfs 1 geom[00;00m

There are 88 points in each subaperture of 5.5m.
There are 4 valid subaperture.

[00;00mSetting up powfs 2 geom[00;00m

There are 18 points in each subaperture of 0.563m.
There are 236 valid subaperture.
After setup_powfs_init:	427.1 MiB.

[00;00mSetting up reconstructor geometry.[00;00m

PLOC is 83x83, with sampling of 0.14m (square)
    DM 0: grid is 44 x 43
    DM 1: grid is 75 x 75
    DM 2: grid is 80 x 79
FLOC is 83x83, with sampling of 0.14m (not square)
Tomography grid is square:
    layer 0: xloc grid is 144 x 144, sampling is 0.138 m, 20736 points
    layer 1: xloc grid is 144 x 144, sampling is 0.138 m, 20736 points
    layer 2: xloc grid is 144 x 144, sampling is 0.138 m, 20736 points
    layer 3: xloc grid is 144 x 144, sampling is 0.138 m, 20736 points
    layer 4: xloc grid is 144 x 144, sampling is 0.138 m, 20736 points
    layer 5: xloc grid is 144 x 144, sampling is 0.138 m, 20736 points
    layer 6: xloc grid is 144 x 144, sampling is 0.138 m, 20736 points
    layer 7: xloc grid is 144 x 144, sampling is 0.137 m, 20736 points
    layer 8: xloc grid is 144 x 144, sampling is 0.137 m, 20736 points
    layer 9: xloc grid is 144 x 144, sampling is 0.137 m, 20736 points
    layer 10: xloc grid is 144 x 144, sampling is 0.131 m, 20736 points
    layer 11: xloc grid is 144 x 144, sampling is 0.125 m, 20736 points
    layer 12: xloc grid is 144 x 144, sampling is 0.119 m, 20736 points
Warning(map.c:195): ninx=144 is too small. need 145
Warning(map.c:200): niny=144 is too small. need 145
    layer 13: xloc grid is 144 x 144, sampling is 0.107 m, 20736 points

[00;00mSetting up powfs 0 PO WFS[00;00m

OTF dimension is 72x72 (calculated)
There is no bias
Uplink FWHM (illt 0, iwvl 0) is 0.581315"
Downlink FWHM (illt 0, iwvl 0) is 1.09963"
Generating matched filter for powfs 0
sa index   location       noise equivalent angle
     495: (  5.0,  -0.3) m, ( 65.70,  64.15) mas
     491: (  3.9,  -0.3) m, ( 69.58,  64.67) mas
     487: (  2.8,  -0.3) m, ( 75.25,  65.29) mas
     483: (  1.7,  -0.3) m, ( 81.83,  65.91) mas
     482: (  1.4,  -0.3) m, ( 83.63,  66.07) mas
     322: ( -0.6,  -1.7) m, ( 97.19,  68.45) mas
     479: ( -1.7,  -0.3) m, (105.06,  67.62) mas
     475: ( -2.8,  -0.3) m, (113.83,  68.13) mas
     471: ( -3.9,  -0.3) m, (123.29,  68.61) mas
     467: ( -5.0,  -0.3) m, (132.89,  69.05) mas
     466: ( -5.2,  -0.3) m, (135.37,  69.16) mas
sa index   location       noise equivalent angle
     937: (  2.8,   3.9) m, ( 65.25,  65.14) mas
     832: (  2.2,   2.8) m, ( 72.74,  71.47) mas
     803: (  1.9,   2.5) m, ( 67.94,  69.68) mas
     640: (  0.8,   1.1) m, ( 73.00,  76.96) mas
     606: (  0.8,   0.8) m, ( 75.24,  80.83) mas
     360: (  0.6,  -1.4) m, ( 74.99,  93.19) mas
     354: ( -1.1,  -1.4) m, ( 84.32,  93.05) mas
     319: ( -1.4,  -1.7) m, ( 86.13,  95.11) mas
     191: ( -2.2,  -2.8) m, ( 91.48, 103.12) mas
      81: ( -3.0,  -3.9) m, ( 97.18, 111.47) mas
      33: ( -3.0,  -4.4) m, ( 97.15, 115.87) mas
sa index   location       noise equivalent angle
     947: ( -1.1,   4.1) m, ( 64.59,  67.68) mas
     849: ( -0.8,   3.0) m, ( 69.11,  77.16) mas
     703: ( -0.6,   1.7) m, ( 66.47,  80.64) mas
     670: ( -0.3,   1.4) m, ( 69.81,  85.56) mas
     482: (  1.4,  -0.3) m, ( 73.15,  94.06) mas
     325: (  0.3,  -1.7) m, ( 69.53, 103.99) mas
     291: (  0.3,  -1.9) m, ( 69.64, 106.26) mas
     145: (  0.6,  -3.3) m, ( 75.34, 124.52) mas
      47: (  0.8,  -4.4) m, ( 72.01, 127.03) mas
      30: (  2.5,  -4.7) m, ( 79.35, 129.39) mas
sa index   location       noise equivalent angle
     691: ( -3.9,   1.7) m, ( 68.16,  65.33) mas
     659: ( -3.3,   1.4) m, ( 70.54,  66.11) mas
     600: ( -2.2,   0.8) m, ( 76.47,  68.04) mas
     603: ( -1.4,   0.8) m, ( 81.50,  68.33) mas
     606: (  0.8,   0.8) m, ( 99.29,  71.39) mas
     419: (  1.4,  -0.8) m, (101.61,  76.48) mas
     393: (  1.9,  -1.1) m, (105.16,  77.41) mas
     335: (  3.0,  -1.7) m, (113.81,  80.55) mas
     303: (  3.6,  -1.9) m, (118.32,  82.18) mas
sa index   location       noise equivalent angle
     276: ( -3.9,  -1.9) m, ( 68.16,  65.33) mas
     312: ( -3.3,  -1.7) m, ( 70.54,  66.11) mas
     384: ( -2.2,  -1.1) m, ( 76.45,  68.00) mas
     387: ( -1.4,  -1.1) m, ( 81.50,  68.33) mas
     389: (  0.8,  -1.1) m, (100.11,  72.02) mas
     577: (  1.4,   0.6) m, (102.21,  76.88) mas
     610: (  1.9,   0.8) m, (105.17,  77.43) mas
     682: (  3.0,   1.4) m, (113.81,  80.55) mas
     718: (  3.6,   1.7) m, (118.32,  82.18) mas
sa index   location       noise equivalent angle
      40: ( -1.1,  -4.4) m, ( 64.59,  67.68) mas
     140: ( -0.8,  -3.3) m, ( 69.28,  77.14) mas
     288: ( -0.6,  -1.9) m, ( 66.47,  80.64) mas
     323: ( -0.3,  -1.7) m, ( 69.81,  85.56) mas
     514: (  1.4,   0.0) m, ( 73.15,  94.06) mas
     672: (  0.3,   1.4) m, ( 69.53, 103.99) mas
     706: (  0.3,   1.7) m, ( 69.64, 106.26) mas
     854: (  0.6,   3.0) m, ( 75.12, 124.32) mas
     954: (  0.8,   4.1) m, ( 72.01, 127.03) mas
     983: (  2.5,   4.4) m, ( 79.35, 129.39) mas
sa index   location       noise equivalent angle
      78: (  2.8,  -4.1) m, ( 65.25,  65.14) mas
     179: (  2.2,  -3.0) m, ( 72.74,  71.47) mas
     206: (  1.9,  -2.8) m, ( 67.94,  69.68) mas
     361: (  0.8,  -1.4) m, ( 73.00,  76.96) mas
     389: (  0.8,  -1.1) m, ( 75.89,  81.48) mas
     639: (  0.6,   1.1) m, ( 74.97,  93.17) mas
     633: ( -1.1,   1.1) m, ( 84.32,  93.05) mas
     666: ( -1.4,   1.4) m, ( 86.13,  95.11) mas
     788: ( -2.2,   2.5) m, ( 91.48, 103.12) mas
     893: ( -3.0,   3.6) m, ( 97.18, 111.47) mas
     940: ( -3.0,   4.1) m, ( 97.15, 115.87) mas

[00;00mSetting up powfs 2 PO WFS[00;00m

OTF dimension is 48x48 (calculated)
Generating matched filter for powfs 2
Use sanea to derive neasim
Use sanea to derive neasim

[00;00mSetting up reconstructor[00;00m

Recon NEA: cmf(86.57) cmf(86.43) cmf(86.37) cmf(86.39) cmf(86.36) cmf(86.29) cmf(86.37) geom(0.31) geom(0.31) geom(0.31) mf(0.14)  mas
Setup or update control matrix parameters.
RRtwfs svd threshold is 1e-10
Replacing HA by HA*fit->actextrap
Adding piston cr to fit matrix
Adding TT cr on upper DMs to fit matrix.
Before assembling fit matrix:	3242.3 MiB.
Building fit->FR
Building fit->FL
Adding tikhonov constraint of 1.0e-07 to FLM
The maximum eigen value is estimated to be around 3.5e-04
DM Fit number of Low rank terms: 16 in LHS
After assemble fit matrix:	3929.7 MiB.
After setup_recon:	3929.7 MiB.
GPU 0: mem used 1646 MB (wfs init)
GPU 0: mem used 2064 MB (recon init)
GPU 0: mem used 2094 MB (perf init)

*** Simulation started at 2025/02/11 23:56:50 in nid008236. ***

Running seed 1
GPU 0: mem used 2094 MB (wfs seeding)
Wind dir: 267.3 261.7 167.0 130.5 300.7  32.3 119.8 139.0 150.8 277.7 203.0 133.1  45.9 265.1 deg
Using /global/homes/b/bpeck/.aos/cache/atm/vonkarman_14_8192x8192_0.0078125_1115374592d.bin
After genatm:	3943.4 MiB.
Step     #  Open Loop  PR TT  On axis  PR TT  Field RMS PR TT     Timing 
Step     0: OL  884.6  248.3  OA  884.6 248.3 CL  884.6 248.3 nm  0.151 s
Step    28: OL  929.2  258.1  OA  129.9  29.5 CL  129.9  29.5 nm  0.046 s
Step    53: OL  967.0  261.0  OA  122.2  12.3 CL  122.2  12.3 nm  0.039 s
Step    79: OL 1005.9  258.6  OA  126.8  17.1 CL  126.8  17.1 nm  0.040 s
Step   104: OL 1043.9  257.3  OA  124.5   8.5 CL  124.5   8.5 nm  0.048 s
Step   129: OL 1080.8  259.9  OA  121.1   8.1 CL  121.1   8.1 nm  0.037 s
Step   152: OL 1110.9  268.0  OA  123.3   6.1 CL  123.3   6.1 nm  0.037 s
Step   177: OL 1136.2  281.9  OA  121.7   7.9 CL  121.7   7.9 nm  0.043 s
Step   202: OL 1152.1  298.0  OA  119.7  13.3 CL  119.7  13.3 nm  0.039 s
Step   228: OL 1160.2  314.7  OA  117.6   6.1 CL  117.6   6.1 nm  0.037 s
Step   253: OL 1158.1  332.0  OA  119.0  16.4 CL  119.0  16.4 nm  0.040 s
Step   255 updated high order loop gain: 0.377
Step   278: OL 1142.6  350.0  OA  119.3  19.5 CL  119.3  19.5 nm  0.039 s
Step   303: OL 1118.1  370.8  OA  119.0  21.8 CL  119.0  21.8 nm  0.043 s
Step   326: OL 1090.5  392.8  OA  116.3  16.4 CL  116.3  16.4 nm  0.046 s
Step   351: OL 1058.9  422.3  OA  118.4  19.2 CL  118.4  19.2 nm  0.038 s
Step   377: OL 1028.3  458.6  OA  121.1  23.8 CL  121.1  23.8 nm  0.036 s
Step   402: OL 1001.8  494.8  OA  128.0  36.9 CL  128.0  36.9 nm  0.050 s
Step   427: OL  974.4  528.9  OA  121.5  21.5 CL  121.5  21.5 nm  0.037 s
Step   452: OL  949.1  561.7  OA  120.0  13.4 CL  120.0  13.4 nm  0.044 s
Step   478: OL  933.6  595.5  OA  124.8  23.7 CL  124.8  23.7 nm  0.039 s
Step   503: OL  932.0  625.6  OA  128.3  17.4 CL  128.3  17.4 nm  0.039 s
Step   511 updated high order loop gain: 0.356
Step   528: OL  938.2  649.9  OA  125.4  21.0 CL  125.4  21.0 nm  0.047 s
Step   553: OL  952.0  664.5  OA  121.9  10.1 CL  121.9  10.1 nm  0.042 s
Step   578: OL  973.0  670.4  OA  115.9   5.7 CL  115.9   5.7 nm  0.036 s
Step   604: OL 1000.6  667.9  OA  120.2  14.9 CL  120.2  14.9 nm  0.042 s
Step   629: OL 1029.0  655.5  OA  118.5  11.0 CL  118.5  11.0 nm  0.036 s
Step   654: OL 1054.9  635.0  OA  121.0   9.2 CL  121.0   9.2 nm  0.043 s
Step   679: OL 1077.0  609.6  OA  124.3  23.1 CL  124.3  23.1 nm  0.039 s
Step   704: OL 1095.2  582.3  OA  122.4   8.4 CL  122.4   8.4 nm  0.049 s
Step   730: OL 1104.7  550.3  OA  120.4  12.8 CL  120.4  12.8 nm  0.037 s
Step   752: OL 1103.3  523.3  OA  120.2   8.6 CL  120.2   8.6 nm  0.036 s
Step   767 updated high order loop gain: 0.349
Step   777: OL 1091.9  494.4  OA  122.1   8.6 CL  122.1   8.6 nm  0.049 s
Step   803: OL 1067.8  465.3  OA  121.3  12.7 CL  121.3  12.7 nm  0.037 s
Step   829: OL 1034.3  436.5  OA  120.0   7.9 CL  120.0   7.9 nm  0.039 s
Step   854: OL  995.4  410.8  OA  120.7   9.1 CL  120.7   9.1 nm  0.037 s
Step   878: OL  958.3  390.1  OA  116.2   4.5 CL  116.2   4.5 nm  0.039 s
Step   903: OL  920.6  373.3  OA  116.6   9.6 CL  116.6   9.6 nm  0.036 s
Step   929: OL  879.1  360.2  OA  123.0  13.9 CL  123.0  13.9 nm  0.039 s
Step   954: OL  841.6  348.2  OA  121.6   2.9 CL  121.6   2.9 nm  0.048 s
Step   980: OL  810.0  333.4  OA  124.8  23.0 CL  124.8  23.0 nm  0.041 s
Step  1004: OL  787.3  316.7  OA  123.1   4.4 CL  123.1   4.4 nm  0.037 s
Step  1023 updated high order loop gain: 0.347
Step  1028: OL  769.5  298.3  OA  125.9  16.0 CL  125.9  16.0 nm  0.045 s
Step  1052: OL  755.7  277.8  OA  124.5  12.6 CL  124.5  12.6 nm  0.041 s
Step  1077: OL  744.4  251.9  OA  127.1  20.4 CL  127.1  20.4 nm  0.037 s
Step  1102: OL  740.4  223.4  OA  123.9  23.1 CL  123.9  23.1 nm  0.039 s
Step  1127: OL  741.1  199.5  OA  119.7  28.7 CL  119.7  28.7 nm  0.038 s
Step  1152: OL  743.1  182.4  OA  115.4  24.7 CL  115.4  24.7 nm  0.036 s
Step  1177: OL  744.6  172.4  OA  118.5  24.4 CL  118.5  24.4 nm  0.044 s
Step  1202: OL  749.0  166.9  OA  121.5  27.7 CL  121.5  27.7 nm  0.037 s
Step  1227: OL  753.2  163.9  OA  119.0  19.8 CL  119.0  19.8 nm  0.039 s
Step  1252: OL  755.1  167.0  OA  118.1  21.1 CL  118.1  21.1 nm  0.042 s
Step  1277: OL  758.3  177.7  OA  116.0  13.5 CL  116.0  13.5 nm  0.039 s
Step  1279 updated high order loop gain: 0.337
Step  1303: OL  764.9  194.1  OA  119.3  18.2 CL  119.3  18.2 nm  0.041 s
Step  1328: OL  771.3  213.7  OA  120.7  18.3 CL  120.7  18.3 nm  0.044 s
Step  1354: OL  782.6  237.2  OA  119.0  15.1 CL  119.0  15.1 nm  0.037 s
Step  1379: OL  799.0  255.9  OA  115.7  17.5 CL  115.7  17.5 nm  0.041 s
Step  1404: OL  819.9  268.0  OA  122.9  30.4 CL  122.9  30.4 nm  0.036 s
Step  1429: OL  844.4  274.8  OA  124.5  10.2 CL  124.5  10.2 nm  0.039 s
Step  1455: OL  868.4  279.2  OA  120.7   9.8 CL  120.7   9.8 nm  0.045 s
Step  1480: OL  885.4  278.3  OA  118.8   7.9 CL  118.8   7.9 nm  0.037 s
Step  1506: OL  890.6  270.6  OA  117.1  11.9 CL  117.1  11.9 nm  0.041 s
Step  1531: OL  885.7  258.2  OA  113.0   7.1 CL  113.0   7.1 nm  0.049 s
Step  1535 updated high order loop gain: 0.337
Step  1556: OL  874.9  242.0  OA  115.3   7.5 CL  115.3   7.5 nm  0.039 s
Step  1582: OL  861.6  226.7  OA  121.2   4.2 CL  121.2   4.2 nm  0.039 s
Step 1599: Output PSF
Step  1599: OL  851.1  219.3  OA  119.1   3.7 CL  119.1   3.7 nm  4.662 s
Mean: 120.99 17.28 119.75  nm.

*** Simulation Finished at 2025/02/11 23:58:09 in nid008236. ***

