Warning(sock.c:516): connect locally (/global/homes/b/bpeck/.aos/tmp/nid001972/scheduler) failed: Invalid argument. 
/global/cfs/cdirs/ulens/vismcao/maos -o studies/reduced_ngs/9_lgs/8mag_lgs/4500count -c master_files/reduced_ngs/9_lgs/8mag_lgs/kola_4500act.conf -O 
Output folder is 'studies/reduced_ngs/9_lgs/8mag_lgs/4500count'.
SRC: /global/homes/b/bpeck/code/maos v2.9 4c88b7c2 2024-11-13 16:45:33 -0800
BUILT: /global/homes/b/bpeck/code/maos/optim by GCC (v12) on 2024/11/18 09:40:03 CPU(F64,+O3) with CUDA(v122,F32)
Launched at 2025/02/17 15:25:43 in nid001972 with PID 1698730.
The web based job monitor can be accessed at http://localhost:10300
Main config file is /global/cfs/cdirs/ulens/vismcao/master_files/reduced_ngs/9_lgs/8mag_lgs/kola_4500act.conf
Warning(path.c:48): Path not found: path=/global/cfs/cdirs/ulens/vismcao/master_files/reduced_ngs/9_lgs/8mag_lgs/bin; abspath=/global/cfs/cdirs/ulens/vismcao/master_files/reduced_ngs/9_lgs/8mag_lgs/bin; Ignored.
Warning(path.c:48): Path not found: path=/global/cfs/cdirs/ulens/vismcao/master_files/reduced_ngs/9_lgs/8mag_lgs/atm; abspath=/global/cfs/cdirs/ulens/vismcao/master_files/reduced_ngs/9_lgs/8mag_lgs/atm; Ignored.
Warning(readcfg.c:399): sim.apfsm has been renamed to powfs.apfsm.
Warning(readcfg.c:399): sim.epfsm has been renamed to powfs.epfsm.
Warning(readcfg.c:399): sim.alfsm has been renamed to powfs.alfsm.
Warning(readcfg.c:399): sim.commonfsm has been renamed to powfs.commonfsm.
Warning(readcfg.c:399): sim.idealfsm has been renamed to powfs.idealfsm.
Warning(readcfg.c:399): sim.zetafsm has been renamed to powfs.zetafsm.
Warning(readcfg.c:399): sim.f0fsm has been renamed to powfs.f0fsm.
Warning(readcfg.c:399): tsurf has been renamed to ncpa.tsurf.
loaded 132 (132 new) records from '/global/cfs/cdirs/ulens/vismcao/./keck_sim.conf'
loaded  19 ( 19 new) records from '/global/cfs/cdirs/ulens/vismcao/./dm_none.conf'
loaded  19 (  0 new) records from '/global/cfs/cdirs/ulens/vismcao/./keck_ASM.conf'
loaded  19 (  0 new) records from '/global/cfs/cdirs/ulens/vismcao/./keck_DM2.conf'
loaded  19 (  0 new) records from '/global/cfs/cdirs/ulens/vismcao/./keck_DM3.conf'
loaded   0 (  0 new) records from '/global/cfs/cdirs/ulens/vismcao/./keck_dm_multiple.conf'
loaded   7 (  5 new) records from '/global/cfs/cdirs/ulens/vismcao/./atm_mk13n50p_ground_detail.conf'
loaded  76 ( 69 new) records from '/global/homes/b/bpeck/code/maos/config/maos/powfs_common.conf'
loaded  44 ( 38 new) records from '/global/cfs/cdirs/ulens/vismcao/./powfs_none.conf'
loaded  44 (  0 new) records from '/global/cfs/cdirs/ulens/vismcao/./keck_shwfs_lgs.conf'
loaded  44 (  0 new) records from '/global/cfs/cdirs/ulens/vismcao/./keck_shwfs_ttf_strap.conf'
loaded  44 (  0 new) records from '/global/cfs/cdirs/ulens/vismcao/./keck_shwfs_twfs_lbwfs.conf'
loaded   0 (  0 new) records from '/global/cfs/cdirs/ulens/vismcao/./keck_wfs_lgs_strap_lbwfs.conf'
loaded  71 ( 71 new) records from '/global/cfs/cdirs/ulens/vismcao/./keck_recon.conf'
Warning(readcfg.c:399): dbg.na_smooth has been renamed to powfs0_llt.na_smooth.
Warning(readcfg.c:399): dbg.na_interp has been renamed to powfs0_llt.na_interp.
Warning(readcfg.c:399): dbg.na_thres has been renamed to powfs0_llt.na_thres.
Warning(readcfg.c:399): dbg.na_fit_maxit has been renamed to powfs0_llt.na_fit_maxit.
Warning(readcfg.c:399): dbg.na_fit_svdthres has been renamed to powfs0_llt.na_fit_svdthres.
Warning(readcfg.c:399): dbg.na_fit_dh has been renamed to powfs0_llt.na_fit_dh.
Warning(readcfg.c:399): dbg.ncpa_preload has been renamed to ncpa.preload.
Warning(readcfg.c:399): dbg.ncpa_rmsci has been renamed to ncpa.rmsci.
Warning(readcfg.c:399): dbg.draw_opdmax has been renamed to plot.opdmax.
Warning(readcfg.c:399): dbg.draw_gmax has been renamed to plot.gmax.
loaded  95 ( 93 new) records from '/global/cfs/cdirs/ulens/vismcao/./keck_dbg.conf'
loaded   4 (  4 new) records from '/global/cfs/cdirs/ulens/vismcao/./keck_fit_mcao.conf'
Warning(readcfg.c:399): surf has been renamed to ncpa.surf.
loaded  39 (  7 new) records from '/global/cfs/cdirs/ulens/vismcao/master_files/reduced_ngs/9_lgs/8mag_lgs/kola_4500act.conf'
loaded   0 (  0 new) records from 'command line'
loaded  24 ( 18 new) records from '/global/cfs/cdirs/ulens/vismcao/./keck_llt_CL.conf'
Adjust LGS range by telescope altitude 4145m.
Zenith angle is 30 degree.
    Scaling turbulence height and LGS hs by sec(za).
    Scaling r0 by cos(za)^(3/5).
    Scaling wind speed and LGS signal level by cos(za).
powfs0: Adjusting dx from 0.0078125 to 0.00805556. 
powfs0.llt.fsm: f0=0 Hz, LPF ep=0
powfs0.epfsm is set to 0.517618 (auto)
powfs2: Adjusting dx from 0.03125 to 0.0312778. 
powfs2 is TWFS for powfs0
sim.ephi is set to 0.427717 (auto)
sim.eplo is set to 0.427717 (auto)
Warning(parms.c:2296): Layer 1 at 17.3205m is very close to layer 0 at 0m (OK).
Warning(parms.c:2296): Layer 2 at 34.641m is very close to layer 1 at 17.3205m (OK).
Warning(parms.c:2296): Layer 3 at 51.9615m is very close to layer 2 at 34.641m (OK).
dm 0: stroke=30 um is provided in micron.
dm 0: assume ia stroke=2 um is provided in micron.
dm 1: stroke=7 um is provided in micron.
dm 1: assume ia stroke=2 um is provided in micron.
dm 2: stroke=7 um is provided in micron.
dm 2: assume ia stroke=2 um is provided in micron.
Focus blending is not implemented yet for integrated tomography
parms->sim.mffocus is reset to 0
There are 1 valid simulation seeds:  1
Output PSF for 1 directions
Used 449 of 456 supplied keys
Warning(readcfg.c:158): key "dbg.pwfs_flate" is not recognized, value is 0
Warning(readcfg.c:158): key "dbg.pwfs_flatv" is not recognized, value is 0
Warning(readcfg.c:158): key "dbg.pwfs_psx" is not recognized, value is [0 0 0 0]
Warning(readcfg.c:158): key "dbg.pwfs_psy" is not recognized, value is [0 0 0 0]
Warning(readcfg.c:158): key "dbg.pwfs_pupelong" is not recognized, value is 0
Warning(readcfg.c:158): key "dbg.pwfs_raw" is not recognized, value is 0
Warning(readcfg.c:158): key "dbg.pwfs_side" is not recognized, value is 4
[00;00mAperture[00;00m is 11 m with sampling 1/128 m
[00;00mTurbulence at 30 degree zenith angle:[00;00m r0=0.128424m, L0=30m, 14 layers.
    Greenwood freq is 25.1Hz, anisoplanatic angle is 1.58 as
    Sampled 8192x8192 at 1/128m. wind dir is randomized.
    layer 0: ht=      0 m, wt= 0.302, ws=  4.8 m/s
    layer 1: ht=     17 m, wt= 0.154, ws=  5.0 m/s
    layer 2: ht=     35 m, wt= 0.041, ws=  5.4 m/s
    layer 3: ht=     52 m, wt= 0.002, ws=  6.6 m/s
    layer 4: ht=    139 m, wt= 0.021, ws=  6.1 m/s
    layer 5: ht=    231 m, wt= 0.010, ws=  6.1 m/s
    layer 6: ht=    323 m, wt= 0.008, ws=  6.1 m/s
    layer 7: ht=    416 m, wt= 0.005, ws=  6.1 m/s
    layer 8: ht=    508 m, wt= 0.001, ws=  6.1 m/s
    layer 9: ht=    932 m, wt= 0.107, ws=  5.6 m/s
    layer 10: ht=   5022 m, wt= 0.144, ws= 11.1 m/s
    layer 11: ht=   9238 m, wt= 0.093, ws= 19.1 m/s
    layer 12: ht=  13856 m, wt= 0.075, ws=  8.2 m/s
    layer 13: ht=  22518 m, wt= 0.036, ws=  4.8 m/s
[00;00mReconstruction[00;00m: r0=0.128424m L0=30m. 14 layers. use cone coordinate.
    layer 0: ht=      0 m, wt= 0.302
    layer 1: ht=     17 m, wt= 0.154
    layer 2: ht=     35 m, wt= 0.041
    layer 3: ht=     52 m, wt= 0.002
    layer 4: ht=    139 m, wt= 0.021
    layer 5: ht=    231 m, wt= 0.010
    layer 6: ht=    323 m, wt= 0.008
    layer 7: ht=    416 m, wt= 0.005
    layer 8: ht=    508 m, wt= 0.001
    layer 9: ht=    932 m, wt= 0.107
    layer 10: ht=   5022 m, wt= 0.144
    layer 11: ht=   9238 m, wt= 0.093
    layer 12: ht=  13856 m, wt= 0.075
    layer 13: ht=  22518 m, wt= 0.036
[00;00mThere are 3 powfs[00;00m
  powfs0: Order 76, LGS at 99.1 km. Sampling 1/124.138 m. Thres 30%. [00;00mT/T is removed in right hand side in tomography.[00;00m
    CCD image is 25x25 @ 500x500 mas, blur 27% (sigma), 1500Hz, wvl: [ 5.89e-07]
    Gtilt in reconstruction. Physical optics start at 0 with [00;00m'matched filter'[00;00m [00;00m(noisy)[00;00m
  powfs1: Order  2, NGS at inf km. Sampling 1/16 m. Thres 30%. 
    Ztilt in reconstruction. Geomtric optics start at 2 with ztilt [00;00m(noisy)[00;00m
  powfs2: Order 20, NGS at inf km. Sampling 1/31.9716 m. Thres 50%. 
    CCD image is 4x4 @ 1500x1500 mas, blur 0% (sigma), 0.015Hz, wvl: [ 7.2e-07]
    Gtilt in reconstruction. Geomtric optics start at 50 with gtilt Physical optics start at 0 with [00;00m'matched filter'[00;00m [00;00m(noisy)[00;00m
[00;00mThere are 13 wfs[00;00m
    wfs 0: type 0, at (  30.00,    0.00) arcsec,  99 km, siglev is 25.21 bkgrnd is 0.1
    wfs 1: type 0, at (  22.98,   19.28) arcsec,  99 km, siglev is 25.21 bkgrnd is 0.1
    wfs 2: type 0, at (   5.21,   29.54) arcsec,  99 km, siglev is 25.21 bkgrnd is 0.1
    wfs 3: type 0, at ( -15.00,   25.98) arcsec,  99 km, siglev is 25.21 bkgrnd is 0.1
    wfs 4: type 0, at ( -28.19,   10.26) arcsec,  99 km, siglev is 25.21 bkgrnd is 0.1
    wfs 5: type 0, at ( -28.19,  -10.26) arcsec,  99 km, siglev is 25.21 bkgrnd is 0.1
    wfs 6: type 0, at ( -15.00,  -25.98) arcsec,  99 km, siglev is 25.21 bkgrnd is 0.1
    wfs 7: type 0, at (   5.21,  -29.54) arcsec,  99 km, siglev is 25.21 bkgrnd is 0.1
    wfs 8: type 0, at (  22.98,  -19.28) arcsec,  99 km, siglev is 25.21 bkgrnd is 0.1
    wfs 9: type 1, at (   5.00,    8.66) arcsec, inf km, siglev is 42387.6 bkgrnd is 1.056
    wfs 10: type 1, at ( -10.00,    0.00) arcsec, inf km, siglev is 42387.6 bkgrnd is 1.056
    wfs 11: type 1, at (   5.00,   -8.66) arcsec, inf km, siglev is 42387.6 bkgrnd is 1.056
    wfs 12: type 2, at (   0.00,    0.00) arcsec, inf km, siglev is 4.1558e+06 bkgrnd is 0.001
[00;00mThere are 3 DMs[00;00m
  DM 0 at -0.1km, actuator pitch 0.145m, offset   0, with 30.000000 micron stroke.
    Normalized cubic influence function with inter-actuator coupling of 0.223
  DM 1 at    6km, actuator pitch 0.168m, offset   0, with 7.000000 micron stroke.
    Normalized cubic influence function with inter-actuator coupling of 0.223
  DM 2 at   10km, actuator pitch 0.168m, offset   0, with 7.000000 micron stroke.
    Normalized cubic influence function with inter-actuator coupling of 0.223
[00;00mTomography[00;00m is using CG, with [00;00mFourer Domain[00;00m preconditioner, [00;00m12[00;00m iterations, integrated tomo.
[00;00mDM Fitting [00;00mis using CG, with [00;00mNo[00;00m preconditioner, [00;00m10[00;00m iterations
[00;00mThere are 9 fit directions[00;00m
    Fit 0: weight is 0.444, at (   0.00,    0.00) arcsec
    Fit 1: weight is 0.111, at (  15.00,    0.00) arcsec
    Fit 2: weight is 0.111, at (   0.00,   15.00) arcsec
    Fit 3: weight is 0.111, at ( -15.00,    0.00) arcsec
    Fit 4: weight is 0.111, at (   0.00,  -15.00) arcsec
    Fit 5: weight is 0.028, at (  15.00,   15.00) arcsec
    Fit 6: weight is 0.028, at ( -15.00,   15.00) arcsec
    Fit 7: weight is 0.028, at ( -15.00,  -15.00) arcsec
    Fit 8: weight is 0.028, at (  15.00,  -15.00) arcsec
[00;00mThere are 1 evaluation directions[00;00m at sampling 1/128 m.
    Evl 0: weight is 1.000, at (   0.00,    0.00) arcsec
[00;00mSimulation[00;00m start at step 0, end at step 1600, with time step 1/1500s, [00;00mclose loop[00;00m.
After setup_parms:	120.5 MiB.
Warning(sock.c:516): connect locally (/global/homes/b/bpeck/.aos/tmp/nid001972/scheduler) failed: Invalid argument. 
CUDA: minimum memory requirement is 0.3GB
GPU 0 is NVIDIA A100-SXM4-40GB with arch 8.0, 38.9GB free, 39.3GB total device memory.
Using GPU 0
Use 1 GPUs for WFS Tomo Fit Evl

*** Preparation started at 2025/02/17 15:25:44 in nid001972. ***

Using OpenMP version 201511 with 128 threads
Reading aperture amplitude map from KECK.fits
Warning(accphi.c:477): 108139 points not covered by input screen
Warning(sock.c:516): connect locally (/global/homes/b/bpeck/.aos/tmp/nid001972/scheduler) failed: Invalid argument. 
 ->maos.c:447->setup.c:148->aper.c:74->utils.c:478->accphi.c:478
iwvl 0: Science PSF is using grid size of 2880. The PSF will sum to 6.95167232825486
iwvl 1: Science PSF is using grid size of 2880. The PSF will sum to 6.95167232825486
iwvl 2: Science PSF is using grid size of 2880. The PSF will sum to 6.95167232825486
iwvl 3: Science PSF is using grid size of 2880. The PSF will sum to 6.95167232825486
iwvl 4: Science PSF is using grid size of 2880. The PSF will sum to 6.95167232825486
iwvl 5: Science PSF is using grid size of 2880. The PSF will sum to 6.95167232825486
iwvl 6: Science PSF is using grid size of 2880. The PSF will sum to 6.95167232825486
iwvl 7: Science PSF is using grid size of 2880. The PSF will sum to 6.95167232825486
iwvl 8: Science PSF is using grid size of 2880. The PSF will sum to 6.95167232825486
After setup_aper:	344.7 MiB.

[00;00mSetting up powfs 0 geom[00;00m

There are 18 points in each subaperture of 0.145m.
There are 3550 valid subaperture.

[00;00mSetting up powfs 1 geom[00;00m

There are 88 points in each subaperture of 5.5m.
There are 4 valid subaperture.

[00;00mSetting up powfs 2 geom[00;00m

There are 18 points in each subaperture of 0.563m.
There are 236 valid subaperture.
After setup_powfs_init:	420.4 MiB.

[00;00mSetting up reconstructor geometry.[00;00m

PLOC is 155x155, with sampling of 0.07m (square)
    DM 0: grid is 81 x 81
    DM 1: grid is 75 x 75
    DM 2: grid is 80 x 79
FLOC is 155x155, with sampling of 0.07m (not square)
Tomography grid is square:
    layer 0: xloc grid is 280 x 280, sampling is 0.072 m, 78400 points
    layer 1: xloc grid is 280 x 280, sampling is 0.072 m, 78400 points
    layer 2: xloc grid is 280 x 280, sampling is 0.072 m, 78400 points
    layer 3: xloc grid is 280 x 280, sampling is 0.072 m, 78400 points
    layer 4: xloc grid is 280 x 280, sampling is 0.072 m, 78400 points
    layer 5: xloc grid is 280 x 280, sampling is 0.072 m, 78400 points
    layer 6: xloc grid is 280 x 280, sampling is 0.072 m, 78400 points
    layer 7: xloc grid is 280 x 280, sampling is 0.072 m, 78400 points
    layer 8: xloc grid is 280 x 280, sampling is 0.072 m, 78400 points
    layer 9: xloc grid is 280 x 280, sampling is 0.072 m, 78400 points
    layer 10: xloc grid is 280 x 280, sampling is 0.069 m, 78400 points
    layer 11: xloc grid is 280 x 280, sampling is 0.066 m, 78400 points
    layer 12: xloc grid is 280 x 280, sampling is 0.062 m, 78400 points
    layer 13: xloc grid is 280 x 280, sampling is 0.056 m, 78400 points

[00;00mSetting up powfs 0 PO WFS[00;00m

OTF dimension is 36x36 (calculated)
There is no bias
Uplink FWHM (illt 0, iwvl 0) is 0.578619"
Downlink FWHM (illt 0, iwvl 0) is 1.36259"
Generating matched filter for powfs 0
sa index   location       noise equivalent angle
    1772: (  4.8,  -0.1) m, (163.81, 156.98) mas
    1765: (  3.8,  -0.1) m, (174.57, 158.80) mas
    1757: (  2.6,  -0.1) m, (189.91, 161.43) mas
    1750: (  1.6,  -0.1) m, (204.17, 163.91) mas
    1748: (  1.3,  -0.1) m, (208.37, 164.65) mas
    1277: ( -0.6,  -1.3) m, (237.66, 173.39) mas
    1743: ( -1.7,  -0.1) m, (254.66, 172.33) mas
    1735: ( -2.9,  -0.1) m, (274.69, 175.11) mas
    1728: ( -3.9,  -0.1) m, (293.99, 177.49) mas
    1720: ( -5.1,  -0.1) m, (318.58, 180.11) mas
    1718: ( -5.4,  -0.1) m, (324.67, 180.71) mas
sa index   location       noise equivalent angle
    2951: (  3.3,   2.8) m, (162.86, 161.22) mas
    2673: (  2.5,   2.0) m, (184.64, 181.92) mas
    2350: (  1.6,   1.3) m, (183.50, 177.57) mas
    2159: (  1.0,   0.9) m, (192.52, 184.25) mas
    1284: (  0.4,  -1.3) m, (203.60, 216.10) mas
    1395: ( -1.2,  -1.0) m, (227.78, 213.06) mas
    1204: ( -1.7,  -1.4) m, (237.50, 220.04) mas
     880: ( -2.6,  -2.2) m, (267.31, 245.53) mas
     602: ( -3.5,  -2.9) m, (269.96, 245.65) mas
     126: ( -3.0,  -4.3) m, (264.12, 272.24) mas
sa index   location       noise equivalent angle
    3545: (  0.7,   4.8) m, (160.57, 166.66) mas
    3497: (  0.7,   4.5) m, (157.41, 164.92) mas
    2985: (  0.4,   2.9) m, (161.23, 183.67) mas
    2658: (  0.3,   2.0) m, (165.94, 197.02) mas
    2340: (  0.1,   1.3) m, (166.21, 206.66) mas
    1685: ( -1.4,  -0.3) m, (181.09, 232.60) mas
    1214: ( -0.3,  -1.4) m, (174.94, 249.11) mas
     895: ( -0.4,  -2.2) m, (181.17, 264.79) mas
     568: ( -0.6,  -3.0) m, (180.08, 277.40) mas
      55: ( -0.9,  -4.6) m, (185.10, 309.84) mas
      16: ( -2.3,  -4.8) m, (197.44, 318.15) mas
sa index   location       noise equivalent angle
    3432: ( -2.6,   4.3) m, (157.99, 160.64) mas
    3125: ( -2.0,   3.3) m, (174.92, 185.21) mas
    2756: ( -1.4,   2.3) m, (168.89, 182.82) mas
    2333: ( -0.9,   1.3) m, (176.24, 196.98) mas
    2269: ( -0.7,   1.2) m, (177.98, 199.11) mas
    1868: (  1.3,   0.1) m, (205.15, 216.53) mas
    1221: (  0.7,  -1.4) m, (199.37, 242.49) mas
     797: (  1.3,  -2.5) m, (208.55, 261.26) mas
     690: (  1.4,  -2.8) m, (210.80, 266.45) mas
     428: (  1.9,  -3.5) m, (236.73, 309.03) mas
     120: (  2.5,  -4.5) m, (228.18, 302.26) mas
sa index   location       noise equivalent angle
    2437: ( -4.6,   1.6) m, (163.02, 157.71) mas
    2312: ( -3.9,   1.3) m, (169.68, 159.80) mas
    2250: ( -3.5,   1.2) m, (174.89, 161.33) mas
    2038: ( -1.9,   0.6) m, (196.89, 168.79) mas
    1984: ( -1.4,   0.4) m, (203.17, 170.47) mas
    1216: (  0.0,  -1.4) m, (233.71, 197.46) mas
    1569: (  1.3,  -0.6) m, (247.85, 185.03) mas
    1515: (  1.7,  -0.7) m, (256.01, 187.73) mas
    1304: (  3.3,  -1.3) m, (286.28, 195.93) mas
    1242: (  3.8,  -1.4) m, (294.77, 198.10) mas
    1595: (  5.1,  -0.6) m, (320.00, 191.75) mas
sa index   location       noise equivalent angle
    1054: ( -4.6,  -1.7) m, (163.02, 157.71) mas
    1189: ( -3.9,  -1.4) m, (169.68, 159.80) mas
    1257: ( -3.5,  -1.3) m, (174.89, 161.33) mas
    1504: ( -1.9,  -0.7) m, (196.44, 168.35) mas
    1566: ( -1.4,  -0.6) m, (203.17, 170.47) mas
    2339: (  0.0,   1.3) m, (233.71, 197.46) mas
    1987: (  1.3,   0.4) m, (247.85, 185.03) mas
    2049: (  1.7,   0.6) m, (256.80, 188.31) mas
    2297: (  3.3,   1.2) m, (286.28, 195.93) mas
    2365: (  3.8,   1.3) m, (294.77, 198.10) mas
    2013: (  5.1,   0.4) m, (320.00, 191.75) mas
sa index   location       noise equivalent angle
      85: ( -2.6,  -4.5) m, (157.99, 160.64) mas
     401: ( -2.0,  -3.5) m, (175.17, 187.15) mas
     778: ( -1.4,  -2.5) m, (168.89, 182.82) mas
    1210: ( -0.9,  -1.4) m, (176.24, 196.98) mas
    1276: ( -0.7,  -1.3) m, (177.98, 199.11) mas
    1688: (  1.3,  -0.3) m, (205.15, 216.53) mas
    2344: (  0.7,   1.3) m, (199.37, 242.49) mas
    2775: (  1.3,   2.3) m, (208.55, 261.26) mas
    2884: (  1.4,   2.6) m, (210.80, 266.45) mas
    3152: (  1.9,   3.3) m, (236.02, 306.17) mas
    3467: (  2.5,   4.3) m, (228.18, 302.26) mas
sa index   location       noise equivalent angle
       7: (  0.7,  -4.9) m, (158.23, 164.11) mas
      66: (  0.7,  -4.6) m, (157.41, 164.92) mas
     575: (  0.4,  -3.0) m, (161.23, 183.67) mas
     900: (  0.3,  -2.2) m, (168.17, 198.63) mas
    1217: (  0.1,  -1.4) m, (166.21, 206.66) mas
    1865: ( -1.4,   0.1) m, (181.09, 232.60) mas
    2337: ( -0.3,   1.3) m, (174.94, 249.11) mas
    2653: ( -0.4,   2.0) m, (179.00, 262.74) mas
    2978: ( -0.6,   2.9) m, (180.08, 277.40) mas
    3486: ( -0.9,   4.5) m, (185.10, 309.84) mas
    3515: ( -2.3,   4.6) m, (197.44, 318.15) mas
sa index   location       noise equivalent angle
     649: (  3.3,  -2.9) m, (162.86, 161.22) mas
     915: (  2.5,  -2.2) m, (183.10, 179.17) mas
    1227: (  1.6,  -1.4) m, (183.50, 177.57) mas
    1400: (  1.0,  -1.0) m, (192.52, 184.25) mas
    2277: (  0.4,   1.2) m, (203.31, 215.80) mas
    2154: ( -1.2,   0.9) m, (227.78, 213.06) mas
    2327: ( -1.7,   1.3) m, (237.50, 220.04) mas
    2638: ( -2.6,   2.0) m, (270.41, 249.42) mas
    2904: ( -3.5,   2.8) m, (269.96, 245.65) mas
    3385: ( -3.0,   4.2) m, (264.12, 272.24) mas

[00;00mSetting up powfs 2 PO WFS[00;00m

OTF dimension is 48x48 (calculated)
Generating matched filter for powfs 2
Use sanea to derive neasim
Use sanea to derive neasim

[00;00mSetting up reconstructor[00;00m

Recon NEA: cmf(212.83) cmf(214.31) cmf(212.59) cmf(213.90) cmf(213.04) cmf(213.02) cmf(213.83) cmf(212.52) cmf(214.26) geom(0.31) geom(0.31) geom(0.31) mf(0.14)  mas
Setup or update control matrix parameters.
RRtwfs svd threshold is 1e-10
Replacing HA by HA*fit->actextrap
Adding piston cr to fit matrix
Adding TT cr on upper DMs to fit matrix.
Before assembling fit matrix:	5356.1 MiB.
Building fit->FR
Building fit->FL
Adding tikhonov constraint of 1.0e-07 to FLM
The maximum eigen value is estimated to be around 2.7e-04
DM Fit number of Low rank terms: 16 in LHS
After assemble fit matrix:	7309.2 MiB.
After setup_recon:	7309.2 MiB.
GPU 0: mem used 1722 MB (wfs init)
GPU 0: mem used 2934 MB (recon init)
GPU 0: mem used 2964 MB (perf init)

*** Simulation started at 2025/02/17 15:27:55 in nid001972. ***

Running seed 1
GPU 0: mem used 2966 MB (wfs seeding)
Wind dir: 267.3 261.7 167.0 130.5 300.7  32.3 119.8 139.0 150.8 277.7 203.0 133.1  45.9 265.1 deg
Using /global/homes/b/bpeck/.aos/cache/atm/vonkarman_14_8192x8192_0.0078125_1115374592d.bin
After genatm:	7193.0 MiB.
Step     #  Open Loop  PR TT  On axis  PR TT  Field RMS PR TT     Timing 
Step     0: OL  884.6  248.3  OA  884.6 248.3 CL  884.6 248.3 nm  0.115 s
Step    13: OL  904.8  253.4  OA  149.2  84.7 CL  149.2  84.7 nm  0.075 s
Step    26: OL  925.3  257.6  OA  113.1  11.1 CL  113.1  11.1 nm  0.082 s
Step    38: OL  943.9  260.2  OA  114.2  18.5 CL  114.2  18.5 nm  0.087 s
Step    50: OL  961.6  261.2  OA  109.9  17.7 CL  109.9  17.7 nm  0.084 s
Step    62: OL  979.4  260.6  OA  107.3   3.6 CL  107.3   3.6 nm  0.093 s
Step    74: OL  997.4  259.3  OA  111.3  15.0 CL  111.3  15.0 nm  0.083 s
Step    86: OL 1015.8  258.2  OA  111.9  33.2 CL  111.9  33.2 nm  0.086 s
Step    98: OL 1034.2  257.5  OA  111.6   7.1 CL  111.6   7.1 nm  0.084 s
Step   110: OL 1052.6  257.6  OA  107.9  19.0 CL  107.9  19.0 nm  0.092 s
Step   122: OL 1070.6  258.8  OA  104.9  10.2 CL  104.9  10.2 nm  0.083 s
Step   134: OL 1087.6  261.4  OA  109.2  17.9 CL  109.2  17.9 nm  0.083 s
Step   146: OL 1103.6  265.7  OA  107.4  24.1 CL  107.4  24.1 nm  0.084 s
Step   158: OL 1117.8  271.1  OA  109.9  24.5 CL  109.9  24.5 nm  0.086 s
Step   170: OL 1130.3  277.8  OA  108.3  25.2 CL  108.3  25.2 nm  0.084 s
Step   182: OL 1140.7  285.3  OA  110.2   8.7 CL  110.2   8.7 nm  0.084 s
Step   194: OL 1148.7  293.1  OA  108.2  28.5 CL  108.2  28.5 nm  0.139 s
Step   206: OL 1154.9  300.7  OA  105.9  19.6 CL  105.9  19.6 nm  0.083 s
Step   218: OL 1159.3  308.4  OA  107.8  20.4 CL  107.8  20.4 nm  0.084 s
Step   230: OL 1161.5  316.2  OA  108.1  10.1 CL  108.1  10.1 nm  0.085 s
Step   242: OL 1161.7  324.2  OA  109.0  16.1 CL  109.0  16.1 nm  0.084 s
Step   254: OL 1159.0  332.8  OA  109.2  22.8 CL  109.2  22.8 nm  0.091 s
Step   255 updated high order loop gain: 0.348
Step   266: OL 1152.7  341.4  OA  110.0  26.7 CL  110.0  26.7 nm  0.084 s
Step   278: OL 1143.4  350.1  OA  103.2  10.4 CL  103.2  10.4 nm  0.085 s
Step   290: OL 1132.0  359.5  OA  104.7  26.9 CL  104.7  26.9 nm  0.086 s
Step   302: OL 1119.3  369.9  OA  106.8  18.3 CL  106.8  18.3 nm  0.083 s
Step   314: OL 1105.2  380.9  OA  113.0  40.1 CL  113.0  40.1 nm  0.083 s
Step   326: OL 1089.7  392.8  OA  110.8  29.7 CL  110.8  29.7 nm  0.091 s
Step   338: OL 1073.8  406.1  OA  107.8  10.6 CL  107.8  10.6 nm  0.083 s
Step   350: OL 1057.9  420.9  OA  105.6  24.5 CL  105.6  24.5 nm  0.084 s
Step   362: OL 1042.6  437.2  OA  116.0  32.0 CL  116.0  32.0 nm  0.083 s
Step   374: OL 1028.1  454.2  OA  109.5  16.7 CL  109.5  16.7 nm  0.087 s
Step   386: OL 1014.4  471.6  OA  117.1  36.7 CL  117.1  36.7 nm  0.088 s
Step   398: OL 1001.1  488.9  OA  110.2  19.6 CL  110.2  19.6 nm  0.083 s
Step   410: OL  987.7  505.9  OA  112.1  30.6 CL  112.1  30.6 nm  0.093 s
Step   422: OL  974.0  522.2  OA  110.8  20.6 CL  110.8  20.6 nm  0.084 s
Step   434: OL  960.3  538.1  OA  108.6  26.5 CL  108.6  26.5 nm  0.084 s
Step   446: OL  947.5  553.7  OA  113.7  27.4 CL  113.7  27.4 nm  0.086 s
Step   458: OL  936.7  569.4  OA  110.7  18.6 CL  110.7  18.6 nm  0.095 s
Step   470: OL  928.8  585.1  OA  112.8  36.8 CL  112.8  36.8 nm  0.084 s
Step   482: OL  924.5  600.3  OA  110.3  26.4 CL  110.3  26.4 nm  0.084 s
Step   494: OL  923.8  615.0  OA  111.6  20.8 CL  111.6  20.8 nm  0.085 s
Step   506: OL  925.1  628.7  OA  110.8  21.2 CL  110.8  21.2 nm  0.086 s
Step   511 updated high order loop gain: 0.306
Step   518: OL  928.3  641.0  OA  113.8  31.0 CL  113.8  31.0 nm  0.087 s
Step   530: OL  933.0  651.3  OA  110.6  26.7 CL  110.6  26.7 nm  0.086 s
Step   542: OL  939.5  659.1  OA  111.1  21.9 CL  111.1  21.9 nm  0.085 s
Step 546, DM 2: 1 actuators over ia limit. trials=2: success.
Step 547, DM 2: 1 actuators over ia limit. trials=2: success.
Step 548, DM 2: 1 actuators over ia limit. trials=2: success.
Step 549, DM 2: 1 actuators over ia limit. trials=2: success.
Step 550, DM 2: 1 actuators over ia limit. trials=2: success.
Step 551, DM 2: 1 actuators over ia limit. trials=2: success.
Step 552, DM 2: 1 actuators over ia limit. trials=2: success.
Step   553: OL  947.1  664.3  OA  112.4  12.5 CL  112.4  12.5 nm  0.086 s
Step 553, DM 2: 1 actuators over ia limit. trials=2: success.
Step 554, DM 2: 1 actuators over ia limit. trials=2: success.
Step 555, DM 2: 1 actuators over ia limit. trials=2: success.
Step 556, DM 2: 1 actuators over ia limit. trials=2: success.
Step 557, DM 2: 1 actuators over ia limit. trials=2: success.
Step 558, DM 2: 1 actuators over ia limit. trials=2: success.
Step 559, DM 2: 1 actuators over ia limit. trials=2: success.
Step 560, DM 2: 1 actuators over ia limit. trials=2: success.
Step 561, DM 2: 1 actuators over ia limit. trials=2: success.
Step 562, DM 2: 1 actuators over ia limit. trials=2: success.
Step 563, DM 2: 1 actuators over ia limit. trials=2: success.
Step 564, DM 2: 1 actuators over ia limit. trials=2: success.
Step   565: OL  957.2  668.0  OA  108.8  11.0 CL  108.8  11.0 nm  0.085 s
Step 565, DM 2: 1 actuators over ia limit. trials=2: success.
Step 566, DM 2: 1 actuators over ia limit. trials=2: success.
Step 567, DM 2: 1 actuators over ia limit. trials=2: success.
Step 568, DM 2: 1 actuators over ia limit. trials=2: success.
Step 569, DM 2: 1 actuators over ia limit. trials=2: success.
Step 570, DM 2: 1 actuators over ia limit. trials=2: success.
Step 571, DM 2: 1 actuators over ia limit. trials=2: success.
Step 572, DM 2: 1 actuators over ia limit. trials=2: success.
Step 573, DM 2: 1 actuators over ia limit. trials=2: success.
Step 574, DM 2: 1 actuators over ia limit. trials=2: success.
Step 575, DM 2: 1 actuators over ia limit. trials=2: success.
Step 576, DM 2: 1 actuators over ia limit. trials=2: success.
Step   577: OL  968.5  670.1  OA  110.5   8.4 CL  110.5   8.4 nm  0.086 s
Step 577, DM 2: 1 actuators over ia limit. trials=2: success.
Step 578, DM 2: 1 actuators over ia limit. trials=2: success.
Step 579, DM 2: 1 actuators over ia limit. trials=2: success.
Step 580, DM 2: 1 actuators over ia limit. trials=2: success.
Step 581, DM 2: 1 actuators over ia limit. trials=2: success.
Step   589: OL  981.3  670.5  OA  109.2  16.2 CL  109.2  16.2 nm  0.092 s
Step 598, DM 1: 1 actuators over ia limit. trials=2: success.
Step 599, DM 1: 1 actuators over ia limit. trials=2: success.
Step 600, DM 1: 1 actuators over ia limit. trials=2: success.
Step   601: OL  995.1  668.6  OA  110.8  17.2 CL  110.8  17.2 nm  0.087 s
Step 601, DM 1: 1 actuators over ia limit. trials=2: success.
Step 602, DM 1: 1 actuators over ia limit. trials=2: success.
Step 603, DM 1: 1 actuators over ia limit. trials=2: success.
Step 609, DM 1: 1 actuators over ia limit. trials=2: success.
Step 610, DM 1: 1 actuators over ia limit. trials=2: success.
Step 611, DM 1: 1 actuators over ia limit. trials=2: success.
Step   613: OL 1009.3  664.3  OA  110.3  24.4 CL  110.3  24.4 nm  0.087 s
Step 619, DM 1: 1 actuators over ia limit. trials=2: success.
Step 620, DM 1: 1 actuators over ia limit. trials=2: success.
Step 621, DM 1: 1 actuators over ia limit. trials=2: success.
Step 622, DM 1: 1 actuators over ia limit. trials=2: success.
Step   625: OL 1023.6  657.9  OA  105.5   9.3 CL  105.5   9.3 nm  0.084 s
Step   637: OL 1037.4  649.4  OA  104.7  17.1 CL  104.7  17.1 nm  0.089 s
Step   649: OL 1050.2  639.4  OA  103.7   5.7 CL  103.7   5.7 nm  0.086 s
Step   661: OL 1061.9  628.1  OA  104.5   9.7 CL  104.5   9.7 nm  0.090 s
Step   673: OL 1072.7  615.7  OA  108.0   8.4 CL  108.0   8.4 nm  0.084 s
Step   685: OL 1083.1  603.2  OA  107.3  19.5 CL  107.3  19.5 nm  0.084 s
Step   697: OL 1092.3  590.2  OA  105.7  11.9 CL  105.7  11.9 nm  0.082 s
Step   709: OL 1099.7  576.1  OA  108.1   7.0 CL  108.1   7.0 nm  0.085 s
Step   721: OL 1104.7  561.3  OA  107.2  13.8 CL  107.2  13.8 nm  0.143 s
Step   733: OL 1107.1  546.5  OA  105.8  10.6 CL  105.8  10.6 nm  0.083 s
Step   745: OL 1106.8  531.7  OA  105.6   6.2 CL  105.6   6.2 nm  0.086 s
Step   757: OL 1104.1  517.3  OA  101.1   5.7 CL  101.1   5.7 nm  0.086 s
Step   767 updated high order loop gain: 0.286
Step   769: OL 1098.8  503.4  OA  102.4   2.9 CL  102.4   2.9 nm  0.084 s
Step   781: OL 1091.1  489.8  OA  103.4   4.5 CL  103.4   4.5 nm  0.092 s
Step   793: OL 1080.5  476.4  OA  107.7  13.5 CL  107.7  13.5 nm  0.083 s
Step   805: OL 1067.7  463.0  OA  109.7  21.8 CL  109.7  21.8 nm  0.085 s
Step   817: OL 1052.9  449.6  OA  107.9  20.7 CL  107.9  20.7 nm  0.086 s
Step   829: OL 1036.0  436.4  OA  108.9  18.5 CL  108.9  18.5 nm  0.084 s
Step   841: OL 1017.7  423.7  OA  108.8  14.0 CL  108.8  14.0 nm  0.082 s
Step   853: OL  998.8  411.7  OA  106.4   8.3 CL  106.4   8.3 nm  0.084 s
Step   865: OL  979.8  400.6  OA  107.8  15.4 CL  107.8  15.4 nm  0.083 s
Step   877: OL  961.4  390.8  OA  109.3  10.5 CL  109.3  10.5 nm  0.093 s
Step   888: OL  945.2  382.8  OA  108.0   8.9 CL  108.0   8.9 nm  0.085 s
Step   900: OL  926.8  375.0  OA  105.2  10.5 CL  105.2  10.5 nm  0.085 s
Step   912: OL  907.6  368.3  OA  110.2  12.4 CL  110.2  12.4 nm  0.094 s
Step   924: OL  888.2  362.5  OA  108.9   3.2 CL  108.9   3.2 nm  0.087 s
Step   936: OL  869.2  356.8  OA  105.4   9.8 CL  105.4   9.8 nm  0.085 s
Step   948: OL  850.9  351.1  OA  108.6   6.9 CL  108.6   6.9 nm  0.085 s
Step   960: OL  833.7  345.0  OA  106.2  10.4 CL  106.2  10.4 nm  0.083 s
Step   972: OL  818.6  338.2  OA  105.9  14.4 CL  105.9  14.4 nm  0.089 s
Step   984: OL  805.3  330.8  OA  105.5  11.9 CL  105.5  11.9 nm  0.084 s
Step   996: OL  793.3  322.5  OA  109.3   3.9 CL  109.3   3.9 nm  0.085 s
Step  1008: OL  782.1  313.6  OA  112.0   2.8 CL  112.0   2.8 nm  0.090 s
Step  1020: OL  772.3  304.4  OA  110.5  17.8 CL  110.5  17.8 nm  0.082 s
Step  1023 updated high order loop gain: 0.275
Step  1032: OL  763.7  295.0  OA  114.9  31.5 CL  114.9  31.5 nm  0.084 s
Step  1044: OL  756.4  284.8  OA  109.5  22.0 CL  109.5  22.0 nm  0.083 s
Step  1056: OL  749.0  273.9  OA  110.9  30.3 CL  110.9  30.3 nm  0.081 s
Step  1068: OL  742.2  261.7  OA  106.8  17.6 CL  106.8  17.6 nm  0.104 s
Step  1080: OL  737.2  248.2  OA  111.6  26.4 CL  111.6  26.4 nm  0.085 s
Step  1092: OL  734.1  234.2  OA  113.4  19.6 CL  113.4  19.6 nm  0.101 s
Step  1104: OL  732.3  221.1  OA  106.3  19.6 CL  106.3  19.6 nm  0.084 s
Step  1116: OL  731.6  209.0  OA  110.7  31.7 CL  110.7  31.7 nm  0.084 s
Step  1128: OL  731.6  198.4  OA  103.8  20.3 CL  103.8  20.3 nm  0.091 s
Step  1140: OL  732.0  189.5  OA  102.8  19.2 CL  102.8  19.2 nm  0.085 s
Step  1152: OL  732.6  182.0  OA  106.3  20.4 CL  106.3  20.4 nm  0.084 s
Step  1164: OL  732.9  176.3  OA  106.9  25.7 CL  106.9  25.7 nm  0.085 s
Step  1176: OL  733.6  172.3  OA  101.6  18.4 CL  101.6  18.4 nm  0.088 s
Step  1184: OL  734.9  170.3  OA  103.2  22.1 CL  103.2  22.1 nm  0.424 s
Step  1189: OL  735.9  169.2  OA  103.1  14.3 CL  103.1  14.3 nm  0.084 s
Step  1201: OL  738.8  166.7  OA  101.7  21.5 CL  101.7  21.5 nm  0.084 s
Step  1213: OL  741.8  164.6  OA  104.8  20.2 CL  104.8  20.2 nm  0.084 s
Step  1225: OL  745.1  163.5  OA  106.6  12.2 CL  106.6  12.2 nm  0.092 s
Step  1237: OL  747.7  163.8  OA  105.2  16.7 CL  105.2  16.7 nm  0.084 s
Step  1249: OL  750.0  165.8  OA  102.1  16.8 CL  102.1  16.8 nm  0.084 s
Step  1261: OL  753.0  169.7  OA  103.2   3.4 CL  103.2   3.4 nm  0.093 s
Step  1273: OL  756.5  175.2  OA  100.8  14.0 CL  100.8  14.0 nm  0.086 s
Step  1279 updated high order loop gain: 0.265
Step  1285: OL  761.0  181.9  OA  105.2  15.8 CL  105.2  15.8 nm  0.085 s
Step  1297: OL  766.2  189.6  OA  102.9   9.3 CL  102.9   9.3 nm  0.085 s
Step  1309: OL  771.3  198.1  OA  107.4  19.1 CL  107.4  19.1 nm  0.083 s
Step  1321: OL  776.0  207.5  OA  103.6  15.0 CL  103.6  15.0 nm  0.094 s
Step  1333: OL  781.3  217.8  OA  103.5  15.1 CL  103.5  15.1 nm  0.084 s
Step  1345: OL  787.6  228.7  OA  101.4  16.3 CL  101.4  16.3 nm  0.085 s
Step  1357: OL  795.3  239.5  OA  100.0  10.9 CL  100.0  10.9 nm  0.082 s
Step  1369: OL  803.9  249.0  OA  104.4  18.0 CL  104.4  18.0 nm  0.085 s
Step  1381: OL  813.0  256.8  OA  100.1  12.2 CL  100.1  12.2 nm  0.093 s
Step  1393: OL  823.2  263.2  OA  100.7   6.0 CL  100.7   6.0 nm  0.088 s
Step  1405: OL  834.3  268.1  OA  102.4  10.6 CL  102.4  10.6 nm  0.085 s
Step  1417: OL  846.0  271.7  OA  100.2  13.2 CL  100.2  13.2 nm  0.085 s
Step  1429: OL  857.9  274.6  OA  100.3  13.1 CL  100.3  13.1 nm  0.087 s
Step  1441: OL  869.2  277.0  OA   98.3   4.3 CL   98.3   4.3 nm  0.084 s
Step  1453: OL  879.7  278.8  OA  101.4  12.8 CL  101.4  12.8 nm  0.086 s
Step  1465: OL  889.0  279.4  OA  104.9  12.6 CL  104.9  12.6 nm  0.087 s
Step  1477: OL  895.8  278.6  OA  101.1   3.9 CL  101.1   3.9 nm  0.092 s
Step  1489: OL  899.7  276.3  OA   97.1   3.4 CL   97.1   3.4 nm  0.084 s
Step  1497: OL  900.6  273.9  OA  101.3   6.1 CL  101.3   6.1 nm  0.085 s
Step  1509: OL  900.0  269.1  OA  104.5  15.6 CL  104.5  15.6 nm  0.093 s
Step  1521: OL  897.4  263.5  OA  101.6   2.2 CL  101.6   2.2 nm  0.085 s
Step  1533: OL  892.8  256.8  OA  100.3  16.8 CL  100.3  16.8 nm  0.086 s
Step  1535 updated high order loop gain: 0.267
Step  1545: OL  886.6  249.2  OA  102.2   8.4 CL  102.2   8.4 nm  0.085 s
Step  1557: OL  879.7  241.2  OA  103.4  11.9 CL  103.4  11.9 nm  0.084 s
Step  1569: OL  873.0  233.7  OA  104.1  10.8 CL  104.1  10.8 nm  0.093 s
Step  1581: OL  865.5  227.1  OA  104.2  25.1 CL  104.2  25.1 nm  0.084 s
Step  1593: OL  857.5  221.8  OA  106.6  18.7 CL  106.6  18.7 nm  0.085 s
Step 1599: Output PSF
Step  1599: OL  853.3  219.3  OA  105.0  10.4 CL  105.0  10.4 nm  2.594 s
Mean: 106.64 17.91 105.12  nm.

*** Simulation Finished at 2025/02/17 15:30:25 in nid001972. ***

