Warning(sock.c:516): connect locally (/global/homes/b/bpeck/.aos/tmp/nid008652/scheduler) failed: No such file or directory. 
Warning(daemonize.c:230): Error redirect stdout
Warning(daemonize.c:231): Error redirect stderr
Warning(sock.c:516): connect locally (/global/homes/b/bpeck/.aos/tmp/nid008652/scheduler) failed: Invalid argument. 
/global/u2/b/bpeck/work/vismcao/maos -o studies/reduced_ngs/6_lgs/8mag_lgs/1000count -c master_files/reduced_ngs/6_lgs/8mag_lgs/kola_1000act.conf -O 
Output folder is 'studies/reduced_ngs/6_lgs/8mag_lgs/1000count'.
SRC: /global/homes/b/bpeck/code/maos v2.9 4c88b7c2 2024-11-13 16:45:33 -0800
BUILT: /global/homes/b/bpeck/code/maos/optim by GCC (v12) on 2024/11/18 09:40:03 CPU(F64,+O3) with CUDA(v122,F32)
Launched at 2025/02/11 23:47:55 in nid008652 with PID 767658.
The web based job monitor can be accessed at http://localhost:10300
Main config file is /global/u2/b/bpeck/work/vismcao/master_files/reduced_ngs/6_lgs/8mag_lgs/kola_1000act.conf
Warning(path.c:48): Path not found: path=/global/u2/b/bpeck/work/vismcao/master_files/reduced_ngs/6_lgs/8mag_lgs/bin; abspath=/global/u2/b/bpeck/work/vismcao/master_files/reduced_ngs/6_lgs/8mag_lgs/bin; Ignored.
Warning(path.c:48): Path not found: path=/global/u2/b/bpeck/work/vismcao/master_files/reduced_ngs/6_lgs/8mag_lgs/atm; abspath=/global/u2/b/bpeck/work/vismcao/master_files/reduced_ngs/6_lgs/8mag_lgs/atm; Ignored.
Warning(readcfg.c:399): sim.apfsm has been renamed to powfs.apfsm.
Warning(readcfg.c:399): sim.epfsm has been renamed to powfs.epfsm.
Warning(readcfg.c:399): sim.alfsm has been renamed to powfs.alfsm.
Warning(readcfg.c:399): sim.commonfsm has been renamed to powfs.commonfsm.
Warning(readcfg.c:399): sim.idealfsm has been renamed to powfs.idealfsm.
Warning(readcfg.c:399): sim.zetafsm has been renamed to powfs.zetafsm.
Warning(readcfg.c:399): sim.f0fsm has been renamed to powfs.f0fsm.
Warning(readcfg.c:399): tsurf has been renamed to ncpa.tsurf.
loaded 132 (132 new) records from '/global/u2/b/bpeck/work/vismcao/./keck_sim.conf'
loaded  19 ( 19 new) records from '/global/u2/b/bpeck/work/vismcao/./dm_none.conf'
loaded  19 (  0 new) records from '/global/u2/b/bpeck/work/vismcao/./keck_ASM.conf'
loaded  19 (  0 new) records from '/global/u2/b/bpeck/work/vismcao/./keck_DM2.conf'
loaded  19 (  0 new) records from '/global/u2/b/bpeck/work/vismcao/./keck_DM3.conf'
loaded   0 (  0 new) records from '/global/u2/b/bpeck/work/vismcao/./keck_dm_multiple.conf'
loaded   7 (  5 new) records from '/global/u2/b/bpeck/work/vismcao/./atm_mk13n50p_ground_detail.conf'
loaded  76 ( 69 new) records from '/global/homes/b/bpeck/code/maos/config/maos/powfs_common.conf'
loaded  44 ( 38 new) records from '/global/u2/b/bpeck/work/vismcao/./powfs_none.conf'
loaded  44 (  0 new) records from '/global/u2/b/bpeck/work/vismcao/./keck_shwfs_lgs.conf'
loaded  44 (  0 new) records from '/global/u2/b/bpeck/work/vismcao/./keck_shwfs_ttf_strap.conf'
loaded  44 (  0 new) records from '/global/u2/b/bpeck/work/vismcao/./keck_shwfs_twfs_lbwfs.conf'
loaded   0 (  0 new) records from '/global/u2/b/bpeck/work/vismcao/./keck_wfs_lgs_strap_lbwfs.conf'
loaded  71 ( 71 new) records from '/global/u2/b/bpeck/work/vismcao/./keck_recon.conf'
Warning(readcfg.c:399): dbg.na_smooth has been renamed to powfs0_llt.na_smooth.
Warning(readcfg.c:399): dbg.na_interp has been renamed to powfs0_llt.na_interp.
Warning(readcfg.c:399): dbg.na_thres has been renamed to powfs0_llt.na_thres.
Warning(readcfg.c:399): dbg.na_fit_maxit has been renamed to powfs0_llt.na_fit_maxit.
Warning(readcfg.c:399): dbg.na_fit_svdthres has been renamed to powfs0_llt.na_fit_svdthres.
Warning(readcfg.c:399): dbg.na_fit_dh has been renamed to powfs0_llt.na_fit_dh.
Warning(readcfg.c:399): dbg.ncpa_preload has been renamed to ncpa.preload.
Warning(readcfg.c:399): dbg.ncpa_rmsci has been renamed to ncpa.rmsci.
Warning(readcfg.c:399): dbg.draw_opdmax has been renamed to plot.opdmax.
Warning(readcfg.c:399): dbg.draw_gmax has been renamed to plot.gmax.
loaded  95 ( 93 new) records from '/global/u2/b/bpeck/work/vismcao/./keck_dbg.conf'
loaded   4 (  4 new) records from '/global/u2/b/bpeck/work/vismcao/./keck_fit_mcao.conf'
Warning(readcfg.c:399): surf has been renamed to ncpa.surf.
loaded  39 (  7 new) records from '/global/u2/b/bpeck/work/vismcao/master_files/reduced_ngs/6_lgs/8mag_lgs/kola_1000act.conf'
loaded   0 (  0 new) records from 'command line'
loaded  24 ( 18 new) records from '/global/u2/b/bpeck/work/vismcao/./keck_llt_CL.conf'
Adjust LGS range by telescope altitude 4145m.
Zenith angle is 30 degree.
    Scaling turbulence height and LGS hs by sec(za).
    Scaling r0 by cos(za)^(3/5).
    Scaling wind speed and LGS signal level by cos(za).
powfs0: Adjusting dx from 0.0078125 to 0.0077. 
powfs0.llt.fsm: f0=0 Hz, LPF ep=0
powfs0.epfsm is set to 0.517618 (auto)
powfs2: Adjusting dx from 0.03125 to 0.0312778. 
powfs2 is TWFS for powfs0
sim.ephi is set to 0.427717 (auto)
sim.eplo is set to 0.427717 (auto)
Warning(parms.c:2296): Layer 1 at 17.3205m is very close to layer 0 at 0m (OK).
Warning(parms.c:2296): Layer 2 at 34.641m is very close to layer 1 at 17.3205m (OK).
Warning(parms.c:2296): Layer 3 at 51.9615m is very close to layer 2 at 34.641m (OK).
dm 0: stroke=30 um is provided in micron.
dm 0: assume ia stroke=2 um is provided in micron.
dm 1: stroke=7 um is provided in micron.
dm 1: assume ia stroke=2 um is provided in micron.
dm 2: stroke=7 um is provided in micron.
dm 2: assume ia stroke=2 um is provided in micron.
Focus blending is not implemented yet for integrated tomography
parms->sim.mffocus is reset to 0
There are 1 valid simulation seeds:  1
Output PSF for 1 directions
Used 449 of 456 supplied keys
Warning(readcfg.c:158): key "dbg.pwfs_flate" is not recognized, value is 0
Warning(readcfg.c:158): key "dbg.pwfs_flatv" is not recognized, value is 0
Warning(readcfg.c:158): key "dbg.pwfs_psx" is not recognized, value is [0 0 0 0]
Warning(readcfg.c:158): key "dbg.pwfs_psy" is not recognized, value is [0 0 0 0]
Warning(readcfg.c:158): key "dbg.pwfs_pupelong" is not recognized, value is 0
Warning(readcfg.c:158): key "dbg.pwfs_raw" is not recognized, value is 0
Warning(readcfg.c:158): key "dbg.pwfs_side" is not recognized, value is 4
[00;00mAperture[00;00m is 11 m with sampling 1/128 m
[00;00mTurbulence at 30 degree zenith angle:[00;00m r0=0.128424m, L0=30m, 14 layers.
    Greenwood freq is 25.1Hz, anisoplanatic angle is 1.58 as
    Sampled 8192x8192 at 1/128m. wind dir is randomized.
    layer 0: ht=      0 m, wt= 0.302, ws=  4.8 m/s
    layer 1: ht=     17 m, wt= 0.154, ws=  5.0 m/s
    layer 2: ht=     35 m, wt= 0.041, ws=  5.4 m/s
    layer 3: ht=     52 m, wt= 0.002, ws=  6.6 m/s
    layer 4: ht=    139 m, wt= 0.021, ws=  6.1 m/s
    layer 5: ht=    231 m, wt= 0.010, ws=  6.1 m/s
    layer 6: ht=    323 m, wt= 0.008, ws=  6.1 m/s
    layer 7: ht=    416 m, wt= 0.005, ws=  6.1 m/s
    layer 8: ht=    508 m, wt= 0.001, ws=  6.1 m/s
    layer 9: ht=    932 m, wt= 0.107, ws=  5.6 m/s
    layer 10: ht=   5022 m, wt= 0.144, ws= 11.1 m/s
    layer 11: ht=   9238 m, wt= 0.093, ws= 19.1 m/s
    layer 12: ht=  13856 m, wt= 0.075, ws=  8.2 m/s
    layer 13: ht=  22518 m, wt= 0.036, ws=  4.8 m/s
[00;00mReconstruction[00;00m: r0=0.128424m L0=30m. 14 layers. use cone coordinate.
    layer 0: ht=      0 m, wt= 0.302
    layer 1: ht=     17 m, wt= 0.154
    layer 2: ht=     35 m, wt= 0.041
    layer 3: ht=     52 m, wt= 0.002
    layer 4: ht=    139 m, wt= 0.021
    layer 5: ht=    231 m, wt= 0.010
    layer 6: ht=    323 m, wt= 0.008
    layer 7: ht=    416 m, wt= 0.005
    layer 8: ht=    508 m, wt= 0.001
    layer 9: ht=    932 m, wt= 0.107
    layer 10: ht=   5022 m, wt= 0.144
    layer 11: ht=   9238 m, wt= 0.093
    layer 12: ht=  13856 m, wt= 0.075
    layer 13: ht=  22518 m, wt= 0.036
[00;00mThere are 3 powfs[00;00m
  powfs0: Order 36, LGS at 99.1 km. Sampling 1/129.87 m. Thres 30%. [00;00mT/T is removed in right hand side in tomography.[00;00m
    CCD image is 25x25 @ 500x500 mas, blur 27% (sigma), 1500Hz, wvl: [ 5.89e-07]
    Gtilt in reconstruction. Physical optics start at 0 with [00;00m'matched filter'[00;00m [00;00m(noisy)[00;00m
  powfs1: Order  2, NGS at inf km. Sampling 1/16 m. Thres 30%. 
    Ztilt in reconstruction. Geomtric optics start at 2 with ztilt [00;00m(noisy)[00;00m
  powfs2: Order 20, NGS at inf km. Sampling 1/31.9716 m. Thres 50%. 
    CCD image is 4x4 @ 1500x1500 mas, blur 0% (sigma), 0.015Hz, wvl: [ 7.2e-07]
    Gtilt in reconstruction. Geomtric optics start at 50 with gtilt Physical optics start at 0 with [00;00m'matched filter'[00;00m [00;00m(noisy)[00;00m
[00;00mThere are 10 wfs[00;00m
    wfs 0: type 0, at (  30.00,    0.00) arcsec,  99 km, siglev is 113.746 bkgrnd is 0.1
    wfs 1: type 0, at (  15.00,   25.98) arcsec,  99 km, siglev is 113.746 bkgrnd is 0.1
    wfs 2: type 0, at ( -15.00,   25.98) arcsec,  99 km, siglev is 113.746 bkgrnd is 0.1
    wfs 3: type 0, at ( -30.00,    0.00) arcsec,  99 km, siglev is 113.746 bkgrnd is 0.1
    wfs 4: type 0, at ( -15.00,  -25.98) arcsec,  99 km, siglev is 113.746 bkgrnd is 0.1
    wfs 5: type 0, at (  15.00,  -25.98) arcsec,  99 km, siglev is 113.746 bkgrnd is 0.1
    wfs 6: type 1, at (   5.00,    8.66) arcsec, inf km, siglev is 42387.6 bkgrnd is 1.056
    wfs 7: type 1, at ( -10.00,    0.00) arcsec, inf km, siglev is 42387.6 bkgrnd is 1.056
    wfs 8: type 1, at (   5.00,   -8.66) arcsec, inf km, siglev is 42387.6 bkgrnd is 1.056
    wfs 9: type 2, at (   0.00,    0.00) arcsec, inf km, siglev is 4.1558e+06 bkgrnd is 0.001
[00;00mThere are 3 DMs[00;00m
  DM 0 at -0.1km, actuator pitch 0.308m, offset   0, with 30.000000 micron stroke.
    Normalized cubic influence function with inter-actuator coupling of 0.223
  DM 1 at    6km, actuator pitch 0.168m, offset   0, with 7.000000 micron stroke.
    Normalized cubic influence function with inter-actuator coupling of 0.223
  DM 2 at   10km, actuator pitch 0.168m, offset   0, with 7.000000 micron stroke.
    Normalized cubic influence function with inter-actuator coupling of 0.223
[00;00mTomography[00;00m is using CG, with [00;00mFourer Domain[00;00m preconditioner, [00;00m12[00;00m iterations, integrated tomo.
[00;00mDM Fitting [00;00mis using CG, with [00;00mNo[00;00m preconditioner, [00;00m10[00;00m iterations
[00;00mThere are 9 fit directions[00;00m
    Fit 0: weight is 0.444, at (   0.00,    0.00) arcsec
    Fit 1: weight is 0.111, at (  15.00,    0.00) arcsec
    Fit 2: weight is 0.111, at (   0.00,   15.00) arcsec
    Fit 3: weight is 0.111, at ( -15.00,    0.00) arcsec
    Fit 4: weight is 0.111, at (   0.00,  -15.00) arcsec
    Fit 5: weight is 0.028, at (  15.00,   15.00) arcsec
    Fit 6: weight is 0.028, at ( -15.00,   15.00) arcsec
    Fit 7: weight is 0.028, at ( -15.00,  -15.00) arcsec
    Fit 8: weight is 0.028, at (  15.00,  -15.00) arcsec
[00;00mThere are 1 evaluation directions[00;00m at sampling 1/128 m.
    Evl 0: weight is 1.000, at (   0.00,    0.00) arcsec
[00;00mSimulation[00;00m start at step 0, end at step 1600, with time step 1/1500s, [00;00mclose loop[00;00m.
After setup_parms:	120.5 MiB.
Warning(sock.c:516): connect locally (/global/homes/b/bpeck/.aos/tmp/nid008652/scheduler) failed: Invalid argument. 
CUDA: minimum memory requirement is 0.3GB
GPU 0 is NVIDIA A100-SXM4-80GB with arch 8.0, 78.6GB free, 79.0GB total device memory.
Using GPU 0
Use 1 GPUs for WFS Tomo Fit Evl

*** Preparation started at 2025/02/11 23:47:56 in nid008652. ***

Using OpenMP version 201511 with 128 threads
Reading aperture amplitude map from KECK.fits
Warning(accphi.c:477): 108479 points not covered by input screen
Warning(sock.c:516): connect locally (/global/homes/b/bpeck/.aos/tmp/nid008652/scheduler) failed: Invalid argument. 
 ->maos.c:447->setup.c:148->aper.c:74->utils.c:478->accphi.c:478
iwvl 0: Science PSF is using grid size of 2880. The PSF will sum to 6.95167232825486
iwvl 1: Science PSF is using grid size of 2880. The PSF will sum to 6.95167232825486
iwvl 2: Science PSF is using grid size of 2880. The PSF will sum to 6.95167232825486
iwvl 3: Science PSF is using grid size of 2880. The PSF will sum to 6.95167232825486
iwvl 4: Science PSF is using grid size of 2880. The PSF will sum to 6.95167232825486
iwvl 5: Science PSF is using grid size of 2880. The PSF will sum to 6.95167232825486
iwvl 6: Science PSF is using grid size of 2880. The PSF will sum to 6.95167232825486
iwvl 7: Science PSF is using grid size of 2880. The PSF will sum to 6.95167232825486
iwvl 8: Science PSF is using grid size of 2880. The PSF will sum to 6.95167232825486
After setup_aper:	341.2 MiB.

[00;00mSetting up powfs 0 geom[00;00m

There are 40 points in each subaperture of 0.308m.
There are 787 valid subaperture.

[00;00mSetting up powfs 1 geom[00;00m

There are 88 points in each subaperture of 5.5m.
There are 4 valid subaperture.

[00;00mSetting up powfs 2 geom[00;00m

There are 18 points in each subaperture of 0.563m.
There are 236 valid subaperture.
After setup_powfs_init:	411.9 MiB.

[00;00mSetting up reconstructor geometry.[00;00m

PLOC is 75x75, with sampling of 0.15m (square)
    DM 0: grid is 39 x 39
    DM 1: grid is 75 x 75
    DM 2: grid is 81 x 79
FLOC is 75x75, with sampling of 0.15m (not square)
Tomography grid is square:
    layer 0: xloc grid is 140 x 140, sampling is 0.154 m, 19600 points
    layer 1: xloc grid is 140 x 140, sampling is 0.154 m, 19600 points
    layer 2: xloc grid is 140 x 140, sampling is 0.154 m, 19600 points
    layer 3: xloc grid is 140 x 140, sampling is 0.154 m, 19600 points
    layer 4: xloc grid is 140 x 140, sampling is 0.154 m, 19600 points
    layer 5: xloc grid is 140 x 140, sampling is 0.154 m, 19600 points
    layer 6: xloc grid is 140 x 140, sampling is 0.153 m, 19600 points
    layer 7: xloc grid is 140 x 140, sampling is 0.153 m, 19600 points
    layer 8: xloc grid is 140 x 140, sampling is 0.153 m, 19600 points
    layer 9: xloc grid is 140 x 140, sampling is 0.153 m, 19600 points
    layer 10: xloc grid is 140 x 140, sampling is 0.146 m, 19600 points
    layer 11: xloc grid is 140 x 140, sampling is 0.140 m, 19600 points
    layer 12: xloc grid is 140 x 140, sampling is 0.132 m, 19600 points
    layer 13: xloc grid is 140 x 140, sampling is 0.119 m, 19600 points

[00;00mSetting up powfs 0 PO WFS[00;00m

OTF dimension is 80x80 (calculated)
There is no bias
Uplink FWHM (illt 0, iwvl 0) is 0.580135"
Downlink FWHM (illt 0, iwvl 0) is 1.07529"
Generating matched filter for powfs 0
sa index   location       noise equivalent angle
     392: (  4.9,  -0.3) m, ( 57.13,  55.63) mas
     388: (  3.7,  -0.3) m, ( 61.18,  56.13) mas
     385: (  2.8,  -0.3) m, ( 65.41,  56.54) mas
     381: (  1.5,  -0.3) m, ( 72.76,  57.07) mas
     380: (  1.2,  -0.3) m, ( 74.62,  57.19) mas
     269: ( -0.6,  -1.5) m, ( 86.28,  59.01) mas
     378: ( -1.8,  -0.3) m, ( 93.80,  58.20) mas
     375: ( -2.8,  -0.3) m, ( 99.93,  58.50) mas
     371: ( -4.0,  -0.3) m, (108.66,  58.88) mas
     368: ( -4.9,  -0.3) m, (115.35,  59.15) mas
     367: ( -5.2,  -0.3) m, (117.66,  59.24) mas
sa index   location       noise equivalent angle
     773: (  2.5,   4.3) m, ( 55.90,  56.68) mas
     710: (  1.8,   3.4) m, ( 57.48,  59.43) mas
     660: (  1.5,   2.8) m, ( 58.11,  61.71) mas
     519: (  0.6,   1.2) m, ( 61.45,  69.82) mas
     518: (  0.3,   1.2) m, ( 62.63,  69.83) mas
     435: ( -1.5,   0.3) m, ( 71.85,  75.14) mas
     268: ( -0.9,  -1.5) m, ( 68.58,  86.77) mas
     180: ( -1.5,  -2.5) m, ( 71.83,  92.45) mas
     127: ( -1.8,  -3.1) m, ( 73.50,  96.35) mas
      76: ( -2.2,  -3.7) m, ( 75.87, 101.25) mas
      13: ( -2.8,  -4.6) m, ( 78.56, 106.61) mas
sa index   location       noise equivalent angle
     756: ( -2.8,   4.3) m, ( 55.90,  56.68) mas
     697: ( -2.2,   3.4) m, ( 57.53,  59.50) mas
     649: ( -1.8,   2.8) m, ( 58.11,  61.71) mas
     514: ( -0.9,   1.2) m, ( 61.45,  69.82) mas
     515: ( -0.6,   1.2) m, ( 62.63,  69.83) mas
     436: (  1.2,   0.3) m, ( 71.85,  75.14) mas
     273: (  0.6,  -1.5) m, ( 68.58,  86.77) mas
     189: (  1.2,  -2.5) m, ( 71.83,  92.45) mas
     138: (  1.5,  -3.1) m, ( 73.50,  96.35) mas
      89: (  1.8,  -3.7) m, ( 75.81, 101.15) mas
      30: (  2.5,  -4.6) m, ( 78.56, 106.61) mas
sa index   location       noise equivalent angle
     367: ( -5.2,  -0.3) m, ( 57.13,  55.63) mas
     371: ( -4.0,  -0.3) m, ( 61.18,  56.13) mas
     374: ( -3.1,  -0.3) m, ( 65.41,  56.54) mas
     378: ( -1.8,  -0.3) m, ( 72.76,  57.07) mas
     379: ( -1.5,  -0.3) m, ( 75.27,  57.77) mas
     518: (  0.3,   1.2) m, ( 86.28,  59.01) mas
     381: (  1.5,  -0.3) m, ( 93.80,  58.20) mas
     384: (  2.5,  -0.3) m, ( 99.93,  58.50) mas
     388: (  3.7,  -0.3) m, (108.66,  58.88) mas
     391: (  4.6,  -0.3) m, (115.35,  59.15) mas
     392: (  4.9,  -0.3) m, (117.66,  59.24) mas
sa index   location       noise equivalent angle
      13: ( -2.8,  -4.6) m, ( 55.90,  56.68) mas
      76: ( -2.2,  -3.7) m, ( 57.63,  59.61) mas
     127: ( -1.8,  -3.1) m, ( 58.11,  61.71) mas
     268: ( -0.9,  -1.5) m, ( 61.45,  69.82) mas
     269: ( -0.6,  -1.5) m, ( 62.63,  69.83) mas
     352: (  1.2,  -0.6) m, ( 71.85,  75.14) mas
     519: (  0.6,   1.2) m, ( 68.58,  86.77) mas
     607: (  1.2,   2.2) m, ( 71.83,  92.45) mas
     660: (  1.5,   2.8) m, ( 73.50,  96.35) mas
     710: (  1.8,   3.4) m, ( 75.66, 100.89) mas
     773: (  2.5,   4.3) m, ( 78.56, 106.61) mas
sa index   location       noise equivalent angle
      30: (  2.5,  -4.6) m, ( 55.90,  56.68) mas
      89: (  1.8,  -3.7) m, ( 57.58,  59.54) mas
     138: (  1.5,  -3.1) m, ( 58.11,  61.71) mas
     273: (  0.6,  -1.5) m, ( 61.45,  69.82) mas
     272: (  0.3,  -1.5) m, ( 62.63,  69.83) mas
     351: ( -1.5,  -0.6) m, ( 71.85,  75.14) mas
     514: ( -0.9,   1.2) m, ( 68.58,  86.77) mas
     598: ( -1.5,   2.2) m, ( 71.83,  92.45) mas
     649: ( -1.8,   2.8) m, ( 73.50,  96.35) mas
     697: ( -2.2,   3.4) m, ( 75.74, 101.01) mas
     756: ( -2.8,   4.3) m, ( 78.56, 106.61) mas

[00;00mSetting up powfs 2 PO WFS[00;00m

OTF dimension is 48x48 (calculated)
Generating matched filter for powfs 2
Use sanea to derive neasim
Use sanea to derive neasim

[00;00mSetting up reconstructor[00;00m

Recon NEA: cmf(75.71) cmf(75.79) cmf(75.76) cmf(75.67) cmf(75.69) cmf(75.71) geom(0.31) geom(0.31) geom(0.31) mf(0.14)  mas
Setup or update control matrix parameters.
RRtwfs svd threshold is 1e-10
Replacing HA by HA*fit->actextrap
Adding piston cr to fit matrix
Adding TT cr on upper DMs to fit matrix.
Before assembling fit matrix:	3291.2 MiB.
Building fit->FR
Building fit->FL
Adding tikhonov constraint of 1.0e-07 to FLM
The maximum eigen value is estimated to be around 3.6e-04
DM Fit number of Low rank terms: 16 in LHS
After assemble fit matrix:	3949.3 MiB.
After setup_recon:	3949.3 MiB.
GPU 0: mem used 1500 MB (wfs init)
GPU 0: mem used 1878 MB (recon init)
GPU 0: mem used 1908 MB (perf init)

*** Simulation started at 2025/02/11 23:49:36 in nid008652. ***

Running seed 1
GPU 0: mem used 1908 MB (wfs seeding)
Wind dir: 267.3 261.7 167.0 130.5 300.7  32.3 119.8 139.0 150.8 277.7 203.0 133.1  45.9 265.1 deg
Using /global/homes/b/bpeck/.aos/cache/atm/vonkarman_14_8192x8192_0.0078125_1115374592d.bin
After genatm:	4004.2 MiB.
Step     #  Open Loop  PR TT  On axis  PR TT  Field RMS PR TT     Timing 
Step     0: OL  884.6  248.3  OA  884.6 248.3 CL  884.6 248.3 nm  0.295 s
Step    20: OL  916.1  255.8  OA  138.8  21.4 CL  138.8  21.4 nm  0.035 s
Step    48: OL  959.3  261.1  OA  132.1   4.3 CL  132.1   4.3 nm  0.038 s
Step    76: OL 1000.9  259.0  OA  136.2  12.7 CL  136.2  12.7 nm  0.037 s
Step   104: OL 1043.6  257.3  OA  131.9  11.9 CL  131.9  11.9 nm  0.032 s
Step   130: OL 1082.1  260.2  OA  131.0  17.0 CL  131.0  17.0 nm  0.034 s
Step   158: OL 1117.6  271.0  OA  136.4  22.2 CL  136.4  22.2 nm  0.038 s
Step   185: OL 1142.5  287.1  OA  133.0  17.6 CL  133.0  17.6 nm  0.035 s
Step   213: OL 1157.2  305.1  OA  129.3  10.2 CL  129.3  10.2 nm  0.037 s
Step   241: OL 1161.6  323.5  OA  131.4  15.2 CL  131.4  15.2 nm  0.035 s
Step   255 updated high order loop gain: 0.385
Step   266: OL 1153.0  341.4  OA  129.8  14.3 CL  129.8  14.3 nm  0.037 s
Step   294: OL 1128.6  362.9  OA  128.2   9.1 CL  128.2   9.1 nm  0.041 s
Step   322: OL 1096.0  388.7  OA  128.1   6.3 CL  128.1   6.3 nm  0.032 s
Step   350: OL 1059.9  421.0  OA  129.1   5.6 CL  129.1   5.6 nm  0.035 s
Step   379: OL 1025.8  461.5  OA  128.0   6.5 CL  128.0   6.5 nm  0.037 s
Step   407: OL  995.6  501.8  OA  130.5  13.1 CL  130.5  13.1 nm  0.037 s
Step   435: OL  964.8  539.6  OA  126.7   7.8 CL  126.7   7.8 nm  0.035 s
Step   462: OL  940.2  574.9  OA  125.9   5.3 CL  125.9   5.3 nm  0.034 s
Step   490: OL  930.2  610.4  OA  132.3  16.1 CL  132.3  16.1 nm  0.033 s
Step   511 updated high order loop gain: 0.362
Step   515: OL  933.2  638.3  OA  139.6  32.5 CL  139.6  32.5 nm  0.045 s
Step   542: OL  944.0  659.3  OA  133.6  10.8 CL  133.6  10.8 nm  0.032 s
Step   571: OL  965.7  669.4  OA  130.1   5.6 CL  130.1   5.6 nm  0.045 s
Step   600: OL  995.5  669.0  OA  127.3  11.3 CL  127.3  11.3 nm  0.034 s
Step   628: OL 1027.5  656.1  OA  130.5   5.9 CL  130.5   5.9 nm  0.041 s
Step   656: OL 1056.8  633.1  OA  133.9   7.0 CL  133.9   7.0 nm  0.032 s
Step   684: OL 1081.4  604.4  OA  134.5  20.8 CL  134.5  20.8 nm  0.035 s
Step   712: OL 1100.1  572.6  OA  136.2  14.2 CL  136.2  14.2 nm  0.035 s
Step   740: OL 1106.2  537.9  OA  134.2  15.8 CL  134.2  15.8 nm  0.036 s
Step   767: OL 1099.4  505.7  OA  136.6  16.3 CL  136.6  16.3 nm  0.034 s
Step   767 updated high order loop gain: 0.357
Step   787: OL 1086.0  483.1  OA  135.4  10.6 CL  135.4  10.6 nm  0.039 s
Step   790: OL 1083.3  479.7  OA  132.2  13.9 CL  132.2  13.9 nm  0.430 s
Step   819: OL 1050.4  447.4  OA  134.9  10.3 CL  134.9  10.3 nm  0.036 s
Step   848: OL 1006.8  416.6  OA  130.5  13.6 CL  130.5  13.6 nm  0.034 s
Step   876: OL  962.6  391.5  OA  128.7  15.1 CL  128.7  15.1 nm  0.034 s
Step   903: OL  921.6  373.2  OA  130.8   5.2 CL  130.8   5.2 nm  0.062 s
Step   930: OL  878.0  359.7  OA  130.2   8.8 CL  130.2   8.8 nm  0.044 s
Step   958: OL  836.1  346.1  OA  131.2  19.5 CL  131.2  19.5 nm  0.032 s
Step   986: OL  803.9  329.5  OA  132.9  16.4 CL  132.9  16.4 nm  0.036 s
Step  1014: OL  778.9  309.1  OA  134.1   4.6 CL  134.1   4.6 nm  0.041 s
Step  1023 updated high order loop gain: 0.353
Step  1041: OL  761.3  287.5  OA  140.3   6.0 CL  140.3   6.0 nm  0.043 s
Step  1061: OL  750.2  269.1  OA  135.9   8.8 CL  135.9   8.8 nm  0.034 s
Step  1089: OL  740.7  237.8  OA  137.6  28.0 CL  137.6  28.0 nm  0.033 s
Step  1117: OL  740.1  208.3  OA  135.3  24.0 CL  135.3  24.0 nm  0.038 s
Step  1146: OL  742.7  185.9  OA  127.5  17.1 CL  127.5  17.1 nm  0.032 s
Step  1174: OL  745.2  173.2  OA  129.0  17.3 CL  129.0  17.3 nm  0.034 s
Step  1202: OL  750.0  167.0  OA  129.7  18.3 CL  129.7  18.3 nm  0.035 s
Step  1230: OL  754.7  163.9  OA  128.6  11.5 CL  128.6  11.5 nm  0.034 s
Step  1258: OL  756.6  169.0  OA  131.4  24.3 CL  131.4  24.3 nm  0.032 s
Step  1279 updated high order loop gain: 0.344
Step  1285: OL  760.4  182.3  OA  135.3  26.5 CL  135.3  26.5 nm  0.035 s
Step  1311: OL  766.7  200.0  OA  142.0  37.7 CL  142.0  37.7 nm  0.035 s
Step  1331: OL  771.7  216.4  OA  138.6  31.1 CL  138.6  31.1 nm  0.035 s
Step  1358: OL  784.4  240.7  OA  134.4  20.8 CL  134.4  20.8 nm  0.038 s
Step  1385: OL  803.5  259.3  OA  134.7  25.0 CL  134.7  25.0 nm  0.036 s
Step  1413: OL  829.7  270.8  OA  138.1  30.0 CL  138.1  30.0 nm  0.037 s
Step  1441: OL  858.9  277.1  OA  133.7  19.5 CL  133.7  19.5 nm  0.034 s
Step  1469: OL  884.0  279.4  OA  128.6  13.1 CL  128.6  13.1 nm  0.032 s
Step  1497: OL  895.7  273.9  OA  133.1  16.7 CL  133.1  16.7 nm  0.032 s
Step  1526: OL  893.8  260.9  OA  136.7  16.6 CL  136.7  16.6 nm  0.035 s
Step  1535 updated high order loop gain: 0.344
Step  1553: OL  882.7  243.9  OA  133.8   9.1 CL  133.8   9.1 nm  0.042 s
Step  1581: OL  867.4  227.1  OA  136.9   8.9 CL  136.9   8.9 nm  0.034 s
Step 1599: Output PSF
Step  1599: OL  855.5  219.2  OA  138.4   6.8 CL  138.4   6.8 nm  3.145 s
Mean: 132.84 17.71 131.65  nm.

*** Simulation Finished at 2025/02/11 23:50:48 in nid008652. ***

