Warning(sock.c:516): connect locally (/global/homes/b/bpeck/.aos/tmp/nid003517/scheduler) failed: Invalid argument. 
/global/u2/b/bpeck/work/vismcao/maos -o studies/reduced_ngs/8_lgs/8mag_lgs/5000count -c master_files/reduced_ngs/8_lgs/8mag_lgs/kola_5000act.conf -O 
Output folder is 'studies/reduced_ngs/8_lgs/8mag_lgs/5000count'.
SRC: /global/homes/b/bpeck/code/maos v2.9 4c88b7c2 2024-11-13 16:45:33 -0800
BUILT: /global/homes/b/bpeck/code/maos/optim by GCC (v12) on 2024/11/18 09:40:03 CPU(F64,+O3) with CUDA(v122,F32)
Launched at 2025/02/11 19:14:48 in nid003517 with PID 1952940.
The web based job monitor can be accessed at http://localhost:10300
Main config file is /global/u2/b/bpeck/work/vismcao/master_files/reduced_ngs/8_lgs/8mag_lgs/kola_5000act.conf
Warning(path.c:48): Path not found: path=/global/u2/b/bpeck/work/vismcao/master_files/reduced_ngs/8_lgs/8mag_lgs/bin; abspath=/global/u2/b/bpeck/work/vismcao/master_files/reduced_ngs/8_lgs/8mag_lgs/bin; Ignored.
Warning(path.c:48): Path not found: path=/global/u2/b/bpeck/work/vismcao/master_files/reduced_ngs/8_lgs/8mag_lgs/atm; abspath=/global/u2/b/bpeck/work/vismcao/master_files/reduced_ngs/8_lgs/8mag_lgs/atm; Ignored.
Warning(readcfg.c:399): sim.apfsm has been renamed to powfs.apfsm.
Warning(readcfg.c:399): sim.epfsm has been renamed to powfs.epfsm.
Warning(readcfg.c:399): sim.alfsm has been renamed to powfs.alfsm.
Warning(readcfg.c:399): sim.commonfsm has been renamed to powfs.commonfsm.
Warning(readcfg.c:399): sim.idealfsm has been renamed to powfs.idealfsm.
Warning(readcfg.c:399): sim.zetafsm has been renamed to powfs.zetafsm.
Warning(readcfg.c:399): sim.f0fsm has been renamed to powfs.f0fsm.
Warning(readcfg.c:399): tsurf has been renamed to ncpa.tsurf.
loaded 132 (132 new) records from '/global/u2/b/bpeck/work/vismcao/./keck_sim.conf'
loaded  19 ( 19 new) records from '/global/u2/b/bpeck/work/vismcao/./dm_none.conf'
loaded  19 (  0 new) records from '/global/u2/b/bpeck/work/vismcao/./keck_ASM.conf'
loaded  19 (  0 new) records from '/global/u2/b/bpeck/work/vismcao/./keck_DM2.conf'
loaded  19 (  0 new) records from '/global/u2/b/bpeck/work/vismcao/./keck_DM3.conf'
loaded   0 (  0 new) records from '/global/u2/b/bpeck/work/vismcao/./keck_dm_multiple.conf'
loaded   7 (  5 new) records from '/global/u2/b/bpeck/work/vismcao/./atm_mk13n50p_ground_detail.conf'
loaded  76 ( 69 new) records from '/global/homes/b/bpeck/code/maos/config/maos/powfs_common.conf'
loaded  44 ( 38 new) records from '/global/u2/b/bpeck/work/vismcao/./powfs_none.conf'
loaded  44 (  0 new) records from '/global/u2/b/bpeck/work/vismcao/./keck_shwfs_lgs.conf'
loaded  44 (  0 new) records from '/global/u2/b/bpeck/work/vismcao/./keck_shwfs_ttf_strap.conf'
loaded  44 (  0 new) records from '/global/u2/b/bpeck/work/vismcao/./keck_shwfs_twfs_lbwfs.conf'
loaded   0 (  0 new) records from '/global/u2/b/bpeck/work/vismcao/./keck_wfs_lgs_strap_lbwfs.conf'
loaded  71 ( 71 new) records from '/global/u2/b/bpeck/work/vismcao/./keck_recon.conf'
Warning(readcfg.c:399): dbg.na_smooth has been renamed to powfs0_llt.na_smooth.
Warning(readcfg.c:399): dbg.na_interp has been renamed to powfs0_llt.na_interp.
Warning(readcfg.c:399): dbg.na_thres has been renamed to powfs0_llt.na_thres.
Warning(readcfg.c:399): dbg.na_fit_maxit has been renamed to powfs0_llt.na_fit_maxit.
Warning(readcfg.c:399): dbg.na_fit_svdthres has been renamed to powfs0_llt.na_fit_svdthres.
Warning(readcfg.c:399): dbg.na_fit_dh has been renamed to powfs0_llt.na_fit_dh.
Warning(readcfg.c:399): dbg.ncpa_preload has been renamed to ncpa.preload.
Warning(readcfg.c:399): dbg.ncpa_rmsci has been renamed to ncpa.rmsci.
Warning(readcfg.c:399): dbg.draw_opdmax has been renamed to plot.opdmax.
Warning(readcfg.c:399): dbg.draw_gmax has been renamed to plot.gmax.
loaded  95 ( 93 new) records from '/global/u2/b/bpeck/work/vismcao/./keck_dbg.conf'
loaded   4 (  4 new) records from '/global/u2/b/bpeck/work/vismcao/./keck_fit_mcao.conf'
Warning(readcfg.c:399): surf has been renamed to ncpa.surf.
loaded  39 (  7 new) records from '/global/u2/b/bpeck/work/vismcao/master_files/reduced_ngs/8_lgs/8mag_lgs/kola_5000act.conf'
loaded   0 (  0 new) records from 'command line'
loaded  24 ( 18 new) records from '/global/u2/b/bpeck/work/vismcao/./keck_llt_CL.conf'
Adjust LGS range by telescope altitude 4145m.
Zenith angle is 30 degree.
    Scaling turbulence height and LGS hs by sec(za).
    Scaling r0 by cos(za)^(3/5).
    Scaling wind speed and LGS signal level by cos(za).
powfs0: Adjusting dx from 0.0078125 to 0.00766667. 
powfs0.llt.fsm: f0=0 Hz, LPF ep=0
powfs0.epfsm is set to 0.517618 (auto)
powfs2: Adjusting dx from 0.03125 to 0.0312778. 
powfs2 is TWFS for powfs0
sim.ephi is set to 0.427717 (auto)
sim.eplo is set to 0.427717 (auto)
Warning(parms.c:2296): Layer 1 at 17.3205m is very close to layer 0 at 0m (OK).
Warning(parms.c:2296): Layer 2 at 34.641m is very close to layer 1 at 17.3205m (OK).
Warning(parms.c:2296): Layer 3 at 51.9615m is very close to layer 2 at 34.641m (OK).
dm 0: stroke=30 um is provided in micron.
dm 0: assume ia stroke=2 um is provided in micron.
dm 1: stroke=7 um is provided in micron.
dm 1: assume ia stroke=2 um is provided in micron.
dm 2: stroke=7 um is provided in micron.
dm 2: assume ia stroke=2 um is provided in micron.
Focus blending is not implemented yet for integrated tomography
parms->sim.mffocus is reset to 0
There are 1 valid simulation seeds:  1
Output PSF for 1 directions
Used 449 of 456 supplied keys
Warning(readcfg.c:158): key "dbg.pwfs_flate" is not recognized, value is 0
Warning(readcfg.c:158): key "dbg.pwfs_flatv" is not recognized, value is 0
Warning(readcfg.c:158): key "dbg.pwfs_psx" is not recognized, value is [0 0 0 0]
Warning(readcfg.c:158): key "dbg.pwfs_psy" is not recognized, value is [0 0 0 0]
Warning(readcfg.c:158): key "dbg.pwfs_pupelong" is not recognized, value is 0
Warning(readcfg.c:158): key "dbg.pwfs_raw" is not recognized, value is 0
Warning(readcfg.c:158): key "dbg.pwfs_side" is not recognized, value is 4
[00;00mAperture[00;00m is 11 m with sampling 1/128 m
[00;00mTurbulence at 30 degree zenith angle:[00;00m r0=0.128424m, L0=30m, 14 layers.
    Greenwood freq is 25.1Hz, anisoplanatic angle is 1.58 as
    Sampled 8192x8192 at 1/128m. wind dir is randomized.
    layer 0: ht=      0 m, wt= 0.302, ws=  4.8 m/s
    layer 1: ht=     17 m, wt= 0.154, ws=  5.0 m/s
    layer 2: ht=     35 m, wt= 0.041, ws=  5.4 m/s
    layer 3: ht=     52 m, wt= 0.002, ws=  6.6 m/s
    layer 4: ht=    139 m, wt= 0.021, ws=  6.1 m/s
    layer 5: ht=    231 m, wt= 0.010, ws=  6.1 m/s
    layer 6: ht=    323 m, wt= 0.008, ws=  6.1 m/s
    layer 7: ht=    416 m, wt= 0.005, ws=  6.1 m/s
    layer 8: ht=    508 m, wt= 0.001, ws=  6.1 m/s
    layer 9: ht=    932 m, wt= 0.107, ws=  5.6 m/s
    layer 10: ht=   5022 m, wt= 0.144, ws= 11.1 m/s
    layer 11: ht=   9238 m, wt= 0.093, ws= 19.1 m/s
    layer 12: ht=  13856 m, wt= 0.075, ws=  8.2 m/s
    layer 13: ht=  22518 m, wt= 0.036, ws=  4.8 m/s
[00;00mReconstruction[00;00m: r0=0.128424m L0=30m. 14 layers. use cone coordinate.
    layer 0: ht=      0 m, wt= 0.302
    layer 1: ht=     17 m, wt= 0.154
    layer 2: ht=     35 m, wt= 0.041
    layer 3: ht=     52 m, wt= 0.002
    layer 4: ht=    139 m, wt= 0.021
    layer 5: ht=    231 m, wt= 0.010
    layer 6: ht=    323 m, wt= 0.008
    layer 7: ht=    416 m, wt= 0.005
    layer 8: ht=    508 m, wt= 0.001
    layer 9: ht=    932 m, wt= 0.107
    layer 10: ht=   5022 m, wt= 0.144
    layer 11: ht=   9238 m, wt= 0.093
    layer 12: ht=  13856 m, wt= 0.075
    layer 13: ht=  22518 m, wt= 0.036
[00;00mThere are 3 powfs[00;00m
  powfs0: Order 80, LGS at 99.1 km. Sampling 1/130.435 m. Thres 30%. [00;00mT/T is removed in right hand side in tomography.[00;00m
    CCD image is 25x25 @ 500x500 mas, blur 27% (sigma), 1500Hz, wvl: [ 5.89e-07]
    Gtilt in reconstruction. Physical optics start at 0 with [00;00m'matched filter'[00;00m [00;00m(noisy)[00;00m
  powfs1: Order  2, NGS at inf km. Sampling 1/16 m. Thres 30%. 
    Ztilt in reconstruction. Geomtric optics start at 2 with ztilt [00;00m(noisy)[00;00m
  powfs2: Order 20, NGS at inf km. Sampling 1/31.9716 m. Thres 50%. 
    CCD image is 4x4 @ 1500x1500 mas, blur 0% (sigma), 0.015Hz, wvl: [ 7.2e-07]
    Gtilt in reconstruction. Geomtric optics start at 50 with gtilt Physical optics start at 0 with [00;00m'matched filter'[00;00m [00;00m(noisy)[00;00m
[00;00mThere are 12 wfs[00;00m
    wfs 0: type 0, at (  30.00,    0.00) arcsec,  99 km, siglev is 22.8345 bkgrnd is 0.1
    wfs 1: type 0, at (  21.21,   21.21) arcsec,  99 km, siglev is 22.8345 bkgrnd is 0.1
    wfs 2: type 0, at (   0.00,   30.00) arcsec,  99 km, siglev is 22.8345 bkgrnd is 0.1
    wfs 3: type 0, at ( -21.21,   21.21) arcsec,  99 km, siglev is 22.8345 bkgrnd is 0.1
    wfs 4: type 0, at ( -30.00,    0.00) arcsec,  99 km, siglev is 22.8345 bkgrnd is 0.1
    wfs 5: type 0, at ( -21.21,  -21.21) arcsec,  99 km, siglev is 22.8345 bkgrnd is 0.1
    wfs 6: type 0, at (   0.00,  -30.00) arcsec,  99 km, siglev is 22.8345 bkgrnd is 0.1
    wfs 7: type 0, at (  21.21,  -21.21) arcsec,  99 km, siglev is 22.8345 bkgrnd is 0.1
    wfs 8: type 1, at (   5.00,    8.66) arcsec, inf km, siglev is 42387.6 bkgrnd is 1.056
    wfs 9: type 1, at ( -10.00,    0.00) arcsec, inf km, siglev is 42387.6 bkgrnd is 1.056
    wfs 10: type 1, at (   5.00,   -8.66) arcsec, inf km, siglev is 42387.6 bkgrnd is 1.056
    wfs 11: type 2, at (   0.00,    0.00) arcsec, inf km, siglev is 4.1558e+06 bkgrnd is 0.001
[00;00mThere are 3 DMs[00;00m
  DM 0 at -0.1km, actuator pitch 0.138m, offset   0, with 30.000000 micron stroke.
    Normalized cubic influence function with inter-actuator coupling of 0.223
  DM 1 at    6km, actuator pitch 0.168m, offset   0, with 7.000000 micron stroke.
    Normalized cubic influence function with inter-actuator coupling of 0.223
  DM 2 at   10km, actuator pitch 0.168m, offset   0, with 7.000000 micron stroke.
    Normalized cubic influence function with inter-actuator coupling of 0.223
[00;00mTomography[00;00m is using CG, with [00;00mFourer Domain[00;00m preconditioner, [00;00m12[00;00m iterations, integrated tomo.
[00;00mDM Fitting [00;00mis using CG, with [00;00mNo[00;00m preconditioner, [00;00m10[00;00m iterations
[00;00mThere are 9 fit directions[00;00m
    Fit 0: weight is 0.444, at (   0.00,    0.00) arcsec
    Fit 1: weight is 0.111, at (  15.00,    0.00) arcsec
    Fit 2: weight is 0.111, at (   0.00,   15.00) arcsec
    Fit 3: weight is 0.111, at ( -15.00,    0.00) arcsec
    Fit 4: weight is 0.111, at (   0.00,  -15.00) arcsec
    Fit 5: weight is 0.028, at (  15.00,   15.00) arcsec
    Fit 6: weight is 0.028, at ( -15.00,   15.00) arcsec
    Fit 7: weight is 0.028, at ( -15.00,  -15.00) arcsec
    Fit 8: weight is 0.028, at (  15.00,  -15.00) arcsec
[00;00mThere are 1 evaluation directions[00;00m at sampling 1/128 m.
    Evl 0: weight is 1.000, at (   0.00,    0.00) arcsec
[00;00mSimulation[00;00m start at step 0, end at step 1600, with time step 1/1500s, [00;00mclose loop[00;00m.
After setup_parms:	120.5 MiB.
Warning(sock.c:516): connect locally (/global/homes/b/bpeck/.aos/tmp/nid003517/scheduler) failed: Invalid argument. 
CUDA: minimum memory requirement is 0.3GB
GPU 0 is NVIDIA A100-SXM4-40GB with arch 8.0, 38.9GB free, 39.3GB total device memory.
Using GPU 0
Use 1 GPUs for WFS Tomo Fit Evl

*** Preparation started at 2025/02/11 19:14:49 in nid003517. ***

Using OpenMP version 201511 with 128 threads
Reading aperture amplitude map from KECK.fits
Warning(accphi.c:477): 108260 points not covered by input screen
Warning(sock.c:516): connect locally (/global/homes/b/bpeck/.aos/tmp/nid003517/scheduler) failed: Invalid argument. 
 ->maos.c:447->setup.c:148->aper.c:74->utils.c:478->accphi.c:478
iwvl 0: Science PSF is using grid size of 2880. The PSF will sum to 6.95167232825486
iwvl 1: Science PSF is using grid size of 2880. The PSF will sum to 6.95167232825486
iwvl 2: Science PSF is using grid size of 2880. The PSF will sum to 6.95167232825486
iwvl 3: Science PSF is using grid size of 2880. The PSF will sum to 6.95167232825486
iwvl 4: Science PSF is using grid size of 2880. The PSF will sum to 6.95167232825486
iwvl 5: Science PSF is using grid size of 2880. The PSF will sum to 6.95167232825486
iwvl 6: Science PSF is using grid size of 2880. The PSF will sum to 6.95167232825486
iwvl 7: Science PSF is using grid size of 2880. The PSF will sum to 6.95167232825486
iwvl 8: Science PSF is using grid size of 2880. The PSF will sum to 6.95167232825486
After setup_aper:	343.0 MiB.

[00;00mSetting up powfs 0 geom[00;00m

There are 18 points in each subaperture of 0.138m.
There are 3911 valid subaperture.

[00;00mSetting up powfs 1 geom[00;00m

There are 88 points in each subaperture of 5.5m.
There are 4 valid subaperture.

[00;00mSetting up powfs 2 geom[00;00m

There are 18 points in each subaperture of 0.563m.
There are 236 valid subaperture.
After setup_powfs_init:	443.2 MiB.

[00;00mSetting up reconstructor geometry.[00;00m

PLOC is 163x163, with sampling of 0.07m (square)
    DM 0: grid is 85 x 85
    DM 1: grid is 75 x 75
    DM 2: grid is 81 x 81
FLOC is 163x163, with sampling of 0.07m (not square)
Tomography grid is square:
    layer 0: xloc grid is 288 x 288, sampling is 0.069 m, 82944 points
    layer 1: xloc grid is 288 x 288, sampling is 0.069 m, 82944 points
    layer 2: xloc grid is 288 x 288, sampling is 0.069 m, 82944 points
    layer 3: xloc grid is 288 x 288, sampling is 0.069 m, 82944 points
    layer 4: xloc grid is 288 x 288, sampling is 0.069 m, 82944 points
    layer 5: xloc grid is 288 x 288, sampling is 0.069 m, 82944 points
    layer 6: xloc grid is 288 x 288, sampling is 0.069 m, 82944 points
    layer 7: xloc grid is 288 x 288, sampling is 0.069 m, 82944 points
    layer 8: xloc grid is 288 x 288, sampling is 0.069 m, 82944 points
    layer 9: xloc grid is 288 x 288, sampling is 0.068 m, 82944 points
    layer 10: xloc grid is 288 x 288, sampling is 0.066 m, 82944 points
    layer 11: xloc grid is 288 x 288, sampling is 0.063 m, 82944 points
    layer 12: xloc grid is 288 x 288, sampling is 0.059 m, 82944 points
    layer 13: xloc grid is 288 x 288, sampling is 0.053 m, 82944 points

[00;00mSetting up powfs 0 PO WFS[00;00m

OTF dimension is 36x36 (calculated)
Uplink FWHM (illt 0, iwvl 0) is 0.581315"
Downlink FWHM (illt 0, iwvl 0) is 1.4091"
Generating matched filter for powfs 0
sa index   location       noise equivalent angle
    1955: (  4.8,  -0.1) m, (178.17, 170.08) mas
    1947: (  3.7,  -0.1) m, (191.67, 172.08) mas
    1939: (  2.6,  -0.1) m, (209.53, 174.70) mas
    1931: (  1.5,  -0.1) m, (230.12, 177.67) mas
    1929: (  1.2,  -0.1) m, (235.47, 178.43) mas
    1375: ( -0.6,  -1.4) m, (268.96, 187.62) mas
    1925: ( -1.8,  -0.1) m, (292.61, 186.79) mas
    1917: ( -2.9,  -0.1) m, (313.00, 189.77) mas
    1909: ( -4.0,  -0.1) m, (332.30, 192.54) mas
    1901: ( -5.1,  -0.1) m, (353.90, 195.41) mas
    1899: ( -5.4,  -0.1) m, (361.42, 196.31) mas
sa index   location       noise equivalent angle
    3188: (  2.6,   2.6) m, (182.07, 182.07) mas
    2891: (  1.9,   1.9) m, (202.29, 201.35) mas
    2480: (  1.1,   1.1) m, (203.87, 203.87) mas
    2415: (  1.0,   1.0) m, (206.19, 206.19) mas
    1447: (  0.6,  -1.2) m, (214.80, 244.67) mas
    1438: ( -1.2,  -1.2) m, (244.51, 244.51) mas
    1093: ( -1.9,  -1.9) m, (257.23, 257.23) mas
     729: ( -2.8,  -2.8) m, (273.73, 273.73) mas
     442: ( -3.5,  -3.5) m, (291.78, 292.27) mas
     164: ( -3.0,  -4.3) m, (280.84, 305.79) mas
sa index   location       noise equivalent angle
    3592: (  0.0,   3.7) m, (178.58, 197.04) mas
    3169: (  0.0,   2.6) m, (181.37, 215.54) mas
    2676: (  0.0,   1.5) m, (184.54, 236.89) mas
    2540: (  0.0,   1.2) m, (185.34, 242.43) mas
    1742: (  1.2,  -0.6) m, (187.62, 268.96) mas
    1175: (  0.0,  -1.8) m, (194.28, 301.57) mas
     692: (  0.0,  -2.9) m, (197.47, 322.60) mas
     278: (  0.0,  -4.0) m, (200.44, 342.49) mas
     140: (  0.0,  -4.4) m, (201.83, 352.89) mas
sa index   location       noise equivalent angle
    3149: ( -2.8,   2.6) m, (182.07, 182.07) mas
    2862: ( -2.1,   1.9) m, (204.33, 204.19) mas
    2467: ( -1.2,   1.1) m, (203.87, 203.87) mas
    2410: ( -1.1,   1.0) m, (206.19, 206.19) mas
    1442: ( -0.7,  -1.2) m, (215.72, 245.69) mas
    1451: (  1.1,  -1.2) m, (244.51, 244.51) mas
    1187: (  1.7,  -1.8) m, (254.94, 254.94) mas
     768: (  2.6,  -2.8) m, (273.73, 273.73) mas
     491: (  3.3,  -3.5) m, (294.44, 295.33) mas
     207: (  2.9,  -4.3) m, (280.84, 305.79) mas
sa index   location       noise equivalent angle
    1902: ( -5.0,  -0.1) m, (178.17, 170.08) mas
    1910: ( -3.9,  -0.1) m, (191.67, 172.08) mas
    1918: ( -2.8,  -0.1) m, (209.53, 174.70) mas
    1926: ( -1.7,  -0.1) m, (230.12, 177.67) mas
    1928: ( -1.4,  -0.1) m, (235.69, 178.63) mas
    2543: (  0.4,   1.2) m, (268.96, 187.62) mas
    1932: (  1.7,  -0.1) m, (292.61, 186.79) mas
    1940: (  2.8,  -0.1) m, (313.00, 189.77) mas
    1948: (  3.9,  -0.1) m, (332.30, 192.54) mas
    1956: (  5.0,  -0.1) m, (353.90, 195.41) mas
    1958: (  5.2,  -0.1) m, (361.42, 196.31) mas
sa index   location       noise equivalent angle
     442: ( -3.5,  -3.5) m, (177.02, 177.34) mas
     787: ( -2.6,  -2.6) m, (183.64, 183.64) mas
    1093: ( -1.9,  -1.9) m, (193.31, 193.31) mas
    1503: ( -1.1,  -1.1) m, (206.19, 206.19) mas
    2471: ( -0.7,   1.1) m, (214.23, 244.07) mas
    2415: (  1.0,   1.0) m, (241.42, 241.42) mas
    2549: (  1.2,   1.2) m, (247.31, 247.31) mas
    2891: (  1.9,   1.9) m, (276.22, 275.41) mas
    3246: (  2.8,   2.8) m, (277.36, 277.36) mas
    3751: (  2.9,   4.1) m, (280.84, 305.79) mas
sa index   location       noise equivalent angle
     324: (  0.0,  -3.9) m, (178.58, 197.04) mas
     749: (  0.0,  -2.8) m, (181.37, 215.54) mas
    1243: (  0.0,  -1.7) m, (184.54, 236.89) mas
    1379: (  0.0,  -1.4) m, (185.55, 242.66) mas
    2180: (  1.2,   0.4) m, (187.62, 268.96) mas
    2744: (  0.0,   1.7) m, (194.28, 301.57) mas
    3226: (  0.0,   2.8) m, (197.47, 322.60) mas
    3638: (  0.0,   3.9) m, (200.44, 342.49) mas
    3776: (  0.0,   4.3) m, (201.83, 352.89) mas
sa index   location       noise equivalent angle
     491: (  3.3,  -3.5) m, (178.84, 179.48) mas
     824: (  2.5,  -2.6) m, (183.64, 183.64) mas
    1120: (  1.8,  -1.9) m, (193.31, 193.31) mas
    1508: (  1.0,  -1.1) m, (206.19, 206.19) mas
    2476: (  0.6,   1.1) m, (214.12, 243.97) mas
    2410: ( -1.1,   1.0) m, (241.42, 241.42) mas
    2530: ( -1.4,   1.2) m, (247.31, 247.31) mas
    2862: ( -2.1,   1.9) m, (279.05, 278.93) mas
    3205: ( -2.9,   2.8) m, (277.36, 277.36) mas
    3708: ( -3.0,   4.1) m, (280.84, 305.79) mas

[00;00mSetting up powfs 2 PO WFS[00;00m

OTF dimension is 48x48 (calculated)
Generating matched filter for powfs 2
Use sanea to derive neasim
Use sanea to derive neasim

[00;00mSetting up reconstructor[00;00m

Recon NEA: cmf(235.59) cmf(236.44) cmf(235.58) cmf(236.18) cmf(235.23) cmf(236.10) cmf(235.47) cmf(236.36) geom(0.31) geom(0.31) geom(0.31) mf(0.14)  mas
Setup or update control matrix parameters.
RRtwfs svd threshold is 1e-10
Replacing HA by HA*fit->actextrap
Adding piston cr to fit matrix
Adding TT cr on upper DMs to fit matrix.
Before assembling fit matrix:	5374.5 MiB.
Building fit->FR
Building fit->FL
Adding tikhonov constraint of 1.0e-07 to FLM
The maximum eigen value is estimated to be around 2.6e-04
DM Fit number of Low rank terms: 16 in LHS
After assemble fit matrix:	7454.9 MiB.
After setup_recon:	7454.9 MiB.
GPU 0: mem used 1656 MB (wfs init)
GPU 0: mem used 2968 MB (recon init)
GPU 0: mem used 2998 MB (perf init)

*** Simulation started at 2025/02/11 19:16:38 in nid003517. ***

Running seed 1
GPU 0: mem used 2998 MB (wfs seeding)
Wind dir: 267.3 261.7 167.0 130.5 300.7  32.3 119.8 139.0 150.8 277.7 203.0 133.1  45.9 265.1 deg
Using /global/homes/b/bpeck/.aos/cache/atm/vonkarman_14_8192x8192_0.0078125_1115374592d.bin
After genatm:	7356.4 MiB.
Step     #  Open Loop  PR TT  On axis  PR TT  Field RMS PR TT     Timing 
Step     0: OL  884.6  248.3  OA  884.6 248.3 CL  884.6 248.3 nm  0.170 s
Step    12: OL  903.1  253.0  OA  147.3  25.6 CL  147.3  25.6 nm  0.073 s
Step    25: OL  923.6  257.4  OA  121.1  17.2 CL  121.1  17.2 nm  0.085 s
Step    37: OL  942.2  260.1  OA  121.5  14.6 CL  121.5  14.6 nm  0.085 s
Step    49: OL  960.1  261.1  OA  127.6  24.9 CL  127.6  24.9 nm  0.084 s
Step    61: OL  977.8  260.7  OA  123.9  25.5 CL  123.9  25.5 nm  0.082 s
Step    73: OL  995.9  259.4  OA  120.0  10.1 CL  120.0  10.1 nm  0.083 s
Step    85: OL 1014.2  258.3  OA  126.2  33.5 CL  126.2  33.5 nm  0.092 s
Step    97: OL 1032.7  257.6  OA  133.5  17.6 CL  133.5  17.6 nm  0.083 s
Step   109: OL 1051.1  257.6  OA  127.6  13.1 CL  127.6  13.1 nm  0.092 s
Step   121: OL 1069.2  258.6  OA  126.7  43.2 CL  126.7  43.2 nm  0.085 s
Step   133: OL 1086.3  261.1  OA  122.1  26.6 CL  122.1  26.6 nm  0.083 s
Step   145: OL 1102.4  265.3  OA  120.5   9.3 CL  120.5   9.3 nm  0.082 s
Step   157: OL 1116.8  270.6  OA  130.9  28.7 CL  130.9  28.7 nm  0.084 s
Step   169: OL 1129.4  277.2  OA  125.7   5.5 CL  125.7   5.5 nm  0.082 s
Step   181: OL 1140.0  284.6  OA  126.4  37.4 CL  126.4  37.4 nm  0.083 s
Step   193: OL 1148.2  292.4  OA  122.3  10.7 CL  122.3  10.7 nm  0.088 s
Step   205: OL 1154.5  300.1  OA  120.0  32.2 CL  120.0  32.2 nm  0.080 s
Step   217: OL 1159.1  307.7  OA  121.7  22.6 CL  121.7  22.6 nm  0.089 s
Step   229: OL 1161.6  315.5  OA  116.2  18.7 CL  116.2  18.7 nm  0.085 s
Step   241: OL 1162.1  323.6  OA  124.5  44.6 CL  124.5  44.6 nm  0.089 s
Step   253: OL 1159.7  332.1  OA  118.7  21.9 CL  118.7  21.9 nm  0.083 s
Step   255 updated high order loop gain: 0.343
Step   265: OL 1153.9  340.7  OA  127.3  38.9 CL  127.3  38.9 nm  0.096 s
Step   277: OL 1145.0  349.4  OA  122.4  39.5 CL  122.4  39.5 nm  0.084 s
Step   289: OL 1133.9  358.7  OA  113.2  17.3 CL  113.2  17.3 nm  0.083 s
Step   301: OL 1121.5  369.0  OA  122.3  40.3 CL  122.3  40.3 nm  0.088 s
Step   313: OL 1107.6  380.0  OA  120.1  35.4 CL  120.1  35.4 nm  0.083 s
Step   325: OL 1092.2  391.7  OA  123.3  40.2 CL  123.3  40.2 nm  0.084 s
Step   337: OL 1076.4  404.9  OA  119.5  39.5 CL  119.5  39.5 nm  0.082 s
Step   349: OL 1060.6  419.7  OA  127.9  52.2 CL  127.9  52.2 nm  0.091 s
Step   361: OL 1045.1  435.8  OA  118.1  28.7 CL  118.1  28.7 nm  0.086 s
Step   373: OL 1030.4  452.8  OA  113.5  29.6 CL  113.5  29.6 nm  0.092 s
Step   385: OL 1016.4  470.2  OA  119.3  33.2 CL  119.3  33.2 nm  0.083 s
Step   397: OL 1002.9  487.5  OA  122.7  21.9 CL  122.7  21.9 nm  0.083 s
Step   408: OL  990.4  503.1  OA  117.8  21.7 CL  117.8  21.7 nm  0.090 s
Step   420: OL  976.5  519.5  OA  117.9  19.6 CL  117.9  19.6 nm  0.085 s
Step   432: OL  962.7  535.4  OA  119.3  11.2 CL  119.3  11.2 nm  0.116 s
Step   444: OL  949.5  551.2  OA  121.5  19.6 CL  121.5  19.6 nm  0.086 s
Step   456: OL  938.1  566.8  OA  120.3   2.7 CL  120.3   2.7 nm  0.092 s
Step   468: OL  929.6  582.5  OA  121.2  17.1 CL  121.2  17.1 nm  0.083 s
Step   480: OL  924.5  597.8  OA  123.5  19.4 CL  123.5  19.4 nm  0.090 s
Step   492: OL  923.2  612.6  OA  123.1  19.7 CL  123.1  19.7 nm  0.082 s
Step   504: OL  924.1  626.5  OA  118.7  12.6 CL  118.7  12.6 nm  0.084 s
Step   511 updated high order loop gain: 0.295
Step   516: OL  926.9  639.1  OA  119.6  17.9 CL  119.6  17.9 nm  0.085 s
Step   528: OL  931.4  649.7  OA  121.0   2.5 CL  121.0   2.5 nm  0.086 s
Step   540: OL  937.6  657.9  OA  126.0  17.5 CL  126.0  17.5 nm  0.083 s
Step   552: OL  945.9  663.8  OA  122.5   6.3 CL  122.5   6.3 nm  0.085 s
Step   564: OL  955.9  667.7  OA  125.6  17.2 CL  125.6  17.2 nm  0.092 s
Step   576: OL  967.3  669.9  OA  115.2   2.9 CL  115.2   2.9 nm  0.083 s
Step   588: OL  980.0  670.5  OA  120.5  21.5 CL  120.5  21.5 nm  0.089 s
Step   600: OL  993.8  668.8  OA  116.6   6.2 CL  116.6   6.2 nm  0.083 s
Step   612: OL 1008.1  664.7  OA  113.1   6.5 CL  113.1   6.5 nm  0.093 s
Step   624: OL 1022.5  658.4  OA  111.9   7.6 CL  111.9   7.6 nm  0.082 s
Step   636: OL 1036.3  650.2  OA  108.9  15.7 CL  108.9  15.7 nm  0.084 s
Step   648: OL 1049.4  640.3  OA  116.0   5.8 CL  116.0   5.8 nm  0.084 s
Step   660: OL 1061.2  629.0  OA  112.4   7.0 CL  112.4   7.0 nm  0.081 s
Step   672: OL 1072.1  616.7  OA  115.0  21.4 CL  115.0  21.4 nm  0.083 s
Step   684: OL 1082.6  604.2  OA  117.3  25.7 CL  117.3  25.7 nm  0.082 s
Step   696: OL 1092.0  591.3  OA  114.7  26.6 CL  114.7  26.6 nm  0.091 s
Step   708: OL 1099.6  577.3  OA  113.3  11.0 CL  113.3  11.0 nm  0.085 s
Step   720: OL 1104.8  562.6  OA  116.5  18.4 CL  116.5  18.4 nm  0.091 s
Step   732: OL 1107.4  547.7  OA  115.1  12.5 CL  115.1  12.5 nm  0.085 s
Step   744: OL 1107.3  532.9  OA  111.6  12.5 CL  111.6  12.5 nm  0.089 s
Step   756: OL 1104.7  518.5  OA  119.5  31.3 CL  119.5  31.3 nm  0.083 s
Step   767 updated high order loop gain: 0.274
Step   768: OL 1099.6  504.5  OA  116.8   5.0 CL  116.8   5.0 nm  0.163 s
Step   780: OL 1092.0  490.9  OA  115.5  10.8 CL  115.5  10.8 nm  0.088 s
Step   792: OL 1081.5  477.5  OA  114.9  10.6 CL  114.9  10.6 nm  0.089 s
Step   804: OL 1068.8  464.1  OA  115.9   8.6 CL  115.9   8.6 nm  0.082 s
Step   816: OL 1054.3  450.7  OA  117.0  17.9 CL  117.0  17.9 nm  0.084 s
Step   828: OL 1037.6  437.5  OA  116.6   6.7 CL  116.6   6.7 nm  0.086 s
Step   840: OL 1019.3  424.7  OA  116.5  12.1 CL  116.5  12.1 nm  0.084 s
Step   852: OL 1000.3  412.6  OA  121.7  10.4 CL  121.7  10.4 nm  0.082 s
Step   864: OL  981.1  401.5  OA  121.6  19.1 CL  121.6  19.1 nm  0.084 s
Step   876: OL  962.6  391.5  OA  110.7  11.5 CL  110.7  11.5 nm  0.084 s
Step   888: OL  945.0  382.8  OA  114.7  13.3 CL  114.7  13.3 nm  0.083 s
Step   900: OL  926.5  375.0  OA  113.7   1.4 CL  113.7   1.4 nm  0.091 s
Step   912: OL  907.3  368.3  OA  111.6  22.0 CL  111.6  22.0 nm  0.085 s
Step   924: OL  888.1  362.5  OA  109.6   8.1 CL  109.6   8.1 nm  0.084 s
Step   936: OL  869.1  356.8  OA  106.4   6.4 CL  106.4   6.4 nm  0.082 s
Step   948: OL  850.8  351.1  OA  112.4  13.0 CL  112.4  13.0 nm  0.086 s
Step   960: OL  833.7  345.0  OA  113.3  15.0 CL  113.3  15.0 nm  0.091 s
Step   972: OL  818.6  338.2  OA  120.3  27.6 CL  120.3  27.6 nm  0.083 s
Step   984: OL  805.4  330.8  OA  115.7  18.3 CL  115.7  18.3 nm  0.089 s
Step   996: OL  793.4  322.5  OA  116.5   8.6 CL  116.5   8.6 nm  0.083 s
Step  1008: OL  782.2  313.6  OA  115.9  19.2 CL  115.9  19.2 nm  0.092 s
Step  1020: OL  772.4  304.4  OA  114.9  17.4 CL  114.9  17.4 nm  0.082 s
Step  1023 updated high order loop gain: 0.262
Step  1032: OL  763.9  295.0  OA  117.3  23.7 CL  117.3  23.7 nm  0.090 s
Step  1044: OL  756.4  284.8  OA  118.9  27.1 CL  118.9  27.1 nm  0.084 s
Step  1056: OL  748.9  273.9  OA  115.9  16.1 CL  115.9  16.1 nm  0.091 s
Step  1068: OL  742.2  261.7  OA  120.6  25.5 CL  120.6  25.5 nm  0.083 s
Step  1080: OL  737.0  248.2  OA  114.4  23.1 CL  114.4  23.1 nm  0.083 s
Step  1092: OL  733.8  234.2  OA  115.4  14.8 CL  115.4  14.8 nm  0.084 s
Step  1103: OL  732.1  222.1  OA  118.1  27.2 CL  118.1  27.2 nm  0.085 s
Step  1115: OL  731.2  210.0  OA  117.7  24.4 CL  117.7  24.4 nm  0.084 s
Step  1127: OL  731.1  199.2  OA  108.1   1.7 CL  108.1   1.7 nm  0.083 s
Step  1139: OL  731.5  190.2  OA  109.3  21.2 CL  109.3  21.2 nm  0.083 s
Step  1151: OL  732.2  182.6  OA  112.9  20.1 CL  112.9  20.1 nm  0.083 s
Step  1163: OL  732.6  176.7  OA  110.4  16.0 CL  110.4  16.0 nm  0.090 s
Step  1175: OL  733.3  172.6  OA  107.2   2.1 CL  107.2   2.1 nm  0.081 s
Step  1187: OL  735.4  169.6  OA  105.2   8.7 CL  105.2   8.7 nm  0.083 s
Step  1199: OL  738.2  167.1  OA  106.9  11.4 CL  106.9  11.4 nm  0.084 s
Step  1211: OL  741.2  164.9  OA  110.9  18.2 CL  110.9  18.2 nm  0.090 s
Step  1223: OL  744.5  163.6  OA  110.0  19.2 CL  110.0  19.2 nm  0.087 s
Step  1235: OL  747.3  163.6  OA  107.8  12.7 CL  107.8  12.7 nm  0.089 s
Step  1247: OL  749.6  165.3  OA  107.5  22.6 CL  107.5  22.6 nm  0.083 s
Step  1259: OL  752.4  168.9  OA  105.3  17.4 CL  105.3  17.4 nm  0.082 s
Step  1271: OL  755.8  174.2  OA  110.3  24.6 CL  110.3  24.6 nm  0.083 s
Step  1279 updated high order loop gain: 0.254
Step  1283: OL  760.0  180.7  OA  110.9  34.6 CL  110.9  34.6 nm  0.087 s
Step  1295: OL  765.2  188.2  OA  114.8  35.4 CL  114.8  35.4 nm  0.084 s
Step  1307: OL  770.2  196.7  OA  118.6  24.1 CL  118.6  24.1 nm  0.084 s
Step  1319: OL  774.8  205.9  OA  112.8  23.1 CL  112.8  23.1 nm  0.083 s
Step  1331: OL  779.5  216.1  OA  113.7  39.8 CL  113.7  39.8 nm  0.091 s
Step  1343: OL  785.4  226.9  OA  109.4  30.0 CL  109.4  30.0 nm  0.084 s
Step  1355: OL  792.7  237.8  OA  113.7  36.9 CL  113.7  36.9 nm  0.089 s
Step  1367: OL  801.1  247.6  OA  109.0  26.8 CL  109.0  26.8 nm  0.082 s
Step  1379: OL  810.2  255.6  OA  112.8  38.6 CL  112.8  38.6 nm  0.087 s
Step  1391: OL  820.0  262.2  OA  110.0  12.0 CL  110.0  12.0 nm  0.083 s
Step  1403: OL  830.7  267.4  OA  119.2  38.8 CL  119.2  38.8 nm  0.085 s
Step  1415: OL  842.2  271.2  OA  112.3  21.5 CL  112.3  21.5 nm  0.092 s
Step  1427: OL  854.1  274.1  OA  112.6  37.5 CL  112.6  37.5 nm  0.085 s
Step  1439: OL  865.6  276.6  OA  111.2  15.0 CL  111.2  15.0 nm  0.081 s
Step  1451: OL  876.2  278.6  OA  109.2   8.6 CL  109.2   8.6 nm  0.084 s
Step  1463: OL  885.9  279.4  OA  108.0   8.6 CL  108.0   8.6 nm  0.084 s
Step  1475: OL  893.3  278.9  OA  106.5   9.2 CL  106.5   9.2 nm  0.081 s
Step  1487: OL  897.7  276.8  OA  108.0  17.5 CL  108.0  17.5 nm  0.082 s
Step  1499: OL  899.2  273.2  OA  109.4  12.9 CL  109.4  12.9 nm  0.096 s
Step  1511: OL  898.3  268.3  OA  109.5  11.8 CL  109.5  11.8 nm  0.088 s
Step  1523: OL  895.6  262.5  OA  110.1  18.1 CL  110.1  18.1 nm  0.083 s
Step  1535: OL  890.5  255.6  OA  110.3  11.5 CL  110.3  11.5 nm  0.087 s
Step  1535 updated high order loop gain: 0.250
Step  1547: OL  884.4  247.9  OA  107.6  18.1 CL  107.6  18.1 nm  0.086 s
Step  1559: OL  877.6  239.9  OA  111.6  25.9 CL  111.6  25.9 nm  0.083 s
Step  1571: OL  870.8  232.5  OA  110.2  16.8 CL  110.2  16.8 nm  0.084 s
Step  1583: OL  863.1  226.2  OA  112.9  22.7 CL  112.9  22.7 nm  0.084 s
Step  1595: OL  855.1  220.9  OA  113.7  18.1 CL  113.7  18.1 nm  0.096 s
Step 1599: Output PSF
Step  1599: OL  852.4  219.3  OA  110.0   2.4 CL  110.0   2.4 nm  1.190 s
Mean: 114.88 20.43 113.05  nm.

*** Simulation Finished at 2025/02/11 19:19:04 in nid003517. ***

