Warning(sock.c:516): connect locally (/global/homes/b/bpeck/.aos/tmp/nid003517/scheduler) failed: Invalid argument. 
/global/u2/b/bpeck/work/vismcao/maos -o studies/reduced_ngs/8_lgs/8mag_lgs/4000count -c master_files/reduced_ngs/8_lgs/8mag_lgs/kola_4000act.conf -O 
Output folder is 'studies/reduced_ngs/8_lgs/8mag_lgs/4000count'.
SRC: /global/homes/b/bpeck/code/maos v2.9 4c88b7c2 2024-11-13 16:45:33 -0800
BUILT: /global/homes/b/bpeck/code/maos/optim by GCC (v12) on 2024/11/18 09:40:03 CPU(F64,+O3) with CUDA(v122,F32)
Launched at 2025/02/11 18:59:05 in nid003517 with PID 1948954.
The web based job monitor can be accessed at http://localhost:10300
Main config file is /global/u2/b/bpeck/work/vismcao/master_files/reduced_ngs/8_lgs/8mag_lgs/kola_4000act.conf
Warning(path.c:48): Path not found: path=/global/u2/b/bpeck/work/vismcao/master_files/reduced_ngs/8_lgs/8mag_lgs/bin; abspath=/global/u2/b/bpeck/work/vismcao/master_files/reduced_ngs/8_lgs/8mag_lgs/bin; Ignored.
Warning(path.c:48): Path not found: path=/global/u2/b/bpeck/work/vismcao/master_files/reduced_ngs/8_lgs/8mag_lgs/atm; abspath=/global/u2/b/bpeck/work/vismcao/master_files/reduced_ngs/8_lgs/8mag_lgs/atm; Ignored.
Warning(readcfg.c:399): sim.apfsm has been renamed to powfs.apfsm.
Warning(readcfg.c:399): sim.epfsm has been renamed to powfs.epfsm.
Warning(readcfg.c:399): sim.alfsm has been renamed to powfs.alfsm.
Warning(readcfg.c:399): sim.commonfsm has been renamed to powfs.commonfsm.
Warning(readcfg.c:399): sim.idealfsm has been renamed to powfs.idealfsm.
Warning(readcfg.c:399): sim.zetafsm has been renamed to powfs.zetafsm.
Warning(readcfg.c:399): sim.f0fsm has been renamed to powfs.f0fsm.
Warning(readcfg.c:399): tsurf has been renamed to ncpa.tsurf.
loaded 132 (132 new) records from '/global/u2/b/bpeck/work/vismcao/./keck_sim.conf'
loaded  19 ( 19 new) records from '/global/u2/b/bpeck/work/vismcao/./dm_none.conf'
loaded  19 (  0 new) records from '/global/u2/b/bpeck/work/vismcao/./keck_ASM.conf'
loaded  19 (  0 new) records from '/global/u2/b/bpeck/work/vismcao/./keck_DM2.conf'
loaded  19 (  0 new) records from '/global/u2/b/bpeck/work/vismcao/./keck_DM3.conf'
loaded   0 (  0 new) records from '/global/u2/b/bpeck/work/vismcao/./keck_dm_multiple.conf'
loaded   7 (  5 new) records from '/global/u2/b/bpeck/work/vismcao/./atm_mk13n50p_ground_detail.conf'
loaded  76 ( 69 new) records from '/global/homes/b/bpeck/code/maos/config/maos/powfs_common.conf'
loaded  44 ( 38 new) records from '/global/u2/b/bpeck/work/vismcao/./powfs_none.conf'
loaded  44 (  0 new) records from '/global/u2/b/bpeck/work/vismcao/./keck_shwfs_lgs.conf'
loaded  44 (  0 new) records from '/global/u2/b/bpeck/work/vismcao/./keck_shwfs_ttf_strap.conf'
loaded  44 (  0 new) records from '/global/u2/b/bpeck/work/vismcao/./keck_shwfs_twfs_lbwfs.conf'
loaded   0 (  0 new) records from '/global/u2/b/bpeck/work/vismcao/./keck_wfs_lgs_strap_lbwfs.conf'
loaded  71 ( 71 new) records from '/global/u2/b/bpeck/work/vismcao/./keck_recon.conf'
Warning(readcfg.c:399): dbg.na_smooth has been renamed to powfs0_llt.na_smooth.
Warning(readcfg.c:399): dbg.na_interp has been renamed to powfs0_llt.na_interp.
Warning(readcfg.c:399): dbg.na_thres has been renamed to powfs0_llt.na_thres.
Warning(readcfg.c:399): dbg.na_fit_maxit has been renamed to powfs0_llt.na_fit_maxit.
Warning(readcfg.c:399): dbg.na_fit_svdthres has been renamed to powfs0_llt.na_fit_svdthres.
Warning(readcfg.c:399): dbg.na_fit_dh has been renamed to powfs0_llt.na_fit_dh.
Warning(readcfg.c:399): dbg.ncpa_preload has been renamed to ncpa.preload.
Warning(readcfg.c:399): dbg.ncpa_rmsci has been renamed to ncpa.rmsci.
Warning(readcfg.c:399): dbg.draw_opdmax has been renamed to plot.opdmax.
Warning(readcfg.c:399): dbg.draw_gmax has been renamed to plot.gmax.
loaded  95 ( 93 new) records from '/global/u2/b/bpeck/work/vismcao/./keck_dbg.conf'
loaded   4 (  4 new) records from '/global/u2/b/bpeck/work/vismcao/./keck_fit_mcao.conf'
Warning(readcfg.c:399): surf has been renamed to ncpa.surf.
loaded  39 (  7 new) records from '/global/u2/b/bpeck/work/vismcao/master_files/reduced_ngs/8_lgs/8mag_lgs/kola_4000act.conf'
loaded   0 (  0 new) records from 'command line'
loaded  24 ( 18 new) records from '/global/u2/b/bpeck/work/vismcao/./keck_llt_CL.conf'
Adjust LGS range by telescope altitude 4145m.
Zenith angle is 30 degree.
    Scaling turbulence height and LGS hs by sec(za).
    Scaling r0 by cos(za)^(3/5).
    Scaling wind speed and LGS signal level by cos(za).
powfs0: Adjusting dx from 0.0078125 to 0.0077. 
powfs0.llt.fsm: f0=0 Hz, LPF ep=0
powfs0.epfsm is set to 0.517618 (auto)
powfs2: Adjusting dx from 0.03125 to 0.0312778. 
powfs2 is TWFS for powfs0
sim.ephi is set to 0.427717 (auto)
sim.eplo is set to 0.427717 (auto)
Warning(parms.c:2296): Layer 1 at 17.3205m is very close to layer 0 at 0m (OK).
Warning(parms.c:2296): Layer 2 at 34.641m is very close to layer 1 at 17.3205m (OK).
Warning(parms.c:2296): Layer 3 at 51.9615m is very close to layer 2 at 34.641m (OK).
dm 0: stroke=30 um is provided in micron.
dm 0: assume ia stroke=2 um is provided in micron.
dm 1: stroke=7 um is provided in micron.
dm 1: assume ia stroke=2 um is provided in micron.
dm 2: stroke=7 um is provided in micron.
dm 2: assume ia stroke=2 um is provided in micron.
Focus blending is not implemented yet for integrated tomography
parms->sim.mffocus is reset to 0
There are 1 valid simulation seeds:  1
Output PSF for 1 directions
Used 449 of 456 supplied keys
Warning(readcfg.c:158): key "dbg.pwfs_flate" is not recognized, value is 0
Warning(readcfg.c:158): key "dbg.pwfs_flatv" is not recognized, value is 0
Warning(readcfg.c:158): key "dbg.pwfs_psx" is not recognized, value is [0 0 0 0]
Warning(readcfg.c:158): key "dbg.pwfs_psy" is not recognized, value is [0 0 0 0]
Warning(readcfg.c:158): key "dbg.pwfs_pupelong" is not recognized, value is 0
Warning(readcfg.c:158): key "dbg.pwfs_raw" is not recognized, value is 0
Warning(readcfg.c:158): key "dbg.pwfs_side" is not recognized, value is 4
[00;00mAperture[00;00m is 11 m with sampling 1/128 m
[00;00mTurbulence at 30 degree zenith angle:[00;00m r0=0.128424m, L0=30m, 14 layers.
    Greenwood freq is 25.1Hz, anisoplanatic angle is 1.58 as
    Sampled 8192x8192 at 1/128m. wind dir is randomized.
    layer 0: ht=      0 m, wt= 0.302, ws=  4.8 m/s
    layer 1: ht=     17 m, wt= 0.154, ws=  5.0 m/s
    layer 2: ht=     35 m, wt= 0.041, ws=  5.4 m/s
    layer 3: ht=     52 m, wt= 0.002, ws=  6.6 m/s
    layer 4: ht=    139 m, wt= 0.021, ws=  6.1 m/s
    layer 5: ht=    231 m, wt= 0.010, ws=  6.1 m/s
    layer 6: ht=    323 m, wt= 0.008, ws=  6.1 m/s
    layer 7: ht=    416 m, wt= 0.005, ws=  6.1 m/s
    layer 8: ht=    508 m, wt= 0.001, ws=  6.1 m/s
    layer 9: ht=    932 m, wt= 0.107, ws=  5.6 m/s
    layer 10: ht=   5022 m, wt= 0.144, ws= 11.1 m/s
    layer 11: ht=   9238 m, wt= 0.093, ws= 19.1 m/s
    layer 12: ht=  13856 m, wt= 0.075, ws=  8.2 m/s
    layer 13: ht=  22518 m, wt= 0.036, ws=  4.8 m/s
[00;00mReconstruction[00;00m: r0=0.128424m L0=30m. 14 layers. use cone coordinate.
    layer 0: ht=      0 m, wt= 0.302
    layer 1: ht=     17 m, wt= 0.154
    layer 2: ht=     35 m, wt= 0.041
    layer 3: ht=     52 m, wt= 0.002
    layer 4: ht=    139 m, wt= 0.021
    layer 5: ht=    231 m, wt= 0.010
    layer 6: ht=    323 m, wt= 0.008
    layer 7: ht=    416 m, wt= 0.005
    layer 8: ht=    508 m, wt= 0.001
    layer 9: ht=    932 m, wt= 0.107
    layer 10: ht=   5022 m, wt= 0.144
    layer 11: ht=   9238 m, wt= 0.093
    layer 12: ht=  13856 m, wt= 0.075
    layer 13: ht=  22518 m, wt= 0.036
[00;00mThere are 3 powfs[00;00m
  powfs0: Order 72, LGS at 99.1 km. Sampling 1/129.87 m. Thres 30%. [00;00mT/T is removed in right hand side in tomography.[00;00m
    CCD image is 25x25 @ 500x500 mas, blur 27% (sigma), 1500Hz, wvl: [ 5.89e-07]
    Gtilt in reconstruction. Physical optics start at 0 with [00;00m'matched filter'[00;00m [00;00m(noisy)[00;00m
  powfs1: Order  2, NGS at inf km. Sampling 1/16 m. Thres 30%. 
    Ztilt in reconstruction. Geomtric optics start at 2 with ztilt [00;00m(noisy)[00;00m
  powfs2: Order 20, NGS at inf km. Sampling 1/31.9716 m. Thres 50%. 
    CCD image is 4x4 @ 1500x1500 mas, blur 0% (sigma), 0.015Hz, wvl: [ 7.2e-07]
    Gtilt in reconstruction. Geomtric optics start at 50 with gtilt Physical optics start at 0 with [00;00m'matched filter'[00;00m [00;00m(noisy)[00;00m
[00;00mThere are 12 wfs[00;00m
    wfs 0: type 0, at (  30.00,    0.00) arcsec,  99 km, siglev is 28.4359 bkgrnd is 0.1
    wfs 1: type 0, at (  21.21,   21.21) arcsec,  99 km, siglev is 28.4359 bkgrnd is 0.1
    wfs 2: type 0, at (   0.00,   30.00) arcsec,  99 km, siglev is 28.4359 bkgrnd is 0.1
    wfs 3: type 0, at ( -21.21,   21.21) arcsec,  99 km, siglev is 28.4359 bkgrnd is 0.1
    wfs 4: type 0, at ( -30.00,    0.00) arcsec,  99 km, siglev is 28.4359 bkgrnd is 0.1
    wfs 5: type 0, at ( -21.21,  -21.21) arcsec,  99 km, siglev is 28.4359 bkgrnd is 0.1
    wfs 6: type 0, at (   0.00,  -30.00) arcsec,  99 km, siglev is 28.4359 bkgrnd is 0.1
    wfs 7: type 0, at (  21.21,  -21.21) arcsec,  99 km, siglev is 28.4359 bkgrnd is 0.1
    wfs 8: type 1, at (   5.00,    8.66) arcsec, inf km, siglev is 42387.6 bkgrnd is 1.056
    wfs 9: type 1, at ( -10.00,    0.00) arcsec, inf km, siglev is 42387.6 bkgrnd is 1.056
    wfs 10: type 1, at (   5.00,   -8.66) arcsec, inf km, siglev is 42387.6 bkgrnd is 1.056
    wfs 11: type 2, at (   0.00,    0.00) arcsec, inf km, siglev is 4.1558e+06 bkgrnd is 0.001
[00;00mThere are 3 DMs[00;00m
  DM 0 at -0.1km, actuator pitch 0.154m, offset   0, with 30.000000 micron stroke.
    Normalized cubic influence function with inter-actuator coupling of 0.223
  DM 1 at    6km, actuator pitch 0.168m, offset   0, with 7.000000 micron stroke.
    Normalized cubic influence function with inter-actuator coupling of 0.223
  DM 2 at   10km, actuator pitch 0.168m, offset   0, with 7.000000 micron stroke.
    Normalized cubic influence function with inter-actuator coupling of 0.223
[00;00mTomography[00;00m is using CG, with [00;00mFourer Domain[00;00m preconditioner, [00;00m12[00;00m iterations, integrated tomo.
[00;00mDM Fitting [00;00mis using CG, with [00;00mNo[00;00m preconditioner, [00;00m10[00;00m iterations
[00;00mThere are 9 fit directions[00;00m
    Fit 0: weight is 0.444, at (   0.00,    0.00) arcsec
    Fit 1: weight is 0.111, at (  15.00,    0.00) arcsec
    Fit 2: weight is 0.111, at (   0.00,   15.00) arcsec
    Fit 3: weight is 0.111, at ( -15.00,    0.00) arcsec
    Fit 4: weight is 0.111, at (   0.00,  -15.00) arcsec
    Fit 5: weight is 0.028, at (  15.00,   15.00) arcsec
    Fit 6: weight is 0.028, at ( -15.00,   15.00) arcsec
    Fit 7: weight is 0.028, at ( -15.00,  -15.00) arcsec
    Fit 8: weight is 0.028, at (  15.00,  -15.00) arcsec
[00;00mThere are 1 evaluation directions[00;00m at sampling 1/128 m.
    Evl 0: weight is 1.000, at (   0.00,    0.00) arcsec
[00;00mSimulation[00;00m start at step 0, end at step 1600, with time step 1/1500s, [00;00mclose loop[00;00m.
After setup_parms:	120.5 MiB.
Warning(sock.c:516): connect locally (/global/homes/b/bpeck/.aos/tmp/nid003517/scheduler) failed: Invalid argument. 
CUDA: minimum memory requirement is 0.3GB
GPU 0 is NVIDIA A100-SXM4-40GB with arch 8.0, 38.9GB free, 39.3GB total device memory.
Using GPU 0
Use 1 GPUs for WFS Tomo Fit Evl

*** Preparation started at 2025/02/11 18:59:05 in nid003517. ***

Using OpenMP version 201511 with 128 threads
Reading aperture amplitude map from KECK.fits
Warning(accphi.c:477): 108341 points not covered by input screen
Warning(sock.c:516): connect locally (/global/homes/b/bpeck/.aos/tmp/nid003517/scheduler) failed: Invalid argument. 
 ->maos.c:447->setup.c:148->aper.c:74->utils.c:478->accphi.c:478
iwvl 0: Science PSF is using grid size of 2880. The PSF will sum to 6.95167232825486
iwvl 1: Science PSF is using grid size of 2880. The PSF will sum to 6.95167232825486
iwvl 2: Science PSF is using grid size of 2880. The PSF will sum to 6.95167232825486
iwvl 3: Science PSF is using grid size of 2880. The PSF will sum to 6.95167232825486
iwvl 4: Science PSF is using grid size of 2880. The PSF will sum to 6.95167232825486
iwvl 5: Science PSF is using grid size of 2880. The PSF will sum to 6.95167232825486
iwvl 6: Science PSF is using grid size of 2880. The PSF will sum to 6.95167232825486
iwvl 7: Science PSF is using grid size of 2880. The PSF will sum to 6.95167232825486
iwvl 8: Science PSF is using grid size of 2880. The PSF will sum to 6.95167232825486
After setup_aper:	344.7 MiB.

[00;00mSetting up powfs 0 geom[00;00m

There are 20 points in each subaperture of 0.154m.
There are 3162 valid subaperture.

[00;00mSetting up powfs 1 geom[00;00m

There are 88 points in each subaperture of 5.5m.
There are 4 valid subaperture.

[00;00mSetting up powfs 2 geom[00;00m

There are 18 points in each subaperture of 0.563m.
There are 236 valid subaperture.
After setup_powfs_init:	441.4 MiB.

[00;00mSetting up reconstructor geometry.[00;00m

PLOC is 147x147, with sampling of 0.08m (square)
    DM 0: grid is 75 x 75
    DM 1: grid is 75 x 75
    DM 2: grid is 81 x 81
FLOC is 147x147, with sampling of 0.08m (not square)
Tomography grid is square:
    layer 0: xloc grid is 256 x 256, sampling is 0.077 m, 65536 points
    layer 1: xloc grid is 256 x 256, sampling is 0.077 m, 65536 points
    layer 2: xloc grid is 256 x 256, sampling is 0.077 m, 65536 points
    layer 3: xloc grid is 256 x 256, sampling is 0.077 m, 65536 points
    layer 4: xloc grid is 256 x 256, sampling is 0.077 m, 65536 points
    layer 5: xloc grid is 256 x 256, sampling is 0.077 m, 65536 points
    layer 6: xloc grid is 256 x 256, sampling is 0.077 m, 65536 points
    layer 7: xloc grid is 256 x 256, sampling is 0.077 m, 65536 points
    layer 8: xloc grid is 256 x 256, sampling is 0.077 m, 65536 points
    layer 9: xloc grid is 256 x 256, sampling is 0.076 m, 65536 points
    layer 10: xloc grid is 256 x 256, sampling is 0.073 m, 65536 points
    layer 11: xloc grid is 256 x 256, sampling is 0.070 m, 65536 points
    layer 12: xloc grid is 256 x 256, sampling is 0.066 m, 65536 points
Warning(map.c:195): ninx=256 is too small. need 257
Warning(map.c:200): niny=256 is too small. need 257
    layer 13: xloc grid is 256 x 256, sampling is 0.060 m, 65536 points

[00;00mSetting up powfs 0 PO WFS[00;00m

OTF dimension is 40x40 (calculated)
Uplink FWHM (illt 0, iwvl 0) is 0.580135"
Downlink FWHM (illt 0, iwvl 0) is 1.31876"
Generating matched filter for powfs 0
sa index   location       noise equivalent angle
    1577: (  4.9,  -0.2) m, (144.85, 140.48) mas
    1569: (  3.7,  -0.2) m, (154.61, 142.41) mas
    1562: (  2.6,  -0.2) m, (165.79, 144.61) mas
    1555: (  1.5,  -0.2) m, (178.53, 146.97) mas
    1553: (  1.2,  -0.2) m, (181.70, 147.54) mas
    1109: ( -0.5,  -1.4) m, (209.06, 154.45) mas
    1550: ( -1.7,  -0.2) m, (227.90, 153.79) mas
    1542: ( -2.9,  -0.2) m, (253.73, 156.07) mas
    1535: ( -4.0,  -0.2) m, (285.05, 158.05) mas
    1528: ( -5.1,  -0.2) m, (313.79, 159.87) mas
    1526: ( -5.4,  -0.2) m, (321.87, 160.41) mas
sa index   location       noise equivalent angle
    3084: (  2.9,   4.3) m, (145.43, 140.69) mas
    2583: (  2.6,   2.6) m, (148.85, 148.85) mas
    2311: (  1.8,   1.8) m, (159.29, 159.11) mas
    1999: (  1.1,   1.1) m, (165.99, 165.99) mas
    1940: (  0.9,   0.9) m, (167.65, 167.65) mas
    1173: (  0.6,  -1.2) m, (175.52, 198.11) mas
    1166: ( -1.2,  -1.2) m, (200.44, 200.44) mas
     853: ( -2.0,  -2.0) m, (216.83, 216.26) mas
     581: ( -2.8,  -2.8) m, (225.80, 225.80) mas
     373: ( -3.4,  -3.4) m, (236.69, 236.69) mas
     163: ( -3.1,  -4.2) m, (231.61, 251.20) mas
sa index   location       noise equivalent angle
    2901: (  0.0,   3.7) m, (146.34, 158.31) mas
    2566: (  0.0,   2.6) m, (148.63, 169.80) mas
    2178: (  0.0,   1.5) m, (151.09, 182.87) mas
    2054: (  0.0,   1.2) m, (151.70, 186.11) mas
    1441: (  1.2,  -0.5) m, (154.45, 209.06) mas
     988: (  0.0,  -1.7) m, (158.24, 233.57) mas
     547: (  0.0,  -2.9) m, (160.63, 260.25) mas
     224: (  0.0,  -4.0) m, (162.72, 292.66) mas
     101: (  0.0,  -4.5) m, (163.57, 306.33) mas
       1: ( -2.5,  -4.9) m, (169.93, 318.78) mas
sa index   location       noise equivalent angle
    3045: ( -3.1,   4.3) m, (145.43, 140.69) mas
    2548: ( -2.8,   2.6) m, (148.85, 148.85) mas
    2286: ( -2.0,   1.8) m, (160.41, 159.92) mas
    1988: ( -1.2,   1.1) m, (165.99, 165.99) mas
    1935: ( -1.1,   0.9) m, (167.65, 167.65) mas
    1169: ( -0.8,  -1.2) m, (175.70, 198.29) mas
    1176: (  1.1,  -1.2) m, (200.44, 200.44) mas
     878: (  1.8,  -2.0) m, (215.63, 215.40) mas
     616: (  2.6,  -2.8) m, (225.80, 225.80) mas
     416: (  3.2,  -3.4) m, (236.69, 236.69) mas
     202: (  2.9,  -4.2) m, (231.61, 251.20) mas
sa index   location       noise equivalent angle
    1528: ( -5.1,  -0.2) m, (144.85, 140.48) mas
    1536: ( -3.9,  -0.2) m, (154.61, 142.41) mas
    1543: ( -2.8,  -0.2) m, (165.79, 144.61) mas
    1550: ( -1.7,  -0.2) m, (178.53, 146.97) mas
    1552: ( -1.4,  -0.2) m, (190.43, 153.90) mas
    1114: (  0.3,  -1.4) m, (209.06, 154.45) mas
    1555: (  1.5,  -0.2) m, (227.90, 153.79) mas
    1563: (  2.8,  -0.2) m, (253.73, 156.07) mas
    1570: (  3.9,  -0.2) m, (285.05, 158.05) mas
    1577: (  4.9,  -0.2) m, (313.79, 159.87) mas
    1579: (  5.2,  -0.2) m, (321.87, 160.41) mas
sa index   location       noise equivalent angle
      81: ( -3.1,  -4.5) m, (145.43, 140.69) mas
     373: ( -3.4,  -3.4) m, (143.80, 143.80) mas
     634: ( -2.6,  -2.6) m, (149.95, 149.95) mas
     914: ( -1.8,  -1.8) m, (158.18, 158.18) mas
    1224: ( -1.1,  -1.1) m, (167.65, 167.65) mas
    1991: ( -0.8,   1.1) m, (175.45, 198.04) mas
    1940: (  0.9,   0.9) m, (198.22, 198.22) mas
    2062: (  1.2,   1.2) m, (203.19, 203.19) mas
    2369: (  2.0,   2.0) m, (231.16, 232.71) mas
    2636: (  2.8,   2.8) m, (229.06, 229.06) mas
    3002: (  2.9,   4.0) m, (231.61, 251.20) mas
sa index   location       noise equivalent angle
     265: (  0.0,  -3.9) m, (146.34, 158.31) mas
     599: (  0.0,  -2.8) m, (148.63, 169.80) mas
     988: (  0.0,  -1.7) m, (151.09, 182.87) mas
    1050: (  0.0,  -1.5) m, (151.39, 184.44) mas
    1723: (  1.2,   0.3) m, (154.45, 209.06) mas
    2178: (  0.0,   1.5) m, (158.24, 233.57) mas
    2618: (  0.0,   2.8) m, (160.63, 260.25) mas
    2942: (  0.0,   3.9) m, (162.72, 292.66) mas
    3065: (  0.0,   4.3) m, (163.57, 306.33) mas
    3151: ( -2.5,   4.8) m, (173.41, 324.61) mas
sa index   location       noise equivalent angle
     120: (  2.9,  -4.5) m, (145.43, 140.69) mas
     416: (  3.2,  -3.4) m, (143.80, 143.80) mas
     667: (  2.5,  -2.6) m, (149.95, 149.95) mas
     937: (  1.7,  -1.8) m, (158.18, 158.18) mas
    1228: (  0.9,  -1.1) m, (167.65, 167.65) mas
    1996: (  0.6,   1.1) m, (175.44, 198.02) mas
    1935: ( -1.1,   0.9) m, (198.22, 198.22) mas
    2045: ( -1.4,   1.2) m, (203.19, 203.19) mas
    2342: ( -2.2,   2.0) m, (230.51, 232.74) mas
    2599: ( -2.9,   2.8) m, (229.06, 229.06) mas
    2963: ( -3.1,   4.0) m, (231.61, 251.20) mas

[00;00mSetting up powfs 2 PO WFS[00;00m

OTF dimension is 48x48 (calculated)
Generating matched filter for powfs 2
Use sanea to derive neasim
Use sanea to derive neasim

[00;00mSetting up reconstructor[00;00m

Recon NEA: cmf(192.83) cmf(192.63) cmf(192.89) cmf(192.58) cmf(192.76) cmf(192.51) cmf(192.78) cmf(192.56) geom(0.31) geom(0.31) geom(0.31) mf(0.14)  mas
Setup or update control matrix parameters.
RRtwfs svd threshold is 1e-10
Replacing HA by HA*fit->actextrap
Adding piston cr to fit matrix
Adding TT cr on upper DMs to fit matrix.
Before assembling fit matrix:	4709.7 MiB.
Building fit->FR
Building fit->FL
Adding tikhonov constraint of 1.0e-07 to FLM
The maximum eigen value is estimated to be around 2.8e-04
DM Fit number of Low rank terms: 16 in LHS
After assemble fit matrix:	6440.6 MiB.
After setup_recon:	6440.6 MiB.
GPU 0: mem used 1656 MB (wfs init)
GPU 0: mem used 2726 MB (recon init)
GPU 0: mem used 2756 MB (perf init)

*** Simulation started at 2025/02/11 19:00:34 in nid003517. ***

Running seed 1
GPU 0: mem used 2758 MB (wfs seeding)
Wind dir: 267.3 261.7 167.0 130.5 300.7  32.3 119.8 139.0 150.8 277.7 203.0 133.1  45.9 265.1 deg
Using /global/homes/b/bpeck/.aos/cache/atm/vonkarman_14_8192x8192_0.0078125_1115374592d.bin
After genatm:	6390.6 MiB.
Step     #  Open Loop  PR TT  On axis  PR TT  Field RMS PR TT     Timing 
Step     0: OL  884.6  248.3  OA  884.6 248.3 CL  884.6 248.3 nm  0.184 s
Step    16: OL  909.8  254.4  OA  123.9  46.4 CL  123.9  46.4 nm  0.065 s
Step    30: OL  932.0  258.7  OA  118.3  28.7 CL  118.3  28.7 nm  0.083 s
Step    44: OL  953.5  260.9  OA  113.6  16.0 CL  113.6  16.0 nm  0.094 s
Step    58: OL  974.1  260.8  OA  112.7  22.6 CL  112.7  22.6 nm  0.077 s
Step    72: OL  995.1  259.5  OA  119.6  22.2 CL  119.6  22.2 nm  0.073 s
Step    86: OL 1016.4  258.1  OA  117.0  25.7 CL  117.0  25.7 nm  0.079 s
Step   100: OL 1037.7  257.3  OA  112.5  16.6 CL  112.5  16.6 nm  0.071 s
Step   114: OL 1059.0  257.8  OA  116.1  21.4 CL  116.1  21.4 nm  0.070 s
Step   128: OL 1079.4  259.7  OA  114.0  27.7 CL  114.0  27.7 nm  0.072 s
Step   141: OL 1097.1  263.6  OA  118.2  25.2 CL  118.2  25.2 nm  0.071 s
Step   155: OL 1114.3  269.4  OA  115.4  24.3 CL  115.4  24.3 nm  0.073 s
Step   169: OL 1129.0  277.1  OA  121.7  27.3 CL  121.7  27.3 nm  0.071 s
Step   183: OL 1140.9  285.8  OA  130.4  50.2 CL  130.4  50.2 nm  0.080 s
Step   197: OL 1149.6  294.8  OA  119.7  30.7 CL  119.7  30.7 nm  0.073 s
Step   211: OL 1156.0  303.7  OA  116.0  17.4 CL  116.0  17.4 nm  0.079 s
Step   225: OL 1159.8  312.8  OA  114.8  29.2 CL  114.8  29.2 nm  0.073 s
Step   239: OL 1160.8  322.1  OA  114.2  21.0 CL  114.2  21.0 nm  0.078 s
Step   253: OL 1158.2  332.0  OA  114.1  24.2 CL  114.1  24.2 nm  0.070 s
Step   255 updated high order loop gain: 0.354
Step   267: OL 1151.0  342.0  OA  115.5  28.7 CL  115.5  28.7 nm  0.083 s
Step   281: OL 1140.0  352.3  OA  114.6  30.9 CL  114.6  30.9 nm  0.073 s
Step   295: OL 1126.5  363.7  OA  117.7  41.2 CL  117.7  41.2 nm  0.072 s
Step   309: OL 1111.5  376.2  OA  117.0  36.1 CL  117.0  36.1 nm  0.071 s
Step   323: OL 1094.3  389.7  OA  118.7  31.5 CL  118.7  31.5 nm  0.071 s
Step   337: OL 1076.4  404.9  OA  115.7  28.6 CL  115.7  28.6 nm  0.072 s
Step   351: OL 1058.5  422.3  OA  113.9  39.7 CL  113.9  39.7 nm  0.092 s
Step   365: OL 1041.2  441.5  OA  110.2  30.5 CL  110.2  30.5 nm  0.070 s
Step   379: OL 1025.1  461.5  OA  115.2  26.0 CL  115.2  26.0 nm  0.073 s
Step   393: OL 1009.6  481.8  OA  112.1  19.1 CL  112.1  19.1 nm  0.071 s
Step   407: OL  994.0  501.8  OA  123.1  37.0 CL  123.1  37.0 nm  0.070 s
Step   421: OL  978.0  520.9  OA  111.6  28.5 CL  111.6  28.5 nm  0.084 s
Step 431, DM 2: 1 actuators over ia limit. trials=2: success.
Step 432, DM 2: 1 actuators over ia limit. trials=2: success.
Step 433, DM 2: 1 actuators over ia limit. trials=2: success.
Step 434, DM 2: 1 actuators over ia limit. trials=2: success.
Step   435: OL  962.2  539.5  OA  108.7  12.4 CL  108.7  12.4 nm  0.073 s
Step 435, DM 2: 1 actuators over ia limit. trials=2: success.
Step 436, DM 2: 1 actuators over ia limit. trials=2: success.
Step 437, DM 2: 1 actuators over ia limit. trials=2: success.
Step 438, DM 2: 1 actuators over ia limit. trials=2: success.
Step 439, DM 2: 1 actuators over ia limit. trials=2: success.
Step 440, DM 2: 1 actuators over ia limit. trials=2: success.
Step 441, DM 2: 1 actuators over ia limit. trials=2: success.
Step 442, DM 2: 1 actuators over ia limit. trials=2: success.
Step 443, DM 2: 1 actuators over ia limit. trials=2: success.
Step 444, DM 2: 1 actuators over ia limit. trials=2: success.
Step 445, DM 2: 1 actuators over ia limit. trials=2: success.
Step 446, DM 2: 1 actuators over ia limit. trials=2: success.
Step 447, DM 2: 1 actuators over ia limit. trials=2: success.
Step 448, DM 2: 1 actuators over ia limit. trials=2: success.
Step   449: OL  947.6  557.7  OA  116.5  30.3 CL  116.5  30.3 nm  0.091 s
Step 449, DM 2: 1 actuators over ia limit. trials=2: success.
Step 450, DM 2: 1 actuators over ia limit. trials=2: success.
Step 451, DM 2: 1 actuators over ia limit. trials=2: success.
Step 452, DM 2: 1 actuators over ia limit. trials=2: success.
Step 453, DM 2: 1 actuators over ia limit. trials=2: success.
Step 454, DM 2: 1 actuators over ia limit. trials=2: success.
Step 455, DM 2: 1 actuators over ia limit. trials=2: success.
Step 456, DM 2: 1 actuators over ia limit. trials=2: success.
Step 457, DM 2: 1 actuators over ia limit. trials=2: success.
Step 458, DM 2: 1 actuators over ia limit. trials=2: success.
Step 459, DM 2: 1 actuators over ia limit. trials=2: success.
Step 460, DM 2: 1 actuators over ia limit. trials=2: success.
Step 461, DM 2: 1 actuators over ia limit. trials=2: success.
Step 462, DM 2: 1 actuators over ia limit. trials=2: success.
Step   463: OL  936.0  576.1  OA  117.7  30.9 CL  117.7  30.9 nm  0.073 s
Step 463, DM 2: 1 actuators over ia limit. trials=2: success.
Step 464, DM 2: 1 actuators over ia limit. trials=2: success.
Step 465, DM 2: 1 actuators over ia limit. trials=2: success.
Step 466, DM 2: 1 actuators over ia limit. trials=2: success.
Step 467, DM 2: 1 actuators over ia limit. trials=2: success.
Step 468, DM 2: 1 actuators over ia limit. trials=2: success.
Step 469, DM 2: 1 actuators over ia limit. trials=2: success.
Step 470, DM 2: 1 actuators over ia limit. trials=2: success.
Step 471, DM 2: 1 actuators over ia limit. trials=2: success.
Step 472, DM 2: 1 actuators over ia limit. trials=2: success.
Step 473, DM 2: 1 actuators over ia limit. trials=2: success.
Step 474, DM 2: 1 actuators over ia limit. trials=2: success.
Step 475, DM 2: 1 actuators over ia limit. trials=2: success.
Step 476, DM 2: 1 actuators over ia limit. trials=2: success.
Step   477: OL  928.6  594.1  OA  113.9  18.0 CL  113.9  18.0 nm  0.072 s
Step 477, DM 2: 1 actuators over ia limit. trials=2: success.
Step 478, DM 2: 1 actuators over ia limit. trials=2: success.
Step 479, DM 2: 1 actuators over ia limit. trials=2: success.
Step 480, DM 2: 1 actuators over ia limit. trials=2: success.
Step 481, DM 2: 1 actuators over ia limit. trials=2: success.
Step 482, DM 2: 1 actuators over ia limit. trials=2: success.
Step 483, DM 2: 1 actuators over ia limit. trials=2: success.
Step 484, DM 2: 1 actuators over ia limit. trials=2: success.
Step 485, DM 2: 1 actuators over ia limit. trials=2: success.
Step 486, DM 2: 1 actuators over ia limit. trials=2: success.
Step 487, DM 2: 1 actuators over ia limit. trials=2: success.
Step 488, DM 2: 1 actuators over ia limit. trials=2: success.
Step 489, DM 2: 1 actuators over ia limit. trials=2: success.
Step 490, DM 2: 1 actuators over ia limit. trials=2: success.
Step   491: OL  926.1  611.5  OA  112.4  24.3 CL  112.4  24.3 nm  0.072 s
Step 491, DM 2: 1 actuators over ia limit. trials=2: success.
Step 492, DM 2: 1 actuators over ia limit. trials=2: success.
Step 493, DM 2: 1 actuators over ia limit. trials=2: success.
Step 494, DM 2: 1 actuators over ia limit. trials=2: success.
Step 495, DM 2: 1 actuators over ia limit. trials=2: success.
Step 496, DM 2: 1 actuators over ia limit. trials=2: success.
Step 497, DM 2: 1 actuators over ia limit. trials=2: success.
Step 498, DM 2: 1 actuators over ia limit. trials=2: success.
Step 499, DM 2: 1 actuators over ia limit. trials=2: success.
Step 500, DM 2: 1 actuators over ia limit. trials=2: success.
Step 501, DM 2: 1 actuators over ia limit. trials=2: success.
Step 502, DM 2: 1 actuators over ia limit. trials=2: success.
Step 503, DM 2: 1 actuators over ia limit. trials=2: success.
Step 504, DM 2: 1 actuators over ia limit. trials=2: success.
Step   505: OL  927.0  627.7  OA  112.0   5.1 CL  112.0   5.1 nm  0.076 s
Step 505, DM 2: 1 actuators over ia limit. trials=2: success.
Step 506, DM 2: 1 actuators over ia limit. trials=2: success.
Step 507, DM 2: 1 actuators over ia limit. trials=2: success.
Step 508, DM 2: 1 actuators over ia limit. trials=2: success.
Step 509, DM 2: 1 actuators over ia limit. trials=2: success.
Step 510, DM 2: 1 actuators over ia limit. trials=2: success.
Step   511 updated high order loop gain: 0.312
Step 511, DM 2: 1 actuators over ia limit. trials=2: success.
Step 512, DM 2: 1 actuators over ia limit. trials=2: success.
Step 513, DM 2: 1 actuators over ia limit. trials=2: success.
Step 514, DM 2: 1 actuators over ia limit. trials=2: success.
Step 515, DM 2: 1 actuators over ia limit. trials=2: success.
Step 516, DM 2: 1 actuators over ia limit. trials=2: success.
Step 517, DM 2: 1 actuators over ia limit. trials=2: success.
Step 518, DM 2: 1 actuators over ia limit. trials=2: success.
Step   519: OL  930.4  642.0  OA  115.5  14.1 CL  115.5  14.1 nm  0.073 s
Step 519, DM 2: 1 actuators over ia limit. trials=2: success.
Step 520, DM 2: 1 actuators over ia limit. trials=2: success.
Step 521, DM 2: 1 actuators over ia limit. trials=2: success.
Step 522, DM 2: 1 actuators over ia limit. trials=2: success.
Step 523, DM 2: 1 actuators over ia limit. trials=2: success.
Step 524, DM 2: 1 actuators over ia limit. trials=2: success.
Step 525, DM 2: 1 actuators over ia limit. trials=2: success.
Step 526, DM 2: 1 actuators over ia limit. trials=2: success.
Step 527, DM 2: 1 actuators over ia limit. trials=2: success.
Step 528, DM 2: 1 actuators over ia limit. trials=2: success.
Step 529, DM 2: 1 actuators over ia limit. trials=2: success.
Step 530, DM 2: 1 actuators over ia limit. trials=2: success.
Step 531, DM 2: 1 actuators over ia limit. trials=2: success.
Step 532, DM 2: 1 actuators over ia limit. trials=2: success.
Step   533: OL  935.9  653.5  OA  110.8  15.2 CL  110.8  15.2 nm  0.072 s
Step 533, DM 2: 1 actuators over ia limit. trials=2: success.
Step 534, DM 2: 1 actuators over ia limit. trials=2: success.
Step 535, DM 2: 1 actuators over ia limit. trials=2: success.
Step 536, DM 2: 1 actuators over ia limit. trials=2: success.
Step 537, DM 2: 1 actuators over ia limit. trials=2: success.
Step 538, DM 2: 1 actuators over ia limit. trials=2: success.
Step 539, DM 2: 1 actuators over ia limit. trials=2: success.
Step 540, DM 2: 1 actuators over ia limit. trials=2: success.
Step 541, DM 2: 1 actuators over ia limit. trials=2: success.
Step 542, DM 2: 1 actuators over ia limit. trials=2: success.
Step   547: OL  944.0  661.7  OA  108.5   5.7 CL  108.5   5.7 nm  0.070 s
Step   561: OL  954.7  667.0  OA  112.3  17.4 CL  112.3  17.4 nm  0.071 s
Step   575: OL  967.3  669.9  OA  110.1   3.0 CL  110.1   3.0 nm  0.070 s
Step   589: OL  981.8  670.6  OA  108.0   3.4 CL  108.0   3.4 nm  0.072 s
Step   603: OL  997.7  668.1  OA  111.1  11.5 CL  111.1  11.5 nm  0.074 s
Step   617: OL 1014.2  662.4  OA  113.9  26.4 CL  113.9  26.4 nm  0.075 s
Step   631: OL 1030.5  653.9  OA  107.4  13.0 CL  107.4  13.0 nm  0.084 s
Step   645: OL 1046.0  643.0  OA  110.4  21.0 CL  110.4  21.0 nm  0.071 s
Step   659: OL 1059.9  630.1  OA  109.6  18.6 CL  109.6  18.6 nm  0.076 s
Step   673: OL 1072.6  615.7  OA  109.9  18.4 CL  109.9  18.4 nm  0.071 s
Step   687: OL 1084.6  601.1  OA  112.7  18.4 CL  112.7  18.4 nm  0.077 s
Step   701: OL 1094.9  585.6  OA  108.6   5.4 CL  108.6   5.4 nm  0.071 s
Step   715: OL 1102.3  568.8  OA  110.5   2.3 CL  110.5   2.3 nm  0.071 s
Step   729: OL 1106.3  551.4  OA  108.0   9.1 CL  108.0   9.1 nm  0.071 s
Step   743: OL 1106.8  534.2  OA  111.5   5.5 CL  111.5   5.5 nm  0.070 s
Step   757: OL 1104.0  517.3  OA  113.5  16.7 CL  113.5  16.7 nm  0.078 s
Step   767 updated high order loop gain: 0.295
Step   771: OL 1097.8  501.1  OA  108.9   8.4 CL  108.9   8.4 nm  0.075 s
Step   785: OL 1087.8  485.4  OA  107.3   0.7 CL  107.3   0.7 nm  0.074 s
Step   799: OL 1074.0  469.7  OA  111.7   3.2 CL  111.7   3.2 nm  0.071 s
Step   813: OL 1057.7  454.1  OA  111.9   8.5 CL  111.9   8.5 nm  0.081 s
Step   827: OL 1038.4  438.6  OA  109.2   9.9 CL  109.2   9.9 nm  0.074 s
Step   841: OL 1016.9  423.7  OA  109.6  11.6 CL  109.6  11.6 nm  0.097 s
Step   855: OL  994.4  409.8  OA  110.3   5.9 CL  110.3   5.9 nm  0.125 s
Step   860: OL  986.4  405.1  OA  107.0   8.0 CL  107.0   8.0 nm  0.701 s
Step   869: OL  972.1  397.3  OA  107.7   4.9 CL  107.7   4.9 nm  0.071 s
Step   883: OL  951.2  386.4  OA  111.4  20.9 CL  111.4  20.9 nm  0.072 s
Step   897: OL  930.2  376.9  OA  108.2  14.1 CL  108.2  14.1 nm  0.075 s
Step   911: OL  908.0  368.9  OA  109.0  20.9 CL  109.0  20.9 nm  0.071 s
Step   925: OL  885.7  362.1  OA  107.0  11.1 CL  107.0  11.1 nm  0.103 s
Step   939: OL  863.9  355.5  OA  114.0  31.2 CL  114.0  31.2 nm  0.070 s
Step   953: OL  843.1  348.6  OA  108.7   6.9 CL  108.7   6.9 nm  0.073 s
Step   967: OL  824.6  341.2  OA  110.7  24.7 CL  110.7  24.7 nm  0.074 s
Step   981: OL  808.7  332.7  OA  113.6  25.1 CL  113.6  25.1 nm  0.074 s
Step   995: OL  794.8  323.3  OA  109.3  23.1 CL  109.3  23.1 nm  0.081 s
Step  1009: OL  782.0  312.9  OA  108.5  20.6 CL  108.5  20.6 nm  0.070 s
Step  1023: OL  771.2  302.2  OA  115.2  32.2 CL  115.2  32.2 nm  0.075 s
Step  1023 updated high order loop gain: 0.284
Step  1037: OL  762.1  290.9  OA  113.3  24.9 CL  113.3  24.9 nm  0.072 s
Step  1051: OL  753.9  278.6  OA  110.0  20.3 CL  110.0  20.3 nm  0.079 s
Step  1065: OL  745.9  265.0  OA  115.4  27.8 CL  115.4  27.8 nm  0.072 s
Step  1079: OL  740.0  249.4  OA  113.0  24.0 CL  113.0  24.0 nm  0.070 s
Step  1093: OL  736.6  233.1  OA  114.9  27.4 CL  114.9  27.4 nm  0.073 s
Step  1107: OL  735.1  218.1  OA  113.7  15.9 CL  113.7  15.9 nm  0.069 s
Step  1121: OL  734.9  204.5  OA  109.9  30.2 CL  109.9  30.2 nm  0.075 s
Step  1135: OL  735.6  193.2  OA  106.3  28.3 CL  106.3  28.3 nm  0.072 s
Step  1148: OL  736.6  184.5  OA  108.4  23.6 CL  108.4  23.6 nm  0.076 s
Step  1162: OL  737.4  177.3  OA  103.9  20.4 CL  103.9  20.4 nm  0.071 s
Step  1176: OL  738.5  172.5  OA  102.9  14.4 CL  102.9  14.4 nm  0.071 s
Step  1190: OL  741.0  169.2  OA  106.4  21.4 CL  106.4  21.4 nm  0.073 s
Step  1204: OL  744.2  166.4  OA  105.6  22.7 CL  105.6  22.7 nm  0.072 s
Step  1218: OL  747.3  164.3  OA  113.2  29.3 CL  113.2  29.3 nm  0.072 s
Step  1232: OL  750.1  163.7  OA  112.8  35.3 CL  112.8  35.3 nm  0.072 s
Step  1245: OL  751.6  165.2  OA  107.7  22.3 CL  107.7  22.3 nm  0.129 s
Step  1259: OL  753.8  169.2  OA  106.8  27.7 CL  106.8  27.7 nm  0.071 s
Step  1273: OL  756.4  175.5  OA  109.1  37.8 CL  109.1  37.8 nm  0.074 s
Step  1279 updated high order loop gain: 0.277
Step  1287: OL  760.2  183.4  OA  110.0  32.3 CL  110.0  32.3 nm  0.071 s
Step  1301: OL  764.7  192.6  OA  113.0  25.9 CL  113.0  25.9 nm  0.072 s
Step  1315: OL  768.8  202.9  OA  111.3  32.0 CL  111.3  32.0 nm  0.074 s
Step  1329: OL  773.1  214.5  OA  111.9  37.3 CL  111.9  37.3 nm  0.073 s
Step  1342: OL  778.4  226.2  OA  110.4  38.3 CL  110.4  38.3 nm  0.070 s
Step  1356: OL  786.0  238.9  OA  111.8  36.8 CL  111.8  36.8 nm  0.071 s
Step  1370: OL  795.1  249.9  OA  112.1  43.9 CL  112.1  43.9 nm  0.079 s
Step  1384: OL  805.3  258.7  OA  109.8  29.0 CL  109.8  29.0 nm  0.072 s
Step  1398: OL  816.9  265.6  OA  109.3  24.0 CL  109.3  24.0 nm  0.078 s
Step  1412: OL  829.9  270.5  OA  113.1  40.1 CL  113.1  40.1 nm  0.071 s
Step  1426: OL  843.8  274.1  OA  107.7  29.9 CL  107.7  29.9 nm  0.071 s
Step  1440: OL  857.3  277.0  OA  114.0  40.3 CL  114.0  40.3 nm  0.069 s
Step  1454: OL  870.4  279.0  OA  107.2  21.4 CL  107.2  21.4 nm  0.071 s
Step  1468: OL  881.6  279.5  OA  104.2  18.7 CL  104.2  18.7 nm  0.071 s
Step  1482: OL  889.5  277.9  OA  106.4  17.3 CL  106.4  17.3 nm  0.072 s
Step  1496: OL  893.4  274.3  OA  108.7  22.6 CL  108.7  22.6 nm  0.079 s
Step  1510: OL  893.6  268.8  OA  109.5  15.5 CL  109.5  15.5 nm  0.070 s
Step  1524: OL  891.2  262.1  OA  106.2   7.7 CL  106.2   7.7 nm  0.080 s
Step  1535 updated high order loop gain: 0.273
Step  1538: OL  886.0  253.8  OA  107.3  20.3 CL  107.3  20.3 nm  0.070 s
Step  1552: OL  879.4  244.6  OA  106.5  13.0 CL  106.5  13.0 nm  0.070 s
Step  1565: OL  872.7  236.2  OA  106.5  10.0 CL  106.5  10.0 nm  0.074 s
Step  1579: OL  865.1  228.2  OA  108.6  17.2 CL  108.6  17.2 nm  0.074 s
Step  1593: OL  856.5  221.8  OA  110.8  16.5 CL  110.8  16.5 nm  0.079 s
Step 1599: Output PSF
Step  1599: OL  852.5  219.3  OA  110.1   4.3 CL  110.1   4.3 nm  1.153 s
Mean: 110.90 23.42 108.40  nm.

*** Simulation Finished at 2025/02/11 19:02:41 in nid003517. ***

