Warning(sock.c:516): connect locally (/global/homes/b/bpeck/.aos/tmp/nid008652/scheduler) failed: Invalid argument. 
/global/u2/b/bpeck/work/vismcao/maos -o studies/reduced_ngs/6_lgs/8mag_lgs/2750count -c master_files/reduced_ngs/6_lgs/8mag_lgs/kola_2750act.conf -O 
Output folder is 'studies/reduced_ngs/6_lgs/8mag_lgs/2750count'.
SRC: /global/homes/b/bpeck/code/maos v2.9 4c88b7c2 2024-11-13 16:45:33 -0800
BUILT: /global/homes/b/bpeck/code/maos/optim by GCC (v12) on 2024/11/18 09:40:03 CPU(F64,+O3) with CUDA(v122,F32)
Launched at 2025/02/12 00:08:28 in nid008652 with PID 772352.
The web based job monitor can be accessed at http://localhost:10300
Main config file is /global/u2/b/bpeck/work/vismcao/master_files/reduced_ngs/6_lgs/8mag_lgs/kola_2750act.conf
Warning(path.c:48): Path not found: path=/global/u2/b/bpeck/work/vismcao/master_files/reduced_ngs/6_lgs/8mag_lgs/bin; abspath=/global/u2/b/bpeck/work/vismcao/master_files/reduced_ngs/6_lgs/8mag_lgs/bin; Ignored.
Warning(path.c:48): Path not found: path=/global/u2/b/bpeck/work/vismcao/master_files/reduced_ngs/6_lgs/8mag_lgs/atm; abspath=/global/u2/b/bpeck/work/vismcao/master_files/reduced_ngs/6_lgs/8mag_lgs/atm; Ignored.
Warning(readcfg.c:399): sim.apfsm has been renamed to powfs.apfsm.
Warning(readcfg.c:399): sim.epfsm has been renamed to powfs.epfsm.
Warning(readcfg.c:399): sim.alfsm has been renamed to powfs.alfsm.
Warning(readcfg.c:399): sim.commonfsm has been renamed to powfs.commonfsm.
Warning(readcfg.c:399): sim.idealfsm has been renamed to powfs.idealfsm.
Warning(readcfg.c:399): sim.zetafsm has been renamed to powfs.zetafsm.
Warning(readcfg.c:399): sim.f0fsm has been renamed to powfs.f0fsm.
Warning(readcfg.c:399): tsurf has been renamed to ncpa.tsurf.
loaded 132 (132 new) records from '/global/u2/b/bpeck/work/vismcao/./keck_sim.conf'
loaded  19 ( 19 new) records from '/global/u2/b/bpeck/work/vismcao/./dm_none.conf'
loaded  19 (  0 new) records from '/global/u2/b/bpeck/work/vismcao/./keck_ASM.conf'
loaded  19 (  0 new) records from '/global/u2/b/bpeck/work/vismcao/./keck_DM2.conf'
loaded  19 (  0 new) records from '/global/u2/b/bpeck/work/vismcao/./keck_DM3.conf'
loaded   0 (  0 new) records from '/global/u2/b/bpeck/work/vismcao/./keck_dm_multiple.conf'
loaded   7 (  5 new) records from '/global/u2/b/bpeck/work/vismcao/./atm_mk13n50p_ground_detail.conf'
loaded  76 ( 69 new) records from '/global/homes/b/bpeck/code/maos/config/maos/powfs_common.conf'
loaded  44 ( 38 new) records from '/global/u2/b/bpeck/work/vismcao/./powfs_none.conf'
loaded  44 (  0 new) records from '/global/u2/b/bpeck/work/vismcao/./keck_shwfs_lgs.conf'
loaded  44 (  0 new) records from '/global/u2/b/bpeck/work/vismcao/./keck_shwfs_ttf_strap.conf'
loaded  44 (  0 new) records from '/global/u2/b/bpeck/work/vismcao/./keck_shwfs_twfs_lbwfs.conf'
loaded   0 (  0 new) records from '/global/u2/b/bpeck/work/vismcao/./keck_wfs_lgs_strap_lbwfs.conf'
loaded  71 ( 71 new) records from '/global/u2/b/bpeck/work/vismcao/./keck_recon.conf'
Warning(readcfg.c:399): dbg.na_smooth has been renamed to powfs0_llt.na_smooth.
Warning(readcfg.c:399): dbg.na_interp has been renamed to powfs0_llt.na_interp.
Warning(readcfg.c:399): dbg.na_thres has been renamed to powfs0_llt.na_thres.
Warning(readcfg.c:399): dbg.na_fit_maxit has been renamed to powfs0_llt.na_fit_maxit.
Warning(readcfg.c:399): dbg.na_fit_svdthres has been renamed to powfs0_llt.na_fit_svdthres.
Warning(readcfg.c:399): dbg.na_fit_dh has been renamed to powfs0_llt.na_fit_dh.
Warning(readcfg.c:399): dbg.ncpa_preload has been renamed to ncpa.preload.
Warning(readcfg.c:399): dbg.ncpa_rmsci has been renamed to ncpa.rmsci.
Warning(readcfg.c:399): dbg.draw_opdmax has been renamed to plot.opdmax.
Warning(readcfg.c:399): dbg.draw_gmax has been renamed to plot.gmax.
loaded  95 ( 93 new) records from '/global/u2/b/bpeck/work/vismcao/./keck_dbg.conf'
loaded   4 (  4 new) records from '/global/u2/b/bpeck/work/vismcao/./keck_fit_mcao.conf'
Warning(readcfg.c:399): surf has been renamed to ncpa.surf.
loaded  39 (  7 new) records from '/global/u2/b/bpeck/work/vismcao/master_files/reduced_ngs/6_lgs/8mag_lgs/kola_2750act.conf'
loaded   0 (  0 new) records from 'command line'
loaded  24 ( 18 new) records from '/global/u2/b/bpeck/work/vismcao/./keck_llt_CL.conf'
Adjust LGS range by telescope altitude 4145m.
Zenith angle is 30 degree.
    Scaling turbulence height and LGS hs by sec(za).
    Scaling r0 by cos(za)^(3/5).
    Scaling wind speed and LGS signal level by cos(za).
powfs0: Adjusting dx from 0.0078125 to 0.00775. 
powfs0.llt.fsm: f0=0 Hz, LPF ep=0
powfs0.epfsm is set to 0.517618 (auto)
powfs2: Adjusting dx from 0.03125 to 0.0312778. 
powfs2 is TWFS for powfs0
sim.ephi is set to 0.427717 (auto)
sim.eplo is set to 0.427717 (auto)
Warning(parms.c:2296): Layer 1 at 17.3205m is very close to layer 0 at 0m (OK).
Warning(parms.c:2296): Layer 2 at 34.641m is very close to layer 1 at 17.3205m (OK).
Warning(parms.c:2296): Layer 3 at 51.9615m is very close to layer 2 at 34.641m (OK).
dm 0: stroke=30 um is provided in micron.
dm 0: assume ia stroke=2 um is provided in micron.
dm 1: stroke=7 um is provided in micron.
dm 1: assume ia stroke=2 um is provided in micron.
dm 2: stroke=7 um is provided in micron.
dm 2: assume ia stroke=2 um is provided in micron.
Focus blending is not implemented yet for integrated tomography
parms->sim.mffocus is reset to 0
There are 1 valid simulation seeds:  1
Output PSF for 1 directions
Used 449 of 456 supplied keys
Warning(readcfg.c:158): key "dbg.pwfs_flate" is not recognized, value is 0
Warning(readcfg.c:158): key "dbg.pwfs_flatv" is not recognized, value is 0
Warning(readcfg.c:158): key "dbg.pwfs_psx" is not recognized, value is [0 0 0 0]
Warning(readcfg.c:158): key "dbg.pwfs_psy" is not recognized, value is [0 0 0 0]
Warning(readcfg.c:158): key "dbg.pwfs_pupelong" is not recognized, value is 0
Warning(readcfg.c:158): key "dbg.pwfs_raw" is not recognized, value is 0
Warning(readcfg.c:158): key "dbg.pwfs_side" is not recognized, value is 4
[00;00mAperture[00;00m is 11 m with sampling 1/128 m
[00;00mTurbulence at 30 degree zenith angle:[00;00m r0=0.128424m, L0=30m, 14 layers.
    Greenwood freq is 25.1Hz, anisoplanatic angle is 1.58 as
    Sampled 8192x8192 at 1/128m. wind dir is randomized.
    layer 0: ht=      0 m, wt= 0.302, ws=  4.8 m/s
    layer 1: ht=     17 m, wt= 0.154, ws=  5.0 m/s
    layer 2: ht=     35 m, wt= 0.041, ws=  5.4 m/s
    layer 3: ht=     52 m, wt= 0.002, ws=  6.6 m/s
    layer 4: ht=    139 m, wt= 0.021, ws=  6.1 m/s
    layer 5: ht=    231 m, wt= 0.010, ws=  6.1 m/s
    layer 6: ht=    323 m, wt= 0.008, ws=  6.1 m/s
    layer 7: ht=    416 m, wt= 0.005, ws=  6.1 m/s
    layer 8: ht=    508 m, wt= 0.001, ws=  6.1 m/s
    layer 9: ht=    932 m, wt= 0.107, ws=  5.6 m/s
    layer 10: ht=   5022 m, wt= 0.144, ws= 11.1 m/s
    layer 11: ht=   9238 m, wt= 0.093, ws= 19.1 m/s
    layer 12: ht=  13856 m, wt= 0.075, ws=  8.2 m/s
    layer 13: ht=  22518 m, wt= 0.036, ws=  4.8 m/s
[00;00mReconstruction[00;00m: r0=0.128424m L0=30m. 14 layers. use cone coordinate.
    layer 0: ht=      0 m, wt= 0.302
    layer 1: ht=     17 m, wt= 0.154
    layer 2: ht=     35 m, wt= 0.041
    layer 3: ht=     52 m, wt= 0.002
    layer 4: ht=    139 m, wt= 0.021
    layer 5: ht=    231 m, wt= 0.010
    layer 6: ht=    323 m, wt= 0.008
    layer 7: ht=    416 m, wt= 0.005
    layer 8: ht=    508 m, wt= 0.001
    layer 9: ht=    932 m, wt= 0.107
    layer 10: ht=   5022 m, wt= 0.144
    layer 11: ht=   9238 m, wt= 0.093
    layer 12: ht=  13856 m, wt= 0.075
    layer 13: ht=  22518 m, wt= 0.036
[00;00mThere are 3 powfs[00;00m
  powfs0: Order 60, LGS at 99.1 km. Sampling 1/129.032 m. Thres 30%. [00;00mT/T is removed in right hand side in tomography.[00;00m
    CCD image is 25x25 @ 500x500 mas, blur 27% (sigma), 1500Hz, wvl: [ 5.89e-07]
    Gtilt in reconstruction. Physical optics start at 0 with [00;00m'matched filter'[00;00m [00;00m(noisy)[00;00m
  powfs1: Order  2, NGS at inf km. Sampling 1/16 m. Thres 30%. 
    Ztilt in reconstruction. Geomtric optics start at 2 with ztilt [00;00m(noisy)[00;00m
  powfs2: Order 20, NGS at inf km. Sampling 1/31.9716 m. Thres 50%. 
    CCD image is 4x4 @ 1500x1500 mas, blur 0% (sigma), 0.015Hz, wvl: [ 7.2e-07]
    Gtilt in reconstruction. Geomtric optics start at 50 with gtilt Physical optics start at 0 with [00;00m'matched filter'[00;00m [00;00m(noisy)[00;00m
[00;00mThere are 10 wfs[00;00m
    wfs 0: type 0, at (  30.00,    0.00) arcsec,  99 km, siglev is 41.4818 bkgrnd is 0.1
    wfs 1: type 0, at (  15.00,   25.98) arcsec,  99 km, siglev is 41.4818 bkgrnd is 0.1
    wfs 2: type 0, at ( -15.00,   25.98) arcsec,  99 km, siglev is 41.4818 bkgrnd is 0.1
    wfs 3: type 0, at ( -30.00,    0.00) arcsec,  99 km, siglev is 41.4818 bkgrnd is 0.1
    wfs 4: type 0, at ( -15.00,  -25.98) arcsec,  99 km, siglev is 41.4818 bkgrnd is 0.1
    wfs 5: type 0, at (  15.00,  -25.98) arcsec,  99 km, siglev is 41.4818 bkgrnd is 0.1
    wfs 6: type 1, at (   5.00,    8.66) arcsec, inf km, siglev is 42387.6 bkgrnd is 1.056
    wfs 7: type 1, at ( -10.00,    0.00) arcsec, inf km, siglev is 42387.6 bkgrnd is 1.056
    wfs 8: type 1, at (   5.00,   -8.66) arcsec, inf km, siglev is 42387.6 bkgrnd is 1.056
    wfs 9: type 2, at (   0.00,    0.00) arcsec, inf km, siglev is 4.1558e+06 bkgrnd is 0.001
[00;00mThere are 3 DMs[00;00m
  DM 0 at -0.1km, actuator pitch 0.186m, offset   0, with 30.000000 micron stroke.
    Normalized cubic influence function with inter-actuator coupling of 0.223
  DM 1 at    6km, actuator pitch 0.168m, offset   0, with 7.000000 micron stroke.
    Normalized cubic influence function with inter-actuator coupling of 0.223
  DM 2 at   10km, actuator pitch 0.168m, offset   0, with 7.000000 micron stroke.
    Normalized cubic influence function with inter-actuator coupling of 0.223
[00;00mTomography[00;00m is using CG, with [00;00mFourer Domain[00;00m preconditioner, [00;00m12[00;00m iterations, integrated tomo.
[00;00mDM Fitting [00;00mis using CG, with [00;00mNo[00;00m preconditioner, [00;00m10[00;00m iterations
[00;00mThere are 9 fit directions[00;00m
    Fit 0: weight is 0.444, at (   0.00,    0.00) arcsec
    Fit 1: weight is 0.111, at (  15.00,    0.00) arcsec
    Fit 2: weight is 0.111, at (   0.00,   15.00) arcsec
    Fit 3: weight is 0.111, at ( -15.00,    0.00) arcsec
    Fit 4: weight is 0.111, at (   0.00,  -15.00) arcsec
    Fit 5: weight is 0.028, at (  15.00,   15.00) arcsec
    Fit 6: weight is 0.028, at ( -15.00,   15.00) arcsec
    Fit 7: weight is 0.028, at ( -15.00,  -15.00) arcsec
    Fit 8: weight is 0.028, at (  15.00,  -15.00) arcsec
[00;00mThere are 1 evaluation directions[00;00m at sampling 1/128 m.
    Evl 0: weight is 1.000, at (   0.00,    0.00) arcsec
[00;00mSimulation[00;00m start at step 0, end at step 1600, with time step 1/1500s, [00;00mclose loop[00;00m.
After setup_parms:	120.5 MiB.
Warning(sock.c:516): connect locally (/global/homes/b/bpeck/.aos/tmp/nid008652/scheduler) failed: Invalid argument. 
CUDA: minimum memory requirement is 0.3GB
GPU 0 is NVIDIA A100-SXM4-80GB with arch 8.0, 78.6GB free, 79.0GB total device memory.
Using GPU 0
Use 1 GPUs for WFS Tomo Fit Evl

*** Preparation started at 2025/02/12 00:08:30 in nid008652. ***

Using OpenMP version 201511 with 128 threads
Reading aperture amplitude map from KECK.fits
Warning(accphi.c:477): 108398 points not covered by input screen
Warning(sock.c:516): connect locally (/global/homes/b/bpeck/.aos/tmp/nid008652/scheduler) failed: Invalid argument. 
 ->maos.c:447->setup.c:148->aper.c:74->utils.c:478->accphi.c:478
iwvl 0: Science PSF is using grid size of 2880. The PSF will sum to 6.95167232825486
iwvl 1: Science PSF is using grid size of 2880. The PSF will sum to 6.95167232825486
iwvl 2: Science PSF is using grid size of 2880. The PSF will sum to 6.95167232825486
iwvl 3: Science PSF is using grid size of 2880. The PSF will sum to 6.95167232825486
iwvl 4: Science PSF is using grid size of 2880. The PSF will sum to 6.95167232825486
iwvl 5: Science PSF is using grid size of 2880. The PSF will sum to 6.95167232825486
iwvl 6: Science PSF is using grid size of 2880. The PSF will sum to 6.95167232825486
iwvl 7: Science PSF is using grid size of 2880. The PSF will sum to 6.95167232825486
iwvl 8: Science PSF is using grid size of 2880. The PSF will sum to 6.95167232825486
After setup_aper:	343.0 MiB.

[00;00mSetting up powfs 0 geom[00;00m

There are 24 points in each subaperture of 0.186m.
There are 2160 valid subaperture.

[00;00mSetting up powfs 1 geom[00;00m

There are 88 points in each subaperture of 5.5m.
There are 4 valid subaperture.

[00;00mSetting up powfs 2 geom[00;00m

There are 18 points in each subaperture of 0.563m.
There are 236 valid subaperture.
After setup_powfs_init:	437.6 MiB.

[00;00mSetting up reconstructor geometry.[00;00m

PLOC is 123x123, with sampling of 0.09m (square)
    DM 0: grid is 63 x 63
    DM 1: grid is 75 x 75
    DM 2: grid is 81 x 79
FLOC is 123x123, with sampling of 0.09m (not square)
Tomography grid is square:
    layer 0: xloc grid is 216 x 216, sampling is 0.093 m, 46656 points
    layer 1: xloc grid is 216 x 216, sampling is 0.093 m, 46656 points
    layer 2: xloc grid is 216 x 216, sampling is 0.093 m, 46656 points
    layer 3: xloc grid is 216 x 216, sampling is 0.093 m, 46656 points
    layer 4: xloc grid is 216 x 216, sampling is 0.093 m, 46656 points
    layer 5: xloc grid is 216 x 216, sampling is 0.093 m, 46656 points
    layer 6: xloc grid is 216 x 216, sampling is 0.093 m, 46656 points
    layer 7: xloc grid is 216 x 216, sampling is 0.093 m, 46656 points
    layer 8: xloc grid is 216 x 216, sampling is 0.093 m, 46656 points
    layer 9: xloc grid is 216 x 216, sampling is 0.092 m, 46656 points
    layer 10: xloc grid is 216 x 216, sampling is 0.088 m, 46656 points
    layer 11: xloc grid is 216 x 216, sampling is 0.084 m, 46656 points
    layer 12: xloc grid is 216 x 216, sampling is 0.080 m, 46656 points
    layer 13: xloc grid is 216 x 216, sampling is 0.072 m, 46656 points

[00;00mSetting up powfs 0 PO WFS[00;00m

OTF dimension is 48x48 (calculated)
There is no bias
Uplink FWHM (illt 0, iwvl 0) is 0.578423"
Downlink FWHM (illt 0, iwvl 0) is 1.19849"
Generating matched filter for powfs 0
sa index   location       noise equivalent angle
    1076: (  4.8,  -0.2) m, (107.20, 104.30) mas
    1070: (  3.7,  -0.2) m, (114.50, 105.49) mas
    1064: (  2.6,  -0.2) m, (126.82, 106.72) mas
    1058: (  1.5,  -0.2) m, (143.39, 107.77) mas
    1057: (  1.3,  -0.2) m, (145.71, 107.91) mas
     732: ( -0.6,  -1.5) m, (169.34, 112.11) mas
    1053: ( -1.7,  -0.2) m, (179.94, 110.22) mas
    1047: ( -2.8,  -0.2) m, (194.46, 111.10) mas
    1041: ( -3.9,  -0.2) m, (211.24, 111.98) mas
    1035: ( -5.0,  -0.2) m, (228.23, 112.89) mas
    1033: ( -5.4,  -0.2) m, (233.48, 113.17) mas
sa index   location       noise equivalent angle
    2099: (  2.4,   4.3) m, (104.98, 106.35) mas
    1924: (  1.9,   3.3) m, (112.11, 115.51) mas
    1843: (  1.7,   3.0) m, (108.97, 114.69) mas
    1533: (  0.9,   1.7) m, (114.49, 129.35) mas
    1381: (  0.6,   1.1) m, (117.22, 136.76) mas
     831: (  0.7,  -1.1) m, (123.44, 174.87) mas
     730: ( -0.9,  -1.5) m, (133.13, 170.29) mas
     629: ( -1.1,  -1.9) m, (135.21, 174.07) mas
     319: ( -1.9,  -3.2) m, (144.59, 190.07) mas
     237: ( -2.0,  -3.5) m, (155.05, 206.37) mas
      62: ( -2.6,  -4.5) m, (153.74, 208.70) mas
sa index   location       noise equivalent angle
    2072: ( -2.6,   4.3) m, (104.98, 106.35) mas
    1903: ( -2.0,   3.3) m, (112.52, 116.04) mas
    1824: ( -1.9,   3.0) m, (108.97, 114.69) mas
    1522: ( -1.1,   1.7) m, (114.49, 129.35) mas
    1374: ( -0.7,   1.1) m, (117.22, 136.76) mas
     829: ( -0.9,  -1.1) m, (125.67, 177.72) mas
     739: (  0.7,  -1.5) m, (133.13, 170.29) mas
     640: (  0.9,  -1.9) m, (135.21, 174.07) mas
     338: (  1.7,  -3.2) m, (144.59, 190.07) mas
     258: (  1.9,  -3.5) m, (154.64, 205.52) mas
      89: (  2.4,  -4.5) m, (153.74, 208.70) mas
sa index   location       noise equivalent angle
    1035: ( -5.0,  -0.2) m, (107.20, 104.30) mas
    1041: ( -3.9,  -0.2) m, (114.50, 105.49) mas
    1047: ( -2.8,  -0.2) m, (126.82, 106.72) mas
    1053: ( -1.7,  -0.2) m, (143.39, 107.77) mas
    1054: ( -1.5,  -0.2) m, (145.71, 107.91) mas
     737: (  0.4,  -1.5) m, (169.34, 112.11) mas
    1058: (  1.5,  -0.2) m, (179.94, 110.22) mas
    1064: (  2.6,  -0.2) m, (194.46, 111.10) mas
    1070: (  3.7,  -0.2) m, (211.24, 111.98) mas
    1076: (  4.8,  -0.2) m, (228.23, 112.89) mas
    1078: (  5.2,  -0.2) m, (233.48, 113.17) mas
sa index   location       noise equivalent angle
      62: ( -2.6,  -4.5) m, (104.98, 106.35) mas
     237: ( -2.0,  -3.5) m, (112.85, 116.95) mas
     319: ( -1.9,  -3.2) m, (108.97, 114.69) mas
     629: ( -1.1,  -1.9) m, (114.49, 129.35) mas
     781: ( -0.7,  -1.3) m, (117.22, 136.76) mas
    1329: ( -0.9,   0.9) m, (123.07, 174.38) mas
    1432: (  0.7,   1.3) m, (133.13, 170.29) mas
    1533: (  0.9,   1.7) m, (135.21, 174.07) mas
    1843: (  1.7,   3.0) m, (144.59, 190.07) mas
    1924: (  1.9,   3.3) m, (153.80, 203.90) mas
    2099: (  2.4,   4.3) m, (153.74, 208.70) mas
sa index   location       noise equivalent angle
      89: (  2.4,  -4.5) m, (104.98, 106.35) mas
     258: (  1.9,  -3.5) m, (112.58, 116.42) mas
     338: (  1.7,  -3.2) m, (108.97, 114.69) mas
     640: (  0.9,  -1.9) m, (114.49, 129.35) mas
     787: (  0.6,  -1.3) m, (117.22, 136.76) mas
    1332: (  0.7,   0.9) m, (121.38, 172.23) mas
    1423: ( -0.9,   1.3) m, (133.13, 170.29) mas
    1522: ( -1.1,   1.7) m, (135.21, 174.07) mas
    1824: ( -1.9,   3.0) m, (144.59, 190.07) mas
    1903: ( -2.0,   3.3) m, (154.46, 204.82) mas
    2072: ( -2.6,   4.3) m, (153.74, 208.70) mas

[00;00mSetting up powfs 2 PO WFS[00;00m

OTF dimension is 48x48 (calculated)
Generating matched filter for powfs 2
Use sanea to derive neasim
Use sanea to derive neasim

[00;00mSetting up reconstructor[00;00m

Recon NEA: cmf(146.64) cmf(146.91) cmf(146.86) cmf(146.56) cmf(146.77) cmf(146.82) geom(0.31) geom(0.31) geom(0.31) mf(0.14)  mas
Setup or update control matrix parameters.
RRtwfs svd threshold is 1e-10
Replacing HA by HA*fit->actextrap
Adding piston cr to fit matrix
Adding TT cr on upper DMs to fit matrix.
Before assembling fit matrix:	3319.8 MiB.
Building fit->FR
Building fit->FL
Adding tikhonov constraint of 1.0e-07 to FLM
The maximum eigen value is estimated to be around 3.1e-04
DM Fit number of Low rank terms: 16 in LHS
After assemble fit matrix:	4669.3 MiB.
After setup_recon:	4669.3 MiB.
GPU 0: mem used 1422 MB (wfs init)
GPU 0: mem used 2208 MB (recon init)
GPU 0: mem used 2238 MB (perf init)

*** Simulation started at 2025/02/12 00:10:18 in nid008652. ***

Running seed 1
GPU 0: mem used 2238 MB (wfs seeding)
Wind dir: 267.3 261.7 167.0 130.5 300.7  32.3 119.8 139.0 150.8 277.7 203.0 133.1  45.9 265.1 deg
Using /global/homes/b/bpeck/.aos/cache/atm/vonkarman_14_8192x8192_0.0078125_1115374592d.bin
After genatm:	4565.4 MiB.
Step     #  Open Loop  PR TT  On axis  PR TT  Field RMS PR TT     Timing 
Step     0: OL  884.6  248.3  OA  884.6 248.3 CL  884.6 248.3 nm  0.207 s
Step    17: OL  911.2  254.8  OA  137.5  23.0 CL  137.5  23.0 nm  0.040 s
Step    39: OL  945.5  260.4  OA  126.3   8.2 CL  126.3   8.2 nm  0.046 s
Step    60: OL  976.5  260.8  OA  130.2  19.1 CL  130.2  19.1 nm  0.046 s
Step    81: OL 1008.2  258.6  OA  126.7   5.0 CL  126.7   5.0 nm  0.046 s
Step   102: OL 1040.3  257.4  OA  124.7  16.4 CL  124.7  16.4 nm  0.046 s
Step   123: OL 1072.1  258.9  OA  122.1  15.4 CL  122.1  15.4 nm  0.046 s
Step   143: OL 1099.7  264.4  OA  126.0   9.9 CL  126.0   9.9 nm  0.047 s
Step   164: OL 1124.1  274.3  OA  129.1  12.0 CL  129.1  12.0 nm  0.046 s
Step   185: OL 1142.5  287.1  OA  125.7  13.9 CL  125.7  13.9 nm  0.044 s
Step   205: OL 1153.8  300.0  OA  122.4  19.5 CL  122.4  19.5 nm  0.045 s
Step   227: OL 1160.5  314.1  OA  120.2  16.6 CL  120.2  16.6 nm  0.045 s
Step   248: OL 1160.0  328.4  OA  130.7  17.4 CL  130.7  17.4 nm  0.047 s
Step   255 updated high order loop gain: 0.382
Step   269: OL 1150.0  343.5  OA  124.6  18.2 CL  124.6  18.2 nm  0.047 s
Step   290: OL 1131.5  359.4  OA  125.5  24.9 CL  125.5  24.9 nm  0.050 s
Step   311: OL 1108.5  378.1  OA  123.7  16.3 CL  123.7  16.3 nm  0.046 s
Step   332: OL 1081.8  399.2  OA  124.6  14.0 CL  124.6  14.0 nm  0.055 s
Step   353: OL 1054.7  424.9  OA  124.4  27.1 CL  124.4  27.1 nm  0.047 s
Step   374: OL 1029.1  454.3  OA  120.6   4.7 CL  120.6   4.7 nm  0.045 s
Step   395: OL 1005.3  484.6  OA  124.2   3.2 CL  124.2   3.2 nm  0.049 s
Step   416: OL  981.9  514.2  OA  122.9  16.0 CL  122.9  16.0 nm  0.046 s
Step   438: OL  957.1  543.4  OA  121.4  13.7 CL  121.4  13.7 nm  0.045 s
Step   459: OL  937.0  570.8  OA  120.6  12.6 CL  120.6  12.6 nm  0.046 s
Step   480: OL  925.9  597.8  OA  125.9  21.0 CL  125.9  21.0 nm  0.045 s
Step   501: OL  924.9  623.2  OA  125.4  10.1 CL  125.4  10.1 nm  0.046 s
Step   511 updated high order loop gain: 0.344
Step   522: OL  929.9  644.7  OA  128.9   1.1 CL  128.9   1.1 nm  0.046 s
Step   543: OL  940.0  659.6  OA  124.4   4.4 CL  124.4   4.4 nm  0.054 s
Step   563: OL  955.2  667.5  OA  129.6  11.4 CL  129.6  11.4 nm  0.047 s
Step   584: OL  975.6  670.5  OA  118.9   9.7 CL  118.9   9.7 nm  0.045 s
Step   605: OL  999.7  667.4  OA  119.5  15.0 CL  119.5  15.0 nm  0.046 s
Step   621: OL 1018.9  660.1  OA  127.7  12.9 CL  127.7  12.9 nm  0.048 s
Step   642: OL 1043.2  645.4  OA  124.7  15.2 CL  124.7  15.2 nm  0.047 s
Step   663: OL 1064.5  626.0  OA  124.5   9.0 CL  124.5   9.0 nm  0.052 s
Step   684: OL 1083.4  604.2  OA  125.9   8.3 CL  125.9   8.3 nm  0.046 s
Step   705: OL 1099.0  580.8  OA  130.5  21.7 CL  130.5  21.7 nm  0.053 s
Step   726: OL 1108.1  555.0  OA  126.0  13.9 CL  126.0  13.9 nm  0.048 s
Step   745: OL 1109.3  531.6  OA  123.3   1.9 CL  123.3   1.9 nm  0.048 s
Step   766: OL 1103.4  506.7  OA  125.6   6.3 CL  125.6   6.3 nm  0.056 s
Step   767 updated high order loop gain: 0.327
Step   787: OL 1089.6  483.0  OA  128.5   4.9 CL  128.5   4.9 nm  0.046 s
Step   809: OL 1066.9  458.4  OA  128.6   6.8 CL  128.6   6.8 nm  0.047 s
Step   828: OL 1041.4  437.4  OA  121.7   7.7 CL  121.7   7.7 nm  0.046 s
Step   849: OL 1009.0  415.5  OA  127.4  17.6 CL  127.4  17.6 nm  0.045 s
Step   870: OL  975.4  396.2  OA  125.0  14.1 CL  125.0  14.1 nm  0.054 s
Step   891: OL  943.6  380.7  OA  127.6  12.5 CL  127.6  12.5 nm  0.046 s
Step   912: OL  909.7  368.2  OA  124.5   0.3 CL  124.5   0.3 nm  0.057 s
Step   933: OL  875.1  358.1  OA  125.5  13.1 CL  125.5  13.1 nm  0.049 s
Step   954: OL  842.6  348.0  OA  121.1   9.4 CL  121.1   9.4 nm  0.056 s
Step   976: OL  814.0  335.7  OA  125.8   9.9 CL  125.8   9.9 nm  0.048 s
Step   997: OL  792.4  321.8  OA  125.4  15.2 CL  125.4  15.2 nm  0.046 s
Step  1018: OL  774.3  306.0  OA  124.5   8.6 CL  124.5   8.6 nm  0.046 s
Step  1023 updated high order loop gain: 0.316
Step  1039: OL  760.6  289.2  OA  126.2   7.3 CL  126.2   7.3 nm  0.046 s
Step  1060: OL  749.0  270.1  OA  132.2  24.9 CL  132.2  24.9 nm  0.046 s
Step  1081: OL  740.3  247.1  OA  127.5  15.7 CL  127.5  15.7 nm  0.056 s
Step  1103: OL  737.0  222.3  OA  124.4  23.8 CL  124.4  23.8 nm  0.045 s
Step  1124: OL  737.3  201.9  OA  126.6  25.7 CL  126.6  25.7 nm  0.055 s
Step  1145: OL  738.8  186.4  OA  124.4  27.4 CL  124.4  27.4 nm  0.046 s
Step  1165: OL  740.5  176.2  OA  125.5  35.7 CL  125.5  35.7 nm  0.046 s
Step  1186: OL  742.8  170.1  OA  126.9  34.2 CL  126.9  34.2 nm  0.046 s
Step  1207: OL  747.1  165.9  OA  123.2  16.6 CL  123.2  16.6 nm  0.061 s
Step  1228: OL  751.3  163.8  OA  117.4   9.2 CL  117.4   9.2 nm  0.047 s
Step  1249: OL  753.5  166.1  OA  121.3  30.5 CL  121.3  30.5 nm  0.055 s
Step  1270: OL  756.4  174.0  OA  125.3  28.1 CL  125.3  28.1 nm  0.046 s
Step  1279 updated high order loop gain: 0.309
Step  1291: OL  761.5  185.9  OA  130.9  38.3 CL  130.9  38.3 nm  0.048 s
Step  1312: OL  767.5  200.7  OA  129.1  31.9 CL  129.1  31.9 nm  0.045 s
Step  1333: OL  773.9  218.1  OA  128.8  20.4 CL  128.8  20.4 nm  0.045 s
Step  1352: OL  782.9  235.3  OA  127.7  30.3 CL  127.7  30.3 nm  0.091 s
Step  1373: OL  796.8  252.0  OA  128.7  33.3 CL  128.7  33.3 nm  0.046 s
Step  1394: OL  813.8  263.8  OA  123.7  20.2 CL  123.7  20.2 nm  0.056 s
Step  1415: OL  834.5  271.3  OA  128.4  31.7 CL  128.4  31.7 nm  0.047 s
Step  1435: OL  855.5  276.0  OA  125.1  18.2 CL  125.1  18.2 nm  0.053 s
Step  1456: OL  876.4  279.1  OA  120.9  16.9 CL  120.9  16.9 nm  0.046 s
Step  1477: OL  892.7  278.6  OA  122.2  16.8 CL  122.2  16.8 nm  0.054 s
Step  1498: OL  900.2  273.5  OA  121.2   5.2 CL  121.2   5.2 nm  0.044 s
Step  1519: OL  899.5  264.5  OA  131.9  27.2 CL  131.9  27.2 nm  0.044 s
Step  1535 updated high order loop gain: 0.309
Step  1540: OL  892.6  252.4  OA  123.8   2.6 CL  123.8   2.6 nm  0.046 s
Step  1561: OL  882.0  238.5  OA  130.6  11.1 CL  130.6  11.1 nm  0.048 s
Step  1582: OL  870.0  226.5  OA  127.9   6.6 CL  127.9   6.6 nm  0.051 s
Step 1599: Output PSF
Step  1599: OL  858.1  219.2  OA  130.0   3.3 CL  130.0   3.3 nm  1.947 s
Mean: 125.62 18.86 124.20  nm.

*** Simulation Finished at 2025/02/12 00:11:47 in nid008652. ***

