Warning(sock.c:516): connect locally (/global/homes/b/bpeck/.aos/tmp/nid003517/scheduler) failed: Invalid argument. 
/global/u2/b/bpeck/work/vismcao/maos -o studies/reduced_ngs/8_lgs/8mag_lgs/4250count -c master_files/reduced_ngs/8_lgs/8mag_lgs/kola_4250act.conf -O 
Output folder is 'studies/reduced_ngs/8_lgs/8mag_lgs/4250count'.
SRC: /global/homes/b/bpeck/code/maos v2.9 4c88b7c2 2024-11-13 16:45:33 -0800
BUILT: /global/homes/b/bpeck/code/maos/optim by GCC (v12) on 2024/11/18 09:40:03 CPU(F64,+O3) with CUDA(v122,F32)
Launched at 2025/02/11 19:02:41 in nid003517 with PID 1950595.
The web based job monitor can be accessed at http://localhost:10300
Main config file is /global/u2/b/bpeck/work/vismcao/master_files/reduced_ngs/8_lgs/8mag_lgs/kola_4250act.conf
Warning(path.c:48): Path not found: path=/global/u2/b/bpeck/work/vismcao/master_files/reduced_ngs/8_lgs/8mag_lgs/bin; abspath=/global/u2/b/bpeck/work/vismcao/master_files/reduced_ngs/8_lgs/8mag_lgs/bin; Ignored.
Warning(path.c:48): Path not found: path=/global/u2/b/bpeck/work/vismcao/master_files/reduced_ngs/8_lgs/8mag_lgs/atm; abspath=/global/u2/b/bpeck/work/vismcao/master_files/reduced_ngs/8_lgs/8mag_lgs/atm; Ignored.
Warning(readcfg.c:399): sim.apfsm has been renamed to powfs.apfsm.
Warning(readcfg.c:399): sim.epfsm has been renamed to powfs.epfsm.
Warning(readcfg.c:399): sim.alfsm has been renamed to powfs.alfsm.
Warning(readcfg.c:399): sim.commonfsm has been renamed to powfs.commonfsm.
Warning(readcfg.c:399): sim.idealfsm has been renamed to powfs.idealfsm.
Warning(readcfg.c:399): sim.zetafsm has been renamed to powfs.zetafsm.
Warning(readcfg.c:399): sim.f0fsm has been renamed to powfs.f0fsm.
Warning(readcfg.c:399): tsurf has been renamed to ncpa.tsurf.
loaded 132 (132 new) records from '/global/u2/b/bpeck/work/vismcao/./keck_sim.conf'
loaded  19 ( 19 new) records from '/global/u2/b/bpeck/work/vismcao/./dm_none.conf'
loaded  19 (  0 new) records from '/global/u2/b/bpeck/work/vismcao/./keck_ASM.conf'
loaded  19 (  0 new) records from '/global/u2/b/bpeck/work/vismcao/./keck_DM2.conf'
loaded  19 (  0 new) records from '/global/u2/b/bpeck/work/vismcao/./keck_DM3.conf'
loaded   0 (  0 new) records from '/global/u2/b/bpeck/work/vismcao/./keck_dm_multiple.conf'
loaded   7 (  5 new) records from '/global/u2/b/bpeck/work/vismcao/./atm_mk13n50p_ground_detail.conf'
loaded  76 ( 69 new) records from '/global/homes/b/bpeck/code/maos/config/maos/powfs_common.conf'
loaded  44 ( 38 new) records from '/global/u2/b/bpeck/work/vismcao/./powfs_none.conf'
loaded  44 (  0 new) records from '/global/u2/b/bpeck/work/vismcao/./keck_shwfs_lgs.conf'
loaded  44 (  0 new) records from '/global/u2/b/bpeck/work/vismcao/./keck_shwfs_ttf_strap.conf'
loaded  44 (  0 new) records from '/global/u2/b/bpeck/work/vismcao/./keck_shwfs_twfs_lbwfs.conf'
loaded   0 (  0 new) records from '/global/u2/b/bpeck/work/vismcao/./keck_wfs_lgs_strap_lbwfs.conf'
loaded  71 ( 71 new) records from '/global/u2/b/bpeck/work/vismcao/./keck_recon.conf'
Warning(readcfg.c:399): dbg.na_smooth has been renamed to powfs0_llt.na_smooth.
Warning(readcfg.c:399): dbg.na_interp has been renamed to powfs0_llt.na_interp.
Warning(readcfg.c:399): dbg.na_thres has been renamed to powfs0_llt.na_thres.
Warning(readcfg.c:399): dbg.na_fit_maxit has been renamed to powfs0_llt.na_fit_maxit.
Warning(readcfg.c:399): dbg.na_fit_svdthres has been renamed to powfs0_llt.na_fit_svdthres.
Warning(readcfg.c:399): dbg.na_fit_dh has been renamed to powfs0_llt.na_fit_dh.
Warning(readcfg.c:399): dbg.ncpa_preload has been renamed to ncpa.preload.
Warning(readcfg.c:399): dbg.ncpa_rmsci has been renamed to ncpa.rmsci.
Warning(readcfg.c:399): dbg.draw_opdmax has been renamed to plot.opdmax.
Warning(readcfg.c:399): dbg.draw_gmax has been renamed to plot.gmax.
loaded  95 ( 93 new) records from '/global/u2/b/bpeck/work/vismcao/./keck_dbg.conf'
loaded   4 (  4 new) records from '/global/u2/b/bpeck/work/vismcao/./keck_fit_mcao.conf'
Warning(readcfg.c:399): surf has been renamed to ncpa.surf.
loaded  39 (  7 new) records from '/global/u2/b/bpeck/work/vismcao/master_files/reduced_ngs/8_lgs/8mag_lgs/kola_4250act.conf'
loaded   0 (  0 new) records from 'command line'
loaded  24 ( 18 new) records from '/global/u2/b/bpeck/work/vismcao/./keck_llt_CL.conf'
Adjust LGS range by telescope altitude 4145m.
Zenith angle is 30 degree.
    Scaling turbulence height and LGS hs by sec(za).
    Scaling r0 by cos(za)^(3/5).
    Scaling wind speed and LGS signal level by cos(za).
powfs0: Adjusting dx from 0.0078125 to 0.0075. 
powfs0.llt.fsm: f0=0 Hz, LPF ep=0
powfs0.epfsm is set to 0.517618 (auto)
powfs2: Adjusting dx from 0.03125 to 0.0312778. 
powfs2 is TWFS for powfs0
sim.ephi is set to 0.427717 (auto)
sim.eplo is set to 0.427717 (auto)
Warning(parms.c:2296): Layer 1 at 17.3205m is very close to layer 0 at 0m (OK).
Warning(parms.c:2296): Layer 2 at 34.641m is very close to layer 1 at 17.3205m (OK).
Warning(parms.c:2296): Layer 3 at 51.9615m is very close to layer 2 at 34.641m (OK).
dm 0: stroke=30 um is provided in micron.
dm 0: assume ia stroke=2 um is provided in micron.
dm 1: stroke=7 um is provided in micron.
dm 1: assume ia stroke=2 um is provided in micron.
dm 2: stroke=7 um is provided in micron.
dm 2: assume ia stroke=2 um is provided in micron.
Focus blending is not implemented yet for integrated tomography
parms->sim.mffocus is reset to 0
There are 1 valid simulation seeds:  1
Output PSF for 1 directions
Used 449 of 456 supplied keys
Warning(readcfg.c:158): key "dbg.pwfs_flate" is not recognized, value is 0
Warning(readcfg.c:158): key "dbg.pwfs_flatv" is not recognized, value is 0
Warning(readcfg.c:158): key "dbg.pwfs_psx" is not recognized, value is [0 0 0 0]
Warning(readcfg.c:158): key "dbg.pwfs_psy" is not recognized, value is [0 0 0 0]
Warning(readcfg.c:158): key "dbg.pwfs_pupelong" is not recognized, value is 0
Warning(readcfg.c:158): key "dbg.pwfs_raw" is not recognized, value is 0
Warning(readcfg.c:158): key "dbg.pwfs_side" is not recognized, value is 4
[00;00mAperture[00;00m is 11 m with sampling 1/128 m
[00;00mTurbulence at 30 degree zenith angle:[00;00m r0=0.128424m, L0=30m, 14 layers.
    Greenwood freq is 25.1Hz, anisoplanatic angle is 1.58 as
    Sampled 8192x8192 at 1/128m. wind dir is randomized.
    layer 0: ht=      0 m, wt= 0.302, ws=  4.8 m/s
    layer 1: ht=     17 m, wt= 0.154, ws=  5.0 m/s
    layer 2: ht=     35 m, wt= 0.041, ws=  5.4 m/s
    layer 3: ht=     52 m, wt= 0.002, ws=  6.6 m/s
    layer 4: ht=    139 m, wt= 0.021, ws=  6.1 m/s
    layer 5: ht=    231 m, wt= 0.010, ws=  6.1 m/s
    layer 6: ht=    323 m, wt= 0.008, ws=  6.1 m/s
    layer 7: ht=    416 m, wt= 0.005, ws=  6.1 m/s
    layer 8: ht=    508 m, wt= 0.001, ws=  6.1 m/s
    layer 9: ht=    932 m, wt= 0.107, ws=  5.6 m/s
    layer 10: ht=   5022 m, wt= 0.144, ws= 11.1 m/s
    layer 11: ht=   9238 m, wt= 0.093, ws= 19.1 m/s
    layer 12: ht=  13856 m, wt= 0.075, ws=  8.2 m/s
    layer 13: ht=  22518 m, wt= 0.036, ws=  4.8 m/s
[00;00mReconstruction[00;00m: r0=0.128424m L0=30m. 14 layers. use cone coordinate.
    layer 0: ht=      0 m, wt= 0.302
    layer 1: ht=     17 m, wt= 0.154
    layer 2: ht=     35 m, wt= 0.041
    layer 3: ht=     52 m, wt= 0.002
    layer 4: ht=    139 m, wt= 0.021
    layer 5: ht=    231 m, wt= 0.010
    layer 6: ht=    323 m, wt= 0.008
    layer 7: ht=    416 m, wt= 0.005
    layer 8: ht=    508 m, wt= 0.001
    layer 9: ht=    932 m, wt= 0.107
    layer 10: ht=   5022 m, wt= 0.144
    layer 11: ht=   9238 m, wt= 0.093
    layer 12: ht=  13856 m, wt= 0.075
    layer 13: ht=  22518 m, wt= 0.036
[00;00mThere are 3 powfs[00;00m
  powfs0: Order 74, LGS at 99.1 km. Sampling 1/133.333 m. Thres 30%. [00;00mT/T is removed in right hand side in tomography.[00;00m
    CCD image is 25x25 @ 500x500 mas, blur 27% (sigma), 1500Hz, wvl: [ 5.89e-07]
    Gtilt in reconstruction. Physical optics start at 0 with [00;00m'matched filter'[00;00m [00;00m(noisy)[00;00m
  powfs1: Order  2, NGS at inf km. Sampling 1/16 m. Thres 30%. 
    Ztilt in reconstruction. Geomtric optics start at 2 with ztilt [00;00m(noisy)[00;00m
  powfs2: Order 20, NGS at inf km. Sampling 1/31.9716 m. Thres 50%. 
    CCD image is 4x4 @ 1500x1500 mas, blur 0% (sigma), 0.015Hz, wvl: [ 7.2e-07]
    Gtilt in reconstruction. Geomtric optics start at 50 with gtilt Physical optics start at 0 with [00;00m'matched filter'[00;00m [00;00m(noisy)[00;00m
[00;00mThere are 12 wfs[00;00m
    wfs 0: type 0, at (  30.00,    0.00) arcsec,  99 km, siglev is 26.9784 bkgrnd is 0.1
    wfs 1: type 0, at (  21.21,   21.21) arcsec,  99 km, siglev is 26.9784 bkgrnd is 0.1
    wfs 2: type 0, at (   0.00,   30.00) arcsec,  99 km, siglev is 26.9784 bkgrnd is 0.1
    wfs 3: type 0, at ( -21.21,   21.21) arcsec,  99 km, siglev is 26.9784 bkgrnd is 0.1
    wfs 4: type 0, at ( -30.00,    0.00) arcsec,  99 km, siglev is 26.9784 bkgrnd is 0.1
    wfs 5: type 0, at ( -21.21,  -21.21) arcsec,  99 km, siglev is 26.9784 bkgrnd is 0.1
    wfs 6: type 0, at (   0.00,  -30.00) arcsec,  99 km, siglev is 26.9784 bkgrnd is 0.1
    wfs 7: type 0, at (  21.21,  -21.21) arcsec,  99 km, siglev is 26.9784 bkgrnd is 0.1
    wfs 8: type 1, at (   5.00,    8.66) arcsec, inf km, siglev is 42387.6 bkgrnd is 1.056
    wfs 9: type 1, at ( -10.00,    0.00) arcsec, inf km, siglev is 42387.6 bkgrnd is 1.056
    wfs 10: type 1, at (   5.00,   -8.66) arcsec, inf km, siglev is 42387.6 bkgrnd is 1.056
    wfs 11: type 2, at (   0.00,    0.00) arcsec, inf km, siglev is 4.1558e+06 bkgrnd is 0.001
[00;00mThere are 3 DMs[00;00m
  DM 0 at -0.1km, actuator pitch 0.15m, offset   0, with 30.000000 micron stroke.
    Normalized cubic influence function with inter-actuator coupling of 0.223
  DM 1 at    6km, actuator pitch 0.168m, offset   0, with 7.000000 micron stroke.
    Normalized cubic influence function with inter-actuator coupling of 0.223
  DM 2 at   10km, actuator pitch 0.168m, offset   0, with 7.000000 micron stroke.
    Normalized cubic influence function with inter-actuator coupling of 0.223
[00;00mTomography[00;00m is using CG, with [00;00mFourer Domain[00;00m preconditioner, [00;00m12[00;00m iterations, integrated tomo.
[00;00mDM Fitting [00;00mis using CG, with [00;00mNo[00;00m preconditioner, [00;00m10[00;00m iterations
[00;00mThere are 9 fit directions[00;00m
    Fit 0: weight is 0.444, at (   0.00,    0.00) arcsec
    Fit 1: weight is 0.111, at (  15.00,    0.00) arcsec
    Fit 2: weight is 0.111, at (   0.00,   15.00) arcsec
    Fit 3: weight is 0.111, at ( -15.00,    0.00) arcsec
    Fit 4: weight is 0.111, at (   0.00,  -15.00) arcsec
    Fit 5: weight is 0.028, at (  15.00,   15.00) arcsec
    Fit 6: weight is 0.028, at ( -15.00,   15.00) arcsec
    Fit 7: weight is 0.028, at ( -15.00,  -15.00) arcsec
    Fit 8: weight is 0.028, at (  15.00,  -15.00) arcsec
[00;00mThere are 1 evaluation directions[00;00m at sampling 1/128 m.
    Evl 0: weight is 1.000, at (   0.00,    0.00) arcsec
[00;00mSimulation[00;00m start at step 0, end at step 1600, with time step 1/1500s, [00;00mclose loop[00;00m.
After setup_parms:	120.5 MiB.
Warning(sock.c:516): connect locally (/global/homes/b/bpeck/.aos/tmp/nid003517/scheduler) failed: Invalid argument. 
CUDA: minimum memory requirement is 0.3GB
GPU 0 is NVIDIA A100-SXM4-40GB with arch 8.0, 38.9GB free, 39.3GB total device memory.
Using GPU 0
Use 1 GPUs for WFS Tomo Fit Evl

*** Preparation started at 2025/02/11 19:02:42 in nid003517. ***

Using OpenMP version 201511 with 128 threads
Reading aperture amplitude map from KECK.fits
Warning(accphi.c:477): 108390 points not covered by input screen
Warning(sock.c:516): connect locally (/global/homes/b/bpeck/.aos/tmp/nid003517/scheduler) failed: Invalid argument. 
 ->maos.c:447->setup.c:148->aper.c:74->utils.c:478->accphi.c:478
iwvl 0: Science PSF is using grid size of 2880. The PSF will sum to 6.95167232825486
iwvl 1: Science PSF is using grid size of 2880. The PSF will sum to 6.95167232825486
iwvl 2: Science PSF is using grid size of 2880. The PSF will sum to 6.95167232825486
iwvl 3: Science PSF is using grid size of 2880. The PSF will sum to 6.95167232825486
iwvl 4: Science PSF is using grid size of 2880. The PSF will sum to 6.95167232825486
iwvl 5: Science PSF is using grid size of 2880. The PSF will sum to 6.95167232825486
iwvl 6: Science PSF is using grid size of 2880. The PSF will sum to 6.95167232825486
iwvl 7: Science PSF is using grid size of 2880. The PSF will sum to 6.95167232825486
iwvl 8: Science PSF is using grid size of 2880. The PSF will sum to 6.95167232825486
After setup_aper:	344.5 MiB.

[00;00mSetting up powfs 0 geom[00;00m

There are 20 points in each subaperture of 0.15m.
There are 3300 valid subaperture.

[00;00mSetting up powfs 1 geom[00;00m

There are 88 points in each subaperture of 5.5m.
There are 4 valid subaperture.

[00;00mSetting up powfs 2 geom[00;00m

There are 18 points in each subaperture of 0.563m.
There are 236 valid subaperture.
After setup_powfs_init:	446.7 MiB.

[00;00mSetting up reconstructor geometry.[00;00m

PLOC is 151x151, with sampling of 0.07m (square)
    DM 0: grid is 77 x 77
    DM 1: grid is 75 x 75
    DM 2: grid is 81 x 81
FLOC is 151x151, with sampling of 0.07m (not square)
Tomography grid is square:
    layer 0: xloc grid is 280 x 280, sampling is 0.075 m, 78400 points
    layer 1: xloc grid is 280 x 280, sampling is 0.075 m, 78400 points
    layer 2: xloc grid is 280 x 280, sampling is 0.075 m, 78400 points
    layer 3: xloc grid is 280 x 280, sampling is 0.075 m, 78400 points
    layer 4: xloc grid is 280 x 280, sampling is 0.075 m, 78400 points
    layer 5: xloc grid is 280 x 280, sampling is 0.075 m, 78400 points
    layer 6: xloc grid is 280 x 280, sampling is 0.075 m, 78400 points
    layer 7: xloc grid is 280 x 280, sampling is 0.075 m, 78400 points
    layer 8: xloc grid is 280 x 280, sampling is 0.075 m, 78400 points
    layer 9: xloc grid is 280 x 280, sampling is 0.074 m, 78400 points
    layer 10: xloc grid is 280 x 280, sampling is 0.071 m, 78400 points
    layer 11: xloc grid is 280 x 280, sampling is 0.068 m, 78400 points
    layer 12: xloc grid is 280 x 280, sampling is 0.065 m, 78400 points
    layer 13: xloc grid is 280 x 280, sampling is 0.058 m, 78400 points

[00;00mSetting up powfs 0 PO WFS[00;00m

OTF dimension is 40x40 (calculated)
Uplink FWHM (illt 0, iwvl 0) is 0.576822"
Downlink FWHM (illt 0, iwvl 0) is 1.3294"
Generating matched filter for powfs 0
sa index   location       noise equivalent angle
    1648: (  4.8,  -0.1) m, (153.28, 147.67) mas
    1641: (  3.8,  -0.1) m, (162.87, 149.46) mas
    1634: (  2.7,  -0.1) m, (174.67, 151.70) mas
    1626: (  1.5,  -0.1) m, (189.26, 154.46) mas
    1625: (  1.3,  -0.1) m, (191.02, 154.79) mas
    1171: ( -0.6,  -1.3) m, (220.27, 162.54) mas
    1620: ( -1.8,  -0.1) m, (238.63, 162.08) mas
    1613: ( -2.9,  -0.1) m, (258.46, 164.30) mas
    1606: ( -3.9,  -0.1) m, (282.69, 166.46) mas
    1598: ( -5.1,  -0.1) m, (316.03, 168.77) mas
    1596: ( -5.4,  -0.1) m, (325.87, 169.40) mas
sa index   location       noise equivalent angle
    2721: (  2.7,   2.7) m, (156.02, 156.02) mas
    2451: (  1.9,   1.9) m, (174.40, 174.81) mas
    2075: (  1.1,   1.1) m, (174.93, 174.93) mas
    2018: (  0.9,   0.9) m, (176.79, 176.79) mas
    1235: (  0.6,  -1.2) m, (192.82, 215.34) mas
    1229: ( -1.2,  -1.2) m, (209.33, 209.33) mas
     914: ( -1.9,  -1.9) m, (222.50, 222.50) mas
     636: ( -2.7,  -2.7) m, (235.11, 235.11) mas
     373: ( -3.4,  -3.4) m, (251.13, 251.51) mas
     119: ( -3.0,  -4.3) m, (240.65, 264.67) mas
sa index   location       noise equivalent angle
    3039: (  0.0,   3.8) m, (153.83, 166.88) mas
    2703: (  0.0,   2.7) m, (156.17, 179.03) mas
    2254: (  0.0,   1.5) m, (159.06, 194.02) mas
    2192: (  0.0,   1.3) m, (159.40, 195.82) mas
    1448: ( -1.3,  -0.6) m, (162.54, 220.27) mas
     989: (  0.0,  -1.8) m, (167.06, 244.66) mas
     602: (  0.0,  -2.9) m, (169.40, 265.11) mas
     265: (  0.0,  -3.9) m, (171.68, 290.16) mas
      97: (  0.0,  -4.5) m, (172.94, 306.85) mas
      10: (  2.2,  -5.0) m, (184.26, 327.81) mas
sa index   location       noise equivalent angle
    2684: ( -2.9,   2.7) m, (156.02, 156.02) mas
    2424: ( -2.1,   1.9) m, (174.86, 175.98) mas
    2066: ( -1.2,   1.1) m, (174.93, 174.93) mas
    2015: ( -1.1,   0.9) m, (176.79, 176.79) mas
    1232: ( -0.8,  -1.2) m, (196.50, 219.13) mas
    1238: (  1.1,  -1.2) m, (209.33, 209.33) mas
     939: (  1.8,  -1.9) m, (222.00, 222.00) mas
     671: (  2.5,  -2.7) m, (235.11, 235.11) mas
     418: (  3.3,  -3.4) m, (253.03, 253.77) mas
     158: (  2.9,  -4.3) m, (240.65, 264.67) mas
sa index   location       noise equivalent angle
    1599: ( -5.0,  -0.1) m, (153.28, 147.67) mas
    1606: ( -3.9,  -0.1) m, (162.87, 149.46) mas
    1613: ( -2.9,  -0.1) m, (174.67, 151.70) mas
    1621: ( -1.6,  -0.1) m, (189.26, 154.46) mas
    1622: ( -1.5,  -0.1) m, (191.02, 154.79) mas
    1178: (  0.4,  -1.3) m, (220.27, 162.54) mas
    1627: (  1.6,  -0.1) m, (238.63, 162.08) mas
    1634: (  2.7,  -0.1) m, (258.46, 164.30) mas
    1641: (  3.8,  -0.1) m, (282.69, 166.46) mas
    1649: (  5.0,  -0.1) m, (316.03, 168.77) mas
    1651: (  5.2,  -0.1) m, (325.87, 169.40) mas
sa index   location       noise equivalent angle
     373: ( -3.4,  -3.4) m, (152.35, 152.57) mas
     636: ( -2.7,  -2.7) m, (157.33, 157.33) mas
     914: ( -1.9,  -1.9) m, (166.01, 166.02) mas
    1286: ( -1.1,  -1.1) m, (176.79, 176.79) mas
    2069: ( -0.8,   1.1) m, (190.80, 213.29) mas
    2018: (  0.9,   0.9) m, (206.92, 206.92) mas
    2138: (  1.2,   1.2) m, (211.56, 211.56) mas
    2451: (  1.9,   1.9) m, (238.70, 238.90) mas
    2721: (  2.7,   2.7) m, (237.52, 237.52) mas
    3184: (  2.9,   4.2) m, (240.65, 264.67) mas
sa index   location       noise equivalent angle
     265: (  0.0,  -3.9) m, (153.83, 166.88) mas
     602: (  0.0,  -2.9) m, (156.17, 179.03) mas
    1051: (  0.0,  -1.6) m, (159.06, 194.02) mas
    1113: (  0.0,  -1.5) m, (159.40, 195.82) mas
    1857: (  1.2,   0.4) m, (162.54, 220.27) mas
    2316: (  0.0,   1.6) m, (167.06, 244.66) mas
    2703: (  0.0,   2.7) m, (169.40, 265.11) mas
    3039: (  0.0,   3.8) m, (171.68, 290.16) mas
    3207: (  0.0,   4.3) m, (172.94, 306.85) mas
sa index   location       noise equivalent angle
     418: (  3.3,  -3.4) m, (153.52, 153.94) mas
     671: (  2.5,  -2.7) m, (157.33, 157.33) mas
     939: (  1.8,  -1.9) m, (165.67, 165.68) mas
    1289: (  0.9,  -1.1) m, (176.79, 176.79) mas
    2072: (  0.6,   1.1) m, (188.38, 210.81) mas
    2015: ( -1.1,   0.9) m, (206.92, 206.92) mas
    2121: ( -1.3,   1.2) m, (211.56, 211.56) mas
    2424: ( -2.1,   1.9) m, (239.18, 240.35) mas
    2684: ( -2.9,   2.7) m, (237.52, 237.52) mas
    3145: ( -3.0,   4.2) m, (240.65, 264.67) mas

[00;00mSetting up powfs 2 PO WFS[00;00m

OTF dimension is 48x48 (calculated)
Generating matched filter for powfs 2
Use sanea to derive neasim
Use sanea to derive neasim

[00;00mSetting up reconstructor[00;00m

Recon NEA: cmf(200.76) cmf(201.63) cmf(200.81) cmf(201.66) cmf(200.79) cmf(201.61) cmf(200.74) cmf(201.59) geom(0.31) geom(0.31) geom(0.31) mf(0.14)  mas
Setup or update control matrix parameters.
RRtwfs svd threshold is 1e-10
Replacing HA by HA*fit->actextrap
Adding piston cr to fit matrix
Adding TT cr on upper DMs to fit matrix.
Before assembling fit matrix:	5107.2 MiB.
Building fit->FR
Building fit->FL
Adding tikhonov constraint of 1.0e-07 to FLM
The maximum eigen value is estimated to be around 2.7e-04
DM Fit number of Low rank terms: 16 in LHS
After assemble fit matrix:	6960.4 MiB.
After setup_recon:	6960.4 MiB.
GPU 0: mem used 1658 MB (wfs init)
GPU 0: mem used 2830 MB (recon init)
GPU 0: mem used 2860 MB (perf init)

*** Simulation started at 2025/02/11 19:04:24 in nid003517. ***

Running seed 1
GPU 0: mem used 2860 MB (wfs seeding)
Wind dir: 267.3 261.7 167.0 130.5 300.7  32.3 119.8 139.0 150.8 277.7 203.0 133.1  45.9 265.1 deg
Using /global/homes/b/bpeck/.aos/cache/atm/vonkarman_14_8192x8192_0.0078125_1115374592d.bin
After genatm:	6818.5 MiB.
Step     #  Open Loop  PR TT  On axis  PR TT  Field RMS PR TT     Timing 
Step     0: OL  884.6  248.3  OA  884.6 248.3 CL  884.6 248.3 nm  0.122 s
Step     9: OL  898.4  251.9  OA  230.8 164.6 CL  230.8 164.6 nm  0.066 s
Step    24: OL  922.2  257.0  OA  121.6  12.5 CL  121.6  12.5 nm  0.088 s
Step    38: OL  943.9  260.2  OA  120.8  21.1 CL  120.8  21.1 nm  0.075 s
Step    52: OL  964.6  261.1  OA  116.8  31.8 CL  116.8  31.8 nm  0.076 s
Step    65: OL  984.0  260.3  OA  120.4  15.5 CL  120.4  15.5 nm  0.075 s
Step    79: OL 1005.1  258.8  OA  124.2  27.7 CL  124.2  27.7 nm  0.079 s
Step    93: OL 1026.6  257.7  OA  119.9  19.5 CL  119.9  19.5 nm  0.074 s
Step   107: OL 1048.0  257.5  OA  117.0  15.0 CL  117.0  15.0 nm  0.075 s
Step   121: OL 1069.2  258.6  OA  116.2  14.8 CL  116.2  14.8 nm  0.077 s
Step   134: OL 1087.5  261.4  OA  122.4  16.4 CL  122.4  16.4 nm  0.083 s
Step   148: OL 1106.1  266.5  OA  122.8  44.9 CL  122.8  44.9 nm  0.074 s
Step   161: OL 1121.0  272.7  OA  118.8  16.6 CL  118.8  16.6 nm  0.082 s
Step   175: OL 1134.8  280.8  OA  124.1  14.9 CL  124.1  14.9 nm  0.077 s
Step   189: OL 1145.4  289.8  OA  124.0  36.0 CL  124.0  36.0 nm  0.082 s
Step   203: OL 1153.1  298.8  OA  111.2  23.9 CL  111.2  23.9 nm  0.074 s
Step   217: OL 1158.6  307.7  OA  114.8  19.9 CL  114.8  19.9 nm  0.078 s
Step   230: OL 1161.1  316.1  OA  116.7  36.0 CL  116.7  36.0 nm  0.074 s
Step   243: OL 1161.2  324.9  OA  115.9  32.9 CL  115.9  32.9 nm  0.081 s
Step   255 updated high order loop gain: 0.353
Step   256: OL 1157.7  334.2  OA  119.6  40.4 CL  119.6  40.4 nm  0.080 s
Step   269: OL 1150.2  343.5  OA  118.3  36.7 CL  118.3  36.7 nm  0.075 s
Step   282: OL 1139.4  353.0  OA  121.5  43.0 CL  121.5  43.0 nm  0.101 s
Step   296: OL 1125.3  364.5  OA  118.1  35.4 CL  118.1  35.4 nm  0.074 s
Step   309: OL 1111.1  376.2  OA  120.1  40.6 CL  120.1  40.6 nm  0.085 s
Step   323: OL 1093.5  389.6  OA  116.6  31.2 CL  116.6  31.2 nm  0.075 s
Step   336: OL 1076.2  403.7  OA  112.2  14.8 CL  112.2  14.8 nm  0.082 s
Step   350: OL 1057.8  420.9  OA  108.2  16.6 CL  108.2  16.6 nm  0.074 s
Step   364: OL 1040.1  440.0  OA  111.5  19.1 CL  111.5  19.1 nm  0.081 s
Step   378: OL 1023.6  460.0  OA  115.4  15.2 CL  115.4  15.2 nm  0.075 s
Step   391: OL 1009.2  478.9  OA  113.9   5.9 CL  113.9   5.9 nm  0.086 s
Step   405: OL  993.7  498.9  OA  116.7  27.9 CL  116.7  27.9 nm  0.073 s
Step   418: OL  979.1  516.8  OA  114.7  27.6 CL  114.7  27.6 nm  0.081 s
Step   432: OL  963.1  535.5  OA  113.4  10.7 CL  113.4  10.7 nm  0.073 s
Step   446: OL  948.2  553.8  OA  119.0  14.3 CL  119.0  14.3 nm  0.081 s
Step   459: OL  936.6  570.8  OA  117.1  34.6 CL  117.1  34.6 nm  0.073 s
Step   473: OL  927.9  588.9  OA  115.2  20.6 CL  115.2  20.6 nm  0.085 s
Step 479, DM 2: 1 actuators over ia limit. trials=2: success.
Step 480, DM 2: 1 actuators over ia limit. trials=2: success.
Step 481, DM 2: 1 actuators over ia limit. trials=2: success.
Step 482, DM 2: 1 actuators over ia limit. trials=2: success.
Step 483, DM 2: 1 actuators over ia limit. trials=2: success.
Step 484, DM 2: 1 actuators over ia limit. trials=2: success.
Step 485, DM 2: 1 actuators over ia limit. trials=2: success.
Step 486, DM 2: 1 actuators over ia limit. trials=2: success.
Step   487: OL  924.3  606.5  OA  120.2  34.8 CL  120.2  34.8 nm  0.077 s
Step 487, DM 2: 1 actuators over ia limit. trials=2: success.
Step 488, DM 2: 1 actuators over ia limit. trials=2: success.
Step 489, DM 2: 1 actuators over ia limit. trials=2: success.
Step 490, DM 2: 1 actuators over ia limit. trials=2: success.
Step 491, DM 2: 1 actuators over ia limit. trials=2: success.
Step 492, DM 2: 1 actuators over ia limit. trials=2: success.
Step 493, DM 2: 1 actuators over ia limit. trials=2: success.
Step 494, DM 2: 1 actuators over ia limit. trials=2: success.
Step 495, DM 2: 1 actuators over ia limit. trials=2: success.
Step 496, DM 2: 1 actuators over ia limit. trials=2: success.
Step 497, DM 2: 1 actuators over ia limit. trials=2: success.
Step 498, DM 2: 1 actuators over ia limit. trials=2: success.
Step 499, DM 2: 1 actuators over ia limit. trials=2: success.
Step 500, DM 2: 1 actuators over ia limit. trials=2: success.
Step   501: OL  924.7  623.2  OA  116.7  18.8 CL  116.7  18.8 nm  0.077 s
Step 501, DM 2: 1 actuators over ia limit. trials=2: success.
Step 502, DM 2: 1 actuators over ia limit. trials=2: success.
Step 503, DM 2: 1 actuators over ia limit. trials=2: success.
Step 504, DM 2: 1 actuators over ia limit. trials=2: success.
Step 505, DM 2: 1 actuators over ia limit. trials=2: success.
Step 506, DM 2: 1 actuators over ia limit. trials=2: success.
Step 507, DM 2: 1 actuators over ia limit. trials=2: success.
Step 508, DM 2: 1 actuators over ia limit. trials=2: success.
Step 509, DM 2: 1 actuators over ia limit. trials=2: success.
Step 510, DM 2: 1 actuators over ia limit. trials=2: success.
Step   511 updated high order loop gain: 0.313
Step 511, DM 2: 1 actuators over ia limit. trials=2: success.
Step 512, DM 2: 1 actuators over ia limit. trials=2: success.
Step 513, DM 2: 1 actuators over ia limit. trials=2: success.
Step 514, DM 2: 1 actuators over ia limit. trials=2: success.
Step   515: OL  927.6  638.1  OA  119.8  26.4 CL  119.8  26.4 nm  0.076 s
Step 515, DM 2: 1 actuators over ia limit. trials=2: success.
Step 516, DM 2: 1 actuators over ia limit. trials=2: success.
Step 517, DM 2: 1 actuators over ia limit. trials=2: success.
Step 518, DM 2: 1 actuators over ia limit. trials=2: success.
Step 519, DM 2: 1 actuators over ia limit. trials=2: success.
Step 520, DM 2: 1 actuators over ia limit. trials=2: success.
Step 521, DM 2: 1 actuators over ia limit. trials=2: success.
Step 522, DM 2: 1 actuators over ia limit. trials=2: success.
Step 523, DM 2: 1 actuators over ia limit. trials=2: success.
Step 524, DM 2: 1 actuators over ia limit. trials=2: success.
Step 525, DM 2: 1 actuators over ia limit. trials=2: success.
Step 526, DM 2: 1 actuators over ia limit. trials=2: success.
Step 527, DM 2: 1 actuators over ia limit. trials=2: success.
Step   528: OL  932.3  649.7  OA  119.3  12.1 CL  119.3  12.1 nm  0.095 s
Step 528, DM 2: 1 actuators over ia limit. trials=2: success.
Step 529, DM 2: 1 actuators over ia limit. trials=2: success.
Step 530, DM 2: 1 actuators over ia limit. trials=2: success.
Step 531, DM 2: 1 actuators over ia limit. trials=2: success.
Step 532, DM 2: 1 actuators over ia limit. trials=2: success.
Step 533, DM 2: 1 actuators over ia limit. trials=2: success.
Step 534, DM 2: 1 actuators over ia limit. trials=2: success.
Step 535, DM 2: 1 actuators over ia limit. trials=2: success.
Step 536, DM 2: 1 actuators over ia limit. trials=2: success.
Step 537, DM 2: 1 actuators over ia limit. trials=2: success.
Step 538, DM 2: 1 actuators over ia limit. trials=2: success.
Step 539, DM 2: 1 actuators over ia limit. trials=2: success.
Step   541: OL  938.9  658.5  OA  113.6  19.4 CL  113.6  19.4 nm  0.111 s
Step   555: OL  948.8  665.0  OA  111.6  14.3 CL  111.6  14.3 nm  0.081 s
Step   569: OL  960.9  668.9  OA  110.0  11.8 CL  110.0  11.8 nm  0.074 s
Step   583: OL  974.8  670.5  OA  109.2  16.4 CL  109.2  16.4 nm  0.074 s
Step   597: OL  990.5  669.5  OA  112.2  13.4 CL  112.2  13.4 nm  0.075 s
Step   611: OL 1006.9  665.2  OA  119.1  24.3 CL  119.1  24.3 nm  0.075 s
Step   625: OL 1023.6  657.9  OA  111.6   5.8 CL  111.6   5.8 nm  0.090 s
Step   639: OL 1039.6  647.9  OA  108.2  10.0 CL  108.2  10.0 nm  0.075 s
Step   653: OL 1054.1  635.8  OA  115.1   3.4 CL  115.1   3.4 nm  0.075 s
Step   666: OL 1066.5  623.0  OA  112.2   6.4 CL  112.2   6.4 nm  0.075 s
Step   680: OL 1078.7  608.4  OA  113.0  10.8 CL  113.0  10.8 nm  0.076 s
Step   693: OL 1089.3  594.7  OA  112.9   9.6 CL  112.9   9.6 nm  0.079 s
Step   707: OL 1098.4  578.6  OA  113.3   3.9 CL  113.3   3.9 nm  0.074 s
Step   721: OL 1104.3  561.4  OA  113.9  16.7 CL  113.9  16.7 nm  0.074 s
Step   735: OL 1106.9  544.1  OA  110.6  22.5 CL  110.6  22.5 nm  0.075 s
Step   749: OL 1105.8  526.8  OA  113.9   9.8 CL  113.9   9.8 nm  0.072 s
Step   763: OL 1101.4  510.3  OA  115.8  25.1 CL  115.8  25.1 nm  0.081 s
Step   767 updated high order loop gain: 0.293
Step   776: OL 1094.4  495.5  OA  117.4  19.2 CL  117.4  19.2 nm  0.076 s
Step   789: OL 1083.9  480.9  OA  114.1  11.5 CL  114.1  11.5 nm  0.076 s
Step   803: OL 1069.5  465.2  OA  113.2  12.0 CL  113.2  12.0 nm  0.077 s
Step   817: OL 1052.6  449.6  OA  114.3  16.0 CL  114.3  16.0 nm  0.076 s
Step   831: OL 1032.7  434.3  OA  115.9  13.0 CL  115.9  13.0 nm  0.071 s
Step   843: OL 1014.2  421.6  OA  115.4  14.1 CL  115.4  14.1 nm  0.074 s
Step   857: OL  992.1  407.8  OA  111.2   4.1 CL  111.2   4.1 nm  0.075 s
Step   871: OL  970.0  395.6  OA  114.1  21.3 CL  114.1  21.3 nm  0.076 s
Step   885: OL  949.2  384.9  OA  116.4  18.3 CL  116.4  18.3 nm  0.073 s
Step   899: OL  928.1  375.6  OA  112.1  16.8 CL  112.1  16.8 nm  0.082 s
Step   913: OL  905.7  367.8  OA  112.3  14.9 CL  112.3  14.9 nm  0.074 s
Step   926: OL  884.9  361.6  OA  110.0  12.4 CL  110.0  12.4 nm  0.079 s
Step   939: OL  864.5  355.4  OA  107.6  14.7 CL  107.6  14.7 nm  0.076 s
Step   953: OL  843.5  348.6  OA  107.2   5.4 CL  107.2   5.4 nm  0.074 s
Step   967: OL  824.7  341.1  OA  106.8  16.9 CL  106.8  16.9 nm  0.074 s
Step   981: OL  808.5  332.7  OA  110.9   6.1 CL  110.9   6.1 nm  0.074 s
Step   995: OL  794.5  323.3  OA  109.9  13.6 CL  109.9  13.6 nm  0.076 s
Step  1009: OL  781.5  312.8  OA  107.3   4.8 CL  107.3   4.8 nm  0.084 s
Step  1022: OL  771.1  302.9  OA  109.4  10.2 CL  109.4  10.2 nm  0.074 s
Step  1023 updated high order loop gain: 0.280
Step  1036: OL  761.7  291.7  OA  112.9   9.9 CL  112.9   9.9 nm  0.078 s
Step  1049: OL  753.9  280.4  OA  110.4  10.2 CL  110.4  10.2 nm  0.076 s
Step  1063: OL  745.6  267.0  OA  114.6  12.8 CL  114.6  12.8 nm  0.105 s
Step  1077: OL  739.1  251.7  OA  112.0  24.1 CL  112.0  24.1 nm  0.076 s
Step  1091: OL  735.2  235.4  OA  113.1  10.1 CL  113.1  10.1 nm  0.086 s
Step  1105: OL  733.3  220.1  OA  110.0  11.3 CL  110.0  11.3 nm  0.075 s
Step  1119: OL  732.7  206.2  OA  109.6  15.5 CL  109.6  15.5 nm  0.072 s
Step  1133: OL  733.0  194.6  OA  106.4  26.4 CL  106.4  26.4 nm  0.075 s
Step  1147: OL  733.6  185.0  OA  105.2  17.3 CL  105.2  17.3 nm  0.072 s
Step  1161: OL  734.1  177.6  OA  104.7  11.1 CL  104.7  11.1 nm  0.075 s
Step  1175: OL  734.8  172.6  OA  108.2  14.8 CL  108.2  14.8 nm  0.074 s
Step  1188: OL  737.0  169.5  OA  102.6  11.6 CL  102.6  11.6 nm  0.074 s
Step  1201: OL  740.0  166.8  OA  107.7  12.3 CL  107.7  12.3 nm  0.078 s
Step  1215: OL  743.3  164.4  OA  104.3  14.6 CL  104.3  14.6 nm  0.075 s
Step  1229: OL  746.8  163.5  OA  106.5  14.9 CL  106.5  14.9 nm  0.116 s
Step  1243: OL  749.3  164.6  OA  106.7  23.8 CL  106.7  23.8 nm  0.073 s
Step  1256: OL  751.8  167.9  OA  109.8  30.8 CL  109.8  30.8 nm  0.083 s
Step  1270: OL  755.2  173.8  OA  111.1  28.3 CL  111.1  28.3 nm  0.076 s
Step  1279 updated high order loop gain: 0.276
Step  1283: OL  759.4  180.8  OA  112.5  33.0 CL  112.5  33.0 nm  0.075 s
Step  1297: OL  765.0  189.6  OA  110.3  21.1 CL  110.3  21.1 nm  0.074 s
Step  1310: OL  769.9  198.9  OA  111.7  29.8 CL  111.7  29.8 nm  0.079 s
Step  1323: OL  774.6  209.2  OA  114.7  34.2 CL  114.7  34.2 nm  0.077 s
Step  1336: OL  780.1  220.6  OA  109.8  22.5 CL  109.8  22.5 nm  0.085 s
Step  1350: OL  787.6  233.4  OA  112.3  29.4 CL  112.3  29.4 nm  0.075 s
Step  1364: OL  796.9  245.3  OA  110.9  33.1 CL  110.9  33.1 nm  0.080 s
Step  1378: OL  807.2  255.1  OA  110.0  37.5 CL  110.0  37.5 nm  0.075 s
Step  1392: OL  818.5  262.8  OA  108.9  32.3 CL  108.9  32.3 nm  0.083 s
Step  1406: OL  831.1  268.5  OA  109.7  22.9 CL  109.7  22.9 nm  0.123 s
Step  1420: OL  844.8  272.5  OA  109.8  19.3 CL  109.8  19.3 nm  0.075 s
Step  1434: OL  858.5  275.7  OA  109.2  19.4 CL  109.2  19.4 nm  0.081 s
Step  1448: OL  871.3  278.2  OA  108.1  22.4 CL  108.1  22.4 nm  0.076 s
Step  1461: OL  882.1  279.4  OA  106.6   9.6 CL  106.6   9.6 nm  0.084 s
Step  1475: OL  891.1  278.9  OA  106.0   9.6 CL  106.0   9.6 nm  0.075 s
Step  1489: OL  896.0  276.3  OA  103.7  10.6 CL  103.7  10.6 nm  0.085 s
Step  1503: OL  897.1  271.7  OA  106.9  13.9 CL  106.9  13.9 nm  0.072 s
Step  1517: OL  895.3  265.5  OA  109.6  19.0 CL  109.6  19.0 nm  0.074 s
Step  1531: OL  890.5  258.1  OA  105.3  14.3 CL  105.3  14.3 nm  0.074 s
Step  1535 updated high order loop gain: 0.270
Step  1545: OL  883.5  249.3  OA  105.0  10.8 CL  105.0  10.8 nm  0.074 s
Step  1559: OL  876.0  239.9  OA  106.8  14.5 CL  106.8  14.5 nm  0.075 s
Step  1572: OL  868.8  232.0  OA  108.5  14.3 CL  108.5  14.3 nm  0.074 s
Step  1585: OL  860.8  225.3  OA  110.7   4.8 CL  110.7   4.8 nm  0.084 s
Step 1599: Output PSF
Step  1599: OL  851.4  219.3  OA  113.4  16.6 CL  113.4  16.6 nm  1.287 s
Mean: 111.69 19.22 110.03  nm.

*** Simulation Finished at 2025/02/11 19:06:36 in nid003517. ***

