Warning(sock.c:516): connect locally (/global/homes/b/bpeck/.aos/tmp/nid008652/scheduler) failed: Invalid argument. 
/global/u2/b/bpeck/work/vismcao/maos -o studies/reduced_ngs/6_lgs/8mag_lgs/1250count -c master_files/reduced_ngs/6_lgs/8mag_lgs/kola_1250act.conf -O 
Output folder is 'studies/reduced_ngs/6_lgs/8mag_lgs/1250count'.
SRC: /global/homes/b/bpeck/code/maos v2.9 4c88b7c2 2024-11-13 16:45:33 -0800
BUILT: /global/homes/b/bpeck/code/maos/optim by GCC (v12) on 2024/11/18 09:40:03 CPU(F64,+O3) with CUDA(v122,F32)
Launched at 2025/02/11 23:50:50 in nid008652 with PID 768941.
The web based job monitor can be accessed at http://localhost:10300
Main config file is /global/u2/b/bpeck/work/vismcao/master_files/reduced_ngs/6_lgs/8mag_lgs/kola_1250act.conf
Warning(path.c:48): Path not found: path=/global/u2/b/bpeck/work/vismcao/master_files/reduced_ngs/6_lgs/8mag_lgs/bin; abspath=/global/u2/b/bpeck/work/vismcao/master_files/reduced_ngs/6_lgs/8mag_lgs/bin; Ignored.
Warning(path.c:48): Path not found: path=/global/u2/b/bpeck/work/vismcao/master_files/reduced_ngs/6_lgs/8mag_lgs/atm; abspath=/global/u2/b/bpeck/work/vismcao/master_files/reduced_ngs/6_lgs/8mag_lgs/atm; Ignored.
Warning(readcfg.c:399): sim.apfsm has been renamed to powfs.apfsm.
Warning(readcfg.c:399): sim.epfsm has been renamed to powfs.epfsm.
Warning(readcfg.c:399): sim.alfsm has been renamed to powfs.alfsm.
Warning(readcfg.c:399): sim.commonfsm has been renamed to powfs.commonfsm.
Warning(readcfg.c:399): sim.idealfsm has been renamed to powfs.idealfsm.
Warning(readcfg.c:399): sim.zetafsm has been renamed to powfs.zetafsm.
Warning(readcfg.c:399): sim.f0fsm has been renamed to powfs.f0fsm.
Warning(readcfg.c:399): tsurf has been renamed to ncpa.tsurf.
loaded 132 (132 new) records from '/global/u2/b/bpeck/work/vismcao/./keck_sim.conf'
loaded  19 ( 19 new) records from '/global/u2/b/bpeck/work/vismcao/./dm_none.conf'
loaded  19 (  0 new) records from '/global/u2/b/bpeck/work/vismcao/./keck_ASM.conf'
loaded  19 (  0 new) records from '/global/u2/b/bpeck/work/vismcao/./keck_DM2.conf'
loaded  19 (  0 new) records from '/global/u2/b/bpeck/work/vismcao/./keck_DM3.conf'
loaded   0 (  0 new) records from '/global/u2/b/bpeck/work/vismcao/./keck_dm_multiple.conf'
loaded   7 (  5 new) records from '/global/u2/b/bpeck/work/vismcao/./atm_mk13n50p_ground_detail.conf'
loaded  76 ( 69 new) records from '/global/homes/b/bpeck/code/maos/config/maos/powfs_common.conf'
loaded  44 ( 38 new) records from '/global/u2/b/bpeck/work/vismcao/./powfs_none.conf'
loaded  44 (  0 new) records from '/global/u2/b/bpeck/work/vismcao/./keck_shwfs_lgs.conf'
loaded  44 (  0 new) records from '/global/u2/b/bpeck/work/vismcao/./keck_shwfs_ttf_strap.conf'
loaded  44 (  0 new) records from '/global/u2/b/bpeck/work/vismcao/./keck_shwfs_twfs_lbwfs.conf'
loaded   0 (  0 new) records from '/global/u2/b/bpeck/work/vismcao/./keck_wfs_lgs_strap_lbwfs.conf'
loaded  71 ( 71 new) records from '/global/u2/b/bpeck/work/vismcao/./keck_recon.conf'
Warning(readcfg.c:399): dbg.na_smooth has been renamed to powfs0_llt.na_smooth.
Warning(readcfg.c:399): dbg.na_interp has been renamed to powfs0_llt.na_interp.
Warning(readcfg.c:399): dbg.na_thres has been renamed to powfs0_llt.na_thres.
Warning(readcfg.c:399): dbg.na_fit_maxit has been renamed to powfs0_llt.na_fit_maxit.
Warning(readcfg.c:399): dbg.na_fit_svdthres has been renamed to powfs0_llt.na_fit_svdthres.
Warning(readcfg.c:399): dbg.na_fit_dh has been renamed to powfs0_llt.na_fit_dh.
Warning(readcfg.c:399): dbg.ncpa_preload has been renamed to ncpa.preload.
Warning(readcfg.c:399): dbg.ncpa_rmsci has been renamed to ncpa.rmsci.
Warning(readcfg.c:399): dbg.draw_opdmax has been renamed to plot.opdmax.
Warning(readcfg.c:399): dbg.draw_gmax has been renamed to plot.gmax.
loaded  95 ( 93 new) records from '/global/u2/b/bpeck/work/vismcao/./keck_dbg.conf'
loaded   4 (  4 new) records from '/global/u2/b/bpeck/work/vismcao/./keck_fit_mcao.conf'
Warning(readcfg.c:399): surf has been renamed to ncpa.surf.
loaded  39 (  7 new) records from '/global/u2/b/bpeck/work/vismcao/master_files/reduced_ngs/6_lgs/8mag_lgs/kola_1250act.conf'
loaded   0 (  0 new) records from 'command line'
loaded  24 ( 18 new) records from '/global/u2/b/bpeck/work/vismcao/./keck_llt_CL.conf'
Adjust LGS range by telescope altitude 4145m.
Zenith angle is 30 degree.
    Scaling turbulence height and LGS hs by sec(za).
    Scaling r0 by cos(za)^(3/5).
    Scaling wind speed and LGS signal level by cos(za).
powfs0: Adjusting dx from 0.0078125 to 0.00766667. 
powfs0.llt.fsm: f0=0 Hz, LPF ep=0
powfs0.epfsm is set to 0.517618 (auto)
powfs2: Adjusting dx from 0.03125 to 0.0312778. 
powfs2 is TWFS for powfs0
sim.ephi is set to 0.427717 (auto)
sim.eplo is set to 0.427717 (auto)
Warning(parms.c:2296): Layer 1 at 17.3205m is very close to layer 0 at 0m (OK).
Warning(parms.c:2296): Layer 2 at 34.641m is very close to layer 1 at 17.3205m (OK).
Warning(parms.c:2296): Layer 3 at 51.9615m is very close to layer 2 at 34.641m (OK).
dm 0: stroke=30 um is provided in micron.
dm 0: assume ia stroke=2 um is provided in micron.
dm 1: stroke=7 um is provided in micron.
dm 1: assume ia stroke=2 um is provided in micron.
dm 2: stroke=7 um is provided in micron.
dm 2: assume ia stroke=2 um is provided in micron.
Focus blending is not implemented yet for integrated tomography
parms->sim.mffocus is reset to 0
There are 1 valid simulation seeds:  1
Output PSF for 1 directions
Used 449 of 456 supplied keys
Warning(readcfg.c:158): key "dbg.pwfs_flate" is not recognized, value is 0
Warning(readcfg.c:158): key "dbg.pwfs_flatv" is not recognized, value is 0
Warning(readcfg.c:158): key "dbg.pwfs_psx" is not recognized, value is [0 0 0 0]
Warning(readcfg.c:158): key "dbg.pwfs_psy" is not recognized, value is [0 0 0 0]
Warning(readcfg.c:158): key "dbg.pwfs_pupelong" is not recognized, value is 0
Warning(readcfg.c:158): key "dbg.pwfs_raw" is not recognized, value is 0
Warning(readcfg.c:158): key "dbg.pwfs_side" is not recognized, value is 4
[00;00mAperture[00;00m is 11 m with sampling 1/128 m
[00;00mTurbulence at 30 degree zenith angle:[00;00m r0=0.128424m, L0=30m, 14 layers.
    Greenwood freq is 25.1Hz, anisoplanatic angle is 1.58 as
    Sampled 8192x8192 at 1/128m. wind dir is randomized.
    layer 0: ht=      0 m, wt= 0.302, ws=  4.8 m/s
    layer 1: ht=     17 m, wt= 0.154, ws=  5.0 m/s
    layer 2: ht=     35 m, wt= 0.041, ws=  5.4 m/s
    layer 3: ht=     52 m, wt= 0.002, ws=  6.6 m/s
    layer 4: ht=    139 m, wt= 0.021, ws=  6.1 m/s
    layer 5: ht=    231 m, wt= 0.010, ws=  6.1 m/s
    layer 6: ht=    323 m, wt= 0.008, ws=  6.1 m/s
    layer 7: ht=    416 m, wt= 0.005, ws=  6.1 m/s
    layer 8: ht=    508 m, wt= 0.001, ws=  6.1 m/s
    layer 9: ht=    932 m, wt= 0.107, ws=  5.6 m/s
    layer 10: ht=   5022 m, wt= 0.144, ws= 11.1 m/s
    layer 11: ht=   9238 m, wt= 0.093, ws= 19.1 m/s
    layer 12: ht=  13856 m, wt= 0.075, ws=  8.2 m/s
    layer 13: ht=  22518 m, wt= 0.036, ws=  4.8 m/s
[00;00mReconstruction[00;00m: r0=0.128424m L0=30m. 14 layers. use cone coordinate.
    layer 0: ht=      0 m, wt= 0.302
    layer 1: ht=     17 m, wt= 0.154
    layer 2: ht=     35 m, wt= 0.041
    layer 3: ht=     52 m, wt= 0.002
    layer 4: ht=    139 m, wt= 0.021
    layer 5: ht=    231 m, wt= 0.010
    layer 6: ht=    323 m, wt= 0.008
    layer 7: ht=    416 m, wt= 0.005
    layer 8: ht=    508 m, wt= 0.001
    layer 9: ht=    932 m, wt= 0.107
    layer 10: ht=   5022 m, wt= 0.144
    layer 11: ht=   9238 m, wt= 0.093
    layer 12: ht=  13856 m, wt= 0.075
    layer 13: ht=  22518 m, wt= 0.036
[00;00mThere are 3 powfs[00;00m
  powfs0: Order 40, LGS at 99.1 km. Sampling 1/130.435 m. Thres 30%. [00;00mT/T is removed in right hand side in tomography.[00;00m
    CCD image is 25x25 @ 500x500 mas, blur 27% (sigma), 1500Hz, wvl: [ 5.89e-07]
    Gtilt in reconstruction. Physical optics start at 0 with [00;00m'matched filter'[00;00m [00;00m(noisy)[00;00m
  powfs1: Order  2, NGS at inf km. Sampling 1/16 m. Thres 30%. 
    Ztilt in reconstruction. Geomtric optics start at 2 with ztilt [00;00m(noisy)[00;00m
  powfs2: Order 20, NGS at inf km. Sampling 1/31.9716 m. Thres 50%. 
    CCD image is 4x4 @ 1500x1500 mas, blur 0% (sigma), 0.015Hz, wvl: [ 7.2e-07]
    Gtilt in reconstruction. Geomtric optics start at 50 with gtilt Physical optics start at 0 with [00;00m'matched filter'[00;00m [00;00m(noisy)[00;00m
[00;00mThere are 10 wfs[00;00m
    wfs 0: type 0, at (  30.00,    0.00) arcsec,  99 km, siglev is 91.338 bkgrnd is 0.1
    wfs 1: type 0, at (  15.00,   25.98) arcsec,  99 km, siglev is 91.338 bkgrnd is 0.1
    wfs 2: type 0, at ( -15.00,   25.98) arcsec,  99 km, siglev is 91.338 bkgrnd is 0.1
    wfs 3: type 0, at ( -30.00,    0.00) arcsec,  99 km, siglev is 91.338 bkgrnd is 0.1
    wfs 4: type 0, at ( -15.00,  -25.98) arcsec,  99 km, siglev is 91.338 bkgrnd is 0.1
    wfs 5: type 0, at (  15.00,  -25.98) arcsec,  99 km, siglev is 91.338 bkgrnd is 0.1
    wfs 6: type 1, at (   5.00,    8.66) arcsec, inf km, siglev is 42387.6 bkgrnd is 1.056
    wfs 7: type 1, at ( -10.00,    0.00) arcsec, inf km, siglev is 42387.6 bkgrnd is 1.056
    wfs 8: type 1, at (   5.00,   -8.66) arcsec, inf km, siglev is 42387.6 bkgrnd is 1.056
    wfs 9: type 2, at (   0.00,    0.00) arcsec, inf km, siglev is 4.1558e+06 bkgrnd is 0.001
[00;00mThere are 3 DMs[00;00m
  DM 0 at -0.1km, actuator pitch 0.276m, offset   0, with 30.000000 micron stroke.
    Normalized cubic influence function with inter-actuator coupling of 0.223
  DM 1 at    6km, actuator pitch 0.168m, offset   0, with 7.000000 micron stroke.
    Normalized cubic influence function with inter-actuator coupling of 0.223
  DM 2 at   10km, actuator pitch 0.168m, offset   0, with 7.000000 micron stroke.
    Normalized cubic influence function with inter-actuator coupling of 0.223
[00;00mTomography[00;00m is using CG, with [00;00mFourer Domain[00;00m preconditioner, [00;00m12[00;00m iterations, integrated tomo.
[00;00mDM Fitting [00;00mis using CG, with [00;00mNo[00;00m preconditioner, [00;00m10[00;00m iterations
[00;00mThere are 9 fit directions[00;00m
    Fit 0: weight is 0.444, at (   0.00,    0.00) arcsec
    Fit 1: weight is 0.111, at (  15.00,    0.00) arcsec
    Fit 2: weight is 0.111, at (   0.00,   15.00) arcsec
    Fit 3: weight is 0.111, at ( -15.00,    0.00) arcsec
    Fit 4: weight is 0.111, at (   0.00,  -15.00) arcsec
    Fit 5: weight is 0.028, at (  15.00,   15.00) arcsec
    Fit 6: weight is 0.028, at ( -15.00,   15.00) arcsec
    Fit 7: weight is 0.028, at ( -15.00,  -15.00) arcsec
    Fit 8: weight is 0.028, at (  15.00,  -15.00) arcsec
[00;00mThere are 1 evaluation directions[00;00m at sampling 1/128 m.
    Evl 0: weight is 1.000, at (   0.00,    0.00) arcsec
[00;00mSimulation[00;00m start at step 0, end at step 1600, with time step 1/1500s, [00;00mclose loop[00;00m.
After setup_parms:	120.6 MiB.
Warning(sock.c:516): connect locally (/global/homes/b/bpeck/.aos/tmp/nid008652/scheduler) failed: Invalid argument. 
CUDA: minimum memory requirement is 0.3GB
GPU 0 is NVIDIA A100-SXM4-80GB with arch 8.0, 78.6GB free, 79.0GB total device memory.
Using GPU 0
Use 1 GPUs for WFS Tomo Fit Evl

*** Preparation started at 2025/02/11 23:50:51 in nid008652. ***

Using OpenMP version 201511 with 128 threads
Reading aperture amplitude map from KECK.fits
Warning(accphi.c:477): 108260 points not covered by input screen
Warning(sock.c:516): connect locally (/global/homes/b/bpeck/.aos/tmp/nid008652/scheduler) failed: Invalid argument. 
 ->maos.c:447->setup.c:148->aper.c:74->utils.c:478->accphi.c:478
iwvl 0: Science PSF is using grid size of 2880. The PSF will sum to 6.95167232825486
iwvl 1: Science PSF is using grid size of 2880. The PSF will sum to 6.95167232825486
iwvl 2: Science PSF is using grid size of 2880. The PSF will sum to 6.95167232825486
iwvl 3: Science PSF is using grid size of 2880. The PSF will sum to 6.95167232825486
iwvl 4: Science PSF is using grid size of 2880. The PSF will sum to 6.95167232825486
iwvl 5: Science PSF is using grid size of 2880. The PSF will sum to 6.95167232825486
iwvl 6: Science PSF is using grid size of 2880. The PSF will sum to 6.95167232825486
iwvl 7: Science PSF is using grid size of 2880. The PSF will sum to 6.95167232825486
iwvl 8: Science PSF is using grid size of 2880. The PSF will sum to 6.95167232825486
After setup_aper:	343.1 MiB.

[00;00mSetting up powfs 0 geom[00;00m

There are 36 points in each subaperture of 0.276m.
There are 995 valid subaperture.

[00;00mSetting up powfs 1 geom[00;00m

There are 88 points in each subaperture of 5.5m.
There are 4 valid subaperture.

[00;00mSetting up powfs 2 geom[00;00m

There are 18 points in each subaperture of 0.563m.
There are 236 valid subaperture.
After setup_powfs_init:	429.4 MiB.

[00;00mSetting up reconstructor geometry.[00;00m

PLOC is 83x83, with sampling of 0.14m (square)
    DM 0: grid is 45 x 43
    DM 1: grid is 75 x 75
    DM 2: grid is 81 x 79
FLOC is 83x83, with sampling of 0.14m (not square)
Tomography grid is square:
    layer 0: xloc grid is 144 x 144, sampling is 0.138 m, 20736 points
    layer 1: xloc grid is 144 x 144, sampling is 0.138 m, 20736 points
    layer 2: xloc grid is 144 x 144, sampling is 0.138 m, 20736 points
    layer 3: xloc grid is 144 x 144, sampling is 0.138 m, 20736 points
    layer 4: xloc grid is 144 x 144, sampling is 0.138 m, 20736 points
    layer 5: xloc grid is 144 x 144, sampling is 0.138 m, 20736 points
    layer 6: xloc grid is 144 x 144, sampling is 0.138 m, 20736 points
    layer 7: xloc grid is 144 x 144, sampling is 0.137 m, 20736 points
    layer 8: xloc grid is 144 x 144, sampling is 0.137 m, 20736 points
    layer 9: xloc grid is 144 x 144, sampling is 0.137 m, 20736 points
    layer 10: xloc grid is 144 x 144, sampling is 0.131 m, 20736 points
    layer 11: xloc grid is 144 x 144, sampling is 0.125 m, 20736 points
    layer 12: xloc grid is 144 x 144, sampling is 0.119 m, 20736 points
Warning(map.c:195): ninx=144 is too small. need 145
Warning(map.c:200): niny=144 is too small. need 145
    layer 13: xloc grid is 144 x 144, sampling is 0.107 m, 20736 points

[00;00mSetting up powfs 0 PO WFS[00;00m

OTF dimension is 72x72 (calculated)
There is no bias
Uplink FWHM (illt 0, iwvl 0) is 0.581315"
Downlink FWHM (illt 0, iwvl 0) is 1.09963"
Generating matched filter for powfs 0
sa index   location       noise equivalent angle
     495: (  5.0,  -0.3) m, ( 65.70,  64.15) mas
     491: (  3.9,  -0.3) m, ( 69.57,  64.67) mas
     487: (  2.8,  -0.3) m, ( 75.24,  65.29) mas
     483: (  1.7,  -0.3) m, ( 81.84,  65.91) mas
     482: (  1.4,  -0.3) m, ( 83.63,  66.07) mas
     322: ( -0.6,  -1.7) m, ( 97.18,  68.45) mas
     479: ( -1.7,  -0.3) m, (105.05,  67.62) mas
     475: ( -2.8,  -0.3) m, (113.81,  68.13) mas
     471: ( -3.9,  -0.3) m, (123.27,  68.61) mas
     467: ( -5.0,  -0.3) m, (132.90,  69.05) mas
     466: ( -5.2,  -0.3) m, (135.30,  69.16) mas
sa index   location       noise equivalent angle
     983: (  2.5,   4.4) m, ( 64.37,  64.99) mas
     935: (  2.2,   3.9) m, ( 64.96,  66.48) mas
     801: (  1.4,   2.5) m, ( 67.39,  72.27) mas
     742: (  1.1,   1.9) m, ( 70.42,  77.52) mas
     639: (  0.6,   1.1) m, ( 70.85,  80.36) mas
     389: (  0.8,  -1.1) m, ( 73.42,  98.73) mas
     355: ( -0.8,  -1.4) m, ( 78.26,  97.50) mas
     252: ( -1.4,  -2.2) m, ( 84.24, 107.48) mas
     193: ( -1.7,  -2.8) m, ( 83.06, 107.89) mas
      59: ( -2.5,  -4.1) m, ( 88.16, 118.79) mas
      11: ( -2.8,  -4.7) m, ( 89.95, 123.38) mas
sa index   location       noise equivalent angle
     964: ( -2.8,   4.4) m, ( 64.37,  64.99) mas
     918: ( -2.5,   3.9) m, ( 64.96,  66.48) mas
     790: ( -1.7,   2.5) m, ( 67.39,  72.27) mas
     733: ( -1.4,   1.9) m, ( 70.57,  77.66) mas
     634: ( -0.8,   1.1) m, ( 70.85,  80.37) mas
     388: ( -1.1,  -1.1) m, ( 74.19,  99.70) mas
     360: (  0.6,  -1.4) m, ( 78.23,  97.43) mas
     261: (  1.1,  -2.2) m, ( 84.11, 107.25) mas
     204: (  1.4,  -2.8) m, ( 83.06, 107.89) mas
      76: (  2.2,  -4.1) m, ( 88.16, 118.79) mas
      30: (  2.5,  -4.7) m, ( 89.95, 123.38) mas
sa index   location       noise equivalent angle
     466: ( -5.2,  -0.3) m, ( 65.70,  64.15) mas
     470: ( -4.1,  -0.3) m, ( 69.57,  64.67) mas
     474: ( -3.0,  -0.3) m, ( 75.24,  65.29) mas
     478: ( -1.9,  -0.3) m, ( 81.84,  65.91) mas
     479: ( -1.7,  -0.3) m, ( 83.63,  66.07) mas
     325: (  0.3,  -1.7) m, ( 97.18,  68.45) mas
     482: (  1.4,  -0.3) m, (105.05,  67.62) mas
     486: (  2.5,  -0.3) m, (113.81,  68.13) mas
     490: (  3.6,  -0.3) m, (123.27,  68.61) mas
     494: (  4.7,  -0.3) m, (132.90,  69.05) mas
     495: (  5.0,  -0.3) m, (135.30,  69.16) mas
sa index   location       noise equivalent angle
      11: ( -2.8,  -4.7) m, ( 64.37,  64.99) mas
      59: ( -2.5,  -4.1) m, ( 64.96,  66.48) mas
     193: ( -1.7,  -2.8) m, ( 67.39,  72.27) mas
     252: ( -1.4,  -2.2) m, ( 70.74,  77.93) mas
     355: ( -0.8,  -1.4) m, ( 70.90,  80.45) mas
     604: ( -1.1,   0.8) m, ( 73.40,  98.74) mas
     639: (  0.6,   1.1) m, ( 78.19,  97.38) mas
     742: (  1.1,   1.9) m, ( 83.82, 106.94) mas
     801: (  1.4,   2.5) m, ( 83.06, 107.89) mas
     935: (  2.2,   3.9) m, ( 88.16, 118.79) mas
     983: (  2.5,   4.4) m, ( 89.95, 123.38) mas
sa index   location       noise equivalent angle
      30: (  2.5,  -4.7) m, ( 64.37,  64.99) mas
      76: (  2.2,  -4.1) m, ( 64.96,  66.48) mas
     204: (  1.4,  -2.8) m, ( 67.39,  72.27) mas
     261: (  1.1,  -2.2) m, ( 70.65,  77.76) mas
     360: (  0.6,  -1.4) m, ( 70.87,  80.40) mas
     606: (  0.8,   0.8) m, ( 72.76,  97.92) mas
     634: ( -0.8,   1.1) m, ( 78.20,  97.38) mas
     733: ( -1.4,   1.9) m, ( 84.01, 107.15) mas
     790: ( -1.7,   2.5) m, ( 83.06, 107.89) mas
     918: ( -2.5,   3.9) m, ( 88.16, 118.79) mas
     964: ( -2.8,   4.4) m, ( 89.95, 123.38) mas

[00;00mSetting up powfs 2 PO WFS[00;00m

OTF dimension is 48x48 (calculated)
Generating matched filter for powfs 2
Use sanea to derive neasim
Use sanea to derive neasim

[00;00mSetting up reconstructor[00;00m

Recon NEA: cmf(86.56) cmf(86.62) cmf(86.56) cmf(86.45) cmf(86.49) cmf(86.55) geom(0.31) geom(0.31) geom(0.31) mf(0.14)  mas
Setup or update control matrix parameters.
RRtwfs svd threshold is 1e-10
Replacing HA by HA*fit->actextrap
Adding piston cr to fit matrix
Adding TT cr on upper DMs to fit matrix.
Before assembling fit matrix:	3008.9 MiB.
Building fit->FR
Building fit->FL
Adding tikhonov constraint of 1.0e-07 to FLM
The maximum eigen value is estimated to be around 3.5e-04
DM Fit number of Low rank terms: 16 in LHS
After assemble fit matrix:	3736.9 MiB.
After setup_recon:	3736.9 MiB.
GPU 0: mem used 1514 MB (wfs init)
GPU 0: mem used 1932 MB (recon init)
GPU 0: mem used 1962 MB (perf init)

*** Simulation started at 2025/02/11 23:52:16 in nid008652. ***

Running seed 1
GPU 0: mem used 1962 MB (wfs seeding)
Wind dir: 267.3 261.7 167.0 130.5 300.7  32.3 119.8 139.0 150.8 277.7 203.0 133.1  45.9 265.1 deg
Using /global/homes/b/bpeck/.aos/cache/atm/vonkarman_14_8192x8192_0.0078125_1115374592d.bin
After genatm:	3743.1 MiB.
Step     #  Open Loop  PR TT  On axis  PR TT  Field RMS PR TT     Timing 
Step     0: OL  884.6  248.3  OA  884.6 248.3 CL  884.6 248.3 nm  0.443 s
Step    22: OL  919.4  256.4  OA  133.0   5.7 CL  133.0   5.7 nm  0.037 s
Step    48: OL  959.3  261.1  OA  126.1   2.7 CL  126.1   2.7 nm  0.035 s
Step    74: OL  998.1  259.2  OA  131.7  16.4 CL  131.7  16.4 nm  0.037 s
Step   100: OL 1037.7  257.3  OA  127.9   5.7 CL  127.9   5.7 nm  0.037 s
Step   127: OL 1078.0  259.5  OA  126.8   7.5 CL  126.8   7.5 nm  0.037 s
Step   153: OL 1112.0  268.5  OA  137.0  23.2 CL  137.0  23.2 nm  0.046 s
Step   178: OL 1137.1  282.5  OA  131.4  15.4 CL  131.4  15.4 nm  0.040 s
Step   204: OL 1153.1  299.3  OA  130.5   5.6 CL  130.5   5.6 nm  0.049 s
Step   230: OL 1160.4  316.0  OA  126.9   3.2 CL  126.9   3.2 nm  0.035 s
Step   254: OL 1157.6  332.7  OA  129.8  14.1 CL  129.8  14.1 nm  0.037 s
Step   255 updated high order loop gain: 0.384
Step   279: OL 1141.2  350.7  OA  128.2  10.2 CL  128.2  10.2 nm  0.046 s
Step   306: OL 1113.5  373.5  OA  125.6  19.2 CL  125.6  19.2 nm  0.039 s
Step   332: OL 1080.7  399.2  OA  126.7  10.7 CL  126.7  10.7 nm  0.047 s
Step   359: OL 1046.1  433.0  OA  122.5   8.7 CL  122.5   8.7 nm  0.035 s
Step   385: OL 1016.3  470.2  OA  127.9  11.1 CL  127.9  11.1 nm  0.045 s
Step   411: OL  988.3  507.4  OA  127.2  12.2 CL  127.2  12.2 nm  0.037 s
Step   437: OL  959.9  542.1  OA  120.3   9.1 CL  120.3   9.1 nm  0.037 s
Step   462: OL  937.5  574.8  OA  124.7  16.6 CL  124.7  16.6 nm  0.039 s
Step   489: OL  927.7  609.1  OA  133.3  13.1 CL  133.3  13.1 nm  0.039 s
Step   511 updated high order loop gain: 0.357
Step   513: OL  930.1  636.2  OA  134.4  13.1 CL  134.4  13.1 nm  0.045 s
Step   540: OL  940.9  658.1  OA  130.5   6.7 CL  130.5   6.7 nm  0.037 s
Step   566: OL  960.0  668.4  OA  125.7   2.3 CL  125.7   2.3 nm  0.049 s
Step   592: OL  985.8  670.4  OA  123.4   6.8 CL  123.4   6.8 nm  0.042 s
Step   619: OL 1016.9  661.4  OA  122.8  13.2 CL  122.8  13.2 nm  0.035 s
Step   644: OL 1044.9  643.9  OA  126.7  14.9 CL  126.7  14.9 nm  0.037 s
Step   671: OL 1070.5  617.9  OA  127.6   8.1 CL  127.6   8.1 nm  0.037 s
Step   697: OL 1091.6  590.3  OA  134.3   6.3 CL  134.3   6.3 nm  0.039 s
Step   724: OL 1104.7  557.7  OA  132.0  10.2 CL  132.0  10.2 nm  0.037 s
Step   750: OL 1105.2  525.7  OA  126.2   8.0 CL  126.2   8.0 nm  0.047 s
Step   767 updated high order loop gain: 0.350
Step   775: OL 1095.0  496.6  OA  130.2   8.5 CL  130.2   8.5 nm  0.050 s
Step   801: OL 1072.0  467.5  OA  130.9  12.1 CL  130.9  12.1 nm  0.037 s
Step   827: OL 1038.8  438.6  OA  129.3   7.5 CL  129.3   7.5 nm  0.036 s
Step   854: OL  996.9  410.7  OA  130.1  15.5 CL  130.1  15.5 nm  0.038 s
Step   880: OL  956.8  388.5  OA  127.2  19.1 CL  127.2  19.1 nm  0.036 s
Step   907: OL  915.2  371.0  OA  124.7   9.9 CL  124.7   9.9 nm  0.035 s
Step   933: OL  873.3  358.3  OA  127.0  13.6 CL  127.0  13.6 nm  0.040 s
Step   959: OL  834.8  345.5  OA  129.3  14.1 CL  129.3  14.1 nm  0.045 s
Step   986: OL  803.8  329.5  OA  127.0  17.7 CL  127.0  17.7 nm  0.047 s
Step  1012: OL  780.3  310.6  OA  131.2   9.3 CL  131.2   9.3 nm  0.061 s
Step  1023 updated high order loop gain: 0.346
Step  1036: OL  764.1  291.8  OA  133.3   7.5 CL  133.3   7.5 nm  0.043 s
Step  1062: OL  749.9  268.1  OA  134.5   8.8 CL  134.5   8.8 nm  0.036 s
Step  1089: OL  740.7  237.8  OA  130.2  25.2 CL  130.2  25.2 nm  0.039 s
Step  1115: OL  739.6  210.2  OA  130.3  20.1 CL  130.3  20.1 nm  0.038 s
Step  1142: OL  741.4  188.4  OA  130.3  36.4 CL  130.3  36.4 nm  0.038 s
Step  1168: OL  743.2  175.1  OA  129.3  31.7 CL  129.3  31.7 nm  0.037 s
Step  1195: OL  746.9  168.3  OA  129.7  23.6 CL  129.7  23.6 nm  0.040 s
Step  1221: OL  751.5  164.1  OA  128.2  21.5 CL  128.2  21.5 nm  0.041 s
Step  1247: OL  754.2  165.7  OA  123.6  15.4 CL  123.6  15.4 nm  0.038 s
Step  1273: OL  757.4  175.6  OA  128.6  25.2 CL  128.6  25.2 nm  0.043 s
Step  1279 updated high order loop gain: 0.340
Step  1298: OL  763.5  190.6  OA  131.4  25.0 CL  131.4  25.0 nm  0.033 s
Step  1325: OL  770.7  211.1  OA  137.9  41.8 CL  137.9  41.8 nm  0.046 s
Step  1351: OL  781.5  234.5  OA  134.0  32.3 CL  134.0  32.3 nm  0.038 s
Step  1378: OL  799.7  255.2  OA  133.2  38.7 CL  133.2  38.7 nm  0.041 s
Step  1405: OL  823.9  268.2  OA  136.3  41.7 CL  136.3  41.7 nm  0.038 s
Step  1431: OL  850.8  275.1  OA  132.1  26.0 CL  132.1  26.0 nm  0.043 s
Step  1457: OL  875.8  279.2  OA  131.2  25.6 CL  131.2  25.6 nm  0.034 s
Step  1483: OL  893.4  277.7  OA  128.6  20.0 CL  128.6  20.0 nm  0.042 s
Step  1509: OL  896.8  269.2  OA  132.1  10.2 CL  132.1  10.2 nm  0.034 s
Step  1534: OL  891.1  256.3  OA  130.1   9.2 CL  130.1   9.2 nm  0.044 s
Step  1535 updated high order loop gain: 0.341
Step  1557: OL  880.6  241.2  OA  133.4  18.9 CL  133.4  18.9 nm  0.037 s
Step  1584: OL  865.3  225.7  OA  130.9   3.9 CL  130.9   3.9 nm  0.037 s
Step 1599: Output PSF
Step  1599: OL  855.2  219.3  OA  134.6  11.3 CL  134.6  11.3 nm 22.165 s
Mean: 129.61 19.12 128.19  nm.

*** Simulation Finished at 2025/02/11 23:53:48 in nid008652. ***

