Warning(sock.c:516): connect locally (/global/homes/b/bpeck/.aos/tmp/nid008236/scheduler) failed: Invalid argument. 
/global/u2/b/bpeck/work/vismcao/maos -o studies/reduced_ngs/7_lgs/8mag_lgs/3250count -c master_files/reduced_ngs/7_lgs/8mag_lgs/kola_3250act.conf -O 
Output folder is 'studies/reduced_ngs/7_lgs/8mag_lgs/3250count'.
SRC: /global/homes/b/bpeck/code/maos v2.9 4c88b7c2 2024-11-13 16:45:33 -0800
BUILT: /global/homes/b/bpeck/code/maos/optim by GCC (v12) on 2024/11/18 09:40:03 CPU(F64,+O3) with CUDA(v122,F32)
Launched at 2025/02/12 00:20:36 in nid008236 with PID 37261.
The web based job monitor can be accessed at http://localhost:10300
Main config file is /global/u2/b/bpeck/work/vismcao/master_files/reduced_ngs/7_lgs/8mag_lgs/kola_3250act.conf
Warning(path.c:48): Path not found: path=/global/u2/b/bpeck/work/vismcao/master_files/reduced_ngs/7_lgs/8mag_lgs/bin; abspath=/global/u2/b/bpeck/work/vismcao/master_files/reduced_ngs/7_lgs/8mag_lgs/bin; Ignored.
Warning(path.c:48): Path not found: path=/global/u2/b/bpeck/work/vismcao/master_files/reduced_ngs/7_lgs/8mag_lgs/atm; abspath=/global/u2/b/bpeck/work/vismcao/master_files/reduced_ngs/7_lgs/8mag_lgs/atm; Ignored.
Warning(readcfg.c:399): sim.apfsm has been renamed to powfs.apfsm.
Warning(readcfg.c:399): sim.epfsm has been renamed to powfs.epfsm.
Warning(readcfg.c:399): sim.alfsm has been renamed to powfs.alfsm.
Warning(readcfg.c:399): sim.commonfsm has been renamed to powfs.commonfsm.
Warning(readcfg.c:399): sim.idealfsm has been renamed to powfs.idealfsm.
Warning(readcfg.c:399): sim.zetafsm has been renamed to powfs.zetafsm.
Warning(readcfg.c:399): sim.f0fsm has been renamed to powfs.f0fsm.
Warning(readcfg.c:399): tsurf has been renamed to ncpa.tsurf.
loaded 132 (132 new) records from '/global/u2/b/bpeck/work/vismcao/./keck_sim.conf'
loaded  19 ( 19 new) records from '/global/u2/b/bpeck/work/vismcao/./dm_none.conf'
loaded  19 (  0 new) records from '/global/u2/b/bpeck/work/vismcao/./keck_ASM.conf'
loaded  19 (  0 new) records from '/global/u2/b/bpeck/work/vismcao/./keck_DM2.conf'
loaded  19 (  0 new) records from '/global/u2/b/bpeck/work/vismcao/./keck_DM3.conf'
loaded   0 (  0 new) records from '/global/u2/b/bpeck/work/vismcao/./keck_dm_multiple.conf'
loaded   7 (  5 new) records from '/global/u2/b/bpeck/work/vismcao/./atm_mk13n50p_ground_detail.conf'
loaded  76 ( 69 new) records from '/global/homes/b/bpeck/code/maos/config/maos/powfs_common.conf'
loaded  44 ( 38 new) records from '/global/u2/b/bpeck/work/vismcao/./powfs_none.conf'
loaded  44 (  0 new) records from '/global/u2/b/bpeck/work/vismcao/./keck_shwfs_lgs.conf'
loaded  44 (  0 new) records from '/global/u2/b/bpeck/work/vismcao/./keck_shwfs_ttf_strap.conf'
loaded  44 (  0 new) records from '/global/u2/b/bpeck/work/vismcao/./keck_shwfs_twfs_lbwfs.conf'
loaded   0 (  0 new) records from '/global/u2/b/bpeck/work/vismcao/./keck_wfs_lgs_strap_lbwfs.conf'
loaded  71 ( 71 new) records from '/global/u2/b/bpeck/work/vismcao/./keck_recon.conf'
Warning(readcfg.c:399): dbg.na_smooth has been renamed to powfs0_llt.na_smooth.
Warning(readcfg.c:399): dbg.na_interp has been renamed to powfs0_llt.na_interp.
Warning(readcfg.c:399): dbg.na_thres has been renamed to powfs0_llt.na_thres.
Warning(readcfg.c:399): dbg.na_fit_maxit has been renamed to powfs0_llt.na_fit_maxit.
Warning(readcfg.c:399): dbg.na_fit_svdthres has been renamed to powfs0_llt.na_fit_svdthres.
Warning(readcfg.c:399): dbg.na_fit_dh has been renamed to powfs0_llt.na_fit_dh.
Warning(readcfg.c:399): dbg.ncpa_preload has been renamed to ncpa.preload.
Warning(readcfg.c:399): dbg.ncpa_rmsci has been renamed to ncpa.rmsci.
Warning(readcfg.c:399): dbg.draw_opdmax has been renamed to plot.opdmax.
Warning(readcfg.c:399): dbg.draw_gmax has been renamed to plot.gmax.
loaded  95 ( 93 new) records from '/global/u2/b/bpeck/work/vismcao/./keck_dbg.conf'
loaded   4 (  4 new) records from '/global/u2/b/bpeck/work/vismcao/./keck_fit_mcao.conf'
Warning(readcfg.c:399): surf has been renamed to ncpa.surf.
loaded  39 (  7 new) records from '/global/u2/b/bpeck/work/vismcao/master_files/reduced_ngs/7_lgs/8mag_lgs/kola_3250act.conf'
loaded   0 (  0 new) records from 'command line'
loaded  24 ( 18 new) records from '/global/u2/b/bpeck/work/vismcao/./keck_llt_CL.conf'
Adjust LGS range by telescope altitude 4145m.
Zenith angle is 30 degree.
    Scaling turbulence height and LGS hs by sec(za).
    Scaling r0 by cos(za)^(3/5).
    Scaling wind speed and LGS signal level by cos(za).
powfs0: Adjusting dx from 0.0078125 to 0.00777273. 
powfs0.llt.fsm: f0=0 Hz, LPF ep=0
powfs0.epfsm is set to 0.517618 (auto)
powfs2: Adjusting dx from 0.03125 to 0.0312778. 
powfs2 is TWFS for powfs0
sim.ephi is set to 0.427717 (auto)
sim.eplo is set to 0.427717 (auto)
Warning(parms.c:2296): Layer 1 at 17.3205m is very close to layer 0 at 0m (OK).
Warning(parms.c:2296): Layer 2 at 34.641m is very close to layer 1 at 17.3205m (OK).
Warning(parms.c:2296): Layer 3 at 51.9615m is very close to layer 2 at 34.641m (OK).
dm 0: stroke=30 um is provided in micron.
dm 0: assume ia stroke=2 um is provided in micron.
dm 1: stroke=7 um is provided in micron.
dm 1: assume ia stroke=2 um is provided in micron.
dm 2: stroke=7 um is provided in micron.
dm 2: assume ia stroke=2 um is provided in micron.
Focus blending is not implemented yet for integrated tomography
parms->sim.mffocus is reset to 0
There are 1 valid simulation seeds:  1
Output PSF for 1 directions
Used 449 of 456 supplied keys
Warning(readcfg.c:158): key "dbg.pwfs_flate" is not recognized, value is 0
Warning(readcfg.c:158): key "dbg.pwfs_flatv" is not recognized, value is 0
Warning(readcfg.c:158): key "dbg.pwfs_psx" is not recognized, value is [0 0 0 0]
Warning(readcfg.c:158): key "dbg.pwfs_psy" is not recognized, value is [0 0 0 0]
Warning(readcfg.c:158): key "dbg.pwfs_pupelong" is not recognized, value is 0
Warning(readcfg.c:158): key "dbg.pwfs_raw" is not recognized, value is 0
Warning(readcfg.c:158): key "dbg.pwfs_side" is not recognized, value is 4
[00;00mAperture[00;00m is 11 m with sampling 1/128 m
[00;00mTurbulence at 30 degree zenith angle:[00;00m r0=0.128424m, L0=30m, 14 layers.
    Greenwood freq is 25.1Hz, anisoplanatic angle is 1.58 as
    Sampled 8192x8192 at 1/128m. wind dir is randomized.
    layer 0: ht=      0 m, wt= 0.302, ws=  4.8 m/s
    layer 1: ht=     17 m, wt= 0.154, ws=  5.0 m/s
    layer 2: ht=     35 m, wt= 0.041, ws=  5.4 m/s
    layer 3: ht=     52 m, wt= 0.002, ws=  6.6 m/s
    layer 4: ht=    139 m, wt= 0.021, ws=  6.1 m/s
    layer 5: ht=    231 m, wt= 0.010, ws=  6.1 m/s
    layer 6: ht=    323 m, wt= 0.008, ws=  6.1 m/s
    layer 7: ht=    416 m, wt= 0.005, ws=  6.1 m/s
    layer 8: ht=    508 m, wt= 0.001, ws=  6.1 m/s
    layer 9: ht=    932 m, wt= 0.107, ws=  5.6 m/s
    layer 10: ht=   5022 m, wt= 0.144, ws= 11.1 m/s
    layer 11: ht=   9238 m, wt= 0.093, ws= 19.1 m/s
    layer 12: ht=  13856 m, wt= 0.075, ws=  8.2 m/s
    layer 13: ht=  22518 m, wt= 0.036, ws=  4.8 m/s
[00;00mReconstruction[00;00m: r0=0.128424m L0=30m. 14 layers. use cone coordinate.
    layer 0: ht=      0 m, wt= 0.302
    layer 1: ht=     17 m, wt= 0.154
    layer 2: ht=     35 m, wt= 0.041
    layer 3: ht=     52 m, wt= 0.002
    layer 4: ht=    139 m, wt= 0.021
    layer 5: ht=    231 m, wt= 0.010
    layer 6: ht=    323 m, wt= 0.008
    layer 7: ht=    416 m, wt= 0.005
    layer 8: ht=    508 m, wt= 0.001
    layer 9: ht=    932 m, wt= 0.107
    layer 10: ht=   5022 m, wt= 0.144
    layer 11: ht=   9238 m, wt= 0.093
    layer 12: ht=  13856 m, wt= 0.075
    layer 13: ht=  22518 m, wt= 0.036
[00;00mThere are 3 powfs[00;00m
  powfs0: Order 65, LGS at 99.1 km. Sampling 1/128.655 m. Thres 30%. [00;00mT/T is removed in right hand side in tomography.[00;00m
    CCD image is 25x25 @ 500x500 mas, blur 27% (sigma), 1500Hz, wvl: [ 5.89e-07]
    Gtilt in reconstruction. Physical optics start at 0 with [00;00m'matched filter'[00;00m [00;00m(noisy)[00;00m
  powfs1: Order  2, NGS at inf km. Sampling 1/16 m. Thres 30%. 
    Ztilt in reconstruction. Geomtric optics start at 2 with ztilt [00;00m(noisy)[00;00m
  powfs2: Order 20, NGS at inf km. Sampling 1/31.9716 m. Thres 50%. 
    CCD image is 4x4 @ 1500x1500 mas, blur 0% (sigma), 0.015Hz, wvl: [ 7.2e-07]
    Gtilt in reconstruction. Geomtric optics start at 50 with gtilt Physical optics start at 0 with [00;00m'matched filter'[00;00m [00;00m(noisy)[00;00m
[00;00mThere are 11 wfs[00;00m
    wfs 0: type 0, at (  30.00,    0.00) arcsec,  99 km, siglev is 35.061 bkgrnd is 0.1
    wfs 1: type 0, at (  18.70,   23.45) arcsec,  99 km, siglev is 35.061 bkgrnd is 0.1
    wfs 2: type 0, at (  -6.68,   29.25) arcsec,  99 km, siglev is 35.061 bkgrnd is 0.1
    wfs 3: type 0, at ( -27.03,   13.02) arcsec,  99 km, siglev is 35.061 bkgrnd is 0.1
    wfs 4: type 0, at ( -27.03,  -13.02) arcsec,  99 km, siglev is 35.061 bkgrnd is 0.1
    wfs 5: type 0, at (  -6.68,  -29.25) arcsec,  99 km, siglev is 35.061 bkgrnd is 0.1
    wfs 6: type 0, at (  18.70,  -23.45) arcsec,  99 km, siglev is 35.061 bkgrnd is 0.1
    wfs 7: type 1, at (   5.00,    8.66) arcsec, inf km, siglev is 42387.6 bkgrnd is 1.056
    wfs 8: type 1, at ( -10.00,    0.00) arcsec, inf km, siglev is 42387.6 bkgrnd is 1.056
    wfs 9: type 1, at (   5.00,   -8.66) arcsec, inf km, siglev is 42387.6 bkgrnd is 1.056
    wfs 10: type 2, at (   0.00,    0.00) arcsec, inf km, siglev is 4.1558e+06 bkgrnd is 0.001
[00;00mThere are 3 DMs[00;00m
  DM 0 at -0.1km, actuator pitch 0.171m, offset   0, with 30.000000 micron stroke.
    Normalized cubic influence function with inter-actuator coupling of 0.223
  DM 1 at    6km, actuator pitch 0.168m, offset   0, with 7.000000 micron stroke.
    Normalized cubic influence function with inter-actuator coupling of 0.223
  DM 2 at   10km, actuator pitch 0.168m, offset   0, with 7.000000 micron stroke.
    Normalized cubic influence function with inter-actuator coupling of 0.223
[00;00mTomography[00;00m is using CG, with [00;00mFourer Domain[00;00m preconditioner, [00;00m12[00;00m iterations, integrated tomo.
[00;00mDM Fitting [00;00mis using CG, with [00;00mNo[00;00m preconditioner, [00;00m10[00;00m iterations
[00;00mThere are 9 fit directions[00;00m
    Fit 0: weight is 0.444, at (   0.00,    0.00) arcsec
    Fit 1: weight is 0.111, at (  15.00,    0.00) arcsec
    Fit 2: weight is 0.111, at (   0.00,   15.00) arcsec
    Fit 3: weight is 0.111, at ( -15.00,    0.00) arcsec
    Fit 4: weight is 0.111, at (   0.00,  -15.00) arcsec
    Fit 5: weight is 0.028, at (  15.00,   15.00) arcsec
    Fit 6: weight is 0.028, at ( -15.00,   15.00) arcsec
    Fit 7: weight is 0.028, at ( -15.00,  -15.00) arcsec
    Fit 8: weight is 0.028, at (  15.00,  -15.00) arcsec
[00;00mThere are 1 evaluation directions[00;00m at sampling 1/128 m.
    Evl 0: weight is 1.000, at (   0.00,    0.00) arcsec
[00;00mSimulation[00;00m start at step 0, end at step 1600, with time step 1/1500s, [00;00mclose loop[00;00m.
After setup_parms:	120.5 MiB.
Warning(sock.c:516): connect locally (/global/homes/b/bpeck/.aos/tmp/nid008236/scheduler) failed: Invalid argument. 
CUDA: minimum memory requirement is 0.3GB
GPU 0 is NVIDIA A100-SXM4-80GB with arch 8.0, 78.6GB free, 79.0GB total device memory.
Using GPU 0
Use 1 GPUs for WFS Tomo Fit Evl

*** Preparation started at 2025/02/12 00:20:37 in nid008236. ***

Using OpenMP version 201511 with 128 threads
Reading aperture amplitude map from KECK.fits
Warning(accphi.c:477): 108347 points not covered by input screen
Warning(sock.c:516): connect locally (/global/homes/b/bpeck/.aos/tmp/nid008236/scheduler) failed: Invalid argument. 
 ->maos.c:447->setup.c:148->aper.c:74->utils.c:478->accphi.c:478
iwvl 0: Science PSF is using grid size of 2880. The PSF will sum to 6.95167232825486
iwvl 1: Science PSF is using grid size of 2880. The PSF will sum to 6.95167232825486
iwvl 2: Science PSF is using grid size of 2880. The PSF will sum to 6.95167232825486
iwvl 3: Science PSF is using grid size of 2880. The PSF will sum to 6.95167232825486
iwvl 4: Science PSF is using grid size of 2880. The PSF will sum to 6.95167232825486
iwvl 5: Science PSF is using grid size of 2880. The PSF will sum to 6.95167232825486
iwvl 6: Science PSF is using grid size of 2880. The PSF will sum to 6.95167232825486
iwvl 7: Science PSF is using grid size of 2880. The PSF will sum to 6.95167232825486
iwvl 8: Science PSF is using grid size of 2880. The PSF will sum to 6.95167232825486
After setup_aper:	344.9 MiB.

[00;00mSetting up powfs 0 geom[00;00m

There are 22 points in each subaperture of 0.171m.
There are 2565 valid subaperture.

[00;00mSetting up powfs 1 geom[00;00m

There are 88 points in each subaperture of 5.5m.
There are 4 valid subaperture.

[00;00mSetting up powfs 2 geom[00;00m

There are 18 points in each subaperture of 0.563m.
There are 236 valid subaperture.
After setup_powfs_init:	437.0 MiB.

[00;00mSetting up reconstructor geometry.[00;00m

PLOC is 133x133, with sampling of 0.09m (square)
    DM 0: grid is 68 x 68
    DM 1: grid is 75 x 75
    DM 2: grid is 80 x 79
FLOC is 133x133, with sampling of 0.09m (not square)
Tomography grid is square:
    layer 0: xloc grid is 240 x 240, sampling is 0.086 m, 57600 points
    layer 1: xloc grid is 240 x 240, sampling is 0.085 m, 57600 points
    layer 2: xloc grid is 240 x 240, sampling is 0.085 m, 57600 points
    layer 3: xloc grid is 240 x 240, sampling is 0.085 m, 57600 points
    layer 4: xloc grid is 240 x 240, sampling is 0.085 m, 57600 points
    layer 5: xloc grid is 240 x 240, sampling is 0.085 m, 57600 points
    layer 6: xloc grid is 240 x 240, sampling is 0.085 m, 57600 points
    layer 7: xloc grid is 240 x 240, sampling is 0.085 m, 57600 points
    layer 8: xloc grid is 240 x 240, sampling is 0.085 m, 57600 points
    layer 9: xloc grid is 240 x 240, sampling is 0.085 m, 57600 points
    layer 10: xloc grid is 240 x 240, sampling is 0.081 m, 57600 points
    layer 11: xloc grid is 240 x 240, sampling is 0.078 m, 57600 points
    layer 12: xloc grid is 240 x 240, sampling is 0.074 m, 57600 points
    layer 13: xloc grid is 240 x 240, sampling is 0.066 m, 57600 points

[00;00mSetting up powfs 0 PO WFS[00;00m

OTF dimension is 48x48 (calculated)
There is no bias
Uplink FWHM (illt 0, iwvl 0) is 0.577524"
Downlink FWHM (illt 0, iwvl 0) is 1.14505"
Generating matched filter for powfs 0
sa index   location       noise equivalent angle
    1254: (  4.9,  -0.3) m, (120.74, 117.26) mas
    1247: (  3.7,  -0.3) m, (128.70, 118.70) mas
    1241: (  2.7,  -0.3) m, (139.47, 120.35) mas
    1235: (  1.6,  -0.3) m, (152.88, 121.95) mas
    1233: (  1.3,  -0.3) m, (158.24, 122.46) mas
     879: ( -0.6,  -1.5) m, (191.50, 127.61) mas
    1229: ( -1.8,  -0.3) m, (208.30, 126.08) mas
    1223: ( -2.8,  -0.3) m, (221.14, 127.17) mas
    1216: ( -4.0,  -0.3) m, (236.80, 128.52) mas
    1210: ( -5.0,  -0.3) m, (252.49, 129.65) mas
    1208: ( -5.4,  -0.3) m, (258.62, 130.04) mas
sa index   location       noise equivalent angle
    2404: (  2.8,   3.8) m, (119.16, 119.20) mas
    2246: (  2.5,   3.2) m, (128.55, 131.16) mas
    2056: (  2.0,   2.5) m, (125.89, 129.31) mas
    1803: (  1.3,   1.6) m, (132.69, 138.65) mas
    1581: (  0.8,   0.9) m, (139.48, 148.51) mas
     938: (  0.6,  -1.3) m, (141.55, 180.44) mas
     984: ( -0.9,  -1.1) m, (163.16, 181.03) mas
     764: ( -1.5,  -1.8) m, (166.33, 187.53) mas
     510: ( -2.1,  -2.7) m, (176.38, 200.40) mas
     276: ( -2.8,  -3.5) m, (198.14, 226.13) mas
      88: ( -3.0,  -4.4) m, (189.97, 225.26) mas
sa index   location       noise equivalent angle
    2554: ( -0.9,   4.7) m, (117.84, 120.68) mas
    2345: ( -0.9,   3.7) m, (119.04, 127.55) mas
    2181: ( -0.8,   3.0) m, (120.62, 134.49) mas
    1738: ( -0.4,   1.5) m, (124.02, 153.64) mas
    1683: ( -0.4,   1.3) m, (124.25, 156.23) mas
    1233: (  1.3,  -0.3) m, (136.54, 183.77) mas
     829: (  0.3,  -1.6) m, (130.42, 206.21) mas
     619: (  0.4,  -2.3) m, (133.02, 218.22) mas
     221: (  0.8,  -3.8) m, (135.82, 238.65) mas
      74: (  0.9,  -4.5) m, (137.76, 249.00) mas
      15: (  2.1,  -4.9) m, (150.33, 258.26) mas
sa index   location       noise equivalent angle
    1768: ( -4.7,   1.6) m, (127.33, 125.28) mas
    1826: ( -4.0,   1.8) m, (123.33, 119.21) mas
    1721: ( -3.3,   1.5) m, (128.66, 121.45) mas
    1527: ( -1.8,   0.8) m, (157.03, 138.02) mas
    1482: ( -1.5,   0.6) m, (159.49, 136.25) mas
    1533: (  0.9,   0.8) m, (190.82, 131.25) mas
    1083: (  1.3,  -0.8) m, (201.62, 147.07) mas
     949: (  2.5,  -1.3) m, (215.56, 149.75) mas
     846: (  3.2,  -1.6) m, (225.32, 154.38) mas
     741: (  3.8,  -2.0) m, (234.88, 159.24) mas
    1205: (  5.2,  -0.4) m, (257.07, 143.89) mas
sa index   location       noise equivalent angle
     745: ( -4.7,  -1.8) m, (127.33, 125.28) mas
     695: ( -4.0,  -2.0) m, (123.33, 119.21) mas
     808: ( -3.3,  -1.6) m, (128.66, 121.45) mas
    1028: ( -1.8,  -0.9) m, (156.14, 138.02) mas
    1078: ( -1.5,  -0.8) m, (156.06, 133.59) mas
    1033: (  0.9,  -0.9) m, (192.06, 132.27) mas
    1487: (  1.3,   0.6) m, (205.50, 149.77) mas
    1645: (  2.5,   1.1) m, (215.56, 149.75) mas
    1759: (  3.2,   1.5) m, (225.32, 154.38) mas
    1872: (  3.8,   1.8) m, (234.88, 159.24) mas
    1409: (  5.2,   0.3) m, (257.07, 143.89) mas
sa index   location       noise equivalent angle
       7: ( -0.9,  -4.9) m, (117.77, 120.61) mas
     211: ( -0.9,  -3.8) m, (119.04, 127.55) mas
     377: ( -0.8,  -3.2) m, (120.60, 134.47) mas
     825: ( -0.4,  -1.6) m, (124.02, 153.64) mas
     880: ( -0.4,  -1.5) m, (124.25, 156.23) mas
    1334: (  1.3,   0.1) m, (136.54, 183.77) mas
    1742: (  0.3,   1.5) m, (130.42, 206.21) mas
    1953: (  0.4,   2.1) m, (132.59, 217.44) mas
    2355: (  0.8,   3.7) m, (135.82, 238.65) mas
    2504: (  0.9,   4.4) m, (137.76, 248.99) mas
    2562: (  2.1,   4.7) m, (152.64, 261.74) mas
sa index   location       noise equivalent angle
     196: (  2.8,  -4.0) m, (119.16, 119.20) mas
     350: (  2.5,  -3.3) m, (127.83, 129.93) mas
     534: (  2.0,  -2.7) m, (125.89, 129.31) mas
     780: (  1.3,  -1.8) m, (132.69, 138.65) mas
     987: (  0.8,  -1.1) m, (140.47, 149.53) mas
    1634: (  0.6,   1.1) m, (141.55, 180.44) mas
    1578: ( -0.9,   0.9) m, (161.48, 179.28) mas
    1787: ( -1.5,   1.6) m, (166.33, 187.53) mas
    2032: ( -2.1,   2.5) m, (176.38, 200.40) mas
    2258: ( -2.8,   3.3) m, (197.38, 224.62) mas
    2444: ( -3.0,   4.2) m, (189.97, 225.26) mas

[00;00mSetting up powfs 2 PO WFS[00;00m

OTF dimension is 48x48 (calculated)
Generating matched filter for powfs 2
Use sanea to derive neasim
Use sanea to derive neasim

[00;00mSetting up reconstructor[00;00m

Recon NEA: cmf(165.49) cmf(165.60) cmf(164.89) cmf(165.15) cmf(165.12) cmf(164.83) cmf(165.55) geom(0.31) geom(0.31) geom(0.31) mf(0.14)  mas
Setup or update control matrix parameters.
RRtwfs svd threshold is 1e-10
Replacing HA by HA*fit->actextrap
Adding piston cr to fit matrix
Adding TT cr on upper DMs to fit matrix.
Before assembling fit matrix:	4214.8 MiB.
Building fit->FR
Building fit->FL
Adding tikhonov constraint of 1.0e-07 to FLM
The maximum eigen value is estimated to be around 3.0e-04
DM Fit number of Low rank terms: 16 in LHS
After assemble fit matrix:	5718.4 MiB.
After setup_recon:	5718.4 MiB.
GPU 0: mem used 1678 MB (wfs init)
GPU 0: mem used 2594 MB (recon init)
GPU 0: mem used 2624 MB (perf init)

*** Simulation started at 2025/02/12 00:22:33 in nid008236. ***

Running seed 1
GPU 0: mem used 2624 MB (wfs seeding)
Wind dir: 267.3 261.7 167.0 130.5 300.7  32.3 119.8 139.0 150.8 277.7 203.0 133.1  45.9 265.1 deg
Using /global/homes/b/bpeck/.aos/cache/atm/vonkarman_14_8192x8192_0.0078125_1115374592d.bin
After genatm:	5595.5 MiB.
Step     #  Open Loop  PR TT  On axis  PR TT  Field RMS PR TT     Timing 
Step     0: OL  884.6  248.3  OA  884.6 248.3 CL  884.6 248.3 nm  0.396 s
Step    18: OL  913.1  255.1  OA  125.0   4.5 CL  125.0   4.5 nm  0.049 s
Step    35: OL  939.9  259.7  OA  120.0  12.0 CL  120.0  12.0 nm  0.059 s
Step    49: OL  960.9  261.1  OA  121.5   6.6 CL  121.5   6.6 nm  0.061 s
Step    66: OL  986.1  260.1  OA  122.6  12.7 CL  122.6  12.7 nm  0.060 s
Step    83: OL 1011.8  258.3  OA  125.8  29.9 CL  125.8  29.9 nm  0.057 s
Step   100: OL 1037.6  257.3  OA  121.5   9.4 CL  121.5   9.4 nm  0.065 s
Step   117: OL 1063.4  258.0  OA  120.8  29.8 CL  120.8  29.8 nm  0.059 s
Step   134: OL 1087.6  261.3  OA  120.7  23.7 CL  120.7  23.7 nm  0.058 s
Step   151: OL 1109.6  267.6  OA  122.0  10.6 CL  122.0  10.6 nm  0.062 s
Step   168: OL 1128.1  276.5  OA  121.5  14.1 CL  121.5  14.1 nm  0.059 s
Step   185: OL 1142.5  287.1  OA  118.2   9.3 CL  118.2   9.3 nm  0.058 s
Step   202: OL 1152.3  298.1  OA  118.3   1.6 CL  118.3   1.6 nm  0.058 s
Step   219: OL 1158.9  308.9  OA  114.2  15.6 CL  114.2  15.6 nm  0.057 s
Step   233: OL 1161.1  318.1  OA  116.7  14.3 CL  116.7  14.3 nm  0.060 s
Step   250: OL 1159.6  329.8  OA  115.5  14.3 CL  115.5  14.3 nm  0.058 s
Step   255 updated high order loop gain: 0.373
Step   267: OL 1151.5  342.1  OA  117.9  24.8 CL  117.9  24.8 nm  0.065 s
Step   284: OL 1137.7  354.6  OA  119.5  27.3 CL  119.5  27.3 nm  0.060 s
Step   301: OL 1120.6  369.0  OA  123.5  36.0 CL  123.5  36.0 nm  0.057 s
Step   318: OL 1100.7  384.7  OA  120.3  39.2 CL  120.3  39.2 nm  0.066 s
Step   331: OL 1084.0  398.2  OA  122.5  40.6 CL  122.5  40.6 nm  0.058 s
Step   348: OL 1062.0  418.4  OA  121.6  34.3 CL  121.6  34.3 nm  0.058 s
Step   365: OL 1040.9  441.4  OA  118.4  20.0 CL  118.4  20.0 nm  0.062 s
Step   382: OL 1021.3  465.8  OA  125.2  32.6 CL  125.2  32.6 nm  0.059 s
Step   395: OL 1006.9  484.7  OA  117.9  19.6 CL  117.9  19.6 nm  0.060 s
Step   412: OL  987.7  508.8  OA  118.6  32.9 CL  118.6  32.9 nm  0.059 s
Step   429: OL  968.1  531.5  OA  113.4  15.9 CL  113.4  15.9 nm  0.056 s
Step   446: OL  949.8  553.8  OA  121.4  29.8 CL  121.4  29.8 nm  0.059 s
Step   463: OL  935.3  576.1  OA  125.1  38.0 CL  125.1  38.0 nm  0.065 s
Step   480: OL  927.2  597.9  OA  116.6  22.3 CL  116.6  22.3 nm  0.059 s
Step   496: OL  925.9  617.4  OA  125.4  29.3 CL  125.4  29.3 nm  0.058 s
Step   511 updated high order loop gain: 0.337
Step   512: OL  928.0  635.1  OA  125.0  36.8 CL  125.0  36.8 nm  0.314 s
Step   529: OL  933.8  650.5  OA  124.7  31.3 CL  124.7  31.3 nm  0.059 s
Step   546: OL  943.1  661.2  OA  124.2  30.3 CL  124.2  30.3 nm  0.059 s
Step   563: OL  956.2  667.6  OA  119.2  27.3 CL  119.2  27.3 nm  0.059 s
Step   580: OL  972.1  670.4  OA  113.3  13.9 CL  113.3  13.9 nm  0.059 s
Step   597: OL  990.8  669.6  OA  118.7  18.1 CL  118.7  18.1 nm  0.055 s
Step   615: OL 1011.8  663.4  OA  116.0   9.8 CL  116.0   9.8 nm  0.059 s
Step   632: OL 1031.7  653.2  OA  120.2  11.6 CL  120.2  11.6 nm  0.064 s
Step   649: OL 1050.1  639.4  OA  119.2  11.7 CL  119.2  11.7 nm  0.058 s
Step   666: OL 1066.4  623.0  OA  117.6  13.2 CL  117.6  13.2 nm  0.056 s
Step   683: OL 1081.1  605.3  OA  120.4  16.5 CL  120.4  16.5 nm  0.058 s
Step   700: OL 1094.0  586.8  OA  118.3   9.3 CL  118.3   9.3 nm  0.062 s
Step   717: OL 1102.8  566.3  OA  122.1  16.8 CL  122.1  16.8 nm  0.057 s
Step   734: OL 1106.6  545.3  OA  118.3   6.9 CL  118.3   6.9 nm  0.056 s
Step   751: OL 1105.1  524.4  OA  119.4   7.7 CL  119.4   7.7 nm  0.066 s
Step   767 updated high order loop gain: 0.317
Step   768: OL 1098.7  504.5  OA  117.8   4.4 CL  117.8   4.4 nm  0.063 s
Step   785: OL 1087.4  485.4  OA  120.6   6.6 CL  120.6   6.6 nm  0.058 s
Step   802: OL 1070.4  466.4  OA  121.9   5.1 CL  121.9   5.1 nm  0.070 s
Step   819: OL 1049.7  447.4  OA  120.8   9.6 CL  120.8   9.6 nm  0.056 s
Step   836: OL 1025.0  428.9  OA  121.1  10.3 CL  121.1  10.3 nm  0.057 s
Step   853: OL  998.1  411.7  OA  119.8  21.1 CL  119.8  21.1 nm  0.060 s
Step   870: OL  971.2  396.4  OA  115.4   9.0 CL  115.4   9.0 nm  0.068 s
Step   887: OL  945.9  383.5  OA  118.2   4.2 CL  118.2   4.2 nm  0.059 s
Step   904: OL  919.8  372.6  OA  117.8   9.3 CL  117.8   9.3 nm  0.057 s
Step   921: OL  892.4  364.0  OA  114.5   3.3 CL  114.5   3.3 nm  0.067 s
Step   938: OL  865.6  355.9  OA  117.7   7.6 CL  117.7   7.6 nm  0.059 s
Step   955: OL  840.4  347.6  OA  119.9   7.0 CL  119.9   7.0 nm  0.059 s
Step   972: OL  818.6  338.2  OA  115.6   8.1 CL  115.6   8.1 nm  0.066 s
Step   989: OL  800.6  327.5  OA  122.8  12.8 CL  122.8  12.8 nm  0.058 s
Step  1006: OL  784.8  315.2  OA  121.0  11.9 CL  121.0  11.9 nm  0.059 s
Step  1023: OL  771.5  302.2  OA  123.5  23.5 CL  123.5  23.5 nm  0.056 s
Step  1023 updated high order loop gain: 0.307
Step  1040: OL  760.8  288.3  OA  121.8  14.9 CL  121.8  14.9 nm  0.073 s
Step  1057: OL  751.1  273.0  OA  125.3  25.4 CL  125.3  25.4 nm  0.058 s
Step  1074: OL  742.8  255.2  OA  121.2  17.8 CL  121.2  17.8 nm  0.057 s
Step  1091: OL  738.3  235.5  OA  119.7  19.4 CL  119.7  19.4 nm  0.063 s
Step  1108: OL  736.8  217.1  OA  120.0  26.5 CL  120.0  26.5 nm  0.056 s
Step  1125: OL  736.8  201.0  OA  115.5  25.7 CL  115.5  25.7 nm  0.058 s
Step  1142: OL  737.7  188.3  OA  118.0  34.0 CL  118.0  34.0 nm  0.060 s
Step  1158: OL  738.7  179.1  OA  115.2  25.7 CL  115.2  25.7 nm  0.056 s
Step  1175: OL  739.5  172.8  OA  118.4  31.0 CL  118.4  31.0 nm  0.059 s
Step  1192: OL  742.5  168.8  OA  115.4  20.4 CL  115.4  20.4 nm  0.057 s
Step  1209: OL  746.2  165.5  OA  114.6  21.5 CL  114.6  21.5 nm  0.065 s
Step  1226: OL  749.8  163.7  OA  114.4  23.2 CL  114.4  23.2 nm  0.058 s
Step  1243: OL  752.1  164.8  OA  115.3  32.0 CL  115.3  32.0 nm  0.059 s
Step  1260: OL  754.4  169.6  OA  113.2  24.9 CL  113.2  24.9 nm  0.066 s
Step  1277: OL  757.5  177.6  OA  112.9  28.0 CL  112.9  28.0 nm  0.057 s
Step  1279 updated high order loop gain: 0.299
Step  1294: OL  762.4  187.9  OA  111.4  16.8 CL  111.4  16.8 nm  0.056 s
Step  1311: OL  767.3  199.9  OA  115.5  16.3 CL  115.5  16.3 nm  0.057 s
Step  1328: OL  772.0  213.7  OA  112.6  23.8 CL  112.6  23.8 nm  0.059 s
Step  1345: OL  778.8  229.0  OA  109.4  14.0 CL  109.4  14.0 nm  0.061 s
Step  1362: OL  788.5  243.9  OA  114.5  11.6 CL  114.5  11.6 nm  0.058 s
Step  1379: OL  800.0  255.8  OA  115.1  23.7 CL  115.1  23.7 nm  0.059 s
Step  1396: OL  813.8  264.8  OA  112.9  16.8 CL  112.9  16.8 nm  0.069 s
Step  1413: OL  829.8  270.8  OA  120.0   2.0 CL  120.0   2.0 nm  0.057 s
Step  1431: OL  847.9  275.2  OA  121.9  27.7 CL  121.9  27.7 nm  0.056 s
Step  1448: OL  864.3  278.3  OA  117.6  19.2 CL  117.6  19.2 nm  0.065 s
Step  1465: OL  878.9  279.6  OA  117.1  14.0 CL  117.1  14.0 nm  0.057 s
Step  1481: OL  888.3  278.1  OA  117.0   9.6 CL  117.0   9.6 nm  0.062 s
Step  1498: OL  892.7  273.6  OA  114.4  10.9 CL  114.4  10.9 nm  0.058 s
Step  1515: OL  892.1  266.5  OA  110.1   8.0 CL  110.1   8.0 nm  0.066 s
Step  1532: OL  887.9  257.5  OA  112.0   3.3 CL  112.0   3.3 nm  0.056 s
Step  1535 updated high order loop gain: 0.299
Step  1549: OL  880.4  246.6  OA  114.6  19.4 CL  114.6  19.4 nm  0.065 s
Step  1566: OL  872.1  235.6  OA  120.1  17.6 CL  120.1  17.6 nm  0.057 s
Step  1583: OL  862.5  226.2  OA  120.4  12.2 CL  120.4  12.2 nm  0.057 s
Step 1599: Output PSF
Step  1599: OL  851.9  219.3  OA  117.7   3.7 CL  117.7   3.7 nm  4.032 s
Mean: 118.26 20.57 116.46  nm.

*** Simulation Finished at 2025/02/12 00:24:22 in nid008236. ***

