Warning(sock.c:516): connect locally (/global/homes/b/bpeck/.aos/tmp/nid003257/scheduler) failed: Invalid argument. 
/global/u2/b/bpeck/work/vismcao/maos -o studies/misreg/8_lgs/8mag_lgs/4250count -c master_files/misreg/8_lgs/8mag_lgs/kola_4250act.conf -O 
Output folder is 'studies/misreg/8_lgs/8mag_lgs/4250count'.
SRC: /global/homes/b/bpeck/code/maos v2.9 4c88b7c2 2024-11-13 16:45:33 -0800
BUILT: /global/homes/b/bpeck/code/maos/optim by GCC (v12) on 2024/11/18 09:40:03 CPU(F64,+O3) with CUDA(v122,F32)
Launched at 2025/02/09 17:16:05 in nid003257 with PID 989442.
The web based job monitor can be accessed at http://localhost:10300
Main config file is /global/u2/b/bpeck/work/vismcao/master_files/misreg/8_lgs/8mag_lgs/kola_4250act.conf
Warning(path.c:48): Path not found: path=/global/u2/b/bpeck/work/vismcao/master_files/misreg/8_lgs/8mag_lgs/bin; abspath=/global/u2/b/bpeck/work/vismcao/master_files/misreg/8_lgs/8mag_lgs/bin; Ignored.
Warning(path.c:48): Path not found: path=/global/u2/b/bpeck/work/vismcao/master_files/misreg/8_lgs/8mag_lgs/atm; abspath=/global/u2/b/bpeck/work/vismcao/master_files/misreg/8_lgs/8mag_lgs/atm; Ignored.
Warning(readcfg.c:399): sim.apfsm has been renamed to powfs.apfsm.
Warning(readcfg.c:399): sim.epfsm has been renamed to powfs.epfsm.
Warning(readcfg.c:399): sim.alfsm has been renamed to powfs.alfsm.
Warning(readcfg.c:399): sim.commonfsm has been renamed to powfs.commonfsm.
Warning(readcfg.c:399): sim.idealfsm has been renamed to powfs.idealfsm.
Warning(readcfg.c:399): sim.zetafsm has been renamed to powfs.zetafsm.
Warning(readcfg.c:399): sim.f0fsm has been renamed to powfs.f0fsm.
Warning(readcfg.c:399): tsurf has been renamed to ncpa.tsurf.
loaded 132 (132 new) records from '/global/u2/b/bpeck/work/vismcao/./keck_sim.conf'
loaded  19 ( 19 new) records from '/global/u2/b/bpeck/work/vismcao/./dm_none.conf'
loaded  19 (  0 new) records from '/global/u2/b/bpeck/work/vismcao/./keck_ASM.conf'
loaded  19 (  0 new) records from '/global/u2/b/bpeck/work/vismcao/./keck_DM2.conf'
loaded  19 (  0 new) records from '/global/u2/b/bpeck/work/vismcao/./keck_DM3.conf'
loaded   0 (  0 new) records from '/global/u2/b/bpeck/work/vismcao/./keck_dm_multiple.conf'
loaded   7 (  5 new) records from '/global/u2/b/bpeck/work/vismcao/./atm_mk13n50p_ground_detail.conf'
loaded  76 ( 69 new) records from '/global/homes/b/bpeck/code/maos/config/maos/powfs_common.conf'
loaded  44 ( 38 new) records from '/global/u2/b/bpeck/work/vismcao/./powfs_none.conf'
loaded  44 (  0 new) records from '/global/u2/b/bpeck/work/vismcao/./keck_shwfs_lgs.conf'
loaded  44 (  0 new) records from '/global/u2/b/bpeck/work/vismcao/./keck_shwfs_ttf_strap.conf'
loaded  44 (  0 new) records from '/global/u2/b/bpeck/work/vismcao/./keck_shwfs_twfs_lbwfs.conf'
loaded   0 (  0 new) records from '/global/u2/b/bpeck/work/vismcao/./keck_wfs_lgs_strap_lbwfs.conf'
loaded  71 ( 71 new) records from '/global/u2/b/bpeck/work/vismcao/./keck_recon.conf'
Warning(readcfg.c:399): dbg.na_smooth has been renamed to powfs0_llt.na_smooth.
Warning(readcfg.c:399): dbg.na_interp has been renamed to powfs0_llt.na_interp.
Warning(readcfg.c:399): dbg.na_thres has been renamed to powfs0_llt.na_thres.
Warning(readcfg.c:399): dbg.na_fit_maxit has been renamed to powfs0_llt.na_fit_maxit.
Warning(readcfg.c:399): dbg.na_fit_svdthres has been renamed to powfs0_llt.na_fit_svdthres.
Warning(readcfg.c:399): dbg.na_fit_dh has been renamed to powfs0_llt.na_fit_dh.
Warning(readcfg.c:399): dbg.ncpa_preload has been renamed to ncpa.preload.
Warning(readcfg.c:399): dbg.ncpa_rmsci has been renamed to ncpa.rmsci.
Warning(readcfg.c:399): dbg.draw_opdmax has been renamed to plot.opdmax.
Warning(readcfg.c:399): dbg.draw_gmax has been renamed to plot.gmax.
loaded  95 ( 93 new) records from '/global/u2/b/bpeck/work/vismcao/./keck_dbg.conf'
loaded   4 (  4 new) records from '/global/u2/b/bpeck/work/vismcao/./keck_fit_mcao.conf'
Warning(readcfg.c:399): surf has been renamed to ncpa.surf.
loaded  39 (  7 new) records from '/global/u2/b/bpeck/work/vismcao/master_files/misreg/8_lgs/8mag_lgs/kola_4250act.conf'
loaded   0 (  0 new) records from 'command line'
loaded  24 ( 18 new) records from '/global/u2/b/bpeck/work/vismcao/./keck_llt_CL.conf'
Adjust LGS range by telescope altitude 4145m.
Zenith angle is 30 degree.
    Scaling turbulence height and LGS hs by sec(za).
    Scaling r0 by cos(za)^(3/5).
    Scaling wind speed and LGS signal level by cos(za).
powfs0: Adjusting dx from 0.0078125 to 0.0075. 
powfs0.llt.fsm: f0=0 Hz, LPF ep=0
powfs0.epfsm is set to 0.517618 (auto)
powfs2: Adjusting dx from 0.03125 to 0.0312778. 
powfs2 is TWFS for powfs0
sim.ephi is set to 0.427717 (auto)
sim.eplo is set to 0.427717 (auto)
Warning(parms.c:2296): Layer 1 at 17.3205m is very close to layer 0 at 0m (OK).
Warning(parms.c:2296): Layer 2 at 34.641m is very close to layer 1 at 17.3205m (OK).
Warning(parms.c:2296): Layer 3 at 51.9615m is very close to layer 2 at 34.641m (OK).
dm 0: stroke=30 um is provided in micron.
dm 0: assume ia stroke=2 um is provided in micron.
dm 1: stroke=7 um is provided in micron.
dm 1: assume ia stroke=2 um is provided in micron.
dm 2: stroke=7 um is provided in micron.
dm 2: assume ia stroke=2 um is provided in micron.
Focus blending is not implemented yet for integrated tomography
parms->sim.mffocus is reset to 0
There are 1 valid simulation seeds:  1
Output PSF for 1 directions
Used 449 of 456 supplied keys
Warning(readcfg.c:158): key "dbg.pwfs_flate" is not recognized, value is 0
Warning(readcfg.c:158): key "dbg.pwfs_flatv" is not recognized, value is 0
Warning(readcfg.c:158): key "dbg.pwfs_psx" is not recognized, value is [0 0 0 0]
Warning(readcfg.c:158): key "dbg.pwfs_psy" is not recognized, value is [0 0 0 0]
Warning(readcfg.c:158): key "dbg.pwfs_pupelong" is not recognized, value is 0
Warning(readcfg.c:158): key "dbg.pwfs_raw" is not recognized, value is 0
Warning(readcfg.c:158): key "dbg.pwfs_side" is not recognized, value is 4
[00;00mAperture[00;00m is 11 m with sampling 1/128 m
[00;00mTurbulence at 30 degree zenith angle:[00;00m r0=0.128424m, L0=30m, 14 layers.
    Greenwood freq is 25.1Hz, anisoplanatic angle is 1.58 as
    Sampled 8192x8192 at 1/128m. wind dir is randomized.
    layer 0: ht=      0 m, wt= 0.302, ws=  4.8 m/s
    layer 1: ht=     17 m, wt= 0.154, ws=  5.0 m/s
    layer 2: ht=     35 m, wt= 0.041, ws=  5.4 m/s
    layer 3: ht=     52 m, wt= 0.002, ws=  6.6 m/s
    layer 4: ht=    139 m, wt= 0.021, ws=  6.1 m/s
    layer 5: ht=    231 m, wt= 0.010, ws=  6.1 m/s
    layer 6: ht=    323 m, wt= 0.008, ws=  6.1 m/s
    layer 7: ht=    416 m, wt= 0.005, ws=  6.1 m/s
    layer 8: ht=    508 m, wt= 0.001, ws=  6.1 m/s
    layer 9: ht=    932 m, wt= 0.107, ws=  5.6 m/s
    layer 10: ht=   5022 m, wt= 0.144, ws= 11.1 m/s
    layer 11: ht=   9238 m, wt= 0.093, ws= 19.1 m/s
    layer 12: ht=  13856 m, wt= 0.075, ws=  8.2 m/s
    layer 13: ht=  22518 m, wt= 0.036, ws=  4.8 m/s
[00;00mReconstruction[00;00m: r0=0.128424m L0=30m. 14 layers. use cone coordinate.
    layer 0: ht=      0 m, wt= 0.302
    layer 1: ht=     17 m, wt= 0.154
    layer 2: ht=     35 m, wt= 0.041
    layer 3: ht=     52 m, wt= 0.002
    layer 4: ht=    139 m, wt= 0.021
    layer 5: ht=    231 m, wt= 0.010
    layer 6: ht=    323 m, wt= 0.008
    layer 7: ht=    416 m, wt= 0.005
    layer 8: ht=    508 m, wt= 0.001
    layer 9: ht=    932 m, wt= 0.107
    layer 10: ht=   5022 m, wt= 0.144
    layer 11: ht=   9238 m, wt= 0.093
    layer 12: ht=  13856 m, wt= 0.075
    layer 13: ht=  22518 m, wt= 0.036
[00;00mThere are 3 powfs[00;00m
  powfs0: Order 74, LGS at 99.1 km. Sampling 1/133.333 m. Thres 30%. [00;00mT/T is removed in right hand side in tomography.[00;00m
    CCD image is 25x25 @ 500x500 mas, blur 27% (sigma), 1500Hz, wvl: [ 5.89e-07]
    Gtilt in reconstruction. Physical optics start at 0 with [00;00m'matched filter'[00;00m [00;00m(noisy)[00;00m
  powfs1: Order  2, NGS at inf km. Sampling 1/16 m. Thres 30%. 
    Ztilt in reconstruction. Geomtric optics start at 2 with ztilt [00;00m(noisy)[00;00m
  powfs2: Order 20, NGS at inf km. Sampling 1/31.9716 m. Thres 50%. 
    CCD image is 4x4 @ 1500x1500 mas, blur 0% (sigma), 0.015Hz, wvl: [ 7.2e-07]
    Gtilt in reconstruction. Geomtric optics start at 50 with gtilt Physical optics start at 0 with [00;00m'matched filter'[00;00m [00;00m(noisy)[00;00m
[00;00mThere are 12 wfs[00;00m
    wfs 0: type 0, at (  30.00,    0.00) arcsec,  99 km, siglev is 26.9784 bkgrnd is 0.1
    wfs 1: type 0, at (  21.21,   21.21) arcsec,  99 km, siglev is 26.9784 bkgrnd is 0.1
    wfs 2: type 0, at (   0.00,   30.00) arcsec,  99 km, siglev is 26.9784 bkgrnd is 0.1
    wfs 3: type 0, at ( -21.21,   21.21) arcsec,  99 km, siglev is 26.9784 bkgrnd is 0.1
    wfs 4: type 0, at ( -30.00,    0.00) arcsec,  99 km, siglev is 26.9784 bkgrnd is 0.1
    wfs 5: type 0, at ( -21.21,  -21.21) arcsec,  99 km, siglev is 26.9784 bkgrnd is 0.1
    wfs 6: type 0, at (   0.00,  -30.00) arcsec,  99 km, siglev is 26.9784 bkgrnd is 0.1
    wfs 7: type 0, at (  21.21,  -21.21) arcsec,  99 km, siglev is 26.9784 bkgrnd is 0.1
    wfs 8: type 1, at (  15.00,   25.98) arcsec, inf km, siglev is 42387.6 bkgrnd is 1.056
    wfs 9: type 1, at ( -30.00,    0.00) arcsec, inf km, siglev is 42387.6 bkgrnd is 1.056
    wfs 10: type 1, at (  15.00,  -25.98) arcsec, inf km, siglev is 42387.6 bkgrnd is 1.056
    wfs 11: type 2, at (   0.00,    0.00) arcsec, inf km, siglev is 4.1558e+06 bkgrnd is 0.001
[00;00mThere are 3 DMs[00;00m
  DM 0 at -0.1km, actuator pitch 0.15m, offset   0, with 30.000000 micron stroke.
    Normalized cubic influence function with inter-actuator coupling of 0.223
  DM 1 at    6km, actuator pitch 0.168m, offset   0, with 7.000000 micron stroke.
    Normalized cubic influence function with inter-actuator coupling of 0.223
  DM 2 at   10km, actuator pitch 0.168m, offset   0, with 7.000000 micron stroke.
    Normalized cubic influence function with inter-actuator coupling of 0.223
[00;00mTomography[00;00m is using CG, with [00;00mFourer Domain[00;00m preconditioner, [00;00m12[00;00m iterations, integrated tomo.
[00;00mDM Fitting [00;00mis using CG, with [00;00mNo[00;00m preconditioner, [00;00m10[00;00m iterations
[00;00mThere are 9 fit directions[00;00m
    Fit 0: weight is 0.444, at (   0.00,    0.00) arcsec
    Fit 1: weight is 0.111, at (  15.00,    0.00) arcsec
    Fit 2: weight is 0.111, at (   0.00,   15.00) arcsec
    Fit 3: weight is 0.111, at ( -15.00,    0.00) arcsec
    Fit 4: weight is 0.111, at (   0.00,  -15.00) arcsec
    Fit 5: weight is 0.028, at (  15.00,   15.00) arcsec
    Fit 6: weight is 0.028, at ( -15.00,   15.00) arcsec
    Fit 7: weight is 0.028, at ( -15.00,  -15.00) arcsec
    Fit 8: weight is 0.028, at (  15.00,  -15.00) arcsec
[00;00mThere are 1 evaluation directions[00;00m at sampling 1/128 m.
    Evl 0: weight is 1.000, at (   0.00,    0.00) arcsec
[00;00mSimulation[00;00m start at step 0, end at step 1600, with time step 1/1500s, [00;00mclose loop[00;00m.
After setup_parms:	120.5 MiB.
Warning(sock.c:516): connect locally (/global/homes/b/bpeck/.aos/tmp/nid003257/scheduler) failed: Invalid argument. 
CUDA: minimum memory requirement is 0.4GB
GPU 0 is NVIDIA A100-SXM4-40GB with arch 8.0, 38.9GB free, 39.3GB total device memory.
Using GPU 0
Use 1 GPUs for WFS Tomo Fit Evl

*** Preparation started at 2025/02/09 17:16:06 in nid003257. ***

Using OpenMP version 201511 with 128 threads
Reading aperture amplitude map from KECK.fits
Warning(accphi.c:477): 108530 points not covered by input screen
Warning(sock.c:516): connect locally (/global/homes/b/bpeck/.aos/tmp/nid003257/scheduler) failed: Invalid argument. 
 ->maos.c:447->setup.c:148->aper.c:74->utils.c:478->accphi.c:478
iwvl 0: Science PSF is using grid size of 2880. The PSF will sum to 6.95167232825486
iwvl 1: Science PSF is using grid size of 2880. The PSF will sum to 6.95167232825486
iwvl 2: Science PSF is using grid size of 2880. The PSF will sum to 6.95167232825486
iwvl 3: Science PSF is using grid size of 2880. The PSF will sum to 6.95167232825486
iwvl 4: Science PSF is using grid size of 2880. The PSF will sum to 6.95167232825486
iwvl 5: Science PSF is using grid size of 2880. The PSF will sum to 6.95167232825486
iwvl 6: Science PSF is using grid size of 2880. The PSF will sum to 6.95167232825486
iwvl 7: Science PSF is using grid size of 2880. The PSF will sum to 6.95167232825486
iwvl 8: Science PSF is using grid size of 2880. The PSF will sum to 6.95167232825486
After setup_aper:	344.7 MiB.

[00;00mSetting up powfs 0 geom[00;00m

There are 20 points in each subaperture of 0.15m.
There are 3300 valid subaperture.

[00;00mSetting up powfs 1 geom[00;00m

There are 88 points in each subaperture of 5.5m.
There are 4 valid subaperture.

[00;00mSetting up powfs 2 geom[00;00m

There are 18 points in each subaperture of 0.563m.
There are 236 valid subaperture.
After setup_powfs_init:	446.9 MiB.

[00;00mSetting up reconstructor geometry.[00;00m

PLOC is 151x151, with sampling of 0.07m (square)
    DM 0: grid is 77 x 77
    DM 1: grid is 77 x 79
    DM 2: grid is 84 x 85
FLOC is 151x151, with sampling of 0.07m (not square)
Tomography grid is square:
    layer 0: xloc grid is 320 x 320, sampling is 0.075 m, 102400 points
    layer 1: xloc grid is 320 x 320, sampling is 0.075 m, 102400 points
    layer 2: xloc grid is 320 x 320, sampling is 0.075 m, 102400 points
    layer 3: xloc grid is 320 x 320, sampling is 0.075 m, 102400 points
    layer 4: xloc grid is 320 x 320, sampling is 0.075 m, 102400 points
    layer 5: xloc grid is 320 x 320, sampling is 0.075 m, 102400 points
    layer 6: xloc grid is 320 x 320, sampling is 0.075 m, 102400 points
    layer 7: xloc grid is 320 x 320, sampling is 0.075 m, 102400 points
    layer 8: xloc grid is 320 x 320, sampling is 0.075 m, 102400 points
    layer 9: xloc grid is 320 x 320, sampling is 0.074 m, 102400 points
    layer 10: xloc grid is 320 x 320, sampling is 0.071 m, 102400 points
    layer 11: xloc grid is 320 x 320, sampling is 0.068 m, 102400 points
    layer 12: xloc grid is 320 x 320, sampling is 0.065 m, 102400 points
    layer 13: xloc grid is 320 x 320, sampling is 0.058 m, 102400 points

[00;00mSetting up powfs 0 PO WFS[00;00m

OTF dimension is 40x40 (calculated)
There is no bias
Uplink FWHM (illt 0, iwvl 0) is 0.576822"
Downlink FWHM (illt 0, iwvl 0) is 1.3294"
Generating matched filter for powfs 0
sa index   location       noise equivalent angle
    1648: (  4.8,  -0.1) m, (153.28, 147.67) mas
    1641: (  3.8,  -0.1) m, (162.87, 149.46) mas
    1634: (  2.7,  -0.1) m, (174.67, 151.70) mas
    1626: (  1.5,  -0.1) m, (189.26, 154.46) mas
    1625: (  1.3,  -0.1) m, (191.02, 154.79) mas
    1171: ( -0.6,  -1.3) m, (220.27, 162.54) mas
    1620: ( -1.8,  -0.1) m, (238.63, 162.08) mas
    1613: ( -2.9,  -0.1) m, (258.46, 164.30) mas
    1606: ( -3.9,  -0.1) m, (282.69, 166.46) mas
    1598: ( -5.1,  -0.1) m, (316.03, 168.77) mas
    1596: ( -5.4,  -0.1) m, (325.87, 169.40) mas
sa index   location       noise equivalent angle
    2721: (  2.7,   2.7) m, (156.02, 156.02) mas
    2451: (  1.9,   1.9) m, (174.40, 174.81) mas
    2075: (  1.1,   1.1) m, (174.93, 174.93) mas
    2018: (  0.9,   0.9) m, (176.79, 176.79) mas
    1235: (  0.6,  -1.2) m, (192.82, 215.34) mas
    1229: ( -1.2,  -1.2) m, (209.33, 209.33) mas
     914: ( -1.9,  -1.9) m, (222.50, 222.50) mas
     636: ( -2.7,  -2.7) m, (235.11, 235.11) mas
     373: ( -3.4,  -3.4) m, (251.13, 251.51) mas
     119: ( -3.0,  -4.3) m, (240.65, 264.67) mas
sa index   location       noise equivalent angle
    3039: (  0.0,   3.8) m, (153.83, 166.88) mas
    2703: (  0.0,   2.7) m, (156.17, 179.03) mas
    2254: (  0.0,   1.5) m, (159.06, 194.02) mas
    2192: (  0.0,   1.3) m, (159.40, 195.82) mas
    1448: ( -1.3,  -0.6) m, (162.54, 220.27) mas
     989: (  0.0,  -1.8) m, (167.06, 244.66) mas
     602: (  0.0,  -2.9) m, (169.40, 265.11) mas
     265: (  0.0,  -3.9) m, (171.68, 290.16) mas
      97: (  0.0,  -4.5) m, (172.94, 306.85) mas
      10: (  2.2,  -5.0) m, (184.26, 327.81) mas
sa index   location       noise equivalent angle
    2684: ( -2.9,   2.7) m, (156.02, 156.02) mas
    2424: ( -2.1,   1.9) m, (174.86, 175.98) mas
    2066: ( -1.2,   1.1) m, (174.93, 174.93) mas
    2015: ( -1.1,   0.9) m, (176.79, 176.79) mas
    1232: ( -0.8,  -1.2) m, (196.50, 219.13) mas
    1238: (  1.1,  -1.2) m, (209.33, 209.33) mas
     939: (  1.8,  -1.9) m, (222.00, 222.00) mas
     671: (  2.5,  -2.7) m, (235.11, 235.11) mas
     418: (  3.3,  -3.4) m, (253.03, 253.77) mas
     158: (  2.9,  -4.3) m, (240.65, 264.67) mas
sa index   location       noise equivalent angle
    1599: ( -5.0,  -0.1) m, (153.28, 147.67) mas
    1606: ( -3.9,  -0.1) m, (162.87, 149.46) mas
    1613: ( -2.9,  -0.1) m, (174.67, 151.70) mas
    1621: ( -1.6,  -0.1) m, (189.26, 154.46) mas
    1622: ( -1.5,  -0.1) m, (191.02, 154.79) mas
    1178: (  0.4,  -1.3) m, (220.27, 162.54) mas
    1627: (  1.6,  -0.1) m, (238.63, 162.08) mas
    1634: (  2.7,  -0.1) m, (258.46, 164.30) mas
    1641: (  3.8,  -0.1) m, (282.69, 166.46) mas
    1649: (  5.0,  -0.1) m, (316.03, 168.77) mas
    1651: (  5.2,  -0.1) m, (325.87, 169.40) mas
sa index   location       noise equivalent angle
     373: ( -3.4,  -3.4) m, (152.35, 152.57) mas
     636: ( -2.7,  -2.7) m, (157.33, 157.33) mas
     914: ( -1.9,  -1.9) m, (166.01, 166.02) mas
    1286: ( -1.1,  -1.1) m, (176.79, 176.79) mas
    2069: ( -0.8,   1.1) m, (190.80, 213.29) mas
    2018: (  0.9,   0.9) m, (206.92, 206.92) mas
    2138: (  1.2,   1.2) m, (211.56, 211.56) mas
    2451: (  1.9,   1.9) m, (238.70, 238.90) mas
    2721: (  2.7,   2.7) m, (237.52, 237.52) mas
    3184: (  2.9,   4.2) m, (240.65, 264.67) mas
sa index   location       noise equivalent angle
     265: (  0.0,  -3.9) m, (153.83, 166.88) mas
     602: (  0.0,  -2.9) m, (156.17, 179.03) mas
    1051: (  0.0,  -1.6) m, (159.06, 194.02) mas
    1113: (  0.0,  -1.5) m, (159.40, 195.82) mas
    1857: (  1.2,   0.4) m, (162.54, 220.27) mas
    2316: (  0.0,   1.6) m, (167.06, 244.66) mas
    2703: (  0.0,   2.7) m, (169.40, 265.11) mas
    3039: (  0.0,   3.8) m, (171.68, 290.16) mas
    3207: (  0.0,   4.3) m, (172.94, 306.85) mas
sa index   location       noise equivalent angle
     418: (  3.3,  -3.4) m, (153.52, 153.94) mas
     671: (  2.5,  -2.7) m, (157.33, 157.33) mas
     939: (  1.8,  -1.9) m, (165.67, 165.68) mas
    1289: (  0.9,  -1.1) m, (176.79, 176.79) mas
    2072: (  0.6,   1.1) m, (188.38, 210.81) mas
    2015: ( -1.1,   0.9) m, (206.92, 206.92) mas
    2121: ( -1.3,   1.2) m, (211.56, 211.56) mas
    2424: ( -2.1,   1.9) m, (239.18, 240.35) mas
    2684: ( -2.9,   2.7) m, (237.52, 237.52) mas
    3145: ( -3.0,   4.2) m, (240.65, 264.67) mas

[00;00mSetting up powfs 2 PO WFS[00;00m

OTF dimension is 48x48 (calculated)
Generating matched filter for powfs 2
Use sanea to derive neasim
Use sanea to derive neasim

[00;00mSetting up reconstructor[00;00m

Recon NEA: cmf(200.76) cmf(201.63) cmf(200.81) cmf(201.66) cmf(200.79) cmf(201.61) cmf(200.74) cmf(201.59) geom(0.31) geom(0.31) geom(0.31) mf(0.14)  mas
Setup or update control matrix parameters.
RRtwfs svd threshold is 1e-10
Replacing HA by HA*fit->actextrap
Adding piston cr to fit matrix
Adding TT cr on upper DMs to fit matrix.
Before assembling fit matrix:	5522.4 MiB.
Building fit->FR
Building fit->FL
Adding tikhonov constraint of 1.0e-07 to FLM
The maximum eigen value is estimated to be around 2.6e-04
DM Fit number of Low rank terms: 16 in LHS
After assemble fit matrix:	7378.8 MiB.
After setup_recon:	7378.8 MiB.
GPU 0: mem used 1658 MB (wfs init)
GPU 0: mem used 2920 MB (recon init)
GPU 0: mem used 2950 MB (perf init)

*** Simulation started at 2025/02/09 17:18:36 in nid003257. ***

Running seed 1
GPU 0: mem used 2950 MB (wfs seeding)
Wind dir: 267.3 261.7 167.0 130.5 300.7  32.3 119.8 139.0 150.8 277.7 203.0 133.1  45.9 265.1 deg
Using /global/homes/b/bpeck/.aos/cache/atm/vonkarman_14_8192x8192_0.0078125_1115374592d.bin
After genatm:	7308.6 MiB.
Step     #  Open Loop  PR TT  On axis  PR TT  Field RMS PR TT     Timing 
Step     0: OL  884.6  248.3  OA  884.6 248.3 CL  884.6 248.3 nm  0.091 s
Step    15: OL  908.0  254.1  OA  178.9 118.9 CL  178.9 118.9 nm  0.069 s
Step    29: OL  930.0  258.4  OA  136.9  65.7 CL  136.9  65.7 nm  0.083 s
Step    42: OL  949.7  260.7  OA  136.2  64.6 CL  136.2  64.6 nm  0.074 s
Step    55: OL  968.9  261.1  OA  134.3  64.9 CL  134.3  64.9 nm  0.075 s
Step    69: OL  989.7  259.9  OA  141.3  73.2 CL  141.3  73.2 nm  0.087 s
Step    82: OL 1009.5  258.5  OA  133.7  64.8 CL  133.7  64.8 nm  0.076 s
Step    95: OL 1029.5  257.7  OA  138.7  66.8 CL  138.7  66.8 nm  0.076 s
Step   108: OL 1049.5  257.6  OA  123.3  46.6 CL  123.3  46.6 nm  0.087 s
Step   121: OL 1069.2  258.7  OA  131.4  47.2 CL  131.4  47.2 nm  0.075 s
Step   134: OL 1087.7  261.4  OA  125.5  45.5 CL  125.5  45.5 nm  0.075 s
Step   147: OL 1105.1  266.1  OA  130.4  53.4 CL  130.4  53.4 nm  0.081 s
Step   160: OL 1120.3  272.2  OA  124.9  33.1 CL  124.9  33.1 nm  0.075 s
Step   173: OL 1133.5  279.7  OA  131.7  54.1 CL  131.7  54.1 nm  0.075 s
Step   186: OL 1144.0  287.9  OA  124.4  29.7 CL  124.4  29.7 nm  0.083 s
Step   199: OL 1151.9  296.3  OA  123.6  41.1 CL  123.6  41.1 nm  0.075 s
Step   212: OL 1157.9  304.6  OA  121.3  49.0 CL  121.3  49.0 nm  0.077 s
Step   225: OL 1161.6  313.0  OA  124.6  41.0 CL  124.6  41.0 nm  0.080 s
Step   238: OL 1162.8  321.6  OA  111.6  18.6 CL  111.6  18.6 nm  0.078 s
Step   251: OL 1161.1  330.7  OA  115.7  30.9 CL  115.7  30.9 nm  0.074 s
Step   255 updated high order loop gain: 0.364
Step   264: OL 1155.4  340.0  OA  121.8  47.1 CL  121.8  47.1 nm  0.079 s
Step   277: OL 1146.2  349.4  OA  123.7  48.8 CL  123.7  48.8 nm  0.076 s
Step   290: OL 1134.3  359.6  OA  119.9  31.3 CL  119.9  31.3 nm  0.073 s
Step   303: OL 1120.9  370.9  OA  121.7  38.8 CL  121.7  38.8 nm  0.076 s
Step   316: OL 1105.8  382.9  OA  119.0  36.8 CL  119.0  36.8 nm  0.077 s
Step   329: OL 1089.2  396.1  OA  123.7  37.3 CL  123.7  37.3 nm  0.074 s
Step   342: OL 1072.4  411.0  OA  115.3  33.9 CL  115.3  33.9 nm  0.077 s
Step   355: OL 1055.6  427.6  OA  121.7  43.4 CL  121.7  43.4 nm  0.079 s
Step   368: OL 1039.5  445.8  OA  122.7  34.3 CL  122.7  34.3 nm  0.097 s
Step   381: OL 1024.4  464.4  OA  118.1  33.4 CL  118.1  33.4 nm  0.078 s
Step   394: OL 1010.0  483.3  OA  117.7  30.2 CL  117.7  30.2 nm  0.078 s
Step 397, DM 2: 1 actuators over ia limit. trials=2: success.
Step 398, DM 2: 1 actuators over ia limit. trials=2: success.
Step 399, DM 2: 1 actuators over ia limit. trials=2: success.
Step 400, DM 2: 1 actuators over ia limit. trials=2: success.
Step 401, DM 2: 1 actuators over ia limit. trials=2: success.
Step 402, DM 2: 1 actuators over ia limit. trials=2: success.
Step 403, DM 2: 1 actuators over ia limit. trials=2: success.
Step 404, DM 2: 1 actuators over ia limit. trials=2: success.
Step 405, DM 2: 1 actuators over ia limit. trials=2: success.
Step 406, DM 2: 1 actuators over ia limit. trials=2: success.
Step   407: OL  995.5  501.8  OA  118.9  36.2 CL  118.9  36.2 nm  0.076 s
Step 407, DM 2: 1 actuators over ia limit. trials=2: success.
Step 408, DM 2: 1 actuators over ia limit. trials=2: success.
Step 409, DM 2: 1 actuators over ia limit. trials=2: success.
Step 410, DM 2: 1 actuators over ia limit. trials=2: success.
Step 411, DM 2: 1 actuators over ia limit. trials=2: success.
Step 412, DM 2: 1 actuators over ia limit. trials=2: success.
Step 413, DM 2: 1 actuators over ia limit. trials=2: success.
Step 414, DM 2: 1 actuators over ia limit. trials=2: success.
Step 415, DM 2: 1 actuators over ia limit. trials=2: success.
Step 416, DM 2: 1 actuators over ia limit. trials=2: success.
Step 417, DM 2: 1 actuators over ia limit. trials=2: success.
Step 418, DM 2: 1 actuators over ia limit. trials=2: success.
Step 419, DM 2: 1 actuators over ia limit. trials=2: success.
Step   420: OL  980.6  519.6  OA  111.1  24.4 CL  111.1  24.4 nm  0.077 s
Step 420, DM 2: 1 actuators over ia limit. trials=2: success.
Step 421, DM 2: 1 actuators over ia limit. trials=2: success.
Step 422, DM 2: 1 actuators over ia limit. trials=2: success.
Step 423, DM 2: 1 actuators over ia limit. trials=2: success.
Step 424, DM 2: 1 actuators over ia limit. trials=2: success.
Step 425, DM 2: 1 actuators over ia limit. trials=2: success.
Step 426, DM 2: 1 actuators over ia limit. trials=2: success.
Step 427, DM 2: 1 actuators over ia limit. trials=2: success.
Step 428, DM 2: 1 actuators over ia limit. trials=2: success.
Step 429, DM 2: 1 actuators over ia limit. trials=2: success.
Step 430, DM 2: 1 actuators over ia limit. trials=2: success.
Step 431, DM 2: 1 actuators over ia limit. trials=2: success.
Step 432, DM 2: 1 actuators over ia limit. trials=2: success.
Step   433: OL  965.8  536.9  OA  111.2  16.0 CL  111.2  16.0 nm  0.087 s
Step 433, DM 2: 1 actuators over ia limit. trials=2: success.
Step 434, DM 2: 1 actuators over ia limit. trials=2: success.
Step 435, DM 2: 1 actuators over ia limit. trials=2: success.
Step 436, DM 2: 1 actuators over ia limit. trials=2: success.
Step 437, DM 2: 1 actuators over ia limit. trials=2: success.
Step 438, DM 2: 1 actuators over ia limit. trials=2: success.
Step 439, DM 2: 1 actuators over ia limit. trials=2: success.
Step 440, DM 2: 1 actuators over ia limit. trials=2: success.
Step 441, DM 2: 1 actuators over ia limit. trials=2: success.
Step 442, DM 2: 1 actuators over ia limit. trials=2: success.
Step 443, DM 2: 1 actuators over ia limit. trials=2: success.
Step 444, DM 2: 1 actuators over ia limit. trials=2: success.
Step 445, DM 2: 1 actuators over ia limit. trials=2: success.
Step   446: OL  951.8  553.9  OA  113.2  18.2 CL  113.2  18.2 nm  0.074 s
Step 446, DM 2: 1 actuators over ia limit. trials=2: success.
Step 447, DM 2: 1 actuators over ia limit. trials=2: success.
Step 448, DM 2: 1 actuators over ia limit. trials=2: success.
Step 449, DM 2: 1 actuators over ia limit. trials=2: success.
Step 450, DM 2: 1 actuators over ia limit. trials=2: success.
Step 451, DM 2: 1 actuators over ia limit. trials=2: success.
Step 452, DM 2: 1 actuators over ia limit. trials=2: success.
Step 453, DM 2: 1 actuators over ia limit. trials=2: success.
Step 454, DM 2: 1 actuators over ia limit. trials=2: success.
Step 455, DM 2: 1 actuators over ia limit. trials=2: success.
Step 456, DM 2: 1 actuators over ia limit. trials=2: success.
Step 457, DM 2: 1 actuators over ia limit. trials=2: success.
Step 458, DM 2: 1 actuators over ia limit. trials=2: success.
Step   459: OL  940.1  570.9  OA  112.2   4.8 CL  112.2   4.8 nm  0.076 s
Step 459, DM 2: 1 actuators over ia limit. trials=2: success.
Step 460, DM 2: 1 actuators over ia limit. trials=2: success.
Step 461, DM 2: 1 actuators over ia limit. trials=2: success.
Step 462, DM 2: 1 actuators over ia limit. trials=2: success.
Step 463, DM 2: 1 actuators over ia limit. trials=2: success.
Step 464, DM 2: 1 actuators over ia limit. trials=2: success.
Step 465, DM 2: 1 actuators over ia limit. trials=2: success.
Step 466, DM 2: 1 actuators over ia limit. trials=2: success.
Step 467, DM 2: 1 actuators over ia limit. trials=2: success.
Step 468, DM 2: 1 actuators over ia limit. trials=2: success.
Step 469, DM 2: 1 actuators over ia limit. trials=2: success.
Step 470, DM 2: 1 actuators over ia limit. trials=2: success.
Step 471, DM 2: 1 actuators over ia limit. trials=2: success.
Step   472: OL  932.0  587.7  OA  117.6  13.7 CL  117.6  13.7 nm  0.078 s
Step 472, DM 2: 1 actuators over ia limit. trials=2: success.
Step 473, DM 2: 1 actuators over ia limit. trials=2: success.
Step 474, DM 2: 1 actuators over ia limit. trials=2: success.
Step 475, DM 2: 1 actuators over ia limit. trials=2: success.
Step 476, DM 2: 1 actuators over ia limit. trials=2: success.
Step 477, DM 2: 1 actuators over ia limit. trials=2: success.
Step 478, DM 2: 1 actuators over ia limit. trials=2: success.
Step 479, DM 2: 1 actuators over ia limit. trials=2: success.
Step 480, DM 2: 1 actuators over ia limit. trials=2: success.
Step 481, DM 2: 1 actuators over ia limit. trials=2: success.
Step 482, DM 2: 1 actuators over ia limit. trials=2: success.
Step 483, DM 2: 1 actuators over ia limit. trials=2: success.
Step 484, DM 2: 1 actuators over ia limit. trials=2: success.
Step   485: OL  928.0  604.2  OA  116.1  18.7 CL  116.1  18.7 nm  0.082 s
Step 485, DM 2: 1 actuators over ia limit. trials=2: success.
Step 486, DM 2: 1 actuators over ia limit. trials=2: success.
Step 487, DM 2: 1 actuators over ia limit. trials=2: success.
Step 488, DM 2: 1 actuators over ia limit. trials=2: success.
Step 489, DM 2: 1 actuators over ia limit. trials=2: success.
Step 490, DM 2: 1 actuators over ia limit. trials=2: success.
Step 491, DM 2: 1 actuators over ia limit. trials=2: success.
Step 492, DM 2: 1 actuators over ia limit. trials=2: success.
Step 493, DM 2: 1 actuators over ia limit. trials=2: success.
Step 494, DM 2: 1 actuators over ia limit. trials=2: success.
Step 495, DM 2: 1 actuators over ia limit. trials=2: success.
Step 496, DM 2: 1 actuators over ia limit. trials=2: success.
Step 497, DM 2: 1 actuators over ia limit. trials=2: success.
Step   498: OL  927.9  619.8  OA  120.1  34.3 CL  120.1  34.3 nm  0.084 s
Step 498, DM 2: 1 actuators over ia limit. trials=2: success.
Step 499, DM 2: 1 actuators over ia limit. trials=2: success.
Step 500, DM 2: 1 actuators over ia limit. trials=2: success.
Step 501, DM 2: 1 actuators over ia limit. trials=2: success.
Step 502, DM 2: 1 actuators over ia limit. trials=2: success.
Step 503, DM 2: 1 actuators over ia limit. trials=2: success.
Step 504, DM 2: 1 actuators over ia limit. trials=2: success.
Step 505, DM 2: 1 actuators over ia limit. trials=2: success.
Step 506, DM 2: 1 actuators over ia limit. trials=2: success.
Step 507, DM 2: 1 actuators over ia limit. trials=2: success.
Step 508, DM 2: 1 actuators over ia limit. trials=2: success.
Step 509, DM 2: 1 actuators over ia limit. trials=2: success.
Step   510: OL  929.6  633.1  OA  110.6  11.5 CL  110.6  11.5 nm  0.076 s
Step 510, DM 2: 1 actuators over ia limit. trials=2: success.
Step   511 updated high order loop gain: 0.331
Step 511, DM 2: 1 actuators over ia limit. trials=2: success.
Step 512, DM 2: 1 actuators over ia limit. trials=2: success.
Step 513, DM 2: 1 actuators over ia limit. trials=2: success.
Step 514, DM 2: 1 actuators over ia limit. trials=2: success.
Step 515, DM 2: 1 actuators over ia limit. trials=2: success.
Step 516, DM 2: 1 actuators over ia limit. trials=2: success.
Step 517, DM 2: 1 actuators over ia limit. trials=2: success.
Step 518, DM 2: 1 actuators over ia limit. trials=2: success.
Step 519, DM 2: 1 actuators over ia limit. trials=2: success.
Step 520, DM 2: 1 actuators over ia limit. trials=2: success.
Step 521, DM 2: 1 actuators over ia limit. trials=2: success.
Step 522, DM 2: 1 actuators over ia limit. trials=2: success.
Step   523: OL  933.5  645.7  OA  116.1  21.6 CL  116.1  21.6 nm  0.077 s
Step 523, DM 2: 1 actuators over ia limit. trials=2: success.
Step 524, DM 2: 1 actuators over ia limit. trials=2: success.
Step 525, DM 2: 1 actuators over ia limit. trials=2: success.
Step 526, DM 2: 1 actuators over ia limit. trials=2: success.
Step 527, DM 2: 1 actuators over ia limit. trials=2: success.
Step 528, DM 2: 1 actuators over ia limit. trials=2: success.
Step 529, DM 2: 1 actuators over ia limit. trials=2: success.
Step 530, DM 2: 1 actuators over ia limit. trials=2: success.
Step 531, DM 2: 1 actuators over ia limit. trials=2: success.
Step 532, DM 2: 1 actuators over ia limit. trials=2: success.
Step 533, DM 2: 1 actuators over ia limit. trials=2: success.
Step 534, DM 2: 1 actuators over ia limit. trials=2: success.
Step 535, DM 2: 1 actuators over ia limit. trials=2: success.
Step   536: OL  939.1  655.6  OA  116.9  28.6 CL  116.9  28.6 nm  0.081 s
Step 536, DM 2: 1 actuators over ia limit. trials=2: success.
Step 537, DM 2: 1 actuators over ia limit. trials=2: success.
Step 538, DM 2: 1 actuators over ia limit. trials=2: success.
Step 539, DM 2: 1 actuators over ia limit. trials=2: success.
Step 540, DM 2: 1 actuators over ia limit. trials=2: success.
Step 541, DM 2: 1 actuators over ia limit. trials=2: success.
Step 542, DM 2: 1 actuators over ia limit. trials=2: success.
Step 543, DM 2: 1 actuators over ia limit. trials=2: success.
Step 544, DM 2: 1 actuators over ia limit. trials=2: success.
Step 545, DM 2: 1 actuators over ia limit. trials=2: success.
Step 546, DM 2: 1 actuators over ia limit. trials=2: success.
Step 547, DM 2: 1 actuators over ia limit. trials=2: success.
Step 548, DM 2: 1 actuators over ia limit. trials=2: success.
Step   549: OL  947.0  662.7  OA  117.0  30.1 CL  117.0  30.1 nm  0.084 s
Step 549, DM 2: 1 actuators over ia limit. trials=2: success.
Step 550, DM 2: 1 actuators over ia limit. trials=2: success.
Step 551, DM 2: 1 actuators over ia limit. trials=2: success.
Step 552, DM 2: 1 actuators over ia limit. trials=2: success.
Step 553, DM 2: 1 actuators over ia limit. trials=2: success.
Step 554, DM 2: 1 actuators over ia limit. trials=2: success.
Step 555, DM 2: 1 actuators over ia limit. trials=2: success.
Step 556, DM 2: 1 actuators over ia limit. trials=2: success.
Step 557, DM 2: 1 actuators over ia limit. trials=2: success.
Step 558, DM 2: 1 actuators over ia limit. trials=2: success.
Step 559, DM 2: 1 actuators over ia limit. trials=2: success.
Step 560, DM 2: 1 actuators over ia limit. trials=2: success.
Step 561, DM 2: 1 actuators over ia limit. trials=2: success.
Step   562: OL  957.0  667.4  OA  111.7  31.2 CL  111.7  31.2 nm  0.082 s
Step 562, DM 2: 1 actuators over ia limit. trials=2: success.
Step 563, DM 2: 1 actuators over ia limit. trials=2: success.
Step 564, DM 2: 1 actuators over ia limit. trials=2: success.
Step 565, DM 2: 1 actuators over ia limit. trials=2: success.
Step 566, DM 2: 1 actuators over ia limit. trials=2: success.
Step 567, DM 2: 1 actuators over ia limit. trials=2: success.
Step 568, DM 2: 1 actuators over ia limit. trials=2: success.
Step 569, DM 2: 1 actuators over ia limit. trials=2: success.
Step 570, DM 2: 1 actuators over ia limit. trials=2: success.
Step 571, DM 2: 1 actuators over ia limit. trials=2: success.
Step 572, DM 2: 1 actuators over ia limit. trials=2: success.
Step 573, DM 2: 1 actuators over ia limit. trials=2: success.
Step 574, DM 2: 1 actuators over ia limit. trials=2: success.
Step   575: OL  968.5  670.0  OA  111.4  31.6 CL  111.4  31.6 nm  0.081 s
Step 575, DM 2: 1 actuators over ia limit. trials=2: success.
Step 576, DM 2: 1 actuators over ia limit. trials=2: success.
Step 577, DM 2: 1 actuators over ia limit. trials=2: success.
Step 578, DM 2: 1 actuators over ia limit. trials=2: success.
Step 579, DM 2: 1 actuators over ia limit. trials=2: success.
Step 580, DM 2: 1 actuators over ia limit. trials=2: success.
Step 581, DM 2: 1 actuators over ia limit. trials=2: success.
Step 582, DM 2: 1 actuators over ia limit. trials=2: success.
Step 583, DM 2: 1 actuators over ia limit. trials=2: success.
Step 584, DM 2: 1 actuators over ia limit. trials=2: success.
Step 585, DM 2: 1 actuators over ia limit. trials=2: success.
Step 586, DM 2: 1 actuators over ia limit. trials=2: success.
Step 587, DM 2: 1 actuators over ia limit. trials=2: success.
Step   588: OL  981.7  670.7  OA  117.5  40.0 CL  117.5  40.0 nm  0.079 s
Step 588, DM 2: 1 actuators over ia limit. trials=2: success.
Step 589, DM 2: 1 actuators over ia limit. trials=2: success.
Step 590, DM 2: 1 actuators over ia limit. trials=2: success.
Step 591, DM 2: 1 actuators over ia limit. trials=2: success.
Step 592, DM 2: 1 actuators over ia limit. trials=2: success.
Step 593, DM 2: 1 actuators over ia limit. trials=2: success.
Step 594, DM 2: 1 actuators over ia limit. trials=2: success.
Step 595, DM 2: 1 actuators over ia limit. trials=2: success.
Step 596, DM 2: 1 actuators over ia limit. trials=2: success.
Step 597, DM 2: 1 actuators over ia limit. trials=2: success.
Step 598, DM 2: 1 actuators over ia limit. trials=2: success.
Step 599, DM 2: 1 actuators over ia limit. trials=2: success.
Step 600, DM 2: 1 actuators over ia limit. trials=2: success.
Step   601: OL  996.2  668.7  OA  116.9  35.2 CL  116.9  35.2 nm  0.082 s
Step 601, DM 2: 1 actuators over ia limit. trials=2: success.
Step 602, DM 2: 1 actuators over ia limit. trials=2: success.
Step 603, DM 2: 1 actuators over ia limit. trials=2: success.
Step 604, DM 2: 1 actuators over ia limit. trials=2: success.
Step 605, DM 2: 1 actuators over ia limit. trials=2: success.
Step 606, DM 2: 1 actuators over ia limit. trials=2: success.
Step 607, DM 2: 1 actuators over ia limit. trials=2: success.
Step 608, DM 2: 1 actuators over ia limit. trials=2: success.
Step 609, DM 2: 1 actuators over ia limit. trials=2: success.
Step 610, DM 2: 1 actuators over ia limit. trials=2: success.
Step 611, DM 2: 1 actuators over ia limit. trials=2: success.
Step 612, DM 2: 1 actuators over ia limit. trials=2: success.
Step 613, DM 2: 1 actuators over ia limit. trials=2: success.
Step   614: OL 1011.2  663.9  OA  114.7  31.0 CL  114.7  31.0 nm  0.077 s
Step 614, DM 2: 1 actuators over ia limit. trials=2: success.
Step 615, DM 2: 1 actuators over ia limit. trials=2: success.
Step 616, DM 2: 1 actuators over ia limit. trials=2: success.
Step 617, DM 2: 1 actuators over ia limit. trials=2: success.
Step 618, DM 2: 1 actuators over ia limit. trials=2: success.
Step 619, DM 2: 1 actuators over ia limit. trials=2: success.
Step 620, DM 2: 1 actuators over ia limit. trials=2: success.
Step 621, DM 2: 1 actuators over ia limit. trials=2: success.
Step 622, DM 2: 1 actuators over ia limit. trials=2: success.
Step 623, DM 2: 1 actuators over ia limit. trials=2: success.
Step 624, DM 2: 1 actuators over ia limit. trials=2: success.
Step 625, DM 2: 1 actuators over ia limit. trials=2: success.
Step 626, DM 2: 1 actuators over ia limit. trials=2: success.
Step   627: OL 1026.3  656.8  OA  114.9  24.6 CL  114.9  24.6 nm  0.082 s
Step 627, DM 2: 1 actuators over ia limit. trials=2: success.
Step 628, DM 2: 1 actuators over ia limit. trials=2: success.
Step 629, DM 2: 1 actuators over ia limit. trials=2: success.
Step 630, DM 2: 1 actuators over ia limit. trials=2: success.
Step 631, DM 2: 1 actuators over ia limit. trials=2: success.
Step 632, DM 2: 1 actuators over ia limit. trials=2: success.
Step 633, DM 2: 1 actuators over ia limit. trials=2: success.
Step 634, DM 2: 1 actuators over ia limit. trials=2: success.
Step 635, DM 2: 1 actuators over ia limit. trials=2: success.
Step   640: OL 1040.8  647.2  OA  112.3  33.4 CL  112.3  33.4 nm  0.075 s
Step   653: OL 1053.9  635.9  OA  116.7  23.4 CL  116.7  23.4 nm  0.078 s
Step   667: OL 1066.8  622.1  OA  116.1  22.4 CL  116.1  22.4 nm  0.088 s
Step   680: OL 1077.9  608.5  OA  117.0  27.3 CL  117.0  27.3 nm  0.075 s
Step   693: OL 1088.2  594.8  OA  116.1  18.8 CL  116.1  18.8 nm  0.075 s
Step   706: OL 1096.5  579.9  OA  117.9  18.5 CL  117.9  18.5 nm  0.081 s
Step   719: OL 1102.2  564.0  OA  113.8  22.2 CL  113.8  22.2 nm  0.077 s
Step   732: OL 1105.0  547.9  OA  119.1   9.7 CL  119.1   9.7 nm  0.074 s
Step   745: OL 1104.7  531.8  OA  116.0  25.9 CL  116.0  25.9 nm  0.084 s
Step   758: OL 1101.6  516.2  OA  116.1  21.4 CL  116.1  21.4 nm  0.073 s
Step   767 updated high order loop gain: 0.324
Step   771: OL 1095.7  501.2  OA  118.0  25.6 CL  118.0  25.6 nm  0.077 s
Step   784: OL 1086.6  486.6  OA  114.7  23.2 CL  114.7  23.2 nm  0.080 s
Step   797: OL 1074.4  472.0  OA  116.0  23.1 CL  116.0  23.1 nm  0.082 s
Step   810: OL 1059.9  457.5  OA  119.9  26.2 CL  119.9  26.2 nm  0.078 s
Step   823: OL 1042.9  443.1  OA  115.2  17.8 CL  115.2  17.8 nm  0.076 s
Step   836: OL 1023.8  429.0  OA  118.9  36.1 CL  118.9  36.1 nm  0.077 s
Step   849: OL 1003.6  415.6  OA  119.6  36.3 CL  119.6  36.3 nm  0.075 s
Step   862: OL  983.1  403.3  OA  130.8  57.4 CL  130.8  57.4 nm  0.082 s
Step   876: OL  961.8  391.6  OA  124.7  59.4 CL  124.7  59.4 nm  0.074 s
Step   889: OL  942.9  382.2  OA  127.8  63.0 CL  127.8  63.0 nm  0.078 s
Step   902: OL  923.2  373.8  OA  120.0  48.0 CL  120.0  48.0 nm  0.075 s
Step   915: OL  902.6  366.9  OA  137.0  75.5 CL  137.0  75.5 nm  0.078 s
Step   928: OL  881.9  360.6  OA  136.0  77.0 CL  136.0  77.0 nm  0.076 s
Step   941: OL  861.7  354.4  OA  135.6  79.6 CL  135.6  79.6 nm  0.077 s
Step   954: OL  842.3  348.0  OA  144.9  92.4 CL  144.9  92.4 nm  0.075 s
Step   967: OL  824.8  341.1  OA  135.2  74.8 CL  135.2  74.8 nm  0.077 s
Step   980: OL  809.6  333.3  OA  138.6  78.5 CL  138.6  78.5 nm  0.076 s
Step   993: OL  796.2  324.6  OA  145.7  86.6 CL  145.7  86.6 nm  0.075 s
Step  1006: OL  783.7  315.1  OA  148.5  88.8 CL  148.5  88.8 nm  0.076 s
Step  1019: OL  772.8  305.2  OA  141.9  83.4 CL  141.9  83.4 nm  0.079 s
Step  1023 updated high order loop gain: 0.323
Step  1032: OL  763.6  295.0  OA  145.6  85.1 CL  145.6  85.1 nm  0.073 s
Step  1045: OL  755.9  283.9  OA  143.1  80.2 CL  143.1  80.2 nm  0.076 s
Step  1058: OL  748.2  272.0  OA  138.2  78.2 CL  138.2  78.2 nm  0.080 s
Step  1071: OL  741.5  258.5  OA  147.1  84.2 CL  147.1  84.2 nm  0.075 s
Step  1084: OL  737.0  243.5  OA  143.7  86.2 CL  143.7  86.2 nm  0.080 s
Step  1097: OL  734.6  228.6  OA  141.9  79.9 CL  141.9  79.9 nm  0.087 s
Step  1110: OL  733.7  215.0  OA  134.4  72.6 CL  134.4  72.6 nm  0.075 s
Step  1123: OL  733.7  202.7  OA  146.8  91.3 CL  146.8  91.3 nm  0.075 s
Step  1135: OL  734.4  193.1  OA  136.5  71.2 CL  136.5  71.2 nm  0.091 s
Step  1148: OL  735.4  184.5  OA  131.6  65.8 CL  131.6  65.8 nm  0.074 s
Step  1161: OL  736.2  177.7  OA  121.3  47.6 CL  121.3  47.6 nm  0.077 s
Step  1174: OL  737.3  173.0  OA  128.5  59.8 CL  128.5  59.8 nm  0.080 s
Step  1187: OL  739.5  169.8  OA  127.7  54.5 CL  127.7  54.5 nm  0.075 s
Step  1200: OL  742.6  167.1  OA  126.5  51.1 CL  126.5  51.1 nm  0.076 s
Step  1213: OL  745.4  164.9  OA  126.5  57.6 CL  126.5  57.6 nm  0.082 s
Step  1226: OL  748.4  163.7  OA  123.9  40.8 CL  123.9  40.8 nm  0.077 s
Step  1239: OL  750.5  164.2  OA  117.8  41.0 CL  117.8  41.0 nm  0.077 s
Step  1252: OL  752.2  166.8  OA  119.3  34.9 CL  119.3  34.9 nm  0.078 s
Step  1265: OL  754.7  171.6  OA  122.6  44.3 CL  122.6  44.3 nm  0.079 s
Step  1278: OL  757.5  178.1  OA  120.6  45.4 CL  120.6  45.4 nm  0.075 s
Step  1279 updated high order loop gain: 0.320
Step  1291: OL  761.5  185.9  OA  117.6  31.1 CL  117.6  31.1 nm  0.077 s
Step  1304: OL  765.6  194.7  OA  125.5  41.7 CL  125.5  41.7 nm  0.076 s
Step  1317: OL  769.3  204.5  OA  128.0  55.0 CL  128.0  55.0 nm  0.075 s
Step  1330: OL  773.3  215.4  OA  122.3  46.7 CL  122.3  46.7 nm  0.074 s
Step  1343: OL  778.6  227.1  OA  121.4  35.0 CL  121.4  35.0 nm  0.080 s
Step  1357: OL  786.2  239.7  OA  122.3  54.2 CL  122.3  54.2 nm  0.077 s
Step  1370: OL  794.9  249.9  OA  116.3  38.9 CL  116.3  38.9 nm  0.074 s
Step  1383: OL  804.4  258.2  OA  117.9  47.0 CL  117.9  47.0 nm  0.075 s
Step  1396: OL  815.2  264.7  OA  120.6  44.4 CL  120.6  44.4 nm  0.077 s
Step  1409: OL  827.4  269.6  OA  119.4  46.8 CL  119.4  46.8 nm  0.075 s
Step  1422: OL  840.7  273.1  OA  122.3  52.3 CL  122.3  52.3 nm  0.078 s
Step  1435: OL  854.0  276.0  OA  117.8  45.3 CL  117.8  45.3 nm  0.073 s
Step  1448: OL  866.6  278.2  OA  122.2  59.7 CL  122.2  59.7 nm  0.077 s
Step  1461: OL  878.4  279.4  OA  113.5  30.1 CL  113.5  30.1 nm  0.088 s
Step  1474: OL  887.9  279.0  OA  120.4  53.1 CL  120.4  53.1 nm  0.074 s
Step  1487: OL  893.9  276.8  OA  111.8  35.4 CL  111.8  35.4 nm  0.078 s
Step  1500: OL  896.5  272.9  OA  128.7  63.2 CL  128.7  63.2 nm  0.080 s
Step  1513: OL  896.2  267.4  OA  129.4  66.3 CL  129.4  66.3 nm  0.075 s
Step  1526: OL  893.7  260.9  OA  119.8  56.9 CL  119.8  56.9 nm  0.076 s
Step  1535 updated high order loop gain: 0.323
Step  1539: OL  888.8  253.1  OA  120.3  56.3 CL  120.3  56.3 nm  0.077 s
Step  1552: OL  883.0  244.6  OA  136.4  77.7 CL  136.4  77.7 nm  0.076 s
Step  1566: OL  876.0  235.5  OA  133.2  71.8 CL  133.2  71.8 nm  0.084 s
Step  1580: OL  868.4  227.6  OA  138.2  77.9 CL  138.2  77.9 nm  0.075 s
Step  1593: OL  860.6  221.7  OA  129.1  64.7 CL  129.1  64.7 nm  0.076 s
Step 1599: Output PSF
Step  1599: OL  856.6  219.2  OA  133.6  71.5 CL  133.6  71.5 nm  1.754 s
Mean: 124.07 50.65 113.26  nm.

*** Simulation Finished at 2025/02/09 17:20:53 in nid003257. ***

