Warning(sock.c:516): connect locally (/global/homes/b/bpeck/.aos/tmp/nid001972/scheduler) failed: Invalid argument. 
/global/cfs/cdirs/ulens/vismcao/maos -o studies/reduced_ngs/9_lgs/8mag_lgs/6000count -c master_files/reduced_ngs/9_lgs/8mag_lgs/kola_6000act.conf -O 
Output folder is 'studies/reduced_ngs/9_lgs/8mag_lgs/6000count'.
SRC: /global/homes/b/bpeck/code/maos v2.9 4c88b7c2 2024-11-13 16:45:33 -0800
BUILT: /global/homes/b/bpeck/code/maos/optim by GCC (v12) on 2024/11/18 09:40:03 CPU(F64,+O3) with CUDA(v122,F32)
Launched at 2025/02/17 15:54:22 in nid001972 with PID 1704131.
The web based job monitor can be accessed at http://localhost:10300
Main config file is /global/cfs/cdirs/ulens/vismcao/master_files/reduced_ngs/9_lgs/8mag_lgs/kola_6000act.conf
Warning(path.c:48): Path not found: path=/global/cfs/cdirs/ulens/vismcao/master_files/reduced_ngs/9_lgs/8mag_lgs/bin; abspath=/global/cfs/cdirs/ulens/vismcao/master_files/reduced_ngs/9_lgs/8mag_lgs/bin; Ignored.
Warning(path.c:48): Path not found: path=/global/cfs/cdirs/ulens/vismcao/master_files/reduced_ngs/9_lgs/8mag_lgs/atm; abspath=/global/cfs/cdirs/ulens/vismcao/master_files/reduced_ngs/9_lgs/8mag_lgs/atm; Ignored.
Warning(readcfg.c:399): sim.apfsm has been renamed to powfs.apfsm.
Warning(readcfg.c:399): sim.epfsm has been renamed to powfs.epfsm.
Warning(readcfg.c:399): sim.alfsm has been renamed to powfs.alfsm.
Warning(readcfg.c:399): sim.commonfsm has been renamed to powfs.commonfsm.
Warning(readcfg.c:399): sim.idealfsm has been renamed to powfs.idealfsm.
Warning(readcfg.c:399): sim.zetafsm has been renamed to powfs.zetafsm.
Warning(readcfg.c:399): sim.f0fsm has been renamed to powfs.f0fsm.
Warning(readcfg.c:399): tsurf has been renamed to ncpa.tsurf.
loaded 132 (132 new) records from '/global/cfs/cdirs/ulens/vismcao/./keck_sim.conf'
loaded  19 ( 19 new) records from '/global/cfs/cdirs/ulens/vismcao/./dm_none.conf'
loaded  19 (  0 new) records from '/global/cfs/cdirs/ulens/vismcao/./keck_ASM.conf'
loaded  19 (  0 new) records from '/global/cfs/cdirs/ulens/vismcao/./keck_DM2.conf'
loaded  19 (  0 new) records from '/global/cfs/cdirs/ulens/vismcao/./keck_DM3.conf'
loaded   0 (  0 new) records from '/global/cfs/cdirs/ulens/vismcao/./keck_dm_multiple.conf'
loaded   7 (  5 new) records from '/global/cfs/cdirs/ulens/vismcao/./atm_mk13n50p_ground_detail.conf'
loaded  76 ( 69 new) records from '/global/homes/b/bpeck/code/maos/config/maos/powfs_common.conf'
loaded  44 ( 38 new) records from '/global/cfs/cdirs/ulens/vismcao/./powfs_none.conf'
loaded  44 (  0 new) records from '/global/cfs/cdirs/ulens/vismcao/./keck_shwfs_lgs.conf'
loaded  44 (  0 new) records from '/global/cfs/cdirs/ulens/vismcao/./keck_shwfs_ttf_strap.conf'
loaded  44 (  0 new) records from '/global/cfs/cdirs/ulens/vismcao/./keck_shwfs_twfs_lbwfs.conf'
loaded   0 (  0 new) records from '/global/cfs/cdirs/ulens/vismcao/./keck_wfs_lgs_strap_lbwfs.conf'
loaded  71 ( 71 new) records from '/global/cfs/cdirs/ulens/vismcao/./keck_recon.conf'
Warning(readcfg.c:399): dbg.na_smooth has been renamed to powfs0_llt.na_smooth.
Warning(readcfg.c:399): dbg.na_interp has been renamed to powfs0_llt.na_interp.
Warning(readcfg.c:399): dbg.na_thres has been renamed to powfs0_llt.na_thres.
Warning(readcfg.c:399): dbg.na_fit_maxit has been renamed to powfs0_llt.na_fit_maxit.
Warning(readcfg.c:399): dbg.na_fit_svdthres has been renamed to powfs0_llt.na_fit_svdthres.
Warning(readcfg.c:399): dbg.na_fit_dh has been renamed to powfs0_llt.na_fit_dh.
Warning(readcfg.c:399): dbg.ncpa_preload has been renamed to ncpa.preload.
Warning(readcfg.c:399): dbg.ncpa_rmsci has been renamed to ncpa.rmsci.
Warning(readcfg.c:399): dbg.draw_opdmax has been renamed to plot.opdmax.
Warning(readcfg.c:399): dbg.draw_gmax has been renamed to plot.gmax.
loaded  95 ( 93 new) records from '/global/cfs/cdirs/ulens/vismcao/./keck_dbg.conf'
loaded   4 (  4 new) records from '/global/cfs/cdirs/ulens/vismcao/./keck_fit_mcao.conf'
Warning(readcfg.c:399): surf has been renamed to ncpa.surf.
loaded  39 (  7 new) records from '/global/cfs/cdirs/ulens/vismcao/master_files/reduced_ngs/9_lgs/8mag_lgs/kola_6000act.conf'
loaded   0 (  0 new) records from 'command line'
loaded  24 ( 18 new) records from '/global/cfs/cdirs/ulens/vismcao/./keck_llt_CL.conf'
Adjust LGS range by telescope altitude 4145m.
Zenith angle is 30 degree.
    Scaling turbulence height and LGS hs by sec(za).
    Scaling r0 by cos(za)^(3/5).
    Scaling wind speed and LGS signal level by cos(za).
powfs0: Adjusting dx from 0.0078125 to 0.007875. 
powfs0.llt.fsm: f0=0 Hz, LPF ep=0
powfs0.epfsm is set to 0.517618 (auto)
powfs2: Adjusting dx from 0.03125 to 0.0312778. 
powfs2 is TWFS for powfs0
sim.ephi is set to 0.427717 (auto)
sim.eplo is set to 0.427717 (auto)
Warning(parms.c:2296): Layer 1 at 17.3205m is very close to layer 0 at 0m (OK).
Warning(parms.c:2296): Layer 2 at 34.641m is very close to layer 1 at 17.3205m (OK).
Warning(parms.c:2296): Layer 3 at 51.9615m is very close to layer 2 at 34.641m (OK).
dm 0: stroke=30 um is provided in micron.
dm 0: assume ia stroke=2 um is provided in micron.
dm 1: stroke=7 um is provided in micron.
dm 1: assume ia stroke=2 um is provided in micron.
dm 2: stroke=7 um is provided in micron.
dm 2: assume ia stroke=2 um is provided in micron.
Focus blending is not implemented yet for integrated tomography
parms->sim.mffocus is reset to 0
There are 1 valid simulation seeds:  1
Output PSF for 1 directions
Used 449 of 456 supplied keys
Warning(readcfg.c:158): key "dbg.pwfs_flate" is not recognized, value is 0
Warning(readcfg.c:158): key "dbg.pwfs_flatv" is not recognized, value is 0
Warning(readcfg.c:158): key "dbg.pwfs_psx" is not recognized, value is [0 0 0 0]
Warning(readcfg.c:158): key "dbg.pwfs_psy" is not recognized, value is [0 0 0 0]
Warning(readcfg.c:158): key "dbg.pwfs_pupelong" is not recognized, value is 0
Warning(readcfg.c:158): key "dbg.pwfs_raw" is not recognized, value is 0
Warning(readcfg.c:158): key "dbg.pwfs_side" is not recognized, value is 4
[00;00mAperture[00;00m is 11 m with sampling 1/128 m
[00;00mTurbulence at 30 degree zenith angle:[00;00m r0=0.128424m, L0=30m, 14 layers.
    Greenwood freq is 25.1Hz, anisoplanatic angle is 1.58 as
    Sampled 8192x8192 at 1/128m. wind dir is randomized.
    layer 0: ht=      0 m, wt= 0.302, ws=  4.8 m/s
    layer 1: ht=     17 m, wt= 0.154, ws=  5.0 m/s
    layer 2: ht=     35 m, wt= 0.041, ws=  5.4 m/s
    layer 3: ht=     52 m, wt= 0.002, ws=  6.6 m/s
    layer 4: ht=    139 m, wt= 0.021, ws=  6.1 m/s
    layer 5: ht=    231 m, wt= 0.010, ws=  6.1 m/s
    layer 6: ht=    323 m, wt= 0.008, ws=  6.1 m/s
    layer 7: ht=    416 m, wt= 0.005, ws=  6.1 m/s
    layer 8: ht=    508 m, wt= 0.001, ws=  6.1 m/s
    layer 9: ht=    932 m, wt= 0.107, ws=  5.6 m/s
    layer 10: ht=   5022 m, wt= 0.144, ws= 11.1 m/s
    layer 11: ht=   9238 m, wt= 0.093, ws= 19.1 m/s
    layer 12: ht=  13856 m, wt= 0.075, ws=  8.2 m/s
    layer 13: ht=  22518 m, wt= 0.036, ws=  4.8 m/s
[00;00mReconstruction[00;00m: r0=0.128424m L0=30m. 14 layers. use cone coordinate.
    layer 0: ht=      0 m, wt= 0.302
    layer 1: ht=     17 m, wt= 0.154
    layer 2: ht=     35 m, wt= 0.041
    layer 3: ht=     52 m, wt= 0.002
    layer 4: ht=    139 m, wt= 0.021
    layer 5: ht=    231 m, wt= 0.010
    layer 6: ht=    323 m, wt= 0.008
    layer 7: ht=    416 m, wt= 0.005
    layer 8: ht=    508 m, wt= 0.001
    layer 9: ht=    932 m, wt= 0.107
    layer 10: ht=   5022 m, wt= 0.144
    layer 11: ht=   9238 m, wt= 0.093
    layer 12: ht=  13856 m, wt= 0.075
    layer 13: ht=  22518 m, wt= 0.036
[00;00mThere are 3 powfs[00;00m
  powfs0: Order 88, LGS at 99.1 km. Sampling 1/126.984 m. Thres 30%. [00;00mT/T is removed in right hand side in tomography.[00;00m
    CCD image is 25x25 @ 500x500 mas, blur 27% (sigma), 1500Hz, wvl: [ 5.89e-07]
    Gtilt in reconstruction. Physical optics start at 0 with [00;00m'matched filter'[00;00m [00;00m(noisy)[00;00m
  powfs1: Order  2, NGS at inf km. Sampling 1/16 m. Thres 30%. 
    Ztilt in reconstruction. Geomtric optics start at 2 with ztilt [00;00m(noisy)[00;00m
  powfs2: Order 20, NGS at inf km. Sampling 1/31.9716 m. Thres 50%. 
    CCD image is 4x4 @ 1500x1500 mas, blur 0% (sigma), 0.015Hz, wvl: [ 7.2e-07]
    Gtilt in reconstruction. Geomtric optics start at 50 with gtilt Physical optics start at 0 with [00;00m'matched filter'[00;00m [00;00m(noisy)[00;00m
[00;00mThere are 13 wfs[00;00m
    wfs 0: type 0, at (  30.00,    0.00) arcsec,  99 km, siglev is 19.0361 bkgrnd is 0.1
    wfs 1: type 0, at (  22.98,   19.28) arcsec,  99 km, siglev is 19.0361 bkgrnd is 0.1
    wfs 2: type 0, at (   5.21,   29.54) arcsec,  99 km, siglev is 19.0361 bkgrnd is 0.1
    wfs 3: type 0, at ( -15.00,   25.98) arcsec,  99 km, siglev is 19.0361 bkgrnd is 0.1
    wfs 4: type 0, at ( -28.19,   10.26) arcsec,  99 km, siglev is 19.0361 bkgrnd is 0.1
    wfs 5: type 0, at ( -28.19,  -10.26) arcsec,  99 km, siglev is 19.0361 bkgrnd is 0.1
    wfs 6: type 0, at ( -15.00,  -25.98) arcsec,  99 km, siglev is 19.0361 bkgrnd is 0.1
    wfs 7: type 0, at (   5.21,  -29.54) arcsec,  99 km, siglev is 19.0361 bkgrnd is 0.1
    wfs 8: type 0, at (  22.98,  -19.28) arcsec,  99 km, siglev is 19.0361 bkgrnd is 0.1
    wfs 9: type 1, at (   5.00,    8.66) arcsec, inf km, siglev is 42387.6 bkgrnd is 1.056
    wfs 10: type 1, at ( -10.00,    0.00) arcsec, inf km, siglev is 42387.6 bkgrnd is 1.056
    wfs 11: type 1, at (   5.00,   -8.66) arcsec, inf km, siglev is 42387.6 bkgrnd is 1.056
    wfs 12: type 2, at (   0.00,    0.00) arcsec, inf km, siglev is 4.1558e+06 bkgrnd is 0.001
[00;00mThere are 3 DMs[00;00m
  DM 0 at -0.1km, actuator pitch 0.126m, offset   0, with 30.000000 micron stroke.
    Normalized cubic influence function with inter-actuator coupling of 0.223
  DM 1 at    6km, actuator pitch 0.168m, offset   0, with 7.000000 micron stroke.
    Normalized cubic influence function with inter-actuator coupling of 0.223
  DM 2 at   10km, actuator pitch 0.168m, offset   0, with 7.000000 micron stroke.
    Normalized cubic influence function with inter-actuator coupling of 0.223
[00;00mTomography[00;00m is using CG, with [00;00mFourer Domain[00;00m preconditioner, [00;00m12[00;00m iterations, integrated tomo.
[00;00mDM Fitting [00;00mis using CG, with [00;00mNo[00;00m preconditioner, [00;00m10[00;00m iterations
[00;00mThere are 9 fit directions[00;00m
    Fit 0: weight is 0.444, at (   0.00,    0.00) arcsec
    Fit 1: weight is 0.111, at (  15.00,    0.00) arcsec
    Fit 2: weight is 0.111, at (   0.00,   15.00) arcsec
    Fit 3: weight is 0.111, at ( -15.00,    0.00) arcsec
    Fit 4: weight is 0.111, at (   0.00,  -15.00) arcsec
    Fit 5: weight is 0.028, at (  15.00,   15.00) arcsec
    Fit 6: weight is 0.028, at ( -15.00,   15.00) arcsec
    Fit 7: weight is 0.028, at ( -15.00,  -15.00) arcsec
    Fit 8: weight is 0.028, at (  15.00,  -15.00) arcsec
[00;00mThere are 1 evaluation directions[00;00m at sampling 1/128 m.
    Evl 0: weight is 1.000, at (   0.00,    0.00) arcsec
[00;00mSimulation[00;00m start at step 0, end at step 1600, with time step 1/1500s, [00;00mclose loop[00;00m.
After setup_parms:	120.5 MiB.
Warning(sock.c:516): connect locally (/global/homes/b/bpeck/.aos/tmp/nid001972/scheduler) failed: Invalid argument. 
CUDA: minimum memory requirement is 0.3GB
GPU 0 is NVIDIA A100-SXM4-40GB with arch 8.0, 38.9GB free, 39.3GB total device memory.
Using GPU 0
Use 1 GPUs for WFS Tomo Fit Evl

*** Preparation started at 2025/02/17 15:54:23 in nid001972. ***

Using OpenMP version 201511 with 128 threads
Reading aperture amplitude map from KECK.fits
Warning(accphi.c:477): 108730 points not covered by input screen
Warning(sock.c:516): connect locally (/global/homes/b/bpeck/.aos/tmp/nid001972/scheduler) failed: Invalid argument. 
 ->maos.c:447->setup.c:148->aper.c:74->utils.c:478->accphi.c:478
iwvl 0: Science PSF is using grid size of 2880. The PSF will sum to 6.95167232825486
iwvl 1: Science PSF is using grid size of 2880. The PSF will sum to 6.95167232825486
iwvl 2: Science PSF is using grid size of 2880. The PSF will sum to 6.95167232825486
iwvl 3: Science PSF is using grid size of 2880. The PSF will sum to 6.95167232825486
iwvl 4: Science PSF is using grid size of 2880. The PSF will sum to 6.95167232825486
iwvl 5: Science PSF is using grid size of 2880. The PSF will sum to 6.95167232825486
iwvl 6: Science PSF is using grid size of 2880. The PSF will sum to 6.95167232825486
iwvl 7: Science PSF is using grid size of 2880. The PSF will sum to 6.95167232825486
iwvl 8: Science PSF is using grid size of 2880. The PSF will sum to 6.95167232825486
After setup_aper:	343.0 MiB.

[00;00mSetting up powfs 0 geom[00;00m

There are 16 points in each subaperture of 0.126m.
There are 4663 valid subaperture.

[00;00mSetting up powfs 1 geom[00;00m

There are 88 points in each subaperture of 5.5m.
There are 4 valid subaperture.

[00;00mSetting up powfs 2 geom[00;00m

There are 18 points in each subaperture of 0.563m.
There are 236 valid subaperture.
After setup_powfs_init:	421.9 MiB.

[00;00mSetting up reconstructor geometry.[00;00m

PLOC is 179x179, with sampling of 0.06m (square)
    DM 0: grid is 91 x 91
    DM 1: grid is 75 x 75
    DM 2: grid is 80 x 79
FLOC is 179x179, with sampling of 0.06m (not square)
Tomography grid is square:
    layer 0: xloc grid is 320 x 320, sampling is 0.063 m, 102400 points
    layer 1: xloc grid is 320 x 320, sampling is 0.063 m, 102400 points
    layer 2: xloc grid is 320 x 320, sampling is 0.063 m, 102400 points
    layer 3: xloc grid is 320 x 320, sampling is 0.063 m, 102400 points
    layer 4: xloc grid is 320 x 320, sampling is 0.063 m, 102400 points
    layer 5: xloc grid is 320 x 320, sampling is 0.063 m, 102400 points
    layer 6: xloc grid is 320 x 320, sampling is 0.063 m, 102400 points
    layer 7: xloc grid is 320 x 320, sampling is 0.063 m, 102400 points
    layer 8: xloc grid is 320 x 320, sampling is 0.063 m, 102400 points
    layer 9: xloc grid is 320 x 320, sampling is 0.062 m, 102400 points
    layer 10: xloc grid is 320 x 320, sampling is 0.060 m, 102400 points
    layer 11: xloc grid is 320 x 320, sampling is 0.057 m, 102400 points
    layer 12: xloc grid is 320 x 320, sampling is 0.054 m, 102400 points
    layer 13: xloc grid is 320 x 320, sampling is 0.049 m, 102400 points

[00;00mSetting up powfs 0 PO WFS[00;00m

OTF dimension is 32x32 (calculated)
There is no bias
Uplink FWHM (illt 0, iwvl 0) is 0.579373"
Downlink FWHM (illt 0, iwvl 0) is 1.5197"
Generating matched filter for powfs 0
sa index   location       noise equivalent angle
    2329: (  4.9,  -0.1) m, (200.95, 192.96) mas
    2320: (  3.8,  -0.1) m, (216.24, 194.98) mas
    2311: (  2.6,  -0.1) m, (235.86, 197.53) mas
    2302: (  1.5,  -0.1) m, (262.07, 200.87) mas
    2300: (  1.3,  -0.1) m, (269.28, 201.74) mas
    1628: ( -0.5,  -1.4) m, (315.49, 212.40) mas
    2296: ( -1.8,  -0.1) m, (350.56, 211.21) mas
    2287: ( -2.9,  -0.1) m, (382.66, 214.77) mas
    2279: ( -3.9,  -0.1) m, (410.59, 217.89) mas
    2270: ( -5.0,  -0.1) m, (443.22, 221.39) mas
    2267: ( -5.4,  -0.1) m, (453.54, 222.51) mas
sa index   location       noise equivalent angle
    4005: (  3.8,   3.0) m, (201.01, 199.69) mas
    4004: (  3.7,   3.0) m, (199.19, 197.37) mas
    3350: (  2.1,   1.8) m, (219.07, 212.54) mas
    2974: (  1.4,   1.1) m, (233.84, 223.97) mas
    2837: (  1.1,   0.9) m, (237.15, 227.24) mas
    1635: (  0.4,  -1.4) m, (254.53, 273.88) mas
    1765: ( -1.4,  -1.1) m, (293.34, 268.68) mas
    1694: ( -1.5,  -1.3) m, (295.98, 271.19) mas
     978: ( -3.0,  -2.5) m, (333.54, 300.58) mas
     662: ( -3.8,  -3.1) m, (351.93, 315.06) mas
     188: ( -3.0,  -4.3) m, (333.79, 344.28) mas
sa index   location       noise equivalent angle
    4658: (  0.8,   4.8) m, (196.33, 204.75) mas
    4638: (  0.8,   4.7) m, (193.53, 202.94) mas
    3730: (  0.4,   2.5) m, (199.19, 237.63) mas
    3335: (  0.3,   1.8) m, (201.99, 255.05) mas
    3038: (  0.1,   1.3) m, (203.91, 265.51) mas
    2161: ( -1.4,  -0.4) m, (222.65, 306.64) mas
    1407: ( -0.4,  -1.8) m, (216.51, 346.06) mas
    1333: ( -0.4,  -1.9) m, (216.85, 349.20) mas
     625: ( -0.6,  -3.3) m, (225.79, 392.63) mas
      25: ( -0.9,  -4.8) m, (229.55, 429.66) mas
      19: ( -2.3,  -4.8) m, (245.35, 429.87) mas
sa index   location       noise equivalent angle
    4533: ( -2.6,   4.4) m, (193.48, 195.80) mas
    4286: ( -2.3,   3.8) m, (197.45, 204.61) mas
    3899: ( -1.8,   2.9) m, (203.67, 218.44) mas
    3464: ( -1.3,   2.0) m, (217.44, 240.53) mas
    2960: ( -0.8,   1.1) m, (218.82, 251.10) mas
    2437: (  1.3,   0.1) m, (254.70, 273.50) mas
    1707: (  0.6,  -1.3) m, (245.04, 308.14) mas
    1202: (  1.1,  -2.1) m, (266.21, 342.47) mas
     767: (  1.6,  -3.0) m, (265.51, 352.09) mas
     379: (  2.1,  -3.9) m, (277.38, 376.89) mas
     132: (  2.5,  -4.5) m, (286.41, 394.58) mas
sa index   location       noise equivalent angle
    3222: ( -4.7,   1.6) m, (201.27, 194.03) mas
    3150: ( -4.4,   1.5) m, (204.54, 195.01) mas
    2878: ( -3.0,   1.0) m, (225.38, 200.51) mas
    2638: ( -1.6,   0.5) m, (253.23, 208.13) mas
    2573: ( -1.4,   0.4) m, (258.72, 210.00) mas
    1632: (  0.0,  -1.4) m, (302.33, 244.94) mas
    2029: (  1.5,  -0.6) m, (332.66, 229.53) mas
    1848: (  2.5,  -1.0) m, (360.28, 237.11) mas
    1789: (  2.9,  -1.1) m, (370.19, 239.64) mas
    1518: (  4.3,  -1.6) m, (408.33, 250.14) mas
    2057: (  5.0,  -0.6) m, (435.00, 239.33) mas
sa index   location       noise equivalent angle
    1373: ( -4.7,  -1.8) m, (201.27, 194.03) mas
    1449: ( -4.4,  -1.6) m, (204.54, 195.01) mas
    1752: ( -3.0,  -1.1) m, (225.38, 200.51) mas
    2022: ( -1.6,  -0.6) m, (253.23, 208.13) mas
    2092: ( -1.4,  -0.5) m, (258.72, 210.00) mas
    3037: (  0.0,   1.3) m, (302.33, 244.94) mas
    2645: (  1.5,   0.5) m, (332.66, 229.53) mas
    2848: (  2.5,   0.9) m, (360.28, 237.11) mas
    2915: (  2.9,   1.0) m, (370.19, 239.64) mas
    3219: (  4.3,   1.5) m, (408.33, 250.14) mas
    2673: (  5.0,   0.5) m, (437.75, 241.37) mas
sa index   location       noise equivalent angle
      91: ( -2.6,  -4.5) m, (193.48, 195.80) mas
     344: ( -2.3,  -3.9) m, (197.45, 204.61) mas
     740: ( -1.8,  -3.0) m, (203.67, 218.44) mas
    1183: ( -1.3,  -2.1) m, (222.37, 245.47) mas
    1700: ( -0.8,  -1.3) m, (218.82, 251.10) mas
    2232: (  1.3,  -0.3) m, (254.70, 273.50) mas
    2968: (  0.6,   1.1) m, (245.04, 308.14) mas
    3483: (  1.1,   2.0) m, (259.97, 335.51) mas
    3926: (  1.6,   2.9) m, (265.51, 352.09) mas
    4321: (  2.1,   3.8) m, (277.38, 376.89) mas
    4574: (  2.5,   4.4) m, (286.41, 394.58) mas
sa index   location       noise equivalent angle
      10: (  0.8,  -4.9) m, (193.89, 201.69) mas
      32: (  0.8,  -4.8) m, (193.53, 202.94) mas
     943: (  0.4,  -2.6) m, (199.19, 237.63) mas
    1338: (  0.3,  -1.9) m, (201.99, 255.05) mas
    1633: (  0.1,  -1.4) m, (203.91, 265.51) mas
    2504: ( -1.4,   0.3) m, (222.65, 306.64) mas
    3256: ( -0.4,   1.6) m, (216.51, 346.06) mas
    3330: ( -0.4,   1.8) m, (216.85, 349.20) mas
    4032: ( -0.6,   3.1) m, (229.76, 397.59) mas
    4631: ( -0.9,   4.7) m, (229.55, 429.66) mas
    4625: ( -2.3,   4.7) m, (245.35, 429.87) mas
sa index   location       noise equivalent angle
     722: (  3.8,  -3.1) m, (201.01, 199.69) mas
     721: (  3.7,  -3.1) m, (199.19, 197.37) mas
    1353: (  2.1,  -1.9) m, (219.07, 212.54) mas
    1713: (  1.4,  -1.3) m, (233.84, 223.97) mas
    1837: (  1.1,  -1.0) m, (237.15, 227.24) mas
    3040: (  0.4,   1.3) m, (254.53, 273.88) mas
    2891: ( -1.4,   1.0) m, (293.34, 268.68) mas
    2954: ( -1.5,   1.1) m, (295.98, 271.19) mas
    3641: ( -3.0,   2.4) m, (333.54, 300.58) mas
    3945: ( -3.8,   3.0) m, (351.93, 315.06) mas
    4430: ( -3.0,   4.2) m, (333.79, 344.28) mas

[00;00mSetting up powfs 2 PO WFS[00;00m

OTF dimension is 48x48 (calculated)
Generating matched filter for powfs 2
Use sanea to derive neasim
Use sanea to derive neasim

[00;00mSetting up reconstructor[00;00m

Recon NEA: cmf(274.10) cmf(272.09) cmf(273.42) cmf(272.78) cmf(273.19) cmf(273.14) cmf(272.64) cmf(273.26) cmf(271.99) geom(0.31) geom(0.31) geom(0.31) mf(0.14)  mas
Setup or update control matrix parameters.
RRtwfs svd threshold is 1e-10
Replacing HA by HA*fit->actextrap
Adding piston cr to fit matrix
Adding TT cr on upper DMs to fit matrix.
Before assembling fit matrix:	6560.1 MiB.
Building fit->FR
Building fit->FL
Adding tikhonov constraint of 1.0e-07 to FLM
The maximum eigen value is estimated to be around 2.4e-04
DM Fit number of Low rank terms: 16 in LHS
After assemble fit matrix:	9069.2 MiB.
After setup_recon:	9069.2 MiB.
GPU 0: mem used 1776 MB (wfs init)
GPU 0: mem used 3324 MB (recon init)
GPU 0: mem used 3354 MB (perf init)

*** Simulation started at 2025/02/17 15:56:23 in nid001972. ***

Running seed 1
GPU 0: mem used 3354 MB (wfs seeding)
Wind dir: 267.3 261.7 167.0 130.5 300.7  32.3 119.8 139.0 150.8 277.7 203.0 133.1  45.9 265.1 deg
Using /global/homes/b/bpeck/.aos/cache/atm/vonkarman_14_8192x8192_0.0078125_1115374592d.bin
After genatm:	8740.3 MiB.
Step     #  Open Loop  PR TT  On axis  PR TT  Field RMS PR TT     Timing 
Step     0: OL  884.6  248.3  OA  884.6 248.3 CL  884.6 248.3 nm  0.124 s
Step    10: OL  899.9  252.3  OA  217.2 118.0 CL  217.2 118.0 nm  0.097 s
Step    21: OL  916.9  256.1  OA  126.2  27.4 CL  126.2  27.4 nm  0.104 s
Step    31: OL  932.4  259.0  OA  123.2  11.9 CL  123.2  11.9 nm  0.106 s
Step    41: OL  947.5  260.7  OA  126.0  28.5 CL  126.0  28.5 nm  0.169 s
Step    51: OL  962.3  261.3  OA  123.5  28.5 CL  123.5  28.5 nm  0.114 s
Step    61: OL  977.2  260.9  OA  132.5  46.6 CL  132.5  46.6 nm  0.104 s
Step    71: OL  992.4  259.8  OA  145.2  58.1 CL  145.2  58.1 nm  0.105 s
Step    81: OL 1008.0  258.8  OA  142.5  47.4 CL  142.5  47.4 nm  0.102 s
Step    91: OL 1023.7  258.1  OA  148.3  59.6 CL  148.3  59.6 nm  0.110 s
Step   101: OL 1039.5  257.7  OA  135.3  44.4 CL  135.3  44.4 nm  0.106 s
Step   111: OL 1055.4  258.0  OA  139.4  44.3 CL  139.4  44.3 nm  0.106 s
Step   121: OL 1070.9  258.9  OA  139.2  48.0 CL  139.2  48.0 nm  0.110 s
Step   131: OL 1085.6  260.9  OA  139.7  43.9 CL  139.7  43.9 nm  0.107 s
Step   141: OL 1099.8  264.1  OA  142.1  46.8 CL  142.1  46.8 nm  0.109 s
Step   151: OL 1112.9  268.1  OA  145.6  57.9 CL  145.6  57.9 nm  0.105 s
Step   161: OL 1124.7  273.1  OA  136.7  49.1 CL  136.7  49.1 nm  0.103 s
Step   171: OL 1135.4  278.8  OA  128.5  30.9 CL  128.5  30.9 nm  0.145 s
Step   181: OL 1144.6  285.0  OA  136.1  45.0 CL  136.1  45.0 nm  0.124 s
Step   190: OL 1151.5  290.9  OA  152.1  68.6 CL  152.1  68.6 nm  0.107 s
Step   200: OL 1157.7  297.3  OA  149.2  56.0 CL  149.2  56.0 nm  0.104 s
Step   210: OL 1162.9  303.7  OA  140.1  57.2 CL  140.1  57.2 nm  0.106 s
Step   220: OL 1166.8  310.1  OA  138.6  45.4 CL  138.6  45.4 nm  0.101 s
Step   230: OL 1169.3  316.6  OA  141.5  49.1 CL  141.5  49.1 nm  0.114 s
Step   240: OL 1170.3  323.3  OA  138.3  45.6 CL  138.3  45.6 nm  0.108 s
Step   250: OL 1169.5  330.3  OA  133.0  43.4 CL  133.0  43.4 nm  0.112 s
Step   255 updated high order loop gain: 0.351
Step   260: OL 1166.2  337.5  OA  130.9  38.9 CL  130.9  38.9 nm  0.104 s
Step   270: OL 1160.6  344.7  OA  134.6  34.6 CL  134.6  34.6 nm  0.111 s
Step   280: OL 1153.0  352.0  OA  144.9  51.9 CL  144.9  51.9 nm  0.109 s
Step   289: OL 1144.8  359.1  OA  134.6  30.3 CL  134.6  30.3 nm  0.114 s
Step   299: OL 1134.8  367.6  OA  131.3  42.4 CL  131.3  42.4 nm  0.104 s
Step   309: OL 1123.9  376.6  OA  138.5  53.4 CL  138.5  53.4 nm  0.111 s
Step   318: OL 1112.8  385.1  OA  145.6  50.5 CL  145.6  50.5 nm  0.113 s
Step   328: OL 1099.6  395.2  OA  132.7  34.0 CL  132.7  34.0 nm  0.106 s
Step   338: OL 1086.2  406.4  OA  123.1  29.8 CL  123.1  29.8 nm  0.115 s
Step   348: OL 1072.6  418.7  OA  126.6  31.6 CL  126.6  31.6 nm  0.103 s
Step   358: OL 1059.1  431.9  OA  132.3  34.3 CL  132.3  34.3 nm  0.111 s
Step   368: OL 1046.0  445.9  OA  137.1  40.9 CL  137.1  40.9 nm  0.104 s
Step   376: OL 1035.8  457.4  OA  127.6  30.4 CL  127.6  30.4 nm  0.110 s
Step   386: OL 1023.4  471.8  OA  123.3  21.5 CL  123.3  21.5 nm  0.104 s
Step   396: OL 1011.3  486.2  OA  126.9  28.3 CL  126.9  28.3 nm  0.103 s
Step   406: OL  999.1  500.5  OA  122.3  26.0 CL  122.3  26.0 nm  0.106 s
Step 409, DM 2: 1 actuators over ia limit. trials=2: success.
Step 410, DM 2: 1 actuators over ia limit. trials=2: success.
Step 411, DM 2: 1 actuators over ia limit. trials=2: success.
Step 412, DM 2: 1 actuators over ia limit. trials=2: success.
Step 413, DM 2: 1 actuators over ia limit. trials=2: success.
Step 414, DM 2: 1 actuators over ia limit. trials=2: success.
Step 415, DM 2: 1 actuators over ia limit. trials=2: success.
Step   416: OL  986.5  514.3  OA  119.3  22.9 CL  119.3  22.9 nm  0.111 s
Step 416, DM 2: 1 actuators over ia limit. trials=2: success.
Step 417, DM 2: 1 actuators over ia limit. trials=2: success.
Step 418, DM 2: 1 actuators over ia limit. trials=2: success.
Step 419, DM 2: 1 actuators over ia limit. trials=2: success.
Step 420, DM 2: 1 actuators over ia limit. trials=2: success.
Step 421, DM 2: 1 actuators over ia limit. trials=2: success.
Step 422, DM 2: 1 actuators over ia limit. trials=2: success.
Step 423, DM 2: 1 actuators over ia limit. trials=2: success.
Step 424, DM 2: 1 actuators over ia limit. trials=2: success.
Step 425, DM 2: 1 actuators over ia limit. trials=2: success.
Step   426: OL  973.9  527.6  OA  120.5  22.6 CL  120.5  22.6 nm  0.104 s
Step 426, DM 2: 1 actuators over ia limit. trials=2: success.
Step 427, DM 2: 1 actuators over ia limit. trials=2: success.
Step 428, DM 2: 1 actuators over ia limit. trials=2: success.
Step 429, DM 2: 1 actuators over ia limit. trials=2: success.
Step 430, DM 2: 1 actuators over ia limit. trials=2: success.
Step 431, DM 2: 1 actuators over ia limit. trials=2: success.
Step 432, DM 2: 1 actuators over ia limit. trials=2: success.
Step 433, DM 2: 1 actuators over ia limit. trials=2: success.
Step 434, DM 2: 1 actuators over ia limit. trials=2: success.
Step 435, DM 2: 1 actuators over ia limit. trials=2: success.
Step   436: OL  961.6  540.8  OA  123.1  26.6 CL  123.1  26.6 nm  0.103 s
Step 436, DM 2: 1 actuators over ia limit. trials=2: success.
Step 437, DM 2: 1 actuators over ia limit. trials=2: success.
Step 438, DM 2: 1 actuators over ia limit. trials=2: success.
Step 439, DM 2: 1 actuators over ia limit. trials=2: success.
Step 440, DM 2: 1 actuators over ia limit. trials=2: success.
Step 441, DM 2: 1 actuators over ia limit. trials=2: success.
Step 442, DM 2: 1 actuators over ia limit. trials=2: success.
Step 443, DM 2: 1 actuators over ia limit. trials=2: success.
Step 444, DM 2: 1 actuators over ia limit. trials=2: success.
Step 445, DM 2: 1 actuators over ia limit. trials=2: success.
Step   446: OL  950.0  553.8  OA  120.0  35.8 CL  120.0  35.8 nm  0.144 s
Step 446, DM 2: 1 actuators over ia limit. trials=2: success.
Step 447, DM 2: 1 actuators over ia limit. trials=2: success.
Step 448, DM 2: 1 actuators over ia limit. trials=2: success.
Step 449, DM 2: 1 actuators over ia limit. trials=2: success.
Step 450, DM 2: 1 actuators over ia limit. trials=2: success.
Step 451, DM 2: 1 actuators over ia limit. trials=2: success.
Step 452, DM 2: 1 actuators over ia limit. trials=2: success.
Step 453, DM 2: 1 actuators over ia limit. trials=2: success.
Step 454, DM 2: 1 actuators over ia limit. trials=2: success.
Step   455: OL  940.7  565.5  OA  117.2  26.1 CL  117.2  26.1 nm  0.112 s
Step 455, DM 2: 1 actuators over ia limit. trials=2: success.
Step 456, DM 2: 1 actuators over ia limit. trials=2: success.
Step 457, DM 2: 1 actuators over ia limit. trials=2: success.
Step 458, DM 2: 1 actuators over ia limit. trials=2: success.
Step 459, DM 2: 1 actuators over ia limit. trials=2: success.
Step 460, DM 2: 1 actuators over ia limit. trials=2: success.
Step 461, DM 2: 1 actuators over ia limit. trials=2: success.
Step 462, DM 2: 1 actuators over ia limit. trials=2: success.
Step   463: OL  933.9  576.0  OA  123.4  31.3 CL  123.4  31.3 nm  0.110 s
Step 463, DM 2: 1 actuators over ia limit. trials=2: success.
Step 464, DM 2: 1 actuators over ia limit. trials=2: success.
Step 465, DM 2: 1 actuators over ia limit. trials=2: success.
Step 466, DM 2: 1 actuators over ia limit. trials=2: success.
Step 467, DM 2: 1 actuators over ia limit. trials=2: success.
Step 468, DM 2: 1 actuators over ia limit. trials=2: success.
Step 469, DM 2: 1 actuators over ia limit. trials=2: success.
Step 470, DM 2: 1 actuators over ia limit. trials=2: success.
Step 471, DM 2: 1 actuators over ia limit. trials=2: success.
Step 472, DM 2: 1 actuators over ia limit. trials=2: success.
Step   473: OL  927.5  588.9  OA  122.4  32.4 CL  122.4  32.4 nm  0.106 s
Step 473, DM 2: 1 actuators over ia limit. trials=2: success.
Step 474, DM 2: 1 actuators over ia limit. trials=2: success.
Step 475, DM 2: 1 actuators over ia limit. trials=2: success.
Step 476, DM 2: 1 actuators over ia limit. trials=2: success.
Step 477, DM 2: 1 actuators over ia limit. trials=2: success.
Step 478, DM 2: 1 actuators over ia limit. trials=2: success.
Step 479, DM 2: 1 actuators over ia limit. trials=2: success.
Step 480, DM 2: 1 actuators over ia limit. trials=2: success.
Step 481, DM 2: 1 actuators over ia limit. trials=2: success.
Step 482, DM 2: 1 actuators over ia limit. trials=2: success.
Step   483: OL  923.7  601.5  OA  114.5  19.3 CL  114.5  19.3 nm  0.117 s
Step 483, DM 2: 1 actuators over ia limit. trials=2: success.
Step 484, DM 2: 1 actuators over ia limit. trials=2: success.
Step 485, DM 2: 1 actuators over ia limit. trials=2: success.
Step 486, DM 2: 1 actuators over ia limit. trials=2: success.
Step 487, DM 2: 1 actuators over ia limit. trials=2: success.
Step 488, DM 2: 1 actuators over ia limit. trials=2: success.
Step 489, DM 2: 1 actuators over ia limit. trials=2: success.
Step 490, DM 2: 1 actuators over ia limit. trials=2: success.
Step 491, DM 2: 1 actuators over ia limit. trials=2: success.
Step 492, DM 2: 1 actuators over ia limit. trials=2: success.
Step   493: OL  922.5  613.8  OA  112.2  14.3 CL  112.2  14.3 nm  0.104 s
Step 493, DM 2: 1 actuators over ia limit. trials=2: success.
Step 494, DM 2: 1 actuators over ia limit. trials=2: success.
Step 495, DM 2: 1 actuators over ia limit. trials=2: success.
Step 496, DM 2: 1 actuators over ia limit. trials=2: success.
Step 497, DM 2: 1 actuators over ia limit. trials=2: success.
Step 498, DM 2: 1 actuators over ia limit. trials=2: success.
Step 499, DM 2: 1 actuators over ia limit. trials=2: success.
Step 500, DM 2: 1 actuators over ia limit. trials=2: success.
Step 501, DM 2: 1 actuators over ia limit. trials=2: success.
Step 502, DM 2: 1 actuators over ia limit. trials=2: success.
Step   503: OL  923.1  625.3  OA  120.5  27.1 CL  120.5  27.1 nm  0.113 s
Step 503, DM 2: 1 actuators over ia limit. trials=2: success.
Step 504, DM 2: 1 actuators over ia limit. trials=2: success.
Step 505, DM 2: 1 actuators over ia limit. trials=2: success.
Step 506, DM 2: 1 actuators over ia limit. trials=2: success.
Step 507, DM 2: 1 actuators over ia limit. trials=2: success.
Step 508, DM 2: 1 actuators over ia limit. trials=2: success.
Step 509, DM 2: 1 actuators over ia limit. trials=2: success.
Step 510, DM 2: 1 actuators over ia limit. trials=2: success.
Step   511 updated high order loop gain: 0.307
Step 511, DM 2: 1 actuators over ia limit. trials=2: success.
Step 512, DM 1: 1 actuators over ia limit. trials=2: success.
Step 512, DM 2: 1 actuators over ia limit. trials=2: success.
Step   513: OL  925.0  636.0  OA  120.3  18.4 CL  120.3  18.4 nm  0.109 s
Step 513, DM 1: 1 actuators over ia limit. trials=2: success.
Step 513, DM 2: 1 actuators over ia limit. trials=2: success.
Step 514, DM 1: 1 actuators over ia limit. trials=2: success.
Step 514, DM 2: 1 actuators over ia limit. trials=2: success.
Step 515, DM 1: 1 actuators over ia limit. trials=2: success.
Step 515, DM 2: 1 actuators over ia limit. trials=2: success.
Step 516, DM 1: 1 actuators over ia limit. trials=2: success.
Step 516, DM 2: 1 actuators over ia limit. trials=2: success.
Step 517, DM 1: 1 actuators over ia limit. trials=2: success.
Step 517, DM 2: 1 actuators over ia limit. trials=2: success.
Step 518, DM 1: 1 actuators over ia limit. trials=2: success.
Step 518, DM 2: 1 actuators over ia limit. trials=2: success.
Step 519, DM 1: 1 actuators over ia limit. trials=2: success.
Step 519, DM 2: 1 actuators over ia limit. trials=2: success.
Step 520, DM 1: 1 actuators over ia limit. trials=2: success.
Step 520, DM 2: 1 actuators over ia limit. trials=2: success.
Step 521, DM 1: 1 actuators over ia limit. trials=2: success.
Step 521, DM 2: 1 actuators over ia limit. trials=2: success.
Step 522, DM 1: 1 actuators over ia limit. trials=2: success.
Step 522, DM 2: 1 actuators over ia limit. trials=2: success.
Step   523: OL  928.2  645.5  OA  114.0   8.4 CL  114.0   8.4 nm  0.114 s
Step 523, DM 1: 1 actuators over ia limit. trials=2: success.
Step 523, DM 2: 1 actuators over ia limit. trials=2: success.
Step 524, DM 1: 1 actuators over ia limit. trials=2: success.
Step 524, DM 2: 1 actuators over ia limit. trials=2: success.
Step 525, DM 1: 1 actuators over ia limit. trials=2: success.
Step 525, DM 2: 1 actuators over ia limit. trials=2: success.
Step 526, DM 1: 1 actuators over ia limit. trials=2: success.
Step 526, DM 2: 1 actuators over ia limit. trials=2: success.
Step 527, DM 1: 1 actuators over ia limit. trials=2: success.
Step 527, DM 2: 1 actuators over ia limit. trials=2: success.
Step 528, DM 1: 1 actuators over ia limit. trials=2: success.
Step 528, DM 2: 1 actuators over ia limit. trials=2: success.
Step 529, DM 1: 1 actuators over ia limit. trials=2: success.
Step 529, DM 2: 1 actuators over ia limit. trials=2: success.
Step 530, DM 1: 1 actuators over ia limit. trials=2: success.
Step 530, DM 2: 1 actuators over ia limit. trials=2: success.
Step 531, DM 1: 1 actuators over ia limit. trials=2: success.
Step 531, DM 2: 1 actuators over ia limit. trials=2: success.
Step 532, DM 1: 1 actuators over ia limit. trials=2: success.
Step 532, DM 2: 1 actuators over ia limit. trials=2: success.
Step   533: OL  932.6  653.3  OA  115.9  11.6 CL  115.9  11.6 nm  0.104 s
Step 533, DM 1: 1 actuators over ia limit. trials=2: success.
Step 533, DM 2: 1 actuators over ia limit. trials=2: success.
Step 534, DM 1: 1 actuators over ia limit. trials=2: success.
Step 534, DM 2: 1 actuators over ia limit. trials=2: success.
Step 535, DM 1: 1 actuators over ia limit. trials=2: success.
Step 535, DM 2: 1 actuators over ia limit. trials=2: success.
Step 536, DM 1: 1 actuators over ia limit. trials=2: success.
Step 536, DM 2: 1 actuators over ia limit. trials=2: success.
Step 537, DM 1: 1 actuators over ia limit. trials=2: success.
Step 537, DM 2: 1 actuators over ia limit. trials=2: success.
Step 538, DM 1: 1 actuators over ia limit. trials=2: success.
Step 538, DM 2: 1 actuators over ia limit. trials=2: success.
Step 539, DM 1: 1 actuators over ia limit. trials=2: success.
Step 539, DM 2: 1 actuators over ia limit. trials=2: success.
Step 540, DM 1: 1 actuators over ia limit. trials=2: success.
Step 540, DM 2: 1 actuators over ia limit. trials=2: success.
Step 541, DM 1: 1 actuators over ia limit. trials=2: success.
Step 541, DM 2: 1 actuators over ia limit. trials=2: success.
Step 542, DM 1: 1 actuators over ia limit. trials=2: success.
Step 542, DM 2: 1 actuators over ia limit. trials=2: success.
Step   543: OL  938.3  659.5  OA  123.1  15.4 CL  123.1  15.4 nm  0.112 s
Step 543, DM 1: 1 actuators over ia limit. trials=2: success.
Step 543, DM 2: 1 actuators over ia limit. trials=2: success.
Step 544, DM 1: 1 actuators over ia limit. trials=2: success.
Step 544, DM 2: 1 actuators over ia limit. trials=2: success.
Step 545, DM 1: 1 actuators over ia limit. trials=2: success.
Step 545, DM 2: 1 actuators over ia limit. trials=2: success.
Step 546, DM 1: 1 actuators over ia limit. trials=2: success.
Step 546, DM 2: 1 actuators over ia limit. trials=2: success.
Step 547, DM 1: 1 actuators over ia limit. trials=2: success.
Step 547, DM 2: 1 actuators over ia limit. trials=2: success.
Step 548, DM 1: 1 actuators over ia limit. trials=2: success.
Step 548, DM 2: 1 actuators over ia limit. trials=2: success.
Step 549, DM 1: 1 actuators over ia limit. trials=2: success.
Step 549, DM 2: 1 actuators over ia limit. trials=2: success.
Step 550, DM 1: 1 actuators over ia limit. trials=2: success.
Step 550, DM 2: 1 actuators over ia limit. trials=2: success.
Step 551, DM 1: 1 actuators over ia limit. trials=2: success.
Step 551, DM 2: 1 actuators over ia limit. trials=2: success.
Step 552, DM 1: 1 actuators over ia limit. trials=2: success.
Step 552, DM 2: 1 actuators over ia limit. trials=2: success.
Step   553: OL  945.6  664.1  OA  120.4  20.2 CL  120.4  20.2 nm  0.107 s
Step 553, DM 1: 1 actuators over ia limit. trials=2: success.
Step 553, DM 2: 1 actuators over ia limit. trials=2: success.
Step 554, DM 1: 1 actuators over ia limit. trials=2: success.
Step 554, DM 2: 1 actuators over ia limit. trials=2: success.
Step 555, DM 1: 1 actuators over ia limit. trials=2: success.
Step 555, DM 2: 1 actuators over ia limit. trials=2: success.
Step 556, DM 1: 1 actuators over ia limit. trials=2: success.
Step 556, DM 2: 1 actuators over ia limit. trials=2: success.
Step 557, DM 1: 1 actuators over ia limit. trials=2: success.
Step 557, DM 2: 1 actuators over ia limit. trials=2: success.
Step 558, DM 1: 1 actuators over ia limit. trials=2: success.
Step 558, DM 2: 1 actuators over ia limit. trials=2: success.
Step 559, DM 1: 1 actuators over ia limit. trials=2: success.
Step 559, DM 2: 1 actuators over ia limit. trials=2: success.
Step 560, DM 1: 1 actuators over ia limit. trials=2: success.
Step 560, DM 2: 1 actuators over ia limit. trials=2: success.
Step 561, DM 1: 1 actuators over ia limit. trials=2: success.
Step 561, DM 2: 1 actuators over ia limit. trials=2: success.
Step 562, DM 1: 1 actuators over ia limit. trials=2: success.
Step 562, DM 2: 1 actuators over ia limit. trials=2: success.
Step   563: OL  954.1  667.4  OA  112.5  15.7 CL  112.5  15.7 nm  0.123 s
Step 563, DM 1: 1 actuators over ia limit. trials=2: success.
Step 563, DM 2: 1 actuators over ia limit. trials=2: success.
Step 564, DM 1: 1 actuators over ia limit. trials=2: success.
Step 564, DM 2: 1 actuators over ia limit. trials=2: success.
Step 565, DM 1: 1 actuators over ia limit. trials=2: success.
Step 565, DM 2: 1 actuators over ia limit. trials=2: success.
Step 566, DM 1: 1 actuators over ia limit. trials=2: success.
Step 566, DM 2: 1 actuators over ia limit. trials=2: success.
Step 567, DM 1: 1 actuators over ia limit. trials=2: success.
Step 567, DM 2: 1 actuators over ia limit. trials=2: success.
Step 568, DM 1: 1 actuators over ia limit. trials=2: success.
Step 568, DM 2: 1 actuators over ia limit. trials=2: success.
Step 569, DM 1: 1 actuators over ia limit. trials=2: success.
Step 569, DM 2: 1 actuators over ia limit. trials=2: success.
Step 570, DM 1: 1 actuators over ia limit. trials=2: success.
Step 570, DM 2: 1 actuators over ia limit. trials=2: success.
Step 571, DM 1: 1 actuators over ia limit. trials=2: success.
Step 571, DM 2: 1 actuators over ia limit. trials=2: success.
Step 572, DM 1: 1 actuators over ia limit. trials=2: success.
Step 572, DM 2: 1 actuators over ia limit. trials=2: success.
Step   573: OL  963.6  669.4  OA  115.4  15.0 CL  115.4  15.0 nm  0.105 s
Step 573, DM 1: 1 actuators over ia limit. trials=2: success.
Step 573, DM 2: 1 actuators over ia limit. trials=2: success.
Step 574, DM 1: 1 actuators over ia limit. trials=2: success.
Step 574, DM 2: 1 actuators over ia limit. trials=2: success.
Step 575, DM 1: 1 actuators over ia limit. trials=2: success.
Step 575, DM 2: 1 actuators over ia limit. trials=2: success.
Step 576, DM 1: 1 actuators over ia limit. trials=2: success.
Step 576, DM 2: 1 actuators over ia limit. trials=2: success.
Step 577, DM 1: 1 actuators over ia limit. trials=2: success.
Step 577, DM 2: 1 actuators over ia limit. trials=2: success.
Step 578, DM 1: 1 actuators over ia limit. trials=2: success.
Step 578, DM 2: 1 actuators over ia limit. trials=2: success.
Step 579, DM 1: 1 actuators over ia limit. trials=2: success.
Step 579, DM 2: 1 actuators over ia limit. trials=2: success.
Step 580, DM 1: 1 actuators over ia limit. trials=2: success.
Step 580, DM 2: 1 actuators over ia limit. trials=2: success.
Step 581, DM 1: 1 actuators over ia limit. trials=2: success.
Step 581, DM 2: 1 actuators over ia limit. trials=2: success.
Step 582, DM 1: 1 actuators over ia limit. trials=2: success.
Step 582, DM 2: 1 actuators over ia limit. trials=2: success.
Step   583: OL  974.1  670.4  OA  116.4  10.6 CL  116.4  10.6 nm  0.109 s
Step 583, DM 1: 1 actuators over ia limit. trials=2: success.
Step 583, DM 2: 1 actuators over ia limit. trials=2: success.
Step 584, DM 1: 1 actuators over ia limit. trials=2: success.
Step 584, DM 2: 1 actuators over ia limit. trials=2: success.
Step 585, DM 1: 1 actuators over ia limit. trials=2: success.
Step 585, DM 2: 1 actuators over ia limit. trials=2: success.
Step 586, DM 1: 1 actuators over ia limit. trials=2: success.
Step 586, DM 2: 1 actuators over ia limit. trials=2: success.
Step 587, DM 1: 1 actuators over ia limit. trials=2: success.
Step 587, DM 2: 1 actuators over ia limit. trials=2: success.
Step 588, DM 1: 1 actuators over ia limit. trials=2: success.
Step 588, DM 2: 1 actuators over ia limit. trials=2: success.
Step 589, DM 1: 1 actuators over ia limit. trials=2: success.
Step 589, DM 2: 1 actuators over ia limit. trials=2: success.
Step 590, DM 1: 1 actuators over ia limit. trials=2: success.
Step 590, DM 2: 1 actuators over ia limit. trials=2: success.
Step 591, DM 1: 1 actuators over ia limit. trials=2: success.
Step 591, DM 2: 1 actuators over ia limit. trials=2: success.
Step 592, DM 1: 1 actuators over ia limit. trials=2: success.
Step 592, DM 2: 1 actuators over ia limit. trials=2: success.
Step   593: OL  985.6  670.0  OA  115.9   5.2 CL  115.9   5.2 nm  0.104 s
Step 593, DM 1: 1 actuators over ia limit. trials=2: success.
Step 593, DM 2: 1 actuators over ia limit. trials=2: success.
Step 594, DM 1: 1 actuators over ia limit. trials=2: success.
Step 594, DM 2: 1 actuators over ia limit. trials=2: success.
Step 595, DM 1: 1 actuators over ia limit. trials=2: success.
Step 595, DM 2: 1 actuators over ia limit. trials=2: success.
Step 596, DM 1: 1 actuators over ia limit. trials=2: success.
Step 596, DM 2: 1 actuators over ia limit. trials=2: success.
Step 597, DM 1: 1 actuators over ia limit. trials=2: success.
Step 597, DM 2: 1 actuators over ia limit. trials=2: success.
Step 598, DM 1: 1 actuators over ia limit. trials=2: success.
Step 598, DM 2: 1 actuators over ia limit. trials=2: success.
Step 599, DM 1: 1 actuators over ia limit. trials=2: success.
Step 599, DM 2: 1 actuators over ia limit. trials=2: success.
Step 600, DM 1: 1 actuators over ia limit. trials=2: success.
Step 600, DM 2: 1 actuators over ia limit. trials=2: success.
Step 601, DM 1: 1 actuators over ia limit. trials=2: success.
Step 601, DM 2: 1 actuators over ia limit. trials=2: success.
Step 602, DM 1: 1 actuators over ia limit. trials=2: success.
Step 602, DM 2: 1 actuators over ia limit. trials=2: success.
Step   603: OL  997.5  667.9  OA  115.6  11.1 CL  115.6  11.1 nm  0.113 s
Step 603, DM 1: 1 actuators over ia limit. trials=2: success.
Step 603, DM 2: 1 actuators over ia limit. trials=2: success.
Step 604, DM 1: 1 actuators over ia limit. trials=2: success.
Step 604, DM 2: 1 actuators over ia limit. trials=2: success.
Step 605, DM 1: 1 actuators over ia limit. trials=2: success.
Step 605, DM 2: 1 actuators over ia limit. trials=2: success.
Step 606, DM 1: 1 actuators over ia limit. trials=2: success.
Step 606, DM 2: 1 actuators over ia limit. trials=2: success.
Step 607, DM 1: 1 actuators over ia limit. trials=2: success.
Step 607, DM 2: 1 actuators over ia limit. trials=2: success.
Step 608, DM 1: 1 actuators over ia limit. trials=2: success.
Step 608, DM 2: 1 actuators over ia limit. trials=2: success.
Step 609, DM 1: 1 actuators over ia limit. trials=2: success.
Step 609, DM 2: 1 actuators over ia limit. trials=2: success.
Step 610, DM 1: 1 actuators over ia limit. trials=2: success.
Step 610, DM 2: 1 actuators over ia limit. trials=2: success.
Step 611, DM 1: 1 actuators over ia limit. trials=2: success.
Step 611, DM 2: 1 actuators over ia limit. trials=2: success.
Step 612, DM 1: 1 actuators over ia limit. trials=2: success.
Step 612, DM 2: 1 actuators over ia limit. trials=2: success.
Step   613: OL 1009.7  664.1  OA  116.6   8.2 CL  116.6   8.2 nm  0.105 s
Step 613, DM 1: 1 actuators over ia limit. trials=2: success.
Step 613, DM 2: 1 actuators over ia limit. trials=2: success.
Step 614, DM 1: 1 actuators over ia limit. trials=2: success.
Step 614, DM 2: 1 actuators over ia limit. trials=2: success.
Step 615, DM 1: 1 actuators over ia limit. trials=2: success.
Step 615, DM 2: 1 actuators over ia limit. trials=2: success.
Step 616, DM 1: 1 actuators over ia limit. trials=2: success.
Step 616, DM 2: 1 actuators over ia limit. trials=2: success.
Step 617, DM 1: 1 actuators over ia limit. trials=2: success.
Step 617, DM 2: 1 actuators over ia limit. trials=2: success.
Step 618, DM 1: 1 actuators over ia limit. trials=2: success.
Step 618, DM 2: 1 actuators over ia limit. trials=2: success.
Step 619, DM 1: 1 actuators over ia limit. trials=2: success.
Step 619, DM 2: 1 actuators over ia limit. trials=2: success.
Step 620, DM 1: 1 actuators over ia limit. trials=2: success.
Step 620, DM 2: 1 actuators over ia limit. trials=2: success.
Step 621, DM 1: 1 actuators over ia limit. trials=2: success.
Step 621, DM 2: 1 actuators over ia limit. trials=2: success.
Step 622, DM 1: 1 actuators over ia limit. trials=2: success.
Step 622, DM 2: 1 actuators over ia limit. trials=2: success.
Step   623: OL 1021.9  658.9  OA  121.4  13.7 CL  121.4  13.7 nm  0.110 s
Step 623, DM 1: 1 actuators over ia limit. trials=2: success.
Step 623, DM 2: 1 actuators over ia limit. trials=2: success.
Step 624, DM 1: 1 actuators over ia limit. trials=2: success.
Step 624, DM 2: 1 actuators over ia limit. trials=2: success.
Step 625, DM 1: 1 actuators over ia limit. trials=2: success.
Step 625, DM 2: 1 actuators over ia limit. trials=2: success.
Step 626, DM 1: 1 actuators over ia limit. trials=2: success.
Step 626, DM 2: 1 actuators over ia limit. trials=2: success.
Step 627, DM 1: 1 actuators over ia limit. trials=2: success.
Step 627, DM 2: 1 actuators over ia limit. trials=2: success.
Step 628, DM 1: 1 actuators over ia limit. trials=2: success.
Step 628, DM 2: 1 actuators over ia limit. trials=2: success.
Step 629, DM 1: 1 actuators over ia limit. trials=2: success.
Step 629, DM 2: 1 actuators over ia limit. trials=2: success.
Step 630, DM 1: 1 actuators over ia limit. trials=2: success.
Step 630, DM 2: 1 actuators over ia limit. trials=2: success.
Step 631, DM 1: 1 actuators over ia limit. trials=2: success.
Step 631, DM 2: 1 actuators over ia limit. trials=2: success.
Step 632, DM 1: 1 actuators over ia limit. trials=2: success.
Step 632, DM 2: 1 actuators over ia limit. trials=2: success.
Step   633: OL 1033.8  652.3  OA  115.7  16.1 CL  115.7  16.1 nm  0.105 s
Step 633, DM 1: 1 actuators over ia limit. trials=2: success.
Step 633, DM 2: 1 actuators over ia limit. trials=2: success.
Step 634, DM 1: 1 actuators over ia limit. trials=2: success.
Step 634, DM 2: 1 actuators over ia limit. trials=2: success.
Step 635, DM 1: 1 actuators over ia limit. trials=2: success.
Step 635, DM 2: 1 actuators over ia limit. trials=2: success.
Step 636, DM 1: 1 actuators over ia limit. trials=2: success.
Step 636, DM 2: 1 actuators over ia limit. trials=2: success.
Step 637, DM 1: 1 actuators over ia limit. trials=2: success.
Step 637, DM 2: 1 actuators over ia limit. trials=2: success.
Step 638, DM 1: 1 actuators over ia limit. trials=2: success.
Step 638, DM 2: 1 actuators over ia limit. trials=2: success.
Step 639, DM 1: 1 actuators over ia limit. trials=2: success.
Step 639, DM 2: 1 actuators over ia limit. trials=2: success.
Step 640, DM 1: 1 actuators over ia limit. trials=2: success.
Step 640, DM 2: 1 actuators over ia limit. trials=2: success.
Step 641, DM 1: 1 actuators over ia limit. trials=2: success.
Step 641, DM 2: 1 actuators over ia limit. trials=2: success.
Step 642, DM 1: 1 actuators over ia limit. trials=2: success.
Step 642, DM 2: 1 actuators over ia limit. trials=2: success.
Step   643: OL 1045.1  644.4  OA  117.8  20.1 CL  117.8  20.1 nm  0.109 s
Step 643, DM 1: 1 actuators over ia limit. trials=2: success.
Step 643, DM 2: 1 actuators over ia limit. trials=2: success.
Step 644, DM 1: 1 actuators over ia limit. trials=2: success.
Step 644, DM 2: 1 actuators over ia limit. trials=2: success.
Step 645, DM 1: 1 actuators over ia limit. trials=2: success.
Step 645, DM 2: 1 actuators over ia limit. trials=2: success.
Step 646, DM 1: 1 actuators over ia limit. trials=2: success.
Step 646, DM 2: 1 actuators over ia limit. trials=2: success.
Step 647, DM 1: 1 actuators over ia limit. trials=2: success.
Step 647, DM 2: 1 actuators over ia limit. trials=2: success.
Step 648, DM 1: 1 actuators over ia limit. trials=2: success.
Step 649, DM 1: 1 actuators over ia limit. trials=2: success.
Step 650, DM 1: 1 actuators over ia limit. trials=2: success.
Step 651, DM 1: 1 actuators over ia limit. trials=2: success.
Step 652, DM 1: 1 actuators over ia limit. trials=2: success.
Step   653: OL 1055.5  635.6  OA  114.3  11.9 CL  114.3  11.9 nm  0.105 s
Step 653, DM 1: 1 actuators over ia limit. trials=2: success.
Step 654, DM 1: 1 actuators over ia limit. trials=2: success.
Step 655, DM 1: 1 actuators over ia limit. trials=2: success.
Step 656, DM 1: 1 actuators over ia limit. trials=2: success.
Step 657, DM 1: 1 actuators over ia limit. trials=2: success.
Step 658, DM 1: 1 actuators over ia limit. trials=2: success.
Step 659, DM 1: 1 actuators over ia limit. trials=2: success.
Step 660, DM 1: 1 actuators over ia limit. trials=2: success.
Step 661, DM 1: 1 actuators over ia limit. trials=2: success.
Step 662, DM 1: 1 actuators over ia limit. trials=2: success.
Step   663: OL 1065.3  625.9  OA  118.1  20.6 CL  118.1  20.6 nm  0.108 s
Step 663, DM 1: 1 actuators over ia limit. trials=2: success.
Step 664, DM 1: 1 actuators over ia limit. trials=2: success.
Step 665, DM 1: 1 actuators over ia limit. trials=2: success.
Step 666, DM 1: 1 actuators over ia limit. trials=2: success.
Step 667, DM 1: 1 actuators over ia limit. trials=2: success.
Step 668, DM 1: 1 actuators over ia limit. trials=2: success.
Step 669, DM 1: 1 actuators over ia limit. trials=2: success.
Step 670, DM 1: 1 actuators over ia limit. trials=2: success.
Step 671, DM 1: 1 actuators over ia limit. trials=2: success.
Step 672, DM 1: 1 actuators over ia limit. trials=2: success.
Step   673: OL 1074.3  615.6  OA  116.2  11.8 CL  116.2  11.8 nm  0.104 s
Step 673, DM 1: 1 actuators over ia limit. trials=2: success.
Step 674, DM 1: 1 actuators over ia limit. trials=2: success.
Step 675, DM 1: 1 actuators over ia limit. trials=2: success.
Step 676, DM 1: 1 actuators over ia limit. trials=2: success.
Step 677, DM 1: 1 actuators over ia limit. trials=2: success.
Step 678, DM 1: 1 actuators over ia limit. trials=2: success.
Step 679, DM 1: 1 actuators over ia limit. trials=2: success.
Step 680, DM 1: 1 actuators over ia limit. trials=2: success.
Step 681, DM 1: 1 actuators over ia limit. trials=2: success.
Step 682, DM 1: 1 actuators over ia limit. trials=2: success.
Step   683: OL 1083.0  605.2  OA  122.0  13.5 CL  122.0  13.5 nm  0.106 s
Step 683, DM 1: 1 actuators over ia limit. trials=2: success.
Step 684, DM 1: 1 actuators over ia limit. trials=2: success.
Step 685, DM 1: 1 actuators over ia limit. trials=2: success.
Step 686, DM 1: 1 actuators over ia limit. trials=2: success.
Step 687, DM 1: 1 actuators over ia limit. trials=2: success.
Step 688, DM 1: 1 actuators over ia limit. trials=2: success.
Step 689, DM 1: 1 actuators over ia limit. trials=2: success.
Step 690, DM 1: 1 actuators over ia limit. trials=2: success.
Step 691, DM 1: 1 actuators over ia limit. trials=2: success.
Step 692, DM 1: 1 actuators over ia limit. trials=2: success.
Step   693: OL 1091.1  594.6  OA  122.3  18.0 CL  122.3  18.0 nm  0.105 s
Step 693, DM 1: 1 actuators over ia limit. trials=2: success.
Step 694, DM 1: 1 actuators over ia limit. trials=2: success.
Step 695, DM 1: 1 actuators over ia limit. trials=2: success.
Step 696, DM 1: 1 actuators over ia limit. trials=2: success.
Step 697, DM 1: 1 actuators over ia limit. trials=2: success.
Step 698, DM 1: 1 actuators over ia limit. trials=2: success.
Step 699, DM 1: 1 actuators over ia limit. trials=2: success.
Step 700, DM 1: 1 actuators over ia limit. trials=2: success.
Step 701, DM 1: 1 actuators over ia limit. trials=2: success.
Step 702, DM 1: 1 actuators over ia limit. trials=2: success.
Step   703: OL 1097.9  583.2  OA  122.6   3.8 CL  122.6   3.8 nm  0.107 s
Step 703, DM 1: 1 actuators over ia limit. trials=2: success.
Step 704, DM 1: 1 actuators over ia limit. trials=2: success.
Step 705, DM 1: 1 actuators over ia limit. trials=2: success.
Step 706, DM 1: 1 actuators over ia limit. trials=2: success.
Step 707, DM 1: 1 actuators over ia limit. trials=2: success.
Step 708, DM 1: 1 actuators over ia limit. trials=2: success.
Step 709, DM 1: 1 actuators over ia limit. trials=2: success.
Step 710, DM 1: 1 actuators over ia limit. trials=2: success.
Step 711, DM 1: 1 actuators over ia limit. trials=2: success.
Step 712, DM 1: 1 actuators over ia limit. trials=2: success.
Step   713: OL 1103.1  571.2  OA  124.5  15.2 CL  124.5  15.2 nm  0.113 s
Step 713, DM 1: 1 actuators over ia limit. trials=2: success.
Step 714, DM 1: 1 actuators over ia limit. trials=2: success.
Step 715, DM 1: 1 actuators over ia limit. trials=2: success.
Step 716, DM 1: 1 actuators over ia limit. trials=2: success.
Step 717, DM 1: 1 actuators over ia limit. trials=2: success.
Step 718, DM 1: 1 actuators over ia limit. trials=2: success.
Step 719, DM 1: 1 actuators over ia limit. trials=2: success.
Step 720, DM 1: 1 actuators over ia limit. trials=2: success.
Step 721, DM 1: 1 actuators over ia limit. trials=2: success.
Step   722: OL 1106.3  560.0  OA  123.4   9.9 CL  123.4   9.9 nm  0.105 s
Step 722, DM 1: 1 actuators over ia limit. trials=2: success.
Step 723, DM 1: 1 actuators over ia limit. trials=2: success.
Step 724, DM 1: 1 actuators over ia limit. trials=2: success.
Step 725, DM 1: 1 actuators over ia limit. trials=2: success.
Step 726, DM 1: 1 actuators over ia limit. trials=2: success.
Step 727, DM 1: 1 actuators over ia limit. trials=2: success.
Step 728, DM 1: 1 actuators over ia limit. trials=2: success.
Step 729, DM 1: 1 actuators over ia limit. trials=2: success.
Step 730, DM 1: 1 actuators over ia limit. trials=2: success.
Step 731, DM 1: 1 actuators over ia limit. trials=2: success.
Step   732: OL 1108.0  547.7  OA  122.3  25.0 CL  122.3  25.0 nm  0.106 s
Step 732, DM 1: 1 actuators over ia limit. trials=2: success.
Step 733, DM 1: 1 actuators over ia limit. trials=2: success.
Step 734, DM 1: 1 actuators over ia limit. trials=2: success.
Step   739: OL 1108.1  539.1  OA  119.6  22.9 CL  119.6  22.9 nm  0.130 s
Step 741, DM 1: 1 actuators over ia limit. trials=2: success.
Step 742, DM 1: 1 actuators over ia limit. trials=2: success.
Step 743, DM 1: 1 actuators over ia limit. trials=2: success.
Step 744, DM 1: 1 actuators over ia limit. trials=2: success.
Step 745, DM 1: 1 actuators over ia limit. trials=2: success.
Step 746, DM 1: 1 actuators over ia limit. trials=2: success.
Step 747, DM 1: 1 actuators over ia limit. trials=2: success.
Step 748, DM 1: 1 actuators over ia limit. trials=2: success.
Step   749: OL 1106.6  526.8  OA  121.3  16.8 CL  121.3  16.8 nm  0.110 s
Step 749, DM 1: 1 actuators over ia limit. trials=2: success.
Step 750, DM 1: 1 actuators over ia limit. trials=2: success.
Step 751, DM 1: 1 actuators over ia limit. trials=2: success.
Step 752, DM 1: 1 actuators over ia limit. trials=2: success.
Step 753, DM 1: 1 actuators over ia limit. trials=2: success.
Step   759: OL 1103.4  515.0  OA  122.9  16.0 CL  122.9  16.0 nm  0.112 s
Step   767 updated high order loop gain: 0.287
Step   769: OL 1098.4  503.4  OA  123.7  10.6 CL  123.7  10.6 nm  0.106 s
Step   779: OL 1091.6  492.1  OA  119.3  15.3 CL  119.3  15.3 nm  0.110 s
Step   789: OL 1082.8  480.9  OA  120.7  12.3 CL  120.7  12.3 nm  0.104 s
Step   799: OL 1072.2  469.8  OA  120.6   5.2 CL  120.6   5.2 nm  0.111 s
Step   809: OL 1060.5  458.6  OA  122.8  23.4 CL  122.8  23.4 nm  0.106 s
Step   819: OL 1047.3  447.5  OA  116.0   8.0 CL  116.0   8.0 nm  0.104 s
Step   829: OL 1032.6  436.6  OA  119.9   6.8 CL  119.9   6.8 nm  0.103 s
Step   839: OL 1016.9  425.9  OA  126.2  14.6 CL  126.2  14.6 nm  0.106 s
Step   849: OL 1000.9  415.8  OA  118.1   8.7 CL  118.1   8.7 nm  0.104 s
Step   859: OL  984.7  406.2  OA  124.0  22.5 CL  124.0  22.5 nm  0.105 s
Step   869: OL  968.8  397.4  OA  121.6  13.0 CL  121.6  13.0 nm  0.110 s
Step   879: OL  953.7  389.5  OA  121.8  15.4 CL  121.8  15.4 nm  0.107 s
Step   889: OL  939.1  382.4  OA  125.2  18.3 CL  125.2  18.3 nm  0.113 s
Step   899: OL  924.1  375.8  OA  124.7  19.6 CL  124.7  19.6 nm  0.109 s
Step   909: OL  908.6  370.1  OA  118.1  15.8 CL  118.1  15.8 nm  0.103 s
Step   919: OL  893.1  365.1  OA  122.7  24.9 CL  122.7  24.9 nm  0.103 s
Step   929: OL  877.8  360.4  OA  119.5  23.2 CL  119.5  23.2 nm  0.105 s
Step   939: OL  862.9  355.6  OA  123.6  27.8 CL  123.6  27.8 nm  0.106 s
Step   949: OL  848.5  350.8  OA  118.3  22.1 CL  118.3  22.1 nm  0.103 s
Step   958: OL  836.3  346.2  OA  126.3  28.9 CL  126.3  28.9 nm  0.114 s
Step   968: OL  824.1  340.7  OA  122.7  24.1 CL  122.7  24.1 nm  0.105 s
Step   978: OL  813.1  334.7  OA  120.8  33.6 CL  120.8  33.6 nm  0.110 s
Step   988: OL  803.3  328.3  OA  120.6  28.3 CL  120.6  28.3 nm  0.104 s
Step   998: OL  794.1  321.3  OA  125.3  37.5 CL  125.3  37.5 nm  0.107 s
Step  1008: OL  785.3  313.7  OA  119.0  23.2 CL  119.0  23.2 nm  0.116 s
Step  1018: OL  777.5  306.1  OA  125.6  39.7 CL  125.6  39.7 nm  0.103 s
Step  1023 updated high order loop gain: 0.280
Step  1028: OL  770.5  298.3  OA  124.1  39.1 CL  124.1  39.1 nm  0.107 s
Step  1038: OL  764.2  290.1  OA  126.4  42.0 CL  126.4  42.0 nm  0.107 s
Step  1048: OL  758.3  281.4  OA  132.0  48.7 CL  132.0  48.7 nm  0.112 s
Step  1058: OL  752.0  272.1  OA  125.6  37.8 CL  125.6  37.8 nm  0.108 s
Step  1068: OL  746.2  261.9  OA  136.4  52.4 CL  136.4  52.4 nm  0.107 s
Step  1078: OL  741.5  250.6  OA  128.7  41.6 CL  128.7  41.6 nm  0.111 s
Step  1088: OL  738.0  238.9  OA  129.3  35.4 CL  129.3  35.4 nm  0.111 s
Step  1098: OL  735.7  227.6  OA  127.4  40.5 CL  127.4  40.5 nm  0.108 s
Step  1108: OL  734.2  217.0  OA  123.6  34.4 CL  123.6  34.4 nm  0.104 s
Step  1118: OL  733.3  207.2  OA  121.3  41.3 CL  121.3  41.3 nm  0.108 s
Step  1128: OL  732.9  198.4  OA  118.5  33.0 CL  118.5  33.0 nm  0.105 s
Step  1138: OL  732.7  190.9  OA  122.5  32.6 CL  122.5  32.6 nm  0.101 s
Step  1147: OL  732.8  185.0  OA  117.8  23.7 CL  117.8  23.7 nm  0.104 s
Step  1157: OL  732.9  179.4  OA  121.4  25.5 CL  121.4  25.5 nm  0.112 s
Step  1167: OL  732.9  175.2  OA  117.0   7.0 CL  117.0   7.0 nm  0.106 s
Step  1177: OL  733.4  172.0  OA  121.3  16.2 CL  121.3  16.2 nm  0.111 s
Step  1187: OL  735.0  169.6  OA  120.8  15.6 CL  120.8  15.6 nm  0.111 s
Step  1197: OL  737.2  167.5  OA  118.2  11.4 CL  118.2  11.4 nm  0.109 s
Step  1207: OL  739.7  165.6  OA  122.8  26.1 CL  122.8  26.1 nm  0.105 s
Step  1217: OL  742.3  164.1  OA  127.2  24.6 CL  127.2  24.6 nm  0.116 s
Step  1227: OL  745.1  163.3  OA  121.6  21.0 CL  121.6  21.0 nm  0.102 s
Step  1237: OL  747.4  163.7  OA  117.9  10.6 CL  117.9  10.6 nm  0.112 s
Step  1247: OL  749.5  165.2  OA  120.1  17.9 CL  120.1  17.9 nm  0.104 s
Step  1257: OL  752.1  168.1  OA  123.9   3.5 CL  123.9   3.5 nm  0.114 s
Step  1267: OL  755.1  172.2  OA  126.3  18.2 CL  126.3  18.2 nm  0.104 s
Step  1277: OL  758.5  177.2  OA  123.6  21.5 CL  123.6  21.5 nm  0.107 s
Step  1279 updated high order loop gain: 0.271
Step  1287: OL  762.7  183.1  OA  118.3   8.8 CL  118.3   8.8 nm  0.104 s
Step  1297: OL  767.1  189.5  OA  124.3  14.0 CL  124.3  14.0 nm  0.111 s
Step  1307: OL  771.3  196.6  OA  128.3  17.9 CL  128.3  17.9 nm  0.103 s
Step  1317: OL  775.0  204.2  OA  124.6  22.3 CL  124.6  22.3 nm  0.106 s
Step  1327: OL  778.6  212.5  OA  121.6   8.4 CL  121.6   8.4 nm  0.105 s
Step  1337: OL  782.8  221.4  OA  122.3   5.8 CL  122.3   5.8 nm  0.104 s
Step  1347: OL  787.8  230.6  OA  119.8  17.4 CL  119.8  17.4 nm  0.106 s
Step  1357: OL  793.5  239.5  OA  120.5  31.3 CL  120.5  31.3 nm  0.114 s
Step  1367: OL  799.9  247.6  OA  117.1  23.3 CL  117.1  23.3 nm  0.108 s
Step  1377: OL  806.5  254.4  OA  126.2  38.0 CL  126.2  38.0 nm  0.115 s
Step  1387: OL  813.7  260.2  OA  119.8  28.2 CL  119.8  28.2 nm  0.112 s
Step  1397: OL  821.5  265.1  OA  125.5  40.4 CL  125.5  40.4 nm  0.109 s
Step  1407: OL  829.9  268.8  OA  125.0  28.8 CL  125.0  28.8 nm  0.112 s
Step  1417: OL  838.7  271.8  OA  127.1  45.5 CL  127.1  45.5 nm  0.106 s
Step  1427: OL  847.8  274.2  OA  129.9  44.4 CL  129.9  44.4 nm  0.104 s
Step  1437: OL  856.5  276.4  OA  122.4  25.8 CL  122.4  25.8 nm  0.114 s
Step  1447: OL  864.7  278.1  OA  132.2  51.6 CL  132.2  51.6 nm  0.109 s
Step  1457: OL  872.5  279.3  OA  126.1  41.0 CL  126.1  41.0 nm  0.113 s
Step  1467: OL  879.4  279.5  OA  129.7  37.6 CL  129.7  37.6 nm  0.109 s
Step  1477: OL  884.4  278.8  OA  129.1  35.9 CL  129.1  35.9 nm  0.107 s
Step  1485: OL  887.0  277.4  OA  136.2  48.6 CL  136.2  48.6 nm  0.106 s
Step  1495: OL  888.5  274.7  OA  131.4  42.0 CL  131.4  42.0 nm  0.104 s
Step  1505: OL  888.2  271.0  OA  122.5  26.9 CL  122.5  26.9 nm  0.110 s
Step  1515: OL  886.6  266.6  OA  136.2  55.3 CL  136.2  55.3 nm  0.106 s
Step  1525: OL  883.8  261.7  OA  122.5  31.2 CL  122.5  31.2 nm  0.115 s
Step  1535: OL  879.6  255.8  OA  122.6  38.2 CL  122.6  38.2 nm  0.102 s
Step  1535 updated high order loop gain: 0.265
Step  1545: OL  874.8  249.4  OA  134.4  49.9 CL  134.4  49.9 nm  0.117 s
Step  1554: OL  870.2  243.4  OA  134.4  53.0 CL  134.4  53.0 nm  0.105 s
Step  1564: OL  865.1  237.0  OA  140.9  56.4 CL  140.9  56.4 nm  0.114 s
Step  1572: OL  860.9  232.2  OA  141.9  55.8 CL  141.9  55.8 nm  0.108 s
Step  1582: OL  855.4  226.9  OA  132.0  36.3 CL  132.0  36.3 nm  0.112 s
Step  1592: OL  849.4  222.4  OA  139.7  59.6 CL  139.7  59.6 nm  0.108 s
Step 1599: Output PSF
Step  1599: OL  845.1  219.5  OA  140.3  53.7 CL  140.3  53.7 nm  1.467 s
Mean: 123.35 28.38 120.04  nm.

*** Simulation Finished at 2025/02/17 15:59:26 in nid001972. ***

