Warning(sock.c:516): connect locally (/global/homes/b/bpeck/.aos/tmp/nid003257/scheduler) failed: Invalid argument. 
/global/u2/b/bpeck/work/vismcao/maos -o studies/misreg/8_lgs/8mag_lgs/6000count -c master_files/misreg/8_lgs/8mag_lgs/kola_6000act.conf -O 
Output folder is 'studies/misreg/8_lgs/8mag_lgs/6000count'.
SRC: /global/homes/b/bpeck/code/maos v2.9 4c88b7c2 2024-11-13 16:45:33 -0800
BUILT: /global/homes/b/bpeck/code/maos/optim by GCC (v12) on 2024/11/18 09:40:03 CPU(F64,+O3) with CUDA(v122,F32)
Launched at 2025/02/09 17:52:40 in nid003257 with PID 997393.
The web based job monitor can be accessed at http://localhost:10300
Main config file is /global/u2/b/bpeck/work/vismcao/master_files/misreg/8_lgs/8mag_lgs/kola_6000act.conf
Warning(path.c:48): Path not found: path=/global/u2/b/bpeck/work/vismcao/master_files/misreg/8_lgs/8mag_lgs/bin; abspath=/global/u2/b/bpeck/work/vismcao/master_files/misreg/8_lgs/8mag_lgs/bin; Ignored.
Warning(path.c:48): Path not found: path=/global/u2/b/bpeck/work/vismcao/master_files/misreg/8_lgs/8mag_lgs/atm; abspath=/global/u2/b/bpeck/work/vismcao/master_files/misreg/8_lgs/8mag_lgs/atm; Ignored.
Warning(readcfg.c:399): sim.apfsm has been renamed to powfs.apfsm.
Warning(readcfg.c:399): sim.epfsm has been renamed to powfs.epfsm.
Warning(readcfg.c:399): sim.alfsm has been renamed to powfs.alfsm.
Warning(readcfg.c:399): sim.commonfsm has been renamed to powfs.commonfsm.
Warning(readcfg.c:399): sim.idealfsm has been renamed to powfs.idealfsm.
Warning(readcfg.c:399): sim.zetafsm has been renamed to powfs.zetafsm.
Warning(readcfg.c:399): sim.f0fsm has been renamed to powfs.f0fsm.
Warning(readcfg.c:399): tsurf has been renamed to ncpa.tsurf.
loaded 132 (132 new) records from '/global/u2/b/bpeck/work/vismcao/./keck_sim.conf'
loaded  19 ( 19 new) records from '/global/u2/b/bpeck/work/vismcao/./dm_none.conf'
loaded  19 (  0 new) records from '/global/u2/b/bpeck/work/vismcao/./keck_ASM.conf'
loaded  19 (  0 new) records from '/global/u2/b/bpeck/work/vismcao/./keck_DM2.conf'
loaded  19 (  0 new) records from '/global/u2/b/bpeck/work/vismcao/./keck_DM3.conf'
loaded   0 (  0 new) records from '/global/u2/b/bpeck/work/vismcao/./keck_dm_multiple.conf'
loaded   7 (  5 new) records from '/global/u2/b/bpeck/work/vismcao/./atm_mk13n50p_ground_detail.conf'
loaded  76 ( 69 new) records from '/global/homes/b/bpeck/code/maos/config/maos/powfs_common.conf'
loaded  44 ( 38 new) records from '/global/u2/b/bpeck/work/vismcao/./powfs_none.conf'
loaded  44 (  0 new) records from '/global/u2/b/bpeck/work/vismcao/./keck_shwfs_lgs.conf'
loaded  44 (  0 new) records from '/global/u2/b/bpeck/work/vismcao/./keck_shwfs_ttf_strap.conf'
loaded  44 (  0 new) records from '/global/u2/b/bpeck/work/vismcao/./keck_shwfs_twfs_lbwfs.conf'
loaded   0 (  0 new) records from '/global/u2/b/bpeck/work/vismcao/./keck_wfs_lgs_strap_lbwfs.conf'
loaded  71 ( 71 new) records from '/global/u2/b/bpeck/work/vismcao/./keck_recon.conf'
Warning(readcfg.c:399): dbg.na_smooth has been renamed to powfs0_llt.na_smooth.
Warning(readcfg.c:399): dbg.na_interp has been renamed to powfs0_llt.na_interp.
Warning(readcfg.c:399): dbg.na_thres has been renamed to powfs0_llt.na_thres.
Warning(readcfg.c:399): dbg.na_fit_maxit has been renamed to powfs0_llt.na_fit_maxit.
Warning(readcfg.c:399): dbg.na_fit_svdthres has been renamed to powfs0_llt.na_fit_svdthres.
Warning(readcfg.c:399): dbg.na_fit_dh has been renamed to powfs0_llt.na_fit_dh.
Warning(readcfg.c:399): dbg.ncpa_preload has been renamed to ncpa.preload.
Warning(readcfg.c:399): dbg.ncpa_rmsci has been renamed to ncpa.rmsci.
Warning(readcfg.c:399): dbg.draw_opdmax has been renamed to plot.opdmax.
Warning(readcfg.c:399): dbg.draw_gmax has been renamed to plot.gmax.
loaded  95 ( 93 new) records from '/global/u2/b/bpeck/work/vismcao/./keck_dbg.conf'
loaded   4 (  4 new) records from '/global/u2/b/bpeck/work/vismcao/./keck_fit_mcao.conf'
Warning(readcfg.c:399): surf has been renamed to ncpa.surf.
loaded  39 (  7 new) records from '/global/u2/b/bpeck/work/vismcao/master_files/misreg/8_lgs/8mag_lgs/kola_6000act.conf'
loaded   0 (  0 new) records from 'command line'
loaded  24 ( 18 new) records from '/global/u2/b/bpeck/work/vismcao/./keck_llt_CL.conf'
Adjust LGS range by telescope altitude 4145m.
Zenith angle is 30 degree.
    Scaling turbulence height and LGS hs by sec(za).
    Scaling r0 by cos(za)^(3/5).
    Scaling wind speed and LGS signal level by cos(za).
powfs0: Adjusting dx from 0.0078125 to 0.007875. 
powfs0.llt.fsm: f0=0 Hz, LPF ep=0
powfs0.epfsm is set to 0.517618 (auto)
powfs2: Adjusting dx from 0.03125 to 0.0312778. 
powfs2 is TWFS for powfs0
sim.ephi is set to 0.427717 (auto)
sim.eplo is set to 0.427717 (auto)
Warning(parms.c:2296): Layer 1 at 17.3205m is very close to layer 0 at 0m (OK).
Warning(parms.c:2296): Layer 2 at 34.641m is very close to layer 1 at 17.3205m (OK).
Warning(parms.c:2296): Layer 3 at 51.9615m is very close to layer 2 at 34.641m (OK).
dm 0: stroke=30 um is provided in micron.
dm 0: assume ia stroke=2 um is provided in micron.
dm 1: stroke=7 um is provided in micron.
dm 1: assume ia stroke=2 um is provided in micron.
dm 2: stroke=7 um is provided in micron.
dm 2: assume ia stroke=2 um is provided in micron.
Focus blending is not implemented yet for integrated tomography
parms->sim.mffocus is reset to 0
There are 1 valid simulation seeds:  1
Output PSF for 1 directions
Used 449 of 456 supplied keys
Warning(readcfg.c:158): key "dbg.pwfs_flate" is not recognized, value is 0
Warning(readcfg.c:158): key "dbg.pwfs_flatv" is not recognized, value is 0
Warning(readcfg.c:158): key "dbg.pwfs_psx" is not recognized, value is [0 0 0 0]
Warning(readcfg.c:158): key "dbg.pwfs_psy" is not recognized, value is [0 0 0 0]
Warning(readcfg.c:158): key "dbg.pwfs_pupelong" is not recognized, value is 0
Warning(readcfg.c:158): key "dbg.pwfs_raw" is not recognized, value is 0
Warning(readcfg.c:158): key "dbg.pwfs_side" is not recognized, value is 4
[00;00mAperture[00;00m is 11 m with sampling 1/128 m
[00;00mTurbulence at 30 degree zenith angle:[00;00m r0=0.128424m, L0=30m, 14 layers.
    Greenwood freq is 25.1Hz, anisoplanatic angle is 1.58 as
    Sampled 8192x8192 at 1/128m. wind dir is randomized.
    layer 0: ht=      0 m, wt= 0.302, ws=  4.8 m/s
    layer 1: ht=     17 m, wt= 0.154, ws=  5.0 m/s
    layer 2: ht=     35 m, wt= 0.041, ws=  5.4 m/s
    layer 3: ht=     52 m, wt= 0.002, ws=  6.6 m/s
    layer 4: ht=    139 m, wt= 0.021, ws=  6.1 m/s
    layer 5: ht=    231 m, wt= 0.010, ws=  6.1 m/s
    layer 6: ht=    323 m, wt= 0.008, ws=  6.1 m/s
    layer 7: ht=    416 m, wt= 0.005, ws=  6.1 m/s
    layer 8: ht=    508 m, wt= 0.001, ws=  6.1 m/s
    layer 9: ht=    932 m, wt= 0.107, ws=  5.6 m/s
    layer 10: ht=   5022 m, wt= 0.144, ws= 11.1 m/s
    layer 11: ht=   9238 m, wt= 0.093, ws= 19.1 m/s
    layer 12: ht=  13856 m, wt= 0.075, ws=  8.2 m/s
    layer 13: ht=  22518 m, wt= 0.036, ws=  4.8 m/s
[00;00mReconstruction[00;00m: r0=0.128424m L0=30m. 14 layers. use cone coordinate.
    layer 0: ht=      0 m, wt= 0.302
    layer 1: ht=     17 m, wt= 0.154
    layer 2: ht=     35 m, wt= 0.041
    layer 3: ht=     52 m, wt= 0.002
    layer 4: ht=    139 m, wt= 0.021
    layer 5: ht=    231 m, wt= 0.010
    layer 6: ht=    323 m, wt= 0.008
    layer 7: ht=    416 m, wt= 0.005
    layer 8: ht=    508 m, wt= 0.001
    layer 9: ht=    932 m, wt= 0.107
    layer 10: ht=   5022 m, wt= 0.144
    layer 11: ht=   9238 m, wt= 0.093
    layer 12: ht=  13856 m, wt= 0.075
    layer 13: ht=  22518 m, wt= 0.036
[00;00mThere are 3 powfs[00;00m
  powfs0: Order 88, LGS at 99.1 km. Sampling 1/126.984 m. Thres 30%. [00;00mT/T is removed in right hand side in tomography.[00;00m
    CCD image is 25x25 @ 500x500 mas, blur 27% (sigma), 1500Hz, wvl: [ 5.89e-07]
    Gtilt in reconstruction. Physical optics start at 0 with [00;00m'matched filter'[00;00m [00;00m(noisy)[00;00m
  powfs1: Order  2, NGS at inf km. Sampling 1/16 m. Thres 30%. 
    Ztilt in reconstruction. Geomtric optics start at 2 with ztilt [00;00m(noisy)[00;00m
  powfs2: Order 20, NGS at inf km. Sampling 1/31.9716 m. Thres 50%. 
    CCD image is 4x4 @ 1500x1500 mas, blur 0% (sigma), 0.015Hz, wvl: [ 7.2e-07]
    Gtilt in reconstruction. Geomtric optics start at 50 with gtilt Physical optics start at 0 with [00;00m'matched filter'[00;00m [00;00m(noisy)[00;00m
[00;00mThere are 12 wfs[00;00m
    wfs 0: type 0, at (  30.00,    0.00) arcsec,  99 km, siglev is 19.0361 bkgrnd is 0.1
    wfs 1: type 0, at (  21.21,   21.21) arcsec,  99 km, siglev is 19.0361 bkgrnd is 0.1
    wfs 2: type 0, at (   0.00,   30.00) arcsec,  99 km, siglev is 19.0361 bkgrnd is 0.1
    wfs 3: type 0, at ( -21.21,   21.21) arcsec,  99 km, siglev is 19.0361 bkgrnd is 0.1
    wfs 4: type 0, at ( -30.00,    0.00) arcsec,  99 km, siglev is 19.0361 bkgrnd is 0.1
    wfs 5: type 0, at ( -21.21,  -21.21) arcsec,  99 km, siglev is 19.0361 bkgrnd is 0.1
    wfs 6: type 0, at (   0.00,  -30.00) arcsec,  99 km, siglev is 19.0361 bkgrnd is 0.1
    wfs 7: type 0, at (  21.21,  -21.21) arcsec,  99 km, siglev is 19.0361 bkgrnd is 0.1
    wfs 8: type 1, at (  15.00,   25.98) arcsec, inf km, siglev is 42387.6 bkgrnd is 1.056
    wfs 9: type 1, at ( -30.00,    0.00) arcsec, inf km, siglev is 42387.6 bkgrnd is 1.056
    wfs 10: type 1, at (  15.00,  -25.98) arcsec, inf km, siglev is 42387.6 bkgrnd is 1.056
    wfs 11: type 2, at (   0.00,    0.00) arcsec, inf km, siglev is 4.1558e+06 bkgrnd is 0.001
[00;00mThere are 3 DMs[00;00m
  DM 0 at -0.1km, actuator pitch 0.126m, offset   0, with 30.000000 micron stroke.
    Normalized cubic influence function with inter-actuator coupling of 0.223
  DM 1 at    6km, actuator pitch 0.168m, offset   0, with 7.000000 micron stroke.
    Normalized cubic influence function with inter-actuator coupling of 0.223
  DM 2 at   10km, actuator pitch 0.168m, offset   0, with 7.000000 micron stroke.
    Normalized cubic influence function with inter-actuator coupling of 0.223
[00;00mTomography[00;00m is using CG, with [00;00mFourer Domain[00;00m preconditioner, [00;00m12[00;00m iterations, integrated tomo.
[00;00mDM Fitting [00;00mis using CG, with [00;00mNo[00;00m preconditioner, [00;00m10[00;00m iterations
[00;00mThere are 9 fit directions[00;00m
    Fit 0: weight is 0.444, at (   0.00,    0.00) arcsec
    Fit 1: weight is 0.111, at (  15.00,    0.00) arcsec
    Fit 2: weight is 0.111, at (   0.00,   15.00) arcsec
    Fit 3: weight is 0.111, at ( -15.00,    0.00) arcsec
    Fit 4: weight is 0.111, at (   0.00,  -15.00) arcsec
    Fit 5: weight is 0.028, at (  15.00,   15.00) arcsec
    Fit 6: weight is 0.028, at ( -15.00,   15.00) arcsec
    Fit 7: weight is 0.028, at ( -15.00,  -15.00) arcsec
    Fit 8: weight is 0.028, at (  15.00,  -15.00) arcsec
[00;00mThere are 1 evaluation directions[00;00m at sampling 1/128 m.
    Evl 0: weight is 1.000, at (   0.00,    0.00) arcsec
[00;00mSimulation[00;00m start at step 0, end at step 1600, with time step 1/1500s, [00;00mclose loop[00;00m.
After setup_parms:	120.5 MiB.
Warning(sock.c:516): connect locally (/global/homes/b/bpeck/.aos/tmp/nid003257/scheduler) failed: Invalid argument. 
CUDA: minimum memory requirement is 0.4GB
GPU 0 is NVIDIA A100-SXM4-40GB with arch 8.0, 38.9GB free, 39.3GB total device memory.
Using GPU 0
Use 1 GPUs for WFS Tomo Fit Evl

*** Preparation started at 2025/02/09 17:52:41 in nid003257. ***

Using OpenMP version 201511 with 128 threads
Reading aperture amplitude map from KECK.fits
Warning(accphi.c:477): 108280 points not covered by input screen
Warning(sock.c:516): connect locally (/global/homes/b/bpeck/.aos/tmp/nid003257/scheduler) failed: Invalid argument. 
 ->maos.c:447->setup.c:148->aper.c:74->utils.c:478->accphi.c:478
iwvl 0: Science PSF is using grid size of 2880. The PSF will sum to 6.95167232825486
iwvl 1: Science PSF is using grid size of 2880. The PSF will sum to 6.95167232825486
iwvl 2: Science PSF is using grid size of 2880. The PSF will sum to 6.95167232825486
iwvl 3: Science PSF is using grid size of 2880. The PSF will sum to 6.95167232825486
iwvl 4: Science PSF is using grid size of 2880. The PSF will sum to 6.95167232825486
iwvl 5: Science PSF is using grid size of 2880. The PSF will sum to 6.95167232825486
iwvl 6: Science PSF is using grid size of 2880. The PSF will sum to 6.95167232825486
iwvl 7: Science PSF is using grid size of 2880. The PSF will sum to 6.95167232825486
iwvl 8: Science PSF is using grid size of 2880. The PSF will sum to 6.95167232825486
After setup_aper:	342.9 MiB.

[00;00mSetting up powfs 0 geom[00;00m

There are 16 points in each subaperture of 0.126m.
There are 4663 valid subaperture.

[00;00mSetting up powfs 1 geom[00;00m

There are 88 points in each subaperture of 5.5m.
There are 4 valid subaperture.

[00;00mSetting up powfs 2 geom[00;00m

There are 18 points in each subaperture of 0.563m.
There are 236 valid subaperture.
After setup_powfs_init:	421.9 MiB.

[00;00mSetting up reconstructor geometry.[00;00m

PLOC is 179x179, with sampling of 0.06m (square)
    DM 0: grid is 91 x 91
    DM 1: grid is 77 x 79
    DM 2: grid is 84 x 85
FLOC is 179x179, with sampling of 0.06m (not square)
Tomography grid is square:
    layer 0: xloc grid is 384 x 384, sampling is 0.063 m, 147456 points
    layer 1: xloc grid is 384 x 384, sampling is 0.063 m, 147456 points
    layer 2: xloc grid is 384 x 384, sampling is 0.063 m, 147456 points
    layer 3: xloc grid is 384 x 384, sampling is 0.063 m, 147456 points
    layer 4: xloc grid is 384 x 384, sampling is 0.063 m, 147456 points
    layer 5: xloc grid is 384 x 384, sampling is 0.063 m, 147456 points
    layer 6: xloc grid is 384 x 384, sampling is 0.063 m, 147456 points
    layer 7: xloc grid is 384 x 384, sampling is 0.063 m, 147456 points
    layer 8: xloc grid is 384 x 384, sampling is 0.063 m, 147456 points
    layer 9: xloc grid is 384 x 384, sampling is 0.062 m, 147456 points
    layer 10: xloc grid is 384 x 384, sampling is 0.060 m, 147456 points
    layer 11: xloc grid is 384 x 384, sampling is 0.057 m, 147456 points
    layer 12: xloc grid is 384 x 384, sampling is 0.054 m, 147456 points
    layer 13: xloc grid is 384 x 384, sampling is 0.049 m, 147456 points

[00;00mSetting up powfs 0 PO WFS[00;00m

OTF dimension is 32x32 (calculated)
There is no bias
Uplink FWHM (illt 0, iwvl 0) is 0.579373"
Downlink FWHM (illt 0, iwvl 0) is 1.5197"
Generating matched filter for powfs 0
sa index   location       noise equivalent angle
    2329: (  4.9,  -0.1) m, (200.95, 192.96) mas
    2320: (  3.8,  -0.1) m, (216.24, 194.98) mas
    2311: (  2.6,  -0.1) m, (235.86, 197.53) mas
    2302: (  1.5,  -0.1) m, (262.07, 200.87) mas
    2300: (  1.3,  -0.1) m, (269.28, 201.74) mas
    1628: ( -0.5,  -1.4) m, (315.49, 212.40) mas
    2296: ( -1.8,  -0.1) m, (350.56, 211.21) mas
    2287: ( -2.9,  -0.1) m, (382.66, 214.77) mas
    2279: ( -3.9,  -0.1) m, (410.59, 217.89) mas
    2270: ( -5.0,  -0.1) m, (443.22, 221.39) mas
    2267: ( -5.4,  -0.1) m, (453.54, 222.51) mas
sa index   location       noise equivalent angle
    3810: (  2.6,   2.6) m, (206.18, 206.18) mas
    3420: (  1.9,   1.9) m, (220.54, 220.30) mas
    2972: (  1.1,   1.1) m, (230.90, 230.90) mas
    2835: (  0.9,   0.9) m, (235.81, 235.81) mas
    1706: (  0.5,  -1.3) m, (245.35, 282.09) mas
    1696: ( -1.3,  -1.3) m, (281.14, 281.14) mas
    1247: ( -2.0,  -2.0) m, (302.82, 302.37) mas
     856: ( -2.8,  -2.8) m, (317.18, 317.18) mas
     543: ( -3.4,  -3.4) m, (332.28, 332.28) mas
     188: ( -3.0,  -4.3) m, (324.31, 356.34) mas
sa index   location       noise equivalent angle
    4304: (  0.0,   3.8) m, (204.00, 223.14) mas
    3789: (  0.0,   2.6) m, (206.76, 243.57) mas
    3185: (  0.0,   1.5) m, (210.39, 270.88) mas
    3037: (  0.0,   1.3) m, (211.33, 278.38) mas
    2095: (  1.3,  -0.5) m, (212.40, 315.49) mas
    1410: (  0.0,  -1.8) m, (221.63, 363.13) mas
     816: (  0.0,  -2.9) m, (225.52, 396.59) mas
     362: (  0.0,  -3.9) m, (228.91, 425.67) mas
     112: (  0.0,  -4.5) m, (233.32, 447.68) mas
      13: (  2.3,  -4.9) m, (234.51, 439.33) mas
sa index   location       noise equivalent angle
    3828: ( -2.9,   2.8) m, (203.03, 203.03) mas
    3389: ( -2.0,   1.9) m, (222.16, 221.40) mas
    2956: ( -1.3,   1.1) m, (230.90, 230.90) mas
    2832: ( -1.0,   0.9) m, (235.81, 235.81) mas
    2642: (  1.1,   0.5) m, (281.97, 245.25) mas
    1774: (  1.0,  -1.1) m, (278.33, 278.33) mas
    1350: (  1.8,  -1.9) m, (295.97, 295.97) mas
     960: (  2.5,  -2.6) m, (313.83, 313.83) mas
     716: (  3.0,  -3.1) m, (326.61, 326.61) mas
     235: (  2.9,  -4.3) m, (324.31, 356.34) mas
sa index   location       noise equivalent angle
    2270: ( -5.0,  -0.1) m, (200.95, 192.96) mas
    2279: ( -3.9,  -0.1) m, (216.24, 194.98) mas
    2288: ( -2.8,  -0.1) m, (235.86, 197.53) mas
    2297: ( -1.6,  -0.1) m, (262.07, 200.87) mas
    2299: ( -1.4,  -0.1) m, (269.28, 201.74) mas
    3040: (  0.4,   1.3) m, (315.49, 212.40) mas
    2303: (  1.6,  -0.1) m, (350.56, 211.21) mas
    2312: (  2.8,  -0.1) m, (382.66, 214.77) mas
    2320: (  3.8,  -0.1) m, (410.59, 217.89) mas
    2329: (  4.9,  -0.1) m, (443.22, 221.39) mas
    2332: (  5.3,  -0.1) m, (453.54, 222.51) mas
sa index   location       noise equivalent angle
     543: ( -3.4,  -3.4) m, (199.33, 199.33) mas
     919: ( -2.6,  -2.6) m, (208.58, 208.58) mas
    1321: ( -1.9,  -1.9) m, (220.10, 220.10) mas
    1767: ( -1.1,  -1.1) m, (232.43, 232.43) mas
    2026: (  1.1,  -0.6) m, (282.00, 245.28) mas
    2835: (  0.9,   0.9) m, (275.57, 275.57) mas
    3047: (  1.3,   1.3) m, (283.72, 283.72) mas
    3490: (  2.0,   2.0) m, (328.58, 330.51) mas
    3873: (  2.8,   2.8) m, (320.46, 320.46) mas
    4477: (  2.9,   4.2) m, (324.31, 356.34) mas
sa index   location       noise equivalent angle
     362: (  0.0,  -3.9) m, (204.00, 223.14) mas
     878: (  0.0,  -2.8) m, (206.76, 243.57) mas
    1484: (  0.0,  -1.6) m, (210.39, 270.88) mas
    1632: (  0.0,  -1.4) m, (211.33, 278.38) mas
    2576: (  1.3,   0.4) m, (212.40, 315.49) mas
    3259: (  0.0,   1.6) m, (221.63, 363.13) mas
    3851: (  0.0,   2.8) m, (225.52, 396.59) mas
    4304: (  0.0,   3.8) m, (228.91, 425.67) mas
    4554: (  0.0,   4.4) m, (240.18, 458.20) mas
    4661: (  2.3,   4.8) m, (234.54, 439.38) mas
sa index   location       noise equivalent angle
     838: (  2.8,  -2.9) m, (203.03, 203.03) mas
     960: (  2.5,  -2.6) m, (208.58, 208.58) mas
    1350: (  1.8,  -1.9) m, (220.10, 220.10) mas
    1774: (  1.0,  -1.1) m, (232.43, 232.43) mas
    2967: (  0.5,   1.1) m, (245.25, 281.97) mas
    2832: ( -1.0,   0.9) m, (275.57, 275.57) mas
    3026: ( -1.4,   1.3) m, (283.72, 283.72) mas
    3457: ( -2.1,   2.0) m, (328.34, 330.34) mas
    3828: ( -2.9,   2.8) m, (320.46, 320.46) mas
    4430: ( -3.0,   4.2) m, (324.31, 356.34) mas

[00;00mSetting up powfs 2 PO WFS[00;00m

OTF dimension is 48x48 (calculated)
Generating matched filter for powfs 2
Use sanea to derive neasim
Use sanea to derive neasim

[00;00mSetting up reconstructor[00;00m

Recon NEA: cmf(274.10) cmf(272.27) cmf(274.19) cmf(272.27) cmf(274.09) cmf(272.15) cmf(274.02) cmf(272.16) geom(0.31) geom(0.31) geom(0.31) mf(0.14)  mas
Setup or update control matrix parameters.
RRtwfs svd threshold is 1e-10
Replacing HA by HA*fit->actextrap
Adding piston cr to fit matrix
Adding TT cr on upper DMs to fit matrix.
Before assembling fit matrix:	6896.0 MiB.
Building fit->FR
Building fit->FL
Adding tikhonov constraint of 1.0e-07 to FLM
The maximum eigen value is estimated to be around 2.3e-04
DM Fit number of Low rank terms: 16 in LHS
After assemble fit matrix:	9452.6 MiB.
After setup_recon:	9452.6 MiB.
GPU 0: mem used 1656 MB (wfs init)
GPU 0: mem used 3378 MB (recon init)
GPU 0: mem used 3408 MB (perf init)

*** Simulation started at 2025/02/09 17:55:13 in nid003257. ***

Running seed 1
GPU 0: mem used 3408 MB (wfs seeding)
Wind dir: 267.3 261.7 167.0 130.5 300.7  32.3 119.8 139.0 150.8 277.7 203.0 133.1  45.9 265.1 deg
Using /global/homes/b/bpeck/.aos/cache/atm/vonkarman_14_8192x8192_0.0078125_1115374592d.bin
After genatm:	9174.4 MiB.
Step     #  Open Loop  PR TT  On axis  PR TT  Field RMS PR TT     Timing 
Step     0: OL  884.6  248.3  OA  884.6 248.3 CL  884.6 248.3 nm  0.130 s
Step    11: OL  901.5  252.7  OA  245.5 114.0 CL  245.5 114.0 nm  0.088 s
Step    22: OL  918.6  256.5  OA  230.3 135.5 CL  230.3 135.5 nm  0.103 s
Step    32: OL  934.1  259.2  OA  230.9 129.3 CL  230.9 129.3 nm  0.104 s
Step    42: OL  949.1  260.8  OA  222.2 134.8 CL  222.2 134.8 nm  0.109 s
Step    53: OL  965.3  261.2  OA  209.2 120.1 CL  209.2 120.1 nm  0.099 s
Step    63: OL  980.3  260.7  OA  206.0 117.3 CL  206.0 117.3 nm  0.105 s
Step    73: OL  995.5  259.6  OA  205.9 120.3 CL  205.9 120.3 nm  0.096 s
Step    83: OL 1011.1  258.6  OA  203.1 105.1 CL  203.1 105.1 nm  0.104 s
Step    93: OL 1026.8  258.0  OA  207.5 115.8 CL  207.5 115.8 nm  0.097 s
Step   103: OL 1042.6  257.7  OA  206.3 115.2 CL  206.3 115.2 nm  0.099 s
Step   114: OL 1060.0  258.2  OA  203.9  97.2 CL  203.9  97.2 nm  0.104 s
Step   124: OL 1075.3  259.4  OA  206.4 108.9 CL  206.4 108.9 nm  0.104 s
Step   134: OL 1089.9  261.7  OA  192.1  88.0 CL  192.1  88.0 nm  0.097 s
Step   144: OL 1103.8  265.2  OA  197.4  92.2 CL  197.4  92.2 nm  0.106 s
Step   154: OL 1116.6  269.5  OA  205.8 114.2 CL  205.8 114.2 nm  0.098 s
Step   165: OL 1129.2  275.3  OA  212.8 125.1 CL  212.8 125.1 nm  0.107 s
Step   176: OL 1140.3  281.9  OA  208.9 113.4 CL  208.9 113.4 nm  0.096 s
Step   186: OL 1148.7  288.3  OA  203.4 108.7 CL  203.4 108.7 nm  0.110 s
Step   196: OL 1155.5  294.8  OA  184.8  88.1 CL  184.8  88.1 nm  0.097 s
Step   206: OL 1161.1  301.2  OA  183.5  88.6 CL  183.5  88.6 nm  0.097 s
Step   216: OL 1165.6  307.5  OA  186.8  90.9 CL  186.8  90.9 nm  0.106 s
Step   226: OL 1168.7  314.0  OA  178.4  76.1 CL  178.4  76.1 nm  0.100 s
Step   237: OL 1170.3  321.3  OA  182.7  82.1 CL  182.7  82.1 nm  0.101 s
Step   247: OL 1170.1  328.2  OA  176.1  80.4 CL  176.1  80.4 nm  0.102 s
Step   255 updated high order loop gain: 0.368
Step   257: OL 1167.5  335.4  OA  178.2  70.8 CL  178.2  70.8 nm  0.095 s
Step   267: OL 1162.4  342.5  OA  175.4  77.5 CL  175.4  77.5 nm  0.105 s
Step   277: OL 1155.2  349.8  OA  179.6  83.9 CL  179.6  83.9 nm  0.099 s
Step   287: OL 1146.3  357.4  OA  170.1  71.5 CL  170.1  71.5 nm  0.101 s
Step   297: OL 1136.2  365.8  OA  168.6  76.6 CL  168.6  76.6 nm  0.102 s
Step   307: OL 1125.2  374.8  OA  175.0  78.3 CL  175.0  78.3 nm  0.101 s
Step   317: OL 1112.8  384.1  OA  159.1  58.0 CL  159.1  58.0 nm  0.102 s
Step   327: OL 1099.5  394.1  OA  162.2  54.6 CL  162.2  54.6 nm  0.100 s
Step   337: OL 1085.7  405.2  OA  160.7  57.1 CL  160.7  57.1 nm  0.099 s
Step   348: OL 1070.5  418.6  OA  160.1  51.1 CL  160.1  51.1 nm  0.107 s
Step   358: OL 1056.6  431.8  OA  167.5  80.3 CL  167.5  80.3 nm  0.099 s
Step   368: OL 1043.2  445.9  OA  151.6  56.9 CL  151.6  56.9 nm  0.100 s
Step   378: OL 1030.3  460.2  OA  162.9  60.9 CL  162.9  60.9 nm  0.101 s
Step   389: OL 1016.6  476.1  OA  156.1  58.5 CL  156.1  58.5 nm  0.098 s
Step   399: OL 1004.3  490.5  OA  148.2  36.3 CL  148.2  36.3 nm  0.107 s
Step   409: OL  991.9  504.6  OA  144.1  44.2 CL  144.1  44.2 nm  0.102 s
Step   420: OL  977.9  519.5  OA  142.6  46.5 CL  142.6  46.5 nm  0.102 s
Step   430: OL  965.4  532.8  OA  146.5  41.4 CL  146.5  41.4 nm  0.098 s
Step   440: OL  953.3  546.0  OA  147.6  49.6 CL  147.6  49.6 nm  0.101 s
Step   450: OL  942.2  558.9  OA  144.4  40.2 CL  144.4  40.2 nm  0.104 s
Step   461: OL  932.2  573.3  OA  147.6  36.6 CL  147.6  36.6 nm  0.098 s
Step   471: OL  925.5  586.3  OA  136.9  11.5 CL  136.9  11.5 nm  0.096 s
Step   481: OL  921.4  599.0  OA  135.4   7.4 CL  135.4   7.4 nm  0.109 s
Step   491: OL  920.0  611.2  OA  138.2  25.8 CL  138.2  25.8 nm  0.100 s
Step   501: OL  920.5  623.0  OA  137.1  14.5 CL  137.1  14.5 nm  0.116 s
Step   511: OL  922.4  633.8  OA  138.6  16.1 CL  138.6  16.1 nm  0.108 s
Step   511 updated high order loop gain: 0.316
Step   521: OL  925.7  643.6  OA  136.9  21.5 CL  136.9  21.5 nm  0.104 s
Step   531: OL  930.2  651.8  OA  143.4  34.2 CL  143.4  34.2 nm  0.096 s
Step   541: OL  936.0  658.3  OA  137.7  28.1 CL  137.7  28.1 nm  0.110 s
Step   551: OL  943.3  663.2  OA  136.7  25.8 CL  136.7  25.8 nm  0.099 s
Step   561: OL  952.0  666.7  OA  137.1  22.6 CL  137.1  22.6 nm  0.099 s
Step   571: OL  961.7  669.0  OA  137.9  38.2 CL  137.9  38.2 nm  0.102 s
Step   581: OL  972.2  670.2  OA  139.2  23.1 CL  139.2  23.1 nm  0.096 s
Step   591: OL  983.8  670.1  OA  135.2  18.9 CL  135.2  18.9 nm  0.096 s
Step   601: OL  996.0  668.3  OA  142.2  21.9 CL  142.2  21.9 nm  0.106 s
Step   611: OL 1008.4  664.9  OA  144.9  20.9 CL  144.9  20.9 nm  0.097 s
Step   622: OL 1022.0  659.3  OA  145.5  33.3 CL  145.5  33.3 nm  0.104 s
Step   632: OL 1034.0  652.9  OA  144.0  28.5 CL  144.0  28.5 nm  0.095 s
Step   642: OL 1045.6  645.1  OA  145.5  31.8 CL  145.5  31.8 nm  0.102 s
Step   652: OL 1056.2  636.4  OA  150.0  40.7 CL  150.0  40.7 nm  0.104 s
Step   662: OL 1066.1  626.8  OA  152.6  39.0 CL  152.6  39.0 nm  0.109 s
Step   673: OL 1076.2  615.5  OA  158.6  31.8 CL  158.6  31.8 nm  0.099 s
Step   683: OL 1085.0  605.1  OA  158.4  29.3 CL  158.4  29.3 nm  0.107 s
Step   693: OL 1093.1  594.4  OA  158.9  47.4 CL  158.9  47.4 nm  0.098 s
Step   703: OL 1099.9  583.1  OA  157.5  31.1 CL  157.5  31.1 nm  0.107 s
Step   713: OL 1105.2  571.1  OA  165.2  34.5 CL  165.2  34.5 nm  0.107 s
Step   723: OL 1108.6  558.7  OA  166.2  27.3 CL  166.2  27.3 nm  0.097 s
Step   734: OL 1110.1  545.1  OA  170.1  27.2 CL  170.1  27.2 nm  0.101 s
Step   744: OL 1109.5  532.8  OA  170.3  41.2 CL  170.3  41.2 nm  0.105 s
Step   754: OL 1107.1  520.8  OA  181.5  46.0 CL  181.5  46.0 nm  0.095 s
Step   764: OL 1102.9  509.1  OA  173.3  27.3 CL  173.3  27.3 nm  0.106 s
Step   767 updated high order loop gain: 0.290
Step   774: OL 1096.9  497.7  OA  177.1  35.7 CL  177.1  35.7 nm  0.096 s
Step   784: OL 1089.0  486.5  OA  181.1  27.6 CL  181.1  27.6 nm  0.098 s
Step   794: OL 1079.1  475.3  OA  179.1  32.5 CL  179.1  32.5 nm  0.109 s
Step   804: OL 1067.7  464.2  OA  183.8  26.7 CL  183.8  26.7 nm  0.102 s
Step   815: OL 1053.9  451.9  OA  175.6  31.8 CL  175.6  31.8 nm  0.100 s
Step   825: OL 1039.6  440.9  OA  172.9  20.1 CL  172.9  20.1 nm  0.112 s
Step   835: OL 1024.2  430.1  OA  172.1  13.7 CL  172.1  13.7 nm  0.103 s
Step   845: OL 1008.2  419.7  OA  167.4  21.5 CL  167.4  21.5 nm  0.104 s
Step   855: OL  991.9  409.9  OA  164.7  17.7 CL  164.7  17.7 nm  0.102 s
Step   865: OL  975.8  400.8  OA  165.3   8.9 CL  165.3   8.9 nm  0.104 s
Step   875: OL  960.3  392.5  OA  170.2  19.8 CL  170.2  19.8 nm  0.096 s
Step   885: OL  945.5  385.1  OA  168.2  14.1 CL  168.2  14.1 nm  0.106 s
Step   895: OL  930.6  378.4  OA  170.3   5.8 CL  170.3   5.8 nm  0.099 s
Step   905: OL  915.2  372.3  OA  170.4  12.9 CL  170.4  12.9 nm  0.097 s
Step   915: OL  899.6  367.1  OA  163.8   9.2 CL  163.8   9.2 nm  0.112 s
Step   926: OL  882.5  361.8  OA  160.9   9.2 CL  160.9   9.2 nm  0.098 s
Step   936: OL  867.4  357.0  OA  159.2   3.3 CL  159.2   3.3 nm  0.104 s
Step   946: OL  852.8  352.3  OA  156.7  19.8 CL  156.7  19.8 nm  0.096 s
Step   956: OL  838.8  347.2  OA  154.7  27.0 CL  154.7  27.0 nm  0.095 s
Step   966: OL  826.2  341.9  OA  150.9  13.1 CL  150.9  13.1 nm  0.104 s
Step   977: OL  813.9  335.3  OA  151.8  19.0 CL  151.8  19.0 nm  0.095 s
Step   987: OL  803.9  328.9  OA  157.1  41.1 CL  157.1  41.1 nm  0.096 s
Step   997: OL  794.5  322.0  OA  156.7  32.6 CL  156.7  32.6 nm  0.110 s
Step  1007: OL  785.5  314.5  OA  156.9  36.5 CL  156.9  36.5 nm  0.100 s
Step  1017: OL  777.4  306.8  OA  158.6  41.8 CL  158.6  41.8 nm  0.098 s
Step  1023 updated high order loop gain: 0.280
Step  1027: OL  770.1  299.1  OA  159.8  46.5 CL  159.8  46.5 nm  0.111 s
Step  1037: OL  763.5  290.9  OA  168.8  66.6 CL  168.8  66.6 nm  0.098 s
Step  1047: OL  757.4  282.2  OA  156.0  47.7 CL  156.0  47.7 nm  0.100 s
Step  1057: OL  751.0  273.0  OA  167.5  73.9 CL  167.5  73.9 nm  0.107 s
Step  1067: OL  745.0  262.9  OA  165.0  74.5 CL  165.0  74.5 nm  0.115 s
Step  1077: OL  740.0  251.7  OA  160.5  64.1 CL  160.5  64.1 nm  0.103 s
Step  1087: OL  736.3  240.0  OA  169.0  74.4 CL  169.0  74.4 nm  0.109 s
Step  1097: OL  733.7  228.6  OA  176.5  89.8 CL  176.5  89.8 nm  0.098 s
Step  1107: OL  732.0  218.0  OA  175.9  95.8 CL  175.9  95.8 nm  0.096 s
Step  1117: OL  731.0  208.0  OA  178.8 102.4 CL  178.8 102.4 nm  0.106 s
Step  1128: OL  730.5  198.4  OA  183.1 104.8 CL  183.1 104.8 nm  0.096 s
Step  1138: OL  730.3  190.8  OA  188.3 115.0 CL  188.3 115.0 nm  0.099 s
Step  1148: OL  730.4  184.3  OA  179.3  98.9 CL  179.3  98.9 nm  0.105 s
Step  1158: OL  730.5  178.8  OA  179.3  96.4 CL  179.3  96.4 nm  0.105 s
Step  1168: OL  730.7  174.7  OA  183.6 105.9 CL  183.6 105.9 nm  0.112 s
Step  1178: OL  731.5  171.6  OA  190.4 117.3 CL  190.4 117.3 nm  0.105 s
Step  1188: OL  733.4  169.2  OA  187.7 111.1 CL  187.7 111.1 nm  0.097 s
Step  1198: OL  736.0  167.1  OA  199.7 119.2 CL  199.7 119.2 nm  0.106 s
Step  1209: OL  739.1  165.0  OA  193.0 110.7 CL  193.0 110.7 nm  0.097 s
Step  1219: OL  742.2  163.7  OA  186.1  99.2 CL  186.1  99.2 nm  0.103 s
Step  1230: OL  745.8  163.2  OA  189.6 109.0 CL  189.6 109.0 nm  0.101 s
Step  1240: OL  748.5  163.8  OA  185.6 110.0 CL  185.6 110.0 nm  0.104 s
Step  1250: OL  751.3  165.8  OA  195.5 119.1 CL  195.5 119.1 nm  0.096 s
Step  1260: OL  754.7  169.0  OA  195.1 111.7 CL  195.1 111.7 nm  0.096 s
Step  1270: OL  758.5  173.5  OA  202.9 127.7 CL  202.9 127.7 nm  0.101 s
Step  1279 updated high order loop gain: 0.273
Step  1280: OL  762.9  178.8  OA  194.2 117.0 CL  194.2 117.0 nm  0.106 s
Step  1290: OL  768.0  184.8  OA  194.8 118.5 CL  194.8 118.5 nm  0.097 s
Step  1300: OL  773.2  191.4  OA  202.8 121.1 CL  202.8 121.1 nm  0.100 s
Step  1310: OL  778.1  198.7  OA  204.4 116.7 CL  204.4 116.7 nm  0.102 s
Step  1320: OL  782.6  206.5  OA  203.9 116.2 CL  203.9 116.2 nm  0.106 s
Step  1330: OL  787.1  215.0  OA  197.7 114.7 CL  197.7 114.7 nm  0.100 s
Step  1341: OL  792.7  224.9  OA  202.1 123.0 CL  202.1 123.0 nm  0.113 s
Step  1351: OL  798.4  234.1  OA  203.3 125.0 CL  203.3 125.0 nm  0.102 s
Step  1361: OL  805.0  242.7  OA  208.5 128.8 CL  208.5 128.8 nm  0.100 s
Step  1371: OL  811.9  250.3  OA  202.5 122.9 CL  202.5 122.9 nm  0.104 s
Step  1381: OL  819.2  256.7  OA  204.7 130.0 CL  204.7 130.0 nm  0.097 s
Step  1391: OL  827.0  262.1  OA  212.3 138.1 CL  212.3 138.1 nm  0.101 s
Step  1401: OL  835.4  266.5  OA  205.2 124.0 CL  205.2 124.0 nm  0.107 s
Step  1411: OL  844.2  269.9  OA  202.1 119.5 CL  202.1 119.5 nm  0.101 s
Step  1421: OL  853.5  272.7  OA  198.4 112.1 CL  198.4 112.1 nm  0.098 s
Step  1431: OL  862.6  274.9  OA  200.1 120.6 CL  200.1 120.6 nm  0.107 s
Step  1441: OL  871.3  276.9  OA  189.6 110.8 CL  189.6 110.8 nm  0.109 s
Step  1451: OL  879.6  278.5  OA  183.7  95.4 CL  183.7  95.4 nm  0.100 s
Step  1462: OL  887.7  279.3  OA  185.5 107.6 CL  185.5 107.6 nm  0.103 s
Step  1472: OL  893.7  279.1  OA  179.4 102.4 CL  179.4 102.4 nm  0.094 s
Step  1482: OL  897.5  277.8  OA  175.9 102.9 CL  175.9 102.9 nm  0.098 s
Step  1492: OL  899.4  275.5  OA  176.1  94.6 CL  176.1  94.6 nm  0.108 s
Step  1502: OL  899.4  272.0  OA  173.7 103.0 CL  173.7 103.0 nm  0.096 s
Step  1512: OL  898.0  267.8  OA  167.1  87.6 CL  167.1  87.6 nm  0.103 s
Step  1522: OL  895.4  263.0  OA  171.1 102.4 CL  171.1 102.4 nm  0.109 s
Step  1532: OL  891.3  257.5  OA  185.0 119.7 CL  185.0 119.7 nm  0.104 s
Step  1535 updated high order loop gain: 0.279
Step  1542: OL  886.2  251.2  OA  168.5  96.1 CL  168.5  96.1 nm  0.097 s
Step  1552: OL  880.8  244.6  OA  179.1 116.7 CL  179.1 116.7 nm  0.102 s
Step  1562: OL  875.2  238.0  OA  183.2 122.6 CL  183.2 122.6 nm  0.096 s
Step  1573: OL  868.9  231.4  OA  178.0 107.8 CL  178.0 107.8 nm  0.098 s
Step  1583: OL  862.8  226.2  OA  182.3 114.5 CL  182.3 114.5 nm  0.101 s
Step  1593: OL  856.4  221.8  OA  189.7 129.0 CL  189.7 129.0 nm  0.099 s
Step 1599: Output PSF
Step  1599: OL  852.4  219.3  OA  187.3 125.0 CL  187.3 125.0 nm  1.255 s
Mean: 171.02 77.19 152.61  nm.

*** Simulation Finished at 2025/02/09 17:58:08 in nid003257. ***

