Warning(sock.c:516): connect locally (/global/homes/b/bpeck/.aos/tmp/nid008652/scheduler) failed: Invalid argument. 
/global/u2/b/bpeck/work/vismcao/maos -o studies/reduced_ngs/6_lgs/8mag_lgs/2000count -c master_files/reduced_ngs/6_lgs/8mag_lgs/kola_2000act.conf -O 
Output folder is 'studies/reduced_ngs/6_lgs/8mag_lgs/2000count'.
SRC: /global/homes/b/bpeck/code/maos v2.9 4c88b7c2 2024-11-13 16:45:33 -0800
BUILT: /global/homes/b/bpeck/code/maos/optim by GCC (v12) on 2024/11/18 09:40:03 CPU(F64,+O3) with CUDA(v122,F32)
Launched at 2025/02/11 23:59:25 in nid008652 with PID 770014.
The web based job monitor can be accessed at http://localhost:10300
Main config file is /global/u2/b/bpeck/work/vismcao/master_files/reduced_ngs/6_lgs/8mag_lgs/kola_2000act.conf
Warning(path.c:48): Path not found: path=/global/u2/b/bpeck/work/vismcao/master_files/reduced_ngs/6_lgs/8mag_lgs/bin; abspath=/global/u2/b/bpeck/work/vismcao/master_files/reduced_ngs/6_lgs/8mag_lgs/bin; Ignored.
Warning(path.c:48): Path not found: path=/global/u2/b/bpeck/work/vismcao/master_files/reduced_ngs/6_lgs/8mag_lgs/atm; abspath=/global/u2/b/bpeck/work/vismcao/master_files/reduced_ngs/6_lgs/8mag_lgs/atm; Ignored.
Warning(readcfg.c:399): sim.apfsm has been renamed to powfs.apfsm.
Warning(readcfg.c:399): sim.epfsm has been renamed to powfs.epfsm.
Warning(readcfg.c:399): sim.alfsm has been renamed to powfs.alfsm.
Warning(readcfg.c:399): sim.commonfsm has been renamed to powfs.commonfsm.
Warning(readcfg.c:399): sim.idealfsm has been renamed to powfs.idealfsm.
Warning(readcfg.c:399): sim.zetafsm has been renamed to powfs.zetafsm.
Warning(readcfg.c:399): sim.f0fsm has been renamed to powfs.f0fsm.
Warning(readcfg.c:399): tsurf has been renamed to ncpa.tsurf.
loaded 132 (132 new) records from '/global/u2/b/bpeck/work/vismcao/./keck_sim.conf'
loaded  19 ( 19 new) records from '/global/u2/b/bpeck/work/vismcao/./dm_none.conf'
loaded  19 (  0 new) records from '/global/u2/b/bpeck/work/vismcao/./keck_ASM.conf'
loaded  19 (  0 new) records from '/global/u2/b/bpeck/work/vismcao/./keck_DM2.conf'
loaded  19 (  0 new) records from '/global/u2/b/bpeck/work/vismcao/./keck_DM3.conf'
loaded   0 (  0 new) records from '/global/u2/b/bpeck/work/vismcao/./keck_dm_multiple.conf'
loaded   7 (  5 new) records from '/global/u2/b/bpeck/work/vismcao/./atm_mk13n50p_ground_detail.conf'
loaded  76 ( 69 new) records from '/global/homes/b/bpeck/code/maos/config/maos/powfs_common.conf'
loaded  44 ( 38 new) records from '/global/u2/b/bpeck/work/vismcao/./powfs_none.conf'
loaded  44 (  0 new) records from '/global/u2/b/bpeck/work/vismcao/./keck_shwfs_lgs.conf'
loaded  44 (  0 new) records from '/global/u2/b/bpeck/work/vismcao/./keck_shwfs_ttf_strap.conf'
loaded  44 (  0 new) records from '/global/u2/b/bpeck/work/vismcao/./keck_shwfs_twfs_lbwfs.conf'
loaded   0 (  0 new) records from '/global/u2/b/bpeck/work/vismcao/./keck_wfs_lgs_strap_lbwfs.conf'
loaded  71 ( 71 new) records from '/global/u2/b/bpeck/work/vismcao/./keck_recon.conf'
Warning(readcfg.c:399): dbg.na_smooth has been renamed to powfs0_llt.na_smooth.
Warning(readcfg.c:399): dbg.na_interp has been renamed to powfs0_llt.na_interp.
Warning(readcfg.c:399): dbg.na_thres has been renamed to powfs0_llt.na_thres.
Warning(readcfg.c:399): dbg.na_fit_maxit has been renamed to powfs0_llt.na_fit_maxit.
Warning(readcfg.c:399): dbg.na_fit_svdthres has been renamed to powfs0_llt.na_fit_svdthres.
Warning(readcfg.c:399): dbg.na_fit_dh has been renamed to powfs0_llt.na_fit_dh.
Warning(readcfg.c:399): dbg.ncpa_preload has been renamed to ncpa.preload.
Warning(readcfg.c:399): dbg.ncpa_rmsci has been renamed to ncpa.rmsci.
Warning(readcfg.c:399): dbg.draw_opdmax has been renamed to plot.opdmax.
Warning(readcfg.c:399): dbg.draw_gmax has been renamed to plot.gmax.
loaded  95 ( 93 new) records from '/global/u2/b/bpeck/work/vismcao/./keck_dbg.conf'
loaded   4 (  4 new) records from '/global/u2/b/bpeck/work/vismcao/./keck_fit_mcao.conf'
Warning(readcfg.c:399): surf has been renamed to ncpa.surf.
loaded  39 (  7 new) records from '/global/u2/b/bpeck/work/vismcao/master_files/reduced_ngs/6_lgs/8mag_lgs/kola_2000act.conf'
loaded   0 (  0 new) records from 'command line'
loaded  24 ( 18 new) records from '/global/u2/b/bpeck/work/vismcao/./keck_llt_CL.conf'
Adjust LGS range by telescope altitude 4145m.
Zenith angle is 30 degree.
    Scaling turbulence height and LGS hs by sec(za).
    Scaling r0 by cos(za)^(3/5).
    Scaling wind speed and LGS signal level by cos(za).
powfs0: Adjusting dx from 0.0078125 to 0.00778571. 
powfs0.llt.fsm: f0=0 Hz, LPF ep=0
powfs0.epfsm is set to 0.517618 (auto)
powfs2: Adjusting dx from 0.03125 to 0.0312778. 
powfs2 is TWFS for powfs0
sim.ephi is set to 0.427717 (auto)
sim.eplo is set to 0.427717 (auto)
Warning(parms.c:2296): Layer 1 at 17.3205m is very close to layer 0 at 0m (OK).
Warning(parms.c:2296): Layer 2 at 34.641m is very close to layer 1 at 17.3205m (OK).
Warning(parms.c:2296): Layer 3 at 51.9615m is very close to layer 2 at 34.641m (OK).
dm 0: stroke=30 um is provided in micron.
dm 0: assume ia stroke=2 um is provided in micron.
dm 1: stroke=7 um is provided in micron.
dm 1: assume ia stroke=2 um is provided in micron.
dm 2: stroke=7 um is provided in micron.
dm 2: assume ia stroke=2 um is provided in micron.
Focus blending is not implemented yet for integrated tomography
parms->sim.mffocus is reset to 0
There are 1 valid simulation seeds:  1
Output PSF for 1 directions
Used 449 of 456 supplied keys
Warning(readcfg.c:158): key "dbg.pwfs_flate" is not recognized, value is 0
Warning(readcfg.c:158): key "dbg.pwfs_flatv" is not recognized, value is 0
Warning(readcfg.c:158): key "dbg.pwfs_psx" is not recognized, value is [0 0 0 0]
Warning(readcfg.c:158): key "dbg.pwfs_psy" is not recognized, value is [0 0 0 0]
Warning(readcfg.c:158): key "dbg.pwfs_pupelong" is not recognized, value is 0
Warning(readcfg.c:158): key "dbg.pwfs_raw" is not recognized, value is 0
Warning(readcfg.c:158): key "dbg.pwfs_side" is not recognized, value is 4
[00;00mAperture[00;00m is 11 m with sampling 1/128 m
[00;00mTurbulence at 30 degree zenith angle:[00;00m r0=0.128424m, L0=30m, 14 layers.
    Greenwood freq is 25.1Hz, anisoplanatic angle is 1.58 as
    Sampled 8192x8192 at 1/128m. wind dir is randomized.
    layer 0: ht=      0 m, wt= 0.302, ws=  4.8 m/s
    layer 1: ht=     17 m, wt= 0.154, ws=  5.0 m/s
    layer 2: ht=     35 m, wt= 0.041, ws=  5.4 m/s
    layer 3: ht=     52 m, wt= 0.002, ws=  6.6 m/s
    layer 4: ht=    139 m, wt= 0.021, ws=  6.1 m/s
    layer 5: ht=    231 m, wt= 0.010, ws=  6.1 m/s
    layer 6: ht=    323 m, wt= 0.008, ws=  6.1 m/s
    layer 7: ht=    416 m, wt= 0.005, ws=  6.1 m/s
    layer 8: ht=    508 m, wt= 0.001, ws=  6.1 m/s
    layer 9: ht=    932 m, wt= 0.107, ws=  5.6 m/s
    layer 10: ht=   5022 m, wt= 0.144, ws= 11.1 m/s
    layer 11: ht=   9238 m, wt= 0.093, ws= 19.1 m/s
    layer 12: ht=  13856 m, wt= 0.075, ws=  8.2 m/s
    layer 13: ht=  22518 m, wt= 0.036, ws=  4.8 m/s
[00;00mReconstruction[00;00m: r0=0.128424m L0=30m. 14 layers. use cone coordinate.
    layer 0: ht=      0 m, wt= 0.302
    layer 1: ht=     17 m, wt= 0.154
    layer 2: ht=     35 m, wt= 0.041
    layer 3: ht=     52 m, wt= 0.002
    layer 4: ht=    139 m, wt= 0.021
    layer 5: ht=    231 m, wt= 0.010
    layer 6: ht=    323 m, wt= 0.008
    layer 7: ht=    416 m, wt= 0.005
    layer 8: ht=    508 m, wt= 0.001
    layer 9: ht=    932 m, wt= 0.107
    layer 10: ht=   5022 m, wt= 0.144
    layer 11: ht=   9238 m, wt= 0.093
    layer 12: ht=  13856 m, wt= 0.075
    layer 13: ht=  22518 m, wt= 0.036
[00;00mThere are 3 powfs[00;00m
  powfs0: Order 51, LGS at 99.1 km. Sampling 1/128.44 m. Thres 30%. [00;00mT/T is removed in right hand side in tomography.[00;00m
    CCD image is 25x25 @ 500x500 mas, blur 27% (sigma), 1500Hz, wvl: [ 5.89e-07]
    Gtilt in reconstruction. Physical optics start at 0 with [00;00m'matched filter'[00;00m [00;00m(noisy)[00;00m
  powfs1: Order  2, NGS at inf km. Sampling 1/16 m. Thres 30%. 
    Ztilt in reconstruction. Geomtric optics start at 2 with ztilt [00;00m(noisy)[00;00m
  powfs2: Order 20, NGS at inf km. Sampling 1/31.9716 m. Thres 50%. 
    CCD image is 4x4 @ 1500x1500 mas, blur 0% (sigma), 0.015Hz, wvl: [ 7.2e-07]
    Gtilt in reconstruction. Geomtric optics start at 50 with gtilt Physical optics start at 0 with [00;00m'matched filter'[00;00m [00;00m(noisy)[00;00m
[00;00mThere are 10 wfs[00;00m
    wfs 0: type 0, at (  30.00,    0.00) arcsec,  99 km, siglev is 56.9827 bkgrnd is 0.1
    wfs 1: type 0, at (  15.00,   25.98) arcsec,  99 km, siglev is 56.9827 bkgrnd is 0.1
    wfs 2: type 0, at ( -15.00,   25.98) arcsec,  99 km, siglev is 56.9827 bkgrnd is 0.1
    wfs 3: type 0, at ( -30.00,    0.00) arcsec,  99 km, siglev is 56.9827 bkgrnd is 0.1
    wfs 4: type 0, at ( -15.00,  -25.98) arcsec,  99 km, siglev is 56.9827 bkgrnd is 0.1
    wfs 5: type 0, at (  15.00,  -25.98) arcsec,  99 km, siglev is 56.9827 bkgrnd is 0.1
    wfs 6: type 1, at (   5.00,    8.66) arcsec, inf km, siglev is 42387.6 bkgrnd is 1.056
    wfs 7: type 1, at ( -10.00,    0.00) arcsec, inf km, siglev is 42387.6 bkgrnd is 1.056
    wfs 8: type 1, at (   5.00,   -8.66) arcsec, inf km, siglev is 42387.6 bkgrnd is 1.056
    wfs 9: type 2, at (   0.00,    0.00) arcsec, inf km, siglev is 4.1558e+06 bkgrnd is 0.001
[00;00mThere are 3 DMs[00;00m
  DM 0 at -0.1km, actuator pitch 0.218m, offset   0, with 30.000000 micron stroke.
    Normalized cubic influence function with inter-actuator coupling of 0.223
  DM 1 at    6km, actuator pitch 0.168m, offset   0, with 7.000000 micron stroke.
    Normalized cubic influence function with inter-actuator coupling of 0.223
  DM 2 at   10km, actuator pitch 0.168m, offset   0, with 7.000000 micron stroke.
    Normalized cubic influence function with inter-actuator coupling of 0.223
[00;00mTomography[00;00m is using CG, with [00;00mFourer Domain[00;00m preconditioner, [00;00m12[00;00m iterations, integrated tomo.
[00;00mDM Fitting [00;00mis using CG, with [00;00mNo[00;00m preconditioner, [00;00m10[00;00m iterations
[00;00mThere are 9 fit directions[00;00m
    Fit 0: weight is 0.444, at (   0.00,    0.00) arcsec
    Fit 1: weight is 0.111, at (  15.00,    0.00) arcsec
    Fit 2: weight is 0.111, at (   0.00,   15.00) arcsec
    Fit 3: weight is 0.111, at ( -15.00,    0.00) arcsec
    Fit 4: weight is 0.111, at (   0.00,  -15.00) arcsec
    Fit 5: weight is 0.028, at (  15.00,   15.00) arcsec
    Fit 6: weight is 0.028, at ( -15.00,   15.00) arcsec
    Fit 7: weight is 0.028, at ( -15.00,  -15.00) arcsec
    Fit 8: weight is 0.028, at (  15.00,  -15.00) arcsec
[00;00mThere are 1 evaluation directions[00;00m at sampling 1/128 m.
    Evl 0: weight is 1.000, at (   0.00,    0.00) arcsec
[00;00mSimulation[00;00m start at step 0, end at step 1600, with time step 1/1500s, [00;00mclose loop[00;00m.
After setup_parms:	120.5 MiB.
Warning(sock.c:516): connect locally (/global/homes/b/bpeck/.aos/tmp/nid008652/scheduler) failed: Invalid argument. 
CUDA: minimum memory requirement is 0.3GB
GPU 0 is NVIDIA A100-SXM4-80GB with arch 8.0, 78.6GB free, 79.0GB total device memory.
Using GPU 0
Use 1 GPUs for WFS Tomo Fit Evl

*** Preparation started at 2025/02/11 23:59:27 in nid008652. ***

Using OpenMP version 201511 with 128 threads
Reading aperture amplitude map from KECK.fits
Warning(accphi.c:477): 108265 points not covered by input screen
Warning(sock.c:516): connect locally (/global/homes/b/bpeck/.aos/tmp/nid008652/scheduler) failed: Invalid argument. 
 ->maos.c:447->setup.c:148->aper.c:74->utils.c:478->accphi.c:478
iwvl 0: Science PSF is using grid size of 2880. The PSF will sum to 6.95167232825486
iwvl 1: Science PSF is using grid size of 2880. The PSF will sum to 6.95167232825486
iwvl 2: Science PSF is using grid size of 2880. The PSF will sum to 6.95167232825486
iwvl 3: Science PSF is using grid size of 2880. The PSF will sum to 6.95167232825486
iwvl 4: Science PSF is using grid size of 2880. The PSF will sum to 6.95167232825486
iwvl 5: Science PSF is using grid size of 2880. The PSF will sum to 6.95167232825486
iwvl 6: Science PSF is using grid size of 2880. The PSF will sum to 6.95167232825486
iwvl 7: Science PSF is using grid size of 2880. The PSF will sum to 6.95167232825486
iwvl 8: Science PSF is using grid size of 2880. The PSF will sum to 6.95167232825486
After setup_aper:	344.8 MiB.

[00;00mSetting up powfs 0 geom[00;00m

There are 28 points in each subaperture of 0.218m.
There are 1584 valid subaperture.

[00;00mSetting up powfs 1 geom[00;00m

There are 88 points in each subaperture of 5.5m.
There are 4 valid subaperture.

[00;00mSetting up powfs 2 geom[00;00m

There are 18 points in each subaperture of 0.563m.
There are 236 valid subaperture.
After setup_powfs_init:	435.7 MiB.

[00;00mSetting up reconstructor geometry.[00;00m

PLOC is 105x105, with sampling of 0.11m (square)
    DM 0: grid is 54 x 54
    DM 1: grid is 75 x 75
    DM 2: grid is 81 x 79
FLOC is 105x105, with sampling of 0.11m (not square)
Tomography grid is square:
    layer 0: xloc grid is 192 x 192, sampling is 0.109 m, 36864 points
    layer 1: xloc grid is 192 x 192, sampling is 0.109 m, 36864 points
    layer 2: xloc grid is 192 x 192, sampling is 0.109 m, 36864 points
    layer 3: xloc grid is 192 x 192, sampling is 0.109 m, 36864 points
    layer 4: xloc grid is 192 x 192, sampling is 0.109 m, 36864 points
    layer 5: xloc grid is 192 x 192, sampling is 0.109 m, 36864 points
    layer 6: xloc grid is 192 x 192, sampling is 0.109 m, 36864 points
    layer 7: xloc grid is 192 x 192, sampling is 0.109 m, 36864 points
    layer 8: xloc grid is 192 x 192, sampling is 0.108 m, 36864 points
    layer 9: xloc grid is 192 x 192, sampling is 0.108 m, 36864 points
    layer 10: xloc grid is 192 x 192, sampling is 0.103 m, 36864 points
    layer 11: xloc grid is 192 x 192, sampling is 0.099 m, 36864 points
    layer 12: xloc grid is 192 x 192, sampling is 0.094 m, 36864 points
    layer 13: xloc grid is 192 x 192, sampling is 0.084 m, 36864 points

[00;00mSetting up powfs 0 PO WFS[00;00m

OTF dimension is 56x56 (calculated)
There is no bias
Uplink FWHM (illt 0, iwvl 0) is 0.577089"
Downlink FWHM (illt 0, iwvl 0) is 1.16215"
Generating matched filter for powfs 0
sa index   location       noise equivalent angle
     771: (  4.9,  -0.3) m, ( 89.34,  86.88) mas
     766: (  3.8,  -0.3) m, ( 95.19,  87.65) mas
     761: (  2.7,  -0.3) m, (102.81,  88.51) mas
     756: (  1.6,  -0.3) m, (112.19,  89.46) mas
     754: (  1.2,  -0.3) m, (121.82,  94.69) mas
     556: ( -0.5,  -1.4) m, (132.46,  92.65) mas
     751: ( -1.9,  -0.3) m, (145.18,  92.28) mas
     746: ( -2.9,  -0.3) m, (156.59,  93.11) mas
     741: ( -4.0,  -0.3) m, (168.65,  93.92) mas
     736: ( -5.1,  -0.3) m, (181.01,  94.71) mas
     735: ( -5.3,  -0.3) m, (183.45,  94.86) mas
sa index   location       noise equivalent angle
    1568: (  2.5,   4.5) m, ( 87.23,  88.17) mas
    1511: (  2.3,   4.0) m, ( 87.84,  89.68) mas
    1351: (  1.6,   2.9) m, ( 90.47,  95.65) mas
    1075: (  0.8,   1.4) m, ( 95.35, 107.28) mas
    1031: (  0.5,   1.2) m, ( 96.56, 108.85) mas
     873: ( -1.4,   0.3) m, (111.03, 116.58) mas
     555: ( -0.8,  -1.4) m, (106.33, 133.12) mas
     511: ( -1.0,  -1.6) m, (108.11, 135.52) mas
     235: ( -1.9,  -3.2) m, (115.35, 151.08) mas
      75: ( -2.5,  -4.3) m, (121.10, 162.94) mas
      16: ( -2.7,  -4.7) m, (123.15, 167.88) mas
sa index   location       noise equivalent angle
    1546: ( -2.7,   4.5) m, ( 87.23,  88.17) mas
    1489: ( -2.5,   4.0) m, ( 87.84,  89.68) mas
    1335: ( -1.9,   2.9) m, ( 90.47,  95.65) mas
    1067: ( -1.0,   1.4) m, ( 95.35, 107.28) mas
    1025: ( -0.8,   1.2) m, ( 96.56, 108.85) mas
     834: (  1.2,   0.1) m, (116.55, 124.46) mas
     561: (  0.5,  -1.4) m, (106.33, 133.12) mas
     519: (  0.8,  -1.6) m, (108.11, 135.52) mas
     251: (  1.6,  -3.2) m, (115.35, 151.08) mas
      97: (  2.3,  -4.3) m, (121.10, 162.94) mas
      40: (  2.5,  -4.7) m, (123.15, 167.88) mas
sa index   location       noise equivalent angle
     775: ( -5.3,  -0.1) m, ( 88.70,  86.73) mas
     777: ( -4.9,  -0.1) m, ( 90.39,  86.96) mas
     782: ( -3.8,  -0.1) m, ( 96.61,  87.75) mas
     787: ( -2.7,  -0.1) m, (104.94,  88.64) mas
     792: ( -1.6,  -0.1) m, (113.85,  89.52) mas
     560: (  0.3,  -1.4) m, (132.44,  92.63) mas
     795: (  1.4,  -0.1) m, (142.67,  91.93) mas
     797: (  1.9,  -0.1) m, (147.39,  92.28) mas
     802: (  2.9,  -0.1) m, (158.88,  93.08) mas
     807: (  4.0,  -0.1) m, (171.08,  93.87) mas
     812: (  5.1,  -0.1) m, (183.43,  94.63) mas
sa index   location       noise equivalent angle
      16: ( -2.7,  -4.7) m, ( 87.23,  88.17) mas
      75: ( -2.5,  -4.3) m, ( 87.84,  89.68) mas
     235: ( -1.9,  -3.2) m, ( 90.47,  95.65) mas
     511: ( -1.0,  -1.6) m, ( 95.35, 107.28) mas
     555: ( -0.8,  -1.4) m, ( 96.56, 108.85) mas
     754: (  1.2,  -0.3) m, (117.19, 125.16) mas
    1031: (  0.5,   1.2) m, (106.33, 133.12) mas
    1075: (  0.8,   1.4) m, (108.11, 135.52) mas
    1351: (  1.6,   2.9) m, (115.35, 151.08) mas
    1511: (  2.3,   4.0) m, (121.10, 162.94) mas
    1568: (  2.5,   4.5) m, (123.15, 167.88) mas
sa index   location       noise equivalent angle
      40: (  2.5,  -4.7) m, ( 87.23,  88.17) mas
      97: (  2.3,  -4.3) m, ( 87.84,  89.68) mas
     251: (  1.6,  -3.2) m, ( 90.47,  95.65) mas
     519: (  0.8,  -1.6) m, ( 95.35, 107.28) mas
     561: (  0.5,  -1.4) m, ( 96.56, 108.85) mas
     713: ( -1.4,  -0.5) m, (111.04, 116.59) mas
    1025: ( -0.8,   1.2) m, (106.33, 133.12) mas
    1067: ( -1.0,   1.4) m, (108.11, 135.52) mas
    1335: ( -1.9,   2.9) m, (115.35, 151.08) mas
    1489: ( -2.5,   4.0) m, (121.10, 162.94) mas
    1546: ( -2.7,   4.5) m, (123.15, 167.88) mas

[00;00mSetting up powfs 2 PO WFS[00;00m

OTF dimension is 48x48 (calculated)
Generating matched filter for powfs 2
Use sanea to derive neasim
Use sanea to derive neasim

[00;00mSetting up reconstructor[00;00m

Recon NEA: cmf(117.56) cmf(117.77) cmf(117.76) cmf(117.53) cmf(117.71) cmf(117.72) geom(0.31) geom(0.31) geom(0.31) mf(0.14)  mas
Setup or update control matrix parameters.
RRtwfs svd threshold is 1e-10
Replacing HA by HA*fit->actextrap
Adding piston cr to fit matrix
Adding TT cr on upper DMs to fit matrix.
Before assembling fit matrix:	3020.5 MiB.
Building fit->FR
Building fit->FL
Adding tikhonov constraint of 1.0e-07 to FLM
The maximum eigen value is estimated to be around 3.3e-04
DM Fit number of Low rank terms: 16 in LHS
After assemble fit matrix:	3985.4 MiB.
After setup_recon:	3985.4 MiB.
GPU 0: mem used 1502 MB (wfs init)
GPU 0: mem used 2112 MB (recon init)
GPU 0: mem used 2142 MB (perf init)

*** Simulation started at 2025/02/12 00:00:59 in nid008652. ***

Running seed 1
GPU 0: mem used 2142 MB (wfs seeding)
Wind dir: 267.3 261.7 167.0 130.5 300.7  32.3 119.8 139.0 150.8 277.7 203.0 133.1  45.9 265.1 deg
Using /global/homes/b/bpeck/.aos/cache/atm/vonkarman_14_8192x8192_0.0078125_1115374592d.bin
After genatm:	3992.7 MiB.
Step     #  Open Loop  PR TT  On axis  PR TT  Field RMS PR TT     Timing 
Step     0: OL  884.6  248.3  OA  884.6 248.3 CL  884.6 248.3 nm  0.468 s
Step    22: OL  918.9  256.4  OA  140.8  33.9 CL  140.8  33.9 nm  0.038 s
Step    47: OL  957.0  261.1  OA  134.5  25.5 CL  134.5  25.5 nm  0.041 s
Step    73: OL  995.7  259.5  OA  136.7   8.3 CL  136.7   8.3 nm  0.036 s
Step    98: OL 1034.1  257.6  OA  131.0   6.9 CL  131.0   6.9 nm  0.045 s
Step   124: OL 1073.6  259.1  OA  131.0  11.8 CL  131.0  11.8 nm  0.038 s
Step   150: OL 1108.7  267.4  OA  136.1  24.9 CL  136.1  24.9 nm  0.045 s
Step   176: OL 1135.9  281.5  OA  136.4   5.9 CL  136.4   5.9 nm  0.037 s
Step   201: OL 1152.3  297.5  OA  129.4   4.0 CL  129.4   4.0 nm  0.038 s
Step   226: OL 1160.7  313.5  OA  131.3  11.2 CL  131.3  11.2 nm  0.037 s
Step   250: OL 1159.6  329.9  OA  134.3   6.7 CL  134.3   6.7 nm  0.037 s
Step   255 updated high order loop gain: 0.372
Step   269: OL 1149.8  343.5  OA  133.2  16.0 CL  133.2  16.0 nm  0.055 s
Step   295: OL 1125.5  363.6  OA  128.0   2.5 CL  128.0   2.5 nm  0.037 s
Step   321: OL 1094.5  387.6  OA  131.0   6.2 CL  131.0   6.2 nm  0.044 s
Step   347: OL 1059.9  417.0  OA  127.2   7.9 CL  127.2   7.9 nm  0.040 s
Step   371: OL 1029.7  449.9  OA  127.9  10.2 CL  127.9  10.2 nm  0.046 s
Step   397: OL 1000.5  487.4  OA  132.9  12.1 CL  132.9  12.1 nm  0.038 s
Step   423: OL  971.1  523.4  OA  129.1   2.1 CL  129.1   2.1 nm  0.037 s
Step   449: OL  943.2  557.6  OA  129.0  12.1 CL  129.0  12.1 nm  0.037 s
Step   475: OL  925.7  591.4  OA  129.6   4.7 CL  129.6   4.7 nm  0.037 s
Step   499: OL  923.6  620.8  OA  136.2   4.1 CL  136.2   4.1 nm  0.038 s
Step   511 updated high order loop gain: 0.364
Step   525: OL  930.4  647.3  OA  136.0  14.4 CL  136.0  14.4 nm  0.044 s
Step   551: OL  945.1  663.4  OA  135.9   8.4 CL  135.9   8.4 nm  0.037 s
Step   576: OL  967.2  669.9  OA  127.3   1.0 CL  127.3   1.0 nm  0.037 s
Step   600: OL  993.8  668.8  OA  127.9  13.5 CL  127.9  13.5 nm  0.038 s
Step   626: OL 1024.8  657.2  OA  130.9  23.6 CL  130.9  23.6 nm  0.044 s
Step   652: OL 1053.4  636.7  OA  131.7  12.3 CL  131.7  12.3 nm  0.037 s
Step   678: OL 1077.6  610.4  OA  133.6  20.9 CL  133.6  20.9 nm  0.037 s
Step   703: OL 1097.1  583.3  OA  132.8  10.2 CL  132.8  10.2 nm  0.038 s
Step   729: OL 1107.9  551.4  OA  134.0   9.9 CL  134.0   9.9 nm  0.038 s
Step   753: OL 1107.4  521.9  OA  129.2   7.0 CL  129.2   7.0 nm  0.039 s
Step   767 updated high order loop gain: 0.368
Step   779: OL 1095.6  492.0  OA  136.9  14.5 CL  136.9  14.5 nm  0.037 s
Step   804: OL 1072.6  464.0  OA  138.5   6.6 CL  138.5   6.6 nm  0.047 s
Step   829: OL 1040.7  436.3  OA  136.5   7.3 CL  136.5   7.3 nm  0.037 s
Step   854: OL 1002.2  410.5  OA  132.8   6.8 CL  132.8   6.8 nm  0.043 s
Step   878: OL  964.8  389.8  OA  137.2   4.4 CL  137.2   4.4 nm  0.038 s
Step   894: OL  940.6  378.6  OA  138.1  17.4 CL  138.1  17.4 nm  0.630 s
Step   909: OL  916.4  369.7  OA  136.4  11.2 CL  136.4  11.2 nm  0.037 s
Step   935: OL  873.4  357.1  OA  130.6  12.0 CL  130.6  12.0 nm  0.038 s
Step   959: OL  836.3  345.4  OA  133.8  24.7 CL  133.8  24.7 nm  0.039 s
Step   984: OL  805.3  330.7  OA  134.0  12.2 CL  134.0  12.2 nm  0.040 s
Step  1010: OL  779.7  312.0  OA  134.3   7.0 CL  134.3   7.0 nm  0.038 s
Step  1023 updated high order loop gain: 0.356
Step  1035: OL  761.1  292.5  OA  138.3  14.9 CL  138.3  14.9 nm  0.038 s
Step  1060: OL  746.4  270.0  OA  135.4  10.7 CL  135.4  10.7 nm  0.045 s
Step  1084: OL  736.5  243.5  OA  143.3  39.0 CL  143.3  39.0 nm  0.037 s
Step  1110: OL  733.3  215.0  OA  134.3  24.1 CL  134.3  24.1 nm  0.038 s
Step  1136: OL  734.0  192.4  OA  129.1   7.1 CL  129.1   7.1 nm  0.037 s
Step  1162: OL  735.4  177.2  OA  129.8  31.8 CL  129.8  31.8 nm  0.038 s
Step  1187: OL  738.3  169.7  OA  130.2  31.3 CL  130.2  31.3 nm  0.045 s
Step  1212: OL  744.1  164.9  OA  128.5  17.5 CL  128.5  17.5 nm  0.038 s
Step  1238: OL  749.4  164.0  OA  125.1  16.6 CL  125.1  16.6 nm  0.046 s
Step  1264: OL  753.9  171.1  OA  127.7  12.4 CL  127.7  12.4 nm  0.038 s
Step  1279 updated high order loop gain: 0.346
Step  1289: OL  761.2  184.5  OA  132.5  22.8 CL  132.5  22.8 nm  0.037 s
Step  1313: OL  770.1  201.3  OA  144.2  43.9 CL  144.2  43.9 nm  0.036 s
Step  1334: OL  778.1  218.8  OA  137.9  23.6 CL  137.9  23.6 nm  0.045 s
Step  1360: OL  793.5  242.1  OA  137.2  27.5 CL  137.2  27.5 nm  0.037 s
Step  1386: OL  814.0  259.7  OA  133.5  29.2 CL  133.5  29.2 nm  0.037 s
Step  1412: OL  839.5  270.3  OA  134.5  19.2 CL  134.5  19.2 nm  0.038 s
Step  1432: OL  861.3  275.2  OA  135.2  25.7 CL  135.2  25.7 nm  0.038 s
Step  1457: OL  886.3  279.1  OA  130.7   8.2 CL  130.7   8.2 nm  0.038 s
Step  1483: OL  903.7  277.5  OA  131.8  12.7 CL  131.8  12.7 nm  0.046 s
Step  1509: OL  907.7  269.0  OA  133.2  11.6 CL  133.2  11.6 nm  0.038 s
Step  1534: OL  901.6  256.1  OA  132.3  13.2 CL  132.3  13.2 nm  0.037 s
Step  1535 updated high order loop gain: 0.357
Step  1559: OL  888.6  239.7  OA  135.0  11.3 CL  135.0  11.3 nm  0.039 s
Step  1585: OL  872.0  225.1  OA  134.4   6.5 CL  134.4   6.5 nm  0.037 s
Step 1599: Output PSF
Step  1599: OL  861.5  219.1  OA  141.2   9.6 CL  141.2   9.6 nm  3.498 s
Mean: 132.89 16.78 131.83  nm.

*** Simulation Finished at 2025/02/12 00:02:19 in nid008652. ***

