Warning(sock.c:516): connect locally (/global/homes/b/bpeck/.aos/tmp/nid008652/scheduler) failed: Invalid argument. 
/global/u2/b/bpeck/work/vismcao/maos -o studies/reduced_ngs/6_lgs/8mag_lgs/4750count -c master_files/reduced_ngs/6_lgs/8mag_lgs/kola_4750act.conf -O 
Output folder is 'studies/reduced_ngs/6_lgs/8mag_lgs/4750count'.
SRC: /global/homes/b/bpeck/code/maos v2.9 4c88b7c2 2024-11-13 16:45:33 -0800
BUILT: /global/homes/b/bpeck/code/maos/optim by GCC (v12) on 2024/11/18 09:40:03 CPU(F64,+O3) with CUDA(v122,F32)
Launched at 2025/02/12 00:40:09 in nid008652 with PID 780768.
The web based job monitor can be accessed at http://localhost:10300
Main config file is /global/u2/b/bpeck/work/vismcao/master_files/reduced_ngs/6_lgs/8mag_lgs/kola_4750act.conf
Warning(path.c:48): Path not found: path=/global/u2/b/bpeck/work/vismcao/master_files/reduced_ngs/6_lgs/8mag_lgs/bin; abspath=/global/u2/b/bpeck/work/vismcao/master_files/reduced_ngs/6_lgs/8mag_lgs/bin; Ignored.
Warning(path.c:48): Path not found: path=/global/u2/b/bpeck/work/vismcao/master_files/reduced_ngs/6_lgs/8mag_lgs/atm; abspath=/global/u2/b/bpeck/work/vismcao/master_files/reduced_ngs/6_lgs/8mag_lgs/atm; Ignored.
Warning(readcfg.c:399): sim.apfsm has been renamed to powfs.apfsm.
Warning(readcfg.c:399): sim.epfsm has been renamed to powfs.epfsm.
Warning(readcfg.c:399): sim.alfsm has been renamed to powfs.alfsm.
Warning(readcfg.c:399): sim.commonfsm has been renamed to powfs.commonfsm.
Warning(readcfg.c:399): sim.idealfsm has been renamed to powfs.idealfsm.
Warning(readcfg.c:399): sim.zetafsm has been renamed to powfs.zetafsm.
Warning(readcfg.c:399): sim.f0fsm has been renamed to powfs.f0fsm.
Warning(readcfg.c:399): tsurf has been renamed to ncpa.tsurf.
loaded 132 (132 new) records from '/global/u2/b/bpeck/work/vismcao/./keck_sim.conf'
loaded  19 ( 19 new) records from '/global/u2/b/bpeck/work/vismcao/./dm_none.conf'
loaded  19 (  0 new) records from '/global/u2/b/bpeck/work/vismcao/./keck_ASM.conf'
loaded  19 (  0 new) records from '/global/u2/b/bpeck/work/vismcao/./keck_DM2.conf'
loaded  19 (  0 new) records from '/global/u2/b/bpeck/work/vismcao/./keck_DM3.conf'
loaded   0 (  0 new) records from '/global/u2/b/bpeck/work/vismcao/./keck_dm_multiple.conf'
loaded   7 (  5 new) records from '/global/u2/b/bpeck/work/vismcao/./atm_mk13n50p_ground_detail.conf'
loaded  76 ( 69 new) records from '/global/homes/b/bpeck/code/maos/config/maos/powfs_common.conf'
loaded  44 ( 38 new) records from '/global/u2/b/bpeck/work/vismcao/./powfs_none.conf'
loaded  44 (  0 new) records from '/global/u2/b/bpeck/work/vismcao/./keck_shwfs_lgs.conf'
loaded  44 (  0 new) records from '/global/u2/b/bpeck/work/vismcao/./keck_shwfs_ttf_strap.conf'
loaded  44 (  0 new) records from '/global/u2/b/bpeck/work/vismcao/./keck_shwfs_twfs_lbwfs.conf'
loaded   0 (  0 new) records from '/global/u2/b/bpeck/work/vismcao/./keck_wfs_lgs_strap_lbwfs.conf'
loaded  71 ( 71 new) records from '/global/u2/b/bpeck/work/vismcao/./keck_recon.conf'
Warning(readcfg.c:399): dbg.na_smooth has been renamed to powfs0_llt.na_smooth.
Warning(readcfg.c:399): dbg.na_interp has been renamed to powfs0_llt.na_interp.
Warning(readcfg.c:399): dbg.na_thres has been renamed to powfs0_llt.na_thres.
Warning(readcfg.c:399): dbg.na_fit_maxit has been renamed to powfs0_llt.na_fit_maxit.
Warning(readcfg.c:399): dbg.na_fit_svdthres has been renamed to powfs0_llt.na_fit_svdthres.
Warning(readcfg.c:399): dbg.na_fit_dh has been renamed to powfs0_llt.na_fit_dh.
Warning(readcfg.c:399): dbg.ncpa_preload has been renamed to ncpa.preload.
Warning(readcfg.c:399): dbg.ncpa_rmsci has been renamed to ncpa.rmsci.
Warning(readcfg.c:399): dbg.draw_opdmax has been renamed to plot.opdmax.
Warning(readcfg.c:399): dbg.draw_gmax has been renamed to plot.gmax.
loaded  95 ( 93 new) records from '/global/u2/b/bpeck/work/vismcao/./keck_dbg.conf'
loaded   4 (  4 new) records from '/global/u2/b/bpeck/work/vismcao/./keck_fit_mcao.conf'
Warning(readcfg.c:399): surf has been renamed to ncpa.surf.
loaded  39 (  7 new) records from '/global/u2/b/bpeck/work/vismcao/master_files/reduced_ngs/6_lgs/8mag_lgs/kola_4750act.conf'
loaded   0 (  0 new) records from 'command line'
loaded  24 ( 18 new) records from '/global/u2/b/bpeck/work/vismcao/./keck_llt_CL.conf'
Adjust LGS range by telescope altitude 4145m.
Zenith angle is 30 degree.
    Scaling turbulence height and LGS hs by sec(za).
    Scaling r0 by cos(za)^(3/5).
    Scaling wind speed and LGS signal level by cos(za).
powfs0: Adjusting dx from 0.0078125 to 0.00783333. 
powfs0.llt.fsm: f0=0 Hz, LPF ep=0
powfs0.epfsm is set to 0.517618 (auto)
powfs2: Adjusting dx from 0.03125 to 0.0312778. 
powfs2 is TWFS for powfs0
sim.ephi is set to 0.427717 (auto)
sim.eplo is set to 0.427717 (auto)
Warning(parms.c:2296): Layer 1 at 17.3205m is very close to layer 0 at 0m (OK).
Warning(parms.c:2296): Layer 2 at 34.641m is very close to layer 1 at 17.3205m (OK).
Warning(parms.c:2296): Layer 3 at 51.9615m is very close to layer 2 at 34.641m (OK).
dm 0: stroke=30 um is provided in micron.
dm 0: assume ia stroke=2 um is provided in micron.
dm 1: stroke=7 um is provided in micron.
dm 1: assume ia stroke=2 um is provided in micron.
dm 2: stroke=7 um is provided in micron.
dm 2: assume ia stroke=2 um is provided in micron.
Focus blending is not implemented yet for integrated tomography
parms->sim.mffocus is reset to 0
There are 1 valid simulation seeds:  1
Output PSF for 1 directions
Used 449 of 456 supplied keys
Warning(readcfg.c:158): key "dbg.pwfs_flate" is not recognized, value is 0
Warning(readcfg.c:158): key "dbg.pwfs_flatv" is not recognized, value is 0
Warning(readcfg.c:158): key "dbg.pwfs_psx" is not recognized, value is [0 0 0 0]
Warning(readcfg.c:158): key "dbg.pwfs_psy" is not recognized, value is [0 0 0 0]
Warning(readcfg.c:158): key "dbg.pwfs_pupelong" is not recognized, value is 0
Warning(readcfg.c:158): key "dbg.pwfs_raw" is not recognized, value is 0
Warning(readcfg.c:158): key "dbg.pwfs_side" is not recognized, value is 4
[00;00mAperture[00;00m is 11 m with sampling 1/128 m
[00;00mTurbulence at 30 degree zenith angle:[00;00m r0=0.128424m, L0=30m, 14 layers.
    Greenwood freq is 25.1Hz, anisoplanatic angle is 1.58 as
    Sampled 8192x8192 at 1/128m. wind dir is randomized.
    layer 0: ht=      0 m, wt= 0.302, ws=  4.8 m/s
    layer 1: ht=     17 m, wt= 0.154, ws=  5.0 m/s
    layer 2: ht=     35 m, wt= 0.041, ws=  5.4 m/s
    layer 3: ht=     52 m, wt= 0.002, ws=  6.6 m/s
    layer 4: ht=    139 m, wt= 0.021, ws=  6.1 m/s
    layer 5: ht=    231 m, wt= 0.010, ws=  6.1 m/s
    layer 6: ht=    323 m, wt= 0.008, ws=  6.1 m/s
    layer 7: ht=    416 m, wt= 0.005, ws=  6.1 m/s
    layer 8: ht=    508 m, wt= 0.001, ws=  6.1 m/s
    layer 9: ht=    932 m, wt= 0.107, ws=  5.6 m/s
    layer 10: ht=   5022 m, wt= 0.144, ws= 11.1 m/s
    layer 11: ht=   9238 m, wt= 0.093, ws= 19.1 m/s
    layer 12: ht=  13856 m, wt= 0.075, ws=  8.2 m/s
    layer 13: ht=  22518 m, wt= 0.036, ws=  4.8 m/s
[00;00mReconstruction[00;00m: r0=0.128424m L0=30m. 14 layers. use cone coordinate.
    layer 0: ht=      0 m, wt= 0.302
    layer 1: ht=     17 m, wt= 0.154
    layer 2: ht=     35 m, wt= 0.041
    layer 3: ht=     52 m, wt= 0.002
    layer 4: ht=    139 m, wt= 0.021
    layer 5: ht=    231 m, wt= 0.010
    layer 6: ht=    323 m, wt= 0.008
    layer 7: ht=    416 m, wt= 0.005
    layer 8: ht=    508 m, wt= 0.001
    layer 9: ht=    932 m, wt= 0.107
    layer 10: ht=   5022 m, wt= 0.144
    layer 11: ht=   9238 m, wt= 0.093
    layer 12: ht=  13856 m, wt= 0.075
    layer 13: ht=  22518 m, wt= 0.036
[00;00mThere are 3 powfs[00;00m
  powfs0: Order 79, LGS at 99.1 km. Sampling 1/127.66 m. Thres 30%. [00;00mT/T is removed in right hand side in tomography.[00;00m
    CCD image is 25x25 @ 500x500 mas, blur 27% (sigma), 1500Hz, wvl: [ 5.89e-07]
    Gtilt in reconstruction. Physical optics start at 0 with [00;00m'matched filter'[00;00m [00;00m(noisy)[00;00m
  powfs1: Order  2, NGS at inf km. Sampling 1/16 m. Thres 30%. 
    Ztilt in reconstruction. Geomtric optics start at 2 with ztilt [00;00m(noisy)[00;00m
  powfs2: Order 20, NGS at inf km. Sampling 1/31.9716 m. Thres 50%. 
    CCD image is 4x4 @ 1500x1500 mas, blur 0% (sigma), 0.015Hz, wvl: [ 7.2e-07]
    Gtilt in reconstruction. Geomtric optics start at 50 with gtilt Physical optics start at 0 with [00;00m'matched filter'[00;00m [00;00m(noisy)[00;00m
[00;00mThere are 10 wfs[00;00m
    wfs 0: type 0, at (  30.00,    0.00) arcsec,  99 km, siglev is 23.8382 bkgrnd is 0.1
    wfs 1: type 0, at (  15.00,   25.98) arcsec,  99 km, siglev is 23.8382 bkgrnd is 0.1
    wfs 2: type 0, at ( -15.00,   25.98) arcsec,  99 km, siglev is 23.8382 bkgrnd is 0.1
    wfs 3: type 0, at ( -30.00,    0.00) arcsec,  99 km, siglev is 23.8382 bkgrnd is 0.1
    wfs 4: type 0, at ( -15.00,  -25.98) arcsec,  99 km, siglev is 23.8382 bkgrnd is 0.1
    wfs 5: type 0, at (  15.00,  -25.98) arcsec,  99 km, siglev is 23.8382 bkgrnd is 0.1
    wfs 6: type 1, at (   5.00,    8.66) arcsec, inf km, siglev is 42387.6 bkgrnd is 1.056
    wfs 7: type 1, at ( -10.00,    0.00) arcsec, inf km, siglev is 42387.6 bkgrnd is 1.056
    wfs 8: type 1, at (   5.00,   -8.66) arcsec, inf km, siglev is 42387.6 bkgrnd is 1.056
    wfs 9: type 2, at (   0.00,    0.00) arcsec, inf km, siglev is 4.1558e+06 bkgrnd is 0.001
[00;00mThere are 3 DMs[00;00m
  DM 0 at -0.1km, actuator pitch 0.141m, offset   0, with 30.000000 micron stroke.
    Normalized cubic influence function with inter-actuator coupling of 0.223
  DM 1 at    6km, actuator pitch 0.168m, offset   0, with 7.000000 micron stroke.
    Normalized cubic influence function with inter-actuator coupling of 0.223
  DM 2 at   10km, actuator pitch 0.168m, offset   0, with 7.000000 micron stroke.
    Normalized cubic influence function with inter-actuator coupling of 0.223
[00;00mTomography[00;00m is using CG, with [00;00mFourer Domain[00;00m preconditioner, [00;00m12[00;00m iterations, integrated tomo.
[00;00mDM Fitting [00;00mis using CG, with [00;00mNo[00;00m preconditioner, [00;00m10[00;00m iterations
[00;00mThere are 9 fit directions[00;00m
    Fit 0: weight is 0.444, at (   0.00,    0.00) arcsec
    Fit 1: weight is 0.111, at (  15.00,    0.00) arcsec
    Fit 2: weight is 0.111, at (   0.00,   15.00) arcsec
    Fit 3: weight is 0.111, at ( -15.00,    0.00) arcsec
    Fit 4: weight is 0.111, at (   0.00,  -15.00) arcsec
    Fit 5: weight is 0.028, at (  15.00,   15.00) arcsec
    Fit 6: weight is 0.028, at ( -15.00,   15.00) arcsec
    Fit 7: weight is 0.028, at ( -15.00,  -15.00) arcsec
    Fit 8: weight is 0.028, at (  15.00,  -15.00) arcsec
[00;00mThere are 1 evaluation directions[00;00m at sampling 1/128 m.
    Evl 0: weight is 1.000, at (   0.00,    0.00) arcsec
[00;00mSimulation[00;00m start at step 0, end at step 1600, with time step 1/1500s, [00;00mclose loop[00;00m.
After setup_parms:	120.5 MiB.
Warning(sock.c:516): connect locally (/global/homes/b/bpeck/.aos/tmp/nid008652/scheduler) failed: Invalid argument. 
CUDA: minimum memory requirement is 0.3GB
GPU 0 is NVIDIA A100-SXM4-80GB with arch 8.0, 78.6GB free, 79.0GB total device memory.
Using GPU 0
Use 1 GPUs for WFS Tomo Fit Evl

*** Preparation started at 2025/02/12 00:40:10 in nid008652. ***

Using OpenMP version 201511 with 128 threads
Reading aperture amplitude map from KECK.fits
Warning(accphi.c:477): 108807 points not covered by input screen
Warning(sock.c:516): connect locally (/global/homes/b/bpeck/.aos/tmp/nid008652/scheduler) failed: Invalid argument. 
 ->maos.c:447->setup.c:148->aper.c:74->utils.c:478->accphi.c:478
iwvl 0: Science PSF is using grid size of 2880. The PSF will sum to 6.95167232825486
iwvl 1: Science PSF is using grid size of 2880. The PSF will sum to 6.95167232825486
iwvl 2: Science PSF is using grid size of 2880. The PSF will sum to 6.95167232825486
iwvl 3: Science PSF is using grid size of 2880. The PSF will sum to 6.95167232825486
iwvl 4: Science PSF is using grid size of 2880. The PSF will sum to 6.95167232825486
iwvl 5: Science PSF is using grid size of 2880. The PSF will sum to 6.95167232825486
iwvl 6: Science PSF is using grid size of 2880. The PSF will sum to 6.95167232825486
iwvl 7: Science PSF is using grid size of 2880. The PSF will sum to 6.95167232825486
iwvl 8: Science PSF is using grid size of 2880. The PSF will sum to 6.95167232825486
After setup_aper:	344.7 MiB.

[00;00mSetting up powfs 0 geom[00;00m

There are 18 points in each subaperture of 0.141m.
There are 3737 valid subaperture.

[00;00mSetting up powfs 1 geom[00;00m

There are 88 points in each subaperture of 5.5m.
There are 4 valid subaperture.

[00;00mSetting up powfs 2 geom[00;00m

There are 18 points in each subaperture of 0.563m.
There are 236 valid subaperture.
After setup_powfs_init:	441.5 MiB.

[00;00mSetting up reconstructor geometry.[00;00m

PLOC is 161x161, with sampling of 0.07m (square)
    DM 0: grid is 82 x 82
    DM 1: grid is 75 x 75
    DM 2: grid is 81 x 79
FLOC is 161x161, with sampling of 0.07m (not square)
Tomography grid is square:
    layer 0: xloc grid is 280 x 280, sampling is 0.070 m, 78400 points
    layer 1: xloc grid is 280 x 280, sampling is 0.070 m, 78400 points
    layer 2: xloc grid is 280 x 280, sampling is 0.070 m, 78400 points
    layer 3: xloc grid is 280 x 280, sampling is 0.070 m, 78400 points
    layer 4: xloc grid is 280 x 280, sampling is 0.070 m, 78400 points
    layer 5: xloc grid is 280 x 280, sampling is 0.070 m, 78400 points
    layer 6: xloc grid is 280 x 280, sampling is 0.070 m, 78400 points
    layer 7: xloc grid is 280 x 280, sampling is 0.070 m, 78400 points
    layer 8: xloc grid is 280 x 280, sampling is 0.070 m, 78400 points
    layer 9: xloc grid is 280 x 280, sampling is 0.070 m, 78400 points
    layer 10: xloc grid is 280 x 280, sampling is 0.067 m, 78400 points
    layer 11: xloc grid is 280 x 280, sampling is 0.064 m, 78400 points
    layer 12: xloc grid is 280 x 280, sampling is 0.061 m, 78400 points
Warning(map.c:195): ninx=280 is too small. need 281
Warning(map.c:200): niny=280 is too small. need 281
    layer 13: xloc grid is 280 x 280, sampling is 0.054 m, 78400 points

[00;00mSetting up powfs 0 PO WFS[00;00m

OTF dimension is 36x36 (calculated)
There is no bias
Uplink FWHM (illt 0, iwvl 0) is 0.580741"
Downlink FWHM (illt 0, iwvl 0) is 1.39318"
Generating matched filter for powfs 0
sa index   location       noise equivalent angle
    1838: (  4.9,  -0.2) m, (171.57, 164.44) mas
    1830: (  3.7,  -0.2) m, (184.57, 166.46) mas
    1822: (  2.6,  -0.2) m, (201.52, 169.12) mas
    1815: (  1.6,  -0.2) m, (217.69, 171.66) mas
    1813: (  1.3,  -0.2) m, (222.80, 172.45) mas
    1334: ( -0.5,  -1.3) m, (253.63, 181.08) mas
    1808: ( -1.8,  -0.2) m, (274.68, 180.73) mas
    1800: ( -2.9,  -0.2) m, (294.25, 183.67) mas
    1792: ( -4.0,  -0.2) m, (314.77, 186.51) mas
    1785: ( -5.0,  -0.2) m, (333.94, 188.95) mas
    1782: ( -5.4,  -0.2) m, (342.18, 189.95) mas
sa index   location       noise equivalent angle
    3714: (  2.6,   4.6) m, (163.89, 164.80) mas
    3406: (  2.0,   3.6) m, (168.40, 174.69) mas
    3147: (  1.6,   2.9) m, (173.03, 184.16) mas
    2749: (  1.1,   1.9) m, (183.99, 202.22) mas
    2413: (  0.6,   1.2) m, (186.38, 210.55) mas
    1459: (  0.8,  -1.1) m, (204.61, 265.15) mas
    1332: ( -0.8,  -1.3) m, (207.82, 254.88) mas
     996: ( -1.2,  -2.0) m, (216.09, 269.77) mas
     597: ( -1.8,  -3.0) m, (224.33, 287.51) mas
     336: ( -2.2,  -3.7) m, (232.14, 302.50) mas
      28: ( -2.7,  -4.7) m, (242.46, 323.00) mas
sa index   location       noise equivalent angle
    3685: ( -2.7,   4.6) m, (163.78, 164.63) mas
    3376: ( -2.2,   3.6) m, (168.40, 174.69) mas
    3123: ( -1.8,   2.9) m, (173.03, 184.16) mas
    2733: ( -1.2,   1.9) m, (182.79, 200.87) mas
    2403: ( -0.8,   1.2) m, (186.38, 210.55) mas
    1995: (  1.2,   0.2) m, (221.50, 235.03) mas
    1342: (  0.6,  -1.3) m, (207.82, 254.88) mas
    1012: (  1.1,  -2.0) m, (217.05, 270.88) mas
     621: (  1.6,  -3.0) m, (224.33, 287.51) mas
     366: (  2.0,  -3.7) m, (232.14, 302.50) mas
      57: (  2.6,  -4.7) m, (242.46, 323.00) mas
sa index   location       noise equivalent angle
    1843: ( -5.4,  -0.1) m, (164.71, 163.27) mas
    1847: ( -4.9,  -0.1) m, (172.80, 164.55) mas
    1855: ( -3.7,  -0.1) m, (186.25, 166.63) mas
    1863: ( -2.6,  -0.1) m, (203.64, 169.33) mas
    1871: ( -1.5,  -0.1) m, (222.79, 172.29) mas
    1340: (  0.4,  -1.3) m, (253.61, 181.06) mas
    1874: (  1.3,  -0.1) m, (268.50, 179.59) mas
    1877: (  1.8,  -0.1) m, (277.01, 180.86) mas
    1885: (  2.9,  -0.1) m, (296.66, 183.75) mas
    1893: (  4.0,  -0.1) m, (317.47, 186.57) mas
    1900: (  5.0,  -0.1) m, (336.73, 188.97) mas
sa index   location       noise equivalent angle
      28: ( -2.7,  -4.7) m, (163.73, 164.58) mas
     336: ( -2.2,  -3.7) m, (168.40, 174.69) mas
     597: ( -1.8,  -3.0) m, (173.03, 184.16) mas
     996: ( -1.2,  -2.0) m, (181.39, 199.83) mas
    1332: ( -0.8,  -1.3) m, (186.38, 210.55) mas
    2285: ( -0.9,   0.9) m, (203.50, 263.80) mas
    2413: (  0.6,   1.2) m, (207.82, 254.88) mas
    2749: (  1.1,   1.9) m, (219.26, 273.56) mas
    3147: (  1.6,   2.9) m, (224.33, 287.51) mas
    3406: (  2.0,   3.6) m, (232.14, 302.50) mas
    3714: (  2.6,   4.6) m, (242.70, 323.43) mas
sa index   location       noise equivalent angle
      57: (  2.6,  -4.7) m, (163.73, 164.58) mas
     366: (  2.0,  -3.7) m, (168.40, 174.69) mas
     621: (  1.6,  -3.0) m, (173.03, 184.16) mas
    1012: (  1.1,  -2.0) m, (182.16, 200.48) mas
    1342: (  0.6,  -1.3) m, (186.38, 210.55) mas
    2287: (  0.8,   0.9) m, (197.81, 257.76) mas
    2403: ( -0.8,   1.2) m, (207.82, 254.88) mas
    2733: ( -1.2,   1.9) m, (217.80, 271.46) mas
    3123: ( -1.8,   2.9) m, (224.33, 287.51) mas
    3376: ( -2.2,   3.6) m, (232.14, 302.50) mas
    3685: ( -2.7,   4.6) m, (242.54, 323.11) mas

[00;00mSetting up powfs 2 PO WFS[00;00m

OTF dimension is 48x48 (calculated)
Generating matched filter for powfs 2
Use sanea to derive neasim
Use sanea to derive neasim

[00;00mSetting up reconstructor[00;00m

Recon NEA: cmf(224.82) cmf(226.07) cmf(226.38) cmf(225.37) cmf(226.36) cmf(226.04) geom(0.31) geom(0.31) geom(0.31) mf(0.14)  mas
Setup or update control matrix parameters.
RRtwfs svd threshold is 1e-10
Replacing HA by HA*fit->actextrap
Adding piston cr to fit matrix
Adding TT cr on upper DMs to fit matrix.
Before assembling fit matrix:	4601.3 MiB.
Building fit->FR
Building fit->FL
Adding tikhonov constraint of 1.0e-07 to FLM
The maximum eigen value is estimated to be around 2.6e-04
DM Fit number of Low rank terms: 16 in LHS
After assemble fit matrix:	6554.9 MiB.
After setup_recon:	6554.9 MiB.
GPU 0: mem used 1398 MB (wfs init)
GPU 0: mem used 2658 MB (recon init)
GPU 0: mem used 2688 MB (perf init)

*** Simulation started at 2025/02/12 00:42:20 in nid008652. ***

Running seed 1
GPU 0: mem used 2688 MB (wfs seeding)
Wind dir: 267.3 261.7 167.0 130.5 300.7  32.3 119.8 139.0 150.8 277.7 203.0 133.1  45.9 265.1 deg
Using /global/homes/b/bpeck/.aos/cache/atm/vonkarman_14_8192x8192_0.0078125_1115374592d.bin
After genatm:	6473.2 MiB.
Step     #  Open Loop  PR TT  On axis  PR TT  Field RMS PR TT     Timing 
Step     0: OL  884.6  248.3  OA  884.6 248.3 CL  884.6 248.3 nm  0.431 s
Step    16: OL  909.4  254.4  OA  143.0  34.0 CL  143.0  34.0 nm  0.056 s
Step    32: OL  934.4  259.2  OA  138.2  16.1 CL  138.2  16.1 nm  0.073 s
Step    47: OL  956.8  261.1  OA  138.8  12.5 CL  138.8  12.5 nm  0.064 s
Step    62: OL  979.0  260.7  OA  135.1  19.0 CL  135.1  19.0 nm  0.074 s
Step    76: OL 1000.2  259.2  OA  133.5  25.5 CL  133.5  25.5 nm  0.068 s
Step    91: OL 1023.4  258.0  OA  126.9  15.6 CL  126.9  15.6 nm  0.065 s
Step   106: OL 1046.5  257.6  OA  127.6  20.8 CL  127.6  20.8 nm  0.065 s
Step   121: OL 1069.5  258.7  OA  126.5  21.8 CL  126.5  21.8 nm  0.064 s
Step   136: OL 1090.8  262.1  OA  130.6  13.2 CL  130.6  13.2 nm  0.066 s
Step   151: OL 1110.4  267.9  OA  143.5  37.4 CL  143.5  37.4 nm  0.071 s
Step   167: OL 1128.1  276.2  OA  140.3  39.9 CL  140.3  39.9 nm  0.065 s
Step   182: OL 1141.6  285.4  OA  130.7   5.1 CL  130.7   5.1 nm  0.079 s
Step   197: OL 1151.4  295.1  OA  131.1  21.5 CL  131.1  21.5 nm  0.064 s
Step   212: OL 1158.6  304.6  OA  127.9   7.7 CL  127.9   7.7 nm  0.071 s
Step   227: OL 1162.6  314.3  OA  138.4  32.6 CL  138.4  32.6 nm  0.067 s
Step   243: OL 1163.2  325.0  OA  130.2  10.0 CL  130.2  10.0 nm  0.067 s
Step   255 updated high order loop gain: 0.353
Step   258: OL 1159.1  335.7  OA  141.9  16.0 CL  141.9  16.0 nm  0.062 s
Step   273: OL 1149.7  346.5  OA  132.3  12.2 CL  132.3  12.2 nm  0.071 s
Step   289: OL 1135.2  358.7  OA  131.9  20.4 CL  131.9  20.4 nm  0.065 s
Step   302: OL 1121.6  370.0  OA  127.0   2.5 CL  127.0   2.5 nm  0.071 s
Step   317: OL 1103.8  383.8  OA  129.9  20.7 CL  129.9  20.7 nm  0.065 s
Step   332: OL 1084.2  399.3  OA  127.6  24.5 CL  127.6  24.5 nm  0.072 s
Step   347: OL 1064.4  417.2  OA  123.2  15.2 CL  123.2  15.2 nm  0.065 s
Step   362: OL 1044.8  437.2  OA  126.0  23.5 CL  126.0  23.5 nm  0.077 s
Step   377: OL 1026.5  458.6  OA  126.1  27.5 CL  126.1  27.5 nm  0.067 s
Step   392: OL 1009.0  480.3  OA  126.0  14.8 CL  126.0  14.8 nm  0.071 s
Step   404: OL  995.2  497.5  OA  130.1  20.3 CL  130.1  20.3 nm  0.064 s
Step   419: OL  977.5  518.2  OA  127.0  23.5 CL  127.0  23.5 nm  0.068 s
Step   434: OL  959.9  538.1  OA  127.7   5.4 CL  127.7   5.4 nm  0.066 s
Step   449: OL  943.7  557.6  OA  128.8  17.0 CL  128.8  17.0 nm  0.074 s
Step   464: OL  931.4  577.3  OA  129.7   3.0 CL  129.7   3.0 nm  0.064 s
Step   479: OL  924.1  596.5  OA  130.1  21.4 CL  130.1  21.4 nm  0.067 s
Step   494: OL  922.4  614.9  OA  132.7  26.5 CL  132.7  26.5 nm  0.065 s
Step   509: OL  924.2  631.9  OA  132.2  14.1 CL  132.2  14.1 nm  0.093 s
Step   511 updated high order loop gain: 0.298
Step   524: OL  928.9  646.4  OA  131.9  10.6 CL  131.9  10.6 nm  0.066 s
Step   539: OL  936.2  657.3  OA  130.7  17.8 CL  130.7  17.8 nm  0.072 s
Step   554: OL  946.8  664.6  OA  130.5   4.7 CL  130.5   4.7 nm  0.064 s
Step   569: OL  960.0  668.8  OA  127.4  12.1 CL  127.4  12.1 nm  0.065 s
Step   584: OL  975.2  670.5  OA  128.0  17.3 CL  128.0  17.3 nm  0.064 s
Step   599: OL  992.6  669.0  OA  122.1  13.4 CL  122.1  13.4 nm  0.065 s
Step   614: OL 1010.6  663.7  OA  126.7  30.9 CL  126.7  30.9 nm  0.070 s
Step   629: OL 1028.6  655.2  OA  126.8  14.8 CL  126.8  14.8 nm  0.066 s
Step   644: OL 1045.6  643.7  OA  124.6   7.0 CL  124.6   7.0 nm  0.077 s
Step   659: OL 1060.8  629.9  OA  128.6  17.6 CL  128.6  17.6 nm  0.066 s
Step   674: OL 1074.6  614.6  OA  130.8  18.2 CL  130.8  18.2 nm  0.065 s
Step   690: OL 1088.3  597.8  OA  132.9  12.9 CL  132.9  12.9 nm  0.063 s
Step   705: OL 1098.8  580.9  OA  137.4  19.0 CL  137.4  19.0 nm  0.061 s
Step   720: OL 1105.6  562.5  OA  139.4  28.9 CL  139.4  28.9 nm  0.066 s
Step   735: OL 1108.6  544.0  OA  135.7  22.8 CL  135.7  22.8 nm  0.069 s
Step   751: OL 1107.2  524.4  OA  134.2  22.7 CL  134.2  22.7 nm  0.069 s
Step   766: OL 1101.7  506.8  OA  132.2  15.5 CL  132.2  15.5 nm  0.068 s
Step   767 updated high order loop gain: 0.279
Step   781: OL 1092.4  489.8  OA  139.5  16.7 CL  139.5  16.7 nm  0.066 s
Step   796: OL 1078.7  473.0  OA  141.0  15.1 CL  141.0  15.1 nm  0.076 s
Step   811: OL 1061.9  456.3  OA  140.7  19.4 CL  140.7  19.4 nm  0.063 s
Step   826: OL 1041.6  439.6  OA  143.8  22.9 CL  143.8  22.9 nm  0.065 s
Step   841: OL 1018.8  423.6  OA  134.8   1.0 CL  134.8   1.0 nm  0.063 s
Step   856: OL  994.9  408.7  OA  134.9  16.3 CL  134.9  16.3 nm  0.071 s
Step   871: OL  971.2  395.5  OA  137.6  17.1 CL  137.6  17.1 nm  0.067 s
Step   886: OL  948.7  384.2  OA  139.2  25.6 CL  139.2  25.6 nm  0.064 s
Step   901: OL  925.6  374.3  OA  139.3   7.4 CL  139.3   7.4 nm  0.064 s
Step   916: OL  901.3  366.3  OA  136.3  15.0 CL  136.3  15.0 nm  0.065 s
Step   931: OL  877.2  359.2  OA  134.6   1.8 CL  134.6   1.8 nm  0.065 s
Step   945: OL  855.5  352.5  OA  134.8  10.1 CL  134.8  10.1 nm  0.107 s
Step   960: OL  833.8  345.0  OA  136.9  22.6 CL  136.9  22.6 nm  0.066 s
Step   975: OL  815.2  336.4  OA  135.7  10.0 CL  135.7  10.0 nm  0.064 s
Step   990: OL  799.2  326.7  OA  129.8   6.7 CL  129.8   6.7 nm  0.065 s
Step  1002: OL  787.6  318.1  OA  132.7   4.6 CL  132.7   4.6 nm  0.064 s
Step  1017: OL  774.6  306.7  OA  134.6  10.8 CL  134.6  10.8 nm  0.073 s
Step  1023 updated high order loop gain: 0.266
Step  1032: OL  763.9  295.0  OA  136.4   3.4 CL  136.4   3.4 nm  0.064 s
Step  1047: OL  754.7  282.2  OA  135.6   9.9 CL  135.6   9.9 nm  0.063 s
Step  1063: OL  745.1  267.0  OA  131.6   7.5 CL  131.6   7.5 nm  0.064 s
Step  1078: OL  738.1  250.5  OA  134.4  18.8 CL  134.4  18.8 nm  0.064 s
Step  1093: OL  733.8  233.1  OA  135.3  27.9 CL  135.3  27.9 nm  0.066 s
Step  1108: OL  731.9  217.0  OA  131.1  24.8 CL  131.1  24.8 nm  0.065 s
Step  1123: OL  731.3  202.6  OA  128.2  19.6 CL  128.2  19.6 nm  0.072 s
Step  1138: OL  731.5  190.9  OA  127.3  18.2 CL  127.3  18.2 nm  0.064 s
Step  1153: OL  732.2  181.5  OA  123.5  27.0 CL  123.5  27.0 nm  0.065 s
Step  1168: OL  732.8  174.8  OA  127.6  10.8 CL  127.6  10.8 nm  0.066 s
Step  1183: OL  734.4  170.5  OA  128.6  27.8 CL  128.6  27.8 nm  0.080 s
Step  1198: OL  737.9  167.3  OA  128.7  13.5 CL  128.7  13.5 nm  0.065 s
Step  1213: OL  741.6  164.6  OA  125.4  20.6 CL  125.4  20.6 nm  0.070 s
Step  1228: OL  745.7  163.4  OA  122.8  12.8 CL  122.8  12.8 nm  0.065 s
Step  1243: OL  748.7  164.5  OA  124.0   5.8 CL  124.0   5.8 nm  0.069 s
Step  1257: OL  751.9  168.1  OA  128.5  12.5 CL  128.5  12.5 nm  0.068 s
Step  1272: OL  756.3  174.7  OA  132.8  34.1 CL  132.8  34.1 nm  0.065 s
Step  1279 updated high order loop gain: 0.257
Step  1287: OL  762.1  183.1  OA  128.6  22.4 CL  128.6  22.4 nm  0.064 s
Step  1302: OL  768.6  193.0  OA  136.4  18.2 CL  136.4  18.2 nm  0.065 s
Step  1317: OL  774.5  204.3  OA  132.6  19.7 CL  132.6  19.7 nm  0.074 s
Step  1332: OL  780.6  216.9  OA  137.4  14.5 CL  137.4  14.5 nm  0.063 s
Step  1347: OL  788.3  230.6  OA  135.2  27.0 CL  135.2  27.0 nm  0.073 s
Step  1363: OL  798.9  244.5  OA  139.4  29.5 CL  139.4  29.5 nm  0.064 s
Step  1378: OL  809.7  255.0  OA  132.5  26.1 CL  132.5  26.1 nm  0.083 s
Step  1393: OL  822.1  263.2  OA  134.2  19.3 CL  134.2  19.3 nm  0.065 s
Step  1405: OL  832.9  268.1  OA  134.3  22.5 CL  134.3  22.5 nm  0.070 s
Step  1420: OL  847.3  272.5  OA  135.5  28.5 CL  135.5  28.5 nm  0.064 s
Step  1435: OL  861.9  275.9  OA  135.6  18.6 CL  135.6  18.6 nm  0.066 s
Step  1450: OL  875.5  278.4  OA  130.0  16.9 CL  130.0  16.9 nm  0.065 s
Step  1465: OL  887.5  279.4  OA  126.3  13.7 CL  126.3  13.7 nm  0.065 s
Step  1480: OL  895.8  278.1  OA  128.8  15.0 CL  128.8  15.0 nm  0.066 s
Step  1496: OL  899.2  274.2  OA  134.1   7.5 CL  134.1   7.5 nm  0.065 s
Step  1511: OL  898.2  268.3  OA  131.1   7.0 CL  131.1   7.0 nm  0.067 s
Step  1526: OL  894.4  260.9  OA  131.8  10.1 CL  131.8  10.1 nm  0.068 s
Step  1535 updated high order loop gain: 0.253
Step  1541: OL  887.4  251.8  OA  133.2   5.0 CL  133.2   5.0 nm  0.070 s
Step  1556: OL  879.0  241.9  OA  134.7   3.8 CL  134.7   3.8 nm  0.066 s
Step  1572: OL  869.6  232.0  OA  136.7   8.3 CL  136.7   8.3 nm  0.074 s
Step  1588: OL  859.2  223.9  OA  135.0  23.3 CL  135.0  23.3 nm  0.066 s
Step 1599: Output PSF
Warning(bin.c:410): evlpsfol_1.fits: Unknown error
Warning(bin.c:516): write 2880 bytes to evlpsfol_1.fits failed
Warning(bin.c:516): write 2880 bytes to evlpsfol_1.fits failed
Warning(bin.c:516): write 2880 bytes to evlpsfol_1.fits failed
Warning(bin.c:516): write 2880 bytes to evlpsfol_1.fits failed
Warning(bin.c:516): write 2880 bytes to evlpsfol_1.fits failed
Warning(bin.c:516): write 2880 bytes to evlpsfol_1.fits failed
Warning(bin.c:516): write 2880 bytes to evlpsfol_1.fits failed
Warning(bin.c:516): write 2880 bytes to evlpsfol_1.fits failed
Warning(bin.c:516): write 2880 bytes to evlpsfol_1.fits failed
Warning(bin.c:410): evlpsfcl_1_x0_y0.fits: Unknown error
Warning(bin.c:516): write 2880 bytes to evlpsfcl_1_x0_y0.fits failed
Warning(bin.c:516): write 2880 bytes to evlpsfcl_1_x0_y0.fits failed
Warning(bin.c:516): write 2880 bytes to evlpsfcl_1_x0_y0.fits failed
Warning(bin.c:516): write 2880 bytes to evlpsfcl_1_x0_y0.fits failed
Warning(bin.c:516): write 2880 bytes to evlpsfcl_1_x0_y0.fits failed
Warning(bin.c:516): write 2880 bytes to evlpsfcl_1_x0_y0.fits failed
Warning(bin.c:516): write 2880 bytes to evlpsfcl_1_x0_y0.fits failed
Warning(bin.c:516): write 2880 bytes to evlpsfcl_1_x0_y0.fits failed
Warning(bin.c:516): write 2880 bytes to evlpsfcl_1_x0_y0.fits failed
Warning(bin.c:516): write 2880 bytes to evlpsfcl_1_x0_y0.fits failed
Warning(bin.c:516): write 2880 bytes to evlpsfcl_1_x0_y0.fits failed
Warning(bin.c:516): write 2880 bytes to evlpsfcl_1_x0_y0.fits failed
Warning(bin.c:516): write 2880 bytes to evlpsfcl_1_x0_y0.fits failed
Warning(bin.c:516): write 2880 bytes to evlpsfcl_1_x0_y0.fits failed
Warning(bin.c:516): write 2880 bytes to evlpsfcl_1_x0_y0.fits failed
Warning(bin.c:516): write 2880 bytes to evlpsfcl_1_x0_y0.fits failed
Warning(bin.c:516): write 2880 bytes to evlpsfcl_1_x0_y0.fits failed
Step  1599: OL  851.5  219.3  OA  140.4  24.6 CL  140.4  24.6 nm  0.816 s
Mean: 131.71 17.45 130.55  nm.

*** Simulation Finished at 2025/02/12 00:44:19 in nid008652. ***

