Warning(sock.c:516): connect locally (/global/homes/b/bpeck/.aos/tmp/nid008236/scheduler) failed: Invalid argument. 
/global/u2/b/bpeck/work/vismcao/maos -o studies/reduced_ngs/7_lgs/8mag_lgs/3000count -c master_files/reduced_ngs/7_lgs/8mag_lgs/kola_3000act.conf -O 
Output folder is 'studies/reduced_ngs/7_lgs/8mag_lgs/3000count'.
SRC: /global/homes/b/bpeck/code/maos v2.9 4c88b7c2 2024-11-13 16:45:33 -0800
BUILT: /global/homes/b/bpeck/code/maos/optim by GCC (v12) on 2024/11/18 09:40:03 CPU(F64,+O3) with CUDA(v122,F32)
Launched at 2025/02/12 00:17:21 in nid008236 with PID 36878.
The web based job monitor can be accessed at http://localhost:10300
Main config file is /global/u2/b/bpeck/work/vismcao/master_files/reduced_ngs/7_lgs/8mag_lgs/kola_3000act.conf
Warning(path.c:48): Path not found: path=/global/u2/b/bpeck/work/vismcao/master_files/reduced_ngs/7_lgs/8mag_lgs/bin; abspath=/global/u2/b/bpeck/work/vismcao/master_files/reduced_ngs/7_lgs/8mag_lgs/bin; Ignored.
Warning(path.c:48): Path not found: path=/global/u2/b/bpeck/work/vismcao/master_files/reduced_ngs/7_lgs/8mag_lgs/atm; abspath=/global/u2/b/bpeck/work/vismcao/master_files/reduced_ngs/7_lgs/8mag_lgs/atm; Ignored.
Warning(readcfg.c:399): sim.apfsm has been renamed to powfs.apfsm.
Warning(readcfg.c:399): sim.epfsm has been renamed to powfs.epfsm.
Warning(readcfg.c:399): sim.alfsm has been renamed to powfs.alfsm.
Warning(readcfg.c:399): sim.commonfsm has been renamed to powfs.commonfsm.
Warning(readcfg.c:399): sim.idealfsm has been renamed to powfs.idealfsm.
Warning(readcfg.c:399): sim.zetafsm has been renamed to powfs.zetafsm.
Warning(readcfg.c:399): sim.f0fsm has been renamed to powfs.f0fsm.
Warning(readcfg.c:399): tsurf has been renamed to ncpa.tsurf.
loaded 132 (132 new) records from '/global/u2/b/bpeck/work/vismcao/./keck_sim.conf'
loaded  19 ( 19 new) records from '/global/u2/b/bpeck/work/vismcao/./dm_none.conf'
loaded  19 (  0 new) records from '/global/u2/b/bpeck/work/vismcao/./keck_ASM.conf'
loaded  19 (  0 new) records from '/global/u2/b/bpeck/work/vismcao/./keck_DM2.conf'
loaded  19 (  0 new) records from '/global/u2/b/bpeck/work/vismcao/./keck_DM3.conf'
loaded   0 (  0 new) records from '/global/u2/b/bpeck/work/vismcao/./keck_dm_multiple.conf'
loaded   7 (  5 new) records from '/global/u2/b/bpeck/work/vismcao/./atm_mk13n50p_ground_detail.conf'
loaded  76 ( 69 new) records from '/global/homes/b/bpeck/code/maos/config/maos/powfs_common.conf'
loaded  44 ( 38 new) records from '/global/u2/b/bpeck/work/vismcao/./powfs_none.conf'
loaded  44 (  0 new) records from '/global/u2/b/bpeck/work/vismcao/./keck_shwfs_lgs.conf'
loaded  44 (  0 new) records from '/global/u2/b/bpeck/work/vismcao/./keck_shwfs_ttf_strap.conf'
loaded  44 (  0 new) records from '/global/u2/b/bpeck/work/vismcao/./keck_shwfs_twfs_lbwfs.conf'
loaded   0 (  0 new) records from '/global/u2/b/bpeck/work/vismcao/./keck_wfs_lgs_strap_lbwfs.conf'
loaded  71 ( 71 new) records from '/global/u2/b/bpeck/work/vismcao/./keck_recon.conf'
Warning(readcfg.c:399): dbg.na_smooth has been renamed to powfs0_llt.na_smooth.
Warning(readcfg.c:399): dbg.na_interp has been renamed to powfs0_llt.na_interp.
Warning(readcfg.c:399): dbg.na_thres has been renamed to powfs0_llt.na_thres.
Warning(readcfg.c:399): dbg.na_fit_maxit has been renamed to powfs0_llt.na_fit_maxit.
Warning(readcfg.c:399): dbg.na_fit_svdthres has been renamed to powfs0_llt.na_fit_svdthres.
Warning(readcfg.c:399): dbg.na_fit_dh has been renamed to powfs0_llt.na_fit_dh.
Warning(readcfg.c:399): dbg.ncpa_preload has been renamed to ncpa.preload.
Warning(readcfg.c:399): dbg.ncpa_rmsci has been renamed to ncpa.rmsci.
Warning(readcfg.c:399): dbg.draw_opdmax has been renamed to plot.opdmax.
Warning(readcfg.c:399): dbg.draw_gmax has been renamed to plot.gmax.
loaded  95 ( 93 new) records from '/global/u2/b/bpeck/work/vismcao/./keck_dbg.conf'
loaded   4 (  4 new) records from '/global/u2/b/bpeck/work/vismcao/./keck_fit_mcao.conf'
Warning(readcfg.c:399): surf has been renamed to ncpa.surf.
loaded  39 (  7 new) records from '/global/u2/b/bpeck/work/vismcao/master_files/reduced_ngs/7_lgs/8mag_lgs/kola_3000act.conf'
loaded   0 (  0 new) records from 'command line'
loaded  24 ( 18 new) records from '/global/u2/b/bpeck/work/vismcao/./keck_llt_CL.conf'
Adjust LGS range by telescope altitude 4145m.
Zenith angle is 30 degree.
    Scaling turbulence height and LGS hs by sec(za).
    Scaling r0 by cos(za)^(3/5).
    Scaling wind speed and LGS signal level by cos(za).
powfs0: Adjusting dx from 0.0078125 to 0.00809091. 
powfs0.llt.fsm: f0=0 Hz, LPF ep=0
powfs0.epfsm is set to 0.517618 (auto)
powfs2: Adjusting dx from 0.03125 to 0.0312778. 
powfs2 is TWFS for powfs0
sim.ephi is set to 0.427717 (auto)
sim.eplo is set to 0.427717 (auto)
Warning(parms.c:2296): Layer 1 at 17.3205m is very close to layer 0 at 0m (OK).
Warning(parms.c:2296): Layer 2 at 34.641m is very close to layer 1 at 17.3205m (OK).
Warning(parms.c:2296): Layer 3 at 51.9615m is very close to layer 2 at 34.641m (OK).
dm 0: stroke=30 um is provided in micron.
dm 0: assume ia stroke=2 um is provided in micron.
dm 1: stroke=7 um is provided in micron.
dm 1: assume ia stroke=2 um is provided in micron.
dm 2: stroke=7 um is provided in micron.
dm 2: assume ia stroke=2 um is provided in micron.
Focus blending is not implemented yet for integrated tomography
parms->sim.mffocus is reset to 0
There are 1 valid simulation seeds:  1
Output PSF for 1 directions
Used 449 of 456 supplied keys
Warning(readcfg.c:158): key "dbg.pwfs_flate" is not recognized, value is 0
Warning(readcfg.c:158): key "dbg.pwfs_flatv" is not recognized, value is 0
Warning(readcfg.c:158): key "dbg.pwfs_psx" is not recognized, value is [0 0 0 0]
Warning(readcfg.c:158): key "dbg.pwfs_psy" is not recognized, value is [0 0 0 0]
Warning(readcfg.c:158): key "dbg.pwfs_pupelong" is not recognized, value is 0
Warning(readcfg.c:158): key "dbg.pwfs_raw" is not recognized, value is 0
Warning(readcfg.c:158): key "dbg.pwfs_side" is not recognized, value is 4
[00;00mAperture[00;00m is 11 m with sampling 1/128 m
[00;00mTurbulence at 30 degree zenith angle:[00;00m r0=0.128424m, L0=30m, 14 layers.
    Greenwood freq is 25.1Hz, anisoplanatic angle is 1.58 as
    Sampled 8192x8192 at 1/128m. wind dir is randomized.
    layer 0: ht=      0 m, wt= 0.302, ws=  4.8 m/s
    layer 1: ht=     17 m, wt= 0.154, ws=  5.0 m/s
    layer 2: ht=     35 m, wt= 0.041, ws=  5.4 m/s
    layer 3: ht=     52 m, wt= 0.002, ws=  6.6 m/s
    layer 4: ht=    139 m, wt= 0.021, ws=  6.1 m/s
    layer 5: ht=    231 m, wt= 0.010, ws=  6.1 m/s
    layer 6: ht=    323 m, wt= 0.008, ws=  6.1 m/s
    layer 7: ht=    416 m, wt= 0.005, ws=  6.1 m/s
    layer 8: ht=    508 m, wt= 0.001, ws=  6.1 m/s
    layer 9: ht=    932 m, wt= 0.107, ws=  5.6 m/s
    layer 10: ht=   5022 m, wt= 0.144, ws= 11.1 m/s
    layer 11: ht=   9238 m, wt= 0.093, ws= 19.1 m/s
    layer 12: ht=  13856 m, wt= 0.075, ws=  8.2 m/s
    layer 13: ht=  22518 m, wt= 0.036, ws=  4.8 m/s
[00;00mReconstruction[00;00m: r0=0.128424m L0=30m. 14 layers. use cone coordinate.
    layer 0: ht=      0 m, wt= 0.302
    layer 1: ht=     17 m, wt= 0.154
    layer 2: ht=     35 m, wt= 0.041
    layer 3: ht=     52 m, wt= 0.002
    layer 4: ht=    139 m, wt= 0.021
    layer 5: ht=    231 m, wt= 0.010
    layer 6: ht=    323 m, wt= 0.008
    layer 7: ht=    416 m, wt= 0.005
    layer 8: ht=    508 m, wt= 0.001
    layer 9: ht=    932 m, wt= 0.107
    layer 10: ht=   5022 m, wt= 0.144
    layer 11: ht=   9238 m, wt= 0.093
    layer 12: ht=  13856 m, wt= 0.075
    layer 13: ht=  22518 m, wt= 0.036
[00;00mThere are 3 powfs[00;00m
  powfs0: Order 62, LGS at 99.1 km. Sampling 1/123.596 m. Thres 30%. [00;00mT/T is removed in right hand side in tomography.[00;00m
    CCD image is 25x25 @ 500x500 mas, blur 27% (sigma), 1500Hz, wvl: [ 5.89e-07]
    Gtilt in reconstruction. Physical optics start at 0 with [00;00m'matched filter'[00;00m [00;00m(noisy)[00;00m
  powfs1: Order  2, NGS at inf km. Sampling 1/16 m. Thres 30%. 
    Ztilt in reconstruction. Geomtric optics start at 2 with ztilt [00;00m(noisy)[00;00m
  powfs2: Order 20, NGS at inf km. Sampling 1/31.9716 m. Thres 50%. 
    CCD image is 4x4 @ 1500x1500 mas, blur 0% (sigma), 0.015Hz, wvl: [ 7.2e-07]
    Gtilt in reconstruction. Geomtric optics start at 50 with gtilt Physical optics start at 0 with [00;00m'matched filter'[00;00m [00;00m(noisy)[00;00m
[00;00mThere are 11 wfs[00;00m
    wfs 0: type 0, at (  30.00,    0.00) arcsec,  99 km, siglev is 37.9899 bkgrnd is 0.1
    wfs 1: type 0, at (  18.70,   23.45) arcsec,  99 km, siglev is 37.9899 bkgrnd is 0.1
    wfs 2: type 0, at (  -6.68,   29.25) arcsec,  99 km, siglev is 37.9899 bkgrnd is 0.1
    wfs 3: type 0, at ( -27.03,   13.02) arcsec,  99 km, siglev is 37.9899 bkgrnd is 0.1
    wfs 4: type 0, at ( -27.03,  -13.02) arcsec,  99 km, siglev is 37.9899 bkgrnd is 0.1
    wfs 5: type 0, at (  -6.68,  -29.25) arcsec,  99 km, siglev is 37.9899 bkgrnd is 0.1
    wfs 6: type 0, at (  18.70,  -23.45) arcsec,  99 km, siglev is 37.9899 bkgrnd is 0.1
    wfs 7: type 1, at (   5.00,    8.66) arcsec, inf km, siglev is 42387.6 bkgrnd is 1.056
    wfs 8: type 1, at ( -10.00,    0.00) arcsec, inf km, siglev is 42387.6 bkgrnd is 1.056
    wfs 9: type 1, at (   5.00,   -8.66) arcsec, inf km, siglev is 42387.6 bkgrnd is 1.056
    wfs 10: type 2, at (   0.00,    0.00) arcsec, inf km, siglev is 4.1558e+06 bkgrnd is 0.001
[00;00mThere are 3 DMs[00;00m
  DM 0 at -0.1km, actuator pitch 0.178m, offset   0, with 30.000000 micron stroke.
    Normalized cubic influence function with inter-actuator coupling of 0.223
  DM 1 at    6km, actuator pitch 0.168m, offset   0, with 7.000000 micron stroke.
    Normalized cubic influence function with inter-actuator coupling of 0.223
  DM 2 at   10km, actuator pitch 0.168m, offset   0, with 7.000000 micron stroke.
    Normalized cubic influence function with inter-actuator coupling of 0.223
[00;00mTomography[00;00m is using CG, with [00;00mFourer Domain[00;00m preconditioner, [00;00m12[00;00m iterations, integrated tomo.
[00;00mDM Fitting [00;00mis using CG, with [00;00mNo[00;00m preconditioner, [00;00m10[00;00m iterations
[00;00mThere are 9 fit directions[00;00m
    Fit 0: weight is 0.444, at (   0.00,    0.00) arcsec
    Fit 1: weight is 0.111, at (  15.00,    0.00) arcsec
    Fit 2: weight is 0.111, at (   0.00,   15.00) arcsec
    Fit 3: weight is 0.111, at ( -15.00,    0.00) arcsec
    Fit 4: weight is 0.111, at (   0.00,  -15.00) arcsec
    Fit 5: weight is 0.028, at (  15.00,   15.00) arcsec
    Fit 6: weight is 0.028, at ( -15.00,   15.00) arcsec
    Fit 7: weight is 0.028, at ( -15.00,  -15.00) arcsec
    Fit 8: weight is 0.028, at (  15.00,  -15.00) arcsec
[00;00mThere are 1 evaluation directions[00;00m at sampling 1/128 m.
    Evl 0: weight is 1.000, at (   0.00,    0.00) arcsec
[00;00mSimulation[00;00m start at step 0, end at step 1600, with time step 1/1500s, [00;00mclose loop[00;00m.
After setup_parms:	120.5 MiB.
Warning(sock.c:516): connect locally (/global/homes/b/bpeck/.aos/tmp/nid008236/scheduler) failed: Invalid argument. 
CUDA: minimum memory requirement is 0.3GB
GPU 0 is NVIDIA A100-SXM4-80GB with arch 8.0, 78.6GB free, 79.0GB total device memory.
Using GPU 0
Use 1 GPUs for WFS Tomo Fit Evl

*** Preparation started at 2025/02/12 00:17:23 in nid008236. ***

Using OpenMP version 201511 with 128 threads
Reading aperture amplitude map from KECK.fits
Warning(accphi.c:477): 108351 points not covered by input screen
Warning(sock.c:516): connect locally (/global/homes/b/bpeck/.aos/tmp/nid008236/scheduler) failed: Invalid argument. 
 ->maos.c:447->setup.c:148->aper.c:74->utils.c:478->accphi.c:478
iwvl 0: Science PSF is using grid size of 2880. The PSF will sum to 6.95167232825486
iwvl 1: Science PSF is using grid size of 2880. The PSF will sum to 6.95167232825486
iwvl 2: Science PSF is using grid size of 2880. The PSF will sum to 6.95167232825486
iwvl 3: Science PSF is using grid size of 2880. The PSF will sum to 6.95167232825486
iwvl 4: Science PSF is using grid size of 2880. The PSF will sum to 6.95167232825486
iwvl 5: Science PSF is using grid size of 2880. The PSF will sum to 6.95167232825486
iwvl 6: Science PSF is using grid size of 2880. The PSF will sum to 6.95167232825486
iwvl 7: Science PSF is using grid size of 2880. The PSF will sum to 6.95167232825486
iwvl 8: Science PSF is using grid size of 2880. The PSF will sum to 6.95167232825486
After setup_aper:	344.8 MiB.

[00;00mSetting up powfs 0 geom[00;00m

There are 22 points in each subaperture of 0.178m.
There are 2360 valid subaperture.

[00;00mSetting up powfs 1 geom[00;00m

There are 88 points in each subaperture of 5.5m.
There are 4 valid subaperture.

[00;00mSetting up powfs 2 geom[00;00m

There are 18 points in each subaperture of 0.563m.
There are 236 valid subaperture.
After setup_powfs_init:	416.7 MiB.

[00;00mSetting up reconstructor geometry.[00;00m

PLOC is 127x127, with sampling of 0.09m (square)
    DM 0: grid is 67 x 67
    DM 1: grid is 75 x 75
    DM 2: grid is 80 x 79
FLOC is 127x127, with sampling of 0.09m (not square)
Tomography grid is square:
    layer 0: xloc grid is 224 x 224, sampling is 0.089 m, 50176 points
    layer 1: xloc grid is 224 x 224, sampling is 0.089 m, 50176 points
    layer 2: xloc grid is 224 x 224, sampling is 0.089 m, 50176 points
    layer 3: xloc grid is 224 x 224, sampling is 0.089 m, 50176 points
    layer 4: xloc grid is 224 x 224, sampling is 0.089 m, 50176 points
    layer 5: xloc grid is 224 x 224, sampling is 0.089 m, 50176 points
    layer 6: xloc grid is 224 x 224, sampling is 0.089 m, 50176 points
    layer 7: xloc grid is 224 x 224, sampling is 0.089 m, 50176 points
    layer 8: xloc grid is 224 x 224, sampling is 0.089 m, 50176 points
    layer 9: xloc grid is 224 x 224, sampling is 0.088 m, 50176 points
    layer 10: xloc grid is 224 x 224, sampling is 0.084 m, 50176 points
    layer 11: xloc grid is 224 x 224, sampling is 0.081 m, 50176 points
    layer 12: xloc grid is 224 x 224, sampling is 0.077 m, 50176 points
    layer 13: xloc grid is 224 x 224, sampling is 0.069 m, 50176 points

[00;00mSetting up powfs 0 PO WFS[00;00m

OTF dimension is 48x48 (calculated)
There is no bias
Uplink FWHM (illt 0, iwvl 0) is 0.577526"
Downlink FWHM (illt 0, iwvl 0) is 1.12996"
Generating matched filter for powfs 0
sa index   location       noise equivalent angle
    1178: (  4.8,  -0.2) m, (113.97, 110.64) mas
    1172: (  3.7,  -0.2) m, (120.83, 111.85) mas
    1166: (  2.7,  -0.2) m, (132.43, 113.30) mas
    1160: (  1.6,  -0.2) m, (148.74, 114.57) mas
    1158: (  1.2,  -0.2) m, (154.63, 114.94) mas
     821: ( -0.5,  -1.4) m, (181.16, 119.19) mas
    1155: ( -1.8,  -0.2) m, (194.50, 117.62) mas
    1149: ( -2.8,  -0.2) m, (208.51, 118.57) mas
    1143: ( -3.9,  -0.2) m, (224.73, 119.54) mas
    1137: ( -5.0,  -0.2) m, (242.51, 120.51) mas
    1135: ( -5.3,  -0.2) m, (248.24, 120.83) mas
sa index   location       noise equivalent angle
    2224: (  2.8,   3.9) m, (112.28, 112.19) mas
    2114: (  2.7,   3.4) m, (117.48, 118.16) mas
    1895: (  2.0,   2.5) m, (118.60, 121.64) mas
    1654: (  1.2,   1.6) m, (125.14, 130.99) mas
    1493: (  0.9,   1.1) m, (128.98, 137.99) mas
     876: (  0.5,  -1.2) m, (142.66, 183.89) mas
     871: ( -1.1,  -1.2) m, (152.20, 169.64) mas
     710: ( -1.4,  -1.8) m, (157.28, 176.92) mas
     467: ( -2.1,  -2.7) m, (166.90, 187.93) mas
     248: ( -2.8,  -3.6) m, (183.59, 206.97) mas
     102: ( -3.0,  -4.3) m, (179.05, 209.22) mas
sa index   location       noise equivalent angle
    2274: ( -1.1,   4.3) m, (111.36, 116.11) mas
    1924: ( -0.7,   2.7) m, (114.16, 130.04) mas
    1746: ( -0.5,   2.0) m, (122.31, 150.43) mas
    1539: ( -0.4,   1.2) m, (116.95, 151.93) mas
    1110: (  1.2,  -0.4) m, (127.57, 177.42) mas
     825: (  0.2,  -1.4) m, (121.44, 190.93) mas
     438: (  0.5,  -2.8) m, (124.69, 210.73) mas
     268: (  0.7,  -3.6) m, (126.46, 221.76) mas
      88: (  0.9,  -4.5) m, (128.46, 236.74) mas
      26: (  2.1,  -4.8) m, (139.67, 242.07) mas
sa index   location       noise equivalent angle
    1627: ( -3.6,   1.6) m, (119.24, 113.59) mas
    1478: ( -2.5,   1.1) m, (130.40, 117.71) mas
    1435: ( -2.1,   0.9) m, (134.94, 119.15) mas
    1349: ( -1.4,   0.5) m, (146.13, 122.63) mas
    1444: (  0.9,   0.9) m, (180.44, 121.35) mas
    1014: (  1.2,  -0.7) m, (185.77, 134.05) mas
     929: (  2.0,  -1.1) m, (194.84, 138.43) mas
     839: (  2.7,  -1.4) m, (203.93, 143.04) mas
     686: (  3.7,  -2.0) m, (218.10, 150.09) mas
    1084: (  5.2,  -0.5) m, (244.26, 135.77) mas
sa index   location       noise equivalent angle
     698: ( -3.6,  -1.8) m, (119.24, 113.59) mas
     863: ( -2.5,  -1.2) m, (130.40, 117.71) mas
     914: ( -2.1,  -1.1) m, (134.94, 119.15) mas
    1011: ( -1.4,  -0.7) m, (145.66, 122.11) mas
     923: (  0.9,  -1.1) m, (180.44, 121.35) mas
    1352: (  1.2,   0.5) m, (186.05, 134.33) mas
    1450: (  2.0,   0.9) m, (194.84, 138.43) mas
    1556: (  2.7,   1.2) m, (203.93, 143.04) mas
    1720: (  3.7,   1.8) m, (218.10, 150.09) mas
    1326: (  5.2,   0.4) m, (245.07, 136.46) mas
sa index   location       noise equivalent angle
      77: ( -1.1,  -4.5) m, (111.36, 116.11) mas
     431: ( -0.7,  -2.8) m, (114.16, 130.04) mas
     612: ( -0.5,  -2.1) m, (122.41, 150.22) mas
     822: ( -0.4,  -1.4) m, (116.95, 151.93) mas
    1254: (  1.2,   0.2) m, (127.57, 177.42) mas
    1542: (  0.2,   1.2) m, (121.44, 190.92) mas
    1931: (  0.5,   2.7) m, (124.69, 210.72) mas
    2103: (  0.7,   3.4) m, (126.46, 221.76) mas
    2285: (  0.9,   4.3) m, (128.46, 236.74) mas
    2349: (  2.1,   4.6) m, (139.67, 242.06) mas
sa index   location       noise equivalent angle
     171: (  2.8,  -4.1) m, (112.28, 112.19) mas
     279: (  2.7,  -3.6) m, (118.24, 119.07) mas
     490: (  2.0,  -2.7) m, (118.60, 121.64) mas
     725: (  1.2,  -1.8) m, (125.14, 130.99) mas
     878: (  0.9,  -1.2) m, (128.98, 137.99) mas
    1491: (  0.5,   1.1) m, (138.72, 178.94) mas
    1486: ( -1.1,   1.1) m, (152.20, 169.63) mas
    1639: ( -1.4,   1.6) m, (157.28, 176.92) mas
    1872: ( -2.1,   2.5) m, (166.90, 187.93) mas
    2083: ( -2.8,   3.4) m, (182.52, 205.59) mas
    2227: ( -3.0,   4.1) m, (179.05, 209.22) mas

[00;00mSetting up powfs 2 PO WFS[00;00m

OTF dimension is 48x48 (calculated)
Generating matched filter for powfs 2
Use sanea to derive neasim
Use sanea to derive neasim

[00;00mSetting up reconstructor[00;00m

Recon NEA: cmf(156.09) cmf(156.26) cmf(155.78) cmf(156.10) cmf(156.06) cmf(155.71) cmf(156.21) geom(0.31) geom(0.31) geom(0.31) mf(0.14)  mas
Setup or update control matrix parameters.
RRtwfs svd threshold is 1e-10
Replacing HA by HA*fit->actextrap
Adding piston cr to fit matrix
Adding TT cr on upper DMs to fit matrix.
Before assembling fit matrix:	3865.7 MiB.
Building fit->FR
Building fit->FL
Adding tikhonov constraint of 1.0e-07 to FLM
The maximum eigen value is estimated to be around 3.0e-04
DM Fit number of Low rank terms: 16 in LHS
After assemble fit matrix:	5225.1 MiB.
After setup_recon:	5225.1 MiB.
GPU 0: mem used 1708 MB (wfs init)
GPU 0: mem used 2550 MB (recon init)
GPU 0: mem used 2580 MB (perf init)

*** Simulation started at 2025/02/12 00:18:51 in nid008236. ***

Running seed 1
GPU 0: mem used 2580 MB (wfs seeding)
Wind dir: 267.3 261.7 167.0 130.5 300.7  32.3 119.8 139.0 150.8 277.7 203.0 133.1  45.9 265.1 deg
Using /global/homes/b/bpeck/.aos/cache/atm/vonkarman_14_8192x8192_0.0078125_1115374592d.bin
After genatm:	5097.7 MiB.
Step     #  Open Loop  PR TT  On axis  PR TT  Field RMS PR TT     Timing 
Step     0: OL  884.6  248.3  OA  884.6 248.3 CL  884.6 248.3 nm  0.248 s
Step     3: OL  889.2  249.5  OA  699.2 539.6 CL  699.2 539.6 nm  0.046 s
Step    24: OL  922.1  257.1  OA  128.4  26.5 CL  128.4  26.5 nm  0.054 s
Step    42: OL  949.6  260.8  OA  129.7  14.4 CL  129.7  14.4 nm  0.055 s
Step    60: OL  976.2  260.8  OA  132.6  31.6 CL  132.6  31.6 nm  0.054 s
Step    78: OL 1003.3  258.9  OA  127.9  21.0 CL  127.9  21.0 nm  0.053 s
Step    97: OL 1032.6  257.6  OA  129.3  23.8 CL  129.3  23.8 nm  0.053 s
Step   115: OL 1060.3  258.0  OA  125.2   9.5 CL  125.2   9.5 nm  0.061 s
Step   134: OL 1087.8  261.5  OA  127.0  22.0 CL  127.0  22.0 nm  0.054 s
Step   153: OL 1112.4  268.7  OA  126.6   3.5 CL  126.6   3.5 nm  0.052 s
Step   171: OL 1131.6  278.5  OA  126.3  13.5 CL  126.3  13.5 nm  0.055 s
Step   189: OL 1146.1  289.9  OA  124.8   9.7 CL  124.8   9.7 nm  0.055 s
Step   206: OL 1155.4  300.8  OA  122.0   7.4 CL  122.0   7.4 nm  0.056 s
Step   225: OL 1161.5  313.0  OA  124.4  14.8 CL  124.4  14.8 nm  0.054 s
Step   243: OL 1162.4  325.0  OA  124.2  28.4 CL  124.2  28.4 nm  0.059 s
Step   255 updated high order loop gain: 0.366
Step   261: OL 1156.5  337.8  OA  121.5  22.3 CL  121.5  22.3 nm  0.054 s
Step   280: OL 1142.5  351.6  OA  124.1  22.3 CL  124.1  22.3 nm  0.053 s
Step   298: OL 1124.5  366.3  OA  123.5  32.2 CL  123.5  32.2 nm  0.058 s
Step   317: OL 1102.1  383.8  OA  124.8  30.4 CL  124.8  30.4 nm  0.054 s
Step   335: OL 1078.1  402.6  OA  121.1  21.3 CL  121.1  21.3 nm  0.060 s
Step   351: OL 1056.8  422.2  OA  124.4  30.0 CL  124.4  30.0 nm  0.054 s
Step   370: OL 1032.6  448.5  OA  126.6  23.6 CL  126.6  23.6 nm  0.054 s
Step   389: OL 1010.5  475.9  OA  129.1  36.1 CL  129.1  36.1 nm  0.053 s
Step   407: OL  990.2  501.7  OA  127.7  38.5 CL  127.7  38.5 nm  0.055 s
Step   425: OL  969.3  526.1  OA  120.8  23.3 CL  120.8  23.3 nm  0.059 s
Step   443: OL  949.2  549.8  OA  121.9  24.0 CL  121.9  24.0 nm  0.056 s
Step   456: OL  936.9  566.7  OA  130.3  38.4 CL  130.3  38.4 nm  0.053 s
Step   474: OL  925.8  590.2  OA  121.4  10.7 CL  121.4  10.7 nm  0.060 s
Step   493: OL  922.7  613.8  OA  124.8  25.6 CL  124.8  25.6 nm  0.054 s
Step   511: OL  925.3  634.0  OA  128.8  30.4 CL  128.8  30.4 nm  0.053 s
Step   511 updated high order loop gain: 0.351
Step   529: OL  931.7  650.5  OA  124.4  15.8 CL  124.4  15.8 nm  0.062 s
Step   548: OL  942.8  662.1  OA  121.8  14.9 CL  121.8  14.9 nm  0.061 s
Step   567: OL  958.6  668.4  OA  129.1  24.4 CL  129.1  24.4 nm  0.053 s
Step   586: OL  977.7  670.5  OA  122.3  10.9 CL  122.3  10.9 nm  0.052 s
Step   603: OL  997.3  668.0  OA  123.0  11.6 CL  123.0  11.6 nm  0.056 s
Step   621: OL 1018.9  660.2  OA  130.1  32.8 CL  130.1  32.8 nm  0.055 s
Step   639: OL 1039.7  647.8  OA  124.4   6.5 CL  124.4   6.5 nm  0.054 s
Step   654: OL 1055.4  634.8  OA  125.5   3.2 CL  125.5   3.2 nm  0.053 s
Step   673: OL 1073.0  615.7  OA  127.6  24.6 CL  127.6  24.6 nm  0.052 s
Step   691: OL 1088.2  596.8  OA  125.9  17.4 CL  125.9  17.4 nm  0.060 s
Step   709: OL 1100.0  576.1  OA  129.0  26.9 CL  129.0  26.9 nm  0.052 s
Step   726: OL 1106.3  555.1  OA  128.1  28.5 CL  128.1  28.5 nm  0.056 s
Step   744: OL 1107.3  532.9  OA  127.6  15.5 CL  127.6  15.5 nm  0.053 s
Step   763: OL 1102.2  510.3  OA  124.9   9.6 CL  124.9   9.6 nm  0.056 s
Step   767 updated high order loop gain: 0.341
Step   781: OL 1091.4  489.8  OA  125.4  16.3 CL  125.4  16.3 nm  0.067 s
Step   799: OL 1074.3  469.7  OA  124.3   3.7 CL  124.3   3.7 nm  0.051 s
Step   818: OL 1051.8  448.5  OA  125.5   1.6 CL  125.5   1.6 nm  0.051 s
Step   836: OL 1025.8  428.9  OA  132.0  20.7 CL  132.0  20.7 nm  0.061 s
Step   854: OL  997.6  410.7  OA  124.4  13.4 CL  124.4  13.4 nm  0.053 s
Step   872: OL  969.4  394.7  OA  123.5   3.5 CL  123.5   3.5 nm  0.053 s
Step   888: OL  945.7  382.8  OA  124.9  19.3 CL  124.9  19.3 nm  0.060 s
Step   906: OL  917.7  371.5  OA  121.0   5.9 CL  121.0   5.9 nm  0.057 s
Step   924: OL  888.6  362.5  OA  121.9  14.6 CL  121.9  14.6 nm  0.065 s
Step   942: OL  860.3  354.0  OA  124.6   5.5 CL  124.6   5.5 nm  0.053 s
Step   961: OL  832.5  344.4  OA  127.8  20.1 CL  127.8  20.1 nm  0.051 s
Step   979: OL  810.7  333.9  OA  121.2   5.0 CL  121.2   5.0 nm  0.059 s
Step   997: OL  792.3  321.8  OA  128.6  16.0 CL  128.6  16.0 nm  0.051 s
Step  1016: OL  775.3  307.5  OA  127.5   9.0 CL  127.5   9.0 nm  0.054 s
Step  1023 updated high order loop gain: 0.339
Step  1034: OL  762.5  293.3  OA  127.7  11.8 CL  127.7  11.8 nm  0.054 s
Step  1050: OL  753.0  279.5  OA  128.1  22.8 CL  128.1  22.8 nm  0.053 s
Step  1068: OL  742.7  261.8  OA  131.2  24.3 CL  131.2  24.3 nm  0.051 s
Step  1087: OL  735.9  240.0  OA  126.4  15.1 CL  126.4  15.1 nm  0.059 s
Step  1106: OL  733.3  219.1  OA  123.1  20.4 CL  123.1  20.4 nm  0.053 s
Step  1124: OL  733.0  201.8  OA  120.3  29.0 CL  120.3  29.0 nm  0.054 s
Step  1142: OL  733.6  188.2  OA  120.3  29.8 CL  120.3  29.8 nm  0.056 s
Step  1161: OL  734.5  177.6  OA  119.2  18.1 CL  119.2  18.1 nm  0.053 s
Step  1180: OL  735.8  171.3  OA  119.9  12.9 CL  119.9  12.9 nm  0.063 s
Step  1199: OL  739.8  167.2  OA  121.9  16.9 CL  121.9  16.9 nm  0.052 s
Step  1218: OL  744.3  164.1  OA  120.2  17.6 CL  120.2  17.6 nm  0.053 s
Step  1235: OL  748.0  163.7  OA  122.8  20.2 CL  122.8  20.2 nm  0.056 s
Step  1253: OL  751.1  166.9  OA  121.4  21.5 CL  121.4  21.5 nm  0.056 s
Step  1271: OL  755.5  174.3  OA  119.2  25.3 CL  119.2  25.3 nm  0.056 s
Step  1279 updated high order loop gain: 0.332
Step  1289: OL  761.8  184.4  OA  115.8  13.3 CL  115.8  13.3 nm  0.054 s
Step  1307: OL  768.8  196.7  OA  117.9  17.8 CL  117.9  17.8 nm  0.056 s
Step  1325: OL  775.5  210.9  OA  114.8   9.9 CL  114.8   9.9 nm  0.056 s
Step  1344: OL  784.4  227.9  OA  117.6   6.5 CL  117.6   6.5 nm  0.054 s
Step  1363: OL  796.6  244.5  OA  118.9  23.5 CL  118.9  23.5 nm  0.057 s
Step  1381: OL  810.2  256.9  OA  120.7  24.9 CL  120.7  24.9 nm  0.057 s
Step  1400: OL  826.8  266.2  OA  118.8   9.1 CL  118.8   9.1 nm  0.052 s
Step  1418: OL  844.8  272.0  OA  125.4  21.8 CL  125.4  21.8 nm  0.058 s
Step  1436: OL  863.2  276.1  OA  125.8  19.2 CL  125.8  19.2 nm  0.053 s
Step  1455: OL  880.9  279.0  OA  122.2   8.5 CL  122.2   8.5 nm  0.053 s
Step  1473: OL  894.6  279.0  OA  121.9  16.1 CL  121.9  16.1 nm  0.060 s
Step  1492: OL  901.7  275.4  OA  118.7   8.3 CL  118.7   8.3 nm  0.055 s
Step  1511: OL  901.8  268.2  OA  115.7   2.6 CL  115.7   2.6 nm  0.059 s
Step  1526: OL  898.4  260.9  OA  115.1  15.3 CL  115.1  15.3 nm  0.054 s
Step  1535 updated high order loop gain: 0.333
Step  1544: OL  890.1  249.8  OA  118.3  12.2 CL  118.3  12.2 nm  0.055 s
Step  1562: OL  880.0  237.9  OA  120.7   2.6 CL  120.7   2.6 nm  0.061 s
Step  1580: OL  868.9  227.6  OA  121.3   8.8 CL  121.3   8.8 nm  0.060 s
Step  1598: OL  856.8  219.6  OA  127.9  12.3 CL  127.9  12.3 nm  0.051 s
Step 1599: Output PSF
Step  1599: OL  856.1  219.2  OA  126.2  13.4 CL  126.2  13.4 nm  2.537 s
Mean: 123.52 18.15 122.18  nm.

*** Simulation Finished at 2025/02/12 00:20:34 in nid008236. ***

