Warning(sock.c:516): connect locally (/global/homes/b/bpeck/.aos/tmp/nid003257/scheduler) failed: Invalid argument. 
/global/u2/b/bpeck/work/vismcao/maos -o studies/misreg/8_lgs/8mag_lgs/3250count -c master_files/misreg/8_lgs/8mag_lgs/kola_3250act.conf -O 
Output folder is 'studies/misreg/8_lgs/8mag_lgs/3250count'.
SRC: /global/homes/b/bpeck/code/maos v2.9 4c88b7c2 2024-11-13 16:45:33 -0800
BUILT: /global/homes/b/bpeck/code/maos/optim by GCC (v12) on 2024/11/18 09:40:03 CPU(F64,+O3) with CUDA(v122,F32)
Launched at 2025/02/09 16:59:01 in nid003257 with PID 984687.
The web based job monitor can be accessed at http://localhost:10300
Main config file is /global/u2/b/bpeck/work/vismcao/master_files/misreg/8_lgs/8mag_lgs/kola_3250act.conf
Warning(path.c:48): Path not found: path=/global/u2/b/bpeck/work/vismcao/master_files/misreg/8_lgs/8mag_lgs/bin; abspath=/global/u2/b/bpeck/work/vismcao/master_files/misreg/8_lgs/8mag_lgs/bin; Ignored.
Warning(path.c:48): Path not found: path=/global/u2/b/bpeck/work/vismcao/master_files/misreg/8_lgs/8mag_lgs/atm; abspath=/global/u2/b/bpeck/work/vismcao/master_files/misreg/8_lgs/8mag_lgs/atm; Ignored.
Warning(readcfg.c:399): sim.apfsm has been renamed to powfs.apfsm.
Warning(readcfg.c:399): sim.epfsm has been renamed to powfs.epfsm.
Warning(readcfg.c:399): sim.alfsm has been renamed to powfs.alfsm.
Warning(readcfg.c:399): sim.commonfsm has been renamed to powfs.commonfsm.
Warning(readcfg.c:399): sim.idealfsm has been renamed to powfs.idealfsm.
Warning(readcfg.c:399): sim.zetafsm has been renamed to powfs.zetafsm.
Warning(readcfg.c:399): sim.f0fsm has been renamed to powfs.f0fsm.
Warning(readcfg.c:399): tsurf has been renamed to ncpa.tsurf.
loaded 132 (132 new) records from '/global/u2/b/bpeck/work/vismcao/./keck_sim.conf'
loaded  19 ( 19 new) records from '/global/u2/b/bpeck/work/vismcao/./dm_none.conf'
loaded  19 (  0 new) records from '/global/u2/b/bpeck/work/vismcao/./keck_ASM.conf'
loaded  19 (  0 new) records from '/global/u2/b/bpeck/work/vismcao/./keck_DM2.conf'
loaded  19 (  0 new) records from '/global/u2/b/bpeck/work/vismcao/./keck_DM3.conf'
loaded   0 (  0 new) records from '/global/u2/b/bpeck/work/vismcao/./keck_dm_multiple.conf'
loaded   7 (  5 new) records from '/global/u2/b/bpeck/work/vismcao/./atm_mk13n50p_ground_detail.conf'
loaded  76 ( 69 new) records from '/global/homes/b/bpeck/code/maos/config/maos/powfs_common.conf'
loaded  44 ( 38 new) records from '/global/u2/b/bpeck/work/vismcao/./powfs_none.conf'
loaded  44 (  0 new) records from '/global/u2/b/bpeck/work/vismcao/./keck_shwfs_lgs.conf'
loaded  44 (  0 new) records from '/global/u2/b/bpeck/work/vismcao/./keck_shwfs_ttf_strap.conf'
loaded  44 (  0 new) records from '/global/u2/b/bpeck/work/vismcao/./keck_shwfs_twfs_lbwfs.conf'
loaded   0 (  0 new) records from '/global/u2/b/bpeck/work/vismcao/./keck_wfs_lgs_strap_lbwfs.conf'
loaded  71 ( 71 new) records from '/global/u2/b/bpeck/work/vismcao/./keck_recon.conf'
Warning(readcfg.c:399): dbg.na_smooth has been renamed to powfs0_llt.na_smooth.
Warning(readcfg.c:399): dbg.na_interp has been renamed to powfs0_llt.na_interp.
Warning(readcfg.c:399): dbg.na_thres has been renamed to powfs0_llt.na_thres.
Warning(readcfg.c:399): dbg.na_fit_maxit has been renamed to powfs0_llt.na_fit_maxit.
Warning(readcfg.c:399): dbg.na_fit_svdthres has been renamed to powfs0_llt.na_fit_svdthres.
Warning(readcfg.c:399): dbg.na_fit_dh has been renamed to powfs0_llt.na_fit_dh.
Warning(readcfg.c:399): dbg.ncpa_preload has been renamed to ncpa.preload.
Warning(readcfg.c:399): dbg.ncpa_rmsci has been renamed to ncpa.rmsci.
Warning(readcfg.c:399): dbg.draw_opdmax has been renamed to plot.opdmax.
Warning(readcfg.c:399): dbg.draw_gmax has been renamed to plot.gmax.
loaded  95 ( 93 new) records from '/global/u2/b/bpeck/work/vismcao/./keck_dbg.conf'
loaded   4 (  4 new) records from '/global/u2/b/bpeck/work/vismcao/./keck_fit_mcao.conf'
Warning(readcfg.c:399): surf has been renamed to ncpa.surf.
loaded  39 (  7 new) records from '/global/u2/b/bpeck/work/vismcao/master_files/misreg/8_lgs/8mag_lgs/kola_3250act.conf'
loaded   0 (  0 new) records from 'command line'
loaded  24 ( 18 new) records from '/global/u2/b/bpeck/work/vismcao/./keck_llt_CL.conf'
Adjust LGS range by telescope altitude 4145m.
Zenith angle is 30 degree.
    Scaling turbulence height and LGS hs by sec(za).
    Scaling r0 by cos(za)^(3/5).
    Scaling wind speed and LGS signal level by cos(za).
powfs0: Adjusting dx from 0.0078125 to 0.00777273. 
powfs0.llt.fsm: f0=0 Hz, LPF ep=0
powfs0.epfsm is set to 0.517618 (auto)
powfs2: Adjusting dx from 0.03125 to 0.0312778. 
powfs2 is TWFS for powfs0
sim.ephi is set to 0.427717 (auto)
sim.eplo is set to 0.427717 (auto)
Warning(parms.c:2296): Layer 1 at 17.3205m is very close to layer 0 at 0m (OK).
Warning(parms.c:2296): Layer 2 at 34.641m is very close to layer 1 at 17.3205m (OK).
Warning(parms.c:2296): Layer 3 at 51.9615m is very close to layer 2 at 34.641m (OK).
dm 0: stroke=30 um is provided in micron.
dm 0: assume ia stroke=2 um is provided in micron.
dm 1: stroke=7 um is provided in micron.
dm 1: assume ia stroke=2 um is provided in micron.
dm 2: stroke=7 um is provided in micron.
dm 2: assume ia stroke=2 um is provided in micron.
Focus blending is not implemented yet for integrated tomography
parms->sim.mffocus is reset to 0
There are 1 valid simulation seeds:  1
Output PSF for 1 directions
Used 449 of 456 supplied keys
Warning(readcfg.c:158): key "dbg.pwfs_flate" is not recognized, value is 0
Warning(readcfg.c:158): key "dbg.pwfs_flatv" is not recognized, value is 0
Warning(readcfg.c:158): key "dbg.pwfs_psx" is not recognized, value is [0 0 0 0]
Warning(readcfg.c:158): key "dbg.pwfs_psy" is not recognized, value is [0 0 0 0]
Warning(readcfg.c:158): key "dbg.pwfs_pupelong" is not recognized, value is 0
Warning(readcfg.c:158): key "dbg.pwfs_raw" is not recognized, value is 0
Warning(readcfg.c:158): key "dbg.pwfs_side" is not recognized, value is 4
[00;00mAperture[00;00m is 11 m with sampling 1/128 m
[00;00mTurbulence at 30 degree zenith angle:[00;00m r0=0.128424m, L0=30m, 14 layers.
    Greenwood freq is 25.1Hz, anisoplanatic angle is 1.58 as
    Sampled 8192x8192 at 1/128m. wind dir is randomized.
    layer 0: ht=      0 m, wt= 0.302, ws=  4.8 m/s
    layer 1: ht=     17 m, wt= 0.154, ws=  5.0 m/s
    layer 2: ht=     35 m, wt= 0.041, ws=  5.4 m/s
    layer 3: ht=     52 m, wt= 0.002, ws=  6.6 m/s
    layer 4: ht=    139 m, wt= 0.021, ws=  6.1 m/s
    layer 5: ht=    231 m, wt= 0.010, ws=  6.1 m/s
    layer 6: ht=    323 m, wt= 0.008, ws=  6.1 m/s
    layer 7: ht=    416 m, wt= 0.005, ws=  6.1 m/s
    layer 8: ht=    508 m, wt= 0.001, ws=  6.1 m/s
    layer 9: ht=    932 m, wt= 0.107, ws=  5.6 m/s
    layer 10: ht=   5022 m, wt= 0.144, ws= 11.1 m/s
    layer 11: ht=   9238 m, wt= 0.093, ws= 19.1 m/s
    layer 12: ht=  13856 m, wt= 0.075, ws=  8.2 m/s
    layer 13: ht=  22518 m, wt= 0.036, ws=  4.8 m/s
[00;00mReconstruction[00;00m: r0=0.128424m L0=30m. 14 layers. use cone coordinate.
    layer 0: ht=      0 m, wt= 0.302
    layer 1: ht=     17 m, wt= 0.154
    layer 2: ht=     35 m, wt= 0.041
    layer 3: ht=     52 m, wt= 0.002
    layer 4: ht=    139 m, wt= 0.021
    layer 5: ht=    231 m, wt= 0.010
    layer 6: ht=    323 m, wt= 0.008
    layer 7: ht=    416 m, wt= 0.005
    layer 8: ht=    508 m, wt= 0.001
    layer 9: ht=    932 m, wt= 0.107
    layer 10: ht=   5022 m, wt= 0.144
    layer 11: ht=   9238 m, wt= 0.093
    layer 12: ht=  13856 m, wt= 0.075
    layer 13: ht=  22518 m, wt= 0.036
[00;00mThere are 3 powfs[00;00m
  powfs0: Order 65, LGS at 99.1 km. Sampling 1/128.655 m. Thres 30%. [00;00mT/T is removed in right hand side in tomography.[00;00m
    CCD image is 25x25 @ 500x500 mas, blur 27% (sigma), 1500Hz, wvl: [ 5.89e-07]
    Gtilt in reconstruction. Physical optics start at 0 with [00;00m'matched filter'[00;00m [00;00m(noisy)[00;00m
  powfs1: Order  2, NGS at inf km. Sampling 1/16 m. Thres 30%. 
    Ztilt in reconstruction. Geomtric optics start at 2 with ztilt [00;00m(noisy)[00;00m
  powfs2: Order 20, NGS at inf km. Sampling 1/31.9716 m. Thres 50%. 
    CCD image is 4x4 @ 1500x1500 mas, blur 0% (sigma), 0.015Hz, wvl: [ 7.2e-07]
    Gtilt in reconstruction. Geomtric optics start at 50 with gtilt Physical optics start at 0 with [00;00m'matched filter'[00;00m [00;00m(noisy)[00;00m
[00;00mThere are 12 wfs[00;00m
    wfs 0: type 0, at (  30.00,    0.00) arcsec,  99 km, siglev is 35.061 bkgrnd is 0.1
    wfs 1: type 0, at (  21.21,   21.21) arcsec,  99 km, siglev is 35.061 bkgrnd is 0.1
    wfs 2: type 0, at (   0.00,   30.00) arcsec,  99 km, siglev is 35.061 bkgrnd is 0.1
    wfs 3: type 0, at ( -21.21,   21.21) arcsec,  99 km, siglev is 35.061 bkgrnd is 0.1
    wfs 4: type 0, at ( -30.00,    0.00) arcsec,  99 km, siglev is 35.061 bkgrnd is 0.1
    wfs 5: type 0, at ( -21.21,  -21.21) arcsec,  99 km, siglev is 35.061 bkgrnd is 0.1
    wfs 6: type 0, at (   0.00,  -30.00) arcsec,  99 km, siglev is 35.061 bkgrnd is 0.1
    wfs 7: type 0, at (  21.21,  -21.21) arcsec,  99 km, siglev is 35.061 bkgrnd is 0.1
    wfs 8: type 1, at (  15.00,   25.98) arcsec, inf km, siglev is 42387.6 bkgrnd is 1.056
    wfs 9: type 1, at ( -30.00,    0.00) arcsec, inf km, siglev is 42387.6 bkgrnd is 1.056
    wfs 10: type 1, at (  15.00,  -25.98) arcsec, inf km, siglev is 42387.6 bkgrnd is 1.056
    wfs 11: type 2, at (   0.00,    0.00) arcsec, inf km, siglev is 4.1558e+06 bkgrnd is 0.001
[00;00mThere are 3 DMs[00;00m
  DM 0 at -0.1km, actuator pitch 0.171m, offset   0, with 30.000000 micron stroke.
    Normalized cubic influence function with inter-actuator coupling of 0.223
  DM 1 at    6km, actuator pitch 0.168m, offset   0, with 7.000000 micron stroke.
    Normalized cubic influence function with inter-actuator coupling of 0.223
  DM 2 at   10km, actuator pitch 0.168m, offset   0, with 7.000000 micron stroke.
    Normalized cubic influence function with inter-actuator coupling of 0.223
[00;00mTomography[00;00m is using CG, with [00;00mFourer Domain[00;00m preconditioner, [00;00m12[00;00m iterations, integrated tomo.
[00;00mDM Fitting [00;00mis using CG, with [00;00mNo[00;00m preconditioner, [00;00m10[00;00m iterations
[00;00mThere are 9 fit directions[00;00m
    Fit 0: weight is 0.444, at (   0.00,    0.00) arcsec
    Fit 1: weight is 0.111, at (  15.00,    0.00) arcsec
    Fit 2: weight is 0.111, at (   0.00,   15.00) arcsec
    Fit 3: weight is 0.111, at ( -15.00,    0.00) arcsec
    Fit 4: weight is 0.111, at (   0.00,  -15.00) arcsec
    Fit 5: weight is 0.028, at (  15.00,   15.00) arcsec
    Fit 6: weight is 0.028, at ( -15.00,   15.00) arcsec
    Fit 7: weight is 0.028, at ( -15.00,  -15.00) arcsec
    Fit 8: weight is 0.028, at (  15.00,  -15.00) arcsec
[00;00mThere are 1 evaluation directions[00;00m at sampling 1/128 m.
    Evl 0: weight is 1.000, at (   0.00,    0.00) arcsec
[00;00mSimulation[00;00m start at step 0, end at step 1600, with time step 1/1500s, [00;00mclose loop[00;00m.
After setup_parms:	120.5 MiB.
Warning(sock.c:516): connect locally (/global/homes/b/bpeck/.aos/tmp/nid003257/scheduler) failed: Invalid argument. 
CUDA: minimum memory requirement is 0.4GB
GPU 0 is NVIDIA A100-SXM4-40GB with arch 8.0, 38.9GB free, 39.3GB total device memory.
Using GPU 0
Use 1 GPUs for WFS Tomo Fit Evl

*** Preparation started at 2025/02/09 16:59:02 in nid003257. ***

Using OpenMP version 201511 with 128 threads
Reading aperture amplitude map from KECK.fits
Warning(accphi.c:477): 108296 points not covered by input screen
Warning(sock.c:516): connect locally (/global/homes/b/bpeck/.aos/tmp/nid003257/scheduler) failed: Invalid argument. 
 ->maos.c:447->setup.c:148->aper.c:74->utils.c:478->accphi.c:478
iwvl 0: Science PSF is using grid size of 2880. The PSF will sum to 6.95167232825486
iwvl 1: Science PSF is using grid size of 2880. The PSF will sum to 6.95167232825486
iwvl 2: Science PSF is using grid size of 2880. The PSF will sum to 6.95167232825486
iwvl 3: Science PSF is using grid size of 2880. The PSF will sum to 6.95167232825486
iwvl 4: Science PSF is using grid size of 2880. The PSF will sum to 6.95167232825486
iwvl 5: Science PSF is using grid size of 2880. The PSF will sum to 6.95167232825486
iwvl 6: Science PSF is using grid size of 2880. The PSF will sum to 6.95167232825486
iwvl 7: Science PSF is using grid size of 2880. The PSF will sum to 6.95167232825486
iwvl 8: Science PSF is using grid size of 2880. The PSF will sum to 6.95167232825486
After setup_aper:	343.1 MiB.

[00;00mSetting up powfs 0 geom[00;00m

There are 22 points in each subaperture of 0.171m.
There are 2565 valid subaperture.

[00;00mSetting up powfs 1 geom[00;00m

There are 88 points in each subaperture of 5.5m.
There are 4 valid subaperture.

[00;00mSetting up powfs 2 geom[00;00m

There are 18 points in each subaperture of 0.563m.
There are 236 valid subaperture.
After setup_powfs_init:	435.2 MiB.

[00;00mSetting up reconstructor geometry.[00;00m

PLOC is 133x133, with sampling of 0.09m (square)
    DM 0: grid is 68 x 68
    DM 1: grid is 77 x 79
    DM 2: grid is 84 x 85
FLOC is 133x133, with sampling of 0.09m (not square)
Tomography grid is square:
    layer 0: xloc grid is 280 x 280, sampling is 0.086 m, 78400 points
    layer 1: xloc grid is 280 x 280, sampling is 0.085 m, 78400 points
    layer 2: xloc grid is 280 x 280, sampling is 0.085 m, 78400 points
    layer 3: xloc grid is 280 x 280, sampling is 0.085 m, 78400 points
    layer 4: xloc grid is 280 x 280, sampling is 0.085 m, 78400 points
    layer 5: xloc grid is 280 x 280, sampling is 0.085 m, 78400 points
    layer 6: xloc grid is 280 x 280, sampling is 0.085 m, 78400 points
    layer 7: xloc grid is 280 x 280, sampling is 0.085 m, 78400 points
    layer 8: xloc grid is 280 x 280, sampling is 0.085 m, 78400 points
    layer 9: xloc grid is 280 x 280, sampling is 0.085 m, 78400 points
    layer 10: xloc grid is 280 x 280, sampling is 0.081 m, 78400 points
    layer 11: xloc grid is 280 x 280, sampling is 0.078 m, 78400 points
    layer 12: xloc grid is 280 x 280, sampling is 0.074 m, 78400 points
    layer 13: xloc grid is 280 x 280, sampling is 0.066 m, 78400 points

[00;00mSetting up powfs 0 PO WFS[00;00m

OTF dimension is 48x48 (calculated)
There is no bias
Uplink FWHM (illt 0, iwvl 0) is 0.577524"
Downlink FWHM (illt 0, iwvl 0) is 1.14505"
Generating matched filter for powfs 0
sa index   location       noise equivalent angle
    1254: (  4.9,  -0.3) m, (120.74, 117.26) mas
    1247: (  3.7,  -0.3) m, (128.70, 118.70) mas
    1241: (  2.7,  -0.3) m, (139.47, 120.35) mas
    1235: (  1.6,  -0.3) m, (152.88, 121.95) mas
    1233: (  1.3,  -0.3) m, (158.24, 122.46) mas
     879: ( -0.6,  -1.5) m, (191.50, 127.61) mas
    1229: ( -1.8,  -0.3) m, (208.30, 126.08) mas
    1223: ( -2.8,  -0.3) m, (221.14, 127.17) mas
    1216: ( -4.0,  -0.3) m, (236.80, 128.52) mas
    1210: ( -5.0,  -0.3) m, (252.49, 129.65) mas
    1208: ( -5.4,  -0.3) m, (258.62, 130.04) mas
sa index   location       noise equivalent angle
    2107: (  2.7,   2.7) m, (123.85, 123.85) mas
    1913: (  2.0,   2.0) m, (137.77, 139.00) mas
    1637: (  1.1,   1.1) m, (140.47, 140.47) mas
    1582: (  0.9,   0.9) m, (142.75, 142.75) mas
     938: (  0.6,  -1.3) m, (147.63, 172.94) mas
     930: ( -1.3,  -1.3) m, (172.09, 172.09) mas
     707: ( -2.0,  -2.0) m, (183.73, 183.68) mas
     459: ( -2.8,  -2.8) m, (195.44, 195.44) mas
     316: ( -3.3,  -3.3) m, (203.04, 203.04) mas
      88: ( -3.0,  -4.4) m, (198.48, 218.45) mas
sa index   location       noise equivalent angle
    2351: (  0.1,   3.7) m, (118.70, 128.70) mas
    2092: (  0.1,   2.7) m, (120.35, 139.47) mas
    1796: (  0.1,   1.6) m, (121.95, 152.88) mas
    1684: ( -0.3,   1.3) m, (122.46, 158.24) mas
    1128: ( -1.5,  -0.6) m, (127.61, 191.50) mas
     771: ( -0.3,  -1.8) m, (126.08, 208.30) mas
     474: ( -0.3,  -2.8) m, (127.17, 221.14) mas
     178: ( -0.3,  -4.0) m, (128.52, 236.80) mas
      69: (  0.1,  -4.5) m, (129.08, 244.04) mas
sa index   location       noise equivalent angle
    2121: ( -3.0,   2.8) m, (122.77, 122.77) mas
    1937: ( -2.3,   2.1) m, (135.85, 136.76) mas
    1624: ( -1.3,   1.1) m, (140.47, 140.47) mas
    1577: ( -1.1,   0.9) m, (142.75, 142.75) mas
    1436: (  1.1,   0.4) m, (185.17, 160.25) mas
     941: (  1.1,  -1.3) m, (172.09, 172.09) mas
     729: (  1.8,  -2.0) m, (183.01, 182.97) mas
     583: (  2.3,  -2.5) m, (208.51, 204.99) mas
     354: (  3.2,  -3.3) m, (203.04, 203.04) mas
     122: (  2.8,  -4.4) m, (198.48, 218.45) mas
sa index   location       noise equivalent angle
    1259: ( -5.4,  -0.1) m, (119.11, 116.86) mas
    1262: ( -4.9,  -0.1) m, (121.31, 117.31) mas
    1269: ( -3.7,  -0.1) m, (130.71, 118.96) mas
    1275: ( -2.7,  -0.1) m, (141.89, 120.57) mas
    1281: ( -1.6,  -0.1) m, (155.65, 122.10) mas
    1633: (  0.4,   1.1) m, (203.85, 136.85) mas
    1283: (  1.3,  -0.1) m, (203.78, 125.57) mas
    1286: (  1.8,  -0.1) m, (210.20, 126.06) mas
    1292: (  2.8,  -0.1) m, (223.48, 127.18) mas
    1299: (  4.0,  -0.1) m, (239.20, 128.49) mas
    1305: (  5.0,  -0.1) m, (255.49, 129.60) mas
sa index   location       noise equivalent angle
     316: ( -3.3,  -3.3) m, (120.23, 120.23) mas
     507: ( -2.7,  -2.7) m, (125.39, 125.39) mas
     707: ( -2.0,  -2.0) m, (133.11, 133.05) mas
     983: ( -1.1,  -1.1) m, (142.75, 142.75) mas
    1627: ( -0.8,   1.1) m, (147.63, 172.95) mas
    1582: (  0.9,   0.9) m, (169.84, 169.84) mas
    1693: (  1.3,   1.3) m, (174.58, 174.58) mas
    1913: (  2.0,   2.0) m, (195.89, 197.29) mas
    2155: (  2.8,   2.8) m, (198.15, 198.15) mas
    2478: (  2.8,   4.2) m, (198.48, 218.45) mas
sa index   location       noise equivalent angle
     217: (  0.1,  -3.8) m, (118.70, 128.70) mas
     476: (  0.1,  -2.8) m, (120.35, 139.47) mas
     773: (  0.1,  -1.8) m, (121.95, 152.88) mas
     881: ( -0.3,  -1.5) m, (122.46, 158.24) mas
    1436: (  1.1,   0.4) m, (136.85, 203.85) mas
    1794: ( -0.3,   1.6) m, (126.08, 208.30) mas
    2090: ( -0.3,   2.7) m, (127.17, 221.14) mas
    2386: ( -0.3,   3.8) m, (128.52, 236.79) mas
    2499: (  0.1,   4.4) m, (129.08, 244.03) mas
sa index   location       noise equivalent angle
     445: (  2.8,  -3.0) m, (122.77, 122.77) mas
     537: (  2.5,  -2.7) m, (125.39, 125.39) mas
     729: (  1.8,  -2.0) m, (132.73, 132.69) mas
     988: (  0.9,  -1.1) m, (142.75, 142.75) mas
    1633: (  0.4,   1.1) m, (160.25, 185.17) mas
    1577: ( -1.1,   0.9) m, (169.84, 169.84) mas
    1677: ( -1.5,   1.3) m, (174.58, 174.58) mas
    1889: ( -2.1,   2.0) m, (196.52, 197.79) mas
    2121: ( -3.0,   2.8) m, (198.15, 198.15) mas
    2444: ( -3.0,   4.2) m, (198.48, 218.45) mas

[00;00mSetting up powfs 2 PO WFS[00;00m

OTF dimension is 48x48 (calculated)
Generating matched filter for powfs 2
Use sanea to derive neasim
Use sanea to derive neasim

[00;00mSetting up reconstructor[00;00m

Recon NEA: cmf(165.49) cmf(166.16) cmf(165.27) cmf(165.82) cmf(165.06) cmf(165.77) cmf(165.21) cmf(166.11) geom(0.31) geom(0.31) geom(0.31) mf(0.14)  mas
Setup or update control matrix parameters.
RRtwfs svd threshold is 1e-10
Replacing HA by HA*fit->actextrap
Adding piston cr to fit matrix
Adding TT cr on upper DMs to fit matrix.
Before assembling fit matrix:	4780.4 MiB.
Building fit->FR
Building fit->FL
Adding tikhonov constraint of 1.0e-07 to FLM
The maximum eigen value is estimated to be around 2.8e-04
DM Fit number of Low rank terms: 16 in LHS
After assemble fit matrix:	6266.9 MiB.
After setup_recon:	6266.9 MiB.
GPU 0: mem used 1816 MB (wfs init)
GPU 0: mem used 2818 MB (recon init)
GPU 0: mem used 2848 MB (perf init)

*** Simulation started at 2025/02/09 17:01:10 in nid003257. ***

Running seed 1
GPU 0: mem used 2850 MB (wfs seeding)
Wind dir: 267.3 261.7 167.0 130.5 300.7  32.3 119.8 139.0 150.8 277.7 203.0 133.1  45.9 265.1 deg
Using /global/homes/b/bpeck/.aos/cache/atm/vonkarman_14_8192x8192_0.0078125_1115374592d.bin
After genatm:	6238.0 MiB.
Step     #  Open Loop  PR TT  On axis  PR TT  Field RMS PR TT     Timing 
Step     0: OL  884.6  248.3  OA  884.6 248.3 CL  884.6 248.3 nm  0.093 s
Step    17: OL  911.2  254.8  OA  142.2  73.7 CL  142.2  73.7 nm  0.054 s
Step    33: OL  936.3  259.4  OA  129.5  57.0 CL  129.5  57.0 nm  0.065 s
Step    48: OL  958.7  261.1  OA  133.9  63.7 CL  133.9  63.7 nm  0.080 s
Step    63: OL  980.8  260.5  OA  133.7  63.3 CL  133.7  63.3 nm  0.066 s
Step    78: OL 1003.4  258.9  OA  133.1  61.4 CL  133.1  61.4 nm  0.067 s
Step    94: OL 1028.1  257.7  OA  127.4  45.2 CL  127.4  45.2 nm  0.079 s
Step   109: OL 1051.1  257.6  OA  123.0  49.7 CL  123.0  49.7 nm  0.065 s
Step   124: OL 1073.6  259.1  OA  119.5  43.9 CL  119.5  43.9 nm  0.064 s
Step   139: OL 1094.5  263.0  OA  123.3  51.5 CL  123.3  51.5 nm  0.069 s
Step   154: OL 1113.4  269.2  OA  127.4  56.5 CL  127.4  56.5 nm  0.066 s
Step   169: OL 1129.5  277.3  OA  126.9  48.4 CL  126.9  48.4 nm  0.066 s
Step   184: OL 1142.5  286.6  OA  129.7  56.2 CL  129.7  56.2 nm  0.070 s
Step   199: OL 1151.7  296.3  OA  119.3  41.7 CL  119.3  41.7 nm  0.063 s
Step   214: OL 1158.5  305.8  OA  114.5  35.4 CL  114.5  35.4 nm  0.065 s
Step   229: OL 1162.1  315.6  OA  114.3  39.6 CL  114.3  39.6 nm  0.071 s
Step   244: OL 1162.4  325.7  OA  119.7  52.0 CL  119.7  52.0 nm  0.063 s
Step   255 updated high order loop gain: 0.374
Step   259: OL 1158.2  336.4  OA  120.0  41.1 CL  120.0  41.1 nm  0.067 s
Step   275: OL 1148.0  348.0  OA  122.7  49.9 CL  122.7  49.9 nm  0.071 s
Step   290: OL 1134.6  359.6  OA  122.8  50.1 CL  122.8  50.1 nm  0.064 s
Step   305: OL 1119.3  372.7  OA  126.9  59.9 CL  126.9  59.9 nm  0.067 s
Step   320: OL 1101.5  386.8  OA  119.4  35.4 CL  119.4  35.4 nm  0.069 s
Step   335: OL 1082.6  402.7  OA  114.5  34.6 CL  114.5  34.6 nm  0.066 s
Step   350: OL 1063.5  421.1  OA  122.1  58.6 CL  122.1  58.6 nm  0.066 s
Step   365: OL 1045.1  441.6  OA  122.0  47.6 CL  122.0  47.6 nm  0.069 s
Step   380: OL 1027.8  463.0  OA  120.2  43.6 CL  120.2  43.6 nm  0.065 s
Step   395: OL 1011.3  484.8  OA  115.2  34.4 CL  115.2  34.4 nm  0.067 s
Step   411: OL  993.7  507.5  OA  112.1  30.6 CL  112.1  30.6 nm  0.074 s
Step   426: OL  976.6  527.6  OA  111.4  28.6 CL  111.4  28.6 nm  0.065 s
Step   441: OL  960.2  547.5  OA  110.7  24.3 CL  110.7  24.3 nm  0.064 s
Step   456: OL  946.0  567.0  OA  116.4  24.5 CL  116.4  24.5 nm  0.082 s
Step   471: OL  936.0  586.6  OA  110.1  11.4 CL  110.1  11.4 nm  0.066 s
Step   487: OL  931.4  606.7  OA  119.0  25.2 CL  119.0  25.2 nm  0.065 s
Step   502: OL  931.6  624.5  OA  112.7  20.2 CL  112.7  20.2 nm  0.074 s
Step   511 updated high order loop gain: 0.359
Step   517: OL  934.5  640.3  OA  116.6  21.5 CL  116.6  21.5 nm  0.066 s
Step   532: OL  939.8  652.9  OA  116.2  30.4 CL  116.2  30.4 nm  0.065 s
Step   547: OL  947.9  661.9  OA  111.3  17.8 CL  111.3  17.8 nm  0.071 s
Step   563: OL  959.7  667.7  OA  113.8  28.5 CL  113.8  28.5 nm  0.063 s
Step   579: OL  973.9  670.5  OA  121.0  49.0 CL  121.0  49.0 nm  0.065 s
Step   594: OL  989.5  670.2  OA  110.1  22.0 CL  110.1  22.0 nm  0.066 s
Step   609: OL 1006.3  666.2  OA  109.5  22.0 CL  109.5  22.0 nm  0.065 s
Step   624: OL 1023.5  658.7  OA  110.7  36.5 CL  110.7  36.5 nm  0.064 s
Step   639: OL 1040.1  648.1  OA  113.5  39.5 CL  113.5  39.5 nm  0.076 s
Step   654: OL 1055.0  635.0  OA  117.2  31.1 CL  117.2  31.1 nm  0.066 s
Step   670: OL 1069.3  619.0  OA  114.7  33.6 CL  114.7  33.6 nm  0.071 s
Step   685: OL 1081.7  603.4  OA  113.3  20.5 CL  113.3  20.5 nm  0.066 s
Step   700: OL 1092.5  587.0  OA  119.0  36.2 CL  119.0  36.2 nm  0.067 s
Step   715: OL 1100.3  569.0  OA  112.3  23.7 CL  112.3  23.7 nm  0.066 s
Step   730: OL 1104.2  550.4  OA  111.8   3.4 CL  111.8   3.4 nm  0.066 s
Step   745: OL 1104.1  531.8  OA  113.1  13.8 CL  113.1  13.8 nm  0.065 s
Step   760: OL 1100.3  513.9  OA  116.3   3.4 CL  116.3   3.4 nm  0.065 s
Step   767 updated high order loop gain: 0.346
Step   775: OL 1092.8  496.7  OA  113.1   7.9 CL  113.1   7.9 nm  0.073 s
Step   790: OL 1080.9  479.9  OA  115.2   9.2 CL  115.2   9.2 nm  0.066 s
Step   805: OL 1065.3  463.1  OA  114.2  17.4 CL  114.2  17.4 nm  0.064 s
Step   819: OL 1048.0  447.5  OA  116.5   9.7 CL  116.5   9.7 nm  0.076 s
Step   834: OL 1026.4  431.1  OA  117.1  17.7 CL  117.1  17.7 nm  0.066 s
Step   849: OL 1003.3  415.7  OA  117.8  30.1 CL  117.8  30.1 nm  0.067 s
Step   864: OL  979.7  401.6  OA  112.1  26.1 CL  112.1  26.1 nm  0.074 s
Step   880: OL  955.8  388.6  OA  116.5  42.2 CL  116.5  42.2 nm  0.064 s
Step   895: OL  933.7  378.2  OA  118.4  47.5 CL  118.4  47.5 nm  0.064 s
Step   910: OL  910.3  369.4  OA  123.8  52.7 CL  123.8  52.7 nm  0.074 s
Step   925: OL  886.5  362.0  OA  119.1  44.9 CL  119.1  44.9 nm  0.065 s
Step   940: OL  863.0  354.9  OA  124.1  56.2 CL  124.1  56.2 nm  0.066 s
Step   955: OL  840.6  347.6  OA  127.0  64.1 CL  127.0  64.1 nm  0.075 s
Step   971: OL  819.8  338.8  OA  123.0  60.4 CL  123.0  60.4 nm  0.066 s
Step   986: OL  803.3  329.5  OA  127.0  65.4 CL  127.0  65.4 nm  0.066 s
Step  1001: OL  788.7  318.9  OA  127.8  62.9 CL  127.8  62.9 nm  0.064 s
Step  1016: OL  775.7  307.5  OA  125.3  56.6 CL  125.3  56.6 nm  0.066 s
Step  1023 updated high order loop gain: 0.340
Step  1031: OL  765.1  295.8  OA  131.4  65.3 CL  131.4  65.3 nm  0.065 s
Step  1046: OL  756.3  283.1  OA  133.8  72.4 CL  133.8  72.4 nm  0.079 s
Step  1061: OL  747.8  269.1  OA  131.4  64.2 CL  131.4  64.2 nm  0.064 s
Step  1076: OL  741.1  252.9  OA  135.2  67.7 CL  135.2  67.7 nm  0.064 s
Step  1091: OL  737.3  235.4  OA  131.4  67.7 CL  131.4  67.7 nm  0.079 s
Step  1106: OL  735.7  219.1  OA  140.5  80.9 CL  140.5  80.9 nm  0.065 s
Step  1122: OL  735.6  203.6  OA  134.0  73.6 CL  134.0  73.6 nm  0.068 s
Step  1137: OL  736.4  191.7  OA  130.3  71.6 CL  130.3  71.6 nm  0.073 s
Step  1152: OL  737.4  182.2  OA  133.9  77.5 CL  133.9  77.5 nm  0.068 s
Step  1167: OL  738.2  175.4  OA  127.7  65.4 CL  127.7  65.4 nm  0.066 s
Step  1182: OL  739.7  171.0  OA  126.3  64.9 CL  126.3  64.9 nm  0.075 s
Step  1197: OL  742.9  167.7  OA  117.1  47.3 CL  117.1  47.3 nm  0.065 s
Step  1212: OL  746.1  165.0  OA  122.5  53.6 CL  122.5  53.6 nm  0.064 s
Step  1227: OL  749.3  163.7  OA  119.9  44.2 CL  119.9  44.2 nm  0.072 s
Step  1242: OL  751.3  164.6  OA  121.2  46.4 CL  121.2  46.4 nm  0.066 s
Step  1257: OL  753.3  168.4  OA  119.9  54.4 CL  119.9  54.4 nm  0.066 s
Step  1272: OL  756.1  174.9  OA  123.6  58.0 CL  123.6  58.0 nm  0.068 s
Step  1279 updated high order loop gain: 0.338
Step  1287: OL  760.2  183.4  OA  120.8  40.3 CL  120.8  40.3 nm  0.066 s
Step  1302: OL  765.0  193.3  OA  117.4  38.6 CL  117.4  38.6 nm  0.067 s
Step  1317: OL  769.5  204.5  OA  121.1  47.2 CL  121.1  47.2 nm  0.064 s
Step  1332: OL  774.5  217.1  OA  117.4  48.2 CL  117.4  48.2 nm  0.067 s
Step  1347: OL  781.3  230.8  OA  127.4  65.3 CL  127.4  65.3 nm  0.065 s
Step  1362: OL  790.7  243.9  OA  121.5  55.1 CL  121.5  55.1 nm  0.066 s
Step  1377: OL  801.4  254.5  OA  124.8  59.5 CL  124.8  59.5 nm  0.071 s
Step  1392: OL  813.8  262.9  OA  124.5  63.9 CL  124.5  63.9 nm  0.064 s
Step  1408: OL  828.8  269.2  OA  126.7  61.5 CL  126.7  61.5 nm  0.072 s
Step  1423: OL  844.0  273.3  OA  128.5  67.6 CL  128.5  67.6 nm  0.068 s
Step  1438: OL  859.3  276.5  OA  126.9  66.2 CL  126.9  66.2 nm  0.068 s
Step  1453: OL  873.9  278.8  OA  120.4  52.8 CL  120.4  52.8 nm  0.071 s
Step  1468: OL  886.3  279.4  OA  119.9  57.3 CL  119.9  57.3 nm  0.066 s
Step  1483: OL  894.8  277.6  OA  126.1  63.4 CL  126.1  63.4 nm  0.063 s
Step  1498: OL  898.8  273.5  OA  126.7  67.6 CL  126.7  67.6 nm  0.068 s
Step  1514: OL  898.7  266.9  OA  123.7  64.0 CL  123.7  64.0 nm  0.065 s
Step  1529: OL  895.4  259.2  OA  123.5  59.8 CL  123.5  59.8 nm  0.066 s
Step  1535 updated high order loop gain: 0.336
Step  1544: OL  889.3  249.8  OA  122.6  54.2 CL  122.6  54.2 nm  0.073 s
Step  1559: OL  882.0  239.8  OA  127.7  65.5 CL  127.7  65.5 nm  0.066 s
Step  1574: OL  874.2  230.7  OA  132.0  74.5 CL  132.0  74.5 nm  0.068 s
Step  1589: OL  865.1  223.4  OA  129.2  64.0 CL  129.2  64.0 nm  0.069 s
Step 1599: Output PSF
Step  1599: OL  858.4  219.2  OA  130.0  64.3 CL  130.0  64.3 nm  3.886 s
Mean: 121.47 49.95 110.73  nm.

*** Simulation Finished at 2025/02/09 17:03:12 in nid003257. ***

