Warning(sock.c:516): connect locally (/global/homes/b/bpeck/.aos/tmp/nid003257/scheduler) failed: Invalid argument. 
/global/u2/b/bpeck/work/vismcao/maos -o studies/misreg/8_lgs/8mag_lgs/1250count -c master_files/misreg/8_lgs/8mag_lgs/kola_1250act.conf -O 
Output folder is 'studies/misreg/8_lgs/8mag_lgs/1250count'.
SRC: /global/homes/b/bpeck/code/maos v2.9 4c88b7c2 2024-11-13 16:45:33 -0800
BUILT: /global/homes/b/bpeck/code/maos/optim by GCC (v12) on 2024/11/18 09:40:03 CPU(F64,+O3) with CUDA(v122,F32)
Launched at 2025/02/09 16:32:23 in nid003257 with PID 978755.
The web based job monitor can be accessed at http://localhost:10300
Main config file is /global/u2/b/bpeck/work/vismcao/master_files/misreg/8_lgs/8mag_lgs/kola_1250act.conf
Warning(path.c:48): Path not found: path=/global/u2/b/bpeck/work/vismcao/master_files/misreg/8_lgs/8mag_lgs/bin; abspath=/global/u2/b/bpeck/work/vismcao/master_files/misreg/8_lgs/8mag_lgs/bin; Ignored.
Warning(path.c:48): Path not found: path=/global/u2/b/bpeck/work/vismcao/master_files/misreg/8_lgs/8mag_lgs/atm; abspath=/global/u2/b/bpeck/work/vismcao/master_files/misreg/8_lgs/8mag_lgs/atm; Ignored.
Warning(readcfg.c:399): sim.apfsm has been renamed to powfs.apfsm.
Warning(readcfg.c:399): sim.epfsm has been renamed to powfs.epfsm.
Warning(readcfg.c:399): sim.alfsm has been renamed to powfs.alfsm.
Warning(readcfg.c:399): sim.commonfsm has been renamed to powfs.commonfsm.
Warning(readcfg.c:399): sim.idealfsm has been renamed to powfs.idealfsm.
Warning(readcfg.c:399): sim.zetafsm has been renamed to powfs.zetafsm.
Warning(readcfg.c:399): sim.f0fsm has been renamed to powfs.f0fsm.
Warning(readcfg.c:399): tsurf has been renamed to ncpa.tsurf.
loaded 132 (132 new) records from '/global/u2/b/bpeck/work/vismcao/./keck_sim.conf'
loaded  19 ( 19 new) records from '/global/u2/b/bpeck/work/vismcao/./dm_none.conf'
loaded  19 (  0 new) records from '/global/u2/b/bpeck/work/vismcao/./keck_ASM.conf'
loaded  19 (  0 new) records from '/global/u2/b/bpeck/work/vismcao/./keck_DM2.conf'
loaded  19 (  0 new) records from '/global/u2/b/bpeck/work/vismcao/./keck_DM3.conf'
loaded   0 (  0 new) records from '/global/u2/b/bpeck/work/vismcao/./keck_dm_multiple.conf'
loaded   7 (  5 new) records from '/global/u2/b/bpeck/work/vismcao/./atm_mk13n50p_ground_detail.conf'
loaded  76 ( 69 new) records from '/global/homes/b/bpeck/code/maos/config/maos/powfs_common.conf'
loaded  44 ( 38 new) records from '/global/u2/b/bpeck/work/vismcao/./powfs_none.conf'
loaded  44 (  0 new) records from '/global/u2/b/bpeck/work/vismcao/./keck_shwfs_lgs.conf'
loaded  44 (  0 new) records from '/global/u2/b/bpeck/work/vismcao/./keck_shwfs_ttf_strap.conf'
loaded  44 (  0 new) records from '/global/u2/b/bpeck/work/vismcao/./keck_shwfs_twfs_lbwfs.conf'
loaded   0 (  0 new) records from '/global/u2/b/bpeck/work/vismcao/./keck_wfs_lgs_strap_lbwfs.conf'
loaded  71 ( 71 new) records from '/global/u2/b/bpeck/work/vismcao/./keck_recon.conf'
Warning(readcfg.c:399): dbg.na_smooth has been renamed to powfs0_llt.na_smooth.
Warning(readcfg.c:399): dbg.na_interp has been renamed to powfs0_llt.na_interp.
Warning(readcfg.c:399): dbg.na_thres has been renamed to powfs0_llt.na_thres.
Warning(readcfg.c:399): dbg.na_fit_maxit has been renamed to powfs0_llt.na_fit_maxit.
Warning(readcfg.c:399): dbg.na_fit_svdthres has been renamed to powfs0_llt.na_fit_svdthres.
Warning(readcfg.c:399): dbg.na_fit_dh has been renamed to powfs0_llt.na_fit_dh.
Warning(readcfg.c:399): dbg.ncpa_preload has been renamed to ncpa.preload.
Warning(readcfg.c:399): dbg.ncpa_rmsci has been renamed to ncpa.rmsci.
Warning(readcfg.c:399): dbg.draw_opdmax has been renamed to plot.opdmax.
Warning(readcfg.c:399): dbg.draw_gmax has been renamed to plot.gmax.
loaded  95 ( 93 new) records from '/global/u2/b/bpeck/work/vismcao/./keck_dbg.conf'
loaded   4 (  4 new) records from '/global/u2/b/bpeck/work/vismcao/./keck_fit_mcao.conf'
Warning(readcfg.c:399): surf has been renamed to ncpa.surf.
loaded  39 (  7 new) records from '/global/u2/b/bpeck/work/vismcao/master_files/misreg/8_lgs/8mag_lgs/kola_1250act.conf'
loaded   0 (  0 new) records from 'command line'
loaded  24 ( 18 new) records from '/global/u2/b/bpeck/work/vismcao/./keck_llt_CL.conf'
Adjust LGS range by telescope altitude 4145m.
Zenith angle is 30 degree.
    Scaling turbulence height and LGS hs by sec(za).
    Scaling r0 by cos(za)^(3/5).
    Scaling wind speed and LGS signal level by cos(za).
powfs0: Adjusting dx from 0.0078125 to 0.00766667. 
powfs0.llt.fsm: f0=0 Hz, LPF ep=0
powfs0.epfsm is set to 0.517618 (auto)
powfs2: Adjusting dx from 0.03125 to 0.0312778. 
powfs2 is TWFS for powfs0
sim.ephi is set to 0.427717 (auto)
sim.eplo is set to 0.427717 (auto)
Warning(parms.c:2296): Layer 1 at 17.3205m is very close to layer 0 at 0m (OK).
Warning(parms.c:2296): Layer 2 at 34.641m is very close to layer 1 at 17.3205m (OK).
Warning(parms.c:2296): Layer 3 at 51.9615m is very close to layer 2 at 34.641m (OK).
dm 0: stroke=30 um is provided in micron.
dm 0: assume ia stroke=2 um is provided in micron.
dm 1: stroke=7 um is provided in micron.
dm 1: assume ia stroke=2 um is provided in micron.
dm 2: stroke=7 um is provided in micron.
dm 2: assume ia stroke=2 um is provided in micron.
Focus blending is not implemented yet for integrated tomography
parms->sim.mffocus is reset to 0
There are 1 valid simulation seeds:  1
Output PSF for 1 directions
Used 449 of 456 supplied keys
Warning(readcfg.c:158): key "dbg.pwfs_flate" is not recognized, value is 0
Warning(readcfg.c:158): key "dbg.pwfs_flatv" is not recognized, value is 0
Warning(readcfg.c:158): key "dbg.pwfs_psx" is not recognized, value is [0 0 0 0]
Warning(readcfg.c:158): key "dbg.pwfs_psy" is not recognized, value is [0 0 0 0]
Warning(readcfg.c:158): key "dbg.pwfs_pupelong" is not recognized, value is 0
Warning(readcfg.c:158): key "dbg.pwfs_raw" is not recognized, value is 0
Warning(readcfg.c:158): key "dbg.pwfs_side" is not recognized, value is 4
[00;00mAperture[00;00m is 11 m with sampling 1/128 m
[00;00mTurbulence at 30 degree zenith angle:[00;00m r0=0.128424m, L0=30m, 14 layers.
    Greenwood freq is 25.1Hz, anisoplanatic angle is 1.58 as
    Sampled 8192x8192 at 1/128m. wind dir is randomized.
    layer 0: ht=      0 m, wt= 0.302, ws=  4.8 m/s
    layer 1: ht=     17 m, wt= 0.154, ws=  5.0 m/s
    layer 2: ht=     35 m, wt= 0.041, ws=  5.4 m/s
    layer 3: ht=     52 m, wt= 0.002, ws=  6.6 m/s
    layer 4: ht=    139 m, wt= 0.021, ws=  6.1 m/s
    layer 5: ht=    231 m, wt= 0.010, ws=  6.1 m/s
    layer 6: ht=    323 m, wt= 0.008, ws=  6.1 m/s
    layer 7: ht=    416 m, wt= 0.005, ws=  6.1 m/s
    layer 8: ht=    508 m, wt= 0.001, ws=  6.1 m/s
    layer 9: ht=    932 m, wt= 0.107, ws=  5.6 m/s
    layer 10: ht=   5022 m, wt= 0.144, ws= 11.1 m/s
    layer 11: ht=   9238 m, wt= 0.093, ws= 19.1 m/s
    layer 12: ht=  13856 m, wt= 0.075, ws=  8.2 m/s
    layer 13: ht=  22518 m, wt= 0.036, ws=  4.8 m/s
[00;00mReconstruction[00;00m: r0=0.128424m L0=30m. 14 layers. use cone coordinate.
    layer 0: ht=      0 m, wt= 0.302
    layer 1: ht=     17 m, wt= 0.154
    layer 2: ht=     35 m, wt= 0.041
    layer 3: ht=     52 m, wt= 0.002
    layer 4: ht=    139 m, wt= 0.021
    layer 5: ht=    231 m, wt= 0.010
    layer 6: ht=    323 m, wt= 0.008
    layer 7: ht=    416 m, wt= 0.005
    layer 8: ht=    508 m, wt= 0.001
    layer 9: ht=    932 m, wt= 0.107
    layer 10: ht=   5022 m, wt= 0.144
    layer 11: ht=   9238 m, wt= 0.093
    layer 12: ht=  13856 m, wt= 0.075
    layer 13: ht=  22518 m, wt= 0.036
[00;00mThere are 3 powfs[00;00m
  powfs0: Order 40, LGS at 99.1 km. Sampling 1/130.435 m. Thres 30%. [00;00mT/T is removed in right hand side in tomography.[00;00m
    CCD image is 25x25 @ 500x500 mas, blur 27% (sigma), 1500Hz, wvl: [ 5.89e-07]
    Gtilt in reconstruction. Physical optics start at 0 with [00;00m'matched filter'[00;00m [00;00m(noisy)[00;00m
  powfs1: Order  2, NGS at inf km. Sampling 1/16 m. Thres 30%. 
    Ztilt in reconstruction. Geomtric optics start at 2 with ztilt [00;00m(noisy)[00;00m
  powfs2: Order 20, NGS at inf km. Sampling 1/31.9716 m. Thres 50%. 
    CCD image is 4x4 @ 1500x1500 mas, blur 0% (sigma), 0.015Hz, wvl: [ 7.2e-07]
    Gtilt in reconstruction. Geomtric optics start at 50 with gtilt Physical optics start at 0 with [00;00m'matched filter'[00;00m [00;00m(noisy)[00;00m
[00;00mThere are 12 wfs[00;00m
    wfs 0: type 0, at (  30.00,    0.00) arcsec,  99 km, siglev is 91.338 bkgrnd is 0.1
    wfs 1: type 0, at (  21.21,   21.21) arcsec,  99 km, siglev is 91.338 bkgrnd is 0.1
    wfs 2: type 0, at (   0.00,   30.00) arcsec,  99 km, siglev is 91.338 bkgrnd is 0.1
    wfs 3: type 0, at ( -21.21,   21.21) arcsec,  99 km, siglev is 91.338 bkgrnd is 0.1
    wfs 4: type 0, at ( -30.00,    0.00) arcsec,  99 km, siglev is 91.338 bkgrnd is 0.1
    wfs 5: type 0, at ( -21.21,  -21.21) arcsec,  99 km, siglev is 91.338 bkgrnd is 0.1
    wfs 6: type 0, at (   0.00,  -30.00) arcsec,  99 km, siglev is 91.338 bkgrnd is 0.1
    wfs 7: type 0, at (  21.21,  -21.21) arcsec,  99 km, siglev is 91.338 bkgrnd is 0.1
    wfs 8: type 1, at (  15.00,   25.98) arcsec, inf km, siglev is 42387.6 bkgrnd is 1.056
    wfs 9: type 1, at ( -30.00,    0.00) arcsec, inf km, siglev is 42387.6 bkgrnd is 1.056
    wfs 10: type 1, at (  15.00,  -25.98) arcsec, inf km, siglev is 42387.6 bkgrnd is 1.056
    wfs 11: type 2, at (   0.00,    0.00) arcsec, inf km, siglev is 4.1558e+06 bkgrnd is 0.001
[00;00mThere are 3 DMs[00;00m
  DM 0 at -0.1km, actuator pitch 0.276m, offset   0, with 30.000000 micron stroke.
    Normalized cubic influence function with inter-actuator coupling of 0.223
  DM 1 at    6km, actuator pitch 0.168m, offset   0, with 7.000000 micron stroke.
    Normalized cubic influence function with inter-actuator coupling of 0.223
  DM 2 at   10km, actuator pitch 0.168m, offset   0, with 7.000000 micron stroke.
    Normalized cubic influence function with inter-actuator coupling of 0.223
[00;00mTomography[00;00m is using CG, with [00;00mFourer Domain[00;00m preconditioner, [00;00m12[00;00m iterations, integrated tomo.
[00;00mDM Fitting [00;00mis using CG, with [00;00mNo[00;00m preconditioner, [00;00m10[00;00m iterations
[00;00mThere are 9 fit directions[00;00m
    Fit 0: weight is 0.444, at (   0.00,    0.00) arcsec
    Fit 1: weight is 0.111, at (  15.00,    0.00) arcsec
    Fit 2: weight is 0.111, at (   0.00,   15.00) arcsec
    Fit 3: weight is 0.111, at ( -15.00,    0.00) arcsec
    Fit 4: weight is 0.111, at (   0.00,  -15.00) arcsec
    Fit 5: weight is 0.028, at (  15.00,   15.00) arcsec
    Fit 6: weight is 0.028, at ( -15.00,   15.00) arcsec
    Fit 7: weight is 0.028, at ( -15.00,  -15.00) arcsec
    Fit 8: weight is 0.028, at (  15.00,  -15.00) arcsec
[00;00mThere are 1 evaluation directions[00;00m at sampling 1/128 m.
    Evl 0: weight is 1.000, at (   0.00,    0.00) arcsec
[00;00mSimulation[00;00m start at step 0, end at step 1600, with time step 1/1500s, [00;00mclose loop[00;00m.
After setup_parms:	120.5 MiB.
Warning(sock.c:516): connect locally (/global/homes/b/bpeck/.aos/tmp/nid003257/scheduler) failed: Invalid argument. 
CUDA: minimum memory requirement is 0.4GB
GPU 0 is NVIDIA A100-SXM4-40GB with arch 8.0, 38.9GB free, 39.3GB total device memory.
Using GPU 0
Use 1 GPUs for WFS Tomo Fit Evl

*** Preparation started at 2025/02/09 16:32:23 in nid003257. ***

Using OpenMP version 201511 with 128 threads
Reading aperture amplitude map from KECK.fits
Warning(accphi.c:477): 108390 points not covered by input screen
Warning(sock.c:516): connect locally (/global/homes/b/bpeck/.aos/tmp/nid003257/scheduler) failed: Invalid argument. 
 ->maos.c:447->setup.c:148->aper.c:74->utils.c:478->accphi.c:478
iwvl 0: Science PSF is using grid size of 2880. The PSF will sum to 6.95167232825486
iwvl 1: Science PSF is using grid size of 2880. The PSF will sum to 6.95167232825486
iwvl 2: Science PSF is using grid size of 2880. The PSF will sum to 6.95167232825486
iwvl 3: Science PSF is using grid size of 2880. The PSF will sum to 6.95167232825486
iwvl 4: Science PSF is using grid size of 2880. The PSF will sum to 6.95167232825486
iwvl 5: Science PSF is using grid size of 2880. The PSF will sum to 6.95167232825486
iwvl 6: Science PSF is using grid size of 2880. The PSF will sum to 6.95167232825486
iwvl 7: Science PSF is using grid size of 2880. The PSF will sum to 6.95167232825486
iwvl 8: Science PSF is using grid size of 2880. The PSF will sum to 6.95167232825486
After setup_aper:	344.7 MiB.

[00;00mSetting up powfs 0 geom[00;00m

There are 36 points in each subaperture of 0.276m.
There are 995 valid subaperture.

[00;00mSetting up powfs 1 geom[00;00m

There are 88 points in each subaperture of 5.5m.
There are 4 valid subaperture.

[00;00mSetting up powfs 2 geom[00;00m

There are 18 points in each subaperture of 0.563m.
There are 236 valid subaperture.
After setup_powfs_init:	430.7 MiB.

[00;00mSetting up reconstructor geometry.[00;00m

PLOC is 83x83, with sampling of 0.14m (square)
    DM 0: grid is 45 x 45
    DM 1: grid is 77 x 79
    DM 2: grid is 84 x 85
FLOC is 83x83, with sampling of 0.14m (not square)
Tomography grid is square:
    layer 0: xloc grid is 168 x 168, sampling is 0.138 m, 28224 points
    layer 1: xloc grid is 168 x 168, sampling is 0.138 m, 28224 points
    layer 2: xloc grid is 168 x 168, sampling is 0.138 m, 28224 points
    layer 3: xloc grid is 168 x 168, sampling is 0.138 m, 28224 points
    layer 4: xloc grid is 168 x 168, sampling is 0.138 m, 28224 points
    layer 5: xloc grid is 168 x 168, sampling is 0.138 m, 28224 points
    layer 6: xloc grid is 168 x 168, sampling is 0.138 m, 28224 points
    layer 7: xloc grid is 168 x 168, sampling is 0.137 m, 28224 points
    layer 8: xloc grid is 168 x 168, sampling is 0.137 m, 28224 points
    layer 9: xloc grid is 168 x 168, sampling is 0.137 m, 28224 points
    layer 10: xloc grid is 168 x 168, sampling is 0.131 m, 28224 points
    layer 11: xloc grid is 168 x 168, sampling is 0.125 m, 28224 points
    layer 12: xloc grid is 168 x 168, sampling is 0.119 m, 28224 points
Warning(map.c:195): ninx=168 is too small. need 169
Warning(map.c:200): niny=168 is too small. need 169
    layer 13: xloc grid is 168 x 168, sampling is 0.107 m, 28224 points

[00;00mSetting up powfs 0 PO WFS[00;00m

OTF dimension is 72x72 (calculated)
There is no bias
Uplink FWHM (illt 0, iwvl 0) is 0.581315"
Downlink FWHM (illt 0, iwvl 0) is 1.09963"
Generating matched filter for powfs 0
sa index   location       noise equivalent angle
     495: (  5.0,  -0.3) m, ( 65.70,  64.15) mas
     491: (  3.9,  -0.3) m, ( 69.58,  64.67) mas
     487: (  2.8,  -0.3) m, ( 75.25,  65.29) mas
     483: (  1.7,  -0.3) m, ( 81.83,  65.91) mas
     482: (  1.4,  -0.3) m, ( 83.64,  66.07) mas
     322: ( -0.6,  -1.7) m, ( 97.19,  68.45) mas
     479: ( -1.7,  -0.3) m, (105.06,  67.62) mas
     475: ( -2.8,  -0.3) m, (113.84,  68.13) mas
     471: ( -3.9,  -0.3) m, (123.29,  68.61) mas
     467: ( -5.0,  -0.3) m, (132.90,  69.05) mas
     466: ( -5.2,  -0.3) m, (135.39,  69.16) mas
sa index   location       noise equivalent angle
     834: (  2.8,   2.8) m, ( 66.91,  66.91) mas
     745: (  1.9,   1.9) m, ( 72.66,  73.39) mas
     641: (  1.1,   1.1) m, ( 74.47,  74.47) mas
     606: (  0.8,   0.8) m, ( 78.25,  78.25) mas
     360: (  0.6,  -1.4) m, ( 78.02,  90.02) mas
     388: ( -1.1,  -1.1) m, ( 92.55,  92.55) mas
     283: ( -1.9,  -1.9) m, ( 95.11,  94.98) mas
     189: ( -2.8,  -2.8) m, ( 99.64,  99.64) mas
     131: ( -3.3,  -3.3) m, (103.60, 103.60) mas
      33: ( -3.0,  -4.4) m, (101.43, 112.11) mas
sa index   location       noise equivalent angle
     927: (  0.0,   3.9) m, ( 65.35,  70.34) mas
     824: (  0.0,   2.8) m, ( 65.98,  76.08) mas
     704: ( -0.3,   1.7) m, ( 70.74,  87.14) mas
     671: (  0.0,   1.4) m, ( 66.77,  84.57) mas
     450: (  1.4,  -0.6) m, ( 68.45,  97.19) mas
     324: (  0.0,  -1.7) m, ( 68.36, 106.26) mas
     199: (  0.0,  -2.8) m, ( 68.88, 115.14) mas
      91: ( -0.3,  -3.9) m, ( 71.68, 128.25) mas
      43: ( -0.3,  -4.4) m, ( 71.74, 133.05) mas
sa index   location       noise equivalent angle
     840: ( -3.3,   3.0) m, ( 66.00,  66.00) mas
     730: ( -2.2,   1.9) m, ( 72.60,  73.45) mas
     632: ( -1.4,   1.1) m, ( 74.47,  74.47) mas
     604: ( -1.1,   0.8) m, ( 78.88,  78.92) mas
     355: ( -0.8,  -1.4) m, ( 78.05,  90.07) mas
     389: (  0.8,  -1.1) m, ( 91.66,  91.61) mas
     296: (  1.7,  -1.9) m, ( 94.98,  94.80) mas
     208: (  2.5,  -2.8) m, ( 99.64,  99.64) mas
     154: (  3.0,  -3.3) m, (103.60, 103.60) mas
      54: (  2.8,  -4.4) m, (101.43, 112.11) mas
sa index   location       noise equivalent angle
     466: ( -5.2,  -0.3) m, ( 65.70,  64.15) mas
     470: ( -4.1,  -0.3) m, ( 69.58,  64.67) mas
     474: ( -3.0,  -0.3) m, ( 75.25,  65.29) mas
     478: ( -1.9,  -0.3) m, ( 81.83,  65.91) mas
     479: ( -1.7,  -0.3) m, ( 83.64,  66.07) mas
     325: (  0.3,  -1.7) m, ( 97.19,  68.45) mas
     482: (  1.4,  -0.3) m, (105.06,  67.62) mas
     486: (  2.5,  -0.3) m, (113.84,  68.13) mas
     490: (  3.6,  -0.3) m, (123.29,  68.61) mas
     494: (  4.7,  -0.3) m, (132.90,  69.05) mas
     495: (  5.0,  -0.3) m, (135.39,  69.16) mas
sa index   location       noise equivalent angle
     131: ( -3.3,  -3.3) m, ( 66.00,  66.00) mas
     189: ( -2.8,  -2.8) m, ( 67.86,  67.86) mas
     283: ( -1.9,  -1.9) m, ( 72.45,  72.27) mas
     388: ( -1.1,  -1.1) m, ( 79.69,  79.69) mas
     634: ( -0.8,   1.1) m, ( 78.00,  90.00) mas
     606: (  0.8,   0.8) m, ( 90.87,  90.87) mas
     641: (  1.1,   1.1) m, ( 89.99,  89.99) mas
     745: (  1.9,   1.9) m, ( 98.96,  99.61) mas
     834: (  2.8,   2.8) m, (101.61, 101.61) mas
     961: (  2.8,   4.1) m, (101.43, 112.11) mas
sa index   location       noise equivalent angle
      68: (  0.0,  -4.1) m, ( 65.35,  70.34) mas
     171: (  0.0,  -3.0) m, ( 65.98,  76.08) mas
     289: ( -0.3,  -1.9) m, ( 70.51,  86.87) mas
     324: (  0.0,  -1.7) m, ( 66.77,  84.57) mas
     546: (  1.4,   0.3) m, ( 68.45,  97.19) mas
     671: (  0.0,   1.4) m, ( 68.36, 106.26) mas
     796: (  0.0,   2.5) m, ( 68.88, 115.14) mas
     903: ( -0.3,   3.6) m, ( 71.58, 128.11) mas
     950: ( -0.3,   4.1) m, ( 71.74, 133.05) mas
sa index   location       noise equivalent angle
     154: (  3.0,  -3.3) m, ( 66.00,  66.00) mas
     208: (  2.5,  -2.8) m, ( 67.86,  67.86) mas
     296: (  1.7,  -1.9) m, ( 72.35,  72.12) mas
     389: (  0.8,  -1.1) m, ( 78.92,  78.88) mas
     639: (  0.6,   1.1) m, ( 78.00,  90.00) mas
     604: ( -1.1,   0.8) m, ( 91.61,  91.66) mas
     632: ( -1.4,   1.1) m, ( 89.99,  89.99) mas
     730: ( -2.2,   1.9) m, ( 98.91,  99.65) mas
     813: ( -3.0,   2.8) m, (101.61, 101.61) mas
     940: ( -3.0,   4.1) m, (101.43, 112.11) mas

[00;00mSetting up powfs 2 PO WFS[00;00m

OTF dimension is 48x48 (calculated)
Generating matched filter for powfs 2
Use sanea to derive neasim
Use sanea to derive neasim

[00;00mSetting up reconstructor[00;00m

Recon NEA: cmf(86.57) cmf(86.65) cmf(86.53) cmf(86.57) cmf(86.46) cmf(86.52) cmf(86.45) cmf(86.59) geom(0.31) geom(0.31) geom(0.31) mf(0.14)  mas
Setup or update control matrix parameters.
RRtwfs svd threshold is 1e-10
Replacing HA by HA*fit->actextrap
Adding piston cr to fit matrix
Adding TT cr on upper DMs to fit matrix.
Before assembling fit matrix:	3593.8 MiB.
Building fit->FR
Building fit->FL
Adding tikhonov constraint of 1.0e-07 to FLM
The maximum eigen value is estimated to be around 3.3e-04
DM Fit number of Low rank terms: 16 in LHS
After assemble fit matrix:	4264.1 MiB.
After setup_recon:	4264.1 MiB.
GPU 0: mem used 1778 MB (wfs init)
GPU 0: mem used 2234 MB (recon init)
GPU 0: mem used 2264 MB (perf init)

*** Simulation started at 2025/02/09 16:33:59 in nid003257. ***

Running seed 1
GPU 0: mem used 2264 MB (wfs seeding)
Wind dir: 267.3 261.7 167.0 130.5 300.7  32.3 119.8 139.0 150.8 277.7 203.0 133.1  45.9 265.1 deg
Using /global/homes/b/bpeck/.aos/cache/atm/vonkarman_14_8192x8192_0.0078125_1115374592d.bin
After genatm:	4273.0 MiB.
Step     #  Open Loop  PR TT  On axis  PR TT  Field RMS PR TT     Timing 
Step     0: OL  884.6  248.3  OA  884.6 248.3 CL  884.6 248.3 nm  0.172 s
Step    21: OL  917.6  256.1  OA  140.2  67.6 CL  140.2  67.6 nm  0.046 s
Step    43: OL  951.5  260.8  OA  140.9  75.0 CL  140.9  75.0 nm  0.044 s
Step    65: OL  984.0  260.3  OA  141.1  70.7 CL  141.1  70.7 nm  0.053 s
Step    87: OL 1017.4  258.1  OA  137.3  64.7 CL  137.3  64.7 nm  0.045 s
Step   108: OL 1049.5  257.5  OA  128.4  54.0 CL  128.4  54.0 nm  0.045 s
Step   129: OL 1080.6  260.0  OA  128.3  54.0 CL  128.3  54.0 nm  0.041 s
Step   151: OL 1109.7  267.8  OA  124.9  34.4 CL  124.9  34.4 nm  0.049 s
Step   174: OL 1134.1  280.3  OA  127.4  36.8 CL  127.4  36.8 nm  0.046 s
Step   196: OL 1150.0  294.4  OA  122.5  30.5 CL  122.5  30.5 nm  0.044 s
Step   218: OL 1159.7  308.4  OA  125.6  43.7 CL  125.6  43.7 nm  0.042 s
Step   240: OL 1163.0  322.9  OA  118.4  29.3 CL  118.4  29.3 nm  0.041 s
Step   255 updated high order loop gain: 0.382
Step   259: OL 1158.7  336.5  OA  117.1  24.4 CL  117.1  24.4 nm  0.044 s
Step   281: OL 1144.1  352.4  OA  118.4  26.6 CL  118.4  26.6 nm  0.043 s
Step   304: OL 1122.3  371.9  OA  115.0  21.9 CL  115.0  21.9 nm  0.045 s
Step   326: OL 1096.8  393.0  OA  118.6  34.6 CL  118.6  34.6 nm  0.049 s
Step   348: OL 1069.6  418.6  OA  116.5  37.2 CL  116.5  37.2 nm  0.041 s
Step   370: OL 1043.4  448.8  OA  115.2  27.9 CL  115.2  27.9 nm  0.044 s
Step   391: OL 1020.5  479.1  OA  115.7  19.8 CL  115.7  19.8 nm  0.041 s
Step   413: OL  996.8  510.4  OA  117.5  22.8 CL  117.5  22.8 nm  0.045 s
Step   435: OL  972.3  539.7  OA  109.8   6.2 CL  109.8   6.2 nm  0.039 s
Step   457: OL  950.4  568.4  OA  115.4  14.4 CL  115.4  14.4 nm  0.045 s
Step   479: OL  937.9  596.9  OA  114.9  14.6 CL  114.9  14.6 nm  0.048 s
Step   502: OL  936.6  624.6  OA  118.4  17.0 CL  118.4  17.0 nm  0.048 s
Step   511 updated high order loop gain: 0.367
Step   524: OL  941.2  646.8  OA  118.4   4.7 CL  118.4   4.7 nm  0.041 s
Step   546: OL  951.3  661.5  OA  116.7   2.6 CL  116.7   2.6 nm  0.047 s
Step   569: OL  968.0  669.2  OA  114.8   7.2 CL  114.8   7.2 nm  0.043 s
Step   591: OL  988.6  670.7  OA  113.5  14.6 CL  113.5  14.6 nm  0.042 s
Step   613: OL 1012.5  664.6  OA  113.5   4.2 CL  113.5   4.2 nm  0.053 s
Step   636: OL 1037.9  650.5  OA  112.0  13.2 CL  112.0  13.2 nm  0.041 s
Step   656: OL 1057.4  633.2  OA  118.8  15.0 CL  118.8  15.0 nm  0.044 s
Step   677: OL 1075.2  611.8  OA  115.3  27.6 CL  115.3  27.6 nm  0.048 s
Step   699: OL 1091.5  588.2  OA  121.7  33.7 CL  121.7  33.7 nm  0.047 s
Step   718: OL 1100.6  565.3  OA  119.1  30.9 CL  119.1  30.9 nm  0.095 s
Step   724: OL 1102.2  557.9  OA  120.4  19.1 CL  120.4  19.1 nm  0.779 s
Step   735: OL 1103.6  544.3  OA  118.6  19.7 CL  118.6  19.7 nm  0.045 s
Step   758: OL 1099.6  516.4  OA  122.0  17.4 CL  122.0  17.4 nm  0.046 s
Step   767 updated high order loop gain: 0.363
Step   780: OL 1087.5  491.2  OA  120.8  27.6 CL  120.8  27.6 nm  0.043 s
Step   802: OL 1066.4  466.5  OA  117.9  23.5 CL  117.9  23.5 nm  0.044 s
Step   824: OL 1038.7  442.1  OA  117.0  13.8 CL  117.0  13.8 nm  0.044 s
Step   846: OL 1005.3  418.8  OA  115.2  18.6 CL  115.2  18.6 nm  0.047 s
Step   868: OL  971.1  398.2  OA  117.2  25.3 CL  117.2  25.3 nm  0.045 s
Step   888: OL  942.0  383.0  OA  115.0  31.5 CL  115.0  31.5 nm  0.048 s
Step   911: OL  907.0  369.0  OA  117.6  37.7 CL  117.6  37.7 nm  0.043 s
Step   933: OL  872.6  358.3  OA  119.6  36.2 CL  119.6  36.2 nm  0.044 s
Step   955: OL  840.2  347.7  OA  120.4  46.9 CL  120.4  46.9 nm  0.053 s
Step   978: OL  812.1  334.6  OA  125.1  52.2 CL  125.1  52.2 nm  0.041 s
Step  1001: OL  789.9  319.0  OA  120.2  33.8 CL  120.2  33.8 nm  0.043 s
Step  1023: OL  772.5  302.2  OA  124.2  42.9 CL  124.2  42.9 nm  0.045 s
Step  1023 updated high order loop gain: 0.363
Step  1045: OL  759.3  284.0  OA  123.7  40.4 CL  123.7  40.4 nm  0.048 s
Step  1067: OL  747.4  262.9  OA  128.9  51.8 CL  128.9  51.8 nm  0.044 s
Step  1089: OL  740.5  237.8  OA  128.0  49.5 CL  128.0  49.5 nm  0.052 s
Step  1111: OL  738.5  214.1  OA  134.2  63.0 CL  134.2  63.0 nm  0.046 s
Step  1134: OL  739.0  194.0  OA  123.2  48.9 CL  123.2  48.9 nm  0.045 s
Step  1156: OL  740.3  180.2  OA  119.4  36.2 CL  119.4  36.2 nm  0.052 s
Step  1179: OL  741.4  171.8  OA  117.5  37.3 CL  117.5  37.3 nm  0.044 s
Step  1201: OL  745.5  167.0  OA  119.9  41.8 CL  119.9  41.8 nm  0.044 s
Step  1223: OL  749.7  163.9  OA  121.3  46.6 CL  121.3  46.6 nm  0.048 s
Step  1245: OL  752.5  165.2  OA  117.5  36.9 CL  117.5  36.9 nm  0.044 s
Step  1268: OL  755.8  173.1  OA  116.2  25.4 CL  116.2  25.4 nm  0.046 s
Step  1279 updated high order loop gain: 0.357
Step  1289: OL  760.8  184.7  OA  118.7  32.2 CL  118.7  32.2 nm  0.057 s
Step  1312: OL  767.5  200.7  OA  124.2  42.2 CL  124.2  42.2 nm  0.046 s
Step  1334: OL  774.2  218.9  OA  120.6  37.9 CL  120.6  37.9 nm  0.048 s
Step  1356: OL  785.0  238.9  OA  118.3  36.6 CL  118.3  36.6 nm  0.059 s
Step  1376: OL  798.6  254.0  OA  122.9  53.8 CL  122.9  53.8 nm  0.046 s
Step  1399: OL  817.4  266.0  OA  122.6  46.7 CL  122.6  46.7 nm  0.043 s
Step  1422: OL  840.3  273.1  OA  119.6  31.5 CL  119.6  31.5 nm  0.051 s
Step  1444: OL  861.9  277.6  OA  111.6  14.4 CL  111.6  14.4 nm  0.045 s
Step  1467: OL  882.0  279.5  OA  114.0  28.9 CL  114.0  28.9 nm  0.039 s
Step  1489: OL  893.3  276.4  OA  117.8  34.5 CL  117.8  34.5 nm  0.054 s
Step  1511: OL  895.4  268.3  OA  113.5  24.3 CL  113.5  24.3 nm  0.049 s
Step  1534: OL  890.4  256.3  OA  117.4  34.2 CL  117.4  34.2 nm  0.044 s
Step  1535 updated high order loop gain: 0.359
Step  1556: OL  881.1  241.9  OA  115.6  27.2 CL  115.6  27.2 nm  0.052 s
Step  1579: OL  870.2  228.1  OA  117.4  21.4 CL  117.4  21.4 nm  0.043 s
Step 1599: Output PSF
Step  1599: OL  858.3  219.2  OA  116.3  23.6 CL  116.3  23.6 nm  1.252 s
Mean: 118.54 31.89 114.17  nm.

*** Simulation Finished at 2025/02/09 16:35:27 in nid003257. ***

