Warning(sock.c:516): connect locally (/global/homes/b/bpeck/.aos/tmp/nid003257/scheduler) failed: Invalid argument. 
/global/u2/b/bpeck/work/vismcao/maos -o studies/misreg/8_lgs/8mag_lgs/4000count -c master_files/misreg/8_lgs/8mag_lgs/kola_4000act.conf -O 
Output folder is 'studies/misreg/8_lgs/8mag_lgs/4000count'.
SRC: /global/homes/b/bpeck/code/maos v2.9 4c88b7c2 2024-11-13 16:45:33 -0800
BUILT: /global/homes/b/bpeck/code/maos/optim by GCC (v12) on 2024/11/18 09:40:03 CPU(F64,+O3) with CUDA(v122,F32)
Launched at 2025/02/09 17:11:43 in nid003257 with PID 987358.
The web based job monitor can be accessed at http://localhost:10300
Main config file is /global/u2/b/bpeck/work/vismcao/master_files/misreg/8_lgs/8mag_lgs/kola_4000act.conf
Warning(path.c:48): Path not found: path=/global/u2/b/bpeck/work/vismcao/master_files/misreg/8_lgs/8mag_lgs/bin; abspath=/global/u2/b/bpeck/work/vismcao/master_files/misreg/8_lgs/8mag_lgs/bin; Ignored.
Warning(path.c:48): Path not found: path=/global/u2/b/bpeck/work/vismcao/master_files/misreg/8_lgs/8mag_lgs/atm; abspath=/global/u2/b/bpeck/work/vismcao/master_files/misreg/8_lgs/8mag_lgs/atm; Ignored.
Warning(readcfg.c:399): sim.apfsm has been renamed to powfs.apfsm.
Warning(readcfg.c:399): sim.epfsm has been renamed to powfs.epfsm.
Warning(readcfg.c:399): sim.alfsm has been renamed to powfs.alfsm.
Warning(readcfg.c:399): sim.commonfsm has been renamed to powfs.commonfsm.
Warning(readcfg.c:399): sim.idealfsm has been renamed to powfs.idealfsm.
Warning(readcfg.c:399): sim.zetafsm has been renamed to powfs.zetafsm.
Warning(readcfg.c:399): sim.f0fsm has been renamed to powfs.f0fsm.
Warning(readcfg.c:399): tsurf has been renamed to ncpa.tsurf.
loaded 132 (132 new) records from '/global/u2/b/bpeck/work/vismcao/./keck_sim.conf'
loaded  19 ( 19 new) records from '/global/u2/b/bpeck/work/vismcao/./dm_none.conf'
loaded  19 (  0 new) records from '/global/u2/b/bpeck/work/vismcao/./keck_ASM.conf'
loaded  19 (  0 new) records from '/global/u2/b/bpeck/work/vismcao/./keck_DM2.conf'
loaded  19 (  0 new) records from '/global/u2/b/bpeck/work/vismcao/./keck_DM3.conf'
loaded   0 (  0 new) records from '/global/u2/b/bpeck/work/vismcao/./keck_dm_multiple.conf'
loaded   7 (  5 new) records from '/global/u2/b/bpeck/work/vismcao/./atm_mk13n50p_ground_detail.conf'
loaded  76 ( 69 new) records from '/global/homes/b/bpeck/code/maos/config/maos/powfs_common.conf'
loaded  44 ( 38 new) records from '/global/u2/b/bpeck/work/vismcao/./powfs_none.conf'
loaded  44 (  0 new) records from '/global/u2/b/bpeck/work/vismcao/./keck_shwfs_lgs.conf'
loaded  44 (  0 new) records from '/global/u2/b/bpeck/work/vismcao/./keck_shwfs_ttf_strap.conf'
loaded  44 (  0 new) records from '/global/u2/b/bpeck/work/vismcao/./keck_shwfs_twfs_lbwfs.conf'
loaded   0 (  0 new) records from '/global/u2/b/bpeck/work/vismcao/./keck_wfs_lgs_strap_lbwfs.conf'
loaded  71 ( 71 new) records from '/global/u2/b/bpeck/work/vismcao/./keck_recon.conf'
Warning(readcfg.c:399): dbg.na_smooth has been renamed to powfs0_llt.na_smooth.
Warning(readcfg.c:399): dbg.na_interp has been renamed to powfs0_llt.na_interp.
Warning(readcfg.c:399): dbg.na_thres has been renamed to powfs0_llt.na_thres.
Warning(readcfg.c:399): dbg.na_fit_maxit has been renamed to powfs0_llt.na_fit_maxit.
Warning(readcfg.c:399): dbg.na_fit_svdthres has been renamed to powfs0_llt.na_fit_svdthres.
Warning(readcfg.c:399): dbg.na_fit_dh has been renamed to powfs0_llt.na_fit_dh.
Warning(readcfg.c:399): dbg.ncpa_preload has been renamed to ncpa.preload.
Warning(readcfg.c:399): dbg.ncpa_rmsci has been renamed to ncpa.rmsci.
Warning(readcfg.c:399): dbg.draw_opdmax has been renamed to plot.opdmax.
Warning(readcfg.c:399): dbg.draw_gmax has been renamed to plot.gmax.
loaded  95 ( 93 new) records from '/global/u2/b/bpeck/work/vismcao/./keck_dbg.conf'
loaded   4 (  4 new) records from '/global/u2/b/bpeck/work/vismcao/./keck_fit_mcao.conf'
Warning(readcfg.c:399): surf has been renamed to ncpa.surf.
loaded  39 (  7 new) records from '/global/u2/b/bpeck/work/vismcao/master_files/misreg/8_lgs/8mag_lgs/kola_4000act.conf'
loaded   0 (  0 new) records from 'command line'
loaded  24 ( 18 new) records from '/global/u2/b/bpeck/work/vismcao/./keck_llt_CL.conf'
Adjust LGS range by telescope altitude 4145m.
Zenith angle is 30 degree.
    Scaling turbulence height and LGS hs by sec(za).
    Scaling r0 by cos(za)^(3/5).
    Scaling wind speed and LGS signal level by cos(za).
powfs0: Adjusting dx from 0.0078125 to 0.0077. 
powfs0.llt.fsm: f0=0 Hz, LPF ep=0
powfs0.epfsm is set to 0.517618 (auto)
powfs2: Adjusting dx from 0.03125 to 0.0312778. 
powfs2 is TWFS for powfs0
sim.ephi is set to 0.427717 (auto)
sim.eplo is set to 0.427717 (auto)
Warning(parms.c:2296): Layer 1 at 17.3205m is very close to layer 0 at 0m (OK).
Warning(parms.c:2296): Layer 2 at 34.641m is very close to layer 1 at 17.3205m (OK).
Warning(parms.c:2296): Layer 3 at 51.9615m is very close to layer 2 at 34.641m (OK).
dm 0: stroke=30 um is provided in micron.
dm 0: assume ia stroke=2 um is provided in micron.
dm 1: stroke=7 um is provided in micron.
dm 1: assume ia stroke=2 um is provided in micron.
dm 2: stroke=7 um is provided in micron.
dm 2: assume ia stroke=2 um is provided in micron.
Focus blending is not implemented yet for integrated tomography
parms->sim.mffocus is reset to 0
There are 1 valid simulation seeds:  1
Output PSF for 1 directions
Used 449 of 456 supplied keys
Warning(readcfg.c:158): key "dbg.pwfs_flate" is not recognized, value is 0
Warning(readcfg.c:158): key "dbg.pwfs_flatv" is not recognized, value is 0
Warning(readcfg.c:158): key "dbg.pwfs_psx" is not recognized, value is [0 0 0 0]
Warning(readcfg.c:158): key "dbg.pwfs_psy" is not recognized, value is [0 0 0 0]
Warning(readcfg.c:158): key "dbg.pwfs_pupelong" is not recognized, value is 0
Warning(readcfg.c:158): key "dbg.pwfs_raw" is not recognized, value is 0
Warning(readcfg.c:158): key "dbg.pwfs_side" is not recognized, value is 4
[00;00mAperture[00;00m is 11 m with sampling 1/128 m
[00;00mTurbulence at 30 degree zenith angle:[00;00m r0=0.128424m, L0=30m, 14 layers.
    Greenwood freq is 25.1Hz, anisoplanatic angle is 1.58 as
    Sampled 8192x8192 at 1/128m. wind dir is randomized.
    layer 0: ht=      0 m, wt= 0.302, ws=  4.8 m/s
    layer 1: ht=     17 m, wt= 0.154, ws=  5.0 m/s
    layer 2: ht=     35 m, wt= 0.041, ws=  5.4 m/s
    layer 3: ht=     52 m, wt= 0.002, ws=  6.6 m/s
    layer 4: ht=    139 m, wt= 0.021, ws=  6.1 m/s
    layer 5: ht=    231 m, wt= 0.010, ws=  6.1 m/s
    layer 6: ht=    323 m, wt= 0.008, ws=  6.1 m/s
    layer 7: ht=    416 m, wt= 0.005, ws=  6.1 m/s
    layer 8: ht=    508 m, wt= 0.001, ws=  6.1 m/s
    layer 9: ht=    932 m, wt= 0.107, ws=  5.6 m/s
    layer 10: ht=   5022 m, wt= 0.144, ws= 11.1 m/s
    layer 11: ht=   9238 m, wt= 0.093, ws= 19.1 m/s
    layer 12: ht=  13856 m, wt= 0.075, ws=  8.2 m/s
    layer 13: ht=  22518 m, wt= 0.036, ws=  4.8 m/s
[00;00mReconstruction[00;00m: r0=0.128424m L0=30m. 14 layers. use cone coordinate.
    layer 0: ht=      0 m, wt= 0.302
    layer 1: ht=     17 m, wt= 0.154
    layer 2: ht=     35 m, wt= 0.041
    layer 3: ht=     52 m, wt= 0.002
    layer 4: ht=    139 m, wt= 0.021
    layer 5: ht=    231 m, wt= 0.010
    layer 6: ht=    323 m, wt= 0.008
    layer 7: ht=    416 m, wt= 0.005
    layer 8: ht=    508 m, wt= 0.001
    layer 9: ht=    932 m, wt= 0.107
    layer 10: ht=   5022 m, wt= 0.144
    layer 11: ht=   9238 m, wt= 0.093
    layer 12: ht=  13856 m, wt= 0.075
    layer 13: ht=  22518 m, wt= 0.036
[00;00mThere are 3 powfs[00;00m
  powfs0: Order 72, LGS at 99.1 km. Sampling 1/129.87 m. Thres 30%. [00;00mT/T is removed in right hand side in tomography.[00;00m
    CCD image is 25x25 @ 500x500 mas, blur 27% (sigma), 1500Hz, wvl: [ 5.89e-07]
    Gtilt in reconstruction. Physical optics start at 0 with [00;00m'matched filter'[00;00m [00;00m(noisy)[00;00m
  powfs1: Order  2, NGS at inf km. Sampling 1/16 m. Thres 30%. 
    Ztilt in reconstruction. Geomtric optics start at 2 with ztilt [00;00m(noisy)[00;00m
  powfs2: Order 20, NGS at inf km. Sampling 1/31.9716 m. Thres 50%. 
    CCD image is 4x4 @ 1500x1500 mas, blur 0% (sigma), 0.015Hz, wvl: [ 7.2e-07]
    Gtilt in reconstruction. Geomtric optics start at 50 with gtilt Physical optics start at 0 with [00;00m'matched filter'[00;00m [00;00m(noisy)[00;00m
[00;00mThere are 12 wfs[00;00m
    wfs 0: type 0, at (  30.00,    0.00) arcsec,  99 km, siglev is 28.4359 bkgrnd is 0.1
    wfs 1: type 0, at (  21.21,   21.21) arcsec,  99 km, siglev is 28.4359 bkgrnd is 0.1
    wfs 2: type 0, at (   0.00,   30.00) arcsec,  99 km, siglev is 28.4359 bkgrnd is 0.1
    wfs 3: type 0, at ( -21.21,   21.21) arcsec,  99 km, siglev is 28.4359 bkgrnd is 0.1
    wfs 4: type 0, at ( -30.00,    0.00) arcsec,  99 km, siglev is 28.4359 bkgrnd is 0.1
    wfs 5: type 0, at ( -21.21,  -21.21) arcsec,  99 km, siglev is 28.4359 bkgrnd is 0.1
    wfs 6: type 0, at (   0.00,  -30.00) arcsec,  99 km, siglev is 28.4359 bkgrnd is 0.1
    wfs 7: type 0, at (  21.21,  -21.21) arcsec,  99 km, siglev is 28.4359 bkgrnd is 0.1
    wfs 8: type 1, at (  15.00,   25.98) arcsec, inf km, siglev is 42387.6 bkgrnd is 1.056
    wfs 9: type 1, at ( -30.00,    0.00) arcsec, inf km, siglev is 42387.6 bkgrnd is 1.056
    wfs 10: type 1, at (  15.00,  -25.98) arcsec, inf km, siglev is 42387.6 bkgrnd is 1.056
    wfs 11: type 2, at (   0.00,    0.00) arcsec, inf km, siglev is 4.1558e+06 bkgrnd is 0.001
[00;00mThere are 3 DMs[00;00m
  DM 0 at -0.1km, actuator pitch 0.154m, offset   0, with 30.000000 micron stroke.
    Normalized cubic influence function with inter-actuator coupling of 0.223
  DM 1 at    6km, actuator pitch 0.168m, offset   0, with 7.000000 micron stroke.
    Normalized cubic influence function with inter-actuator coupling of 0.223
  DM 2 at   10km, actuator pitch 0.168m, offset   0, with 7.000000 micron stroke.
    Normalized cubic influence function with inter-actuator coupling of 0.223
[00;00mTomography[00;00m is using CG, with [00;00mFourer Domain[00;00m preconditioner, [00;00m12[00;00m iterations, integrated tomo.
[00;00mDM Fitting [00;00mis using CG, with [00;00mNo[00;00m preconditioner, [00;00m10[00;00m iterations
[00;00mThere are 9 fit directions[00;00m
    Fit 0: weight is 0.444, at (   0.00,    0.00) arcsec
    Fit 1: weight is 0.111, at (  15.00,    0.00) arcsec
    Fit 2: weight is 0.111, at (   0.00,   15.00) arcsec
    Fit 3: weight is 0.111, at ( -15.00,    0.00) arcsec
    Fit 4: weight is 0.111, at (   0.00,  -15.00) arcsec
    Fit 5: weight is 0.028, at (  15.00,   15.00) arcsec
    Fit 6: weight is 0.028, at ( -15.00,   15.00) arcsec
    Fit 7: weight is 0.028, at ( -15.00,  -15.00) arcsec
    Fit 8: weight is 0.028, at (  15.00,  -15.00) arcsec
[00;00mThere are 1 evaluation directions[00;00m at sampling 1/128 m.
    Evl 0: weight is 1.000, at (   0.00,    0.00) arcsec
[00;00mSimulation[00;00m start at step 0, end at step 1600, with time step 1/1500s, [00;00mclose loop[00;00m.
After setup_parms:	120.6 MiB.
Warning(sock.c:516): connect locally (/global/homes/b/bpeck/.aos/tmp/nid003257/scheduler) failed: Invalid argument. 
CUDA: minimum memory requirement is 0.4GB
GPU 0 is NVIDIA A100-SXM4-40GB with arch 8.0, 38.9GB free, 39.3GB total device memory.
Using GPU 0
Use 1 GPUs for WFS Tomo Fit Evl

*** Preparation started at 2025/02/09 17:11:44 in nid003257. ***

Using OpenMP version 201511 with 128 threads
Reading aperture amplitude map from KECK.fits
Warning(accphi.c:477): 108173 points not covered by input screen
Warning(sock.c:516): connect locally (/global/homes/b/bpeck/.aos/tmp/nid003257/scheduler) failed: Invalid argument. 
 ->maos.c:447->setup.c:148->aper.c:74->utils.c:478->accphi.c:478
iwvl 0: Science PSF is using grid size of 2880. The PSF will sum to 6.95167232825486
iwvl 1: Science PSF is using grid size of 2880. The PSF will sum to 6.95167232825486
iwvl 2: Science PSF is using grid size of 2880. The PSF will sum to 6.95167232825486
iwvl 3: Science PSF is using grid size of 2880. The PSF will sum to 6.95167232825486
iwvl 4: Science PSF is using grid size of 2880. The PSF will sum to 6.95167232825486
iwvl 5: Science PSF is using grid size of 2880. The PSF will sum to 6.95167232825486
iwvl 6: Science PSF is using grid size of 2880. The PSF will sum to 6.95167232825486
iwvl 7: Science PSF is using grid size of 2880. The PSF will sum to 6.95167232825486
iwvl 8: Science PSF is using grid size of 2880. The PSF will sum to 6.95167232825486
After setup_aper:	344.8 MiB.

[00;00mSetting up powfs 0 geom[00;00m

There are 20 points in each subaperture of 0.154m.
There are 3162 valid subaperture.

[00;00mSetting up powfs 1 geom[00;00m

There are 88 points in each subaperture of 5.5m.
There are 4 valid subaperture.

[00;00mSetting up powfs 2 geom[00;00m

There are 18 points in each subaperture of 0.563m.
There are 236 valid subaperture.
After setup_powfs_init:	441.6 MiB.

[00;00mSetting up reconstructor geometry.[00;00m

PLOC is 147x147, with sampling of 0.08m (square)
    DM 0: grid is 75 x 75
    DM 1: grid is 77 x 79
    DM 2: grid is 84 x 85
FLOC is 147x147, with sampling of 0.08m (not square)
Tomography grid is square:
    layer 0: xloc grid is 300 x 300, sampling is 0.077 m, 90000 points
    layer 1: xloc grid is 300 x 300, sampling is 0.077 m, 90000 points
    layer 2: xloc grid is 300 x 300, sampling is 0.077 m, 90000 points
    layer 3: xloc grid is 300 x 300, sampling is 0.077 m, 90000 points
    layer 4: xloc grid is 300 x 300, sampling is 0.077 m, 90000 points
    layer 5: xloc grid is 300 x 300, sampling is 0.077 m, 90000 points
    layer 6: xloc grid is 300 x 300, sampling is 0.077 m, 90000 points
    layer 7: xloc grid is 300 x 300, sampling is 0.077 m, 90000 points
    layer 8: xloc grid is 300 x 300, sampling is 0.077 m, 90000 points
    layer 9: xloc grid is 300 x 300, sampling is 0.076 m, 90000 points
    layer 10: xloc grid is 300 x 300, sampling is 0.073 m, 90000 points
    layer 11: xloc grid is 300 x 300, sampling is 0.070 m, 90000 points
    layer 12: xloc grid is 300 x 300, sampling is 0.066 m, 90000 points
    layer 13: xloc grid is 300 x 300, sampling is 0.060 m, 90000 points

[00;00mSetting up powfs 0 PO WFS[00;00m

OTF dimension is 40x40 (calculated)
There is no bias
Uplink FWHM (illt 0, iwvl 0) is 0.580135"
Downlink FWHM (illt 0, iwvl 0) is 1.31876"
Generating matched filter for powfs 0
sa index   location       noise equivalent angle
    1577: (  4.9,  -0.2) m, (144.85, 140.48) mas
    1569: (  3.7,  -0.2) m, (154.61, 142.41) mas
    1562: (  2.6,  -0.2) m, (165.79, 144.61) mas
    1555: (  1.5,  -0.2) m, (178.53, 146.97) mas
    1553: (  1.2,  -0.2) m, (181.70, 147.54) mas
    1109: ( -0.5,  -1.4) m, (209.06, 154.45) mas
    1550: ( -1.7,  -0.2) m, (227.90, 153.79) mas
    1542: ( -2.9,  -0.2) m, (253.73, 156.07) mas
    1535: ( -4.0,  -0.2) m, (285.05, 158.05) mas
    1528: ( -5.1,  -0.2) m, (313.79, 159.87) mas
    1526: ( -5.4,  -0.2) m, (321.87, 160.41) mas
sa index   location       noise equivalent angle
    3084: (  2.9,   4.3) m, (145.43, 140.69) mas
    2583: (  2.6,   2.6) m, (148.85, 148.85) mas
    2311: (  1.8,   1.8) m, (159.29, 159.11) mas
    1999: (  1.1,   1.1) m, (165.99, 165.99) mas
    1940: (  0.9,   0.9) m, (167.65, 167.65) mas
    1173: (  0.6,  -1.2) m, (175.52, 198.11) mas
    1166: ( -1.2,  -1.2) m, (200.44, 200.44) mas
     853: ( -2.0,  -2.0) m, (216.83, 216.26) mas
     581: ( -2.8,  -2.8) m, (225.80, 225.80) mas
     373: ( -3.4,  -3.4) m, (236.69, 236.69) mas
     163: ( -3.1,  -4.2) m, (231.61, 251.20) mas
sa index   location       noise equivalent angle
    2901: (  0.0,   3.7) m, (146.34, 158.31) mas
    2566: (  0.0,   2.6) m, (148.63, 169.80) mas
    2178: (  0.0,   1.5) m, (151.09, 182.87) mas
    2054: (  0.0,   1.2) m, (151.70, 186.11) mas
    1441: (  1.2,  -0.5) m, (154.45, 209.06) mas
     988: (  0.0,  -1.7) m, (158.24, 233.57) mas
     547: (  0.0,  -2.9) m, (160.63, 260.25) mas
     224: (  0.0,  -4.0) m, (162.72, 292.66) mas
     101: (  0.0,  -4.5) m, (163.57, 306.33) mas
       1: ( -2.5,  -4.9) m, (169.93, 318.78) mas
sa index   location       noise equivalent angle
    3045: ( -3.1,   4.3) m, (145.43, 140.69) mas
    2548: ( -2.8,   2.6) m, (148.85, 148.85) mas
    2286: ( -2.0,   1.8) m, (160.41, 159.92) mas
    1988: ( -1.2,   1.1) m, (165.99, 165.99) mas
    1935: ( -1.1,   0.9) m, (167.65, 167.65) mas
    1169: ( -0.8,  -1.2) m, (175.70, 198.29) mas
    1176: (  1.1,  -1.2) m, (200.44, 200.44) mas
     878: (  1.8,  -2.0) m, (215.63, 215.40) mas
     616: (  2.6,  -2.8) m, (225.80, 225.80) mas
     416: (  3.2,  -3.4) m, (236.69, 236.69) mas
     202: (  2.9,  -4.2) m, (231.61, 251.20) mas
sa index   location       noise equivalent angle
    1528: ( -5.1,  -0.2) m, (144.85, 140.48) mas
    1536: ( -3.9,  -0.2) m, (154.61, 142.41) mas
    1543: ( -2.8,  -0.2) m, (165.79, 144.61) mas
    1550: ( -1.7,  -0.2) m, (178.53, 146.97) mas
    1552: ( -1.4,  -0.2) m, (190.43, 153.90) mas
    1114: (  0.3,  -1.4) m, (209.06, 154.45) mas
    1555: (  1.5,  -0.2) m, (227.90, 153.79) mas
    1563: (  2.8,  -0.2) m, (253.73, 156.07) mas
    1570: (  3.9,  -0.2) m, (285.05, 158.05) mas
    1577: (  4.9,  -0.2) m, (313.79, 159.87) mas
    1579: (  5.2,  -0.2) m, (321.87, 160.41) mas
sa index   location       noise equivalent angle
      81: ( -3.1,  -4.5) m, (145.43, 140.69) mas
     373: ( -3.4,  -3.4) m, (143.80, 143.80) mas
     634: ( -2.6,  -2.6) m, (149.95, 149.95) mas
     914: ( -1.8,  -1.8) m, (158.18, 158.18) mas
    1224: ( -1.1,  -1.1) m, (167.65, 167.65) mas
    1991: ( -0.8,   1.1) m, (175.45, 198.04) mas
    1940: (  0.9,   0.9) m, (198.22, 198.22) mas
    2062: (  1.2,   1.2) m, (203.19, 203.19) mas
    2369: (  2.0,   2.0) m, (231.16, 232.71) mas
    2636: (  2.8,   2.8) m, (229.06, 229.06) mas
    3002: (  2.9,   4.0) m, (231.61, 251.20) mas
sa index   location       noise equivalent angle
     265: (  0.0,  -3.9) m, (146.34, 158.31) mas
     599: (  0.0,  -2.8) m, (148.63, 169.80) mas
     988: (  0.0,  -1.7) m, (151.09, 182.87) mas
    1050: (  0.0,  -1.5) m, (151.39, 184.44) mas
    1723: (  1.2,   0.3) m, (154.45, 209.06) mas
    2178: (  0.0,   1.5) m, (158.24, 233.57) mas
    2618: (  0.0,   2.8) m, (160.63, 260.25) mas
    2942: (  0.0,   3.9) m, (162.72, 292.66) mas
    3065: (  0.0,   4.3) m, (163.57, 306.33) mas
    3151: ( -2.5,   4.8) m, (173.41, 324.61) mas
sa index   location       noise equivalent angle
     120: (  2.9,  -4.5) m, (145.43, 140.69) mas
     416: (  3.2,  -3.4) m, (143.80, 143.80) mas
     667: (  2.5,  -2.6) m, (149.95, 149.95) mas
     937: (  1.7,  -1.8) m, (158.18, 158.18) mas
    1228: (  0.9,  -1.1) m, (167.65, 167.65) mas
    1996: (  0.6,   1.1) m, (175.44, 198.02) mas
    1935: ( -1.1,   0.9) m, (198.22, 198.22) mas
    2045: ( -1.4,   1.2) m, (203.19, 203.19) mas
    2342: ( -2.2,   2.0) m, (230.51, 232.74) mas
    2599: ( -2.9,   2.8) m, (229.06, 229.06) mas
    2963: ( -3.1,   4.0) m, (231.61, 251.20) mas

[00;00mSetting up powfs 2 PO WFS[00;00m

OTF dimension is 48x48 (calculated)
Generating matched filter for powfs 2
Use sanea to derive neasim
Use sanea to derive neasim

[00;00mSetting up reconstructor[00;00m

Recon NEA: cmf(192.83) cmf(192.63) cmf(192.89) cmf(192.58) cmf(192.76) cmf(192.51) cmf(192.78) cmf(192.56) geom(0.31) geom(0.31) geom(0.31) mf(0.14)  mas
Setup or update control matrix parameters.
RRtwfs svd threshold is 1e-10
Replacing HA by HA*fit->actextrap
Adding piston cr to fit matrix
Adding TT cr on upper DMs to fit matrix.
Before assembling fit matrix:	5163.7 MiB.
Building fit->FR
Building fit->FL
Adding tikhonov constraint of 1.0e-07 to FLM
The maximum eigen value is estimated to be around 2.7e-04
DM Fit number of Low rank terms: 16 in LHS
After assemble fit matrix:	6973.4 MiB.
After setup_recon:	6973.4 MiB.
GPU 0: mem used 1656 MB (wfs init)
GPU 0: mem used 2830 MB (recon init)
GPU 0: mem used 2860 MB (perf init)

*** Simulation started at 2025/02/09 17:13:54 in nid003257. ***

Running seed 1
GPU 0: mem used 2860 MB (wfs seeding)
Wind dir: 267.3 261.7 167.0 130.5 300.7  32.3 119.8 139.0 150.8 277.7 203.0 133.1  45.9 265.1 deg
Using /global/homes/b/bpeck/.aos/cache/atm/vonkarman_14_8192x8192_0.0078125_1115374592d.bin
After genatm:	6900.3 MiB.
Step     #  Open Loop  PR TT  On axis  PR TT  Field RMS PR TT     Timing 
Step     0: OL  884.6  248.3  OA  884.6 248.3 CL  884.6 248.3 nm  0.111 s
Step    15: OL  908.0  254.1  OA  165.7 111.6 CL  165.7 111.6 nm  0.064 s
Step    30: OL  931.5  258.7  OA  147.7  84.5 CL  147.7  84.5 nm  0.079 s
Step    44: OL  952.7  260.9  OA  140.5  69.0 CL  140.5  69.0 nm  0.072 s
Step    58: OL  973.3  260.9  OA  132.1  59.1 CL  132.1  59.1 nm  0.083 s
Step    72: OL  994.3  259.6  OA  119.0  33.5 CL  119.0  33.5 nm  0.072 s
Step    86: OL 1015.7  258.2  OA  129.1  49.6 CL  129.1  49.6 nm  0.081 s
Step   100: OL 1037.2  257.5  OA  142.2  68.3 CL  142.2  68.3 nm  0.073 s
Step   114: OL 1058.7  257.9  OA  136.6  58.5 CL  136.6  58.5 nm  0.077 s
Step   128: OL 1079.3  259.9  OA  131.4  66.0 CL  131.4  66.0 nm  0.072 s
Step   142: OL 1098.5  264.1  OA  132.5  51.5 CL  132.5  51.5 nm  0.071 s
Step   155: OL 1114.6  269.7  OA  120.9  28.5 CL  120.9  28.5 nm  0.108 s
Step   169: OL 1129.6  277.3  OA  128.2  49.8 CL  128.2  49.8 nm  0.073 s
Step   183: OL 1141.7  286.0  OA  135.6  63.5 CL  135.6  63.5 nm  0.071 s
Step   197: OL 1150.6  295.0  OA  124.4  47.3 CL  124.4  47.3 nm  0.081 s
Step   211: OL 1157.3  303.9  OA  125.9  47.5 CL  125.9  47.5 nm  0.071 s
Step   225: OL 1161.4  312.9  OA  121.1  43.2 CL  121.1  43.2 nm  0.077 s
Step   239: OL 1162.7  322.2  OA  116.8  33.8 CL  116.8  33.8 nm  0.073 s
Step   253: OL 1160.4  332.1  OA  128.1  45.4 CL  128.1  45.4 nm  0.074 s
Step   255 updated high order loop gain: 0.358
Step   267: OL 1153.5  342.2  OA  122.6  36.4 CL  122.6  36.4 nm  0.071 s
Step   281: OL 1142.7  352.4  OA  124.3  45.7 CL  124.3  45.7 nm  0.072 s
Step   295: OL 1129.3  363.8  OA  119.7  42.8 CL  119.7  42.8 nm  0.080 s
Step   309: OL 1114.4  376.4  OA  118.7  37.6 CL  118.7  37.6 nm  0.073 s
Step   323: OL 1097.3  389.8  OA  123.5  37.4 CL  123.5  37.4 nm  0.073 s
Step   337: OL 1079.5  405.0  OA  118.0  33.6 CL  118.0  33.6 nm  0.080 s
Step   351: OL 1061.5  422.4  OA  120.3  46.4 CL  120.3  46.4 nm  0.071 s
Step   365: OL 1044.1  441.5  OA  123.7  50.1 CL  123.7  50.1 nm  0.075 s
Step   379: OL 1027.6  461.6  OA  121.6  33.9 CL  121.6  33.9 nm  0.073 s
Step   393: OL 1011.9  481.9  OA  124.0  44.2 CL  124.0  44.2 nm  0.075 s
Step   407: OL  996.2  501.9  OA  117.3  37.7 CL  117.3  37.7 nm  0.080 s
Step   421: OL  980.1  521.0  OA  113.5  21.2 CL  113.5  21.2 nm  0.071 s
Step   435: OL  964.1  539.6  OA  115.5  19.6 CL  115.5  19.6 nm  0.077 s
Step   449: OL  949.4  557.7  OA  116.1  25.5 CL  116.1  25.5 nm  0.074 s
Step   463: OL  937.9  576.1  OA  118.1  28.1 CL  118.1  28.1 nm  0.082 s
Step 471, DM 2: 1 actuators over ia limit. trials=2: success.
Step 472, DM 2: 1 actuators over ia limit. trials=2: success.
Step 473, DM 2: 1 actuators over ia limit. trials=2: success.
Step 474, DM 2: 1 actuators over ia limit. trials=2: success.
Step 475, DM 2: 1 actuators over ia limit. trials=2: success.
Step 476, DM 2: 1 actuators over ia limit. trials=2: success.
Step   477: OL  930.6  594.1  OA  118.9  30.5 CL  118.9  30.5 nm  0.075 s
Step 477, DM 2: 1 actuators over ia limit. trials=2: success.
Step 478, DM 2: 1 actuators over ia limit. trials=2: success.
Step 479, DM 2: 1 actuators over ia limit. trials=2: success.
Step 480, DM 2: 1 actuators over ia limit. trials=2: success.
Step 481, DM 2: 1 actuators over ia limit. trials=2: success.
Step 482, DM 2: 1 actuators over ia limit. trials=2: success.
Step 483, DM 2: 1 actuators over ia limit. trials=2: success.
Step 484, DM 2: 1 actuators over ia limit. trials=2: success.
Step 485, DM 2: 1 actuators over ia limit. trials=2: success.
Step 486, DM 2: 1 actuators over ia limit. trials=2: success.
Step 487, DM 2: 1 actuators over ia limit. trials=2: success.
Step 488, DM 2: 1 actuators over ia limit. trials=2: success.
Step 489, DM 2: 1 actuators over ia limit. trials=2: success.
Step 490, DM 2: 1 actuators over ia limit. trials=2: success.
Step   491: OL  928.2  611.5  OA  120.9  22.7 CL  120.9  22.7 nm  0.079 s
Step 491, DM 2: 1 actuators over ia limit. trials=2: success.
Step 492, DM 2: 1 actuators over ia limit. trials=2: success.
Step 493, DM 2: 1 actuators over ia limit. trials=2: success.
Step 494, DM 2: 1 actuators over ia limit. trials=2: success.
Step 495, DM 2: 1 actuators over ia limit. trials=2: success.
Step 496, DM 2: 1 actuators over ia limit. trials=2: success.
Step 497, DM 2: 1 actuators over ia limit. trials=2: success.
Step 498, DM 2: 1 actuators over ia limit. trials=2: success.
Step 499, DM 2: 1 actuators over ia limit. trials=2: success.
Step 500, DM 2: 1 actuators over ia limit. trials=2: success.
Step 501, DM 2: 1 actuators over ia limit. trials=2: success.
Step 502, DM 2: 1 actuators over ia limit. trials=2: success.
Step 503, DM 2: 1 actuators over ia limit. trials=2: success.
Step 504, DM 2: 1 actuators over ia limit. trials=2: success.
Step   505: OL  929.2  627.7  OA  118.6  22.2 CL  118.6  22.2 nm  0.070 s
Step 505, DM 2: 1 actuators over ia limit. trials=2: success.
Step 506, DM 2: 1 actuators over ia limit. trials=2: success.
Step 507, DM 2: 1 actuators over ia limit. trials=2: success.
Step 508, DM 2: 1 actuators over ia limit. trials=2: success.
Step 509, DM 2: 1 actuators over ia limit. trials=2: success.
Step 510, DM 2: 1 actuators over ia limit. trials=2: success.
Step   511 updated high order loop gain: 0.330
Step 511, DM 2: 1 actuators over ia limit. trials=2: success.
Step 512, DM 2: 1 actuators over ia limit. trials=2: success.
Step 513, DM 2: 1 actuators over ia limit. trials=2: success.
Step 514, DM 2: 1 actuators over ia limit. trials=2: success.
Step 515, DM 2: 1 actuators over ia limit. trials=2: success.
Step 516, DM 2: 1 actuators over ia limit. trials=2: success.
Step 517, DM 2: 1 actuators over ia limit. trials=2: success.
Step 518, DM 2: 1 actuators over ia limit. trials=2: success.
Step   519: OL  932.5  642.1  OA  116.1  16.6 CL  116.1  16.6 nm  0.074 s
Step 519, DM 2: 1 actuators over ia limit. trials=2: success.
Step 520, DM 2: 1 actuators over ia limit. trials=2: success.
Step 521, DM 2: 1 actuators over ia limit. trials=2: success.
Step 522, DM 2: 1 actuators over ia limit. trials=2: success.
Step 523, DM 2: 1 actuators over ia limit. trials=2: success.
Step 524, DM 2: 1 actuators over ia limit. trials=2: success.
Step 525, DM 2: 1 actuators over ia limit. trials=2: success.
Step 526, DM 2: 1 actuators over ia limit. trials=2: success.
Step 527, DM 2: 1 actuators over ia limit. trials=2: success.
Step 528, DM 2: 1 actuators over ia limit. trials=2: success.
Step 529, DM 2: 1 actuators over ia limit. trials=2: success.
Step 530, DM 2: 1 actuators over ia limit. trials=2: success.
Step 531, DM 2: 1 actuators over ia limit. trials=2: success.
Step 532, DM 2: 1 actuators over ia limit. trials=2: success.
Step   533: OL  937.9  653.6  OA  119.0  22.3 CL  119.0  22.3 nm  0.077 s
Step 533, DM 2: 1 actuators over ia limit. trials=2: success.
Step 534, DM 2: 1 actuators over ia limit. trials=2: success.
Step 535, DM 2: 1 actuators over ia limit. trials=2: success.
Step 536, DM 2: 1 actuators over ia limit. trials=2: success.
Step 537, DM 2: 1 actuators over ia limit. trials=2: success.
Step 538, DM 2: 1 actuators over ia limit. trials=2: success.
Step 539, DM 2: 1 actuators over ia limit. trials=2: success.
Step   546: OL  945.1  661.3  OA  121.7  40.0 CL  121.7  40.0 nm  0.074 s
Step   559: OL  954.7  666.5  OA  114.6  36.0 CL  114.6  36.0 nm  0.074 s
Step   573: OL  966.8  669.7  OA  117.8  37.8 CL  117.8  37.8 nm  0.072 s
Step   587: OL  980.7  670.7  OA  119.6  40.6 CL  119.6  40.6 nm  0.072 s
Step   601: OL  996.3  668.7  OA  115.2  29.7 CL  115.2  29.7 nm  0.074 s
Step 604, DM 2: 1 actuators over ia limit. trials=2: success.
Step 605, DM 2: 1 actuators over ia limit. trials=2: success.
Step 606, DM 2: 1 actuators over ia limit. trials=2: success.
Step 607, DM 2: 1 actuators over ia limit. trials=2: success.
Step 608, DM 2: 1 actuators over ia limit. trials=2: success.
Step   615: OL 1012.4  663.5  OA  113.1  22.0 CL  113.1  22.0 nm  0.081 s
Step   629: OL 1028.6  655.4  OA  114.9  35.6 CL  114.9  35.6 nm  0.075 s
Step   642: OL 1042.9  645.6  OA  115.7  26.8 CL  115.7  26.8 nm  0.073 s
Step   656: OL 1056.8  633.1  OA  115.0  25.8 CL  115.0  25.8 nm  0.080 s
Step   670: OL 1069.4  619.0  OA  116.7  35.2 CL  116.7  35.2 nm  0.073 s
Step   684: OL 1081.2  604.4  OA  121.1  37.7 CL  121.1  37.7 nm  0.073 s
Step   698: OL 1091.6  589.2  OA  114.4  22.1 CL  114.4  22.1 nm  0.074 s
Step   712: OL 1099.6  572.6  OA  115.9  19.3 CL  115.9  19.3 nm  0.083 s
Step   726: OL 1104.2  555.3  OA  119.3  25.4 CL  119.3  25.4 nm  0.074 s
Step   740: OL 1105.3  538.0  OA  114.7   6.5 CL  114.7   6.5 nm  0.073 s
Step   754: OL 1103.1  520.9  OA  115.9  11.4 CL  115.9  11.4 nm  0.072 s
Step   767 updated high order loop gain: 0.315
Step   768: OL 1097.4  504.6  OA  119.7  12.1 CL  119.7  12.1 nm  0.084 s
Step   782: OL 1088.4  488.8  OA  116.5  11.9 CL  116.5  11.9 nm  0.072 s
Step   796: OL 1075.4  473.2  OA  119.5  20.3 CL  119.5  20.3 nm  0.074 s
Step   809: OL 1060.9  458.6  OA  119.0  13.7 CL  119.0  13.7 nm  0.091 s
Step   823: OL 1042.6  443.1  OA  118.1  15.2 CL  118.1  15.2 nm  0.074 s
Step   837: OL 1021.8  427.9  OA  128.0  34.8 CL  128.0  34.8 nm  0.075 s
Step   851: OL  999.9  413.7  OA  121.3  34.8 CL  121.3  34.8 nm  0.074 s
Step   865: OL  977.9  400.7  OA  118.6  29.1 CL  118.6  29.1 nm  0.074 s
Step   879: OL  956.9  389.3  OA  120.4  50.1 CL  120.4  50.1 nm  0.074 s
Step   893: OL  936.5  379.5  OA  119.0  47.5 CL  119.0  47.5 nm  0.074 s
Step   907: OL  914.9  371.0  OA  121.4  49.9 CL  121.4  49.9 nm  0.073 s
Step   921: OL  892.7  364.0  OA  127.3  65.5 CL  127.3  65.5 nm  0.073 s
Step   935: OL  870.6  357.3  OA  134.3  74.8 CL  134.3  74.8 nm  0.077 s
Step   948: OL  850.9  351.1  OA  128.4  63.4 CL  128.4  63.4 nm  0.075 s
Step   961: OL  832.3  344.4  OA  135.6  80.4 CL  135.6  80.4 nm  0.071 s
Step   975: OL  815.2  336.4  OA  131.5  76.0 CL  131.5  76.0 nm  0.074 s
Step   989: OL  800.3  327.4  OA  134.8  74.0 CL  134.8  74.0 nm  0.079 s
Step  1003: OL  786.7  317.4  OA  137.1  72.5 CL  137.1  72.5 nm  0.074 s
Step  1017: OL  774.7  306.7  OA  137.2  75.8 CL  137.2  75.8 nm  0.071 s
Step  1023 updated high order loop gain: 0.306
Step  1031: OL  764.8  295.8  OA  147.7  89.8 CL  147.7  89.8 nm  0.077 s
Step  1045: OL  756.6  284.0  OA  149.7  93.6 CL  149.7  93.6 nm  0.079 s
Step  1059: OL  748.4  271.0  OA  140.1  77.9 CL  140.1  77.9 nm  0.073 s
Step  1072: OL  741.9  257.4  OA  148.0  85.6 CL  148.0  85.6 nm  0.074 s
Step  1086: OL  737.4  241.2  OA  131.4  65.6 CL  131.4  65.6 nm  0.080 s
Step  1100: OL  735.2  225.4  OA  135.4  74.9 CL  135.4  74.9 nm  0.072 s
Step  1114: OL  734.6  211.1  OA  145.1  91.2 CL  145.1  91.2 nm  0.078 s
Step  1128: OL  734.8  198.5  OA  129.2  67.1 CL  129.2  67.1 nm  0.072 s
Step  1142: OL  735.5  188.3  OA  127.9  65.9 CL  127.9  65.9 nm  0.072 s
Step  1156: OL  736.4  180.1  OA  130.6  66.2 CL  130.6  66.2 nm  0.078 s
Step  1169: OL  737.0  174.6  OA  125.2  58.7 CL  125.2  58.7 nm  0.073 s
Step  1183: OL  738.7  170.7  OA  127.8  63.0 CL  127.8  63.0 nm  0.073 s
Step  1197: OL  741.6  167.7  OA  124.1  50.0 CL  124.1  50.0 nm  0.079 s
Step  1211: OL  744.7  165.1  OA  123.8  49.7 CL  123.8  49.7 nm  0.073 s
Step  1225: OL  747.9  163.7  OA  125.9  52.5 CL  125.9  52.5 nm  0.073 s
Step  1239: OL  750.2  164.2  OA  123.2  46.2 CL  123.2  46.2 nm  0.073 s
Step  1253: OL  752.1  167.1  OA  120.5  55.1 CL  120.5  55.1 nm  0.079 s
Step  1267: OL  754.8  172.5  OA  121.4  60.3 CL  121.4  60.3 nm  0.072 s
Step  1279 updated high order loop gain: 0.297
Step  1281: OL  758.2  179.8  OA  124.4  56.2 CL  124.4  56.2 nm  0.073 s
Step  1294: OL  762.6  187.8  OA  126.2  52.5 CL  126.2  52.5 nm  0.082 s
Step  1308: OL  767.2  197.6  OA  125.2  50.0 CL  125.2  50.0 nm  0.072 s
Step  1322: OL  771.3  208.5  OA  122.2  43.5 CL  122.2  43.5 nm  0.076 s
Step  1336: OL  776.5  220.7  OA  124.5  57.0 CL  124.5  57.0 nm  0.073 s
Step  1349: OL  782.8  232.6  OA  123.6  59.9 CL  123.6  59.9 nm  0.072 s
Step  1362: OL  791.0  243.9  OA  130.7  65.5 CL  130.7  65.5 nm  0.072 s
Step  1376: OL  800.9  253.9  OA  120.5  53.6 CL  120.5  53.6 nm  0.072 s
Step  1390: OL  812.0  261.9  OA  123.1  50.9 CL  123.1  50.9 nm  0.073 s
Step  1404: OL  824.8  267.9  OA  128.6  63.2 CL  128.6  63.2 nm  0.075 s
Step  1418: OL  838.8  272.1  OA  124.7  60.4 CL  124.7  60.4 nm  0.072 s
Step  1432: OL  853.2  275.3  OA  128.0  61.2 CL  128.0  61.2 nm  0.083 s
Step  1446: OL  866.8  277.9  OA  119.4  48.8 CL  119.4  48.8 nm  0.073 s
Step  1460: OL  879.5  279.4  OA  120.7  54.0 CL  120.7  54.0 nm  0.073 s
Step  1474: OL  889.5  279.0  OA  118.2  48.3 CL  118.2  48.3 nm  0.079 s
Step  1488: OL  895.4  276.6  OA  121.0  44.0 CL  121.0  44.0 nm  0.073 s
Step  1502: OL  897.8  272.1  OA  134.9  72.4 CL  134.9  72.4 nm  0.081 s
Step  1516: OL  897.1  266.0  OA  122.2  50.8 CL  122.2  50.8 nm  0.075 s
Step  1530: OL  893.6  258.6  OA  120.8  56.5 CL  120.8  56.5 nm  0.072 s
Step  1535 updated high order loop gain: 0.298
Step  1544: OL  887.7  249.8  OA  128.5  72.7 CL  128.5  72.7 nm  0.075 s
Step  1558: OL  880.7  240.5  OA  137.0  81.6 CL  137.0  81.6 nm  0.071 s
Step  1572: OL  873.4  231.9  OA  128.7  63.5 CL  128.7  63.5 nm  0.082 s
Step  1586: OL  865.2  224.7  OA  131.1  61.5 CL  131.1  61.5 nm  0.076 s
Step 1599: Output PSF
Step  1599: OL  856.8  219.2  OA  133.6  70.6 CL  133.6  70.6 nm  1.198 s
Mean: 124.85 53.10 112.99  nm.

*** Simulation Finished at 2025/02/09 17:16:05 in nid003257. ***

