Warning(sock.c:516): connect locally (/global/homes/b/bpeck/.aos/tmp/nid001972/scheduler) failed: Invalid argument. 
/global/cfs/cdirs/ulens/vismcao/maos -o studies/reduced_ngs/9_lgs/8mag_lgs/3750count -c master_files/reduced_ngs/9_lgs/8mag_lgs/kola_3750act.conf -O 
Output folder is 'studies/reduced_ngs/9_lgs/8mag_lgs/3750count'.
SRC: /global/homes/b/bpeck/code/maos v2.9 4c88b7c2 2024-11-13 16:45:33 -0800
BUILT: /global/homes/b/bpeck/code/maos/optim by GCC (v12) on 2024/11/18 09:40:03 CPU(F64,+O3) with CUDA(v122,F32)
Launched at 2025/02/17 15:13:09 in nid001972 with PID 1695391.
The web based job monitor can be accessed at http://localhost:10300
Main config file is /global/cfs/cdirs/ulens/vismcao/master_files/reduced_ngs/9_lgs/8mag_lgs/kola_3750act.conf
Warning(path.c:48): Path not found: path=/global/cfs/cdirs/ulens/vismcao/master_files/reduced_ngs/9_lgs/8mag_lgs/bin; abspath=/global/cfs/cdirs/ulens/vismcao/master_files/reduced_ngs/9_lgs/8mag_lgs/bin; Ignored.
Warning(path.c:48): Path not found: path=/global/cfs/cdirs/ulens/vismcao/master_files/reduced_ngs/9_lgs/8mag_lgs/atm; abspath=/global/cfs/cdirs/ulens/vismcao/master_files/reduced_ngs/9_lgs/8mag_lgs/atm; Ignored.
Warning(readcfg.c:399): sim.apfsm has been renamed to powfs.apfsm.
Warning(readcfg.c:399): sim.epfsm has been renamed to powfs.epfsm.
Warning(readcfg.c:399): sim.alfsm has been renamed to powfs.alfsm.
Warning(readcfg.c:399): sim.commonfsm has been renamed to powfs.commonfsm.
Warning(readcfg.c:399): sim.idealfsm has been renamed to powfs.idealfsm.
Warning(readcfg.c:399): sim.zetafsm has been renamed to powfs.zetafsm.
Warning(readcfg.c:399): sim.f0fsm has been renamed to powfs.f0fsm.
Warning(readcfg.c:399): tsurf has been renamed to ncpa.tsurf.
loaded 132 (132 new) records from '/global/cfs/cdirs/ulens/vismcao/./keck_sim.conf'
loaded  19 ( 19 new) records from '/global/cfs/cdirs/ulens/vismcao/./dm_none.conf'
loaded  19 (  0 new) records from '/global/cfs/cdirs/ulens/vismcao/./keck_ASM.conf'
loaded  19 (  0 new) records from '/global/cfs/cdirs/ulens/vismcao/./keck_DM2.conf'
loaded  19 (  0 new) records from '/global/cfs/cdirs/ulens/vismcao/./keck_DM3.conf'
loaded   0 (  0 new) records from '/global/cfs/cdirs/ulens/vismcao/./keck_dm_multiple.conf'
loaded   7 (  5 new) records from '/global/cfs/cdirs/ulens/vismcao/./atm_mk13n50p_ground_detail.conf'
loaded  76 ( 69 new) records from '/global/homes/b/bpeck/code/maos/config/maos/powfs_common.conf'
loaded  44 ( 38 new) records from '/global/cfs/cdirs/ulens/vismcao/./powfs_none.conf'
loaded  44 (  0 new) records from '/global/cfs/cdirs/ulens/vismcao/./keck_shwfs_lgs.conf'
loaded  44 (  0 new) records from '/global/cfs/cdirs/ulens/vismcao/./keck_shwfs_ttf_strap.conf'
loaded  44 (  0 new) records from '/global/cfs/cdirs/ulens/vismcao/./keck_shwfs_twfs_lbwfs.conf'
loaded   0 (  0 new) records from '/global/cfs/cdirs/ulens/vismcao/./keck_wfs_lgs_strap_lbwfs.conf'
loaded  71 ( 71 new) records from '/global/cfs/cdirs/ulens/vismcao/./keck_recon.conf'
Warning(readcfg.c:399): dbg.na_smooth has been renamed to powfs0_llt.na_smooth.
Warning(readcfg.c:399): dbg.na_interp has been renamed to powfs0_llt.na_interp.
Warning(readcfg.c:399): dbg.na_thres has been renamed to powfs0_llt.na_thres.
Warning(readcfg.c:399): dbg.na_fit_maxit has been renamed to powfs0_llt.na_fit_maxit.
Warning(readcfg.c:399): dbg.na_fit_svdthres has been renamed to powfs0_llt.na_fit_svdthres.
Warning(readcfg.c:399): dbg.na_fit_dh has been renamed to powfs0_llt.na_fit_dh.
Warning(readcfg.c:399): dbg.ncpa_preload has been renamed to ncpa.preload.
Warning(readcfg.c:399): dbg.ncpa_rmsci has been renamed to ncpa.rmsci.
Warning(readcfg.c:399): dbg.draw_opdmax has been renamed to plot.opdmax.
Warning(readcfg.c:399): dbg.draw_gmax has been renamed to plot.gmax.
loaded  95 ( 93 new) records from '/global/cfs/cdirs/ulens/vismcao/./keck_dbg.conf'
loaded   4 (  4 new) records from '/global/cfs/cdirs/ulens/vismcao/./keck_fit_mcao.conf'
Warning(readcfg.c:399): surf has been renamed to ncpa.surf.
loaded  39 (  7 new) records from '/global/cfs/cdirs/ulens/vismcao/master_files/reduced_ngs/9_lgs/8mag_lgs/kola_3750act.conf'
loaded   0 (  0 new) records from 'command line'
loaded  24 ( 18 new) records from '/global/cfs/cdirs/ulens/vismcao/./keck_llt_CL.conf'
Adjust LGS range by telescope altitude 4145m.
Zenith angle is 30 degree.
    Scaling turbulence height and LGS hs by sec(za).
    Scaling r0 by cos(za)^(3/5).
    Scaling wind speed and LGS signal level by cos(za).
powfs0: Adjusting dx from 0.0078125 to 0.00795. 
powfs0.llt.fsm: f0=0 Hz, LPF ep=0
powfs0.epfsm is set to 0.517618 (auto)
powfs2: Adjusting dx from 0.03125 to 0.0312778. 
powfs2 is TWFS for powfs0
sim.ephi is set to 0.427717 (auto)
sim.eplo is set to 0.427717 (auto)
Warning(parms.c:2296): Layer 1 at 17.3205m is very close to layer 0 at 0m (OK).
Warning(parms.c:2296): Layer 2 at 34.641m is very close to layer 1 at 17.3205m (OK).
Warning(parms.c:2296): Layer 3 at 51.9615m is very close to layer 2 at 34.641m (OK).
dm 0: stroke=30 um is provided in micron.
dm 0: assume ia stroke=2 um is provided in micron.
dm 1: stroke=7 um is provided in micron.
dm 1: assume ia stroke=2 um is provided in micron.
dm 2: stroke=7 um is provided in micron.
dm 2: assume ia stroke=2 um is provided in micron.
Focus blending is not implemented yet for integrated tomography
parms->sim.mffocus is reset to 0
There are 1 valid simulation seeds:  1
Output PSF for 1 directions
Used 449 of 456 supplied keys
Warning(readcfg.c:158): key "dbg.pwfs_flate" is not recognized, value is 0
Warning(readcfg.c:158): key "dbg.pwfs_flatv" is not recognized, value is 0
Warning(readcfg.c:158): key "dbg.pwfs_psx" is not recognized, value is [0 0 0 0]
Warning(readcfg.c:158): key "dbg.pwfs_psy" is not recognized, value is [0 0 0 0]
Warning(readcfg.c:158): key "dbg.pwfs_pupelong" is not recognized, value is 0
Warning(readcfg.c:158): key "dbg.pwfs_raw" is not recognized, value is 0
Warning(readcfg.c:158): key "dbg.pwfs_side" is not recognized, value is 4
[00;00mAperture[00;00m is 11 m with sampling 1/128 m
[00;00mTurbulence at 30 degree zenith angle:[00;00m r0=0.128424m, L0=30m, 14 layers.
    Greenwood freq is 25.1Hz, anisoplanatic angle is 1.58 as
    Sampled 8192x8192 at 1/128m. wind dir is randomized.
    layer 0: ht=      0 m, wt= 0.302, ws=  4.8 m/s
    layer 1: ht=     17 m, wt= 0.154, ws=  5.0 m/s
    layer 2: ht=     35 m, wt= 0.041, ws=  5.4 m/s
    layer 3: ht=     52 m, wt= 0.002, ws=  6.6 m/s
    layer 4: ht=    139 m, wt= 0.021, ws=  6.1 m/s
    layer 5: ht=    231 m, wt= 0.010, ws=  6.1 m/s
    layer 6: ht=    323 m, wt= 0.008, ws=  6.1 m/s
    layer 7: ht=    416 m, wt= 0.005, ws=  6.1 m/s
    layer 8: ht=    508 m, wt= 0.001, ws=  6.1 m/s
    layer 9: ht=    932 m, wt= 0.107, ws=  5.6 m/s
    layer 10: ht=   5022 m, wt= 0.144, ws= 11.1 m/s
    layer 11: ht=   9238 m, wt= 0.093, ws= 19.1 m/s
    layer 12: ht=  13856 m, wt= 0.075, ws=  8.2 m/s
    layer 13: ht=  22518 m, wt= 0.036, ws=  4.8 m/s
[00;00mReconstruction[00;00m: r0=0.128424m L0=30m. 14 layers. use cone coordinate.
    layer 0: ht=      0 m, wt= 0.302
    layer 1: ht=     17 m, wt= 0.154
    layer 2: ht=     35 m, wt= 0.041
    layer 3: ht=     52 m, wt= 0.002
    layer 4: ht=    139 m, wt= 0.021
    layer 5: ht=    231 m, wt= 0.010
    layer 6: ht=    323 m, wt= 0.008
    layer 7: ht=    416 m, wt= 0.005
    layer 8: ht=    508 m, wt= 0.001
    layer 9: ht=    932 m, wt= 0.107
    layer 10: ht=   5022 m, wt= 0.144
    layer 11: ht=   9238 m, wt= 0.093
    layer 12: ht=  13856 m, wt= 0.075
    layer 13: ht=  22518 m, wt= 0.036
[00;00mThere are 3 powfs[00;00m
  powfs0: Order 70, LGS at 99.1 km. Sampling 1/125.786 m. Thres 30%. [00;00mT/T is removed in right hand side in tomography.[00;00m
    CCD image is 25x25 @ 500x500 mas, blur 27% (sigma), 1500Hz, wvl: [ 5.89e-07]
    Gtilt in reconstruction. Physical optics start at 0 with [00;00m'matched filter'[00;00m [00;00m(noisy)[00;00m
  powfs1: Order  2, NGS at inf km. Sampling 1/16 m. Thres 30%. 
    Ztilt in reconstruction. Geomtric optics start at 2 with ztilt [00;00m(noisy)[00;00m
  powfs2: Order 20, NGS at inf km. Sampling 1/31.9716 m. Thres 50%. 
    CCD image is 4x4 @ 1500x1500 mas, blur 0% (sigma), 0.015Hz, wvl: [ 7.2e-07]
    Gtilt in reconstruction. Geomtric optics start at 50 with gtilt Physical optics start at 0 with [00;00m'matched filter'[00;00m [00;00m(noisy)[00;00m
[00;00mThere are 13 wfs[00;00m
    wfs 0: type 0, at (  30.00,    0.00) arcsec,  99 km, siglev is 30.3126 bkgrnd is 0.1
    wfs 1: type 0, at (  22.98,   19.28) arcsec,  99 km, siglev is 30.3126 bkgrnd is 0.1
    wfs 2: type 0, at (   5.21,   29.54) arcsec,  99 km, siglev is 30.3126 bkgrnd is 0.1
    wfs 3: type 0, at ( -15.00,   25.98) arcsec,  99 km, siglev is 30.3126 bkgrnd is 0.1
    wfs 4: type 0, at ( -28.19,   10.26) arcsec,  99 km, siglev is 30.3126 bkgrnd is 0.1
    wfs 5: type 0, at ( -28.19,  -10.26) arcsec,  99 km, siglev is 30.3126 bkgrnd is 0.1
    wfs 6: type 0, at ( -15.00,  -25.98) arcsec,  99 km, siglev is 30.3126 bkgrnd is 0.1
    wfs 7: type 0, at (   5.21,  -29.54) arcsec,  99 km, siglev is 30.3126 bkgrnd is 0.1
    wfs 8: type 0, at (  22.98,  -19.28) arcsec,  99 km, siglev is 30.3126 bkgrnd is 0.1
    wfs 9: type 1, at (   5.00,    8.66) arcsec, inf km, siglev is 42387.6 bkgrnd is 1.056
    wfs 10: type 1, at ( -10.00,    0.00) arcsec, inf km, siglev is 42387.6 bkgrnd is 1.056
    wfs 11: type 1, at (   5.00,   -8.66) arcsec, inf km, siglev is 42387.6 bkgrnd is 1.056
    wfs 12: type 2, at (   0.00,    0.00) arcsec, inf km, siglev is 4.1558e+06 bkgrnd is 0.001
[00;00mThere are 3 DMs[00;00m
  DM 0 at -0.1km, actuator pitch 0.159m, offset   0, with 30.000000 micron stroke.
    Normalized cubic influence function with inter-actuator coupling of 0.223
  DM 1 at    6km, actuator pitch 0.168m, offset   0, with 7.000000 micron stroke.
    Normalized cubic influence function with inter-actuator coupling of 0.223
  DM 2 at   10km, actuator pitch 0.168m, offset   0, with 7.000000 micron stroke.
    Normalized cubic influence function with inter-actuator coupling of 0.223
[00;00mTomography[00;00m is using CG, with [00;00mFourer Domain[00;00m preconditioner, [00;00m12[00;00m iterations, integrated tomo.
[00;00mDM Fitting [00;00mis using CG, with [00;00mNo[00;00m preconditioner, [00;00m10[00;00m iterations
[00;00mThere are 9 fit directions[00;00m
    Fit 0: weight is 0.444, at (   0.00,    0.00) arcsec
    Fit 1: weight is 0.111, at (  15.00,    0.00) arcsec
    Fit 2: weight is 0.111, at (   0.00,   15.00) arcsec
    Fit 3: weight is 0.111, at ( -15.00,    0.00) arcsec
    Fit 4: weight is 0.111, at (   0.00,  -15.00) arcsec
    Fit 5: weight is 0.028, at (  15.00,   15.00) arcsec
    Fit 6: weight is 0.028, at ( -15.00,   15.00) arcsec
    Fit 7: weight is 0.028, at ( -15.00,  -15.00) arcsec
    Fit 8: weight is 0.028, at (  15.00,  -15.00) arcsec
[00;00mThere are 1 evaluation directions[00;00m at sampling 1/128 m.
    Evl 0: weight is 1.000, at (   0.00,    0.00) arcsec
[00;00mSimulation[00;00m start at step 0, end at step 1600, with time step 1/1500s, [00;00mclose loop[00;00m.
After setup_parms:	120.4 MiB.
Warning(sock.c:516): connect locally (/global/homes/b/bpeck/.aos/tmp/nid001972/scheduler) failed: Invalid argument. 
CUDA: minimum memory requirement is 0.3GB
GPU 0 is NVIDIA A100-SXM4-40GB with arch 8.0, 38.9GB free, 39.3GB total device memory.
Using GPU 0
Use 1 GPUs for WFS Tomo Fit Evl

*** Preparation started at 2025/02/17 15:13:10 in nid001972. ***

Using OpenMP version 201511 with 128 threads
Reading aperture amplitude map from KECK.fits
Warning(accphi.c:477): 108267 points not covered by input screen
Warning(sock.c:516): connect locally (/global/homes/b/bpeck/.aos/tmp/nid001972/scheduler) failed: Invalid argument. 
 ->maos.c:447->setup.c:148->aper.c:74->utils.c:478->accphi.c:478
iwvl 0: Science PSF is using grid size of 2880. The PSF will sum to 6.95167232825486
iwvl 1: Science PSF is using grid size of 2880. The PSF will sum to 6.95167232825486
iwvl 2: Science PSF is using grid size of 2880. The PSF will sum to 6.95167232825486
iwvl 3: Science PSF is using grid size of 2880. The PSF will sum to 6.95167232825486
iwvl 4: Science PSF is using grid size of 2880. The PSF will sum to 6.95167232825486
iwvl 5: Science PSF is using grid size of 2880. The PSF will sum to 6.95167232825486
iwvl 6: Science PSF is using grid size of 2880. The PSF will sum to 6.95167232825486
iwvl 7: Science PSF is using grid size of 2880. The PSF will sum to 6.95167232825486
iwvl 8: Science PSF is using grid size of 2880. The PSF will sum to 6.95167232825486
After setup_aper:	340.8 MiB.

[00;00mSetting up powfs 0 geom[00;00m

There are 20 points in each subaperture of 0.159m.
There are 2972 valid subaperture.

[00;00mSetting up powfs 1 geom[00;00m

There are 88 points in each subaperture of 5.5m.
There are 4 valid subaperture.

[00;00mSetting up powfs 2 geom[00;00m

There are 18 points in each subaperture of 0.563m.
There are 236 valid subaperture.
After setup_powfs_init:	417.5 MiB.

[00;00mSetting up reconstructor geometry.[00;00m

PLOC is 143x143, with sampling of 0.08m (square)
    DM 0: grid is 73 x 73
    DM 1: grid is 75 x 75
    DM 2: grid is 80 x 79
FLOC is 143x143, with sampling of 0.08m (not square)
Tomography grid is square:
    layer 0: xloc grid is 252 x 252, sampling is 0.080 m, 63504 points
    layer 1: xloc grid is 252 x 252, sampling is 0.079 m, 63504 points
    layer 2: xloc grid is 252 x 252, sampling is 0.079 m, 63504 points
    layer 3: xloc grid is 252 x 252, sampling is 0.079 m, 63504 points
    layer 4: xloc grid is 252 x 252, sampling is 0.079 m, 63504 points
    layer 5: xloc grid is 252 x 252, sampling is 0.079 m, 63504 points
    layer 6: xloc grid is 252 x 252, sampling is 0.079 m, 63504 points
    layer 7: xloc grid is 252 x 252, sampling is 0.079 m, 63504 points
    layer 8: xloc grid is 252 x 252, sampling is 0.079 m, 63504 points
    layer 9: xloc grid is 252 x 252, sampling is 0.079 m, 63504 points
    layer 10: xloc grid is 252 x 252, sampling is 0.075 m, 63504 points
    layer 11: xloc grid is 252 x 252, sampling is 0.072 m, 63504 points
    layer 12: xloc grid is 252 x 252, sampling is 0.068 m, 63504 points
    layer 13: xloc grid is 252 x 252, sampling is 0.061 m, 63504 points

[00;00mSetting up powfs 0 PO WFS[00;00m

OTF dimension is 40x40 (calculated)
There is no bias
Uplink FWHM (illt 0, iwvl 0) is 0.576805"
Downlink FWHM (illt 0, iwvl 0) is 1.30857"
Generating matched filter for powfs 0
sa index   location       noise equivalent angle
    1483: (  4.9,  -0.2) m, (136.09, 132.28) mas
    1476: (  3.8,  -0.2) m, (143.85, 133.86) mas
    1469: (  2.7,  -0.2) m, (154.70, 135.98) mas
    1462: (  1.6,  -0.2) m, (167.56, 138.21) mas
    1460: (  1.3,  -0.2) m, (171.73, 138.85) mas
    1024: ( -0.5,  -1.4) m, (200.15, 145.23) mas
    1457: ( -1.7,  -0.2) m, (226.26, 144.35) mas
    1450: ( -2.9,  -0.2) m, (253.73, 146.08) mas
    1443: ( -4.0,  -0.2) m, (278.58, 147.71) mas
    1436: ( -5.1,  -0.2) m, (298.09, 149.31) mas
    1434: ( -5.4,  -0.2) m, (302.10, 149.71) mas
sa index   location       noise equivalent angle
    2562: (  3.7,   3.0) m, (135.08, 134.29) mas
    2306: (  2.7,   2.2) m, (141.79, 139.66) mas
    2019: (  1.7,   1.4) m, (152.12, 147.95) mas
    1784: (  1.0,   0.8) m, (162.28, 155.75) mas
    1087: (  0.5,  -1.3) m, (178.19, 189.58) mas
    1189: ( -1.1,  -1.0) m, (193.89, 179.95) mas
     955: ( -1.9,  -1.6) m, (207.26, 188.92) mas
     668: ( -2.9,  -2.4) m, (224.25, 201.00) mas
     412: ( -3.8,  -3.2) m, (242.19, 214.73) mas
      80: ( -3.0,  -4.5) m, (226.63, 237.52) mas
sa index   location       noise equivalent angle
    2800: (  0.6,   4.0) m, (133.72, 141.79) mas
    2591: (  0.5,   3.2) m, (144.51, 161.16) mas
    2291: (  0.3,   2.2) m, (137.60, 158.76) mas
    1949: (  0.2,   1.3) m, (139.98, 170.56) mas
    1404: ( -1.4,  -0.3) m, (151.77, 197.94) mas
    1025: ( -0.3,  -1.4) m, (146.37, 216.95) mas
     683: ( -0.5,  -2.4) m, (148.35, 240.21) mas
     383: ( -0.6,  -3.3) m, (160.78, 282.02) mas
     174: ( -0.8,  -4.1) m, (152.21, 282.45) mas
       1: ( -2.4,  -4.9) m, (169.94, 308.37) mas
sa index   location       noise equivalent angle
    2899: ( -2.7,   4.5) m, (132.67, 134.17) mas
    2702: ( -2.2,   3.7) m, (135.21, 139.00) mas
    2379: ( -1.6,   2.5) m, (140.70, 149.52) mas
    2002: ( -1.0,   1.4) m, (147.39, 162.59) mas
    1885: ( -0.8,   1.1) m, (149.26, 166.76) mas
    1138: ( -1.0,  -1.1) m, (151.47, 200.00) mas
    1088: (  0.6,  -1.3) m, (166.69, 205.71) mas
     972: (  0.8,  -1.6) m, (168.84, 212.32) mas
     595: (  1.4,  -2.7) m, (176.91, 234.90) mas
     272: (  2.1,  -3.8) m, (185.93, 257.99) mas
      75: (  2.5,  -4.6) m, (193.52, 273.70) mas
sa index   location       noise equivalent angle
    1924: ( -3.8,   1.3) m, (142.39, 134.98) mas
    1869: ( -3.3,   1.1) m, (146.19, 136.22) mas
    1725: ( -2.1,   0.6) m, (168.42, 146.76) mas
    1678: ( -1.4,   0.5) m, (168.42, 143.15) mas
    1027: (  0.0,  -1.4) m, (199.02, 165.77) mas
    1297: (  1.4,  -0.6) m, (218.64, 155.32) mas
    1248: (  1.9,  -0.8) m, (241.70, 165.08) mas
    1104: (  3.2,  -1.3) m, (259.00, 162.46) mas
    1050: (  3.7,  -1.4) m, (270.59, 164.71) mas
    1375: (  5.1,  -0.5) m, (300.80, 158.26) mas
sa index   location       noise equivalent angle
     819: ( -4.6,  -1.9) m, (145.86, 142.65) mas
    1003: ( -3.8,  -1.4) m, (142.39, 134.98) mas
    1066: ( -3.3,  -1.3) m, (146.19, 136.22) mas
    1235: ( -2.1,  -0.8) m, (170.30, 148.76) mas
    1293: ( -1.4,  -0.6) m, (168.42, 143.15) mas
    1948: (  0.0,   1.3) m, (199.02, 165.77) mas
    1682: (  1.4,   0.5) m, (218.64, 155.32) mas
    1738: (  1.9,   0.6) m, (238.69, 162.79) mas
    1908: (  3.2,   1.1) m, (259.00, 162.46) mas
    1971: (  3.7,   1.3) m, (270.59, 164.71) mas
    1650: (  5.1,   0.3) m, (300.80, 158.26) mas
sa index   location       noise equivalent angle
      42: ( -2.7,  -4.6) m, (132.67, 134.17) mas
     245: ( -2.2,  -3.8) m, (135.21, 139.00) mas
     576: ( -1.6,  -2.7) m, (140.70, 149.52) mas
     961: ( -1.0,  -1.6) m, (147.39, 162.59) mas
    1082: ( -0.8,  -1.3) m, (149.26, 166.76) mas
    1832: ( -1.0,   1.0) m, (151.37, 199.92) mas
    1892: (  0.6,   1.1) m, (166.69, 205.71) mas
    2013: (  0.8,   1.4) m, (168.84, 212.32) mas
    2398: (  1.4,   2.5) m, (176.91, 234.90) mas
    2729: (  2.1,   3.7) m, (185.93, 257.99) mas
    2932: (  2.5,   4.5) m, (193.52, 273.70) mas
sa index   location       noise equivalent angle
       8: (  0.6,  -4.9) m, (138.27, 142.49) mas
     183: (  0.6,  -4.1) m, (133.72, 141.79) mas
     390: (  0.5,  -3.3) m, (144.29, 159.65) mas
     688: (  0.3,  -2.4) m, (137.60, 158.76) mas
    1028: (  0.2,  -1.4) m, (139.98, 170.56) mas
    1567: ( -1.4,   0.2) m, (151.77, 197.94) mas
    1946: ( -0.3,   1.3) m, (146.37, 216.95) mas
    2286: ( -0.5,   2.2) m, (148.35, 240.21) mas
    2584: ( -0.6,   3.2) m, (161.19, 284.82) mas
    2791: ( -0.8,   4.0) m, (152.21, 282.45) mas
    2961: ( -2.4,   4.8) m, (174.32, 315.70) mas
sa index   location       noise equivalent angle
     459: (  3.7,  -3.2) m, (135.08, 134.29) mas
     703: (  2.7,  -2.4) m, (141.79, 139.66) mas
     978: (  1.7,  -1.6) m, (152.12, 147.95) mas
    1192: (  1.0,  -1.0) m, (162.28, 155.75) mas
    1891: (  0.5,   1.1) m, (174.47, 185.77) mas
    1781: ( -1.1,   0.8) m, (193.75, 179.82) mas
    1996: ( -1.9,   1.4) m, (207.26, 188.92) mas
    2271: ( -2.9,   2.2) m, (224.25, 201.00) mas
    2515: ( -3.8,   3.0) m, (242.19, 214.73) mas
    2857: ( -3.0,   4.3) m, (226.63, 237.52) mas

[00;00mSetting up powfs 2 PO WFS[00;00m

OTF dimension is 48x48 (calculated)
Generating matched filter for powfs 2
Use sanea to derive neasim
Use sanea to derive neasim

[00;00mSetting up reconstructor[00;00m

Recon NEA: cmf(184.79) cmf(183.38) cmf(184.31) cmf(183.88) cmf(184.17) cmf(184.15) cmf(183.81) cmf(184.24) cmf(183.33) geom(0.31) geom(0.31) geom(0.31) mf(0.14)  mas
Setup or update control matrix parameters.
RRtwfs svd threshold is 1e-10
Replacing HA by HA*fit->actextrap
Adding piston cr to fit matrix
Adding TT cr on upper DMs to fit matrix.
Before assembling fit matrix:	4805.4 MiB.
Building fit->FR
Building fit->FL
Adding tikhonov constraint of 1.0e-07 to FLM
The maximum eigen value is estimated to be around 2.8e-04
DM Fit number of Low rank terms: 16 in LHS
After assemble fit matrix:	6537.2 MiB.
After setup_recon:	6537.2 MiB.
GPU 0: mem used 1758 MB (wfs init)
GPU 0: mem used 2784 MB (recon init)
GPU 0: mem used 2814 MB (perf init)

*** Simulation started at 2025/02/17 15:14:59 in nid001972. ***

Running seed 1
GPU 0: mem used 2814 MB (wfs seeding)
Wind dir: 267.3 261.7 167.0 130.5 300.7  32.3 119.8 139.0 150.8 277.7 203.0 133.1  45.9 265.1 deg
Using /global/homes/b/bpeck/.aos/cache/atm/vonkarman_14_8192x8192_0.0078125_1115374592d.bin
After genatm:	6326.4 MiB.
Step     #  Open Loop  PR TT  On axis  PR TT  Field RMS PR TT     Timing 
Step     0: OL  884.6  248.3  OA  884.6 248.3 CL  884.6 248.3 nm  0.320 s
Step    15: OL  908.2  254.1  OA  122.1  54.1 CL  122.1  54.1 nm  0.065 s
Step    29: OL  930.5  258.4  OA  106.8  18.8 CL  106.8  18.8 nm  0.075 s
Step    42: OL  950.5  260.7  OA  103.5  11.6 CL  103.5  11.6 nm  0.079 s
Step    56: OL  971.2  261.0  OA  104.8   5.4 CL  104.8   5.4 nm  0.074 s
Step    69: OL  990.6  259.8  OA  102.4  17.3 CL  102.4  17.3 nm  0.084 s
Step    83: OL 1011.7  258.3  OA  104.6  21.4 CL  104.6  21.4 nm  0.074 s
Step    97: OL 1033.0  257.4  OA  111.5  19.6 CL  111.5  19.6 nm  0.081 s
Step   111: OL 1054.3  257.6  OA  107.9  28.5 CL  107.9  28.5 nm  0.074 s
Step   124: OL 1073.6  258.9  OA  107.4  16.5 CL  107.4  16.5 nm  0.082 s
Step   137: OL 1091.7  262.2  OA  103.6   7.0 CL  103.6   7.0 nm  0.076 s
Step   151: OL 1109.6  267.7  OA  112.1  29.9 CL  112.1  29.9 nm  0.075 s
Step   165: OL 1125.0  274.8  OA  106.3  17.3 CL  106.3  17.3 nm  0.075 s
Step   178: OL 1137.1  282.6  OA  104.9  18.1 CL  104.9  18.1 nm  0.075 s
Step   192: OL 1146.9  291.6  OA  103.0  12.1 CL  103.0  12.1 nm  0.083 s
Step   206: OL 1154.1  300.6  OA  103.5   6.1 CL  103.5   6.1 nm  0.074 s
Step   220: OL 1158.9  309.5  OA  100.6  12.0 CL  100.6  12.0 nm  0.084 s
Step   234: OL 1160.9  318.7  OA  100.4  12.7 CL  100.4  12.7 nm  0.075 s
Step   248: OL 1159.8  328.4  OA  101.9  12.6 CL  101.9  12.6 nm  0.081 s
Step   255 updated high order loop gain: 0.364
Step   259: OL 1155.8  336.3  OA   98.8   8.2 CL   98.8   8.2 nm  0.074 s
Step   272: OL 1147.7  345.7  OA   99.4  10.1 CL   99.4  10.1 nm  0.085 s
Step   286: OL 1135.6  356.2  OA  104.3  26.0 CL  104.3  26.0 nm  0.074 s
Step   300: OL 1121.6  368.1  OA  101.1   1.4 CL  101.1   1.4 nm  0.080 s
Step   314: OL 1105.6  380.9  OA  101.1   7.0 CL  101.1   7.0 nm  0.075 s
Step   328: OL 1088.0  394.9  OA  101.7  11.5 CL  101.7  11.5 nm  0.081 s
Step   342: OL 1070.0  410.9  OA  102.1   2.8 CL  102.1   2.8 nm  0.074 s
Step   356: OL 1051.9  428.9  OA  104.7  10.0 CL  104.7  10.0 nm  0.074 s
Step   370: OL 1035.1  448.6  OA  101.8  13.3 CL  101.8  13.3 nm  0.078 s
Step   383: OL 1020.3  467.3  OA  105.9   5.1 CL  105.9   5.1 nm  0.073 s
Step   396: OL 1006.0  486.1  OA  109.7  15.3 CL  109.7  15.3 nm  0.079 s
Step   410: OL  990.8  506.0  OA  104.7  10.1 CL  104.7  10.1 nm  0.074 s
Step   424: OL  974.7  524.9  OA  100.6   9.7 CL  100.6   9.7 nm  0.079 s
Step   438: OL  959.1  543.4  OA  104.4  19.8 CL  104.4  19.8 nm  0.073 s
Step   452: OL  944.8  561.6  OA  102.6  10.4 CL  102.6  10.4 nm  0.075 s
Step   466: OL  934.2  580.0  OA   99.2  11.2 CL   99.2  11.2 nm  0.072 s
Step   480: OL  928.0  597.9  OA  106.1  17.4 CL  106.1  17.4 nm  0.073 s
Step   494: OL  926.7  615.1  OA  102.2   5.4 CL  102.2   5.4 nm  0.075 s
Step   507: OL  928.0  629.9  OA  106.9  17.1 CL  106.9  17.1 nm  0.075 s
Step   511 updated high order loop gain: 0.330
Step   521: OL  931.7  643.9  OA  101.9   7.3 CL  101.9   7.3 nm  0.075 s
Step   535: OL  937.6  654.9  OA  106.7   4.6 CL  106.7   4.6 nm  0.072 s
Step   548: OL  945.3  662.2  OA  104.7  18.5 CL  104.7  18.5 nm  0.082 s
Step   562: OL  956.0  667.3  OA  103.5  21.7 CL  103.5  21.7 nm  0.110 s
Step   576: OL  968.6  670.0  OA  102.1   6.4 CL  102.1   6.4 nm  0.075 s
Step   590: OL  983.2  670.5  OA  100.4   5.4 CL  100.4   5.4 nm  0.075 s
Step   604: OL  999.1  667.8  OA  105.3  14.4 CL  105.3  14.4 nm  0.081 s
Step   618: OL 1015.5  661.9  OA   99.1  11.8 CL   99.1  11.8 nm  0.073 s
Step   632: OL 1031.7  653.3  OA   99.4  12.6 CL   99.4  12.6 nm  0.078 s
Step   645: OL 1046.0  643.0  OA   97.7  11.1 CL   97.7  11.1 nm  0.076 s
Step   659: OL 1059.7  630.1  OA  102.7  15.1 CL  102.7  15.1 nm  0.079 s
Step   673: OL 1072.4  615.8  OA  103.6  19.2 CL  103.6  19.2 nm  0.077 s
Step   687: OL 1084.2  601.2  OA  105.1  13.9 CL  105.1  13.9 nm  0.074 s
Step   701: OL 1094.3  585.7  OA  103.6   5.2 CL  103.6   5.2 nm  0.075 s
Step   715: OL 1101.6  568.9  OA  105.0  18.2 CL  105.0  18.2 nm  0.075 s
Step   729: OL 1105.5  551.5  OA  106.3  19.0 CL  106.3  19.0 nm  0.081 s
Step   743: OL 1105.7  534.2  OA  102.1  13.3 CL  102.1  13.3 nm  0.073 s
Step   756: OL 1102.9  518.6  OA  101.9  12.3 CL  101.9  12.3 nm  0.081 s
Step   767 updated high order loop gain: 0.316
Step   770: OL 1096.7  502.3  OA  105.5  23.4 CL  105.5  23.4 nm  0.107 s
Step   784: OL 1087.0  486.5  OA  107.8  15.6 CL  107.8  15.6 nm  0.074 s
Step   798: OL 1073.5  470.9  OA  103.5   5.2 CL  103.5   5.2 nm  0.076 s
Step   812: OL 1057.4  455.3  OA  106.4  22.4 CL  106.4  22.4 nm  0.073 s
Step   826: OL 1038.6  439.8  OA  103.2  15.2 CL  103.2  15.2 nm  0.075 s
Step   840: OL 1017.3  424.8  OA  102.2  12.0 CL  102.2  12.0 nm  0.084 s
Step   854: OL  995.1  410.8  OA  106.3  19.2 CL  106.3  19.2 nm  0.075 s
Step   867: OL  974.5  399.0  OA  103.6  12.4 CL  103.6  12.4 nm  0.075 s
Step   881: OL  953.7  387.9  OA  103.0  11.6 CL  103.0  11.6 nm  0.079 s
Step   894: OL  934.5  378.9  OA  105.6  12.9 CL  105.6  12.9 nm  0.075 s
Step   908: OL  912.6  370.5  OA  105.0  20.0 CL  105.0  20.0 nm  0.073 s
Step   922: OL  890.3  363.5  OA  108.4  17.6 CL  108.4  17.6 nm  0.076 s
Step   936: OL  868.4  356.9  OA  105.2  10.4 CL  105.2  10.4 nm  0.076 s
Step   950: OL  847.4  350.2  OA  105.1  10.6 CL  105.1  10.6 nm  0.075 s
Step   962: OL  830.8  344.0  OA  105.1  12.0 CL  105.1  12.0 nm  0.095 s
Step   976: OL  814.1  335.8  OA  102.2   5.7 CL  102.2   5.7 nm  0.074 s
Step   990: OL  799.8  326.8  OA  100.4  13.4 CL  100.4  13.4 nm  0.075 s
Step  1003: OL  787.6  317.4  OA  104.2   5.1 CL  104.2   5.1 nm  0.076 s
Step  1017: OL  775.9  306.8  OA  105.5  13.1 CL  105.5  13.1 nm  0.083 s
Step  1023 updated high order loop gain: 0.307
Step  1031: OL  766.2  295.8  OA  105.2  22.5 CL  105.2  22.5 nm  0.084 s
Step  1045: OL  758.2  284.0  OA  103.0   9.1 CL  103.0   9.1 nm  0.077 s
Step  1058: OL  750.6  272.1  OA  105.7   9.1 CL  105.7   9.1 nm  0.075 s
Step  1072: OL  743.6  257.5  OA  102.5  15.4 CL  102.5  15.4 nm  0.075 s
Step  1086: OL  739.0  241.3  OA  103.2   3.7 CL  103.2   3.7 nm  0.082 s
Step  1100: OL  736.7  225.4  OA  107.0  26.9 CL  107.0  26.9 nm  0.074 s
Step  1114: OL  735.9  211.1  OA  103.8  21.2 CL  103.8  21.2 nm  0.080 s
Step  1128: OL  736.1  198.5  OA   99.6   7.8 CL   99.6   7.8 nm  0.074 s
Step  1142: OL  736.7  188.3  OA  105.0  21.3 CL  105.0  21.3 nm  0.076 s
Step  1156: OL  737.5  180.1  OA  103.6  10.8 CL  103.6  10.8 nm  0.074 s
Step  1169: OL  737.9  174.6  OA   99.9  14.6 CL   99.9  14.6 nm  0.082 s
Step  1182: OL  739.3  171.0  OA  101.9  29.0 CL  101.9  29.0 nm  0.076 s
Step  1195: OL  741.8  168.1  OA   99.0  15.9 CL   99.0  15.9 nm  0.076 s
Step  1209: OL  744.9  165.5  OA   98.6   7.5 CL   98.6   7.5 nm  0.083 s
Step  1222: OL  747.7  163.9  OA   99.4   7.7 CL   99.4   7.7 nm  0.077 s
Step  1236: OL  750.2  163.9  OA   99.8  18.5 CL   99.8  18.5 nm  0.075 s
Step  1249: OL  751.8  166.0  OA  100.3  22.5 CL  100.3  22.5 nm  0.077 s
Step  1263: OL  754.2  170.8  OA  102.1  28.9 CL  102.1  28.9 nm  0.077 s
Step  1277: OL  757.2  177.6  OA  103.8  31.4 CL  103.8  31.4 nm  0.074 s
Step  1279 updated high order loop gain: 0.300
Step  1290: OL  761.2  185.2  OA  107.9  32.6 CL  107.9  32.6 nm  0.074 s
Step  1304: OL  765.7  194.7  OA  102.4  17.1 CL  102.4  17.1 nm  0.079 s
Step  1317: OL  769.5  204.5  OA  104.8  19.2 CL  104.8  19.2 nm  0.077 s
Step  1331: OL  773.9  216.3  OA  102.7  14.2 CL  102.7  14.2 nm  0.074 s
Step  1345: OL  779.9  228.9  OA  100.5  30.4 CL  100.5  30.4 nm  0.112 s
Step  1359: OL  787.8  241.4  OA  101.9  36.4 CL  101.9  36.4 nm  0.074 s
Step  1373: OL  797.0  252.0  OA   95.7  10.0 CL   95.7  10.0 nm  0.075 s
Step  1386: OL  806.5  259.8  OA  107.5  38.0 CL  107.5  38.0 nm  0.082 s
Step  1400: OL  818.1  266.4  OA  101.5  30.5 CL  101.5  30.5 nm  0.073 s
Step  1413: OL  830.2  270.8  OA   99.5  17.9 CL   99.5  17.9 nm  0.079 s
Step  1427: OL  844.2  274.3  OA  100.7  18.5 CL  100.7  18.5 nm  0.076 s
Step  1441: OL  857.8  277.1  OA  100.7  22.7 CL  100.7  22.7 nm  0.075 s
Step  1455: OL  870.6  279.1  OA  103.9  30.8 CL  103.9  30.8 nm  0.075 s
Step  1469: OL  881.6  279.5  OA  101.0  16.7 CL  101.0  16.7 nm  0.074 s
Step  1483: OL  889.1  277.7  OA   99.6   9.6 CL   99.6   9.6 nm  0.075 s
Step  1497: OL  892.6  274.0  OA  100.1  13.1 CL  100.1  13.1 nm  0.081 s
Step  1511: OL  892.7  268.3  OA   99.3  15.1 CL   99.3  15.1 nm  0.073 s
Step  1524: OL  890.6  262.1  OA   98.1  11.8 CL   98.1  11.8 nm  0.082 s
Step  1535 updated high order loop gain: 0.301
Step  1538: OL  885.6  253.8  OA   98.8  10.3 CL   98.8  10.3 nm  0.079 s
Step  1552: OL  879.1  244.6  OA  102.3  11.3 CL  102.3  11.3 nm  0.076 s
Step  1565: OL  872.8  236.2  OA  103.9  12.0 CL  103.9  12.0 nm  0.075 s
Step  1579: OL  865.1  228.2  OA  101.7   8.7 CL  101.7   8.7 nm  0.078 s
Step  1593: OL  856.3  221.8  OA  105.2  19.7 CL  105.2  19.7 nm  0.082 s
Step 1599: Output PSF
Step  1599: OL  852.3  219.3  OA  102.9  20.8 CL  102.9  20.8 nm  1.283 s
Mean: 102.96 17.25 101.50  nm.

*** Simulation Finished at 2025/02/17 15:17:09 in nid001972. ***

