Warning(sock.c:516): connect locally (/global/homes/b/bpeck/.aos/tmp/nid003257/scheduler) failed: Invalid argument. 
/global/u2/b/bpeck/work/vismcao/maos -o studies/misreg/8_lgs/8mag_lgs/3500count -c master_files/misreg/8_lgs/8mag_lgs/kola_3500act.conf -O 
Output folder is 'studies/misreg/8_lgs/8mag_lgs/3500count'.
SRC: /global/homes/b/bpeck/code/maos v2.9 4c88b7c2 2024-11-13 16:45:33 -0800
BUILT: /global/homes/b/bpeck/code/maos/optim by GCC (v12) on 2024/11/18 09:40:03 CPU(F64,+O3) with CUDA(v122,F32)
Launched at 2025/02/09 17:03:12 in nid003257 with PID 985477.
The web based job monitor can be accessed at http://localhost:10300
Main config file is /global/u2/b/bpeck/work/vismcao/master_files/misreg/8_lgs/8mag_lgs/kola_3500act.conf
Warning(path.c:48): Path not found: path=/global/u2/b/bpeck/work/vismcao/master_files/misreg/8_lgs/8mag_lgs/bin; abspath=/global/u2/b/bpeck/work/vismcao/master_files/misreg/8_lgs/8mag_lgs/bin; Ignored.
Warning(path.c:48): Path not found: path=/global/u2/b/bpeck/work/vismcao/master_files/misreg/8_lgs/8mag_lgs/atm; abspath=/global/u2/b/bpeck/work/vismcao/master_files/misreg/8_lgs/8mag_lgs/atm; Ignored.
Warning(readcfg.c:399): sim.apfsm has been renamed to powfs.apfsm.
Warning(readcfg.c:399): sim.epfsm has been renamed to powfs.epfsm.
Warning(readcfg.c:399): sim.alfsm has been renamed to powfs.alfsm.
Warning(readcfg.c:399): sim.commonfsm has been renamed to powfs.commonfsm.
Warning(readcfg.c:399): sim.idealfsm has been renamed to powfs.idealfsm.
Warning(readcfg.c:399): sim.zetafsm has been renamed to powfs.zetafsm.
Warning(readcfg.c:399): sim.f0fsm has been renamed to powfs.f0fsm.
Warning(readcfg.c:399): tsurf has been renamed to ncpa.tsurf.
loaded 132 (132 new) records from '/global/u2/b/bpeck/work/vismcao/./keck_sim.conf'
loaded  19 ( 19 new) records from '/global/u2/b/bpeck/work/vismcao/./dm_none.conf'
loaded  19 (  0 new) records from '/global/u2/b/bpeck/work/vismcao/./keck_ASM.conf'
loaded  19 (  0 new) records from '/global/u2/b/bpeck/work/vismcao/./keck_DM2.conf'
loaded  19 (  0 new) records from '/global/u2/b/bpeck/work/vismcao/./keck_DM3.conf'
loaded   0 (  0 new) records from '/global/u2/b/bpeck/work/vismcao/./keck_dm_multiple.conf'
loaded   7 (  5 new) records from '/global/u2/b/bpeck/work/vismcao/./atm_mk13n50p_ground_detail.conf'
loaded  76 ( 69 new) records from '/global/homes/b/bpeck/code/maos/config/maos/powfs_common.conf'
loaded  44 ( 38 new) records from '/global/u2/b/bpeck/work/vismcao/./powfs_none.conf'
loaded  44 (  0 new) records from '/global/u2/b/bpeck/work/vismcao/./keck_shwfs_lgs.conf'
loaded  44 (  0 new) records from '/global/u2/b/bpeck/work/vismcao/./keck_shwfs_ttf_strap.conf'
loaded  44 (  0 new) records from '/global/u2/b/bpeck/work/vismcao/./keck_shwfs_twfs_lbwfs.conf'
loaded   0 (  0 new) records from '/global/u2/b/bpeck/work/vismcao/./keck_wfs_lgs_strap_lbwfs.conf'
loaded  71 ( 71 new) records from '/global/u2/b/bpeck/work/vismcao/./keck_recon.conf'
Warning(readcfg.c:399): dbg.na_smooth has been renamed to powfs0_llt.na_smooth.
Warning(readcfg.c:399): dbg.na_interp has been renamed to powfs0_llt.na_interp.
Warning(readcfg.c:399): dbg.na_thres has been renamed to powfs0_llt.na_thres.
Warning(readcfg.c:399): dbg.na_fit_maxit has been renamed to powfs0_llt.na_fit_maxit.
Warning(readcfg.c:399): dbg.na_fit_svdthres has been renamed to powfs0_llt.na_fit_svdthres.
Warning(readcfg.c:399): dbg.na_fit_dh has been renamed to powfs0_llt.na_fit_dh.
Warning(readcfg.c:399): dbg.ncpa_preload has been renamed to ncpa.preload.
Warning(readcfg.c:399): dbg.ncpa_rmsci has been renamed to ncpa.rmsci.
Warning(readcfg.c:399): dbg.draw_opdmax has been renamed to plot.opdmax.
Warning(readcfg.c:399): dbg.draw_gmax has been renamed to plot.gmax.
loaded  95 ( 93 new) records from '/global/u2/b/bpeck/work/vismcao/./keck_dbg.conf'
loaded   4 (  4 new) records from '/global/u2/b/bpeck/work/vismcao/./keck_fit_mcao.conf'
Warning(readcfg.c:399): surf has been renamed to ncpa.surf.
loaded  39 (  7 new) records from '/global/u2/b/bpeck/work/vismcao/master_files/misreg/8_lgs/8mag_lgs/kola_3500act.conf'
loaded   0 (  0 new) records from 'command line'
loaded  24 ( 18 new) records from '/global/u2/b/bpeck/work/vismcao/./keck_llt_CL.conf'
Adjust LGS range by telescope altitude 4145m.
Zenith angle is 30 degree.
    Scaling turbulence height and LGS hs by sec(za).
    Scaling r0 by cos(za)^(3/5).
    Scaling wind speed and LGS signal level by cos(za).
powfs0: Adjusting dx from 0.0078125 to 0.0075. 
powfs0.llt.fsm: f0=0 Hz, LPF ep=0
powfs0.epfsm is set to 0.517618 (auto)
powfs2: Adjusting dx from 0.03125 to 0.0312778. 
powfs2 is TWFS for powfs0
sim.ephi is set to 0.427717 (auto)
sim.eplo is set to 0.427717 (auto)
Warning(parms.c:2296): Layer 1 at 17.3205m is very close to layer 0 at 0m (OK).
Warning(parms.c:2296): Layer 2 at 34.641m is very close to layer 1 at 17.3205m (OK).
Warning(parms.c:2296): Layer 3 at 51.9615m is very close to layer 2 at 34.641m (OK).
dm 0: stroke=30 um is provided in micron.
dm 0: assume ia stroke=2 um is provided in micron.
dm 1: stroke=7 um is provided in micron.
dm 1: assume ia stroke=2 um is provided in micron.
dm 2: stroke=7 um is provided in micron.
dm 2: assume ia stroke=2 um is provided in micron.
Focus blending is not implemented yet for integrated tomography
parms->sim.mffocus is reset to 0
There are 1 valid simulation seeds:  1
Output PSF for 1 directions
Used 449 of 456 supplied keys
Warning(readcfg.c:158): key "dbg.pwfs_flate" is not recognized, value is 0
Warning(readcfg.c:158): key "dbg.pwfs_flatv" is not recognized, value is 0
Warning(readcfg.c:158): key "dbg.pwfs_psx" is not recognized, value is [0 0 0 0]
Warning(readcfg.c:158): key "dbg.pwfs_psy" is not recognized, value is [0 0 0 0]
Warning(readcfg.c:158): key "dbg.pwfs_pupelong" is not recognized, value is 0
Warning(readcfg.c:158): key "dbg.pwfs_raw" is not recognized, value is 0
Warning(readcfg.c:158): key "dbg.pwfs_side" is not recognized, value is 4
[00;00mAperture[00;00m is 11 m with sampling 1/128 m
[00;00mTurbulence at 30 degree zenith angle:[00;00m r0=0.128424m, L0=30m, 14 layers.
    Greenwood freq is 25.1Hz, anisoplanatic angle is 1.58 as
    Sampled 8192x8192 at 1/128m. wind dir is randomized.
    layer 0: ht=      0 m, wt= 0.302, ws=  4.8 m/s
    layer 1: ht=     17 m, wt= 0.154, ws=  5.0 m/s
    layer 2: ht=     35 m, wt= 0.041, ws=  5.4 m/s
    layer 3: ht=     52 m, wt= 0.002, ws=  6.6 m/s
    layer 4: ht=    139 m, wt= 0.021, ws=  6.1 m/s
    layer 5: ht=    231 m, wt= 0.010, ws=  6.1 m/s
    layer 6: ht=    323 m, wt= 0.008, ws=  6.1 m/s
    layer 7: ht=    416 m, wt= 0.005, ws=  6.1 m/s
    layer 8: ht=    508 m, wt= 0.001, ws=  6.1 m/s
    layer 9: ht=    932 m, wt= 0.107, ws=  5.6 m/s
    layer 10: ht=   5022 m, wt= 0.144, ws= 11.1 m/s
    layer 11: ht=   9238 m, wt= 0.093, ws= 19.1 m/s
    layer 12: ht=  13856 m, wt= 0.075, ws=  8.2 m/s
    layer 13: ht=  22518 m, wt= 0.036, ws=  4.8 m/s
[00;00mReconstruction[00;00m: r0=0.128424m L0=30m. 14 layers. use cone coordinate.
    layer 0: ht=      0 m, wt= 0.302
    layer 1: ht=     17 m, wt= 0.154
    layer 2: ht=     35 m, wt= 0.041
    layer 3: ht=     52 m, wt= 0.002
    layer 4: ht=    139 m, wt= 0.021
    layer 5: ht=    231 m, wt= 0.010
    layer 6: ht=    323 m, wt= 0.008
    layer 7: ht=    416 m, wt= 0.005
    layer 8: ht=    508 m, wt= 0.001
    layer 9: ht=    932 m, wt= 0.107
    layer 10: ht=   5022 m, wt= 0.144
    layer 11: ht=   9238 m, wt= 0.093
    layer 12: ht=  13856 m, wt= 0.075
    layer 13: ht=  22518 m, wt= 0.036
[00;00mThere are 3 powfs[00;00m
  powfs0: Order 67, LGS at 99.1 km. Sampling 1/133.333 m. Thres 30%. [00;00mT/T is removed in right hand side in tomography.[00;00m
    CCD image is 25x25 @ 500x500 mas, blur 27% (sigma), 1500Hz, wvl: [ 5.89e-07]
    Gtilt in reconstruction. Physical optics start at 0 with [00;00m'matched filter'[00;00m [00;00m(noisy)[00;00m
  powfs1: Order  2, NGS at inf km. Sampling 1/16 m. Thres 30%. 
    Ztilt in reconstruction. Geomtric optics start at 2 with ztilt [00;00m(noisy)[00;00m
  powfs2: Order 20, NGS at inf km. Sampling 1/31.9716 m. Thres 50%. 
    CCD image is 4x4 @ 1500x1500 mas, blur 0% (sigma), 0.015Hz, wvl: [ 7.2e-07]
    Gtilt in reconstruction. Geomtric optics start at 50 with gtilt Physical optics start at 0 with [00;00m'matched filter'[00;00m [00;00m(noisy)[00;00m
[00;00mThere are 12 wfs[00;00m
    wfs 0: type 0, at (  30.00,    0.00) arcsec,  99 km, siglev is 32.644 bkgrnd is 0.1
    wfs 1: type 0, at (  21.21,   21.21) arcsec,  99 km, siglev is 32.644 bkgrnd is 0.1
    wfs 2: type 0, at (   0.00,   30.00) arcsec,  99 km, siglev is 32.644 bkgrnd is 0.1
    wfs 3: type 0, at ( -21.21,   21.21) arcsec,  99 km, siglev is 32.644 bkgrnd is 0.1
    wfs 4: type 0, at ( -30.00,    0.00) arcsec,  99 km, siglev is 32.644 bkgrnd is 0.1
    wfs 5: type 0, at ( -21.21,  -21.21) arcsec,  99 km, siglev is 32.644 bkgrnd is 0.1
    wfs 6: type 0, at (   0.00,  -30.00) arcsec,  99 km, siglev is 32.644 bkgrnd is 0.1
    wfs 7: type 0, at (  21.21,  -21.21) arcsec,  99 km, siglev is 32.644 bkgrnd is 0.1
    wfs 8: type 1, at (  15.00,   25.98) arcsec, inf km, siglev is 42387.6 bkgrnd is 1.056
    wfs 9: type 1, at ( -30.00,    0.00) arcsec, inf km, siglev is 42387.6 bkgrnd is 1.056
    wfs 10: type 1, at (  15.00,  -25.98) arcsec, inf km, siglev is 42387.6 bkgrnd is 1.056
    wfs 11: type 2, at (   0.00,    0.00) arcsec, inf km, siglev is 4.1558e+06 bkgrnd is 0.001
[00;00mThere are 3 DMs[00;00m
  DM 0 at -0.1km, actuator pitch 0.165m, offset   0, with 30.000000 micron stroke.
    Normalized cubic influence function with inter-actuator coupling of 0.223
  DM 1 at    6km, actuator pitch 0.168m, offset   0, with 7.000000 micron stroke.
    Normalized cubic influence function with inter-actuator coupling of 0.223
  DM 2 at   10km, actuator pitch 0.168m, offset   0, with 7.000000 micron stroke.
    Normalized cubic influence function with inter-actuator coupling of 0.223
[00;00mTomography[00;00m is using CG, with [00;00mFourer Domain[00;00m preconditioner, [00;00m12[00;00m iterations, integrated tomo.
[00;00mDM Fitting [00;00mis using CG, with [00;00mNo[00;00m preconditioner, [00;00m10[00;00m iterations
[00;00mThere are 9 fit directions[00;00m
    Fit 0: weight is 0.444, at (   0.00,    0.00) arcsec
    Fit 1: weight is 0.111, at (  15.00,    0.00) arcsec
    Fit 2: weight is 0.111, at (   0.00,   15.00) arcsec
    Fit 3: weight is 0.111, at ( -15.00,    0.00) arcsec
    Fit 4: weight is 0.111, at (   0.00,  -15.00) arcsec
    Fit 5: weight is 0.028, at (  15.00,   15.00) arcsec
    Fit 6: weight is 0.028, at ( -15.00,   15.00) arcsec
    Fit 7: weight is 0.028, at ( -15.00,  -15.00) arcsec
    Fit 8: weight is 0.028, at (  15.00,  -15.00) arcsec
[00;00mThere are 1 evaluation directions[00;00m at sampling 1/128 m.
    Evl 0: weight is 1.000, at (   0.00,    0.00) arcsec
[00;00mSimulation[00;00m start at step 0, end at step 1600, with time step 1/1500s, [00;00mclose loop[00;00m.
After setup_parms:	120.5 MiB.
Warning(sock.c:516): connect locally (/global/homes/b/bpeck/.aos/tmp/nid003257/scheduler) failed: Invalid argument. 
CUDA: minimum memory requirement is 0.4GB
GPU 0 is NVIDIA A100-SXM4-40GB with arch 8.0, 38.9GB free, 39.3GB total device memory.
Using GPU 0
Use 1 GPUs for WFS Tomo Fit Evl

*** Preparation started at 2025/02/09 17:03:13 in nid003257. ***

Using OpenMP version 201511 with 128 threads
Reading aperture amplitude map from KECK.fits
Warning(accphi.c:477): 108520 points not covered by input screen
Warning(sock.c:516): connect locally (/global/homes/b/bpeck/.aos/tmp/nid003257/scheduler) failed: Invalid argument. 
 ->maos.c:447->setup.c:148->aper.c:74->utils.c:478->accphi.c:478
iwvl 0: Science PSF is using grid size of 2880. The PSF will sum to 6.95167232825486
iwvl 1: Science PSF is using grid size of 2880. The PSF will sum to 6.95167232825486
iwvl 2: Science PSF is using grid size of 2880. The PSF will sum to 6.95167232825486
iwvl 3: Science PSF is using grid size of 2880. The PSF will sum to 6.95167232825486
iwvl 4: Science PSF is using grid size of 2880. The PSF will sum to 6.95167232825486
iwvl 5: Science PSF is using grid size of 2880. The PSF will sum to 6.95167232825486
iwvl 6: Science PSF is using grid size of 2880. The PSF will sum to 6.95167232825486
iwvl 7: Science PSF is using grid size of 2880. The PSF will sum to 6.95167232825486
iwvl 8: Science PSF is using grid size of 2880. The PSF will sum to 6.95167232825486
After setup_aper:	342.9 MiB.

[00;00mSetting up powfs 0 geom[00;00m

There are 22 points in each subaperture of 0.165m.
There are 2734 valid subaperture.

[00;00mSetting up powfs 1 geom[00;00m

There are 88 points in each subaperture of 5.5m.
There are 4 valid subaperture.

[00;00mSetting up powfs 2 geom[00;00m

There are 18 points in each subaperture of 0.563m.
There are 236 valid subaperture.
After setup_powfs_init:	427.7 MiB.

[00;00mSetting up reconstructor geometry.[00;00m

PLOC is 137x137, with sampling of 0.08m (square)
    DM 0: grid is 70 x 70
    DM 1: grid is 77 x 79
    DM 2: grid is 84 x 85
FLOC is 137x137, with sampling of 0.08m (not square)
Tomography grid is square:
    layer 0: xloc grid is 280 x 280, sampling is 0.083 m, 78400 points
    layer 1: xloc grid is 280 x 280, sampling is 0.082 m, 78400 points
    layer 2: xloc grid is 280 x 280, sampling is 0.082 m, 78400 points
    layer 3: xloc grid is 280 x 280, sampling is 0.082 m, 78400 points
    layer 4: xloc grid is 280 x 280, sampling is 0.082 m, 78400 points
    layer 5: xloc grid is 280 x 280, sampling is 0.082 m, 78400 points
    layer 6: xloc grid is 280 x 280, sampling is 0.082 m, 78400 points
    layer 7: xloc grid is 280 x 280, sampling is 0.082 m, 78400 points
    layer 8: xloc grid is 280 x 280, sampling is 0.082 m, 78400 points
    layer 9: xloc grid is 280 x 280, sampling is 0.082 m, 78400 points
    layer 10: xloc grid is 280 x 280, sampling is 0.078 m, 78400 points
    layer 11: xloc grid is 280 x 280, sampling is 0.075 m, 78400 points
    layer 12: xloc grid is 280 x 280, sampling is 0.071 m, 78400 points
    layer 13: xloc grid is 280 x 280, sampling is 0.064 m, 78400 points

[00;00mSetting up powfs 0 PO WFS[00;00m

OTF dimension is 48x48 (calculated)
There is no bias
Uplink FWHM (illt 0, iwvl 0) is 0.576822"
Downlink FWHM (illt 0, iwvl 0) is 1.17002"
Generating matched filter for powfs 0
sa index   location       noise equivalent angle
    1338: (  4.9,  -0.2) m, (127.75, 124.06) mas
    1331: (  3.7,  -0.2) m, (135.61, 125.59) mas
    1325: (  2.7,  -0.2) m, (145.41, 127.35) mas
    1318: (  1.6,  -0.2) m, (158.53, 129.38) mas
    1316: (  1.2,  -0.2) m, (163.74, 130.04) mas
     956: ( -0.6,  -1.4) m, (196.82, 135.58) mas
    1313: ( -1.7,  -0.2) m, (220.98, 134.44) mas
    1306: ( -2.9,  -0.2) m, (241.94, 135.87) mas
    1300: ( -3.9,  -0.2) m, (256.58, 137.10) mas
    1293: ( -5.0,  -0.2) m, (272.37, 138.52) mas
    1291: ( -5.4,  -0.2) m, (277.81, 138.96) mas
sa index   location       noise equivalent angle
    2261: (  2.7,   2.7) m, (130.43, 130.43) mas
    2014: (  1.9,   1.9) m, (144.80, 143.80) mas
    1726: (  1.1,   1.1) m, (148.06, 148.06) mas
    1673: (  0.9,   0.9) m, (150.39, 150.39) mas
    1015: (  0.6,  -1.2) m, (159.01, 182.23) mas
    1009: ( -1.2,  -1.2) m, (179.94, 179.94) mas
     721: ( -2.1,  -2.1) m, (199.98, 198.93) mas
     522: ( -2.7,  -2.7) m, (203.47, 203.47) mas
     331: ( -3.4,  -3.4) m, (215.02, 215.02) mas
     133: ( -3.1,  -4.2) m, (209.38, 229.26) mas
sa index   location       noise equivalent angle
    2505: ( -0.2,   3.7) m, (125.59, 135.61) mas
    2245: (  0.1,   2.7) m, (127.35, 145.41) mas
    1889: ( -0.2,   1.6) m, (129.38, 158.53) mas
    1775: ( -0.2,   1.2) m, (130.04, 163.74) mas
    1213: (  1.2,  -0.6) m, (135.58, 196.82) mas
     844: ( -0.2,  -1.7) m, (134.44, 220.98) mas
     490: ( -0.2,  -2.9) m, (135.87, 241.94) mas
     228: ( -0.2,  -3.9) m, (137.10, 256.58) mas
      72: ( -0.2,  -4.5) m, (137.92, 265.86) mas
       5: ( -2.6,  -4.9) m, (148.05, 279.97) mas
sa index   location       noise equivalent angle
    2227: ( -2.9,   2.7) m, (130.43, 130.43) mas
    1990: ( -2.1,   1.9) m, (145.04, 143.97) mas
    1717: ( -1.2,   1.1) m, (148.06, 148.06) mas
    1670: ( -1.1,   0.9) m, (150.39, 150.39) mas
    1012: ( -0.7,  -1.2) m, (160.42, 183.81) mas
    1018: (  1.1,  -1.2) m, (179.94, 179.94) mas
     745: (  1.9,  -2.1) m, (199.74, 198.88) mas
     554: (  2.6,  -2.7) m, (203.47, 203.47) mas
     371: (  3.2,  -3.4) m, (215.02, 215.02) mas
     169: (  2.9,  -4.2) m, (209.38, 229.26) mas
sa index   location       noise equivalent angle
    1343: ( -5.4,  -0.1) m, (126.03, 123.63) mas
    1346: ( -4.9,  -0.1) m, (128.39, 124.13) mas
    1353: ( -3.7,  -0.1) m, (136.78, 125.74) mas
    1359: ( -2.7,  -0.1) m, (146.70, 127.48) mas
    1366: ( -1.6,  -0.1) m, (161.45, 129.64) mas
     962: (  0.4,  -1.4) m, (196.82, 135.58) mas
    1368: (  1.2,  -0.1) m, (213.58, 133.82) mas
    1371: (  1.7,  -0.1) m, (224.47, 134.47) mas
    1378: (  2.9,  -0.1) m, (244.19, 135.86) mas
    1384: (  3.9,  -0.1) m, (258.46, 137.07) mas
    1391: (  5.0,  -0.1) m, (274.18, 138.46) mas
sa index   location       noise equivalent angle
     331: ( -3.4,  -3.4) m, (126.63, 126.63) mas
     522: ( -2.7,  -2.7) m, (131.45, 131.45) mas
     777: ( -1.9,  -1.9) m, (139.93, 139.93) mas
    1062: ( -1.1,  -1.1) m, (150.39, 150.39) mas
    1720: ( -0.7,   1.1) m, (157.91, 181.06) mas
    1673: (  0.9,   0.9) m, (177.50, 177.50) mas
    1784: (  1.2,   1.2) m, (182.28, 182.28) mas
    2067: (  2.1,   2.1) m, (207.18, 210.25) mas
    2261: (  2.7,   2.7) m, (206.06, 206.06) mas
    2602: (  2.9,   4.0) m, (209.38, 229.26) mas
sa index   location       noise equivalent angle
     228: ( -0.2,  -3.9) m, (125.59, 135.61) mas
     492: (  0.1,  -2.9) m, (127.35, 145.41) mas
     844: ( -0.2,  -1.7) m, (129.38, 158.53) mas
     958: ( -0.2,  -1.4) m, (131.08, 164.84) mas
    1522: ( -1.4,   0.4) m, (135.58, 196.82) mas
    1889: ( -0.2,   1.6) m, (134.44, 220.98) mas
    2243: ( -0.2,   2.7) m, (135.87, 241.94) mas
    2505: ( -0.2,   3.7) m, (137.10, 256.57) mas
    2661: ( -0.2,   4.4) m, (137.92, 265.85) mas
    2715: ( -2.6,   4.7) m, (149.71, 282.90) mas
sa index   location       noise equivalent angle
     371: (  3.2,  -3.4) m, (126.63, 126.63) mas
     554: (  2.6,  -2.7) m, (131.45, 131.45) mas
    1018: (  1.1,  -1.2) m, (148.06, 148.06) mas
    1065: (  0.9,  -1.1) m, (150.39, 150.39) mas
    1723: (  0.6,   1.1) m, (157.18, 180.22) mas
    1670: ( -1.1,   0.9) m, (177.50, 177.50) mas
    1768: ( -1.4,   1.2) m, (182.28, 182.28) mas
    2041: ( -2.2,   2.1) m, (207.02, 209.55) mas
    2227: ( -2.9,   2.7) m, (206.06, 206.06) mas
    2566: ( -3.1,   4.0) m, (209.38, 229.26) mas

[00;00mSetting up powfs 2 PO WFS[00;00m

OTF dimension is 48x48 (calculated)
Generating matched filter for powfs 2
Use sanea to derive neasim
Use sanea to derive neasim

[00;00mSetting up reconstructor[00;00m

Recon NEA: cmf(175.13) cmf(174.40) cmf(174.96) cmf(174.02) cmf(174.60) cmf(173.91) cmf(174.79) cmf(174.28) geom(0.31) geom(0.31) geom(0.31) mf(0.14)  mas
Setup or update control matrix parameters.
RRtwfs svd threshold is 1e-10
Replacing HA by HA*fit->actextrap
Adding piston cr to fit matrix
Adding TT cr on upper DMs to fit matrix.
Before assembling fit matrix:	5010.3 MiB.
Building fit->FR
Building fit->FL
Adding tikhonov constraint of 1.0e-07 to FLM
The maximum eigen value is estimated to be around 2.8e-04
DM Fit number of Low rank terms: 16 in LHS
After assemble fit matrix:	6643.6 MiB.
After setup_recon:	6643.6 MiB.
GPU 0: mem used 1866 MB (wfs init)
GPU 0: mem used 2906 MB (recon init)
GPU 0: mem used 2938 MB (perf init)

*** Simulation started at 2025/02/09 17:05:15 in nid003257. ***

Running seed 1
GPU 0: mem used 2938 MB (wfs seeding)
Wind dir: 267.3 261.7 167.0 130.5 300.7  32.3 119.8 139.0 150.8 277.7 203.0 133.1  45.9 265.1 deg
Using /global/homes/b/bpeck/.aos/cache/atm/vonkarman_14_8192x8192_0.0078125_1115374592d.bin
After genatm:	6577.4 MiB.
Step     #  Open Loop  PR TT  On axis  PR TT  Field RMS PR TT     Timing 
Step     0: OL  884.6  248.3  OA  884.6 248.3 CL  884.6 248.3 nm  0.096 s
Step    13: OL  904.9  253.4  OA  173.0 118.2 CL  173.0 118.2 nm  0.058 s
Step    29: OL  930.1  258.4  OA  132.7  61.6 CL  132.7  61.6 nm  0.069 s
Step    44: OL  952.7  260.9  OA  135.4  65.0 CL  135.4  65.0 nm  0.067 s
Step    59: OL  974.8  260.9  OA  132.7  58.8 CL  132.7  58.8 nm  0.071 s
Step    73: OL  995.8  259.4  OA  138.4  69.6 CL  138.4  69.6 nm  0.079 s
Step    88: OL 1018.8  258.1  OA  132.4  55.4 CL  132.4  55.4 nm  0.071 s
Step   103: OL 1041.8  257.5  OA  132.1  63.6 CL  132.1  63.6 nm  0.079 s
Step   117: OL 1063.3  258.2  OA  122.5  41.5 CL  122.5  41.5 nm  0.073 s
Step   132: OL 1084.9  260.8  OA  123.1  43.1 CL  123.1  43.1 nm  0.069 s
Step   147: OL 1105.0  266.1  OA  133.2  53.5 CL  133.2  53.5 nm  0.076 s
Step   162: OL 1122.4  273.3  OA  133.1  56.5 CL  133.1  56.5 nm  0.069 s
Step   177: OL 1136.9  282.1  OA  134.6  58.1 CL  134.6  58.1 nm  0.076 s
Step   192: OL 1147.9  291.8  OA  126.5  48.3 CL  126.5  48.3 nm  0.068 s
Step   207: OL 1155.7  301.4  OA  125.2  55.3 CL  125.2  55.3 nm  0.069 s
Step   222: OL 1160.9  311.0  OA  121.4  50.3 CL  121.4  50.3 nm  0.069 s
Step   236: OL 1162.8  320.2  OA  120.1  32.4 CL  120.1  32.4 nm  0.067 s
Step   251: OL 1161.2  330.7  OA  124.0  49.8 CL  124.0  49.8 nm  0.073 s
Step   255 updated high order loop gain: 0.372
Step   265: OL 1155.1  340.8  OA  121.5  41.0 CL  121.5  41.0 nm  0.069 s
Step   279: OL 1144.8  350.9  OA  125.8  45.7 CL  125.8  45.7 nm  0.069 s
Step   293: OL 1131.6  362.1  OA  122.3  38.5 CL  122.3  38.5 nm  0.069 s
Step   308: OL 1115.7  375.4  OA  130.7  52.6 CL  130.7  52.6 nm  0.067 s
Step   323: OL 1097.5  389.8  OA  130.8  57.9 CL  130.8  57.9 nm  0.070 s
Step   338: OL 1078.2  406.2  OA  121.1  46.2 CL  121.1  46.2 nm  0.067 s
Step   353: OL 1059.0  425.0  OA  131.6  66.7 CL  131.6  66.7 nm  0.069 s
Step   368: OL 1040.6  445.8  OA  126.0  53.0 CL  126.0  53.0 nm  0.082 s
Step   383: OL 1023.3  467.4  OA  115.5  29.7 CL  115.5  29.7 nm  0.067 s
Step   398: OL 1006.7  489.1  OA  121.4  33.4 CL  121.4  33.4 nm  0.072 s
Step   413: OL  990.0  510.2  OA  117.0  32.9 CL  117.0  32.9 nm  0.070 s
Step   427: OL  973.9  528.9  OA  120.1  39.6 CL  120.1  39.6 nm  0.070 s
Step   442: OL  957.4  548.7  OA  114.0  20.4 CL  114.0  20.4 nm  0.070 s
Step   457: OL  943.2  568.3  OA  119.2  28.3 CL  119.2  28.3 nm  0.068 s
Step   472: OL  933.6  587.8  OA  123.4  34.7 CL  123.4  34.7 nm  0.074 s
Step 479, DM 2: 1 actuators over ia limit. trials=2: success.
Step 480, DM 2: 1 actuators over ia limit. trials=2: success.
Step 481, DM 2: 1 actuators over ia limit. trials=2: success.
Step 482, DM 2: 1 actuators over ia limit. trials=2: success.
Step 483, DM 2: 1 actuators over ia limit. trials=2: success.
Step 484, DM 2: 1 actuators over ia limit. trials=2: success.
Step 485, DM 2: 1 actuators over ia limit. trials=2: success.
Step 486, DM 2: 1 actuators over ia limit. trials=2: success.
Step   487: OL  929.7  606.7  OA  117.4  16.8 CL  117.4  16.8 nm  0.070 s
Step 487, DM 2: 1 actuators over ia limit. trials=2: success.
Step 488, DM 2: 1 actuators over ia limit. trials=2: success.
Step 489, DM 2: 1 actuators over ia limit. trials=2: success.
Step 490, DM 2: 1 actuators over ia limit. trials=2: success.
Step 491, DM 2: 1 actuators over ia limit. trials=2: success.
Step 492, DM 2: 1 actuators over ia limit. trials=2: success.
Step 493, DM 2: 1 actuators over ia limit. trials=2: success.
Step 494, DM 2: 1 actuators over ia limit. trials=2: success.
Step 495, DM 2: 1 actuators over ia limit. trials=2: success.
Step 496, DM 2: 1 actuators over ia limit. trials=2: success.
Step 497, DM 2: 1 actuators over ia limit. trials=2: success.
Step 498, DM 2: 1 actuators over ia limit. trials=2: success.
Step 499, DM 2: 1 actuators over ia limit. trials=2: success.
Step 500, DM 2: 1 actuators over ia limit. trials=2: success.
Step 501, DM 2: 1 actuators over ia limit. trials=2: success.
Step   502: OL  930.3  624.5  OA  119.8  30.0 CL  119.8  30.0 nm  0.072 s
Step 502, DM 2: 1 actuators over ia limit. trials=2: success.
Step 503, DM 2: 1 actuators over ia limit. trials=2: success.
Step 504, DM 2: 1 actuators over ia limit. trials=2: success.
Step 505, DM 2: 1 actuators over ia limit. trials=2: success.
Step 506, DM 2: 1 actuators over ia limit. trials=2: success.
Step 507, DM 2: 1 actuators over ia limit. trials=2: success.
Step 508, DM 2: 1 actuators over ia limit. trials=2: success.
Step 509, DM 2: 1 actuators over ia limit. trials=2: success.
Step 510, DM 2: 1 actuators over ia limit. trials=2: success.
Step   511 updated high order loop gain: 0.367
Step 511, DM 2: 1 actuators over ia limit. trials=2: success.
Step 512, DM 2: 1 actuators over ia limit. trials=2: success.
Step 513, DM 2: 1 actuators over ia limit. trials=2: success.
Step 514, DM 2: 1 actuators over ia limit. trials=2: success.
Step 515, DM 2: 1 actuators over ia limit. trials=2: success.
Step   516: OL  933.1  639.3  OA  120.4  28.9 CL  120.4  28.9 nm  0.067 s
Step 516, DM 2: 1 actuators over ia limit. trials=2: success.
Step 517, DM 2: 1 actuators over ia limit. trials=2: success.
Step 518, DM 2: 1 actuators over ia limit. trials=2: success.
Step 519, DM 2: 1 actuators over ia limit. trials=2: success.
Step 520, DM 2: 1 actuators over ia limit. trials=2: success.
Step 521, DM 2: 1 actuators over ia limit. trials=2: success.
Step 522, DM 2: 1 actuators over ia limit. trials=2: success.
Step 523, DM 2: 1 actuators over ia limit. trials=2: success.
Step 524, DM 2: 1 actuators over ia limit. trials=2: success.
Step 525, DM 2: 1 actuators over ia limit. trials=2: success.
Step 526, DM 2: 1 actuators over ia limit. trials=2: success.
Step 527, DM 2: 1 actuators over ia limit. trials=2: success.
Step 528, DM 2: 1 actuators over ia limit. trials=2: success.
Step 529, DM 2: 1 actuators over ia limit. trials=2: success.
Step 530, DM 2: 1 actuators over ia limit. trials=2: success.
Step   531: OL  938.4  652.2  OA  113.2  12.3 CL  113.2  12.3 nm  0.068 s
Step 531, DM 2: 1 actuators over ia limit. trials=2: success.
Step 532, DM 2: 1 actuators over ia limit. trials=2: success.
Step 533, DM 2: 1 actuators over ia limit. trials=2: success.
Step 534, DM 2: 1 actuators over ia limit. trials=2: success.
Step 535, DM 2: 1 actuators over ia limit. trials=2: success.
Step 536, DM 2: 1 actuators over ia limit. trials=2: success.
Step 537, DM 2: 1 actuators over ia limit. trials=2: success.
Step 538, DM 2: 1 actuators over ia limit. trials=2: success.
Step 539, DM 2: 1 actuators over ia limit. trials=2: success.
Step 540, DM 2: 1 actuators over ia limit. trials=2: success.
Step 541, DM 2: 1 actuators over ia limit. trials=2: success.
Step 542, DM 2: 1 actuators over ia limit. trials=2: success.
Step 543, DM 2: 1 actuators over ia limit. trials=2: success.
Step 544, DM 2: 1 actuators over ia limit. trials=2: success.
Step 545, DM 2: 1 actuators over ia limit. trials=2: success.
Step   546: OL  946.4  661.4  OA  121.6  41.6 CL  121.6  41.6 nm  0.073 s
Step 546, DM 2: 1 actuators over ia limit. trials=2: success.
Step 547, DM 2: 1 actuators over ia limit. trials=2: success.
Step 548, DM 2: 1 actuators over ia limit. trials=2: success.
Step 549, DM 2: 1 actuators over ia limit. trials=2: success.
Step 550, DM 2: 1 actuators over ia limit. trials=2: success.
Step 551, DM 2: 1 actuators over ia limit. trials=2: success.
Step 552, DM 2: 1 actuators over ia limit. trials=2: success.
Step 553, DM 2: 1 actuators over ia limit. trials=2: success.
Step 554, DM 2: 1 actuators over ia limit. trials=2: success.
Step 555, DM 2: 1 actuators over ia limit. trials=2: success.
Step 556, DM 2: 1 actuators over ia limit. trials=2: success.
Step 557, DM 2: 1 actuators over ia limit. trials=2: success.
Step 558, DM 2: 1 actuators over ia limit. trials=2: success.
Step 559, DM 2: 1 actuators over ia limit. trials=2: success.
Step 560, DM 2: 1 actuators over ia limit. trials=2: success.
Step   561: OL  957.4  667.2  OA  115.5  19.4 CL  115.5  19.4 nm  0.068 s
Step 561, DM 2: 1 actuators over ia limit. trials=2: success.
Step 562, DM 2: 1 actuators over ia limit. trials=2: success.
Step 563, DM 2: 1 actuators over ia limit. trials=2: success.
Step 564, DM 2: 1 actuators over ia limit. trials=2: success.
Step 565, DM 2: 1 actuators over ia limit. trials=2: success.
Step 566, DM 2: 1 actuators over ia limit. trials=2: success.
Step 567, DM 2: 1 actuators over ia limit. trials=2: success.
Step 568, DM 2: 1 actuators over ia limit. trials=2: success.
Step 569, DM 2: 1 actuators over ia limit. trials=2: success.
Step 570, DM 2: 1 actuators over ia limit. trials=2: success.
Step 571, DM 2: 1 actuators over ia limit. trials=2: success.
Step   572: OL  966.7  669.6  OA  118.2  32.9 CL  118.2  32.9 nm  0.070 s
Step 572, DM 2: 1 actuators over ia limit. trials=2: success.
Step 573, DM 2: 1 actuators over ia limit. trials=2: success.
Step 574, DM 2: 1 actuators over ia limit. trials=2: success.
Step 575, DM 2: 1 actuators over ia limit. trials=2: success.
Step 576, DM 2: 1 actuators over ia limit. trials=2: success.
Step 577, DM 2: 1 actuators over ia limit. trials=2: success.
Step 578, DM 2: 1 actuators over ia limit. trials=2: success.
Step 579, DM 2: 1 actuators over ia limit. trials=2: success.
Step 580, DM 2: 1 actuators over ia limit. trials=2: success.
Step 581, DM 2: 1 actuators over ia limit. trials=2: success.
Step 582, DM 2: 1 actuators over ia limit. trials=2: success.
Step 583, DM 2: 1 actuators over ia limit. trials=2: success.
Step 584, DM 2: 1 actuators over ia limit. trials=2: success.
Step 585, DM 2: 1 actuators over ia limit. trials=2: success.
Step 586, DM 2: 1 actuators over ia limit. trials=2: success.
Step   587: OL  981.5  670.8  OA  117.9  37.8 CL  117.9  37.8 nm  0.071 s
Step 587, DM 2: 1 actuators over ia limit. trials=2: success.
Step 588, DM 2: 1 actuators over ia limit. trials=2: success.
Step 589, DM 2: 1 actuators over ia limit. trials=2: success.
Step 590, DM 2: 1 actuators over ia limit. trials=2: success.
Step 591, DM 2: 1 actuators over ia limit. trials=2: success.
Step 592, DM 2: 1 actuators over ia limit. trials=2: success.
Step 593, DM 2: 1 actuators over ia limit. trials=2: success.
Step 594, DM 2: 1 actuators over ia limit. trials=2: success.
Step 595, DM 2: 1 actuators over ia limit. trials=2: success.
Step 596, DM 2: 1 actuators over ia limit. trials=2: success.
Step 597, DM 2: 1 actuators over ia limit. trials=2: success.
Step 598, DM 2: 1 actuators over ia limit. trials=2: success.
Step 599, DM 2: 1 actuators over ia limit. trials=2: success.
Step 600, DM 2: 1 actuators over ia limit. trials=2: success.
Step 601, DM 2: 1 actuators over ia limit. trials=2: success.
Step   602: OL  997.9  668.5  OA  118.2  34.5 CL  118.2  34.5 nm  0.069 s
Step 602, DM 2: 1 actuators over ia limit. trials=2: success.
Step 603, DM 2: 1 actuators over ia limit. trials=2: success.
Step 604, DM 2: 1 actuators over ia limit. trials=2: success.
Step 605, DM 2: 1 actuators over ia limit. trials=2: success.
Step 606, DM 2: 1 actuators over ia limit. trials=2: success.
Step 607, DM 2: 1 actuators over ia limit. trials=2: success.
Step 608, DM 2: 1 actuators over ia limit. trials=2: success.
Step 609, DM 2: 1 actuators over ia limit. trials=2: success.
Step 610, DM 2: 1 actuators over ia limit. trials=2: success.
Step 611, DM 2: 1 actuators over ia limit. trials=2: success.
Step 612, DM 2: 1 actuators over ia limit. trials=2: success.
Step 613, DM 2: 1 actuators over ia limit. trials=2: success.
Step 614, DM 2: 1 actuators over ia limit. trials=2: success.
Step 615, DM 2: 1 actuators over ia limit. trials=2: success.
Step 616, DM 2: 1 actuators over ia limit. trials=2: success.
Step   617: OL 1015.2  662.5  OA  119.0  26.2 CL  119.0  26.2 nm  0.073 s
Step 617, DM 2: 1 actuators over ia limit. trials=2: success.
Step 618, DM 2: 1 actuators over ia limit. trials=2: success.
Step 619, DM 2: 1 actuators over ia limit. trials=2: success.
Step 620, DM 2: 1 actuators over ia limit. trials=2: success.
Step 621, DM 2: 1 actuators over ia limit. trials=2: success.
Step 622, DM 2: 1 actuators over ia limit. trials=2: success.
Step 623, DM 2: 1 actuators over ia limit. trials=2: success.
Step 624, DM 2: 1 actuators over ia limit. trials=2: success.
Step 625, DM 2: 1 actuators over ia limit. trials=2: success.
Step 626, DM 2: 1 actuators over ia limit. trials=2: success.
Step 627, DM 2: 1 actuators over ia limit. trials=2: success.
Step 628, DM 2: 1 actuators over ia limit. trials=2: success.
Step 629, DM 2: 1 actuators over ia limit. trials=2: success.
Step 630, DM 2: 1 actuators over ia limit. trials=2: success.
Step 631, DM 2: 1 actuators over ia limit. trials=2: success.
Step   632: OL 1032.3  653.4  OA  119.5  46.7 CL  119.5  46.7 nm  0.068 s
Step 632, DM 2: 1 actuators over ia limit. trials=2: success.
Step 633, DM 2: 1 actuators over ia limit. trials=2: success.
Step 634, DM 2: 1 actuators over ia limit. trials=2: success.
Step 635, DM 2: 1 actuators over ia limit. trials=2: success.
Step 636, DM 2: 1 actuators over ia limit. trials=2: success.
Step 637, DM 2: 1 actuators over ia limit. trials=2: success.
Step 638, DM 2: 1 actuators over ia limit. trials=2: success.
Step 639, DM 2: 1 actuators over ia limit. trials=2: success.
Step 640, DM 2: 1 actuators over ia limit. trials=2: success.
Step 641, DM 2: 1 actuators over ia limit. trials=2: success.
Step 642, DM 2: 1 actuators over ia limit. trials=2: success.
Step 643, DM 2: 1 actuators over ia limit. trials=2: success.
Step 644, DM 2: 1 actuators over ia limit. trials=2: success.
Step   647: OL 1048.2  641.4  OA  118.5  36.6 CL  118.5  36.6 nm  0.080 s
Step   662: OL 1062.4  627.3  OA  117.7  28.5 CL  117.7  28.5 nm  0.069 s
Step   677: OL 1075.2  611.7  OA  117.6  27.3 CL  117.6  27.3 nm  0.069 s
Step   691: OL 1086.4  597.0  OA  115.8  25.6 CL  115.8  25.6 nm  0.085 s
Step   705: OL 1095.6  581.1  OA  117.5  21.3 CL  117.5  21.3 nm  0.092 s
Step   720: OL 1102.2  562.7  OA  118.3  21.1 CL  118.3  21.1 nm  0.067 s
Step   735: OL 1104.8  544.2  OA  120.0  13.1 CL  120.0  13.1 nm  0.067 s
Step   750: OL 1103.5  525.7  OA  125.0  17.3 CL  125.0  17.3 nm  0.066 s
Step   765: OL 1098.4  508.1  OA  118.5   4.6 CL  118.5   4.6 nm  0.072 s
Step   767 updated high order loop gain: 0.374
Step   780: OL 1089.5  491.1  OA  114.7   8.6 CL  114.7   8.6 nm  0.071 s
Step   795: OL 1076.2  474.3  OA  122.4   6.1 CL  122.4   6.1 nm  0.077 s
Step   810: OL 1059.6  457.5  OA  125.3  14.0 CL  125.3  14.0 nm  0.067 s
Step   825: OL 1039.9  440.9  OA  123.1  35.3 CL  123.1  35.3 nm  0.065 s
Step   840: OL 1017.5  424.8  OA  126.0  31.7 CL  126.0  31.7 nm  0.068 s
Step   855: OL  994.0  409.8  OA  121.0  31.4 CL  121.0  31.4 nm  0.071 s
Step   870: OL  970.7  396.4  OA  116.8  23.8 CL  116.8  23.8 nm  0.075 s
Step   885: OL  948.9  384.9  OA  124.8  45.9 CL  124.8  45.9 nm  0.067 s
Step   900: OL  926.4  375.0  OA  122.8  50.2 CL  122.8  50.2 nm  0.068 s
Step   915: OL  902.6  366.8  OA  120.2  37.4 CL  120.2  37.4 nm  0.069 s
Step   930: OL  878.8  359.6  OA  126.6  54.8 CL  126.6  54.8 nm  0.068 s
Step   944: OL  857.1  353.0  OA  130.5  62.5 CL  130.5  62.5 nm  0.073 s
Step   959: OL  835.2  345.5  OA  127.8  53.3 CL  127.8  53.3 nm  0.069 s
Step   974: OL  816.3  337.0  OA  130.7  64.2 CL  130.7  64.2 nm  0.068 s
Step   988: OL  801.2  328.1  OA  130.8  58.3 CL  130.8  58.3 nm  0.076 s
Step  1003: OL  786.6  317.4  OA  125.3  51.0 CL  125.3  51.0 nm  0.069 s
Step  1018: OL  773.8  306.0  OA  133.2  65.5 CL  133.2  65.5 nm  0.067 s
Step  1023 updated high order loop gain: 0.374
Step  1033: OL  763.4  294.2  OA  131.3  50.5 CL  131.3  50.5 nm  0.068 s
Step  1048: OL  754.6  281.3  OA  137.5  68.9 CL  137.5  68.9 nm  0.071 s
Step  1062: OL  746.6  268.1  OA  142.2  75.1 CL  142.2  75.1 nm  0.075 s
Step  1076: OL  740.3  252.9  OA  131.9  56.6 CL  131.9  56.6 nm  0.068 s
Step  1091: OL  736.3  235.4  OA  137.8  71.3 CL  137.8  71.3 nm  0.072 s
Step  1105: OL  734.8  220.1  OA  128.4  49.2 CL  128.4  49.2 nm  0.077 s
Step  1119: OL  734.4  206.3  OA  137.0  78.3 CL  137.0  78.3 nm  0.099 s
Step  1133: OL  734.9  194.6  OA  138.1  72.4 CL  138.1  72.4 nm  0.072 s
Step  1148: OL  735.9  184.5  OA  135.4  67.0 CL  135.4  67.0 nm  0.074 s
Step  1163: OL  736.7  176.9  OA  131.5  67.2 CL  131.5  67.2 nm  0.068 s
Step  1178: OL  737.8  171.9  OA  120.1  45.4 CL  120.1  45.4 nm  0.076 s
Step  1193: OL  740.8  168.5  OA  128.5  51.7 CL  128.5  51.7 nm  0.070 s
Step  1208: OL  744.2  165.6  OA  127.0  48.8 CL  127.0  48.8 nm  0.074 s
Step  1222: OL  747.4  163.9  OA  126.3  47.9 CL  126.3  47.9 nm  0.077 s
Step  1237: OL  750.0  164.0  OA  124.5  42.7 CL  124.5  42.7 nm  0.068 s
Step  1252: OL  752.0  166.8  OA  117.9  35.2 CL  117.9  35.2 nm  0.069 s
Step  1267: OL  754.9  172.5  OA  123.5  56.1 CL  123.5  56.1 nm  0.068 s
Step  1279 updated high order loop gain: 0.355
Step  1282: OL  758.6  180.4  OA  124.7  52.0 CL  124.7  52.0 nm  0.069 s
Step  1296: OL  763.3  189.1  OA  126.1  50.0 CL  126.1  50.0 nm  0.077 s
Step  1311: OL  768.1  199.8  OA  121.4  40.0 CL  121.4  40.0 nm  0.068 s
Step  1326: OL  772.7  211.9  OA  121.2  45.8 CL  121.2  45.8 nm  0.074 s
Step  1341: OL  778.8  225.2  OA  135.2  73.8 CL  135.2  73.8 nm  0.067 s
Step  1355: OL  786.5  238.0  OA  126.0  51.0 CL  126.0  51.0 nm  0.070 s
Step  1370: OL  796.6  249.9  OA  125.0  60.8 CL  125.0  60.8 nm  0.076 s
Step  1385: OL  808.1  259.2  OA  123.3  54.0 CL  123.3  54.0 nm  0.068 s
Step  1400: OL  821.3  266.3  OA  125.3  51.2 CL  125.3  51.2 nm  0.071 s
Step  1414: OL  835.0  271.0  OA  128.9  61.0 CL  128.9  61.0 nm  0.071 s
Step  1429: OL  850.5  274.7  OA  130.6  67.3 CL  130.6  67.3 nm  0.068 s
Step  1444: OL  865.4  277.6  OA  127.6  61.4 CL  127.6  61.4 nm  0.075 s
Step  1459: OL  879.2  279.3  OA  124.5  53.6 CL  124.5  53.6 nm  0.068 s
Step  1474: OL  890.1  279.0  OA  128.2  59.9 CL  128.2  59.9 nm  0.072 s
Step  1489: OL  896.4  276.3  OA  126.8  53.8 CL  126.8  53.8 nm  0.068 s
Step  1503: OL  898.5  271.7  OA  131.2  67.1 CL  131.2  67.1 nm  0.068 s
Step  1517: OL  897.5  265.5  OA  127.9  63.5 CL  127.9  63.5 nm  0.096 s
Step  1532: OL  893.4  257.4  OA  133.6  70.9 CL  133.6  70.9 nm  0.068 s
Step  1535 updated high order loop gain: 0.347
Step  1546: OL  887.1  248.5  OA  136.8  80.2 CL  136.8  80.2 nm  0.068 s
Step  1560: OL  880.1  239.2  OA  133.0  75.1 CL  133.0  75.1 nm  0.068 s
Step  1575: OL  872.0  230.2  OA  132.3  68.9 CL  132.3  68.9 nm  0.066 s
Step  1590: OL  862.9  223.0  OA  126.8  57.4 CL  126.8  57.4 nm  0.068 s
Step 1599: Output PSF
Step  1599: OL  857.0  219.2  OA  131.0  64.4 CL  131.0  64.4 nm  1.997 s
Mean: 125.05 49.50 114.84  nm.

*** Simulation Finished at 2025/02/09 17:07:20 in nid003257. ***

