Warning(sock.c:516): connect locally (/global/homes/b/bpeck/.aos/tmp/nid003517/scheduler) failed: Invalid argument. 
/global/u2/b/bpeck/work/vismcao/maos -o studies/reduced_ngs/8_lgs/8mag_lgs/5250count -c master_files/reduced_ngs/8_lgs/8mag_lgs/kola_5250act.conf -O 
Output folder is 'studies/reduced_ngs/8_lgs/8mag_lgs/5250count'.
SRC: /global/homes/b/bpeck/code/maos v2.9 4c88b7c2 2024-11-13 16:45:33 -0800
BUILT: /global/homes/b/bpeck/code/maos/optim by GCC (v12) on 2024/11/18 09:40:03 CPU(F64,+O3) with CUDA(v122,F32)
Launched at 2025/02/11 19:19:05 in nid003517 with PID 1953446.
The web based job monitor can be accessed at http://localhost:10300
Main config file is /global/u2/b/bpeck/work/vismcao/master_files/reduced_ngs/8_lgs/8mag_lgs/kola_5250act.conf
Warning(path.c:48): Path not found: path=/global/u2/b/bpeck/work/vismcao/master_files/reduced_ngs/8_lgs/8mag_lgs/bin; abspath=/global/u2/b/bpeck/work/vismcao/master_files/reduced_ngs/8_lgs/8mag_lgs/bin; Ignored.
Warning(path.c:48): Path not found: path=/global/u2/b/bpeck/work/vismcao/master_files/reduced_ngs/8_lgs/8mag_lgs/atm; abspath=/global/u2/b/bpeck/work/vismcao/master_files/reduced_ngs/8_lgs/8mag_lgs/atm; Ignored.
Warning(readcfg.c:399): sim.apfsm has been renamed to powfs.apfsm.
Warning(readcfg.c:399): sim.epfsm has been renamed to powfs.epfsm.
Warning(readcfg.c:399): sim.alfsm has been renamed to powfs.alfsm.
Warning(readcfg.c:399): sim.commonfsm has been renamed to powfs.commonfsm.
Warning(readcfg.c:399): sim.idealfsm has been renamed to powfs.idealfsm.
Warning(readcfg.c:399): sim.zetafsm has been renamed to powfs.zetafsm.
Warning(readcfg.c:399): sim.f0fsm has been renamed to powfs.f0fsm.
Warning(readcfg.c:399): tsurf has been renamed to ncpa.tsurf.
loaded 132 (132 new) records from '/global/u2/b/bpeck/work/vismcao/./keck_sim.conf'
loaded  19 ( 19 new) records from '/global/u2/b/bpeck/work/vismcao/./dm_none.conf'
loaded  19 (  0 new) records from '/global/u2/b/bpeck/work/vismcao/./keck_ASM.conf'
loaded  19 (  0 new) records from '/global/u2/b/bpeck/work/vismcao/./keck_DM2.conf'
loaded  19 (  0 new) records from '/global/u2/b/bpeck/work/vismcao/./keck_DM3.conf'
loaded   0 (  0 new) records from '/global/u2/b/bpeck/work/vismcao/./keck_dm_multiple.conf'
loaded   7 (  5 new) records from '/global/u2/b/bpeck/work/vismcao/./atm_mk13n50p_ground_detail.conf'
loaded  76 ( 69 new) records from '/global/homes/b/bpeck/code/maos/config/maos/powfs_common.conf'
loaded  44 ( 38 new) records from '/global/u2/b/bpeck/work/vismcao/./powfs_none.conf'
loaded  44 (  0 new) records from '/global/u2/b/bpeck/work/vismcao/./keck_shwfs_lgs.conf'
loaded  44 (  0 new) records from '/global/u2/b/bpeck/work/vismcao/./keck_shwfs_ttf_strap.conf'
loaded  44 (  0 new) records from '/global/u2/b/bpeck/work/vismcao/./keck_shwfs_twfs_lbwfs.conf'
loaded   0 (  0 new) records from '/global/u2/b/bpeck/work/vismcao/./keck_wfs_lgs_strap_lbwfs.conf'
loaded  71 ( 71 new) records from '/global/u2/b/bpeck/work/vismcao/./keck_recon.conf'
Warning(readcfg.c:399): dbg.na_smooth has been renamed to powfs0_llt.na_smooth.
Warning(readcfg.c:399): dbg.na_interp has been renamed to powfs0_llt.na_interp.
Warning(readcfg.c:399): dbg.na_thres has been renamed to powfs0_llt.na_thres.
Warning(readcfg.c:399): dbg.na_fit_maxit has been renamed to powfs0_llt.na_fit_maxit.
Warning(readcfg.c:399): dbg.na_fit_svdthres has been renamed to powfs0_llt.na_fit_svdthres.
Warning(readcfg.c:399): dbg.na_fit_dh has been renamed to powfs0_llt.na_fit_dh.
Warning(readcfg.c:399): dbg.ncpa_preload has been renamed to ncpa.preload.
Warning(readcfg.c:399): dbg.ncpa_rmsci has been renamed to ncpa.rmsci.
Warning(readcfg.c:399): dbg.draw_opdmax has been renamed to plot.opdmax.
Warning(readcfg.c:399): dbg.draw_gmax has been renamed to plot.gmax.
loaded  95 ( 93 new) records from '/global/u2/b/bpeck/work/vismcao/./keck_dbg.conf'
loaded   4 (  4 new) records from '/global/u2/b/bpeck/work/vismcao/./keck_fit_mcao.conf'
Warning(readcfg.c:399): surf has been renamed to ncpa.surf.
loaded  39 (  7 new) records from '/global/u2/b/bpeck/work/vismcao/master_files/reduced_ngs/8_lgs/8mag_lgs/kola_5250act.conf'
loaded   0 (  0 new) records from 'command line'
loaded  24 ( 18 new) records from '/global/u2/b/bpeck/work/vismcao/./keck_llt_CL.conf'
Adjust LGS range by telescope altitude 4145m.
Zenith angle is 30 degree.
    Scaling turbulence height and LGS hs by sec(za).
    Scaling r0 by cos(za)^(3/5).
    Scaling wind speed and LGS signal level by cos(za).
powfs0: Adjusting dx from 0.0078125 to 0.0075. 
powfs0.llt.fsm: f0=0 Hz, LPF ep=0
powfs0.epfsm is set to 0.517618 (auto)
powfs2: Adjusting dx from 0.03125 to 0.0312778. 
powfs2 is TWFS for powfs0
sim.ephi is set to 0.427717 (auto)
sim.eplo is set to 0.427717 (auto)
Warning(parms.c:2296): Layer 1 at 17.3205m is very close to layer 0 at 0m (OK).
Warning(parms.c:2296): Layer 2 at 34.641m is very close to layer 1 at 17.3205m (OK).
Warning(parms.c:2296): Layer 3 at 51.9615m is very close to layer 2 at 34.641m (OK).
dm 0: stroke=30 um is provided in micron.
dm 0: assume ia stroke=2 um is provided in micron.
dm 1: stroke=7 um is provided in micron.
dm 1: assume ia stroke=2 um is provided in micron.
dm 2: stroke=7 um is provided in micron.
dm 2: assume ia stroke=2 um is provided in micron.
Focus blending is not implemented yet for integrated tomography
parms->sim.mffocus is reset to 0
There are 1 valid simulation seeds:  1
Output PSF for 1 directions
Used 449 of 456 supplied keys
Warning(readcfg.c:158): key "dbg.pwfs_flate" is not recognized, value is 0
Warning(readcfg.c:158): key "dbg.pwfs_flatv" is not recognized, value is 0
Warning(readcfg.c:158): key "dbg.pwfs_psx" is not recognized, value is [0 0 0 0]
Warning(readcfg.c:158): key "dbg.pwfs_psy" is not recognized, value is [0 0 0 0]
Warning(readcfg.c:158): key "dbg.pwfs_pupelong" is not recognized, value is 0
Warning(readcfg.c:158): key "dbg.pwfs_raw" is not recognized, value is 0
Warning(readcfg.c:158): key "dbg.pwfs_side" is not recognized, value is 4
[00;00mAperture[00;00m is 11 m with sampling 1/128 m
[00;00mTurbulence at 30 degree zenith angle:[00;00m r0=0.128424m, L0=30m, 14 layers.
    Greenwood freq is 25.1Hz, anisoplanatic angle is 1.58 as
    Sampled 8192x8192 at 1/128m. wind dir is randomized.
    layer 0: ht=      0 m, wt= 0.302, ws=  4.8 m/s
    layer 1: ht=     17 m, wt= 0.154, ws=  5.0 m/s
    layer 2: ht=     35 m, wt= 0.041, ws=  5.4 m/s
    layer 3: ht=     52 m, wt= 0.002, ws=  6.6 m/s
    layer 4: ht=    139 m, wt= 0.021, ws=  6.1 m/s
    layer 5: ht=    231 m, wt= 0.010, ws=  6.1 m/s
    layer 6: ht=    323 m, wt= 0.008, ws=  6.1 m/s
    layer 7: ht=    416 m, wt= 0.005, ws=  6.1 m/s
    layer 8: ht=    508 m, wt= 0.001, ws=  6.1 m/s
    layer 9: ht=    932 m, wt= 0.107, ws=  5.6 m/s
    layer 10: ht=   5022 m, wt= 0.144, ws= 11.1 m/s
    layer 11: ht=   9238 m, wt= 0.093, ws= 19.1 m/s
    layer 12: ht=  13856 m, wt= 0.075, ws=  8.2 m/s
    layer 13: ht=  22518 m, wt= 0.036, ws=  4.8 m/s
[00;00mReconstruction[00;00m: r0=0.128424m L0=30m. 14 layers. use cone coordinate.
    layer 0: ht=      0 m, wt= 0.302
    layer 1: ht=     17 m, wt= 0.154
    layer 2: ht=     35 m, wt= 0.041
    layer 3: ht=     52 m, wt= 0.002
    layer 4: ht=    139 m, wt= 0.021
    layer 5: ht=    231 m, wt= 0.010
    layer 6: ht=    323 m, wt= 0.008
    layer 7: ht=    416 m, wt= 0.005
    layer 8: ht=    508 m, wt= 0.001
    layer 9: ht=    932 m, wt= 0.107
    layer 10: ht=   5022 m, wt= 0.144
    layer 11: ht=   9238 m, wt= 0.093
    layer 12: ht=  13856 m, wt= 0.075
    layer 13: ht=  22518 m, wt= 0.036
[00;00mThere are 3 powfs[00;00m
  powfs0: Order 82, LGS at 99.1 km. Sampling 1/133.333 m. Thres 30%. [00;00mT/T is removed in right hand side in tomography.[00;00m
    CCD image is 25x25 @ 500x500 mas, blur 27% (sigma), 1500Hz, wvl: [ 5.89e-07]
    Gtilt in reconstruction. Physical optics start at 0 with [00;00m'matched filter'[00;00m [00;00m(noisy)[00;00m
  powfs1: Order  2, NGS at inf km. Sampling 1/16 m. Thres 30%. 
    Ztilt in reconstruction. Geomtric optics start at 2 with ztilt [00;00m(noisy)[00;00m
  powfs2: Order 20, NGS at inf km. Sampling 1/31.9716 m. Thres 50%. 
    CCD image is 4x4 @ 1500x1500 mas, blur 0% (sigma), 0.015Hz, wvl: [ 7.2e-07]
    Gtilt in reconstruction. Geomtric optics start at 50 with gtilt Physical optics start at 0 with [00;00m'matched filter'[00;00m [00;00m(noisy)[00;00m
[00;00mThere are 12 wfs[00;00m
    wfs 0: type 0, at (  30.00,    0.00) arcsec,  99 km, siglev is 21.8524 bkgrnd is 0.1
    wfs 1: type 0, at (  21.21,   21.21) arcsec,  99 km, siglev is 21.8524 bkgrnd is 0.1
    wfs 2: type 0, at (   0.00,   30.00) arcsec,  99 km, siglev is 21.8524 bkgrnd is 0.1
    wfs 3: type 0, at ( -21.21,   21.21) arcsec,  99 km, siglev is 21.8524 bkgrnd is 0.1
    wfs 4: type 0, at ( -30.00,    0.00) arcsec,  99 km, siglev is 21.8524 bkgrnd is 0.1
    wfs 5: type 0, at ( -21.21,  -21.21) arcsec,  99 km, siglev is 21.8524 bkgrnd is 0.1
    wfs 6: type 0, at (   0.00,  -30.00) arcsec,  99 km, siglev is 21.8524 bkgrnd is 0.1
    wfs 7: type 0, at (  21.21,  -21.21) arcsec,  99 km, siglev is 21.8524 bkgrnd is 0.1
    wfs 8: type 1, at (   5.00,    8.66) arcsec, inf km, siglev is 42387.6 bkgrnd is 1.056
    wfs 9: type 1, at ( -10.00,    0.00) arcsec, inf km, siglev is 42387.6 bkgrnd is 1.056
    wfs 10: type 1, at (   5.00,   -8.66) arcsec, inf km, siglev is 42387.6 bkgrnd is 1.056
    wfs 11: type 2, at (   0.00,    0.00) arcsec, inf km, siglev is 4.1558e+06 bkgrnd is 0.001
[00;00mThere are 3 DMs[00;00m
  DM 0 at -0.1km, actuator pitch 0.135m, offset   0, with 30.000000 micron stroke.
    Normalized cubic influence function with inter-actuator coupling of 0.223
  DM 1 at    6km, actuator pitch 0.168m, offset   0, with 7.000000 micron stroke.
    Normalized cubic influence function with inter-actuator coupling of 0.223
  DM 2 at   10km, actuator pitch 0.168m, offset   0, with 7.000000 micron stroke.
    Normalized cubic influence function with inter-actuator coupling of 0.223
[00;00mTomography[00;00m is using CG, with [00;00mFourer Domain[00;00m preconditioner, [00;00m12[00;00m iterations, integrated tomo.
[00;00mDM Fitting [00;00mis using CG, with [00;00mNo[00;00m preconditioner, [00;00m10[00;00m iterations
[00;00mThere are 9 fit directions[00;00m
    Fit 0: weight is 0.444, at (   0.00,    0.00) arcsec
    Fit 1: weight is 0.111, at (  15.00,    0.00) arcsec
    Fit 2: weight is 0.111, at (   0.00,   15.00) arcsec
    Fit 3: weight is 0.111, at ( -15.00,    0.00) arcsec
    Fit 4: weight is 0.111, at (   0.00,  -15.00) arcsec
    Fit 5: weight is 0.028, at (  15.00,   15.00) arcsec
    Fit 6: weight is 0.028, at ( -15.00,   15.00) arcsec
    Fit 7: weight is 0.028, at ( -15.00,  -15.00) arcsec
    Fit 8: weight is 0.028, at (  15.00,  -15.00) arcsec
[00;00mThere are 1 evaluation directions[00;00m at sampling 1/128 m.
    Evl 0: weight is 1.000, at (   0.00,    0.00) arcsec
[00;00mSimulation[00;00m start at step 0, end at step 1600, with time step 1/1500s, [00;00mclose loop[00;00m.
After setup_parms:	120.5 MiB.
Warning(sock.c:516): connect locally (/global/homes/b/bpeck/.aos/tmp/nid003517/scheduler) failed: Invalid argument. 
CUDA: minimum memory requirement is 0.3GB
GPU 0 is NVIDIA A100-SXM4-40GB with arch 8.0, 38.9GB free, 39.3GB total device memory.
Using GPU 0
Use 1 GPUs for WFS Tomo Fit Evl

*** Preparation started at 2025/02/11 19:19:05 in nid003517. ***

Using OpenMP version 201511 with 128 threads
Reading aperture amplitude map from KECK.fits
Warning(accphi.c:477): 108535 points not covered by input screen
Warning(sock.c:516): connect locally (/global/homes/b/bpeck/.aos/tmp/nid003517/scheduler) failed: Invalid argument. 
 ->maos.c:447->setup.c:148->aper.c:74->utils.c:478->accphi.c:478
iwvl 0: Science PSF is using grid size of 2880. The PSF will sum to 6.95167232825486
iwvl 1: Science PSF is using grid size of 2880. The PSF will sum to 6.95167232825486
iwvl 2: Science PSF is using grid size of 2880. The PSF will sum to 6.95167232825486
iwvl 3: Science PSF is using grid size of 2880. The PSF will sum to 6.95167232825486
iwvl 4: Science PSF is using grid size of 2880. The PSF will sum to 6.95167232825486
iwvl 5: Science PSF is using grid size of 2880. The PSF will sum to 6.95167232825486
iwvl 6: Science PSF is using grid size of 2880. The PSF will sum to 6.95167232825486
iwvl 7: Science PSF is using grid size of 2880. The PSF will sum to 6.95167232825486
iwvl 8: Science PSF is using grid size of 2880. The PSF will sum to 6.95167232825486
After setup_aper:	341.0 MiB.

[00;00mSetting up powfs 0 geom[00;00m

There are 18 points in each subaperture of 0.135m.
There are 4078 valid subaperture.

[00;00mSetting up powfs 1 geom[00;00m

There are 88 points in each subaperture of 5.5m.
There are 4 valid subaperture.

[00;00mSetting up powfs 2 geom[00;00m

There are 18 points in each subaperture of 0.563m.
There are 236 valid subaperture.
After setup_powfs_init:	448.1 MiB.

[00;00mSetting up reconstructor geometry.[00;00m

PLOC is 167x167, with sampling of 0.07m (square)
    DM 0: grid is 85 x 85
    DM 1: grid is 75 x 75
    DM 2: grid is 81 x 81
FLOC is 167x167, with sampling of 0.07m (not square)
Tomography grid is square:
    layer 0: xloc grid is 300 x 300, sampling is 0.068 m, 90000 points
    layer 1: xloc grid is 300 x 300, sampling is 0.067 m, 90000 points
    layer 2: xloc grid is 300 x 300, sampling is 0.067 m, 90000 points
    layer 3: xloc grid is 300 x 300, sampling is 0.067 m, 90000 points
    layer 4: xloc grid is 300 x 300, sampling is 0.067 m, 90000 points
    layer 5: xloc grid is 300 x 300, sampling is 0.067 m, 90000 points
    layer 6: xloc grid is 300 x 300, sampling is 0.067 m, 90000 points
    layer 7: xloc grid is 300 x 300, sampling is 0.067 m, 90000 points
    layer 8: xloc grid is 300 x 300, sampling is 0.067 m, 90000 points
    layer 9: xloc grid is 300 x 300, sampling is 0.067 m, 90000 points
    layer 10: xloc grid is 300 x 300, sampling is 0.064 m, 90000 points
    layer 11: xloc grid is 300 x 300, sampling is 0.061 m, 90000 points
    layer 12: xloc grid is 300 x 300, sampling is 0.058 m, 90000 points
    layer 13: xloc grid is 300 x 300, sampling is 0.052 m, 90000 points

[00;00mSetting up powfs 0 PO WFS[00;00m

OTF dimension is 36x36 (calculated)
Uplink FWHM (illt 0, iwvl 0) is 0.576822"
Downlink FWHM (illt 0, iwvl 0) is 1.41876"
Generating matched filter for powfs 0
sa index   location       noise equivalent angle
    2036: (  4.9,  -0.1) m, (183.92, 175.66) mas
    2028: (  3.8,  -0.1) m, (197.51, 177.59) mas
    2020: (  2.7,  -0.1) m, (215.55, 180.12) mas
    2011: (  1.5,  -0.1) m, (240.47, 183.50) mas
    2010: (  1.4,  -0.1) m, (243.47, 183.89) mas
    1442: ( -0.5,  -1.4) m, (280.98, 193.23) mas
    2005: ( -1.8,  -0.1) m, (308.19, 192.59) mas
    1997: ( -2.8,  -0.1) m, (331.33, 195.67) mas
    1989: ( -3.9,  -0.1) m, (354.19, 198.72) mas
    1981: ( -5.0,  -0.1) m, (377.14, 201.69) mas
    1978: ( -5.4,  -0.1) m, (384.62, 202.69) mas
sa index   location       noise equivalent angle
    3927: (  3.0,   4.2) m, (184.04, 176.16) mas
    3362: (  2.7,   2.7) m, (187.18, 187.18) mas
    2998: (  1.9,   1.9) m, (204.37, 203.38) mas
    2574: (  1.1,   1.1) m, (211.48, 211.48) mas
    2509: (  0.9,   0.9) m, (213.83, 213.83) mas
    1514: (  0.5,  -1.2) m, (240.18, 272.85) mas
    1507: ( -1.2,  -1.2) m, (252.69, 252.69) mas
    1083: ( -2.0,  -2.0) m, (274.19, 273.38) mas
     719: ( -2.8,  -2.8) m, (286.27, 286.27) mas
     485: ( -3.4,  -3.4) m, (298.48, 298.48) mas
     199: ( -3.1,  -4.2) m, (292.77, 316.05) mas
sa index   location       noise equivalent angle
    3767: (  0.0,   3.8) m, (184.62, 203.13) mas
    3342: (  0.0,   2.7) m, (187.32, 221.81) mas
    2776: (  0.0,   1.5) m, (190.93, 247.67) mas
    2706: (  0.0,   1.4) m, (191.35, 250.78) mas
    1818: (  1.2,  -0.5) m, (193.23, 280.98) mas
    1236: (  0.0,  -1.8) m, (200.68, 317.90) mas
     740: (  0.0,  -2.8) m, (203.99, 341.84) mas
     314: (  0.0,  -3.9) m, (207.27, 365.47) mas
     130: (  0.0,  -4.5) m, (208.94, 378.08) mas
       7: ( -2.6,  -4.9) m, (216.55, 380.83) mas
sa index   location       noise equivalent angle
    3882: ( -3.1,   4.2) m, (184.04, 176.16) mas
    3321: ( -2.8,   2.7) m, (187.18, 187.18) mas
    3032: ( -2.2,   2.0) m, (211.82, 214.49) mas
    2563: ( -1.2,   1.1) m, (211.48, 211.48) mas
    2504: ( -1.1,   0.9) m, (213.83, 213.83) mas
    2329: (  1.2,   0.5) m, (255.98, 221.91) mas
    1518: (  1.1,  -1.2) m, (252.69, 252.69) mas
    1179: (  1.8,  -1.9) m, (266.61, 266.61) mas
     760: (  2.7,  -2.8) m, (286.27, 286.27) mas
     534: (  3.2,  -3.4) m, (298.48, 298.48) mas
     244: (  3.0,  -4.2) m, (292.77, 316.05) mas
sa index   location       noise equivalent angle
    1981: ( -5.0,  -0.1) m, (183.92, 175.66) mas
    1989: ( -3.9,  -0.1) m, (197.51, 177.59) mas
    1997: ( -2.8,  -0.1) m, (215.55, 180.12) mas
    2006: ( -1.6,  -0.1) m, (240.47, 183.50) mas
    2007: ( -1.5,  -0.1) m, (243.47, 183.89) mas
    1449: (  0.4,  -1.4) m, (280.98, 193.23) mas
    2012: (  1.6,  -0.1) m, (308.19, 192.59) mas
    2020: (  2.7,  -0.1) m, (331.33, 195.67) mas
    2028: (  3.8,  -0.1) m, (354.19, 198.72) mas
    2036: (  4.9,  -0.1) m, (377.14, 201.69) mas
    2039: (  5.3,  -0.1) m, (384.62, 202.69) mas
sa index   location       noise equivalent angle
     153: ( -3.1,  -4.3) m, (184.04, 176.16) mas
     485: ( -3.4,  -3.4) m, (181.19, 181.19) mas
     778: ( -2.7,  -2.7) m, (188.89, 188.89) mas
    1152: ( -1.9,  -1.9) m, (200.64, 200.64) mas
    1572: ( -1.1,  -1.1) m, (213.83, 213.83) mas
    2567: ( -0.7,   1.1) m, (234.42, 266.47) mas
    2509: (  0.9,   0.9) m, (250.49, 250.49) mas
    2645: (  1.2,   1.2) m, (255.83, 255.83) mas
    3063: (  2.0,   2.0) m, (295.16, 298.09) mas
    3421: (  2.8,   2.8) m, (288.72, 288.72) mas
    3881: (  3.0,   4.1) m, (292.77, 316.05) mas
sa index   location       noise equivalent angle
     314: (  0.0,  -3.9) m, (184.62, 203.13) mas
     740: (  0.0,  -2.8) m, (187.32, 221.81) mas
    1306: (  0.0,  -1.6) m, (190.93, 247.67) mas
    1376: (  0.0,  -1.5) m, (191.35, 250.78) mas
    2266: (  1.2,   0.4) m, (193.23, 280.98) mas
    2846: (  0.0,   1.6) m, (200.68, 317.90) mas
    3342: (  0.0,   2.7) m, (203.99, 341.84) mas
    3767: (  0.0,   3.8) m, (207.27, 365.47) mas
    3951: (  0.0,   4.3) m, (208.94, 378.08) mas
    4054: ( -2.6,   4.7) m, (220.23, 386.07) mas
sa index   location       noise equivalent angle
     198: (  3.0,  -4.3) m, (184.04, 176.16) mas
     534: (  3.2,  -3.4) m, (181.19, 181.19) mas
     817: (  2.6,  -2.7) m, (188.89, 188.89) mas
    1179: (  1.8,  -1.9) m, (200.64, 200.64) mas
    1577: (  0.9,  -1.1) m, (213.83, 213.83) mas
    2570: (  0.5,   1.1) m, (229.99, 261.71) mas
    2504: ( -1.1,   0.9) m, (250.49, 250.49) mas
    2626: ( -1.4,   1.2) m, (255.83, 255.83) mas
    3032: ( -2.2,   2.0) m, (293.40, 296.54) mas
    3378: ( -3.0,   2.8) m, (288.72, 288.72) mas
    3836: ( -3.1,   4.1) m, (292.77, 316.05) mas

[00;00mSetting up powfs 2 PO WFS[00;00m

OTF dimension is 48x48 (calculated)
Generating matched filter for powfs 2
Use sanea to derive neasim
Use sanea to derive neasim

[00;00mSetting up reconstructor[00;00m

Recon NEA: cmf(245.82) cmf(245.77) cmf(246.06) cmf(245.82) cmf(245.90) cmf(245.70) cmf(245.88) cmf(245.64) geom(0.31) geom(0.31) geom(0.31) mf(0.14)  mas
Setup or update control matrix parameters.
RRtwfs svd threshold is 1e-10
Replacing HA by HA*fit->actextrap
Adding piston cr to fit matrix
Adding TT cr on upper DMs to fit matrix.
Before assembling fit matrix:	5718.7 MiB.
Building fit->FR
Building fit->FL
Adding tikhonov constraint of 1.0e-07 to FLM
The maximum eigen value is estimated to be around 2.6e-04
DM Fit number of Low rank terms: 16 in LHS
After assemble fit matrix:	8086.4 MiB.
After setup_recon:	8086.4 MiB.
GPU 0: mem used 1674 MB (wfs init)
GPU 0: mem used 3052 MB (recon init)
GPU 0: mem used 3082 MB (perf init)

*** Simulation started at 2025/02/11 19:20:51 in nid003517. ***

Running seed 1
GPU 0: mem used 3084 MB (wfs seeding)
Wind dir: 267.3 261.7 167.0 130.5 300.7  32.3 119.8 139.0 150.8 277.7 203.0 133.1  45.9 265.1 deg
Using /global/homes/b/bpeck/.aos/cache/atm/vonkarman_14_8192x8192_0.0078125_1115374592d.bin
After genatm:	7825.7 MiB.
Step     #  Open Loop  PR TT  On axis  PR TT  Field RMS PR TT     Timing 
Step     0: OL  884.6  248.3  OA  884.6 248.3 CL  884.6 248.3 nm  0.137 s
Step    13: OL  904.7  253.4  OA  152.1  71.4 CL  152.1  71.4 nm  0.078 s
Step    26: OL  925.3  257.6  OA  126.8  21.1 CL  126.8  21.1 nm  0.087 s
Step    38: OL  943.8  260.2  OA  117.7  15.5 CL  117.7  15.5 nm  0.086 s
Step    50: OL  961.6  261.2  OA  125.5  25.6 CL  125.5  25.6 nm  0.090 s
Step    62: OL  979.4  260.6  OA  129.7  36.5 CL  129.7  36.5 nm  0.086 s
Step    74: OL  997.4  259.3  OA  124.6  10.9 CL  124.6  10.9 nm  0.089 s
Step    86: OL 1015.8  258.2  OA  127.3  27.8 CL  127.3  27.8 nm  0.087 s
Step    98: OL 1034.2  257.5  OA  123.7  28.9 CL  123.7  28.9 nm  0.093 s
Step   110: OL 1052.6  257.6  OA  117.2  12.6 CL  117.2  12.6 nm  0.089 s
Step   122: OL 1070.6  258.8  OA  133.7  42.9 CL  133.7  42.9 nm  0.096 s
Step   134: OL 1087.6  261.4  OA  116.6   8.7 CL  116.6   8.7 nm  0.087 s
Step   146: OL 1103.6  265.7  OA  119.0   7.3 CL  119.0   7.3 nm  0.093 s
Step   158: OL 1117.9  271.1  OA  123.3  27.6 CL  123.3  27.6 nm  0.084 s
Step   170: OL 1130.4  277.8  OA  123.2   5.3 CL  123.2   5.3 nm  0.088 s
Step   182: OL 1140.8  285.3  OA  123.7  24.2 CL  123.7  24.2 nm  0.089 s
Step   194: OL 1148.8  293.1  OA  122.6  24.8 CL  122.6  24.8 nm  0.086 s
Step   206: OL 1155.1  300.7  OA  125.9  38.2 CL  125.9  38.2 nm  0.087 s
Step   218: OL 1159.6  308.4  OA  124.5  31.9 CL  124.5  31.9 nm  0.091 s
Step   229: OL 1161.8  315.5  OA  124.1  24.8 CL  124.1  24.8 nm  0.089 s
Step   241: OL 1162.3  323.6  OA  119.1  15.6 CL  119.1  15.6 nm  0.085 s
Step   253: OL 1160.0  332.1  OA  125.3  41.7 CL  125.3  41.7 nm  0.088 s
Step   255 updated high order loop gain: 0.344
Step   265: OL 1154.1  340.7  OA  115.3  27.8 CL  115.3  27.8 nm  0.086 s
Step   277: OL 1145.4  349.4  OA  124.1  43.1 CL  124.1  43.1 nm  0.096 s
Step   286: OL 1137.2  356.3  OA  120.4  32.7 CL  120.4  32.7 nm  0.085 s
Step   298: OL 1125.0  366.4  OA  115.9  25.3 CL  115.9  25.3 nm  0.094 s
Step   310: OL 1111.7  377.2  OA  120.1  34.8 CL  120.1  34.8 nm  0.087 s
Step   322: OL 1096.8  388.7  OA  131.1  54.2 CL  131.1  54.2 nm  0.093 s
Step   334: OL 1081.0  401.5  OA  123.0  35.0 CL  123.0  35.0 nm  0.089 s
Step   346: OL 1065.0  415.9  OA  125.4  49.3 CL  125.4  49.3 nm  0.085 s
Step   358: OL 1049.4  431.7  OA  112.6  14.8 CL  112.6  14.8 nm  0.087 s
Step   370: OL 1034.6  448.6  OA  127.5  39.3 CL  127.5  39.3 nm  0.087 s
Step   382: OL 1020.7  465.8  OA  120.7  29.6 CL  120.7  29.6 nm  0.088 s
Step   394: OL 1007.2  483.2  OA  119.7  12.9 CL  119.7  12.9 nm  0.087 s
Step   405: OL  994.9  498.9  OA  119.1  17.2 CL  119.1  17.2 nm  0.087 s
Step   417: OL  981.1  515.5  OA  117.1   7.2 CL  117.1   7.2 nm  0.089 s
Step   428: OL  968.3  530.2  OA  120.0  24.9 CL  120.0  24.9 nm  0.087 s
Step   440: OL  954.8  546.0  OA  121.1  27.3 CL  121.1  27.3 nm  0.088 s
Step   452: OL  942.7  561.5  OA  121.6  18.4 CL  121.6  18.4 nm  0.087 s
Step   464: OL  933.1  577.3  OA  117.3   9.6 CL  117.3   9.6 nm  0.085 s
Step   476: OL  926.6  592.8  OA  120.7  29.2 CL  120.7  29.2 nm  0.093 s
Step 482, DM 2: 1 actuators over ia limit. trials=2: success.
Step 483, DM 2: 1 actuators over ia limit. trials=2: success.
Step 484, DM 2: 1 actuators over ia limit. trials=2: success.
Step 485, DM 2: 1 actuators over ia limit. trials=2: success.
Step 486, DM 2: 1 actuators over ia limit. trials=2: success.
Step 487, DM 2: 1 actuators over ia limit. trials=2: success.
Step   488: OL  924.0  607.7  OA  117.6  20.3 CL  117.6  20.3 nm  0.086 s
Step 488, DM 2: 1 actuators over ia limit. trials=2: success.
Step 489, DM 2: 1 actuators over ia limit. trials=2: success.
Step 490, DM 2: 1 actuators over ia limit. trials=2: success.
Step 491, DM 2: 1 actuators over ia limit. trials=2: success.
Step 492, DM 2: 1 actuators over ia limit. trials=2: success.
Step 493, DM 2: 1 actuators over ia limit. trials=2: success.
Step 494, DM 2: 1 actuators over ia limit. trials=2: success.
Step 495, DM 2: 1 actuators over ia limit. trials=2: success.
Step 496, DM 2: 1 actuators over ia limit. trials=2: success.
Step 497, DM 2: 1 actuators over ia limit. trials=2: success.
Step 498, DM 2: 1 actuators over ia limit. trials=2: success.
Step   499: OL  924.3  620.9  OA  116.5  20.3 CL  116.5  20.3 nm  0.091 s
Step 499, DM 2: 1 actuators over ia limit. trials=2: success.
Step 500, DM 2: 1 actuators over ia limit. trials=2: success.
Step 501, DM 2: 1 actuators over ia limit. trials=2: success.
Step 502, DM 2: 1 actuators over ia limit. trials=2: success.
Step 503, DM 2: 1 actuators over ia limit. trials=2: success.
Step 504, DM 2: 1 actuators over ia limit. trials=2: success.
Step 505, DM 2: 1 actuators over ia limit. trials=2: success.
Step 506, DM 2: 1 actuators over ia limit. trials=2: success.
Step 507, DM 2: 1 actuators over ia limit. trials=2: success.
Step 508, DM 2: 1 actuators over ia limit. trials=2: success.
Step 509, DM 2: 1 actuators over ia limit. trials=2: success.
Step   510: OL  926.0  633.0  OA  125.0  17.5 CL  125.0  17.5 nm  0.089 s
Step 510, DM 2: 1 actuators over ia limit. trials=2: success.
Step   511 updated high order loop gain: 0.287
Step 511, DM 2: 1 actuators over ia limit. trials=2: success.
Step 512, DM 2: 1 actuators over ia limit. trials=2: success.
Step 513, DM 2: 1 actuators over ia limit. trials=2: success.
Step 514, DM 2: 1 actuators over ia limit. trials=2: success.
Step 515, DM 2: 1 actuators over ia limit. trials=2: success.
Step 516, DM 2: 1 actuators over ia limit. trials=2: success.
Step 517, DM 2: 1 actuators over ia limit. trials=2: success.
Step 518, DM 2: 1 actuators over ia limit. trials=2: success.
Step 519, DM 2: 1 actuators over ia limit. trials=2: success.
Step 520, DM 2: 1 actuators over ia limit. trials=2: success.
Step 521, DM 2: 1 actuators over ia limit. trials=2: success.
Step   522: OL  929.8  644.7  OA  124.9  22.9 CL  124.9  22.9 nm  0.085 s
Step 522, DM 2: 1 actuators over ia limit. trials=2: success.
Step 523, DM 2: 1 actuators over ia limit. trials=2: success.
Step 524, DM 2: 1 actuators over ia limit. trials=2: success.
Step 525, DM 2: 1 actuators over ia limit. trials=2: success.
Step 526, DM 2: 1 actuators over ia limit. trials=2: success.
Step 527, DM 2: 1 actuators over ia limit. trials=2: success.
Step 528, DM 2: 1 actuators over ia limit. trials=2: success.
Step 529, DM 2: 1 actuators over ia limit. trials=2: success.
Step 530, DM 2: 1 actuators over ia limit. trials=2: success.
Step 531, DM 2: 1 actuators over ia limit. trials=2: success.
Step 532, DM 2: 1 actuators over ia limit. trials=2: success.
Step 533, DM 2: 1 actuators over ia limit. trials=2: success.
Step   534: OL  934.9  654.1  OA  120.3  11.4 CL  120.3  11.4 nm  0.085 s
Step 534, DM 2: 1 actuators over ia limit. trials=2: success.
Step 535, DM 2: 1 actuators over ia limit. trials=2: success.
Step 536, DM 2: 1 actuators over ia limit. trials=2: success.
Step 537, DM 2: 1 actuators over ia limit. trials=2: success.
Step 538, DM 2: 1 actuators over ia limit. trials=2: success.
Step 539, DM 2: 1 actuators over ia limit. trials=2: success.
Step 540, DM 2: 1 actuators over ia limit. trials=2: success.
Step 541, DM 2: 1 actuators over ia limit. trials=2: success.
Step 542, DM 2: 1 actuators over ia limit. trials=2: success.
Step 543, DM 2: 1 actuators over ia limit. trials=2: success.
Step 544, DM 2: 1 actuators over ia limit. trials=2: success.
Step 545, DM 2: 1 actuators over ia limit. trials=2: success.
Step   546: OL  942.0  661.2  OA  124.1  23.1 CL  124.1  23.1 nm  0.086 s
Step 546, DM 2: 1 actuators over ia limit. trials=2: success.
Step 547, DM 2: 1 actuators over ia limit. trials=2: success.
Step 548, DM 2: 1 actuators over ia limit. trials=2: success.
Step 549, DM 2: 1 actuators over ia limit. trials=2: success.
Step 550, DM 2: 1 actuators over ia limit. trials=2: success.
Step 551, DM 2: 1 actuators over ia limit. trials=2: success.
Step 552, DM 2: 1 actuators over ia limit. trials=2: success.
Step 553, DM 2: 1 actuators over ia limit. trials=2: success.
Step 554, DM 2: 1 actuators over ia limit. trials=2: success.
Step 555, DM 2: 1 actuators over ia limit. trials=2: success.
Step 556, DM 2: 1 actuators over ia limit. trials=2: success.
Step 557, DM 2: 1 actuators over ia limit. trials=2: success.
Step   558: OL  951.1  666.1  OA  115.8   7.6 CL  115.8   7.6 nm  0.088 s
Step 558, DM 2: 1 actuators over ia limit. trials=2: success.
Step 559, DM 2: 1 actuators over ia limit. trials=2: success.
Step 560, DM 2: 1 actuators over ia limit. trials=2: success.
Step 561, DM 2: 1 actuators over ia limit. trials=2: success.
Step 562, DM 2: 1 actuators over ia limit. trials=2: success.
Step 563, DM 2: 1 actuators over ia limit. trials=2: success.
Step 564, DM 2: 1 actuators over ia limit. trials=2: success.
Step 565, DM 2: 1 actuators over ia limit. trials=2: success.
Step 566, DM 2: 1 actuators over ia limit. trials=2: success.
Step 567, DM 2: 1 actuators over ia limit. trials=2: success.
Step 568, DM 2: 1 actuators over ia limit. trials=2: success.
Step 569, DM 2: 1 actuators over ia limit. trials=2: success.
Step   570: OL  961.7  669.0  OA  113.4   8.5 CL  113.4   8.5 nm  0.098 s
Step 570, DM 2: 1 actuators over ia limit. trials=2: success.
Step 571, DM 2: 1 actuators over ia limit. trials=2: success.
Step 572, DM 2: 1 actuators over ia limit. trials=2: success.
Step 573, DM 2: 1 actuators over ia limit. trials=2: success.
Step 574, DM 2: 1 actuators over ia limit. trials=2: success.
Step 575, DM 2: 1 actuators over ia limit. trials=2: success.
Step 576, DM 2: 1 actuators over ia limit. trials=2: success.
Step 577, DM 2: 1 actuators over ia limit. trials=2: success.
Step 578, DM 2: 1 actuators over ia limit. trials=2: success.
Step 579, DM 2: 1 actuators over ia limit. trials=2: success.
Step 580, DM 2: 1 actuators over ia limit. trials=2: success.
Step   581: OL  972.6  670.4  OA  119.2  12.4 CL  119.2  12.4 nm  0.087 s
Step 581, DM 2: 1 actuators over ia limit. trials=2: success.
Step 582, DM 2: 1 actuators over ia limit. trials=2: success.
Step 583, DM 2: 1 actuators over ia limit. trials=2: success.
Step 584, DM 2: 1 actuators over ia limit. trials=2: success.
Step 585, DM 2: 1 actuators over ia limit. trials=2: success.
Step 586, DM 2: 1 actuators over ia limit. trials=2: success.
Step 587, DM 2: 1 actuators over ia limit. trials=2: success.
Step 588, DM 2: 1 actuators over ia limit. trials=2: success.
Step 589, DM 2: 1 actuators over ia limit. trials=2: success.
Step 590, DM 2: 1 actuators over ia limit. trials=2: success.
Step 591, DM 2: 1 actuators over ia limit. trials=2: success.
Step 592, DM 2: 1 actuators over ia limit. trials=2: success.
Step   593: OL  985.9  670.1  OA  112.8   9.7 CL  112.8   9.7 nm  0.090 s
Step 593, DM 2: 1 actuators over ia limit. trials=2: success.
Step 594, DM 2: 1 actuators over ia limit. trials=2: success.
Step   605: OL  999.8  667.4  OA  114.8  10.4 CL  114.8  10.4 nm  0.087 s
Step   617: OL 1014.1  662.3  OA  115.3   9.8 CL  115.3   9.8 nm  0.092 s
Step   629: OL 1028.3  655.3  OA  112.4  12.1 CL  112.4  12.1 nm  0.087 s
Step   641: OL 1041.8  646.2  OA  116.2  23.4 CL  116.2  23.4 nm  0.091 s
Step   653: OL 1054.1  635.8  OA  114.2  10.2 CL  114.2  10.2 nm  0.085 s
Step   665: OL 1065.5  624.1  OA  114.0   3.9 CL  114.0   3.9 nm  0.087 s
Step   677: OL 1076.1  611.5  OA  116.6  13.3 CL  116.6  13.3 nm  0.090 s
Step   689: OL 1086.1  599.0  OA  118.2  24.6 CL  118.2  24.6 nm  0.087 s
Step   701: OL 1094.7  585.7  OA  116.9  12.7 CL  116.9  12.7 nm  0.086 s
Step   713: OL 1101.2  571.3  OA  116.2   5.2 CL  116.2   5.2 nm  0.087 s
Step   725: OL 1105.2  556.4  OA  118.6  20.4 CL  118.6  20.4 nm  0.087 s
Step   737: OL 1106.6  541.6  OA  114.7  15.5 CL  114.7  15.5 nm  0.085 s
Step   749: OL 1105.3  526.9  OA  114.5  12.9 CL  114.5  12.9 nm  0.093 s
Step   761: OL 1101.5  512.7  OA  117.4  13.4 CL  117.4  13.4 nm  0.089 s
Step   767 updated high order loop gain: 0.266
Step   772: OL 1095.9  500.0  OA  119.4   2.5 CL  119.4   2.5 nm  0.088 s
Step   784: OL 1087.2  486.5  OA  115.9  11.8 CL  115.9  11.8 nm  0.085 s
Step   796: OL 1075.7  473.1  OA  116.9  20.9 CL  116.9  20.9 nm  0.093 s
Step   808: OL 1062.2  459.7  OA  117.8  20.8 CL  117.8  20.8 nm  0.085 s
Step   820: OL 1046.8  446.4  OA  116.5   8.0 CL  116.5   8.0 nm  0.115 s
Step   832: OL 1029.3  433.3  OA  115.5  20.5 CL  115.5  20.5 nm  0.088 s
Step   844: OL 1010.6  420.7  OA  117.4  13.0 CL  117.4  13.0 nm  0.088 s
Step   856: OL  991.3  408.9  OA  115.8  12.8 CL  115.8  12.8 nm  0.086 s
Step   868: OL  972.3  398.2  OA  111.6   5.4 CL  111.6   5.4 nm  0.086 s
Step   880: OL  954.3  388.6  OA  115.8   9.6 CL  115.8   9.6 nm  0.088 s
Step   892: OL  936.7  380.2  OA  114.8  18.8 CL  114.8  18.8 nm  0.090 s
Step   904: OL  918.3  372.7  OA  115.1  12.8 CL  115.1  12.8 nm  0.093 s
Step   915: OL  900.9  367.0  OA  118.3   2.4 CL  118.3   2.4 nm  0.131 s
Step   927: OL  882.0  361.2  OA  110.8   4.3 CL  110.8   4.3 nm  0.087 s
Step   939: OL  863.5  355.5  OA  116.5   1.6 CL  116.5   1.6 nm  0.086 s
Step   951: OL  845.8  349.7  OA  116.0  11.6 CL  116.0  11.6 nm  0.091 s
Step   963: OL  829.5  343.4  OA  115.6  20.0 CL  115.6  20.0 nm  0.087 s
Step   975: OL  815.4  336.5  OA  122.3  14.6 CL  122.3  14.6 nm  0.096 s
Step   987: OL  803.0  328.9  OA  112.8   3.1 CL  112.8   3.1 nm  0.086 s
Step   999: OL  791.5  320.4  OA  114.7   9.9 CL  114.7   9.9 nm  0.090 s
Step  1011: OL  781.0  311.4  OA  118.8  24.0 CL  118.8  24.0 nm  0.088 s
Step  1023: OL  771.9  302.2  OA  120.5  20.4 CL  120.5  20.4 nm  0.087 s
Step  1023 updated high order loop gain: 0.257
Step  1035: OL  764.0  292.6  OA  124.2  28.7 CL  124.2  28.7 nm  0.086 s
Step  1047: OL  756.9  282.2  OA  122.0  37.1 CL  122.0  37.1 nm  0.086 s
Step  1059: OL  749.7  271.1  OA  118.8  14.3 CL  118.8  14.3 nm  0.087 s
Step  1071: OL  743.4  258.5  OA  115.5  26.7 CL  115.5  26.7 nm  0.090 s
Step  1083: OL  738.7  244.7  OA  115.1  15.6 CL  115.1  15.6 nm  0.087 s
Step  1095: OL  735.8  230.9  OA  119.1  20.6 CL  119.1  20.6 nm  0.085 s
Step  1106: OL  734.2  219.1  OA  113.9   7.4 CL  113.9   7.4 nm  0.085 s
Step  1118: OL  733.4  207.2  OA  110.7  20.3 CL  110.7  20.3 nm  0.086 s
Step  1130: OL  733.3  196.9  OA  109.4  22.0 CL  109.4  22.0 nm  0.096 s
Step  1142: OL  733.5  188.2  OA  105.0  16.9 CL  105.0  16.9 nm  0.086 s
Step  1154: OL  733.9  181.0  OA  108.6  10.9 CL  108.6  10.9 nm  0.094 s
Step  1166: OL  734.1  175.6  OA  108.0  20.0 CL  108.0  20.0 nm  0.086 s
Step  1178: OL  734.9  171.8  OA  105.6  13.0 CL  105.6  13.0 nm  0.092 s
Step  1190: OL  737.0  169.0  OA  105.3  10.7 CL  105.3  10.7 nm  0.087 s
Step  1202: OL  739.8  166.6  OA  112.9  18.2 CL  112.9  18.2 nm  0.096 s
Step  1214: OL  742.7  164.5  OA  110.0  18.1 CL  110.0  18.1 nm  0.087 s
Step  1226: OL  745.7  163.5  OA  108.4  10.5 CL  108.4  10.5 nm  0.088 s
Step  1238: OL  748.1  163.9  OA  108.3  19.8 CL  108.3  19.8 nm  0.087 s
Step  1250: OL  750.3  166.0  OA  112.5  28.3 CL  112.5  28.3 nm  0.086 s
Step  1261: OL  753.0  169.7  OA  111.8  26.7 CL  111.8  26.7 nm  0.087 s
Step  1273: OL  756.3  175.2  OA  107.7  26.9 CL  107.7  26.9 nm  0.088 s
Step  1279 updated high order loop gain: 0.249
Step  1285: OL  760.6  181.9  OA  109.8  13.8 CL  109.8  13.8 nm  0.087 s
Step  1297: OL  765.7  189.6  OA  112.9  22.3 CL  112.9  22.3 nm  0.087 s
Step  1309: OL  770.5  198.2  OA  118.1  27.7 CL  118.1  27.7 nm  0.087 s
Step  1321: OL  775.1  207.5  OA  112.3  16.2 CL  112.3  16.2 nm  0.087 s
Step  1333: OL  780.1  217.8  OA  112.7  24.1 CL  112.7  24.1 nm  0.096 s
Step  1345: OL  786.1  228.8  OA  116.2  40.0 CL  116.2  40.0 nm  0.088 s
Step  1353: OL  790.9  236.0  OA  113.8  31.5 CL  113.8  31.5 nm  0.096 s
Step  1365: OL  799.2  246.1  OA  114.5  26.9 CL  114.5  26.9 nm  0.087 s
Step  1377: OL  808.1  254.4  OA  117.4  30.6 CL  117.4  30.6 nm  0.093 s
Step  1389: OL  817.5  261.2  OA  113.0  22.2 CL  113.0  22.2 nm  0.093 s
Step  1401: OL  828.0  266.6  OA  110.0  14.6 CL  110.0  14.6 nm  0.089 s
Step  1413: OL  839.3  270.6  OA  115.2  16.2 CL  115.2  16.2 nm  0.086 s
Step  1425: OL  851.0  273.7  OA  112.1  12.6 CL  112.1  12.6 nm  0.088 s
Step  1436: OL  861.4  276.1  OA  108.9  14.6 CL  108.9  14.6 nm  0.086 s
Step  1448: OL  872.0  278.2  OA  110.5  16.1 CL  110.5  16.1 nm  0.086 s
Step  1460: OL  881.7  279.3  OA  115.9  11.2 CL  115.9  11.2 nm  0.087 s
Step  1472: OL  889.6  279.2  OA  109.6   2.9 CL  109.6   2.9 nm  0.085 s
Step  1484: OL  894.8  277.4  OA  109.7   1.5 CL  109.7   1.5 nm  0.086 s
Step  1496: OL  896.8  274.3  OA  113.5  15.2 CL  113.5  15.2 nm  0.085 s
Step  1508: OL  896.3  269.6  OA  111.1   4.8 CL  111.1   4.8 nm  0.088 s
Step  1519: OL  894.0  264.6  OA  108.9  13.8 CL  108.9  13.8 nm  0.087 s
Step  1531: OL  889.9  258.1  OA  108.5  20.6 CL  108.5  20.6 nm  0.087 s
Step  1535 updated high order loop gain: 0.242
Step  1543: OL  884.0  250.6  OA  111.3  26.1 CL  111.3  26.1 nm  0.086 s
Step  1555: OL  877.4  242.6  OA  111.5  23.0 CL  111.5  23.0 nm  0.085 s
Step  1567: OL  870.7  235.0  OA  114.8  11.7 CL  114.8  11.7 nm  0.087 s
Step  1578: OL  864.2  228.7  OA  117.3  12.0 CL  117.3  12.0 nm  0.087 s
Step  1589: OL  857.3  223.5  OA  112.1  11.6 CL  112.1  11.6 nm  0.087 s
Step 1599: Output PSF
Step  1599: OL  850.5  219.4  OA  115.0  17.8 CL  115.0  17.8 nm  1.186 s
Mean: 115.55 19.34 113.92  nm.

*** Simulation Finished at 2025/02/11 19:23:22 in nid003517. ***

